[ 33%] Built target motorcontrol
[ 50%] [32mBuilding CXX object CMakeFiles/node_rovercontrol.dir/src/node_rover_control.cpp.o[0m
[ 83%] Built target node_motor_control
[01m[K/home/curry/wilson_proj/ros2-rover-ws/src/package_rover_control/src/node_rover_control.cpp:[m[K In constructor â€˜[01m[KNode_Rovercontrol::Node_Rovercontrol()[m[Kâ€™:
[01m[K/home/curry/wilson_proj/ros2-rover-ws/src/package_rover_control/src/node_rover_control.cpp:25:96:[m[K [01;31m[Kerror: [m[Kexpected unqualified-id before numeric constant
   25 |             std::bind(&Node_Rovercontrol::topic_destination_callback, this, std::placeholders::[01;31m[K1[m[K)
      |                                                                                                [01;31m[K^[m[K
gmake[2]: *** [CMakeFiles/node_rovercontrol.dir/build.make:76: CMakeFiles/node_rovercontrol.dir/src/node_rover_control.cpp.o] Error 1
gmake[1]: *** [CMakeFiles/Makefile2:193: CMakeFiles/node_rovercontrol.dir/all] Error 2
gmake: *** [Makefile:146: all] Error 2
