-- Found ament_cmake: 1.3.10 (/opt/ros/humble/share/ament_cmake/cmake)
-- Found action_interfaces: 0.0.0 (/home/yupi/rover_proj/ros2-base-ws/install/action_interfaces/share/action_interfaces/cmake)
-- Found rosidl_generator_c: 3.1.5 (/opt/ros/humble/share/rosidl_generator_c/cmake)
-- Found rosidl_adapter: 3.1.5 (/opt/ros/humble/share/rosidl_adapter/cmake)
-- Found rosidl_generator_cpp: 3.1.5 (/opt/ros/humble/share/rosidl_generator_cpp/cmake)
-- Using all available rosidl_typesupport_c: rosidl_typesupport_fastrtps_c;rosidl_typesupport_introspection_c
-- Using all available rosidl_typesupport_cpp: rosidl_typesupport_fastrtps_cpp;rosidl_typesupport_introspection_cpp
-- Found rclcpp: 16.0.10 (/opt/ros/humble/share/rclcpp/cmake)
-- Found rmw_implementation_cmake: 6.1.2 (/opt/ros/humble/share/rmw_implementation_cmake/cmake)
-- Found rmw_fastrtps_cpp: 6.2.7 (/opt/ros/humble/share/rmw_fastrtps_cpp/cmake)
-- Using RMW implementation 'rmw_fastrtps_cpp' as default
-- Found rclcpp_action: 16.0.10 (/opt/ros/humble/share/rclcpp_action/cmake)
-- Found rclcpp_components: 16.0.10 (/opt/ros/humble/share/rclcpp_components/cmake)
-- Found std_srvs: 4.2.4 (/opt/ros/humble/share/std_srvs/cmake)
-- Configuring done
-- Generating done
-- Build files have been written to: /home/yupi/rover_proj/ros2-base-ws/build/package_base_command
[ 50%] [32mBuilding CXX object CMakeFiles/node_motor_control.dir/rclcpp_components/node_main_node_motor_control.cpp.o[0m
[ 50%] [32mBuilding CXX object CMakeFiles/motorcontrol.dir/src/node_carcontrol.cpp.o[0m
[01m[K/home/yupi/rover_proj/ros2-base-ws/src/package_base_command/src/node_carcontrol.cpp:20:55:[m[K [01;31m[Kerror: [m[Kâ€˜[01m[KNodeOption[m[Kâ€™ in namespace â€˜[01m[Krclcpp[m[Kâ€™ does not name a type; did you mean â€˜[01m[KNodeOptions[m[Kâ€™?
   20 |       explicit MotorControlActionClient(const rclcpp::[01;31m[KNodeOption[m[K & options)
      |                                                       [01;31m[K^~~~~~~~~~[m[K
      |                                                       [32m[KNodeOptions[m[K
[01m[K/home/yupi/rover_proj/ros2-base-ws/src/package_base_command/src/node_carcontrol.cpp:[m[K In constructor â€˜[01m[Kmotorcontrol_cpp::MotorControlActionClient::MotorControlActionClient(const int&)[m[Kâ€™:
[01m[K/home/yupi/rover_proj/ros2-base-ws/src/package_base_command/src/node_carcontrol.cpp:21:43:[m[K [01;31m[Kerror: [m[Kno matching function for call to â€˜[01m[Krclcpp::Node::Node(const char [19], const int&)[m[Kâ€™
   21 |       : Node("node_motor_control", options[01;31m[K)[m[K
      |                                           [01;31m[K^[m[K
In file included from [01m[K/opt/ros/humble/include/rclcpp/rclcpp/executors/single_threaded_executor.hpp:28[m[K,
                 from [01m[K/opt/ros/humble/include/rclcpp/rclcpp/executors.hpp:22[m[K,
                 from [01m[K/opt/ros/humble/include/rclcpp/rclcpp/rclcpp.hpp:155[m[K,
                 from [01m[K/home/yupi/rover_proj/ros2-base-ws/src/package_base_command/src/node_carcontrol.cpp:8[m[K:
[01m[K/opt/ros/humble/include/rclcpp/rclcpp/node.hpp:1294:3:[m[K [01;36m[Knote: [m[Kcandidate: â€˜[01m[Krclcpp::Node::Node(const rclcpp::Node&, const string&)[m[Kâ€™
 1294 |   [01;36m[KNode[m[K(
      |   [01;36m[K^~~~[m[K
[01m[K/opt/ros/humble/include/rclcpp/rclcpp/node.hpp:1295:18:[m[K [01;36m[Knote: [m[K  no known conversion for argument 1 from â€˜[01m[Kconst char [19][m[Kâ€™ to â€˜[01m[Kconst rclcpp::Node&[m[Kâ€™
 1295 |     [01;36m[Kconst Node & other[m[K,
      |     [01;36m[K~~~~~~~~~~~~~^~~~~[m[K
[01m[K/opt/ros/humble/include/rclcpp/rclcpp/node.hpp:101:12:[m[K [01;36m[Knote: [m[Kcandidate: â€˜[01m[Krclcpp::Node::Node(const string&, const string&, const rclcpp::NodeOptions&)[m[Kâ€™
  101 |   explicit [01;36m[KNode[m[K(
      |            [01;36m[K^~~~[m[K
[01m[K/opt/ros/humble/include/rclcpp/rclcpp/node.hpp:103:25:[m[K [01;36m[Knote: [m[K  no known conversion for argument 2 from â€˜[01m[Kconst int[m[Kâ€™ to â€˜[01m[Kconst string&[m[Kâ€™ {aka â€˜[01m[Kconst std::__cxx11::basic_string<char>&[m[Kâ€™}
  103 |     [01;36m[Kconst std::string & namespace_[m[K,
      |     [01;36m[K~~~~~~~~~~~~~~~~~~~~^~~~~~~~~~[m[K
[01m[K/opt/ros/humble/include/rclcpp/rclcpp/node.hpp:89:12:[m[K [01;36m[Knote: [m[Kcandidate: â€˜[01m[Krclcpp::Node::Node(const string&, const rclcpp::NodeOptions&)[m[Kâ€™
   89 |   explicit [01;36m[KNode[m[K(
      |            [01;36m[K^~~~[m[K
[01m[K/opt/ros/humble/include/rclcpp/rclcpp/node.hpp:91:25:[m[K [01;36m[Knote: [m[K  no known conversion for argument 2 from â€˜[01m[Kconst int[m[Kâ€™ to â€˜[01m[Kconst rclcpp::NodeOptions&[m[Kâ€™
   91 |     [01;36m[Kconst NodeOptions & options = NodeOptions()[m[K);
      |     [01;36m[K~~~~~~~~~~~~~~~~~~~~^~~~~~~~~~~~~~~~~~~~~~~[m[K
[01m[K/home/yupi/rover_proj/ros2-base-ws/src/package_base_command/src/node_carcontrol.cpp:[m[K In member function â€˜[01m[Kvoid motorcontrol_cpp::MotorControlActionClient::send_goal()[m[Kâ€™:
[01m[K/home/yupi/rover_proj/ros2-base-ws/src/package_base_command/src/node_carcontrol.cpp:34:30:[m[K [01;31m[Kerror: [m[Kâ€˜[01m[Kplaceholder[m[Kâ€™ is not a namespace-name; did you mean â€˜[01m[Kplaceholders[m[Kâ€™?
   34 |         using namespace std::[01;31m[Kplaceholder[m[K;
      |                              [01;31m[K^~~~~~~~~~~[m[K
      |                              [32m[Kplaceholders[m[K
In file included from [01m[K/opt/ros/humble/include/rclcpp/rclcpp/logging.hpp:24[m[K,
                 from [01m[K/opt/ros/humble/include/rclcpp/rclcpp/client.hpp:40[m[K,
                 from [01m[K/opt/ros/humble/include/rclcpp/rclcpp/callback_group.hpp:24[m[K,
                 from [01m[K/opt/ros/humble/include/rclcpp/rclcpp/any_executable.hpp:20[m[K,
                 from [01m[K/opt/ros/humble/include/rclcpp/rclcpp/memory_strategy.hpp:25[m[K,
                 from [01m[K/opt/ros/humble/include/rclcpp/rclcpp/memory_strategies.hpp:18[m[K,
                 from [01m[K/opt/ros/humble/include/rclcpp/rclcpp/executor_options.hpp:20[m[K,
                 from [01m[K/opt/ros/humble/include/rclcpp/rclcpp/executor.hpp:37[m[K,
                 from [01m[K/opt/ros/humble/include/rclcpp/rclcpp/executors/multi_threaded_executor.hpp:25[m[K,
                 from [01m[K/opt/ros/humble/include/rclcpp/rclcpp/executors.hpp:21[m[K,
                 from [01m[K/opt/ros/humble/include/rclcpp/rclcpp/rclcpp.hpp:155[m[K,
                 from [01m[K/home/yupi/rover_proj/ros2-base-ws/src/package_base_command/src/node_carcontrol.cpp:8[m[K:
[01m[K/home/yupi/rover_proj/ros2-base-ws/src/package_base_command/src/node_carcontrol.cpp:[m[K In member function â€˜[01m[Kvoid motorcontrol_cpp::MotorControlActionClient::feedback_callback(rclcpp_action::ClientGoalHandle<action_interfaces::action::Rovercontrol>::SharedPtr, std::shared_ptr<const action_interfaces::action::Rovercontrol_Feedback_<std::allocator<void> > >)[m[Kâ€™:
[01m[K/home/yupi/rover_proj/ros2-base-ws/src/package_base_command/src/node_carcontrol.cpp:85:48:[m[K [01;31m[Kerror: [m[Kâ€˜[01m[Kstr[m[Kâ€™ was not declared in this scope; did you mean â€˜[01m[Kstd[m[Kâ€™?
   85 |             RCLCPP_INFO(this->get_logger(), ss,[01;31m[Kstr[m[K().c_str());
      |                                                [01;31m[K^~~[m[K
[01m[K/home/yupi/rover_proj/ros2-base-ws/src/package_base_command/src/node_carcontrol.cpp:[m[K In member function â€˜[01m[Kvoid motorcontrol_cpp::MotorControlActionClient::result_callback(const rclcpp_action::ClientGoalHandle<action_interfaces::action::Rovercontrol>::WrappedResult&)[m[Kâ€™:
[01m[K/home/yupi/rover_proj/ros2-base-ws/src/package_base_command/src/node_carcontrol.cpp:105:44:[m[K [01;31m[Kerror: [m[Kâ€˜[01m[Kusing element_type = struct action_interfaces::action::Rovercontrol_Result_<std::allocator<void> >[m[Kâ€™ {aka â€˜[01m[Kstruct action_interfaces::action::Rovercontrol_Result_<std::allocator<void> >[m[Kâ€™} has no member named â€˜[01m[Kressult_msg[m[Kâ€™; did you mean â€˜[01m[Kresult_msg[m[Kâ€™?
  105 |           for (auto remsg : result.result->[01;31m[Kressult_msg[m[K){
      |                                            [01;31m[K^~~~~~~~~~~[m[K
      |                                            [32m[Kresult_msg[m[K
In file included from [01m[K/usr/include/x86_64-linux-gnu/c++/11/bits/c++allocator.h:33[m[K,
                 from [01m[K/usr/include/c++/11/bits/allocator.h:46[m[K,
                 from [01m[K/usr/include/c++/11/string:41[m[K,
                 from [01m[K/usr/include/c++/11/stdexcept:39[m[K,
                 from [01m[K/usr/include/c++/11/system_error:41[m[K,
                 from [01m[K/usr/include/c++/11/mutex:42[m[K,
                 from [01m[K/usr/include/c++/11/future:38[m[K,
                 from [01m[K/home/yupi/rover_proj/ros2-base-ws/src/package_base_command/src/node_carcontrol.cpp:2[m[K:
/usr/include/c++/11/ext/new_allocator.h: In instantiation of â€˜[01m[Kvoid __gnu_cxx::new_allocator<_Tp>::construct(_Up*, _Args&& ...) [with _Up = motorcontrol_cpp::MotorControlActionClient; _Args = {const rclcpp::NodeOptions&}; _Tp = motorcontrol_cpp::MotorControlActionClient][m[Kâ€™:
[01m[K/usr/include/c++/11/bits/alloc_traits.h:516:17:[m[K   required from â€˜[01m[Kstatic void std::allocator_traits<std::allocator<_CharT> >::construct(std::allocator_traits<std::allocator<_CharT> >::allocator_type&, _Up*, _Args&& ...) [with _Up = motorcontrol_cpp::MotorControlActionClient; _Args = {const rclcpp::NodeOptions&}; _Tp = motorcontrol_cpp::MotorControlActionClient; std::allocator_traits<std::allocator<_CharT> >::allocator_type = std::allocator<motorcontrol_cpp::MotorControlActionClient>][m[Kâ€™
[01m[K/usr/include/c++/11/bits/shared_ptr_base.h:519:39:[m[K   required from â€˜[01m[Kstd::_Sp_counted_ptr_inplace<_Tp, _Alloc, _Lp>::_Sp_counted_ptr_inplace(_Alloc, _Args&& ...) [with _Args = {const rclcpp::NodeOptions&}; _Tp = motorcontrol_cpp::MotorControlActionClient; _Alloc = std::allocator<motorcontrol_cpp::MotorControlActionClient>; __gnu_cxx::_Lock_policy _Lp = __gnu_cxx::_S_atomic][m[Kâ€™
[01m[K/usr/include/c++/11/bits/shared_ptr_base.h:650:16:[m[K   required from â€˜[01m[Kstd::__shared_count<_Lp>::__shared_count(_Tp*&, std::_Sp_alloc_shared_tag<_Alloc>, _Args&& ...) [with _Tp = motorcontrol_cpp::MotorControlActionClient; _Alloc = std::allocator<motorcontrol_cpp::MotorControlActionClient>; _Args = {const rclcpp::NodeOptions&}; __gnu_cxx::_Lock_policy _Lp = __gnu_cxx::_S_atomic][m[Kâ€™
[01m[K/usr/include/c++/11/bits/shared_ptr_base.h:1342:14:[m[K   required from â€˜[01m[Kstd::__shared_ptr<_Tp, _Lp>::__shared_ptr(std::_Sp_alloc_shared_tag<_Tp>, _Args&& ...) [with _Alloc = std::allocator<motorcontrol_cpp::MotorControlActionClient>; _Args = {const rclcpp::NodeOptions&}; _Tp = motorcontrol_cpp::MotorControlActionClient; __gnu_cxx::_Lock_policy _Lp = __gnu_cxx::_S_atomic][m[Kâ€™
[01m[K/usr/include/c++/11/bits/shared_ptr.h:409:59:[m[K   required from â€˜[01m[Kstd::shared_ptr<_Tp>::shared_ptr(std::_Sp_alloc_shared_tag<_Tp>, _Args&& ...) [with _Alloc = std::allocator<motorcontrol_cpp::MotorControlActionClient>; _Args = {const rclcpp::NodeOptions&}; _Tp = motorcontrol_cpp::MotorControlActionClient][m[Kâ€™
[01m[K/usr/include/c++/11/bits/shared_ptr.h:862:14:[m[K   required from â€˜[01m[Kstd::shared_ptr<_Tp> std::allocate_shared(const _Alloc&, _Args&& ...) [with _Tp = motorcontrol_cpp::MotorControlActionClient; _Alloc = std::allocator<motorcontrol_cpp::MotorControlActionClient>; _Args = {const rclcpp::NodeOptions&}][m[Kâ€™
[01m[K/usr/include/c++/11/bits/shared_ptr.h:878:39:[m[K   required from â€˜[01m[Kstd::shared_ptr<_Tp> std::make_shared(_Args&& ...) [with _Tp = motorcontrol_cpp::MotorControlActionClient; _Args = {const rclcpp::NodeOptions&}][m[Kâ€™
[01m[K/opt/ros/humble/include/rclcpp_components/rclcpp_components/node_factory_template.hpp:45:40:[m[K   required from â€˜[01m[Krclcpp_components::NodeInstanceWrapper rclcpp_components::NodeFactoryTemplate<NodeT>::create_node_instance(const rclcpp::NodeOptions&) [with NodeT = motorcontrol_cpp::MotorControlActionClient][m[Kâ€™
[01m[K/opt/ros/humble/include/rclcpp_components/rclcpp_components/node_factory_template.hpp:43:3:[m[K   required from here
[01m[K/usr/include/c++/11/ext/new_allocator.h:162:11:[m[K [01;31m[Kerror: [m[Kno matching function for call to â€˜[01m[Kmotorcontrol_cpp::MotorControlActionClient::MotorControlActionClient(const rclcpp::NodeOptions&)[m[Kâ€™
  162 |         { [01;31m[K::new((void *)__p) _Up(std::forward<_Args>(__args)...)[m[K; }
      |           [01;31m[K^~~~~~~~~~~~~~~~~~~~~~~~~~~~~~~~~~~~~~~~~~~~~~~~~~~~~~[m[K
[01m[K/home/yupi/rover_proj/ros2-base-ws/src/package_base_command/src/node_carcontrol.cpp:20:16:[m[K [01;36m[Knote: [m[Kcandidate: â€˜[01m[Kmotorcontrol_cpp::MotorControlActionClient::MotorControlActionClient(const int&)[m[Kâ€™
   20 |       explicit [01;36m[KMotorControlActionClient[m[K(const rclcpp::NodeOption & options)
      |                [01;36m[K^~~~~~~~~~~~~~~~~~~~~~~~[m[K
[01m[K/home/yupi/rover_proj/ros2-base-ws/src/package_base_command/src/node_carcontrol.cpp:20:68:[m[K [01;36m[Knote: [m[K  no known conversion for argument 1 from â€˜[01m[Kconst rclcpp::NodeOptions[m[Kâ€™ to â€˜[01m[Kconst int&[m[Kâ€™
   20 |       explicit MotorControlActionClient([01;36m[Kconst rclcpp::NodeOption & options[m[K)
      |                                         [01;36m[K~~~~~~~~~~~~~~~~~~~~~~~~~~~^~~~~~~[m[K
[ 75%] [32m[1mLinking CXX executable node_motor_control[0m
gmake[2]: *** [CMakeFiles/motorcontrol.dir/build.make:76: CMakeFiles/motorcontrol.dir/src/node_carcontrol.cpp.o] Error 1
gmake[1]: *** [CMakeFiles/Makefile2:139: CMakeFiles/motorcontrol.dir/all] Error 2
gmake[1]: *** Waiting for unfinished jobs....
[ 75%] Built target node_motor_control
gmake: *** [Makefile:146: all] Error 2
