[01m[K/home/curry/wilson_proj/ros2-rover-ws/src/package_rover_control/src/node_motor_control.cpp:[m[K In constructor â€˜[01m[Kmotorcontrol_cpp::MotorControlActionServer::MotorControlActionServer(const rclcpp::NodeOptions&)[m[Kâ€™:
[01m[K/home/curry/wilson_proj/ros2-rover-ws/src/package_rover_control/src/node_motor_control.cpp:23:17:[m[K [01;31m[Kerror: [m[Kâ€˜[01m[Kclass motorcontrol_cpp::MotorControlActionServer[m[Kâ€™ has no member named â€˜[01m[Kaction_server_[m[Kâ€™
   23 |           this->[01;31m[Kaction_server_[m[K = rclcpp_action::create_server<Carcontrol>(
      |                 [01;31m[K^~~~~~~~~~~~~~[m[K
[01m[K/home/curry/wilson_proj/ros2-rover-ws/src/package_rover_control/src/node_motor_control.cpp:25:50:[m[K [01;31m[Kerror: [m[Kâ€˜[01m[Khandle_goal[m[Kâ€™ is not a member of â€˜[01m[Kmotorcontrol_cpp::MotorControlActionServer[m[Kâ€™
   25 |             std::bind(&MotorControlActionServer::[01;31m[Khandle_goal[m[K, this, _1, _2),
      |                                                  [01;31m[K^~~~~~~~~~~[m[K
[01m[K/home/curry/wilson_proj/ros2-rover-ws/src/package_rover_control/src/node_motor_control.cpp:26:50:[m[K [01;31m[Kerror: [m[Kâ€˜[01m[Khandle_cancel[m[Kâ€™ is not a member of â€˜[01m[Kmotorcontrol_cpp::MotorControlActionServer[m[Kâ€™
   26 |             std::bind(&MotorControlActionServer::[01;31m[Khandle_cancel[m[K, this, _1),
      |                                                  [01;31m[K^~~~~~~~~~~~~[m[K
[01m[K/home/curry/wilson_proj/ros2-rover-ws/src/package_rover_control/src/node_motor_control.cpp:27:50:[m[K [01;31m[Kerror: [m[Kâ€˜[01m[Khandle_accepted[m[Kâ€™ is not a member of â€˜[01m[Kmotorcontrol_cpp::MotorControlActionServer[m[Kâ€™
   27 |             std::bind(&MotorControlActionServer::[01;31m[Khandle_accepted[m[K, this, _1)
      |                                                  [01;31m[K^~~~~~~~~~~~~~~[m[K
In file included from [01m[K/opt/ros/iron/include/rclcpp/rclcpp/client.hpp:43[m[K,
                 from [01m[K/opt/ros/iron/include/rclcpp/rclcpp/callback_group.hpp:24[m[K,
                 from [01m[K/opt/ros/iron/include/rclcpp/rclcpp/any_executable.hpp:20[m[K,
                 from [01m[K/opt/ros/iron/include/rclcpp/rclcpp/memory_strategy.hpp:25[m[K,
                 from [01m[K/opt/ros/iron/include/rclcpp/rclcpp/memory_strategies.hpp:18[m[K,
                 from [01m[K/opt/ros/iron/include/rclcpp/rclcpp/executor_options.hpp:20[m[K,
                 from [01m[K/opt/ros/iron/include/rclcpp/rclcpp/executor.hpp:37[m[K,
                 from [01m[K/opt/ros/iron/include/rclcpp/rclcpp/executors/multi_threaded_executor.hpp:25[m[K,
                 from [01m[K/opt/ros/iron/include/rclcpp/rclcpp/executors.hpp:21[m[K,
                 from [01m[K/opt/ros/iron/include/rclcpp/rclcpp/rclcpp.hpp:167[m[K,
                 from [01m[K/home/curry/wilson_proj/ros2-rover-ws/src/package_rover_control/src/node_motor_control.cpp:5[m[K:
[01m[K/home/curry/wilson_proj/ros2-rover-ws/src/package_rover_control/src/node_motor_control.cpp:29:29:[m[K [01;31m[Kerror: [m[Kâ€˜[01m[Kclass motorcontrol_cpp::MotorControlActionServer[m[Kâ€™ has no member named â€˜[01m[Khet_logger[m[Kâ€™; did you mean â€˜[01m[Kget_logger[m[Kâ€™?
   29 |           RCLCPP_INFO(this->[01;31m[Khet_logger[m[K(), "Motor Control Action Server is Ready.");
      |                             [01;31m[K^~~~~~~~~~[m[K
[01m[K/home/curry/wilson_proj/ros2-rover-ws/src/package_rover_control/src/node_motor_control.cpp:29:29:[m[K [01;31m[Kerror: [m[Kâ€˜[01m[Kclass motorcontrol_cpp::MotorControlActionServer[m[Kâ€™ has no member named â€˜[01m[Khet_logger[m[Kâ€™; did you mean â€˜[01m[Kget_logger[m[Kâ€™?
[01m[K/home/curry/wilson_proj/ros2-rover-ws/src/package_rover_control/src/node_motor_control.cpp:29:11:[m[K [01;31m[Kerror: [m[Ktemplate argument 1 is invalid
   29 |           [01;31m[KRCLCPP_INFO[m[K(this->het_logger(), "Motor Control Action Server is Ready.");
      |           [01;31m[K^~~~~~~~~~~[m[K
[01m[K/home/curry/wilson_proj/ros2-rover-ws/src/package_rover_control/src/node_motor_control.cpp:29:11:[m[K [01;31m[Kerror: [m[Ktemplate argument 1 is invalid
   29 |           [01;31m[KRCLCPP_INFO[m[K(this->het_logger(), "Motor Control Action Server is Ready.");
      |           [01;31m[K^~~~~~~~~~~[m[K
[01m[K/home/curry/wilson_proj/ros2-rover-ws/src/package_rover_control/src/node_motor_control.cpp:29:11:[m[K [01;31m[Kerror: [m[Ktemplate argument 1 is invalid
   29 |           [01;31m[KRCLCPP_INFO[m[K(this->het_logger(), "Motor Control Action Server is Ready.");
      |           [01;31m[K^~~~~~~~~~~[m[K
In file included from [01m[K/opt/ros/iron/include/rclcpp/rclcpp/logging.hpp:24[m[K,
                 from [01m[K/opt/ros/iron/include/rclcpp/rclcpp/client.hpp:43[m[K,
                 from [01m[K/opt/ros/iron/include/rclcpp/rclcpp/callback_group.hpp:24[m[K,
                 from [01m[K/opt/ros/iron/include/rclcpp/rclcpp/any_executable.hpp:20[m[K,
                 from [01m[K/opt/ros/iron/include/rclcpp/rclcpp/memory_strategy.hpp:25[m[K,
                 from [01m[K/opt/ros/iron/include/rclcpp/rclcpp/memory_strategies.hpp:18[m[K,
                 from [01m[K/opt/ros/iron/include/rclcpp/rclcpp/executor_options.hpp:20[m[K,
                 from [01m[K/opt/ros/iron/include/rclcpp/rclcpp/executor.hpp:37[m[K,
                 from [01m[K/opt/ros/iron/include/rclcpp/rclcpp/executors/multi_threaded_executor.hpp:25[m[K,
                 from [01m[K/opt/ros/iron/include/rclcpp/rclcpp/executors.hpp:21[m[K,
                 from [01m[K/opt/ros/iron/include/rclcpp/rclcpp/rclcpp.hpp:167[m[K,
                 from [01m[K/home/curry/wilson_proj/ros2-rover-ws/src/package_rover_control/src/node_motor_control.cpp:5[m[K:
[01m[K/home/curry/wilson_proj/ros2-rover-ws/src/package_rover_control/src/node_motor_control.cpp:29:29:[m[K [01;31m[Kerror: [m[Kâ€˜[01m[Kclass motorcontrol_cpp::MotorControlActionServer[m[Kâ€™ has no member named â€˜[01m[Khet_logger[m[Kâ€™; did you mean â€˜[01m[Kget_logger[m[Kâ€™?
   29 |           RCLCPP_INFO(this->[01;31m[Khet_logger[m[K(), "Motor Control Action Server is Ready.");
      |                             [01;31m[K^~~~~~~~~~[m[K
[01m[K/home/curry/wilson_proj/ros2-rover-ws/src/package_rover_control/src/node_motor_control.cpp:29:29:[m[K [01;31m[Kerror: [m[Kâ€˜[01m[Kclass motorcontrol_cpp::MotorControlActionServer[m[Kâ€™ has no member named â€˜[01m[Khet_logger[m[Kâ€™; did you mean â€˜[01m[Kget_logger[m[Kâ€™?
   29 |           RCLCPP_INFO(this->[01;31m[Khet_logger[m[K(), "Motor Control Action Server is Ready.");
      |                             [01;31m[K^~~~~~~~~~[m[K
In file included from [01m[K/opt/ros/iron/include/class_loader/class_loader/class_loader.hpp:56[m[K,
                 from [01m[K/opt/ros/iron/include/rclcpp_components/rclcpp_components/register_node_macro.hpp:18[m[K,
                 from [01m[K/home/curry/wilson_proj/ros2-rover-ws/src/package_rover_control/src/node_motor_control.cpp:7[m[K:
[01m[K/home/curry/wilson_proj/ros2-rover-ws/src/package_rover_control/src/node_motor_control.cpp:[m[K At global scope:
[01m[K/home/curry/wilson_proj/ros2-rover-ws/src/package_rover_control/src/node_motor_control.cpp:36:51:[m[K [01;31m[Kerror: [m[Kâ€˜[01m[KCarControlActionServer[m[Kâ€™ is not a member of â€˜[01m[Kmotorcontrol_cpp[m[Kâ€™; did you mean â€˜[01m[KMotorControlActionServer[m[Kâ€™?
   36 | RCLCPP_COMPONENTS_REGISTER_NODE(motorcontrol_cpp::[01;31m[KCarControlActionServer[m[K)
      |                                                   [01;31m[K^~~~~~~~~~~~~~~~~~~~~~[m[K
[01m[K/home/curry/wilson_proj/ros2-rover-ws/src/package_rover_control/src/node_motor_control.cpp:36:1:[m[K [01;31m[Kerror: [m[Ktemplate argument 1 is invalid
   36 | [01;31m[KRCLCPP_COMPONENTS_REGISTER_NODE[m[K(motorcontrol_cpp::CarControlActionServer)
      | [01;31m[K^~~~~~~~~~~~~~~~~~~~~~~~~~~~~~~[m[K
In file included from [01m[K/opt/ros/iron/include/class_loader/class_loader/class_loader_core.hpp:58[m[K,
                 from [01m[K/opt/ros/iron/include/class_loader/class_loader/class_loader.hpp:55[m[K,
                 from [01m[K/opt/ros/iron/include/rclcpp_components/rclcpp_components/register_node_macro.hpp:18[m[K,
                 from [01m[K/home/curry/wilson_proj/ros2-rover-ws/src/package_rover_control/src/node_motor_control.cpp:7[m[K:
/opt/ros/iron/include/class_loader/class_loader/meta_object.hpp: In instantiation of â€˜[01m[KB* class_loader::impl::MetaObject<C, B>::create() const [with C = int; B = rclcpp_components::NodeFactory][m[Kâ€™:
[01m[K/opt/ros/iron/include/class_loader/class_loader/meta_object.hpp:216:7:[m[K   required from here
[01m[K/opt/ros/iron/include/class_loader/class_loader/meta_object.hpp:218:12:[m[K [01;31m[Kerror: [m[Kcannot convert â€˜[01m[Kint*[m[Kâ€™ to â€˜[01m[Krclcpp_components::NodeFactory*[m[Kâ€™ in return
  218 |     return [01;31m[Knew C[m[K;
      |            [01;31m[K^~~~~[m[K
      |            [01;31m[K|[m[K
      |            [01;31m[Kint*[m[K
gmake[2]: *** [CMakeFiles/motorcontrol.dir/build.make:76: CMakeFiles/motorcontrol.dir/src/node_motor_control.cpp.o] Error 1
gmake[1]: *** [CMakeFiles/Makefile2:139: CMakeFiles/motorcontrol.dir/all] Error 2
gmake: *** [Makefile:146: all] Error 2
