[0.083s] Invoking command in '/home/curry/wilson_proj/ros2-rover-ws/build/package_rover_control': CMAKE_PREFIX_PATH=${CMAKE_PREFIX_PATH}:/opt/ros/iron /usr/bin/cmake --build /home/curry/wilson_proj/ros2-rover-ws/build/package_rover_control -- -j4 -l4
[0.278s] [35m[1mConsolidate compiler generated dependencies of target motorcontrol[0m
[0.426s] [ 25%] [32mBuilding CXX object CMakeFiles/motorcontrol.dir/src/node_motor_control.cpp.o[0m
[0.449s] [ 75%] Built target node_motor_control
[12.182s] [01m[K/home/curry/wilson_proj/ros2-rover-ws/src/package_rover_control/src/node_motor_control.cpp:[m[K In constructor â€˜[01m[Kmotorcontrol_cpp::MotorControlActionServer::MotorControlActionServer(const rclcpp::NodeOptions&)[m[Kâ€™:
[12.183s] [01m[K/home/curry/wilson_proj/ros2-rover-ws/src/package_rover_control/src/node_motor_control.cpp:23:17:[m[K [01;31m[Kerror: [m[Kâ€˜[01m[Kclass motorcontrol_cpp::MotorControlActionServer[m[Kâ€™ has no member named â€˜[01m[Kaction_server_[m[Kâ€™
[12.183s]    23 |           this->[01;31m[Kaction_server_[m[K = rclcpp_action::create_server<Carcontrol>(
[12.184s]       |                 [01;31m[K^~~~~~~~~~~~~~[m[K
[12.184s] [01m[K/home/curry/wilson_proj/ros2-rover-ws/src/package_rover_control/src/node_motor_control.cpp:25:50:[m[K [01;31m[Kerror: [m[Kâ€˜[01m[Khandle_goal[m[Kâ€™ is not a member of â€˜[01m[Kmotorcontrol_cpp::MotorControlActionServer[m[Kâ€™
[12.185s]    25 |             std::bind(&MotorControlActionServer::[01;31m[Khandle_goal[m[K, this, _1, _2),
[12.186s]       |                                                  [01;31m[K^~~~~~~~~~~[m[K
[12.186s] [01m[K/home/curry/wilson_proj/ros2-rover-ws/src/package_rover_control/src/node_motor_control.cpp:26:50:[m[K [01;31m[Kerror: [m[Kâ€˜[01m[Khandle_cancel[m[Kâ€™ is not a member of â€˜[01m[Kmotorcontrol_cpp::MotorControlActionServer[m[Kâ€™
[12.186s]    26 |             std::bind(&MotorControlActionServer::[01;31m[Khandle_cancel[m[K, this, _1),
[12.187s]       |                                                  [01;31m[K^~~~~~~~~~~~~[m[K
[12.187s] [01m[K/home/curry/wilson_proj/ros2-rover-ws/src/package_rover_control/src/node_motor_control.cpp:27:50:[m[K [01;31m[Kerror: [m[Kâ€˜[01m[Khandle_accepted[m[Kâ€™ is not a member of â€˜[01m[Kmotorcontrol_cpp::MotorControlActionServer[m[Kâ€™
[12.187s]    27 |             std::bind(&MotorControlActionServer::[01;31m[Khandle_accepted[m[K, this, _1)
[12.188s]       |                                                  [01;31m[K^~~~~~~~~~~~~~~[m[K
[12.188s] In file included from [01m[K/opt/ros/iron/include/rclcpp/rclcpp/client.hpp:43[m[K,
[12.188s]                  from [01m[K/opt/ros/iron/include/rclcpp/rclcpp/callback_group.hpp:24[m[K,
[12.189s]                  from [01m[K/opt/ros/iron/include/rclcpp/rclcpp/any_executable.hpp:20[m[K,
[12.189s]                  from [01m[K/opt/ros/iron/include/rclcpp/rclcpp/memory_strategy.hpp:25[m[K,
[12.189s]                  from [01m[K/opt/ros/iron/include/rclcpp/rclcpp/memory_strategies.hpp:18[m[K,
[12.190s]                  from [01m[K/opt/ros/iron/include/rclcpp/rclcpp/executor_options.hpp:20[m[K,
[12.190s]                  from [01m[K/opt/ros/iron/include/rclcpp/rclcpp/executor.hpp:37[m[K,
[12.190s]                  from [01m[K/opt/ros/iron/include/rclcpp/rclcpp/executors/multi_threaded_executor.hpp:25[m[K,
[12.191s]                  from [01m[K/opt/ros/iron/include/rclcpp/rclcpp/executors.hpp:21[m[K,
[12.191s]                  from [01m[K/opt/ros/iron/include/rclcpp/rclcpp/rclcpp.hpp:167[m[K,
[12.192s]                  from [01m[K/home/curry/wilson_proj/ros2-rover-ws/src/package_rover_control/src/node_motor_control.cpp:5[m[K:
[12.192s] [01m[K/home/curry/wilson_proj/ros2-rover-ws/src/package_rover_control/src/node_motor_control.cpp:29:29:[m[K [01;31m[Kerror: [m[Kâ€˜[01m[Kclass motorcontrol_cpp::MotorControlActionServer[m[Kâ€™ has no member named â€˜[01m[Khet_logger[m[Kâ€™; did you mean â€˜[01m[Kget_logger[m[Kâ€™?
[12.193s]    29 |           RCLCPP_INFO(this->[01;31m[Khet_logger[m[K(), "Motor Control Action Server is Ready.");
[12.193s]       |                             [01;31m[K^~~~~~~~~~[m[K
[12.194s] [01m[K/home/curry/wilson_proj/ros2-rover-ws/src/package_rover_control/src/node_motor_control.cpp:29:29:[m[K [01;31m[Kerror: [m[Kâ€˜[01m[Kclass motorcontrol_cpp::MotorControlActionServer[m[Kâ€™ has no member named â€˜[01m[Khet_logger[m[Kâ€™; did you mean â€˜[01m[Kget_logger[m[Kâ€™?
[12.194s] [01m[K/home/curry/wilson_proj/ros2-rover-ws/src/package_rover_control/src/node_motor_control.cpp:29:11:[m[K [01;31m[Kerror: [m[Ktemplate argument 1 is invalid
[12.194s]    29 |           [01;31m[KRCLCPP_INFO[m[K(this->het_logger(), "Motor Control Action Server is Ready.");
[12.195s]       |           [01;31m[K^~~~~~~~~~~[m[K
[12.195s] [01m[K/home/curry/wilson_proj/ros2-rover-ws/src/package_rover_control/src/node_motor_control.cpp:29:11:[m[K [01;31m[Kerror: [m[Ktemplate argument 1 is invalid
[12.195s]    29 |           [01;31m[KRCLCPP_INFO[m[K(this->het_logger(), "Motor Control Action Server is Ready.");
[12.196s]       |           [01;31m[K^~~~~~~~~~~[m[K
[12.196s] [01m[K/home/curry/wilson_proj/ros2-rover-ws/src/package_rover_control/src/node_motor_control.cpp:29:11:[m[K [01;31m[Kerror: [m[Ktemplate argument 1 is invalid
[12.197s]    29 |           [01;31m[KRCLCPP_INFO[m[K(this->het_logger(), "Motor Control Action Server is Ready.");
[12.197s]       |           [01;31m[K^~~~~~~~~~~[m[K
[12.197s] In file included from [01m[K/opt/ros/iron/include/rclcpp/rclcpp/logging.hpp:24[m[K,
[12.198s]                  from [01m[K/opt/ros/iron/include/rclcpp/rclcpp/client.hpp:43[m[K,
[12.198s]                  from [01m[K/opt/ros/iron/include/rclcpp/rclcpp/callback_group.hpp:24[m[K,
[12.198s]                  from [01m[K/opt/ros/iron/include/rclcpp/rclcpp/any_executable.hpp:20[m[K,
[12.199s]                  from [01m[K/opt/ros/iron/include/rclcpp/rclcpp/memory_strategy.hpp:25[m[K,
[12.199s]                  from [01m[K/opt/ros/iron/include/rclcpp/rclcpp/memory_strategies.hpp:18[m[K,
[12.199s]                  from [01m[K/opt/ros/iron/include/rclcpp/rclcpp/executor_options.hpp:20[m[K,
[12.200s]                  from [01m[K/opt/ros/iron/include/rclcpp/rclcpp/executor.hpp:37[m[K,
[12.200s]                  from [01m[K/opt/ros/iron/include/rclcpp/rclcpp/executors/multi_threaded_executor.hpp:25[m[K,
[12.200s]                  from [01m[K/opt/ros/iron/include/rclcpp/rclcpp/executors.hpp:21[m[K,
[12.201s]                  from [01m[K/opt/ros/iron/include/rclcpp/rclcpp/rclcpp.hpp:167[m[K,
[12.201s]                  from [01m[K/home/curry/wilson_proj/ros2-rover-ws/src/package_rover_control/src/node_motor_control.cpp:5[m[K:
[12.201s] [01m[K/home/curry/wilson_proj/ros2-rover-ws/src/package_rover_control/src/node_motor_control.cpp:29:29:[m[K [01;31m[Kerror: [m[Kâ€˜[01m[Kclass motorcontrol_cpp::MotorControlActionServer[m[Kâ€™ has no member named â€˜[01m[Khet_logger[m[Kâ€™; did you mean â€˜[01m[Kget_logger[m[Kâ€™?
[12.202s]    29 |           RCLCPP_INFO(this->[01;31m[Khet_logger[m[K(), "Motor Control Action Server is Ready.");
[12.202s]       |                             [01;31m[K^~~~~~~~~~[m[K
[12.202s] [01m[K/home/curry/wilson_proj/ros2-rover-ws/src/package_rover_control/src/node_motor_control.cpp:29:29:[m[K [01;31m[Kerror: [m[Kâ€˜[01m[Kclass motorcontrol_cpp::MotorControlActionServer[m[Kâ€™ has no member named â€˜[01m[Khet_logger[m[Kâ€™; did you mean â€˜[01m[Kget_logger[m[Kâ€™?
[12.203s]    29 |           RCLCPP_INFO(this->[01;31m[Khet_logger[m[K(), "Motor Control Action Server is Ready.");
[12.203s]       |                             [01;31m[K^~~~~~~~~~[m[K
[12.203s] In file included from [01m[K/opt/ros/iron/include/class_loader/class_loader/class_loader.hpp:56[m[K,
[12.203s]                  from [01m[K/opt/ros/iron/include/rclcpp_components/rclcpp_components/register_node_macro.hpp:18[m[K,
[12.204s]                  from [01m[K/home/curry/wilson_proj/ros2-rover-ws/src/package_rover_control/src/node_motor_control.cpp:7[m[K:
[12.204s] [01m[K/home/curry/wilson_proj/ros2-rover-ws/src/package_rover_control/src/node_motor_control.cpp:[m[K At global scope:
[12.205s] [01m[K/home/curry/wilson_proj/ros2-rover-ws/src/package_rover_control/src/node_motor_control.cpp:36:51:[m[K [01;31m[Kerror: [m[Kâ€˜[01m[KCarControlActionServer[m[Kâ€™ is not a member of â€˜[01m[Kmotorcontrol_cpp[m[Kâ€™; did you mean â€˜[01m[KMotorControlActionServer[m[Kâ€™?
[12.205s]    36 | RCLCPP_COMPONENTS_REGISTER_NODE(motorcontrol_cpp::[01;31m[KCarControlActionServer[m[K)
[12.205s]       |                                                   [01;31m[K^~~~~~~~~~~~~~~~~~~~~~[m[K
[12.206s] [01m[K/home/curry/wilson_proj/ros2-rover-ws/src/package_rover_control/src/node_motor_control.cpp:36:1:[m[K [01;31m[Kerror: [m[Ktemplate argument 1 is invalid
[12.206s]    36 | [01;31m[KRCLCPP_COMPONENTS_REGISTER_NODE[m[K(motorcontrol_cpp::CarControlActionServer)
[12.207s]       | [01;31m[K^~~~~~~~~~~~~~~~~~~~~~~~~~~~~~~[m[K
[15.097s] In file included from [01m[K/opt/ros/iron/include/class_loader/class_loader/class_loader_core.hpp:58[m[K,
[15.098s]                  from [01m[K/opt/ros/iron/include/class_loader/class_loader/class_loader.hpp:55[m[K,
[15.098s]                  from [01m[K/opt/ros/iron/include/rclcpp_components/rclcpp_components/register_node_macro.hpp:18[m[K,
[15.098s]                  from [01m[K/home/curry/wilson_proj/ros2-rover-ws/src/package_rover_control/src/node_motor_control.cpp:7[m[K:
[15.099s] /opt/ros/iron/include/class_loader/class_loader/meta_object.hpp: In instantiation of â€˜[01m[KB* class_loader::impl::MetaObject<C, B>::create() const [with C = int; B = rclcpp_components::NodeFactory][m[Kâ€™:
[15.099s] [01m[K/opt/ros/iron/include/class_loader/class_loader/meta_object.hpp:216:7:[m[K   required from here
[15.099s] [01m[K/opt/ros/iron/include/class_loader/class_loader/meta_object.hpp:218:12:[m[K [01;31m[Kerror: [m[Kcannot convert â€˜[01m[Kint*[m[Kâ€™ to â€˜[01m[Krclcpp_components::NodeFactory*[m[Kâ€™ in return
[15.100s]   218 |     return [01;31m[Knew C[m[K;
[15.100s]       |            [01;31m[K^~~~~[m[K
[15.101s]       |            [01;31m[K|[m[K
[15.101s]       |            [01;31m[Kint*[m[K
[15.367s] gmake[2]: *** [CMakeFiles/motorcontrol.dir/build.make:76: CMakeFiles/motorcontrol.dir/src/node_motor_control.cpp.o] Error 1
[15.368s] gmake[1]: *** [CMakeFiles/Makefile2:139: CMakeFiles/motorcontrol.dir/all] Error 2
[15.369s] gmake: *** [Makefile:146: all] Error 2
[15.375s] Invoked command in '/home/curry/wilson_proj/ros2-rover-ws/build/package_rover_control' returned '2': CMAKE_PREFIX_PATH=${CMAKE_PREFIX_PATH}:/opt/ros/iron /usr/bin/cmake --build /home/curry/wilson_proj/ros2-rover-ws/build/package_rover_control -- -j4 -l4
