[0.053s] Invoking command in '/home/curry/wilson_proj/ros2-rover-ws/build/rovercon_msgs': CMAKE_PREFIX_PATH=${CMAKE_PREFIX_PATH}:/opt/ros/humble /usr/bin/cmake --build /home/curry/wilson_proj/ros2-rover-ws/build/rovercon_msgs -- -j4 -l4
[0.166s] -- Found ament_cmake: 1.3.11 (/opt/ros/humble/share/ament_cmake/cmake)
[0.749s] -- Found geometry_msgs: 4.2.4 (/opt/ros/humble/share/geometry_msgs/cmake)
[0.904s] -- Found rosidl_generator_c: 3.1.6 (/opt/ros/humble/share/rosidl_generator_c/cmake)
[0.915s] -- Found rosidl_adapter: 3.1.6 (/opt/ros/humble/share/rosidl_adapter/cmake)
[0.938s] -- Found rosidl_generator_cpp: 3.1.6 (/opt/ros/humble/share/rosidl_generator_cpp/cmake)
[0.976s] -- Using all available rosidl_typesupport_c: rosidl_typesupport_fastrtps_c;rosidl_typesupport_introspection_c
[1.025s] -- Using all available rosidl_typesupport_cpp: rosidl_typesupport_fastrtps_cpp;rosidl_typesupport_introspection_cpp
[1.162s] -- Found rosidl_default_generators: 1.2.0 (/opt/ros/humble/share/rosidl_default_generators/cmake)
[1.935s] [31mCMake Error at /opt/ros/humble/share/rosidl_adapter/cmake/rosidl_adapt_interfaces.cmake:59 (message):
[1.936s]   execute_process(/usr/bin/python3 -m rosidl_adapter --package-name
[1.936s]   rovercon_msgs --arguments-file
[1.937s]   /home/curry/wilson_proj/ros2-rover-ws/build/rovercon_msgs/rosidl_adapter__arguments__rovercon_msgs.json
[1.937s]   --output-dir
[1.937s]   /home/curry/wilson_proj/ros2-rover-ws/build/rovercon_msgs/rosidl_adapter/rovercon_msgs
[1.938s]   --output-file
[1.938s]   /home/curry/wilson_proj/ros2-rover-ws/build/rovercon_msgs/rosidl_adapter/rovercon_msgs.idls)
[1.938s]   returned error code 1:
[1.939s] 
[1.939s]   Error processing 'uint8 fDr_msg' of 'rovercon_msgs/SubRocon': ''fDr_msg' is
[1.939s]   an invalid field name.  It should have the pattern
[1.939s]   '^(?!.*__)(?!.*_$)[a-z][a-z0-9_]*$''
[1.940s] 
[1.940s]   Traceback (most recent call last):
[1.941s] 
[1.941s]     File "/usr/lib/python3.10/runpy.py", line 196, in _run_module_as_main
[1.942s]       return _run_code(code, main_globals, None,
[1.943s]     File "/usr/lib/python3.10/runpy.py", line 86, in _run_code
[1.944s]       exec(code, run_globals)
[1.944s]     File "/opt/ros/humble/local/lib/python3.10/dist-packages/rosidl_adapter/__main__.py", line 19, in <module>
[1.945s]       sys.exit(main())
[1.945s]     File "/opt/ros/humble/local/lib/python3.10/dist-packages/rosidl_adapter/main.py", line 53, in main
[1.946s]       abs_idl_file = convert_to_idl(
[1.947s]     File "/opt/ros/humble/local/lib/python3.10/dist-packages/rosidl_adapter/__init__.py", line 19, in convert_to_idl
[1.948s]       return convert_msg_to_idl(
[1.949s]     File "/opt/ros/humble/local/lib/python3.10/dist-packages/rosidl_adapter/msg/__init__.py", line 28, in convert_msg_to_idl
[1.950s]       msg = parse_message_string(package_name, input_file.stem, content)
[1.950s]     File "/opt/ros/humble/local/lib/python3.10/dist-packages/rosidl_adapter/parser.py", line 519, in parse_message_string
[1.952s]       fields.append(Field(
[1.952s]     File "/opt/ros/humble/local/lib/python3.10/dist-packages/rosidl_adapter/parser.py", line 354, in __init__
[1.953s]       raise NameError(
[1.954s] 
[1.955s]   NameError: 'fDr_msg' is an invalid field name.  It should have the pattern
[1.955s]   '^(?!.*__)(?!.*_$)[a-z][a-z0-9_]*$'
[1.956s] 
[1.956s] Call Stack (most recent call first):
[1.956s]   /opt/ros/humble/share/rosidl_cmake/cmake/rosidl_generate_interfaces.cmake:130 (rosidl_adapt_interfaces)
[1.957s]   CMakeLists.txt:14 (rosidl_generate_interfaces)
[1.957s] 
[1.957s] [0m
[1.958s] -- Configuring incomplete, errors occurred!
[1.958s] See also "/home/curry/wilson_proj/ros2-rover-ws/build/rovercon_msgs/CMakeFiles/CMakeOutput.log".
[1.961s] gmake: *** [Makefile:747: cmake_check_build_system] Error 1
[1.968s] Invoked command in '/home/curry/wilson_proj/ros2-rover-ws/build/rovercon_msgs' returned '2': CMAKE_PREFIX_PATH=${CMAKE_PREFIX_PATH}:/opt/ros/humble /usr/bin/cmake --build /home/curry/wilson_proj/ros2-rover-ws/build/rovercon_msgs -- -j4 -l4
