[0.065s] Invoking command in '/home/curry/wilson_proj/ros2-rover-ws/build/rover_control_package': CMAKE_PREFIX_PATH=${CMAKE_PREFIX_PATH}:/opt/ros/iron /usr/bin/cmake --build /home/curry/wilson_proj/ros2-rover-ws/build/rover_control_package -- -j4 -l4
[0.177s] -- Found rosidl_default_generators: 1.5.0 (/opt/ros/iron/share/rosidl_default_generators/cmake)
[1.144s] -- Using all available rosidl_typesupport_c: rosidl_typesupport_fastrtps_c;rosidl_typesupport_introspection_c
[1.436s] -- Using all available rosidl_typesupport_cpp: rosidl_typesupport_fastrtps_cpp;rosidl_typesupport_introspection_cpp
[1.563s] -- Found rosidl_adapter: 4.0.1 (/opt/ros/iron/share/rosidl_adapter/cmake)
[3.715s] -- Found ament_cmake_ros: 0.11.2 (/opt/ros/iron/share/ament_cmake_ros/cmake)
[4.567s] -- Using all available rosidl_typesupport_c: rosidl_typesupport_fastrtps_c;rosidl_typesupport_introspection_c
[5.688s] -- Using all available rosidl_typesupport_cpp: rosidl_typesupport_fastrtps_cpp;rosidl_typesupport_introspection_cpp
[5.792s] -- Found python_cmake_module: 0.10.2 (/opt/ros/iron/share/python_cmake_module/cmake)
[5.898s] -- Using PYTHON_EXECUTABLE: /usr/bin/python3
[5.899s] -- Using PYTHON_INCLUDE_DIRS: /usr/include/python3.10
[5.899s] -- Using PYTHON_LIBRARIES: /usr/lib/aarch64-linux-gnu/libpython3.10.so
[5.976s] -- Found rover_control_package: 0.0.0 (/home/curry/wilson_proj/ros2-rover-ws/install/rover_control_package/share/rover_control_package/cmake)
[6.256s] -- Found rclcpp: 21.0.7 (/opt/ros/iron/share/rclcpp/cmake)
[6.606s] -- Found rmw_implementation_cmake: 7.1.0 (/opt/ros/iron/share/rmw_implementation_cmake/cmake)
[6.612s] -- Found rmw_fastrtps_cpp: 7.1.4 (/opt/ros/iron/share/rmw_fastrtps_cpp/cmake)
[7.611s] -- Using RMW implementation 'rmw_fastrtps_cpp' as default
[8.227s] -- Found rclcpp_action: 21.0.7 (/opt/ros/iron/share/rclcpp_action/cmake)
[8.355s] -- Found rclcpp_components: 21.0.7 (/opt/ros/iron/share/rclcpp_components/cmake)
[8.687s] -- Found std_srvs: 5.0.1 (/opt/ros/iron/share/std_srvs/cmake)
[8.867s] -- Found ament_lint_auto: 0.14.4 (/opt/ros/iron/share/ament_lint_auto/cmake)
[8.909s] -- Added test 'cppcheck' to perform static code analysis on C / C++ code
[8.911s] -- Configured cppcheck include dirs: $<BUILD_INTERFACE:/home/curry/wilson_proj/ros2-rover-ws/src/rover_control_package/include>
[8.912s] -- Configured cppcheck exclude dirs and/or files: 
[8.915s] -- Added test 'lint_cmake' to check CMake code style
[8.924s] -- Added test 'uncrustify' to check C / C++ code style
[8.924s] -- Configured uncrustify additional arguments: 
[8.926s] -- Added test 'xmllint' to check XML markup files
[8.936s] -- Configuring done
[9.189s] -- Generating done
[9.212s] -- Build files have been written to: /home/curry/wilson_proj/ros2-rover-ws/build/rover_control_package
[9.351s] [35m[1mConsolidate compiler generated dependencies of target carcontrol_server[0m
[9.389s] [  2%] Built target rover_control_package__rosidl_generator_type_description
[9.400s] [  5%] [32mBuilding CXX object CMakeFiles/carcontrol_ros2_server.dir/src/motor_drive_node.cpp.o[0m
[9.444s] [  5%] Built target ament_cmake_python_copy_rover_control_package
[9.461s] [  7%] [32mBuilding CXX object CMakeFiles/carcontrol_server.dir/rclcpp_components/node_main_carcontrol_server.cpp.o[0m
[9.489s] [ 10%] Built target rover_control_package__cpp
[9.495s] [35m[1mConsolidate compiler generated dependencies of target rover_control_package__rosidl_generator_c[0m
[9.555s] [ 23%] Built target rover_control_package__rosidl_generator_c
[9.606s] [35m[1mConsolidate compiler generated dependencies of target rover_control_package__rosidl_typesupport_cpp[0m
[9.677s] [ 31%] Built target rover_control_package__rosidl_typesupport_cpp
[9.728s] [35m[1mConsolidate compiler generated dependencies of target rover_control_package__rosidl_typesupport_fastrtps_c[0m
[9.798s] [ 39%] Built target rover_control_package__rosidl_typesupport_fastrtps_c
[9.848s] [35m[1mConsolidate compiler generated dependencies of target rover_control_package__rosidl_typesupport_introspection_c[0m
[9.907s] [ 47%] Built target rover_control_package__rosidl_typesupport_introspection_c
[9.959s] [35m[1mConsolidate compiler generated dependencies of target rover_control_package__rosidl_typesupport_c[0m
[10.018s] [ 55%] Built target rover_control_package__rosidl_typesupport_c
[10.067s] [35m[1mConsolidate compiler generated dependencies of target rover_control_package__rosidl_typesupport_fastrtps_cpp[0m
[10.101s] [01m[K/home/curry/wilson_proj/ros2-rover-ws/src/rover_control_package/src/motor_drive_node.cpp:5:10:[m[K [01;31m[Kfatal error: [m[Krover_control_package/action/Carcontrol.hpp: No such file or directory
[10.101s]     5 | #include [01;31m[K"rover_control_package/action/Carcontrol.hpp"[m[K
[10.102s]       |          [01;31m[K^~~~~~~~~~~~~~~~~~~~~~~~~~~~~~~~~~~~~~~~~~~~~[m[K
[10.103s] compilation terminated.
[10.107s] gmake[2]: *** [CMakeFiles/carcontrol_ros2_server.dir/build.make:76: CMakeFiles/carcontrol_ros2_server.dir/src/motor_drive_node.cpp.o] Error 1
[10.108s] gmake[1]: *** [CMakeFiles/Makefile2:625: CMakeFiles/carcontrol_ros2_server.dir/all] Error 2
[10.108s] gmake[1]: *** Waiting for unfinished jobs....
[10.141s] [ 63%] Built target rover_control_package__rosidl_typesupport_fastrtps_cpp
[10.799s] running egg_info
[10.802s] writing rover_control_package.egg-info/PKG-INFO
[10.803s] writing dependency_links to rover_control_package.egg-info/dependency_links.txt
[10.804s] writing top-level names to rover_control_package.egg-info/top_level.txt
[10.815s] reading manifest file 'rover_control_package.egg-info/SOURCES.txt'
[10.818s] writing manifest file 'rover_control_package.egg-info/SOURCES.txt'
[10.953s] [ 63%] Built target ament_cmake_python_build_rover_control_package_egg
[24.165s] [ 65%] [32m[1mLinking CXX executable carcontrol_server[0m
[24.830s] [ 65%] Built target carcontrol_server
[24.834s] gmake: *** [Makefile:146: all] Error 2
[24.840s] Invoked command in '/home/curry/wilson_proj/ros2-rover-ws/build/rover_control_package' returned '2': CMAKE_PREFIX_PATH=${CMAKE_PREFIX_PATH}:/opt/ros/iron /usr/bin/cmake --build /home/curry/wilson_proj/ros2-rover-ws/build/rover_control_package -- -j4 -l4
