[0.189s] Invoking command in '/home/curry/wilson_proj/ros2-rover-ws/build/package_rover_control': CMAKE_PREFIX_PATH=${CMAKE_PREFIX_PATH}:/opt/ros/iron /usr/bin/cmake --build /home/curry/wilson_proj/ros2-rover-ws/build/package_rover_control -- -j4 -l4
[0.438s] [35m[1mConsolidate compiler generated dependencies of target node_rovercontrol[0m
[0.472s] [ 33%] Built target node_motor_control
[0.486s] [ 66%] Built target motorcontrol
[0.559s] [ 83%] [32mBuilding CXX object CMakeFiles/node_rovercontrol.dir/src/node_rover_control.cpp.o[0m
[11.083s] [01m[K/home/curry/wilson_proj/ros2-rover-ws/src/package_rover_control/src/node_rover_control.cpp:94:10:[m[K [01;31m[Kerror: [m[Kâ€˜[01m[Kvoid Node_Rovercontrol::timer_callback()[m[Kâ€™ cannot be overloaded with â€˜[01m[Kvoid Node_Rovercontrol::timer_callback()[m[Kâ€™
[11.083s]    94 |     void [01;31m[Ktimer_callback[m[K(){
[11.083s]       |          [01;31m[K^~~~~~~~~~~~~~[m[K
[11.084s] [01m[K/home/curry/wilson_proj/ros2-rover-ws/src/package_rover_control/src/node_rover_control.cpp:67:10:[m[K [01;36m[Knote: [m[Kprevious declaration â€˜[01m[Kvoid Node_Rovercontrol::timer_callback()[m[Kâ€™
[11.084s]    67 |     void [01;36m[Ktimer_callback[m[K(){
[11.084s]       |          [01;36m[K^~~~~~~~~~~~~~[m[K
[23.028s] gmake[2]: *** [CMakeFiles/node_rovercontrol.dir/build.make:76: CMakeFiles/node_rovercontrol.dir/src/node_rover_control.cpp.o] Error 1
[23.028s] gmake[1]: *** [CMakeFiles/Makefile2:193: CMakeFiles/node_rovercontrol.dir/all] Error 2
[23.029s] gmake: *** [Makefile:146: all] Error 2
[23.035s] Invoked command in '/home/curry/wilson_proj/ros2-rover-ws/build/package_rover_control' returned '2': CMAKE_PREFIX_PATH=${CMAKE_PREFIX_PATH}:/opt/ros/iron /usr/bin/cmake --build /home/curry/wilson_proj/ros2-rover-ws/build/package_rover_control -- -j4 -l4
