[35m[1mConsolidate compiler generated dependencies of target node_gnss[0m
[ 50%] [32mBuilding CXX object CMakeFiles/node_gnss.dir/src/node_gnss.cpp.o[0m
[01m[K/home/curry/wilson_proj/ros2-rover-ws/src/package_position_process/src/node_gnss.cpp:[m[K In constructor â€˜[01m[KGNSSPublisher::GNSSPublisher()[m[Kâ€™:
[01m[K/home/curry/wilson_proj/ros2-rover-ws/src/package_position_process/src/node_gnss.cpp:13:24:[m[K [01;31m[Kerror: [m[Kâ€˜[01m[Ksecond[m[Kâ€™ is not a member of â€˜[01m[Kstd::chrono[m[Kâ€™; did you mean â€˜[01m[Kseconds[m[Kâ€™?
   13 |           std::chrono::[01;31m[Ksecond[m[K(1), std::bind(&GNSSPublisher::publishData, this));
      |                        [01;31m[K^~~~~~[m[K
      |                        [32m[Kseconds[m[K
gmake[2]: *** [CMakeFiles/node_gnss.dir/build.make:76: CMakeFiles/node_gnss.dir/src/node_gnss.cpp.o] Error 1
gmake[1]: *** [CMakeFiles/Makefile2:137: CMakeFiles/node_gnss.dir/all] Error 2
gmake: *** [Makefile:146: all] Error 2
