[0.053s] Invoking command in '/home/curry/wilson_proj/ros2-rover-ws/build/rovercon_msgs': /usr/bin/cmake --build /home/curry/wilson_proj/ros2-rover-ws/build/rovercon_msgs -- -j4 -l4
[0.168s] -- Found ament_cmake: 1.3.11 (/opt/ros/humble/share/ament_cmake/cmake)
[0.755s] -- Found rovercon_msgs: 0.0.0 (/home/curry/wilson_proj/ros2-rover-ws/install/rovercon_msgs/share/rovercon_msgs/cmake)
[0.906s] -- Found rosidl_generator_c: 3.1.6 (/opt/ros/humble/share/rosidl_generator_c/cmake)
[0.917s] -- Found rosidl_adapter: 3.1.6 (/opt/ros/humble/share/rosidl_adapter/cmake)
[0.940s] -- Found rosidl_generator_cpp: 3.1.6 (/opt/ros/humble/share/rosidl_generator_cpp/cmake)
[0.980s] -- Using all available rosidl_typesupport_c: rosidl_typesupport_fastrtps_c;rosidl_typesupport_introspection_c
[1.027s] -- Using all available rosidl_typesupport_cpp: rosidl_typesupport_fastrtps_cpp;rosidl_typesupport_introspection_cpp
[1.065s] -- Found rosidl_default_generators: 1.2.0 (/opt/ros/humble/share/rosidl_default_generators/cmake)
[1.886s] Error parsing '/home/curry/wilson_proj/ros2-rover-ws/src/rovercon_msgs/package.xml':
[2.073s] Traceback (most recent call last):
[2.073s]   File "/opt/ros/humble/share/ament_cmake_core/cmake/core/package_xml_2_cmake.py", line 150, in <module>
[2.074s]     main()
[2.075s]   File "/opt/ros/humble/share/ament_cmake_core/cmake/core/package_xml_2_cmake.py", line 53, in main
[2.076s]     raise e
[2.077s]   File "/opt/ros/humble/share/ament_cmake_core/cmake/core/package_xml_2_cmake.py", line 49, in main
[2.078s]     package = parse_package_string(
[2.079s]   File "/usr/lib/python3/dist-packages/catkin_pkg/package.py", line 788, in parse_package_string
[2.080s]     pkg.validate(warnings=warnings)
[2.081s]   File "/usr/lib/python3/dist-packages/catkin_pkg/package.py", line 330, in validate
[2.082s]     raise InvalidPackage('\n'.join(errors), self.filename)
[2.083s] catkin_pkg.package.InvalidPackage: Error(s) in package '/home/curry/wilson_proj/ros2-rover-ws/src/rovercon_msgs/package.xml':
[2.083s] The package "rovercon_msgs" must not "build_depend" on a package with the same name as this package
[2.084s] The package "rovercon_msgs" must not "build_export_depend" on a package with the same name as this package
[2.085s] The package "rovercon_msgs" must not "exec_depend" on a package with the same name as this package
[2.156s] [31mCMake Error at /opt/ros/humble/share/ament_cmake_core/cmake/core/ament_package_xml.cmake:95 (message):
[2.156s]   execute_process(/usr/bin/python3
[2.157s]   /opt/ros/humble/share/ament_cmake_core/cmake/core/package_xml_2_cmake.py
[2.157s]   /home/curry/wilson_proj/ros2-rover-ws/src/rovercon_msgs/package.xml
[2.158s]   /home/curry/wilson_proj/ros2-rover-ws/build/rovercon_msgs/ament_cmake_core/package.cmake)
[2.158s]   returned error code 1
[2.158s] Call Stack (most recent call first):
[2.158s]   /opt/ros/humble/share/ament_cmake_core/cmake/core/ament_package_xml.cmake:49 (_ament_package_xml)
[2.159s]   /opt/ros/humble/share/rosidl_cmake/cmake/rosidl_generate_interfaces.cmake:226 (ament_package_xml)
[2.159s]   CMakeLists.txt:14 (rosidl_generate_interfaces)
[2.159s] 
[2.160s] [0m
[2.160s] -- Configuring incomplete, errors occurred!
[2.160s] See also "/home/curry/wilson_proj/ros2-rover-ws/build/rovercon_msgs/CMakeFiles/CMakeOutput.log".
[2.179s] gmake: *** [Makefile:747: cmake_check_build_system] Error 1
[2.185s] Invoked command in '/home/curry/wilson_proj/ros2-rover-ws/build/rovercon_msgs' returned '2': /usr/bin/cmake --build /home/curry/wilson_proj/ros2-rover-ws/build/rovercon_msgs -- -j4 -l4
