[0.324s] Invoking command in '/home/curry/wilson_proj/ros2-rover-ws/build/package_rover_control': CMAKE_PREFIX_PATH=${CMAKE_PREFIX_PATH}:/opt/ros/humble /usr/bin/cmake --build /home/curry/wilson_proj/ros2-rover-ws/build/package_rover_control -- -j4 -l4
[1.115s] [ 33%] Built target motorcontrol
[1.271s] [35m[1mConsolidate compiler generated dependencies of target node_rovercontrol[0m
[1.441s] [ 50%] [32mBuilding CXX object CMakeFiles/node_rovercontrol.dir/src/node_rover_control_a.cpp.o[0m
[28.398s] [01m[K/home/curry/wilson_proj/ros2-rover-ws/src/package_rover_control/src/node_rover_control_a.cpp:[m[K In constructor â€˜[01m[KNode_Rovercontrol::Node_Rovercontrol()[m[Kâ€™:
[28.399s] [01m[K/home/curry/wilson_proj/ros2-rover-ws/src/package_rover_control/src/node_rover_control_a.cpp:36:9:[m[K [01;31m[Kerror: [m[Kâ€˜[01m[Ktopic_rocon_pub_[m[Kâ€™ was not declared in this scope; did you mean â€˜[01m[Ktopic_ro_con_pub_[m[Kâ€™?
[28.399s]    36 |         [01;31m[Ktopic_rocon_pub_[m[K = this->create_publisher<std_msgs::msg::Float32MultiArray>("pub_rovercontrol", 10);
[28.400s]       |         [01;31m[K^~~~~~~~~~~~~~~~[m[K
[28.400s]       |         [32m[Ktopic_ro_con_pub_[m[K
[28.575s] [01m[K/home/curry/wilson_proj/ros2-rover-ws/src/package_rover_control/src/node_rover_control_a.cpp:[m[K In member function â€˜[01m[Kvoid Node_Rovercontrol::timer_callback()[m[Kâ€™:
[28.576s] [01m[K/home/curry/wilson_proj/ros2-rover-ws/src/package_rover_control/src/node_rover_control_a.cpp:97:23:[m[K [01;35m[Kwarning: [m[Knarrowing conversion of â€˜[01m[K((Node_Rovercontrol*)this)->Node_Rovercontrol::fDr_msg_[m[Kâ€™ from â€˜[01m[Kuint16_t[m[Kâ€™ {aka â€˜[01m[Kshort unsigned int[m[Kâ€™} to â€˜[01m[Kfloat[m[Kâ€™ [[01;35m[K]8;;https://gcc.gnu.org/onlinedocs/gcc/Warning-Options.html#index-Wnarrowing-Wnarrowing]8;;[m[K]
[28.577s]    97 |         rover_con_ = {[01;35m[KfDr_msg_[m[K, ro_ctrl_msg2_, i16_spd_msg_, bDr_msg_};
[28.578s]       |                       [01;35m[K^~~~~~~~[m[K
[28.579s] [01m[K/home/curry/wilson_proj/ros2-rover-ws/src/package_rover_control/src/node_rover_control_a.cpp:97:23:[m[K [01;35m[Kwarning: [m[Knarrowing conversion of â€˜[01m[K((Node_Rovercontrol*)this)->Node_Rovercontrol::fDr_msg_[m[Kâ€™ from â€˜[01m[Kuint16_t[m[Kâ€™ {aka â€˜[01m[Kshort unsigned int[m[Kâ€™} to â€˜[01m[Kfloat[m[Kâ€™ [[01;35m[K]8;;https://gcc.gnu.org/onlinedocs/gcc/Warning-Options.html#index-Wnarrowing-Wnarrowing]8;;[m[K]
[28.580s] [01m[K/home/curry/wilson_proj/ros2-rover-ws/src/package_rover_control/src/node_rover_control_a.cpp:97:48:[m[K [01;35m[Kwarning: [m[Knarrowing conversion of â€˜[01m[K((Node_Rovercontrol*)this)->Node_Rovercontrol::i16_spd_msg_[m[Kâ€™ from â€˜[01m[Kuint16_t[m[Kâ€™ {aka â€˜[01m[Kshort unsigned int[m[Kâ€™} to â€˜[01m[Kfloat[m[Kâ€™ [[01;35m[K]8;;https://gcc.gnu.org/onlinedocs/gcc/Warning-Options.html#index-Wnarrowing-Wnarrowing]8;;[m[K]
[28.581s]    97 |         rover_con_ = {fDr_msg_, ro_ctrl_msg2_, [01;35m[Ki16_spd_msg_[m[K, bDr_msg_};
[28.581s]       |                                                [01;35m[K^~~~~~~~~~~~[m[K
[28.582s] [01m[K/home/curry/wilson_proj/ros2-rover-ws/src/package_rover_control/src/node_rover_control_a.cpp:97:48:[m[K [01;35m[Kwarning: [m[Knarrowing conversion of â€˜[01m[K((Node_Rovercontrol*)this)->Node_Rovercontrol::i16_spd_msg_[m[Kâ€™ from â€˜[01m[Kuint16_t[m[Kâ€™ {aka â€˜[01m[Kshort unsigned int[m[Kâ€™} to â€˜[01m[Kfloat[m[Kâ€™ [[01;35m[K]8;;https://gcc.gnu.org/onlinedocs/gcc/Warning-Options.html#index-Wnarrowing-Wnarrowing]8;;[m[K]
[28.582s] [01m[K/home/curry/wilson_proj/ros2-rover-ws/src/package_rover_control/src/node_rover_control_a.cpp:97:62:[m[K [01;35m[Kwarning: [m[Knarrowing conversion of â€˜[01m[K((Node_Rovercontrol*)this)->Node_Rovercontrol::bDr_msg_[m[Kâ€™ from â€˜[01m[Kuint16_t[m[Kâ€™ {aka â€˜[01m[Kshort unsigned int[m[Kâ€™} to â€˜[01m[Kfloat[m[Kâ€™ [[01;35m[K]8;;https://gcc.gnu.org/onlinedocs/gcc/Warning-Options.html#index-Wnarrowing-Wnarrowing]8;;[m[K]
[28.583s]    97 |         rover_con_ = {fDr_msg_, ro_ctrl_msg2_, i16_spd_msg_, [01;35m[KbDr_msg_[m[K};
[28.583s]       |                                                              [01;35m[K^~~~~~~~[m[K
[28.584s] [01m[K/home/curry/wilson_proj/ros2-rover-ws/src/package_rover_control/src/node_rover_control_a.cpp:97:62:[m[K [01;35m[Kwarning: [m[Knarrowing conversion of â€˜[01m[K((Node_Rovercontrol*)this)->Node_Rovercontrol::bDr_msg_[m[Kâ€™ from â€˜[01m[Kuint16_t[m[Kâ€™ {aka â€˜[01m[Kshort unsigned int[m[Kâ€™} to â€˜[01m[Kfloat[m[Kâ€™ [[01;35m[K]8;;https://gcc.gnu.org/onlinedocs/gcc/Warning-Options.html#index-Wnarrowing-Wnarrowing]8;;[m[K]
[51.539s] gmake[2]: *** [CMakeFiles/node_rovercontrol.dir/build.make:76: CMakeFiles/node_rovercontrol.dir/src/node_rover_control_a.cpp.o] Error 1
[51.540s] gmake[1]: *** [CMakeFiles/Makefile2:193: CMakeFiles/node_rovercontrol.dir/all] Error 2
[51.541s] gmake: *** [Makefile:146: all] Error 2
