[0.095s] Invoking command in '/home/curry/wilson_proj/ros2-rover-ws/build/package_rover_control': CMAKE_PREFIX_PATH=/opt/ros/humble /usr/bin/cmake --build /home/curry/wilson_proj/ros2-rover-ws/build/package_rover_control -- -j4 -l4
[0.391s] [35m[1mConsolidate compiler generated dependencies of target node_rovercontrol[0m
[0.510s] [ 33%] Built target node_motor_control
[0.539s] [ 66%] Built target motorcontrol
[0.584s] [ 83%] [32mBuilding CXX object CMakeFiles/node_rovercontrol.dir/src/node_rover_control_a.cpp.o[0m
[12.790s] [01m[K/home/curry/wilson_proj/ros2-rover-ws/src/package_rover_control/src/node_rover_control_a.cpp:43:51:[m[K [01;31m[Kerror: [m[Kâ€˜[01m[KString[m[Kâ€™ in namespace â€˜[01m[Kstd_msgs[m[Kâ€™ does not name a type
[12.790s]    43 |     void topic_direction_callback(const std_msgs::[01;31m[KString[m[K::SharedPtr msg){
[12.791s]       |                                                   [01;31m[K^~~~~~[m[K
[12.791s] [01m[K/home/curry/wilson_proj/ros2-rover-ws/src/package_rover_control/src/node_rover_control_a.cpp:43:69:[m[K [01;31m[Kerror: [m[Kexpected unqualified-id before â€˜[01m[Kmsg[m[Kâ€™
[12.792s]    43 |     void topic_direction_callback(const std_msgs::String::SharedPtr [01;31m[Kmsg[m[K){
[12.792s]       |                                                                     [01;31m[K^~~[m[K
[12.792s] [01m[K/home/curry/wilson_proj/ros2-rover-ws/src/package_rover_control/src/node_rover_control_a.cpp:43:68:[m[K [01;31m[Kerror: [m[Kexpected â€˜[01m[K)[m[Kâ€™ before â€˜[01m[Kmsg[m[Kâ€™
[12.793s]    43 |     void topic_direction_callback[34m[K([m[Kconst std_msgs::String::SharedPtr[01;31m[K [m[K[32m[Kmsg[m[K){
[12.793s]       |                                  [34m[K~[m[K                                 [01;31m[K^[m[K[32m[K~~~[m[K
[12.794s]       |                                                                    [32m[K)[m[K
[12.812s] [01m[K/home/curry/wilson_proj/ros2-rover-ws/src/package_rover_control/src/node_rover_control_a.cpp:43:59:[m[K [01;31m[Kerror: [m[Kexpected â€˜[01m[K;[m[Kâ€™ at end of member declaration
[12.812s]    43 |     void topic_direction_callback(const std_msgs::String::[01;31m[KSharedPtr[m[K msg){
[12.812s]       |                                                           [01;31m[K^~~~~~~~~[m[K
[12.813s]       |                                                                    [32m[K;[m[K
[12.840s] [01m[K/home/curry/wilson_proj/ros2-rover-ws/src/package_rover_control/src/node_rover_control_a.cpp:43:69:[m[K [01;31m[Kerror: [m[Kâ€˜[01m[Kmsg[m[Kâ€™ does not name a type
[12.841s]    43 |     void topic_direction_callback(const std_msgs::String::SharedPtr [01;31m[Kmsg[m[K){
[12.841s]       |                                                                     [01;31m[K^~~[m[K
[12.842s] [01m[K/home/curry/wilson_proj/ros2-rover-ws/src/package_rover_control/src/node_rover_control_a.cpp:51:52:[m[K [01;31m[Kerror: [m[Kâ€˜[01m[KString[m[Kâ€™ in namespace â€˜[01m[Kstd_msgs[m[Kâ€™ does not name a type
[12.843s]    51 |     void topic_speedlimit_callback(const std_msgs::[01;31m[KString[m[K::SharedPtr msg) {
[12.843s]       |                                                    [01;31m[K^~~~~~[m[K
[12.844s] [01m[K/home/curry/wilson_proj/ros2-rover-ws/src/package_rover_control/src/node_rover_control_a.cpp:51:70:[m[K [01;31m[Kerror: [m[Kexpected unqualified-id before â€˜[01m[Kmsg[m[Kâ€™
[12.845s]    51 |     void topic_speedlimit_callback(const std_msgs::String::SharedPtr [01;31m[Kmsg[m[K) {
[12.846s]       |                                                                      [01;31m[K^~~[m[K
[12.847s] [01m[K/home/curry/wilson_proj/ros2-rover-ws/src/package_rover_control/src/node_rover_control_a.cpp:51:69:[m[K [01;31m[Kerror: [m[Kexpected â€˜[01m[K)[m[Kâ€™ before â€˜[01m[Kmsg[m[Kâ€™
[12.847s]    51 |     void topic_speedlimit_callback[34m[K([m[Kconst std_msgs::String::SharedPtr[01;31m[K [m[K[32m[Kmsg[m[K) {
[12.848s]       |                                   [34m[K~[m[K                                 [01;31m[K^[m[K[32m[K~~~[m[K
[12.849s]       |                                                                     [32m[K)[m[K
[12.849s] [01m[K/home/curry/wilson_proj/ros2-rover-ws/src/package_rover_control/src/node_rover_control_a.cpp:51:60:[m[K [01;31m[Kerror: [m[Kexpected â€˜[01m[K;[m[Kâ€™ at end of member declaration
[12.850s]    51 |     void topic_speedlimit_callback(const std_msgs::String::[01;31m[KSharedPtr[m[K msg) {
[12.851s]       |                                                            [01;31m[K^~~~~~~~~[m[K
[12.851s]       |                                                                     [32m[K;[m[K
[12.852s] [01m[K/home/curry/wilson_proj/ros2-rover-ws/src/package_rover_control/src/node_rover_control_a.cpp:51:70:[m[K [01;31m[Kerror: [m[Kâ€˜[01m[Kmsg[m[Kâ€™ does not name a type
[12.852s]    51 |     void topic_speedlimit_callback(const std_msgs::String::SharedPtr [01;31m[Kmsg[m[K) {
[12.853s]       |                                                                      [01;31m[K^~~[m[K
[12.854s] [01m[K/home/curry/wilson_proj/ros2-rover-ws/src/package_rover_control/src/node_rover_control_a.cpp:59:53:[m[K [01;31m[Kerror: [m[Kâ€˜[01m[KUInt16MultiArray[m[Kâ€™ in namespace â€˜[01m[Kstd_msgs[m[Kâ€™ does not name a type
[12.854s]    59 |     void topic_destination_callback(const std_msgs::[01;31m[KUInt16MultiArray[m[K::SharedPtr msg){
[12.855s]       |                                                     [01;31m[K^~~~~~~~~~~~~~~~[m[K
[12.855s] [01m[K/home/curry/wilson_proj/ros2-rover-ws/src/package_rover_control/src/node_rover_control_a.cpp:59:81:[m[K [01;31m[Kerror: [m[Kexpected unqualified-id before â€˜[01m[Kmsg[m[Kâ€™
[12.856s]    59 |     void topic_destination_callback(const std_msgs::UInt16MultiArray::SharedPtr [01;31m[Kmsg[m[K){
[12.857s]       |                                                                                 [01;31m[K^~~[m[K
[12.857s] [01m[K/home/curry/wilson_proj/ros2-rover-ws/src/package_rover_control/src/node_rover_control_a.cpp:59:80:[m[K [01;31m[Kerror: [m[Kexpected â€˜[01m[K)[m[Kâ€™ before â€˜[01m[Kmsg[m[Kâ€™
[12.858s]    59 |     void topic_destination_callback[34m[K([m[Kconst std_msgs::UInt16MultiArray::SharedPtr[01;31m[K [m[K[32m[Kmsg[m[K){
[12.858s]       |                                    [34m[K~[m[K                                           [01;31m[K^[m[K[32m[K~~~[m[K
[12.859s]       |                                                                                [32m[K)[m[K
[12.860s] [01m[K/home/curry/wilson_proj/ros2-rover-ws/src/package_rover_control/src/node_rover_control_a.cpp:59:71:[m[K [01;31m[Kerror: [m[Kexpected â€˜[01m[K;[m[Kâ€™ at end of member declaration
[12.860s]    59 |     void topic_destination_callback(const std_msgs::UInt16MultiArray::[01;31m[KSharedPtr[m[K msg){
[12.861s]       |                                                                       [01;31m[K^~~~~~~~~[m[K
[12.862s]       |                                                                                [32m[K;[m[K
[12.862s] [01m[K/home/curry/wilson_proj/ros2-rover-ws/src/package_rover_control/src/node_rover_control_a.cpp:59:81:[m[K [01;31m[Kerror: [m[Kâ€˜[01m[Kmsg[m[Kâ€™ does not name a type
[12.863s]    59 |     void topic_destination_callback(const std_msgs::UInt16MultiArray::SharedPtr [01;31m[Kmsg[m[K){
[12.864s]       |                                                                                 [01;31m[K^~~[m[K
[13.240s] [01m[K/home/curry/wilson_proj/ros2-rover-ws/src/package_rover_control/src/node_rover_control_a.cpp:[m[K In constructor â€˜[01m[KNode_Rovercontrol::Node_Rovercontrol()[m[Kâ€™:
[13.240s] [01m[K/home/curry/wilson_proj/ros2-rover-ws/src/package_rover_control/src/node_rover_control_a.cpp:17:78:[m[K [01;31m[Kerror: [m[Kâ€˜[01m[KString[m[Kâ€™ is not a member of â€˜[01m[Kstd_msgs[m[Kâ€™; did you mean â€˜[01m[Kstd_msgs::msg::String[m[Kâ€™?
[13.241s]    17 |         topic_speedlimit_subscription_ = this->create_subscription<std_msgs::[01;31m[KString[m[K>(
[13.241s]       |                                                                              [01;31m[K^~~~~~[m[K
[13.242s] In file included from [01m[K/opt/ros/humble/include/std_msgs/std_msgs/msg/string.hpp:7[m[K,
[13.242s]                  from [01m[K/home/curry/wilson_proj/ros2-rover-ws/src/package_rover_control/src/node_rover_control_a.cpp:2[m[K:
[13.243s] [01m[K/opt/ros/humble/include/std_msgs/std_msgs/msg/detail/string__struct.hpp:122:7:[m[K [01;36m[Knote: [m[Kâ€˜[01m[Kstd_msgs::msg::String[m[Kâ€™ declared here
[13.243s]   122 | using [01;36m[KString[m[K =
[13.244s]       |       [01;36m[K^~~~~~[m[K
[13.275s] [01m[K/home/curry/wilson_proj/ros2-rover-ws/src/package_rover_control/src/node_rover_control_a.cpp:17:85:[m[K [01;31m[Kerror: [m[Kno matching function for call to â€˜[01m[KNode_Rovercontrol::create_subscription<<expression error> >(const char [19], int, std::_Bind_helper<false, void (Node_Rovercontrol::*)(...), Node_Rovercontrol*, const std::_Placeholder<1>&>::type)[m[Kâ€™
[13.276s]    17 |         topic_speedlimit_subscription_ = [01;31m[Kthis->create_subscription<std_msgs::String>([m[K
[13.277s]       |                                          [01;31m[K~~~~~~~~~~~~~~~~~~~~~~~~~~~~~~~~~~~~~~~~~~~^[m[K
[13.278s]    18 | [01;31m[K            "topic_speedlimit_t", 10,[m[K
[13.279s]       |             [01;31m[K~~~~~~~~~~~~~~~~~~~~~~~~~[m[K                                                
[13.280s]    19 | [01;31m[K            std::bind(&Node_Rovercontrol::topic_speedlimit_callback, this, std::placeholders::_1)[m[K
[13.281s]       |             [01;31m[K~~~~~~~~~~~~~~~~~~~~~~~~~~~~~~~~~~~~~~~~~~~~~~~~~~~~~~~~~~~~~~~~~~~~~~~~~~~~~~~~~~~~~[m[K
[13.282s]    20 | [01;31m[K        )[m[K;
[13.283s]       |         [01;31m[K~[m[K                                                                            
[13.284s] In file included from [01m[K/opt/ros/humble/include/rclcpp/rclcpp/executors/single_threaded_executor.hpp:28[m[K,
[13.285s]                  from [01m[K/opt/ros/humble/include/rclcpp/rclcpp/executors.hpp:22[m[K,
[13.285s]                  from [01m[K/opt/ros/humble/include/rclcpp/rclcpp/rclcpp.hpp:155[m[K,
[13.286s]                  from [01m[K/home/curry/wilson_proj/ros2-rover-ws/src/package_rover_control/src/node_rover_control_a.cpp:1[m[K:
[13.286s] [01m[K/opt/ros/humble/include/rclcpp/rclcpp/node.hpp:219:3:[m[K [01;36m[Knote: [m[Kcandidate: â€˜[01m[Ktemplate<class MessageT, class CallbackT, class AllocatorT, class SubscriptionT, class MessageMemoryStrategyT> std::shared_ptr<ROSMessageT> rclcpp::Node::create_subscription(const string&, const rclcpp::QoS&, CallbackT&&, const rclcpp::SubscriptionOptionsWithAllocator<AllocatorT>&, typename MessageMemoryStrategyT::SharedPtr)[m[Kâ€™
[13.287s]   219 |   [01;36m[Kcreate_subscription[m[K(
[13.287s]       |   [01;36m[K^~~~~~~~~~~~~~~~~~~[m[K
[13.288s] [01m[K/opt/ros/humble/include/rclcpp/rclcpp/node.hpp:219:3:[m[K [01;36m[Knote: [m[K  template argument deduction/substitution failed:
[13.288s] [01m[K/home/curry/wilson_proj/ros2-rover-ws/src/package_rover_control/src/node_rover_control_a.cpp:17:85:[m[K [01;31m[Kerror: [m[Ktemplate argument 1 is invalid
[13.289s]    17 |         topic_speedlimit_subscription_ = [01;31m[Kthis->create_subscription<std_msgs::String>([m[K
[13.289s]       |                                          [01;31m[K~~~~~~~~~~~~~~~~~~~~~~~~~~~~~~~~~~~~~~~~~~~^[m[K
[13.290s]    18 | [01;31m[K            "topic_speedlimit_t", 10,[m[K
[13.290s]       |             [01;31m[K~~~~~~~~~~~~~~~~~~~~~~~~~[m[K                                                
[13.291s]    19 | [01;31m[K            std::bind(&Node_Rovercontrol::topic_speedlimit_callback, this, std::placeholders::_1)[m[K
[13.291s]       |             [01;31m[K~~~~~~~~~~~~~~~~~~~~~~~~~~~~~~~~~~~~~~~~~~~~~~~~~~~~~~~~~~~~~~~~~~~~~~~~~~~~~~~~~~~~~[m[K
[13.292s]    20 | [01;31m[K        )[m[K;
[13.293s]       |         [01;31m[K~[m[K                                                                            
[13.293s] [01m[K/home/curry/wilson_proj/ros2-rover-ws/src/package_rover_control/src/node_rover_control_a.cpp:22:79:[m[K [01;31m[Kerror: [m[Kâ€˜[01m[KUInt16MultiArray[m[Kâ€™ is not a member of â€˜[01m[Kstd_msgs[m[Kâ€™; did you mean â€˜[01m[Kstd_msgs::msg::UInt16MultiArray[m[Kâ€™?
[13.294s]    22 |         topic_destination_subscription_ = this->create_subscription<std_msgs::[01;31m[KUInt16MultiArray[m[K>(
[13.294s]       |                                                                               [01;31m[K^~~~~~~~~~~~~~~~[m[K
[13.295s] In file included from [01m[K/opt/ros/humble/include/std_msgs/std_msgs/msg/u_int16_multi_array.hpp:7[m[K,
[13.295s]                  from [01m[K/home/curry/wilson_proj/ros2-rover-ws/src/package_rover_control/src/node_rover_control_a.cpp:3[m[K:
[13.296s] [01m[K/opt/ros/humble/include/std_msgs/std_msgs/msg/detail/u_int16_multi_array__struct.hpp:131:7:[m[K [01;36m[Knote: [m[Kâ€˜[01m[Kstd_msgs::msg::UInt16MultiArray[m[Kâ€™ declared here
[13.297s]   131 | using [01;36m[KUInt16MultiArray[m[K =
[13.297s]       |       [01;36m[K^~~~~~~~~~~~~~~~[m[K
[13.298s] [01m[K/home/curry/wilson_proj/ros2-rover-ws/src/package_rover_control/src/node_rover_control_a.cpp:22:96:[m[K [01;31m[Kerror: [m[Kno matching function for call to â€˜[01m[KNode_Rovercontrol::create_subscription<<expression error> >(const char [18], int, std::_Bind_helper<false, void (Node_Rovercontrol::*)(...), Node_Rovercontrol*, const std::_Placeholder<1>&>::type)[m[Kâ€™
[13.298s]    22 |         topic_destination_subscription_ = [01;31m[Kthis->create_subscription<std_msgs::UInt16MultiArray>([m[K
[13.299s]       |                                           [01;31m[K~~~~~~~~~~~~~~~~~~~~~~~~~~~~~~~~~~~~~~~~~~~~~~~~~~~~~^[m[K
[13.299s]    23 | [01;31m[K            "topic_destination", 10,[m[K
[13.300s]       |             [01;31m[K~~~~~~~~~~~~~~~~~~~~~~~~[m[K                                                            
[13.301s]    24 | [01;31m[K            std::bind(&Node_Rovercontrol::topic_destination_callback, this, std::placeholders::_1)[m[K
[13.301s]       |             [01;31m[K~~~~~~~~~~~~~~~~~~~~~~~~~~~~~~~~~~~~~~~~~~~~~~~~~~~~~~~~~~~~~~~~~~~~~~~~~~~~~~~~~~~~~~[m[K
[13.302s]    25 | [01;31m[K        )[m[K;
[13.302s]       |         [01;31m[K~[m[K                                                                                       
[13.303s] In file included from [01m[K/opt/ros/humble/include/rclcpp/rclcpp/executors/single_threaded_executor.hpp:28[m[K,
[13.303s]                  from [01m[K/opt/ros/humble/include/rclcpp/rclcpp/executors.hpp:22[m[K,
[13.304s]                  from [01m[K/opt/ros/humble/include/rclcpp/rclcpp/rclcpp.hpp:155[m[K,
[13.304s]                  from [01m[K/home/curry/wilson_proj/ros2-rover-ws/src/package_rover_control/src/node_rover_control_a.cpp:1[m[K:
[13.305s] [01m[K/opt/ros/humble/include/rclcpp/rclcpp/node.hpp:219:3:[m[K [01;36m[Knote: [m[Kcandidate: â€˜[01m[Ktemplate<class MessageT, class CallbackT, class AllocatorT, class SubscriptionT, class MessageMemoryStrategyT> std::shared_ptr<ROSMessageT> rclcpp::Node::create_subscription(const string&, const rclcpp::QoS&, CallbackT&&, const rclcpp::SubscriptionOptionsWithAllocator<AllocatorT>&, typename MessageMemoryStrategyT::SharedPtr)[m[Kâ€™
[13.306s]   219 |   [01;36m[Kcreate_subscription[m[K(
[13.306s]       |   [01;36m[K^~~~~~~~~~~~~~~~~~~[m[K
[13.306s] [01m[K/opt/ros/humble/include/rclcpp/rclcpp/node.hpp:219:3:[m[K [01;36m[Knote: [m[K  template argument deduction/substitution failed:
[13.307s] [01m[K/home/curry/wilson_proj/ros2-rover-ws/src/package_rover_control/src/node_rover_control_a.cpp:22:96:[m[K [01;31m[Kerror: [m[Ktemplate argument 1 is invalid
[13.308s]    22 |         topic_destination_subscription_ = [01;31m[Kthis->create_subscription<std_msgs::UInt16MultiArray>([m[K
[13.308s]       |                                           [01;31m[K~~~~~~~~~~~~~~~~~~~~~~~~~~~~~~~~~~~~~~~~~~~~~~~~~~~~~^[m[K
[13.309s]    23 | [01;31m[K            "topic_destination", 10,[m[K
[13.309s]       |             [01;31m[K~~~~~~~~~~~~~~~~~~~~~~~~[m[K                                                            
[13.310s]    24 | [01;31m[K            std::bind(&Node_Rovercontrol::topic_destination_callback, this, std::placeholders::_1)[m[K
[13.310s]       |             [01;31m[K~~~~~~~~~~~~~~~~~~~~~~~~~~~~~~~~~~~~~~~~~~~~~~~~~~~~~~~~~~~~~~~~~~~~~~~~~~~~~~~~~~~~~~[m[K
[13.311s]    25 | [01;31m[K        )[m[K;
[13.311s]       |         [01;31m[K~[m[K                                                                                       
[13.312s] [01m[K/home/curry/wilson_proj/ros2-rover-ws/src/package_rover_control/src/node_rover_control_a.cpp:27:77:[m[K [01;31m[Kerror: [m[Kâ€˜[01m[KString[m[Kâ€™ is not a member of â€˜[01m[Kstd_msgs[m[Kâ€™; did you mean â€˜[01m[Kstd_msgs::msg::String[m[Kâ€™?
[13.312s]    27 |         topic_direction_subscription_ = this->create_subscription<std_msgs::[01;31m[KString[m[K>(
[13.313s]       |                                                                             [01;31m[K^~~~~~[m[K
[13.313s] In file included from [01m[K/opt/ros/humble/include/std_msgs/std_msgs/msg/string.hpp:7[m[K,
[13.314s]                  from [01m[K/home/curry/wilson_proj/ros2-rover-ws/src/package_rover_control/src/node_rover_control_a.cpp:2[m[K:
[13.315s] [01m[K/opt/ros/humble/include/std_msgs/std_msgs/msg/detail/string__struct.hpp:122:7:[m[K [01;36m[Knote: [m[Kâ€˜[01m[Kstd_msgs::msg::String[m[Kâ€™ declared here
[13.315s]   122 | using [01;36m[KString[m[K =
[13.316s]       |       [01;36m[K^~~~~~[m[K
[13.316s] [01m[K/home/curry/wilson_proj/ros2-rover-ws/src/package_rover_control/src/node_rover_control_a.cpp:27:84:[m[K [01;31m[Kerror: [m[Kno matching function for call to â€˜[01m[KNode_Rovercontrol::create_subscription<<expression error> >(const char [16], int, std::_Bind_helper<false, void (Node_Rovercontrol::*)(...), Node_Rovercontrol*, const std::_Placeholder<1>&>::type)[m[Kâ€™
[13.317s]    27 |         topic_direction_subscription_ = [01;31m[Kthis->create_subscription<std_msgs::String>([m[K
[13.317s]       |                                         [01;31m[K~~~~~~~~~~~~~~~~~~~~~~~~~~~~~~~~~~~~~~~~~~~^[m[K
[13.318s]    28 | [01;31m[K            "topic_direction", 10,[m[K
[13.318s]       |             [01;31m[K~~~~~~~~~~~~~~~~~~~~~~[m[K                                                  
[13.319s]    29 | [01;31m[K            std::bind(&Node_Rovercontrol::topic_direction_callback, this, std::placeholders::_1)[m[K
[13.319s]       |             [01;31m[K~~~~~~~~~~~~~~~~~~~~~~~~~~~~~~~~~~~~~~~~~~~~~~~~~~~~~~~~~~~~~~~~~~~~~~~~~~~~~~~~~~~~[m[K
[13.320s]    30 | [01;31m[K        )[m[K;
[13.320s]       |         [01;31m[K~[m[K                                                                           
[13.321s] In file included from [01m[K/opt/ros/humble/include/rclcpp/rclcpp/executors/single_threaded_executor.hpp:28[m[K,
[13.322s]                  from [01m[K/opt/ros/humble/include/rclcpp/rclcpp/executors.hpp:22[m[K,
[13.322s]                  from [01m[K/opt/ros/humble/include/rclcpp/rclcpp/rclcpp.hpp:155[m[K,
[13.323s]                  from [01m[K/home/curry/wilson_proj/ros2-rover-ws/src/package_rover_control/src/node_rover_control_a.cpp:1[m[K:
[13.323s] [01m[K/opt/ros/humble/include/rclcpp/rclcpp/node.hpp:219:3:[m[K [01;36m[Knote: [m[Kcandidate: â€˜[01m[Ktemplate<class MessageT, class CallbackT, class AllocatorT, class SubscriptionT, class MessageMemoryStrategyT> std::shared_ptr<ROSMessageT> rclcpp::Node::create_subscription(const string&, const rclcpp::QoS&, CallbackT&&, const rclcpp::SubscriptionOptionsWithAllocator<AllocatorT>&, typename MessageMemoryStrategyT::SharedPtr)[m[Kâ€™
[13.324s]   219 |   [01;36m[Kcreate_subscription[m[K(
[13.324s]       |   [01;36m[K^~~~~~~~~~~~~~~~~~~[m[K
[13.325s] [01m[K/opt/ros/humble/include/rclcpp/rclcpp/node.hpp:219:3:[m[K [01;36m[Knote: [m[K  template argument deduction/substitution failed:
[13.325s] [01m[K/home/curry/wilson_proj/ros2-rover-ws/src/package_rover_control/src/node_rover_control_a.cpp:27:84:[m[K [01;31m[Kerror: [m[Ktemplate argument 1 is invalid
[13.326s]    27 |         topic_direction_subscription_ = [01;31m[Kthis->create_subscription<std_msgs::String>([m[K
[13.327s]       |                                         [01;31m[K~~~~~~~~~~~~~~~~~~~~~~~~~~~~~~~~~~~~~~~~~~~^[m[K
[13.327s]    28 | [01;31m[K            "topic_direction", 10,[m[K
[13.328s]       |             [01;31m[K~~~~~~~~~~~~~~~~~~~~~~[m[K                                                  
[13.328s]    29 | [01;31m[K            std::bind(&Node_Rovercontrol::topic_direction_callback, this, std::placeholders::_1)[m[K
[13.329s]       |             [01;31m[K~~~~~~~~~~~~~~~~~~~~~~~~~~~~~~~~~~~~~~~~~~~~~~~~~~~~~~~~~~~~~~~~~~~~~~~~~~~~~~~~~~~~[m[K
[13.329s]    30 | [01;31m[K        )[m[K;
[13.330s]       |         [01;31m[K~[m[K                                                                           
[13.330s] [01m[K/home/curry/wilson_proj/ros2-rover-ws/src/package_rover_control/src/node_rover_control_a.cpp:32:74:[m[K [01;31m[Kerror: [m[Kâ€˜[01m[KString[m[Kâ€™ is not a member of â€˜[01m[Kstd_msgs[m[Kâ€™; did you mean â€˜[01m[Kstd_msgs::msg::String[m[Kâ€™?
[13.331s]    32 |         topic_rovercontrol_publisher_ = this->create_publisher<std_msgs::[01;31m[KString[m[K>("pub_rovercontrol", 10);
[13.331s]       |                                                                          [01;31m[K^~~~~~[m[K
[13.332s] In file included from [01m[K/opt/ros/humble/include/std_msgs/std_msgs/msg/string.hpp:7[m[K,
[13.333s]                  from [01m[K/home/curry/wilson_proj/ros2-rover-ws/src/package_rover_control/src/node_rover_control_a.cpp:2[m[K:
[13.333s] [01m[K/opt/ros/humble/include/std_msgs/std_msgs/msg/detail/string__struct.hpp:122:7:[m[K [01;36m[Knote: [m[Kâ€˜[01m[Kstd_msgs::msg::String[m[Kâ€™ declared here
[13.334s]   122 | using [01;36m[KString[m[K =
[13.334s]       |       [01;36m[K^~~~~~[m[K
[13.335s] [01m[K/home/curry/wilson_proj/ros2-rover-ws/src/package_rover_control/src/node_rover_control_a.cpp:32:81:[m[K [01;31m[Kerror: [m[Kno matching function for call to â€˜[01m[KNode_Rovercontrol::create_publisher<<expression error> >(const char [17], int)[m[Kâ€™
[13.335s]    32 |         topic_rovercontrol_publisher_ = [01;31m[Kthis->create_publisher<std_msgs::String>("pub_rovercontrol", 10)[m[K;
[13.336s]       |                                         [01;31m[K~~~~~~~~~~~~~~~~~~~~~~~~~~~~~~~~~~~~~~~~^~~~~~~~~~~~~~~~~~~~~~~~[m[K
[13.336s] In file included from [01m[K/opt/ros/humble/include/rclcpp/rclcpp/executors/single_threaded_executor.hpp:28[m[K,
[13.337s]                  from [01m[K/opt/ros/humble/include/rclcpp/rclcpp/executors.hpp:22[m[K,
[13.337s]                  from [01m[K/opt/ros/humble/include/rclcpp/rclcpp/rclcpp.hpp:155[m[K,
[13.338s]                  from [01m[K/home/curry/wilson_proj/ros2-rover-ws/src/package_rover_control/src/node_rover_control_a.cpp:1[m[K:
[13.338s] [01m[K/opt/ros/humble/include/rclcpp/rclcpp/node.hpp:195:3:[m[K [01;36m[Knote: [m[Kcandidate: â€˜[01m[Ktemplate<class MessageT, class AllocatorT, class PublisherT> std::shared_ptr<PublisherT> rclcpp::Node::create_publisher(const string&, const rclcpp::QoS&, const rclcpp::PublisherOptionsWithAllocator<AllocatorT>&)[m[Kâ€™
[13.339s]   195 |   [01;36m[Kcreate_publisher[m[K(
[13.339s]       |   [01;36m[K^~~~~~~~~~~~~~~~[m[K
[13.340s] [01m[K/opt/ros/humble/include/rclcpp/rclcpp/node.hpp:195:3:[m[K [01;36m[Knote: [m[K  template argument deduction/substitution failed:
[13.340s] [01m[K/home/curry/wilson_proj/ros2-rover-ws/src/package_rover_control/src/node_rover_control_a.cpp:32:81:[m[K [01;31m[Kerror: [m[Ktemplate argument 1 is invalid
[13.341s]    32 |         topic_rovercontrol_publisher_ = [01;31m[Kthis->create_publisher<std_msgs::String>("pub_rovercontrol", 10)[m[K;
[13.341s]       |                                         [01;31m[K~~~~~~~~~~~~~~~~~~~~~~~~~~~~~~~~~~~~~~~~^~~~~~~~~~~~~~~~~~~~~~~~[m[K
[15.720s] gmake[2]: *** [CMakeFiles/node_rovercontrol.dir/build.make:76: CMakeFiles/node_rovercontrol.dir/src/node_rover_control_a.cpp.o] Error 1
[15.721s] gmake[1]: *** [CMakeFiles/Makefile2:193: CMakeFiles/node_rovercontrol.dir/all] Error 2
[15.721s] gmake: *** [Makefile:146: all] Error 2
