[0.107s] Invoking command in '/home/curry/wilson_proj/ros2-rover-ws/build/package_rover_control': CMAKE_PREFIX_PATH=${CMAKE_PREFIX_PATH}:/opt/ros/humble /usr/bin/cmake --build /home/curry/wilson_proj/ros2-rover-ws/build/package_rover_control -- -j4 -l4
[0.441s] [35m[1mConsolidate compiler generated dependencies of target node_rovercontrol[0m
[0.560s] [ 33%] Built target motorcontrol
[0.606s] [ 66%] Built target node_motor_control
[0.640s] [ 83%] [32mBuilding CXX object CMakeFiles/node_rovercontrol.dir/src/node_rover_control_a.cpp.o[0m
[15.665s] [01m[K/home/curry/wilson_proj/ros2-rover-ws/src/package_rover_control/src/node_rover_control_a.cpp:121:38:[m[K [01;31m[Kerror: [m[Kâ€˜[01m[KUint16[m[Kâ€™ is not a member of â€˜[01m[Kstd_msgs::msg[m[Kâ€™; did you mean â€˜[01m[KUInt16[m[Kâ€™?
[15.666s]   121 |     rclcpp::Publisher<std_msgs::msg::[01;31m[KUint16[m[K>::SharedPtr topic_rocon_fDr_pub_;
[15.666s]       |                                      [01;31m[K^~~~~~[m[K
[15.666s]       |                                      [32m[KUInt16[m[K
[15.667s] [01m[K/home/curry/wilson_proj/ros2-rover-ws/src/package_rover_control/src/node_rover_control_a.cpp:121:44:[m[K [01;31m[Kerror: [m[Ktemplate argument 1 is invalid
[15.667s]   121 |     rclcpp::Publisher<std_msgs::msg::Uint16[01;31m[K>[m[K::SharedPtr topic_rocon_fDr_pub_;
[15.667s]       |                                            [01;31m[K^[m[K
[15.689s] [01m[K/home/curry/wilson_proj/ros2-rover-ws/src/package_rover_control/src/node_rover_control_a.cpp:121:47:[m[K [01;31m[Kerror: [m[Kexpected â€˜[01m[K;[m[Kâ€™ at end of member declaration
[15.689s]   121 |     rclcpp::Publisher<std_msgs::msg::Uint16>::[01;31m[KSharedPtr[m[K topic_rocon_fDr_pub_;
[15.690s]       |                                               [01;31m[K^~~~~~~~~[m[K
[15.691s]       |                                                        [32m[K;[m[K
[15.736s] [01m[K/home/curry/wilson_proj/ros2-rover-ws/src/package_rover_control/src/node_rover_control_a.cpp:121:57:[m[K [01;31m[Kerror: [m[Kâ€˜[01m[Ktopic_rocon_fDr_pub_[m[Kâ€™ does not name a type
[15.737s]   121 |     rclcpp::Publisher<std_msgs::msg::Uint16>::SharedPtr [01;31m[Ktopic_rocon_fDr_pub_[m[K;
[15.737s]       |                                                         [01;31m[K^~~~~~~~~~~~~~~~~~~~[m[K
[15.755s] [01m[K/home/curry/wilson_proj/ros2-rover-ws/src/package_rover_control/src/node_rover_control_a.cpp:124:38:[m[K [01;31m[Kerror: [m[Kâ€˜[01m[KUint16[m[Kâ€™ is not a member of â€˜[01m[Kstd_msgs::msg[m[Kâ€™; did you mean â€˜[01m[KUInt16[m[Kâ€™?
[15.755s]   124 |     rclcpp::Publisher<std_msgs::msg::[01;31m[KUint16[m[K>::SharedPtr topic_rocon_bDr_pub_;
[15.756s]       |                                      [01;31m[K^~~~~~[m[K
[15.756s]       |                                      [32m[KUInt16[m[K
[15.756s] [01m[K/home/curry/wilson_proj/ros2-rover-ws/src/package_rover_control/src/node_rover_control_a.cpp:124:44:[m[K [01;31m[Kerror: [m[Ktemplate argument 1 is invalid
[15.757s]   124 |     rclcpp::Publisher<std_msgs::msg::Uint16[01;31m[K>[m[K::SharedPtr topic_rocon_bDr_pub_;
[15.757s]       |                                            [01;31m[K^[m[K
[15.757s] [01m[K/home/curry/wilson_proj/ros2-rover-ws/src/package_rover_control/src/node_rover_control_a.cpp:124:47:[m[K [01;31m[Kerror: [m[Kexpected â€˜[01m[K;[m[Kâ€™ at end of member declaration
[15.758s]   124 |     rclcpp::Publisher<std_msgs::msg::Uint16>::[01;31m[KSharedPtr[m[K topic_rocon_bDr_pub_;
[15.758s]       |                                               [01;31m[K^~~~~~~~~[m[K
[15.758s]       |                                                        [32m[K;[m[K
[15.759s] [01m[K/home/curry/wilson_proj/ros2-rover-ws/src/package_rover_control/src/node_rover_control_a.cpp:124:47:[m[K [01;31m[Kerror: [m[Kredeclaration of â€˜[01m[Kint Node_Rovercontrol::SharedPtr[m[Kâ€™
[15.759s] [01m[K/home/curry/wilson_proj/ros2-rover-ws/src/package_rover_control/src/node_rover_control_a.cpp:121:47:[m[K [01;36m[Knote: [m[Kprevious declaration â€˜[01m[Kint Node_Rovercontrol::SharedPtr[m[Kâ€™
[15.759s]   121 |     rclcpp::Publisher<std_msgs::msg::Uint16>::[01;36m[KSharedPtr[m[K topic_rocon_fDr_pub_;
[15.759s]       |                                               [01;36m[K^~~~~~~~~[m[K
[15.767s] [01m[K/home/curry/wilson_proj/ros2-rover-ws/src/package_rover_control/src/node_rover_control_a.cpp:124:57:[m[K [01;31m[Kerror: [m[Kâ€˜[01m[Ktopic_rocon_bDr_pub_[m[Kâ€™ does not name a type
[15.767s]   124 |     rclcpp::Publisher<std_msgs::msg::Uint16>::SharedPtr [01;31m[Ktopic_rocon_bDr_pub_[m[K;
[15.767s]       |                                                         [01;31m[K^~~~~~~~~~~~~~~~~~~~[m[K
[15.834s] [01m[K/home/curry/wilson_proj/ros2-rover-ws/src/package_rover_control/src/node_rover_control_a.cpp:[m[K In constructor â€˜[01m[KNode_Rovercontrol::Node_Rovercontrol()[m[Kâ€™:
[15.835s] [01m[K/home/curry/wilson_proj/ros2-rover-ws/src/package_rover_control/src/node_rover_control_a.cpp:38:9:[m[K [01;31m[Kerror: [m[Kâ€˜[01m[Ktopic_rocon_fDr_pub_[m[Kâ€™ was not declared in this scope; did you mean â€˜[01m[Ktopic_rocon_ang_pub_[m[Kâ€™?
[15.835s]    38 |         [01;31m[Ktopic_rocon_fDr_pub_[m[K = this->create_publisher<std_msgs::msg::Uint16>("pub_rocon_Fdirec", 10);
[15.835s]       |         [01;31m[K^~~~~~~~~~~~~~~~~~~~[m[K
[15.836s]       |         [32m[Ktopic_rocon_ang_pub_[m[K
[15.836s] [01m[K/home/curry/wilson_proj/ros2-rover-ws/src/package_rover_control/src/node_rover_control_a.cpp:38:70:[m[K [01;31m[Kerror: [m[Kâ€˜[01m[KUint16[m[Kâ€™ is not a member of â€˜[01m[Kstd_msgs::msg[m[Kâ€™; did you mean â€˜[01m[KUInt16[m[Kâ€™?
[15.836s]    38 |         topic_rocon_fDr_pub_ = this->create_publisher<std_msgs::msg::[01;31m[KUint16[m[K>("pub_rocon_Fdirec", 10);
[15.836s]       |                                                                      [01;31m[K^~~~~~[m[K
[15.837s]       |                                                                      [32m[KUInt16[m[K
[15.837s] [01m[K/home/curry/wilson_proj/ros2-rover-ws/src/package_rover_control/src/node_rover_control_a.cpp:38:77:[m[K [01;31m[Kerror: [m[Kno matching function for call to â€˜[01m[KNode_Rovercontrol::create_publisher<<expression error> >(const char [17], int)[m[Kâ€™
[15.837s]    38 |         topic_rocon_fDr_pub_ = [01;31m[Kthis->create_publisher<std_msgs::msg::Uint16>("pub_rocon_Fdirec", 10)[m[K;
[15.837s]       |                                [01;31m[K~~~~~~~~~~~~~~~~~~~~~~~~~~~~~~~~~~~~~~~~~~~~~^~~~~~~~~~~~~~~~~~~~~~~~[m[K
[15.856s] In file included from [01m[K/opt/ros/humble/include/rclcpp/rclcpp/executors/single_threaded_executor.hpp:28[m[K,
[15.857s]                  from [01m[K/opt/ros/humble/include/rclcpp/rclcpp/executors.hpp:22[m[K,
[15.858s]                  from [01m[K/opt/ros/humble/include/rclcpp/rclcpp/rclcpp.hpp:155[m[K,
[15.859s]                  from [01m[K/home/curry/wilson_proj/ros2-rover-ws/src/package_rover_control/src/node_rover_control_a.cpp:1[m[K:
[15.861s] [01m[K/opt/ros/humble/include/rclcpp/rclcpp/node.hpp:195:3:[m[K [01;36m[Knote: [m[Kcandidate: â€˜[01m[Ktemplate<class MessageT, class AllocatorT, class PublisherT> std::shared_ptr<PublisherT> rclcpp::Node::create_publisher(const string&, const rclcpp::QoS&, const rclcpp::PublisherOptionsWithAllocator<AllocatorT>&)[m[Kâ€™
[15.862s]   195 |   [01;36m[Kcreate_publisher[m[K(
[15.863s]       |   [01;36m[K^~~~~~~~~~~~~~~~[m[K
[15.864s] [01m[K/opt/ros/humble/include/rclcpp/rclcpp/node.hpp:195:3:[m[K [01;36m[Knote: [m[K  template argument deduction/substitution failed:
[15.865s] [01m[K/home/curry/wilson_proj/ros2-rover-ws/src/package_rover_control/src/node_rover_control_a.cpp:38:77:[m[K [01;31m[Kerror: [m[Ktemplate argument 1 is invalid
[15.866s]    38 |         topic_rocon_fDr_pub_ = [01;31m[Kthis->create_publisher<std_msgs::msg::Uint16>("pub_rocon_Fdirec", 10)[m[K;
[15.867s]       |                                [01;31m[K~~~~~~~~~~~~~~~~~~~~~~~~~~~~~~~~~~~~~~~~~~~~~^~~~~~~~~~~~~~~~~~~~~~~~[m[K
[15.888s] [01m[K/home/curry/wilson_proj/ros2-rover-ws/src/package_rover_control/src/node_rover_control_a.cpp:41:9:[m[K [01;31m[Kerror: [m[Kâ€˜[01m[Ktopic_rocon_bDr_pub_[m[Kâ€™ was not declared in this scope; did you mean â€˜[01m[Ktopic_rocon_ang_pub_[m[Kâ€™?
[15.889s]    41 |         [01;31m[Ktopic_rocon_bDr_pub_[m[K = this->create_publisher<std_msgs::msg::UInt16>("pub_rocon_Bdirec", 10);
[15.889s]       |         [01;31m[K^~~~~~~~~~~~~~~~~~~~[m[K
[15.890s]       |         [32m[Ktopic_rocon_ang_pub_[m[K
[15.993s] [01m[K/home/curry/wilson_proj/ros2-rover-ws/src/package_rover_control/src/node_rover_control_a.cpp:[m[K In member function â€˜[01m[Kvoid Node_Rovercontrol::timer_callback()[m[Kâ€™:
[15.994s] [01m[K/home/curry/wilson_proj/ros2-rover-ws/src/package_rover_control/src/node_rover_control_a.cpp:92:9:[m[K [01;31m[Kerror: [m[Kâ€˜[01m[KfDr_msg_[m[Kâ€™ was not declared in this scope
[15.994s]    92 |         [01;31m[KfDr_msg_[m[K = static_cast<uint16_t>(ro_ctrl_msg1_);
[15.995s]       |         [01;31m[K^~~~~~~~[m[K
[16.014s] [01m[K/home/curry/wilson_proj/ros2-rover-ws/src/package_rover_control/src/node_rover_control_a.cpp:94:9:[m[K [01;31m[Kerror: [m[Kâ€˜[01m[KbDr_msg_[m[Kâ€™ was not declared in this scope
[16.015s]    94 |         [01;31m[KbDr_msg_[m[K = static_cast<uint16_t>(1); // 1 = FW, 0 = BW
[16.016s]       |         [01;31m[K^~~~~~~~[m[K
[16.016s] [01m[K/home/curry/wilson_proj/ros2-rover-ws/src/package_rover_control/src/node_rover_control_a.cpp:96:45:[m[K [01;31m[Kerror: [m[Kâ€˜[01m[KUint16[m[Kâ€™ is not a member of â€˜[01m[Kstd_msgs::msg[m[Kâ€™; did you mean â€˜[01m[KUInt16[m[Kâ€™?
[16.016s]    96 |         auto rocon_fDr_msg = std_msgs::msg::[01;31m[KUint16[m[K();
[16.017s]       |                                             [01;31m[K^~~~~~[m[K
[16.017s]       |                                             [32m[KUInt16[m[K
[16.038s] [01m[K/home/curry/wilson_proj/ros2-rover-ws/src/package_rover_control/src/node_rover_control_a.cpp:106:9:[m[K [01;31m[Kerror: [m[Kâ€˜[01m[Ktopic_rocon_fDr_pub_[m[Kâ€™ was not declared in this scope; did you mean â€˜[01m[Ktopic_rocon_ang_pub_[m[Kâ€™?
[16.039s]   106 |         [01;31m[Ktopic_rocon_fDr_pub_[m[K->publish(rocon_fDr_msg);
[16.039s]       |         [01;31m[K^~~~~~~~~~~~~~~~~~~~[m[K
[16.039s]       |         [32m[Ktopic_rocon_ang_pub_[m[K
[16.063s] [01m[K/home/curry/wilson_proj/ros2-rover-ws/src/package_rover_control/src/node_rover_control_a.cpp:109:9:[m[K [01;31m[Kerror: [m[Kâ€˜[01m[Ktopic_rocon_bDr_pub_[m[Kâ€™ was not declared in this scope; did you mean â€˜[01m[Ktopic_rocon_ang_pub_[m[Kâ€™?
[16.064s]   109 |         [01;31m[Ktopic_rocon_bDr_pub_[m[K->publish(rocon_bDr_msg);
[16.064s]       |         [01;31m[K^~~~~~~~~~~~~~~~~~~~[m[K
[16.064s]       |         [32m[Ktopic_rocon_ang_pub_[m[K
[28.250s] gmake[2]: *** [CMakeFiles/node_rovercontrol.dir/build.make:76: CMakeFiles/node_rovercontrol.dir/src/node_rover_control_a.cpp.o] Error 1
[28.251s] gmake[1]: *** [CMakeFiles/Makefile2:193: CMakeFiles/node_rovercontrol.dir/all] Error 2
[28.252s] gmake: *** [Makefile:146: all] Error 2
[28.259s] Invoked command in '/home/curry/wilson_proj/ros2-rover-ws/build/package_rover_control' returned '2': CMAKE_PREFIX_PATH=${CMAKE_PREFIX_PATH}:/opt/ros/humble /usr/bin/cmake --build /home/curry/wilson_proj/ros2-rover-ws/build/package_rover_control -- -j4 -l4
