[35m[1mConsolidate compiler generated dependencies of target node_command[0m
[ 33%] Built target motorcontrol
[ 66%] Built target node_motor_control
[ 83%] [32mBuilding CXX object CMakeFiles/node_command.dir/src/node_command.cpp.o[0m
[01m[K/home/yupi/rover_proj/ros2-base-ws/src/package_base_command/src/node_command.cpp:[m[K In constructor â€˜[01m[KNode_Command::Node_Command()[m[Kâ€™:
[01m[K/home/yupi/rover_proj/ros2-base-ws/src/package_base_command/src/node_command.cpp:13:9:[m[K [01;31m[Kerror: [m[Kâ€˜[01m[Ktopic_rovercontrol_publisher_[m[Kâ€™ was not declared in this scope; did you mean â€˜[01m[Ktopic_destination_publisher_[m[Kâ€™?
   13 |         [01;31m[Ktopic_rovercontrol_publisher_[m[K = this->create_publisher<std_msgs::msg::String>("topic_rovercontrol", 9);
      |         [01;31m[K^~~~~~~~~~~~~~~~~~~~~~~~~~~~~[m[K
      |         [32m[Ktopic_destination_publisher_[m[K
[01m[K/home/yupi/rover_proj/ros2-base-ws/src/package_base_command/src/node_command.cpp:[m[K In member function â€˜[01m[Krcl_interfaces::msg::SetParametersResult Node_Command::on_parameter_change(const std::vector<rclcpp::Parameter>&)[m[Kâ€™:
[01m[K/home/yupi/rover_proj/ros2-base-ws/src/package_base_command/src/node_command.cpp:49:37:[m[K [01;31m[Kerror: [m[Kâ€˜[01m[Kconst class rclcpp::Parameter[m[Kâ€™ has no member named â€˜[01m[Kas_uint8[m[Kâ€™; did you mean â€˜[01m[Kas_int[m[Kâ€™?
   49 |                 speedlimit_ = param.[01;31m[Kas_uint8[m[K();
      |                                     [01;31m[K^~~~~~~~[m[K
      |                                     [32m[Kas_int[m[K
[01m[K/home/yupi/rover_proj/ros2-base-ws/src/package_base_command/src/node_command.cpp:57:41:[m[K [01;31m[Kerror: [m[Kâ€˜[01m[Kconst class rclcpp::Parameter[m[Kâ€™ has no member named â€˜[01m[Kas_uint8[m[Kâ€™; did you mean â€˜[01m[Kas_int[m[Kâ€™?
   57 |                 frontDirection_ = param.[01;31m[Kas_uint8[m[K();
      |                                         [01;31m[K^~~~~~~~[m[K
      |                                         [32m[Kas_int[m[K
[01m[K/home/yupi/rover_proj/ros2-base-ws/src/package_base_command/src/node_command.cpp:59:37:[m[K [01;31m[Kerror: [m[Kâ€˜[01m[Kconst class rclcpp::Parameter[m[Kâ€™ has no member named â€˜[01m[Kas_uint8[m[Kâ€™; did you mean â€˜[01m[Kas_int[m[Kâ€™?
   59 |                 period_PWM_ = param.[01;31m[Kas_uint8[m[K();
      |                                     [01;31m[K^~~~~~~~[m[K
      |                                     [32m[Kas_int[m[K
[01m[K/home/yupi/rover_proj/ros2-base-ws/src/package_base_command/src/node_command.cpp:61:40:[m[K [01;31m[Kerror: [m[Kâ€˜[01m[Kconst class rclcpp::Parameter[m[Kâ€™ has no member named â€˜[01m[Kas_uint8[m[Kâ€™; did you mean â€˜[01m[Kas_int[m[Kâ€™?
   61 |                 dutycycle_PWM_ = param.[01;31m[Kas_uint8[m[K();
      |                                        [01;31m[K^~~~~~~~[m[K
      |                                        [32m[Kas_int[m[K
[01m[K/home/yupi/rover_proj/ros2-base-ws/src/package_base_command/src/node_command.cpp:[m[K In member function â€˜[01m[Kvoid Node_Command::publish_parameters()[m[Kâ€™:
[01m[K/home/yupi/rover_proj/ros2-base-ws/src/package_base_command/src/node_command.cpp:94:9:[m[K [01;31m[Kerror: [m[Kâ€˜[01m[Ktopic_rovercontrol_publisher_[m[Kâ€™ was not declared in this scope; did you mean â€˜[01m[Ktopic_destination_publisher_[m[Kâ€™?
   94 |         [01;31m[Ktopic_rovercontrol_publisher_[m[K->publish(control_message);
      |         [01;31m[K^~~~~~~~~~~~~~~~~~~~~~~~~~~~~[m[K
      |         [32m[Ktopic_destination_publisher_[m[K
gmake[2]: *** [CMakeFiles/node_command.dir/build.make:76: CMakeFiles/node_command.dir/src/node_command.cpp.o] Error 1
gmake[1]: *** [CMakeFiles/Makefile2:193: CMakeFiles/node_command.dir/all] Error 2
gmake: *** [Makefile:146: all] Error 2
