[0.016s] Invoking command in '/home/yupi/rover_proj/ros2-base-ws/build/package_base_command': CMAKE_PREFIX_PATH=${CMAKE_PREFIX_PATH}:/opt/ros/humble /usr/bin/cmake --build /home/yupi/rover_proj/ros2-base-ws/build/package_base_command -- -j4 -l4
[0.088s] [35m[1mConsolidate compiler generated dependencies of target node_command[0m
[0.102s] [ 33%] Built target motorcontrol
[0.111s] [ 66%] Built target node_motor_control
[0.116s] [ 83%] [32mBuilding CXX object CMakeFiles/node_command.dir/src/node_command.cpp.o[0m
[2.490s] [01m[K/home/yupi/rover_proj/ros2-base-ws/src/package_base_command/src/node_command.cpp:[m[K In constructor â€˜[01m[KNode_Command::Node_Command()[m[Kâ€™:
[2.490s] [01m[K/home/yupi/rover_proj/ros2-base-ws/src/package_base_command/src/node_command.cpp:13:9:[m[K [01;31m[Kerror: [m[Kâ€˜[01m[Ktopic_rovercontrol_publisher_[m[Kâ€™ was not declared in this scope; did you mean â€˜[01m[Ktopic_destination_publisher_[m[Kâ€™?
[2.490s]    13 |         [01;31m[Ktopic_rovercontrol_publisher_[m[K = this->create_publisher<std_msgs::msg::String>("topic_rovercontrol", 9);
[2.490s]       |         [01;31m[K^~~~~~~~~~~~~~~~~~~~~~~~~~~~~[m[K
[2.490s]       |         [32m[Ktopic_destination_publisher_[m[K
[2.511s] [01m[K/home/yupi/rover_proj/ros2-base-ws/src/package_base_command/src/node_command.cpp:[m[K In member function â€˜[01m[Krcl_interfaces::msg::SetParametersResult Node_Command::on_parameter_change(const std::vector<rclcpp::Parameter>&)[m[Kâ€™:
[2.511s] [01m[K/home/yupi/rover_proj/ros2-base-ws/src/package_base_command/src/node_command.cpp:49:37:[m[K [01;31m[Kerror: [m[Kâ€˜[01m[Kconst class rclcpp::Parameter[m[Kâ€™ has no member named â€˜[01m[Kas_uint8[m[Kâ€™; did you mean â€˜[01m[Kas_int[m[Kâ€™?
[2.511s]    49 |                 speedlimit_ = param.[01;31m[Kas_uint8[m[K();
[2.511s]       |                                     [01;31m[K^~~~~~~~[m[K
[2.511s]       |                                     [32m[Kas_int[m[K
[2.511s] [01m[K/home/yupi/rover_proj/ros2-base-ws/src/package_base_command/src/node_command.cpp:57:41:[m[K [01;31m[Kerror: [m[Kâ€˜[01m[Kconst class rclcpp::Parameter[m[Kâ€™ has no member named â€˜[01m[Kas_uint8[m[Kâ€™; did you mean â€˜[01m[Kas_int[m[Kâ€™?
[2.511s]    57 |                 frontDirection_ = param.[01;31m[Kas_uint8[m[K();
[2.511s]       |                                         [01;31m[K^~~~~~~~[m[K
[2.511s]       |                                         [32m[Kas_int[m[K
[2.512s] [01m[K/home/yupi/rover_proj/ros2-base-ws/src/package_base_command/src/node_command.cpp:59:37:[m[K [01;31m[Kerror: [m[Kâ€˜[01m[Kconst class rclcpp::Parameter[m[Kâ€™ has no member named â€˜[01m[Kas_uint8[m[Kâ€™; did you mean â€˜[01m[Kas_int[m[Kâ€™?
[2.512s]    59 |                 period_PWM_ = param.[01;31m[Kas_uint8[m[K();
[2.512s]       |                                     [01;31m[K^~~~~~~~[m[K
[2.512s]       |                                     [32m[Kas_int[m[K
[2.512s] [01m[K/home/yupi/rover_proj/ros2-base-ws/src/package_base_command/src/node_command.cpp:61:40:[m[K [01;31m[Kerror: [m[Kâ€˜[01m[Kconst class rclcpp::Parameter[m[Kâ€™ has no member named â€˜[01m[Kas_uint8[m[Kâ€™; did you mean â€˜[01m[Kas_int[m[Kâ€™?
[2.512s]    61 |                 dutycycle_PWM_ = param.[01;31m[Kas_uint8[m[K();
[2.512s]       |                                        [01;31m[K^~~~~~~~[m[K
[2.512s]       |                                        [32m[Kas_int[m[K
[2.524s] [01m[K/home/yupi/rover_proj/ros2-base-ws/src/package_base_command/src/node_command.cpp:[m[K In member function â€˜[01m[Kvoid Node_Command::publish_parameters()[m[Kâ€™:
[2.524s] [01m[K/home/yupi/rover_proj/ros2-base-ws/src/package_base_command/src/node_command.cpp:94:9:[m[K [01;31m[Kerror: [m[Kâ€˜[01m[Ktopic_rovercontrol_publisher_[m[Kâ€™ was not declared in this scope; did you mean â€˜[01m[Ktopic_destination_publisher_[m[Kâ€™?
[2.524s]    94 |         [01;31m[Ktopic_rovercontrol_publisher_[m[K->publish(control_message);
[2.524s]       |         [01;31m[K^~~~~~~~~~~~~~~~~~~~~~~~~~~~~[m[K
[2.524s]       |         [32m[Ktopic_destination_publisher_[m[K
[3.401s] gmake[2]: *** [CMakeFiles/node_command.dir/build.make:76: CMakeFiles/node_command.dir/src/node_command.cpp.o] Error 1
[3.402s] gmake[1]: *** [CMakeFiles/Makefile2:193: CMakeFiles/node_command.dir/all] Error 2
[3.402s] gmake: *** [Makefile:146: all] Error 2
[3.404s] Invoked command in '/home/yupi/rover_proj/ros2-base-ws/build/package_base_command' returned '2': CMAKE_PREFIX_PATH=${CMAKE_PREFIX_PATH}:/opt/ros/humble /usr/bin/cmake --build /home/yupi/rover_proj/ros2-base-ws/build/package_base_command -- -j4 -l4
