-- Found rosidl_default_generators: 1.5.0 (/opt/ros/iron/share/rosidl_default_generators/cmake)
-- Using all available rosidl_typesupport_c: rosidl_typesupport_fastrtps_c;rosidl_typesupport_introspection_c
-- Using all available rosidl_typesupport_cpp: rosidl_typesupport_fastrtps_cpp;rosidl_typesupport_introspection_cpp
-- Found rosidl_adapter: 4.0.1 (/opt/ros/iron/share/rosidl_adapter/cmake)
-- Found ament_cmake_ros: 0.11.2 (/opt/ros/iron/share/ament_cmake_ros/cmake)
-- Using all available rosidl_typesupport_c: rosidl_typesupport_fastrtps_c;rosidl_typesupport_introspection_c
-- Using all available rosidl_typesupport_cpp: rosidl_typesupport_fastrtps_cpp;rosidl_typesupport_introspection_cpp
-- Found python_cmake_module: 0.10.2 (/opt/ros/iron/share/python_cmake_module/cmake)
-- Using PYTHON_EXECUTABLE: /usr/bin/python3
-- Using PYTHON_INCLUDE_DIRS: /usr/include/python3.10
-- Using PYTHON_LIBRARIES: /usr/lib/aarch64-linux-gnu/libpython3.10.so
-- Found rover_control_package: 0.0.0 (/home/curry/wilson_proj/ros2-rover-ws/install/rover_control_package/share/rover_control_package/cmake)
-- Found rclcpp: 21.0.7 (/opt/ros/iron/share/rclcpp/cmake)
-- Found rmw_implementation_cmake: 7.1.0 (/opt/ros/iron/share/rmw_implementation_cmake/cmake)
-- Found rmw_fastrtps_cpp: 7.1.4 (/opt/ros/iron/share/rmw_fastrtps_cpp/cmake)
-- Using RMW implementation 'rmw_fastrtps_cpp' as default
-- Found rclcpp_action: 21.0.7 (/opt/ros/iron/share/rclcpp_action/cmake)
-- Found rclcpp_components: 21.0.7 (/opt/ros/iron/share/rclcpp_components/cmake)
-- Found std_srvs: 5.0.1 (/opt/ros/iron/share/std_srvs/cmake)
[0m-----------------------------------------------------------[0m
[0mCMAKE_CURRENT_SOURCE_DIR: /home/curry/wilson_proj/ros2-rover-ws/src/rover_control_package[0m
[0m-----------------------------------------------------------[0m
[0mFull include path: /home/curry/wilson_proj/ros2-rover-ws/src/rover_control_package/include[0m
[0m-----------------------------------------------------------[0m
[0mBUILD_INTERFACE path: /home/curry/wilson_proj/ros2-rover-ws/src/rover_control_package/include[0m
[0m-----------------------------------------------------------[0m
-- Found ament_lint_auto: 0.14.4 (/opt/ros/iron/share/ament_lint_auto/cmake)
-- Added test 'cppcheck' to perform static code analysis on C / C++ code
-- Configured cppcheck include dirs: $<BUILD_INTERFACE:/home/curry/wilson_proj/ros2-rover-ws/src/rover_control_package/include>
-- Configured cppcheck exclude dirs and/or files: 
-- Added test 'lint_cmake' to check CMake code style
-- Added test 'uncrustify' to check C / C++ code style
-- Configured uncrustify additional arguments: 
-- Added test 'xmllint' to check XML markup files
-- Configuring done
-- Generating done
-- Build files have been written to: /home/curry/wilson_proj/ros2-rover-ws/build/rover_control_package
[35m[1mConsolidate compiler generated dependencies of target carcontrol_server[0m
[  2%] Built target rover_control_package__rosidl_generator_type_description
[  5%] [32mBuilding CXX object CMakeFiles/carcontrol_ros2_server.dir/src/motor_drive_node.cpp.o[0m
[  5%] Built target ament_cmake_python_copy_rover_control_package
[ 10%] Built target carcontrol_server
[ 13%] Built target rover_control_package__cpp
[35m[1mConsolidate compiler generated dependencies of target rover_control_package__rosidl_generator_c[0m
[ 26%] Built target rover_control_package__rosidl_generator_c
[35m[1mConsolidate compiler generated dependencies of target rover_control_package__rosidl_typesupport_cpp[0m
[35m[1mConsolidate compiler generated dependencies of target rover_control_package__rosidl_typesupport_fastrtps_c[0m
[ 34%] Built target rover_control_package__rosidl_typesupport_cpp
[ 42%] Built target rover_control_package__rosidl_typesupport_fastrtps_c
[35m[1mConsolidate compiler generated dependencies of target rover_control_package__rosidl_typesupport_introspection_c[0m
[35m[1mConsolidate compiler generated dependencies of target rover_control_package__rosidl_typesupport_c[0m
[ 50%] Built target rover_control_package__rosidl_typesupport_introspection_c
[ 57%] Built target rover_control_package__rosidl_typesupport_c
[35m[1mConsolidate compiler generated dependencies of target rover_control_package__rosidl_typesupport_fastrtps_cpp[0m
[35m[1mConsolidate compiler generated dependencies of target rover_control_package__rosidl_typesupport_introspection_cpp[0m
[ 65%] Built target rover_control_package__rosidl_typesupport_fastrtps_cpp
[ 73%] Built target rover_control_package__rosidl_typesupport_introspection_cpp
[ 73%] Built target rover_control_package
[ 76%] Built target rover_control_package__py
[01m[K/home/curry/wilson_proj/ros2-rover-ws/src/rover_control_package/src/motor_drive_node.cpp:5:10:[m[K [01;31m[Kfatal error: [m[Krover_control_package/action/carcontrol.hpp: No such file or directory
    5 | #include [01;31m[K"rover_control_package/action/carcontrol.hpp"[m[K
      |          [01;31m[K^~~~~~~~~~~~~~~~~~~~~~~~~~~~~~~~~~~~~~~~~~~~~[m[K
compilation terminated.
gmake[2]: *** [CMakeFiles/carcontrol_ros2_server.dir/build.make:76: CMakeFiles/carcontrol_ros2_server.dir/src/motor_drive_node.cpp.o] Error 1
gmake[1]: *** [CMakeFiles/Makefile2:625: CMakeFiles/carcontrol_ros2_server.dir/all] Error 2
gmake[1]: *** Waiting for unfinished jobs....
[35m[1mConsolidate compiler generated dependencies of target rover_control_package__rosidl_generator_py[0m
[ 81%] Built target rover_control_package__rosidl_generator_py
running egg_info
writing rover_control_package.egg-info/PKG-INFO
writing dependency_links to rover_control_package.egg-info/dependency_links.txt
writing top-level names to rover_control_package.egg-info/top_level.txt
reading manifest file 'rover_control_package.egg-info/SOURCES.txt'
writing manifest file 'rover_control_package.egg-info/SOURCES.txt'
[ 81%] Built target ament_cmake_python_build_rover_control_package_egg
gmake: *** [Makefile:146: all] Error 2
