[0.063s] Invoking command in '/home/curry/wilson_proj/ros2-rover-ws/build/rover_control_package': CMAKE_PREFIX_PATH=/opt/ros/iron /usr/bin/cmake --build /home/curry/wilson_proj/ros2-rover-ws/build/rover_control_package -- -j4 -l4
[0.173s] -- Found rosidl_default_generators: 1.5.0 (/opt/ros/iron/share/rosidl_default_generators/cmake)
[1.066s] -- Using all available rosidl_typesupport_c: rosidl_typesupport_fastrtps_c;rosidl_typesupport_introspection_c
[1.339s] -- Using all available rosidl_typesupport_cpp: rosidl_typesupport_fastrtps_cpp;rosidl_typesupport_introspection_cpp
[1.468s] -- Found rosidl_adapter: 4.0.1 (/opt/ros/iron/share/rosidl_adapter/cmake)
[3.573s] -- Found ament_cmake_ros: 0.11.2 (/opt/ros/iron/share/ament_cmake_ros/cmake)
[4.393s] -- Using all available rosidl_typesupport_c: rosidl_typesupport_fastrtps_c;rosidl_typesupport_introspection_c
[5.475s] -- Using all available rosidl_typesupport_cpp: rosidl_typesupport_fastrtps_cpp;rosidl_typesupport_introspection_cpp
[5.574s] -- Found python_cmake_module: 0.10.2 (/opt/ros/iron/share/python_cmake_module/cmake)
[5.671s] -- Using PYTHON_EXECUTABLE: /usr/bin/python3
[5.672s] -- Using PYTHON_INCLUDE_DIRS: /usr/include/python3.10
[5.672s] -- Using PYTHON_LIBRARIES: /usr/lib/aarch64-linux-gnu/libpython3.10.so
[5.743s] -- Found rover_control_package: 0.0.0 (/home/curry/wilson_proj/ros2-rover-ws/install/rover_control_package/share/rover_control_package/cmake)
[6.021s] -- Found rclcpp: 21.0.7 (/opt/ros/iron/share/rclcpp/cmake)
[6.374s] -- Found rmw_implementation_cmake: 7.1.0 (/opt/ros/iron/share/rmw_implementation_cmake/cmake)
[6.379s] -- Found rmw_fastrtps_cpp: 7.1.4 (/opt/ros/iron/share/rmw_fastrtps_cpp/cmake)
[7.371s] -- Using RMW implementation 'rmw_fastrtps_cpp' as default
[7.991s] -- Found rclcpp_action: 21.0.7 (/opt/ros/iron/share/rclcpp_action/cmake)
[8.120s] -- Found rclcpp_components: 21.0.7 (/opt/ros/iron/share/rclcpp_components/cmake)
[8.456s] -- Found std_srvs: 5.0.1 (/opt/ros/iron/share/std_srvs/cmake)
[8.628s] [0m-----------------------------------------------------------[0m
[8.628s] [0mCMAKE_CURRENT_SOURCE_DIR: /home/curry/wilson_proj/ros2-rover-ws/src/rover_control_package[0m
[8.629s] [0m-----------------------------------------------------------[0m
[8.629s] [0mFull include path: /home/curry/wilson_proj/ros2-rover-ws/src/rover_control_package/include[0m
[8.629s] [0m-----------------------------------------------------------[0m
[8.630s] [0mBUILD_INTERFACE path: /home/curry/wilson_proj/ros2-rover-ws/src/rover_control_package/include[0m
[8.630s] [0m-----------------------------------------------------------[0m
[8.635s] -- Found ament_lint_auto: 0.14.4 (/opt/ros/iron/share/ament_lint_auto/cmake)
[8.678s] -- Added test 'cppcheck' to perform static code analysis on C / C++ code
[8.680s] -- Configured cppcheck include dirs: $<BUILD_INTERFACE:/home/curry/wilson_proj/ros2-rover-ws/src/rover_control_package/include>
[8.681s] -- Configured cppcheck exclude dirs and/or files: 
[8.684s] -- Added test 'lint_cmake' to check CMake code style
[8.693s] -- Added test 'uncrustify' to check C / C++ code style
[8.693s] -- Configured uncrustify additional arguments: 
[8.695s] -- Added test 'xmllint' to check XML markup files
[8.705s] -- Configuring done
[8.964s] -- Generating done
[8.988s] -- Build files have been written to: /home/curry/wilson_proj/ros2-rover-ws/build/rover_control_package
[9.123s] [35m[1mConsolidate compiler generated dependencies of target carcontrol_server[0m
[9.153s] [  2%] Built target rover_control_package__rosidl_generator_type_description
[9.164s] [  5%] [32mBuilding CXX object CMakeFiles/carcontrol_ros2_server.dir/src/motor_drive_node.cpp.o[0m
[9.213s] [  5%] Built target ament_cmake_python_copy_rover_control_package
[9.228s] [ 10%] Built target carcontrol_server
[9.244s] [ 13%] Built target rover_control_package__cpp
[9.262s] [35m[1mConsolidate compiler generated dependencies of target rover_control_package__rosidl_generator_c[0m
[9.315s] [ 26%] Built target rover_control_package__rosidl_generator_c
[9.364s] [35m[1mConsolidate compiler generated dependencies of target rover_control_package__rosidl_typesupport_cpp[0m
[9.367s] [35m[1mConsolidate compiler generated dependencies of target rover_control_package__rosidl_typesupport_fastrtps_c[0m
[9.432s] [ 34%] Built target rover_control_package__rosidl_typesupport_cpp
[9.434s] [ 42%] Built target rover_control_package__rosidl_typesupport_fastrtps_c
[9.482s] [35m[1mConsolidate compiler generated dependencies of target rover_control_package__rosidl_typesupport_introspection_c[0m
[9.485s] [35m[1mConsolidate compiler generated dependencies of target rover_control_package__rosidl_typesupport_c[0m
[9.536s] [ 50%] Built target rover_control_package__rosidl_typesupport_introspection_c
[9.545s] [ 57%] Built target rover_control_package__rosidl_typesupport_c
[9.584s] [35m[1mConsolidate compiler generated dependencies of target rover_control_package__rosidl_typesupport_fastrtps_cpp[0m
[9.595s] [35m[1mConsolidate compiler generated dependencies of target rover_control_package__rosidl_typesupport_introspection_cpp[0m
[9.656s] [ 65%] Built target rover_control_package__rosidl_typesupport_fastrtps_cpp
[9.667s] [ 73%] Built target rover_control_package__rosidl_typesupport_introspection_cpp
[9.752s] [ 73%] Built target rover_control_package
[9.835s] [ 76%] Built target rover_control_package__py
[9.861s] [01m[K/home/curry/wilson_proj/ros2-rover-ws/src/rover_control_package/src/motor_drive_node.cpp:5:10:[m[K [01;31m[Kfatal error: [m[Krover_control_package/action/carcontrol.hpp: No such file or directory
[9.862s]     5 | #include [01;31m[K"rover_control_package/action/carcontrol.hpp"[m[K
[9.863s]       |          [01;31m[K^~~~~~~~~~~~~~~~~~~~~~~~~~~~~~~~~~~~~~~~~~~~~[m[K
[9.864s] compilation terminated.
[9.870s] gmake[2]: *** [CMakeFiles/carcontrol_ros2_server.dir/build.make:76: CMakeFiles/carcontrol_ros2_server.dir/src/motor_drive_node.cpp.o] Error 1
[9.872s] gmake[1]: *** [CMakeFiles/Makefile2:625: CMakeFiles/carcontrol_ros2_server.dir/all] Error 2
[9.872s] gmake[1]: *** Waiting for unfinished jobs....
[9.880s] [35m[1mConsolidate compiler generated dependencies of target rover_control_package__rosidl_generator_py[0m
[9.937s] [ 81%] Built target rover_control_package__rosidl_generator_py
[10.491s] running egg_info
[10.494s] writing rover_control_package.egg-info/PKG-INFO
[10.495s] writing dependency_links to rover_control_package.egg-info/dependency_links.txt
[10.496s] writing top-level names to rover_control_package.egg-info/top_level.txt
[10.506s] reading manifest file 'rover_control_package.egg-info/SOURCES.txt'
[10.509s] writing manifest file 'rover_control_package.egg-info/SOURCES.txt'
[10.635s] [ 81%] Built target ament_cmake_python_build_rover_control_package_egg
[10.639s] gmake: *** [Makefile:146: all] Error 2
[10.644s] Invoked command in '/home/curry/wilson_proj/ros2-rover-ws/build/rover_control_package' returned '2': CMAKE_PREFIX_PATH=/opt/ros/iron /usr/bin/cmake --build /home/curry/wilson_proj/ros2-rover-ws/build/rover_control_package -- -j4 -l4
