[0.097s] Invoking command in '/home/curry/wilson_proj/ros2-rover-ws/build/package_rover_control': CMAKE_PREFIX_PATH=/opt/ros/humble /usr/bin/cmake --build /home/curry/wilson_proj/ros2-rover-ws/build/package_rover_control -- -j4 -l4
[0.410s] [35m[1mConsolidate compiler generated dependencies of target node_rovercontrol[0m
[0.516s] [ 33%] Built target motorcontrol
[0.633s] [ 66%] Built target node_motor_control
[0.658s] [ 83%] [32mBuilding CXX object CMakeFiles/node_rovercontrol.dir/src/node_rover_control_a.cpp.o[0m
[10.853s] [01m[K/home/curry/wilson_proj/ros2-rover-ws/src/package_rover_control/src/node_rover_control_a.cpp:[m[K In member function â€˜[01m[Kvoid Node_Rovercontrol::timer_callback()[m[Kâ€™:
[10.853s] [01m[K/home/curry/wilson_proj/ros2-rover-ws/src/package_rover_control/src/node_rover_control_a.cpp:86:9:[m[K [01;31m[Kerror: [m[Kâ€˜[01m[Ktopic_rovercontrolpublisher[m[Kâ€™ was not declared in this scope; did you mean â€˜[01m[Ktopic_rovercontrol_publisher_[m[Kâ€™?
[10.853s]    86 |         [01;31m[Ktopic_rovercontrolpublisher[m[K->publish(rovercon_msg);
[10.854s]       |         [01;31m[K^~~~~~~~~~~~~~~~~~~~~~~~~~~[m[K
[10.854s]       |         [32m[Ktopic_rovercontrol_publisher_[m[K
[22.200s] gmake[2]: *** [CMakeFiles/node_rovercontrol.dir/build.make:76: CMakeFiles/node_rovercontrol.dir/src/node_rover_control_a.cpp.o] Error 1
[22.201s] gmake[1]: *** [CMakeFiles/Makefile2:193: CMakeFiles/node_rovercontrol.dir/all] Error 2
[22.202s] gmake: *** [Makefile:146: all] Error 2
[22.209s] Invoked command in '/home/curry/wilson_proj/ros2-rover-ws/build/package_rover_control' returned '2': CMAKE_PREFIX_PATH=/opt/ros/humble /usr/bin/cmake --build /home/curry/wilson_proj/ros2-rover-ws/build/package_rover_control -- -j4 -l4
