[  2%] Built target test_package__cpp
[ 10%] Built target test_package__rosidl_generator_c
[ 16%] Built target fibonacci_action_client
[ 16%] Built target ament_cmake_python_copy_test_package
[ 24%] Built target test_package__rosidl_typesupport_cpp
[ 29%] Built target Tclient_node
[ 37%] Built target test_package__rosidl_typesupport_fastrtps_c
[ 45%] Built target test_package__rosidl_typesupport_introspection_c
[ 54%] Built target test_package__rosidl_typesupport_c
[ 62%] Built target test_package__rosidl_typesupport_fastrtps_cpp
[ 70%] Built target test_package__rosidl_typesupport_introspection_cpp
[35m[1mConsolidate compiler generated dependencies of target action_client[0m
[ 70%] Built target test_package
[ 72%] [32mBuilding CXX object CMakeFiles/action_client.dir/src/Action_client_node.cpp.o[0m
[ 75%] Built target test_package__py
[ 81%] Built target test_package__rosidl_generator_py
[ 91%] Built target test_package__rosidl_typesupport_fastrtps_c__pyext
[ 91%] Built target test_package__rosidl_typesupport_introspection_c__pyext
[ 97%] Built target test_package__rosidl_typesupport_c__pyext
running egg_info
writing test_package.egg-info/PKG-INFO
writing dependency_links to test_package.egg-info/dependency_links.txt
writing top-level names to test_package.egg-info/top_level.txt
reading manifest file 'test_package.egg-info/SOURCES.txt'
writing manifest file 'test_package.egg-info/SOURCES.txt'
[ 97%] Built target ament_cmake_python_build_test_package_egg
[01m[K/home/yupi/rover_proj/ros2-base-ws/src/test_package/src/Action_client_node.cpp:[m[K In lambda function:
[01m[K/home/yupi/rover_proj/ros2-base-ws/src/test_package/src/Action_client_node.cpp:53:38:[m[K [01;31m[Kerror: [m[Kcannot convert â€˜[01m[Kstd::shared_ptr<rclcpp_action::ClientGoalHandle<test_package::action::Fibonacci> >[m[Kâ€™ to â€˜[01m[Kstd::shared_future<std::shared_ptr<rclcpp_action::ClientGoalHandle<test_package::action::Fibonacci> > >[m[Kâ€™
   53 |         this->goal_response_callback([01;31m[Kgoal_handle[m[K);
      |                                      [01;31m[K^~~~~~~~~~~[m[K
      |                                      [01;31m[K|[m[K
      |                                      [01;31m[Kstd::shared_ptr<rclcpp_action::ClientGoalHandle<test_package::action::Fibonacci> >[m[K
[01m[K/home/yupi/rover_proj/ros2-base-ws/src/test_package/src/Action_client_node.cpp:78:82:[m[K [01;36m[Knote: [m[K  initializing argument 1 of â€˜[01m[Kvoid action_tutorials_cpp::FibonacciActionClient::goal_response_callback(std::shared_future<std::shared_ptr<rclcpp_action::ClientGoalHandle<test_package::action::Fibonacci> > >)[m[Kâ€™
   78 |   void goal_response_callback([01;36m[Kstd::shared_future<GoalHandleFibonacci::SharedPtr> future[m[K)
      |                               [01;36m[K~~~~~~~~~~~~~~~~~~~~~~~~~~~~~~~~~~~~~~~~~~~~~~~~~~~^~~~~~[m[K
[01m[K/home/yupi/rover_proj/ros2-base-ws/src/test_package/src/Action_client_node.cpp:[m[K In lambda function:
[01m[K/home/yupi/rover_proj/ros2-base-ws/src/test_package/src/Action_client_node.cpp:58:32:[m[K [01;31m[Kerror: [m[Kno matching function for call to â€˜[01m[Kaction_tutorials_cpp::FibonacciActionClient::feedback_callback(const std::shared_ptr<const test_package::action::Fibonacci_Feedback_<std::allocator<void> > >&)[m[Kâ€™
   58 |         [01;31m[Kthis->feedback_callback(feedback)[m[K;
      |         [01;31m[K~~~~~~~~~~~~~~~~~~~~~~~^~~~~~~~~~[m[K
[01m[K/home/yupi/rover_proj/ros2-base-ws/src/test_package/src/Action_client_node.cpp:88:8:[m[K [01;36m[Knote: [m[Kcandidate: â€˜[01m[Kvoid action_tutorials_cpp::FibonacciActionClient::feedback_callback(rclcpp_action::ClientGoalHandle<test_package::action::Fibonacci>::SharedPtr, std::shared_ptr<const test_package::action::Fibonacci_Feedback_<std::allocator<void> > >)[m[Kâ€™
   88 |   void [01;36m[Kfeedback_callback[m[K(
      |        [01;36m[K^~~~~~~~~~~~~~~~~[m[K
[01m[K/home/yupi/rover_proj/ros2-base-ws/src/test_package/src/Action_client_node.cpp:88:8:[m[K [01;36m[Knote: [m[K  candidate expects 2 arguments, 1 provided
gmake[2]: *** [CMakeFiles/action_client.dir/build.make:76: CMakeFiles/action_client.dir/src/Action_client_node.cpp.o] Error 1
gmake[1]: *** [CMakeFiles/Makefile2:599: CMakeFiles/action_client.dir/all] Error 2
gmake: *** [Makefile:146: all] Error 2
