[01m[K/home/curry/wilson_proj/ros2-rover-ws/src/test_package/src/Action_server_node.cpp:10:10:[m[K [01;31m[Kfatal error: [m[Ktest_package/visibility_control.h: No such file or directory
   10 | #include [01;31m[K"test_package/visibility_control.h"[m[K
      |          [01;31m[K^~~~~~~~~~~~~~~~~~~~~~~~~~~~~~~~~~~[m[K
compilation terminated.
gmake[2]: *** [CMakeFiles/action_server.dir/build.make:76: CMakeFiles/action_server.dir/src/Action_server_node.cpp.o] Error 1
gmake[1]: *** [CMakeFiles/Makefile2:630: CMakeFiles/action_server.dir/all] Error 2
gmake: *** [Makefile:146: all] Error 2
