[0.250s] Invoking command in '/home/curry/wilson_proj/ros2-rover-ws/build/package_navigate_route': CMAKE_PREFIX_PATH=${CMAKE_PREFIX_PATH}:/opt/ros/humble /usr/bin/cmake --build /home/curry/wilson_proj/ros2-rover-ws/build/package_navigate_route -- -j4 -l4
[0.397s] -- Found ament_cmake: 1.3.11 (/opt/ros/humble/share/ament_cmake/cmake)
[1.630s] -- Found rclcpp: 16.0.11 (/opt/ros/humble/share/rclcpp/cmake)
[2.035s] -- Found rosidl_generator_c: 3.1.6 (/opt/ros/humble/share/rosidl_generator_c/cmake)
[2.051s] -- Found rosidl_adapter: 3.1.6 (/opt/ros/humble/share/rosidl_adapter/cmake)
[2.088s] -- Found rosidl_generator_cpp: 3.1.6 (/opt/ros/humble/share/rosidl_generator_cpp/cmake)
[2.144s] -- Using all available rosidl_typesupport_c: rosidl_typesupport_fastrtps_c;rosidl_typesupport_introspection_c
[2.216s] -- Using all available rosidl_typesupport_cpp: rosidl_typesupport_fastrtps_cpp;rosidl_typesupport_introspection_cpp
[2.426s] -- Found rmw_implementation_cmake: 6.1.2 (/opt/ros/humble/share/rmw_implementation_cmake/cmake)
[2.437s] -- Found rmw_fastrtps_cpp: 6.2.7 (/opt/ros/humble/share/rmw_fastrtps_cpp/cmake)
[3.686s] -- Using RMW implementation 'rmw_fastrtps_cpp' as default
[3.985s] -- Found ament_lint_auto: 0.12.11 (/opt/ros/humble/share/ament_lint_auto/cmake)
[4.357s] -- Added test 'cppcheck' to perform static code analysis on C / C++ code
[4.357s] -- Configured cppcheck include dirs: $<BUILD_INTERFACE:/home/curry/wilson_proj/ros2-rover-ws/src/package_navigate_route/include>
[4.358s] -- Configured cppcheck exclude dirs and/or files: 
[4.361s] -- Added test 'lint_cmake' to check CMake code style
[4.369s] -- Added test 'uncrustify' to check C / C++ code style
[4.369s] -- Configured uncrustify additional arguments: 
[4.371s] -- Added test 'xmllint' to check XML markup files
[4.376s] -- Configuring done
[4.441s] -- Generating done
[4.454s] -- Build files have been written to: /home/curry/wilson_proj/ros2-rover-ws/build/package_navigate_route
[4.628s] [ 50%] [32mBuilding CXX object CMakeFiles/node_destination.dir/src/node_destination.cpp.o[0m
[22.332s] [100%] [32m[1mLinking CXX executable node_destination[0m
[23.187s] /usr/bin/ld: CMakeFiles/node_destination.dir/src/node_destination.cpp.o: in function `GNSSPublisher::readSerialData()':
[23.188s] node_destination.cpp:(.text._ZN13GNSSPublisher14readSerialDataEv[_ZN13GNSSPublisher14readSerialDataEv]+0x1ac): undefined reference to `Json::CharReaderBuilder::CharReaderBuilder()'
[23.189s] /usr/bin/ld: node_destination.cpp:(.text._ZN13GNSSPublisher14readSerialDataEv[_ZN13GNSSPublisher14readSerialDataEv]+0x1b8): undefined reference to `Json::Value::Value(Json::ValueType)'
[23.190s] /usr/bin/ld: node_destination.cpp:(.text._ZN13GNSSPublisher14readSerialDataEv[_ZN13GNSSPublisher14readSerialDataEv]+0x20c): undefined reference to `Json::parseFromStream(Json::CharReader::Factory const&, std::istream&, Json::Value*, std::__cxx11::basic_string<char, std::char_traits<char>, std::allocator<char> >*)'
[23.190s] /usr/bin/ld: node_destination.cpp:(.text._ZN13GNSSPublisher14readSerialDataEv[_ZN13GNSSPublisher14readSerialDataEv]+0x4ec): undefined reference to `Json::Value::~Value()'
[23.191s] /usr/bin/ld: node_destination.cpp:(.text._ZN13GNSSPublisher14readSerialDataEv[_ZN13GNSSPublisher14readSerialDataEv]+0x4f4): undefined reference to `Json::CharReaderBuilder::~CharReaderBuilder()'
[23.191s] /usr/bin/ld: node_destination.cpp:(.text._ZN13GNSSPublisher14readSerialDataEv[_ZN13GNSSPublisher14readSerialDataEv]+0x5ac): undefined reference to `Json::Value::~Value()'
[23.191s] /usr/bin/ld: node_destination.cpp:(.text._ZN13GNSSPublisher14readSerialDataEv[_ZN13GNSSPublisher14readSerialDataEv]+0x5bc): undefined reference to `Json::CharReaderBuilder::~CharReaderBuilder()'
[23.257s] collect2: error: ld returned 1 exit status
[23.265s] gmake[2]: *** [CMakeFiles/node_destination.dir/build.make:159: node_destination] Error 1
[23.266s] gmake[1]: *** [CMakeFiles/Makefile2:137: CMakeFiles/node_destination.dir/all] Error 2
[23.267s] gmake: *** [Makefile:146: all] Error 2
[23.275s] Invoked command in '/home/curry/wilson_proj/ros2-rover-ws/build/package_navigate_route' returned '2': CMAKE_PREFIX_PATH=${CMAKE_PREFIX_PATH}:/opt/ros/humble /usr/bin/cmake --build /home/curry/wilson_proj/ros2-rover-ws/build/package_navigate_route -- -j4 -l4
