[0.011s] Invoking command in '/home/yupi/rover_proj/ros2-base/build/pubsub_text': CMAKE_PREFIX_PATH=${CMAKE_PREFIX_PATH}:/opt/ros/humble /usr/bin/cmake --build /home/yupi/rover_proj/ros2-base/build/pubsub_text -- -j4 -l4
[0.053s] [35m[1mConsolidate compiler generated dependencies of target ethernet_request_node[0m
[0.071s] [ 50%] [32mBuilding CXX object CMakeFiles/ethernet_request_node.dir/src/ethernet_request_node.cpp.o[0m
[2.415s] [01m[K/home/yupi/rover_proj/ros2-base/src/pubsub_text/src/ethernet_request_node.cpp:[m[K In constructor â€˜[01m[KEthernetRequest::EthernetRequest()[m[Kâ€™:
[2.415s] [01m[K/home/yupi/rover_proj/ros2-base/src/pubsub_text/src/ethernet_request_node.cpp:11:17:[m[K [01;31m[Kerror: [m[Kunable to find numeric literal operator â€˜[01m[Koperator""ms[m[Kâ€™
[2.415s]    11 |                 [01;31m[K2000ms[m[K, std::bind(&EthernetRequest::send_request, this));
[2.415s]       |                 [01;31m[K^~~~~~[m[K
[3.014s] gmake[2]: *** [CMakeFiles/ethernet_request_node.dir/build.make:76: CMakeFiles/ethernet_request_node.dir/src/ethernet_request_node.cpp.o] Error 1
[3.014s] gmake[1]: *** [CMakeFiles/Makefile2:137: CMakeFiles/ethernet_request_node.dir/all] Error 2
[3.015s] gmake: *** [Makefile:146: all] Error 2
[3.016s] Invoked command in '/home/yupi/rover_proj/ros2-base/build/pubsub_text' returned '2': CMAKE_PREFIX_PATH=${CMAKE_PREFIX_PATH}:/opt/ros/humble /usr/bin/cmake --build /home/yupi/rover_proj/ros2-base/build/pubsub_text -- -j4 -l4
