[0.000000] (-) TimerEvent: {}
[0.001596] (rover_control_package) JobQueued: {'identifier': 'rover_control_package', 'dependencies': OrderedDict()}
[0.002141] (test_package) JobQueued: {'identifier': 'test_package', 'dependencies': OrderedDict()}
[0.002233] (rover_control_package) JobStarted: {'identifier': 'rover_control_package'}
[0.027474] (test_package) JobStarted: {'identifier': 'test_package'}
[0.050215] (rover_control_package) JobProgress: {'identifier': 'rover_control_package', 'progress': 'cmake'}
[0.053732] (rover_control_package) JobProgress: {'identifier': 'rover_control_package', 'progress': 'build'}
[0.056681] (rover_control_package) Command: {'cmd': ['/usr/bin/cmake', '--build', '/home/curry/wilson_proj/ros2-rover-ws/build/rover_control_package', '--', '-j4', '-l4'], 'cwd': '/home/curry/wilson_proj/ros2-rover-ws/build/rover_control_package', 'env': OrderedDict([('LESSOPEN', '| /usr/bin/lesspipe %s'), ('USER', 'curry'), ('SSH_CLIENT', '172.30.90.223 54208 22'), ('LC_TIME', 'en_US.UTF-8'), ('XDG_SESSION_TYPE', 'tty'), ('SHLVL', '1'), ('LD_LIBRARY_PATH', '/opt/ros/iron/opt/rviz_ogre_vendor/lib:/opt/ros/iron/lib/aarch64-linux-gnu:/opt/ros/iron/lib'), ('MOTD_SHOWN', 'pam'), ('HOME', '/home/curry'), ('OLDPWD', '/home/curry/wilson_proj'), ('SSH_TTY', '/dev/pts/0'), ('ROS_PYTHON_VERSION', '3'), ('LC_MONETARY', 'en_US.UTF-8'), ('DBUS_SESSION_BUS_ADDRESS', 'unix:path=/run/user/1000/bus'), ('ROS_DISTRO', 'iron'), ('LOGNAME', 'curry'), ('_', '/usr/bin/colcon'), ('ROS_VERSION', '2'), ('XDG_SESSION_CLASS', 'user'), ('TERM', 'xterm-256color'), ('XDG_SESSION_ID', '238'), ('PATH', '/opt/ros/iron/bin:/home/curry/.cargo/bin:/usr/local/sbin:/usr/local/bin:/usr/sbin:/usr/bin:/sbin:/bin:/usr/games:/usr/local/games:/snap/bin'), ('PAPERSIZE', 'letter'), ('LC_ADDRESS', 'en_US.UTF-8'), ('XDG_RUNTIME_DIR', '/run/user/1000'), ('LANG', 'en_US.UTF-8'), ('LC_TELEPHONE', 'en_US.UTF-8'), ('LS_COLORS', 'rs=0:di=01;34:ln=01;36:mh=00:pi=40;33:so=01;35:do=01;35:bd=40;33;01:cd=40;33;01:or=40;31;01:mi=00:su=37;41:sg=30;43:ca=30;41:tw=30;42:ow=34;42:st=37;44:ex=01;32:*.tar=01;31:*.tgz=01;31:*.arc=01;31:*.arj=01;31:*.taz=01;31:*.lha=01;31:*.lz4=01;31:*.lzh=01;31:*.lzma=01;31:*.tlz=01;31:*.txz=01;31:*.tzo=01;31:*.t7z=01;31:*.zip=01;31:*.z=01;31:*.dz=01;31:*.gz=01;31:*.lrz=01;31:*.lz=01;31:*.lzo=01;31:*.xz=01;31:*.zst=01;31:*.tzst=01;31:*.bz2=01;31:*.bz=01;31:*.tbz=01;31:*.tbz2=01;31:*.tz=01;31:*.deb=01;31:*.rpm=01;31:*.jar=01;31:*.war=01;31:*.ear=01;31:*.sar=01;31:*.rar=01;31:*.alz=01;31:*.ace=01;31:*.zoo=01;31:*.cpio=01;31:*.7z=01;31:*.rz=01;31:*.cab=01;31:*.wim=01;31:*.swm=01;31:*.dwm=01;31:*.esd=01;31:*.jpg=01;35:*.jpeg=01;35:*.mjpg=01;35:*.mjpeg=01;35:*.gif=01;35:*.bmp=01;35:*.pbm=01;35:*.pgm=01;35:*.ppm=01;35:*.tga=01;35:*.xbm=01;35:*.xpm=01;35:*.tif=01;35:*.tiff=01;35:*.png=01;35:*.svg=01;35:*.svgz=01;35:*.mng=01;35:*.pcx=01;35:*.mov=01;35:*.mpg=01;35:*.mpeg=01;35:*.m2v=01;35:*.mkv=01;35:*.webm=01;35:*.webp=01;35:*.ogm=01;35:*.mp4=01;35:*.m4v=01;35:*.mp4v=01;35:*.vob=01;35:*.qt=01;35:*.nuv=01;35:*.wmv=01;35:*.asf=01;35:*.rm=01;35:*.rmvb=01;35:*.flc=01;35:*.avi=01;35:*.fli=01;35:*.flv=01;35:*.gl=01;35:*.dl=01;35:*.xcf=01;35:*.xwd=01;35:*.yuv=01;35:*.cgm=01;35:*.emf=01;35:*.ogv=01;35:*.ogx=01;35:*.aac=00;36:*.au=00;36:*.flac=00;36:*.m4a=00;36:*.mid=00;36:*.midi=00;36:*.mka=00;36:*.mp3=00;36:*.mpc=00;36:*.ogg=00;36:*.ra=00;36:*.wav=00;36:*.oga=00;36:*.opus=00;36:*.spx=00;36:*.xspf=00;36:'), ('ROS_DOMAIN_ID', '10'), ('AMENT_PREFIX_PATH', '/opt/ros/iron'), ('SHELL', '/bin/bash'), ('LC_NAME', 'en_US.UTF-8'), ('LESSCLOSE', '/usr/bin/lesspipe %s %s'), ('LC_MEASUREMENT', 'en_US.UTF-8'), ('LC_IDENTIFICATION', 'en_US.UTF-8'), ('ROS_AUTOMATIC_DISCOVERY_RANGE', 'SUBNET'), ('PWD', '/home/curry/wilson_proj/ros2-rover-ws/build/rover_control_package'), ('LC_ALL', 'en_US.UTF-8'), ('SSH_CONNECTION', '172.30.90.223 54208 172.30.81.58 22'), ('XDG_DATA_DIRS', '/usr/share/gnome:/usr/local/share:/usr/share:/var/lib/snapd/desktop'), ('PYTHONPATH', '/opt/ros/iron/lib/python3.10/site-packages'), ('LC_NUMERIC', 'en_US.UTF-8'), ('LC_PAPER', 'en_US.UTF-8'), ('COLCON', '1'), ('CMAKE_PREFIX_PATH', '/opt/ros/iron')]), 'shell': False}
[0.072756] (test_package) JobProgress: {'identifier': 'test_package', 'progress': 'cmake'}
[0.076461] (test_package) JobProgress: {'identifier': 'test_package', 'progress': 'build'}
[0.081187] (test_package) Command: {'cmd': ['/usr/bin/cmake', '--build', '/home/curry/wilson_proj/ros2-rover-ws/build/test_package', '--', '-j4', '-l4'], 'cwd': '/home/curry/wilson_proj/ros2-rover-ws/build/test_package', 'env': OrderedDict([('LESSOPEN', '| /usr/bin/lesspipe %s'), ('USER', 'curry'), ('SSH_CLIENT', '172.30.90.223 54208 22'), ('LC_TIME', 'en_US.UTF-8'), ('XDG_SESSION_TYPE', 'tty'), ('SHLVL', '1'), ('LD_LIBRARY_PATH', '/opt/ros/iron/opt/rviz_ogre_vendor/lib:/opt/ros/iron/lib/aarch64-linux-gnu:/opt/ros/iron/lib'), ('MOTD_SHOWN', 'pam'), ('HOME', '/home/curry'), ('OLDPWD', '/home/curry/wilson_proj'), ('SSH_TTY', '/dev/pts/0'), ('ROS_PYTHON_VERSION', '3'), ('LC_MONETARY', 'en_US.UTF-8'), ('DBUS_SESSION_BUS_ADDRESS', 'unix:path=/run/user/1000/bus'), ('ROS_DISTRO', 'iron'), ('LOGNAME', 'curry'), ('_', '/usr/bin/colcon'), ('ROS_VERSION', '2'), ('XDG_SESSION_CLASS', 'user'), ('TERM', 'xterm-256color'), ('XDG_SESSION_ID', '238'), ('PATH', '/opt/ros/iron/bin:/home/curry/.cargo/bin:/usr/local/sbin:/usr/local/bin:/usr/sbin:/usr/bin:/sbin:/bin:/usr/games:/usr/local/games:/snap/bin'), ('PAPERSIZE', 'letter'), ('LC_ADDRESS', 'en_US.UTF-8'), ('XDG_RUNTIME_DIR', '/run/user/1000'), ('LANG', 'en_US.UTF-8'), ('LC_TELEPHONE', 'en_US.UTF-8'), ('LS_COLORS', 'rs=0:di=01;34:ln=01;36:mh=00:pi=40;33:so=01;35:do=01;35:bd=40;33;01:cd=40;33;01:or=40;31;01:mi=00:su=37;41:sg=30;43:ca=30;41:tw=30;42:ow=34;42:st=37;44:ex=01;32:*.tar=01;31:*.tgz=01;31:*.arc=01;31:*.arj=01;31:*.taz=01;31:*.lha=01;31:*.lz4=01;31:*.lzh=01;31:*.lzma=01;31:*.tlz=01;31:*.txz=01;31:*.tzo=01;31:*.t7z=01;31:*.zip=01;31:*.z=01;31:*.dz=01;31:*.gz=01;31:*.lrz=01;31:*.lz=01;31:*.lzo=01;31:*.xz=01;31:*.zst=01;31:*.tzst=01;31:*.bz2=01;31:*.bz=01;31:*.tbz=01;31:*.tbz2=01;31:*.tz=01;31:*.deb=01;31:*.rpm=01;31:*.jar=01;31:*.war=01;31:*.ear=01;31:*.sar=01;31:*.rar=01;31:*.alz=01;31:*.ace=01;31:*.zoo=01;31:*.cpio=01;31:*.7z=01;31:*.rz=01;31:*.cab=01;31:*.wim=01;31:*.swm=01;31:*.dwm=01;31:*.esd=01;31:*.jpg=01;35:*.jpeg=01;35:*.mjpg=01;35:*.mjpeg=01;35:*.gif=01;35:*.bmp=01;35:*.pbm=01;35:*.pgm=01;35:*.ppm=01;35:*.tga=01;35:*.xbm=01;35:*.xpm=01;35:*.tif=01;35:*.tiff=01;35:*.png=01;35:*.svg=01;35:*.svgz=01;35:*.mng=01;35:*.pcx=01;35:*.mov=01;35:*.mpg=01;35:*.mpeg=01;35:*.m2v=01;35:*.mkv=01;35:*.webm=01;35:*.webp=01;35:*.ogm=01;35:*.mp4=01;35:*.m4v=01;35:*.mp4v=01;35:*.vob=01;35:*.qt=01;35:*.nuv=01;35:*.wmv=01;35:*.asf=01;35:*.rm=01;35:*.rmvb=01;35:*.flc=01;35:*.avi=01;35:*.fli=01;35:*.flv=01;35:*.gl=01;35:*.dl=01;35:*.xcf=01;35:*.xwd=01;35:*.yuv=01;35:*.cgm=01;35:*.emf=01;35:*.ogv=01;35:*.ogx=01;35:*.aac=00;36:*.au=00;36:*.flac=00;36:*.m4a=00;36:*.mid=00;36:*.midi=00;36:*.mka=00;36:*.mp3=00;36:*.mpc=00;36:*.ogg=00;36:*.ra=00;36:*.wav=00;36:*.oga=00;36:*.opus=00;36:*.spx=00;36:*.xspf=00;36:'), ('ROS_DOMAIN_ID', '10'), ('AMENT_PREFIX_PATH', '/opt/ros/iron'), ('SHELL', '/bin/bash'), ('LC_NAME', 'en_US.UTF-8'), ('LESSCLOSE', '/usr/bin/lesspipe %s %s'), ('LC_MEASUREMENT', 'en_US.UTF-8'), ('LC_IDENTIFICATION', 'en_US.UTF-8'), ('ROS_AUTOMATIC_DISCOVERY_RANGE', 'SUBNET'), ('PWD', '/home/curry/wilson_proj/ros2-rover-ws/build/test_package'), ('LC_ALL', 'en_US.UTF-8'), ('SSH_CONNECTION', '172.30.90.223 54208 172.30.81.58 22'), ('XDG_DATA_DIRS', '/usr/share/gnome:/usr/local/share:/usr/share:/var/lib/snapd/desktop'), ('PYTHONPATH', '/opt/ros/iron/lib/python3.10/site-packages'), ('LC_NUMERIC', 'en_US.UTF-8'), ('LC_PAPER', 'en_US.UTF-8'), ('COLCON', '1'), ('CMAKE_PREFIX_PATH', '/opt/ros/iron')]), 'shell': False}
[0.099120] (-) TimerEvent: {}
[0.174665] (rover_control_package) StdoutLine: {'line': b'-- Found rosidl_default_generators: 1.5.0 (/opt/ros/iron/share/rosidl_default_generators/cmake)\n'}
[0.199280] (-) TimerEvent: {}
[0.300152] (-) TimerEvent: {}
[0.343249] (test_package) StdoutLine: {'line': b'[  2%] Built target test_package__rosidl_generator_type_description\n'}
[0.373271] (test_package) StdoutLine: {'line': b'[  7%] Built target Tserver_node\n'}
[0.398503] (test_package) StdoutLine: {'line': b'[ 12%] Built target action_server_node\n'}
[0.400386] (-) TimerEvent: {}
[0.409741] (test_package) StdoutLine: {'line': b'[ 12%] Built target ament_cmake_python_copy_test_package\n'}
[0.475545] (test_package) StdoutLine: {'line': b'[ 15%] Built target test_package__cpp\n'}
[0.500734] (-) TimerEvent: {}
[0.507153] (test_package) StdoutLine: {'line': b'[ 27%] Built target test_package__rosidl_generator_c\n'}
[0.600995] (-) TimerEvent: {}
[0.620124] (test_package) StdoutLine: {'line': b'[ 35%] Built target test_package__rosidl_typesupport_cpp\n'}
[0.657645] (test_package) StdoutLine: {'line': b'[ 42%] Built target test_package__rosidl_typesupport_introspection_c\n'}
[0.693339] (test_package) StdoutLine: {'line': b'[ 50%] Built target test_package__rosidl_typesupport_fastrtps_c\n'}
[0.701211] (-) TimerEvent: {}
[0.762550] (test_package) StdoutLine: {'line': b'[ 57%] Built target test_package__rosidl_typesupport_c\n'}
[0.801458] (-) TimerEvent: {}
[0.810561] (test_package) StdoutLine: {'line': b'[ 65%] Built target test_package__rosidl_typesupport_fastrtps_cpp\n'}
[0.848373] (test_package) StdoutLine: {'line': b'[ 72%] Built target test_package__rosidl_typesupport_introspection_cpp\n'}
[0.901831] (-) TimerEvent: {}
[0.948061] (test_package) StdoutLine: {'line': b'[ 72%] Built target test_package\n'}
[0.991286] (test_package) StdoutLine: {'line': b'[ 77%] Built target action_server\n'}
[1.002151] (-) TimerEvent: {}
[1.058083] (test_package) StdoutLine: {'line': b'[ 80%] Built target test_package__py\n'}
[1.067982] (rover_control_package) StdoutLine: {'line': b'-- Using all available rosidl_typesupport_c: rosidl_typesupport_fastrtps_c;rosidl_typesupport_introspection_c\n'}
[1.102399] (-) TimerEvent: {}
[1.149564] (test_package) StdoutLine: {'line': b'[ 85%] Built target test_package__rosidl_generator_py\n'}
[1.202577] (-) TimerEvent: {}
[1.268383] (test_package) StdoutLine: {'line': b'[ 90%] Built target test_package__rosidl_typesupport_introspection_c__pyext\n'}
[1.288762] (test_package) StdoutLine: {'line': b'[ 95%] Built target test_package__rosidl_typesupport_fastrtps_c__pyext\n'}
[1.302963] (-) TimerEvent: {}
[1.315357] (test_package) StdoutLine: {'line': b'[100%] Built target test_package__rosidl_typesupport_c__pyext\n'}
[1.341178] (rover_control_package) StdoutLine: {'line': b'-- Using all available rosidl_typesupport_cpp: rosidl_typesupport_fastrtps_cpp;rosidl_typesupport_introspection_cpp\n'}
[1.403101] (-) TimerEvent: {}
[1.470479] (rover_control_package) StdoutLine: {'line': b'-- Found rosidl_adapter: 4.0.1 (/opt/ros/iron/share/rosidl_adapter/cmake)\n'}
[1.503297] (-) TimerEvent: {}
[1.604135] (-) TimerEvent: {}
[1.704877] (-) TimerEvent: {}
[1.805547] (-) TimerEvent: {}
[1.906331] (-) TimerEvent: {}
[1.980413] (test_package) StdoutLine: {'line': b'running egg_info\n'}
[1.983961] (test_package) StdoutLine: {'line': b'writing test_package.egg-info/PKG-INFO\n'}
[1.985111] (test_package) StdoutLine: {'line': b'writing dependency_links to test_package.egg-info/dependency_links.txt\n'}
[1.986194] (test_package) StdoutLine: {'line': b'writing top-level names to test_package.egg-info/top_level.txt\n'}
[1.996673] (test_package) StdoutLine: {'line': b"reading manifest file 'test_package.egg-info/SOURCES.txt'\n"}
[1.999356] (test_package) StdoutLine: {'line': b"writing manifest file 'test_package.egg-info/SOURCES.txt'\n"}
[2.006622] (-) TimerEvent: {}
[2.107792] (-) TimerEvent: {}
[2.149046] (test_package) StdoutLine: {'line': b'[100%] Built target ament_cmake_python_build_test_package_egg\n'}
[2.190500] (test_package) CommandEnded: {'returncode': 0}
[2.207971] (-) TimerEvent: {}
[2.308714] (-) TimerEvent: {}
[2.409501] (-) TimerEvent: {}
[2.510353] (-) TimerEvent: {}
[2.560642] (test_package) JobProgress: {'identifier': 'test_package', 'progress': 'install'}
[2.596695] (test_package) Command: {'cmd': ['/usr/bin/cmake', '--install', '/home/curry/wilson_proj/ros2-rover-ws/build/test_package'], 'cwd': '/home/curry/wilson_proj/ros2-rover-ws/build/test_package', 'env': OrderedDict([('LESSOPEN', '| /usr/bin/lesspipe %s'), ('USER', 'curry'), ('SSH_CLIENT', '172.30.90.223 54208 22'), ('LC_TIME', 'en_US.UTF-8'), ('XDG_SESSION_TYPE', 'tty'), ('SHLVL', '1'), ('LD_LIBRARY_PATH', '/opt/ros/iron/opt/rviz_ogre_vendor/lib:/opt/ros/iron/lib/aarch64-linux-gnu:/opt/ros/iron/lib'), ('MOTD_SHOWN', 'pam'), ('HOME', '/home/curry'), ('OLDPWD', '/home/curry/wilson_proj'), ('SSH_TTY', '/dev/pts/0'), ('ROS_PYTHON_VERSION', '3'), ('LC_MONETARY', 'en_US.UTF-8'), ('DBUS_SESSION_BUS_ADDRESS', 'unix:path=/run/user/1000/bus'), ('ROS_DISTRO', 'iron'), ('LOGNAME', 'curry'), ('_', '/usr/bin/colcon'), ('ROS_VERSION', '2'), ('XDG_SESSION_CLASS', 'user'), ('TERM', 'xterm-256color'), ('XDG_SESSION_ID', '238'), ('PATH', '/opt/ros/iron/bin:/home/curry/.cargo/bin:/usr/local/sbin:/usr/local/bin:/usr/sbin:/usr/bin:/sbin:/bin:/usr/games:/usr/local/games:/snap/bin'), ('PAPERSIZE', 'letter'), ('LC_ADDRESS', 'en_US.UTF-8'), ('XDG_RUNTIME_DIR', '/run/user/1000'), ('LANG', 'en_US.UTF-8'), ('LC_TELEPHONE', 'en_US.UTF-8'), ('LS_COLORS', 'rs=0:di=01;34:ln=01;36:mh=00:pi=40;33:so=01;35:do=01;35:bd=40;33;01:cd=40;33;01:or=40;31;01:mi=00:su=37;41:sg=30;43:ca=30;41:tw=30;42:ow=34;42:st=37;44:ex=01;32:*.tar=01;31:*.tgz=01;31:*.arc=01;31:*.arj=01;31:*.taz=01;31:*.lha=01;31:*.lz4=01;31:*.lzh=01;31:*.lzma=01;31:*.tlz=01;31:*.txz=01;31:*.tzo=01;31:*.t7z=01;31:*.zip=01;31:*.z=01;31:*.dz=01;31:*.gz=01;31:*.lrz=01;31:*.lz=01;31:*.lzo=01;31:*.xz=01;31:*.zst=01;31:*.tzst=01;31:*.bz2=01;31:*.bz=01;31:*.tbz=01;31:*.tbz2=01;31:*.tz=01;31:*.deb=01;31:*.rpm=01;31:*.jar=01;31:*.war=01;31:*.ear=01;31:*.sar=01;31:*.rar=01;31:*.alz=01;31:*.ace=01;31:*.zoo=01;31:*.cpio=01;31:*.7z=01;31:*.rz=01;31:*.cab=01;31:*.wim=01;31:*.swm=01;31:*.dwm=01;31:*.esd=01;31:*.jpg=01;35:*.jpeg=01;35:*.mjpg=01;35:*.mjpeg=01;35:*.gif=01;35:*.bmp=01;35:*.pbm=01;35:*.pgm=01;35:*.ppm=01;35:*.tga=01;35:*.xbm=01;35:*.xpm=01;35:*.tif=01;35:*.tiff=01;35:*.png=01;35:*.svg=01;35:*.svgz=01;35:*.mng=01;35:*.pcx=01;35:*.mov=01;35:*.mpg=01;35:*.mpeg=01;35:*.m2v=01;35:*.mkv=01;35:*.webm=01;35:*.webp=01;35:*.ogm=01;35:*.mp4=01;35:*.m4v=01;35:*.mp4v=01;35:*.vob=01;35:*.qt=01;35:*.nuv=01;35:*.wmv=01;35:*.asf=01;35:*.rm=01;35:*.rmvb=01;35:*.flc=01;35:*.avi=01;35:*.fli=01;35:*.flv=01;35:*.gl=01;35:*.dl=01;35:*.xcf=01;35:*.xwd=01;35:*.yuv=01;35:*.cgm=01;35:*.emf=01;35:*.ogv=01;35:*.ogx=01;35:*.aac=00;36:*.au=00;36:*.flac=00;36:*.m4a=00;36:*.mid=00;36:*.midi=00;36:*.mka=00;36:*.mp3=00;36:*.mpc=00;36:*.ogg=00;36:*.ra=00;36:*.wav=00;36:*.oga=00;36:*.opus=00;36:*.spx=00;36:*.xspf=00;36:'), ('ROS_DOMAIN_ID', '10'), ('AMENT_PREFIX_PATH', '/opt/ros/iron'), ('SHELL', '/bin/bash'), ('LC_NAME', 'en_US.UTF-8'), ('LESSCLOSE', '/usr/bin/lesspipe %s %s'), ('LC_MEASUREMENT', 'en_US.UTF-8'), ('LC_IDENTIFICATION', 'en_US.UTF-8'), ('ROS_AUTOMATIC_DISCOVERY_RANGE', 'SUBNET'), ('PWD', '/home/curry/wilson_proj/ros2-rover-ws/build/test_package'), ('LC_ALL', 'en_US.UTF-8'), ('SSH_CONNECTION', '172.30.90.223 54208 172.30.81.58 22'), ('XDG_DATA_DIRS', '/usr/share/gnome:/usr/local/share:/usr/share:/var/lib/snapd/desktop'), ('PYTHONPATH', '/opt/ros/iron/lib/python3.10/site-packages'), ('LC_NUMERIC', 'en_US.UTF-8'), ('LC_PAPER', 'en_US.UTF-8'), ('COLCON', '1'), ('CMAKE_PREFIX_PATH', '/opt/ros/iron')]), 'shell': False}
[2.610576] (-) TimerEvent: {}
[2.623830] (test_package) StdoutLine: {'line': b'-- Install configuration: ""\n'}
[2.624483] (test_package) StdoutLine: {'line': b'-- Up-to-date: /home/curry/wilson_proj/ros2-rover-ws/install/test_package/share/ament_index/resource_index/rosidl_interfaces/test_package\n'}
[2.625077] (test_package) StdoutLine: {'line': b'-- Up-to-date: /home/curry/wilson_proj/ros2-rover-ws/install/test_package/share/test_package/action/Fibonacci.json\n'}
[2.625486] (test_package) StdoutLine: {'line': b'-- Up-to-date: /home/curry/wilson_proj/ros2-rover-ws/install/test_package/include/test_package/test_package\n'}
[2.626008] (test_package) StdoutLine: {'line': b'-- Up-to-date: /home/curry/wilson_proj/ros2-rover-ws/install/test_package/include/test_package/test_package/msg\n'}
[2.626422] (test_package) StdoutLine: {'line': b'-- Up-to-date: /home/curry/wilson_proj/ros2-rover-ws/install/test_package/include/test_package/test_package/msg/rosidl_generator_c__visibility_control.h\n'}
[2.627018] (test_package) StdoutLine: {'line': b'-- Up-to-date: /home/curry/wilson_proj/ros2-rover-ws/install/test_package/include/test_package/test_package/action\n'}
[2.627456] (test_package) StdoutLine: {'line': b'-- Up-to-date: /home/curry/wilson_proj/ros2-rover-ws/install/test_package/include/test_package/test_package/action/fibonacci.h\n'}
[2.627792] (test_package) StdoutLine: {'line': b'-- Up-to-date: /home/curry/wilson_proj/ros2-rover-ws/install/test_package/include/test_package/test_package/action/detail\n'}
[2.628126] (test_package) StdoutLine: {'line': b'-- Installing: /home/curry/wilson_proj/ros2-rover-ws/install/test_package/include/test_package/test_package/action/detail/fibonacci__type_support.c\n'}
[2.628978] (test_package) StdoutLine: {'line': b'-- Up-to-date: /home/curry/wilson_proj/ros2-rover-ws/install/test_package/include/test_package/test_package/action/detail/fibonacci__type_support.h\n'}
[2.629432] (test_package) StdoutLine: {'line': b'-- Up-to-date: /home/curry/wilson_proj/ros2-rover-ws/install/test_package/include/test_package/test_package/action/detail/fibonacci__functions.h\n'}
[2.630130] (test_package) StdoutLine: {'line': b'-- Up-to-date: /home/curry/wilson_proj/ros2-rover-ws/install/test_package/include/test_package/test_package/action/detail/fibonacci__description.c\n'}
[2.630684] (test_package) StdoutLine: {'line': b'-- Up-to-date: /home/curry/wilson_proj/ros2-rover-ws/install/test_package/include/test_package/test_package/action/detail/fibonacci__functions.c\n'}
[2.631473] (test_package) StdoutLine: {'line': b'-- Up-to-date: /home/curry/wilson_proj/ros2-rover-ws/install/test_package/include/test_package/test_package/action/detail/fibonacci__struct.h\n'}
[2.631854] (test_package) StdoutLine: {'line': b'-- Up-to-date: /home/curry/wilson_proj/ros2-rover-ws/install/test_package/share/test_package/environment/library_path.sh\n'}
[2.632160] (test_package) StdoutLine: {'line': b'-- Up-to-date: /home/curry/wilson_proj/ros2-rover-ws/install/test_package/share/test_package/environment/library_path.dsv\n'}
[2.632577] (test_package) StdoutLine: {'line': b'-- Up-to-date: /home/curry/wilson_proj/ros2-rover-ws/install/test_package/lib/libtest_package__rosidl_generator_c.so\n'}
[2.633723] (test_package) StdoutLine: {'line': b'-- Up-to-date: /home/curry/wilson_proj/ros2-rover-ws/install/test_package/include/test_package/test_package\n'}
[2.634224] (test_package) StdoutLine: {'line': b'-- Up-to-date: /home/curry/wilson_proj/ros2-rover-ws/install/test_package/include/test_package/test_package/msg\n'}
[2.634628] (test_package) StdoutLine: {'line': b'-- Up-to-date: /home/curry/wilson_proj/ros2-rover-ws/install/test_package/include/test_package/test_package/msg/rosidl_typesupport_fastrtps_c__visibility_control.h\n'}
[2.635155] (test_package) StdoutLine: {'line': b'-- Up-to-date: /home/curry/wilson_proj/ros2-rover-ws/install/test_package/include/test_package/test_package/action\n'}
[2.635775] (test_package) StdoutLine: {'line': b'-- Up-to-date: /home/curry/wilson_proj/ros2-rover-ws/install/test_package/include/test_package/test_package/action/detail\n'}
[2.636257] (test_package) StdoutLine: {'line': b'-- Up-to-date: /home/curry/wilson_proj/ros2-rover-ws/install/test_package/include/test_package/test_package/action/detail/fibonacci__rosidl_typesupport_fastrtps_c.h\n'}
[2.637477] (test_package) StdoutLine: {'line': b'-- Up-to-date: /home/curry/wilson_proj/ros2-rover-ws/install/test_package/lib/libtest_package__rosidl_typesupport_fastrtps_c.so\n'}
[2.638948] (test_package) StdoutLine: {'line': b'-- Up-to-date: /home/curry/wilson_proj/ros2-rover-ws/install/test_package/include/test_package/test_package\n'}
[2.639543] (test_package) StdoutLine: {'line': b'-- Up-to-date: /home/curry/wilson_proj/ros2-rover-ws/install/test_package/include/test_package/test_package/msg\n'}
[2.640110] (test_package) StdoutLine: {'line': b'-- Up-to-date: /home/curry/wilson_proj/ros2-rover-ws/install/test_package/include/test_package/test_package/msg/rosidl_typesupport_introspection_c__visibility_control.h\n'}
[2.640543] (test_package) StdoutLine: {'line': b'-- Up-to-date: /home/curry/wilson_proj/ros2-rover-ws/install/test_package/include/test_package/test_package/action\n'}
[2.640955] (test_package) StdoutLine: {'line': b'-- Up-to-date: /home/curry/wilson_proj/ros2-rover-ws/install/test_package/include/test_package/test_package/action/detail\n'}
[2.641348] (test_package) StdoutLine: {'line': b'-- Up-to-date: /home/curry/wilson_proj/ros2-rover-ws/install/test_package/include/test_package/test_package/action/detail/fibonacci__rosidl_typesupport_introspection_c.h\n'}
[2.641685] (test_package) StdoutLine: {'line': b'-- Installing: /home/curry/wilson_proj/ros2-rover-ws/install/test_package/include/test_package/test_package/action/detail/fibonacci__type_support.c\n'}
[2.644506] (test_package) StdoutLine: {'line': b'-- Up-to-date: /home/curry/wilson_proj/ros2-rover-ws/install/test_package/lib/libtest_package__rosidl_typesupport_introspection_c.so\n'}
[2.646487] (test_package) StdoutLine: {'line': b'-- Up-to-date: /home/curry/wilson_proj/ros2-rover-ws/install/test_package/lib/libtest_package__rosidl_typesupport_c.so\n'}
[2.647656] (test_package) StdoutLine: {'line': b'-- Up-to-date: /home/curry/wilson_proj/ros2-rover-ws/install/test_package/include/test_package/test_package\n'}
[2.648189] (test_package) StdoutLine: {'line': b'-- Up-to-date: /home/curry/wilson_proj/ros2-rover-ws/install/test_package/include/test_package/test_package/action\n'}
[2.648646] (test_package) StdoutLine: {'line': b'-- Up-to-date: /home/curry/wilson_proj/ros2-rover-ws/install/test_package/include/test_package/test_package/action/detail\n'}
[2.649077] (test_package) StdoutLine: {'line': b'-- Up-to-date: /home/curry/wilson_proj/ros2-rover-ws/install/test_package/include/test_package/test_package/action/detail/fibonacci__builder.hpp\n'}
[2.649553] (test_package) StdoutLine: {'line': b'-- Up-to-date: /home/curry/wilson_proj/ros2-rover-ws/install/test_package/include/test_package/test_package/action/detail/fibonacci__struct.hpp\n'}
[2.649998] (test_package) StdoutLine: {'line': b'-- Up-to-date: /home/curry/wilson_proj/ros2-rover-ws/install/test_package/include/test_package/test_package/action/detail/fibonacci__traits.hpp\n'}
[2.650449] (test_package) StdoutLine: {'line': b'-- Up-to-date: /home/curry/wilson_proj/ros2-rover-ws/install/test_package/include/test_package/test_package/action/fibonacci.hpp\n'}
[2.650949] (test_package) StdoutLine: {'line': b'-- Up-to-date: /home/curry/wilson_proj/ros2-rover-ws/install/test_package/include/test_package/test_package\n'}
[2.651500] (test_package) StdoutLine: {'line': b'-- Up-to-date: /home/curry/wilson_proj/ros2-rover-ws/install/test_package/include/test_package/test_package/msg\n'}
[2.651923] (test_package) StdoutLine: {'line': b'-- Up-to-date: /home/curry/wilson_proj/ros2-rover-ws/install/test_package/include/test_package/test_package/msg/rosidl_typesupport_fastrtps_cpp__visibility_control.h\n'}
[2.652391] (test_package) StdoutLine: {'line': b'-- Up-to-date: /home/curry/wilson_proj/ros2-rover-ws/install/test_package/include/test_package/test_package/action\n'}
[2.652864] (test_package) StdoutLine: {'line': b'-- Up-to-date: /home/curry/wilson_proj/ros2-rover-ws/install/test_package/include/test_package/test_package/action/detail\n'}
[2.653179] (test_package) StdoutLine: {'line': b'-- Up-to-date: /home/curry/wilson_proj/ros2-rover-ws/install/test_package/include/test_package/test_package/action/detail/dds_fastrtps\n'}
[2.653474] (test_package) StdoutLine: {'line': b'-- Up-to-date: /home/curry/wilson_proj/ros2-rover-ws/install/test_package/include/test_package/test_package/action/detail/fibonacci__rosidl_typesupport_fastrtps_cpp.hpp\n'}
[2.653915] (test_package) StdoutLine: {'line': b'-- Up-to-date: /home/curry/wilson_proj/ros2-rover-ws/install/test_package/lib/libtest_package__rosidl_typesupport_fastrtps_cpp.so\n'}
[2.655209] (test_package) StdoutLine: {'line': b'-- Up-to-date: /home/curry/wilson_proj/ros2-rover-ws/install/test_package/include/test_package/test_package\n'}
[2.655756] (test_package) StdoutLine: {'line': b'-- Up-to-date: /home/curry/wilson_proj/ros2-rover-ws/install/test_package/include/test_package/test_package/action\n'}
[2.656211] (test_package) StdoutLine: {'line': b'-- Up-to-date: /home/curry/wilson_proj/ros2-rover-ws/install/test_package/include/test_package/test_package/action/detail\n'}
[2.656618] (test_package) StdoutLine: {'line': b'-- Up-to-date: /home/curry/wilson_proj/ros2-rover-ws/install/test_package/include/test_package/test_package/action/detail/fibonacci__rosidl_typesupport_introspection_cpp.hpp\n'}
[2.657133] (test_package) StdoutLine: {'line': b'-- Up-to-date: /home/curry/wilson_proj/ros2-rover-ws/install/test_package/include/test_package/test_package/action/detail/fibonacci__type_support.cpp\n'}
[2.658121] (test_package) StdoutLine: {'line': b'-- Up-to-date: /home/curry/wilson_proj/ros2-rover-ws/install/test_package/lib/libtest_package__rosidl_typesupport_introspection_cpp.so\n'}
[2.660341] (test_package) StdoutLine: {'line': b'-- Up-to-date: /home/curry/wilson_proj/ros2-rover-ws/install/test_package/lib/libtest_package__rosidl_typesupport_cpp.so\n'}
[2.661704] (test_package) StdoutLine: {'line': b'-- Up-to-date: /home/curry/wilson_proj/ros2-rover-ws/install/test_package/share/test_package/environment/pythonpath.sh\n'}
[2.662232] (test_package) StdoutLine: {'line': b'-- Up-to-date: /home/curry/wilson_proj/ros2-rover-ws/install/test_package/share/test_package/environment/pythonpath.dsv\n'}
[2.662647] (test_package) StdoutLine: {'line': b'-- Up-to-date: /home/curry/wilson_proj/ros2-rover-ws/install/test_package/lib/python3.10/site-packages/test_package-0.0.0-py3.10.egg-info\n'}
[2.663103] (test_package) StdoutLine: {'line': b'-- Installing: /home/curry/wilson_proj/ros2-rover-ws/install/test_package/lib/python3.10/site-packages/test_package-0.0.0-py3.10.egg-info/dependency_links.txt\n'}
[2.664316] (test_package) StdoutLine: {'line': b'-- Installing: /home/curry/wilson_proj/ros2-rover-ws/install/test_package/lib/python3.10/site-packages/test_package-0.0.0-py3.10.egg-info/SOURCES.txt\n'}
[2.665593] (test_package) StdoutLine: {'line': b'-- Installing: /home/curry/wilson_proj/ros2-rover-ws/install/test_package/lib/python3.10/site-packages/test_package-0.0.0-py3.10.egg-info/top_level.txt\n'}
[2.667008] (test_package) StdoutLine: {'line': b'-- Installing: /home/curry/wilson_proj/ros2-rover-ws/install/test_package/lib/python3.10/site-packages/test_package-0.0.0-py3.10.egg-info/PKG-INFO\n'}
[2.668539] (test_package) StdoutLine: {'line': b'-- Up-to-date: /home/curry/wilson_proj/ros2-rover-ws/install/test_package/lib/python3.10/site-packages/test_package\n'}
[2.669104] (test_package) StdoutLine: {'line': b'-- Up-to-date: /home/curry/wilson_proj/ros2-rover-ws/install/test_package/lib/python3.10/site-packages/test_package/_test_package_s.ep.rosidl_typesupport_c.c\n'}
[2.669591] (test_package) StdoutLine: {'line': b'-- Up-to-date: /home/curry/wilson_proj/ros2-rover-ws/install/test_package/lib/python3.10/site-packages/test_package/_test_package_s.ep.rosidl_typesupport_fastrtps_c.c\n'}
[2.670029] (test_package) StdoutLine: {'line': b'-- Up-to-date: /home/curry/wilson_proj/ros2-rover-ws/install/test_package/lib/python3.10/site-packages/test_package/libtest_package__rosidl_generator_py.so\n'}
[2.670493] (test_package) StdoutLine: {'line': b'-- Up-to-date: /home/curry/wilson_proj/ros2-rover-ws/install/test_package/lib/python3.10/site-packages/test_package/test_package_s__rosidl_typesupport_c.cpython-310-aarch64-linux-gnu.so\n'}
[2.670872] (test_package) StdoutLine: {'line': b'-- Up-to-date: /home/curry/wilson_proj/ros2-rover-ws/install/test_package/lib/python3.10/site-packages/test_package/action\n'}
[2.671486] (test_package) StdoutLine: {'line': b'-- Up-to-date: /home/curry/wilson_proj/ros2-rover-ws/install/test_package/lib/python3.10/site-packages/test_package/action/_fibonacci_s.c\n'}
[2.672100] (test_package) StdoutLine: {'line': b'-- Up-to-date: /home/curry/wilson_proj/ros2-rover-ws/install/test_package/lib/python3.10/site-packages/test_package/action/_fibonacci.py\n'}
[2.672875] (test_package) StdoutLine: {'line': b'-- Up-to-date: /home/curry/wilson_proj/ros2-rover-ws/install/test_package/lib/python3.10/site-packages/test_package/action/__init__.py\n'}
[2.673464] (test_package) StdoutLine: {'line': b'-- Up-to-date: /home/curry/wilson_proj/ros2-rover-ws/install/test_package/lib/python3.10/site-packages/test_package/test_package_s__rosidl_typesupport_fastrtps_c.cpython-310-aarch64-linux-gnu.so\n'}
[2.673982] (test_package) StdoutLine: {'line': b'-- Up-to-date: /home/curry/wilson_proj/ros2-rover-ws/install/test_package/lib/python3.10/site-packages/test_package/_test_package_s.ep.rosidl_typesupport_introspection_c.c\n'}
[2.674592] (test_package) StdoutLine: {'line': b'-- Up-to-date: /home/curry/wilson_proj/ros2-rover-ws/install/test_package/lib/python3.10/site-packages/test_package/__init__.py\n'}
[2.675054] (test_package) StdoutLine: {'line': b'-- Up-to-date: /home/curry/wilson_proj/ros2-rover-ws/install/test_package/lib/python3.10/site-packages/test_package/test_package_s__rosidl_typesupport_introspection_c.cpython-310-aarch64-linux-gnu.so\n'}
[2.710788] (-) TimerEvent: {}
[2.811995] (-) TimerEvent: {}
[2.815403] (test_package) StdoutLine: {'line': b"Listing '/home/curry/wilson_proj/ros2-rover-ws/install/test_package/lib/python3.10/site-packages/test_package'...\n"}
[2.816794] (test_package) StdoutLine: {'line': b"Listing '/home/curry/wilson_proj/ros2-rover-ws/install/test_package/lib/python3.10/site-packages/test_package/action'...\n"}
[2.843098] (test_package) StdoutLine: {'line': b'-- Up-to-date: /home/curry/wilson_proj/ros2-rover-ws/install/test_package/lib/python3.10/site-packages/test_package/test_package_s__rosidl_typesupport_fastrtps_c.cpython-310-aarch64-linux-gnu.so\n'}
[2.845699] (test_package) StdoutLine: {'line': b'-- Up-to-date: /home/curry/wilson_proj/ros2-rover-ws/install/test_package/lib/python3.10/site-packages/test_package/test_package_s__rosidl_typesupport_introspection_c.cpython-310-aarch64-linux-gnu.so\n'}
[2.848219] (test_package) StdoutLine: {'line': b'-- Up-to-date: /home/curry/wilson_proj/ros2-rover-ws/install/test_package/lib/python3.10/site-packages/test_package/test_package_s__rosidl_typesupport_c.cpython-310-aarch64-linux-gnu.so\n'}
[2.850544] (test_package) StdoutLine: {'line': b'-- Up-to-date: /home/curry/wilson_proj/ros2-rover-ws/install/test_package/lib/libtest_package__rosidl_generator_py.so\n'}
[2.852166] (test_package) StdoutLine: {'line': b'-- Up-to-date: /home/curry/wilson_proj/ros2-rover-ws/install/test_package/share/test_package/action/Fibonacci.idl\n'}
[2.852940] (test_package) StdoutLine: {'line': b'-- Up-to-date: /home/curry/wilson_proj/ros2-rover-ws/install/test_package/share/test_package/action/Fibonacci.action\n'}
[2.853999] (test_package) StdoutLine: {'line': b'-- Up-to-date: /home/curry/wilson_proj/ros2-rover-ws/install/test_package/lib/test_package/action_server_node\n'}
[2.856393] (test_package) StdoutLine: {'line': b'-- Up-to-date: /home/curry/wilson_proj/ros2-rover-ws/install/test_package/lib/libaction_server.so\n'}
[2.859138] (test_package) StdoutLine: {'line': b'-- Up-to-date: /home/curry/wilson_proj/ros2-rover-ws/install/test_package/lib/test_package/Tserver_node\n'}
[2.861081] (test_package) StdoutLine: {'line': b'-- Up-to-date: /home/curry/wilson_proj/ros2-rover-ws/install/test_package/share/ament_index/resource_index/package_run_dependencies/test_package\n'}
[2.861736] (test_package) StdoutLine: {'line': b'-- Up-to-date: /home/curry/wilson_proj/ros2-rover-ws/install/test_package/share/ament_index/resource_index/parent_prefix_path/test_package\n'}
[2.862344] (test_package) StdoutLine: {'line': b'-- Up-to-date: /home/curry/wilson_proj/ros2-rover-ws/install/test_package/share/test_package/environment/ament_prefix_path.sh\n'}
[2.862916] (test_package) StdoutLine: {'line': b'-- Up-to-date: /home/curry/wilson_proj/ros2-rover-ws/install/test_package/share/test_package/environment/ament_prefix_path.dsv\n'}
[2.863550] (test_package) StdoutLine: {'line': b'-- Up-to-date: /home/curry/wilson_proj/ros2-rover-ws/install/test_package/share/test_package/environment/path.sh\n'}
[2.864154] (test_package) StdoutLine: {'line': b'-- Up-to-date: /home/curry/wilson_proj/ros2-rover-ws/install/test_package/share/test_package/environment/path.dsv\n'}
[2.864811] (test_package) StdoutLine: {'line': b'-- Up-to-date: /home/curry/wilson_proj/ros2-rover-ws/install/test_package/share/test_package/local_setup.bash\n'}
[2.865381] (test_package) StdoutLine: {'line': b'-- Up-to-date: /home/curry/wilson_proj/ros2-rover-ws/install/test_package/share/test_package/local_setup.sh\n'}
[2.865925] (test_package) StdoutLine: {'line': b'-- Up-to-date: /home/curry/wilson_proj/ros2-rover-ws/install/test_package/share/test_package/local_setup.zsh\n'}
[2.866322] (test_package) StdoutLine: {'line': b'-- Up-to-date: /home/curry/wilson_proj/ros2-rover-ws/install/test_package/share/test_package/local_setup.dsv\n'}
[2.866695] (test_package) StdoutLine: {'line': b'-- Installing: /home/curry/wilson_proj/ros2-rover-ws/install/test_package/share/test_package/package.dsv\n'}
[2.867398] (test_package) StdoutLine: {'line': b'-- Up-to-date: /home/curry/wilson_proj/ros2-rover-ws/install/test_package/share/ament_index/resource_index/packages/test_package\n'}
[2.868290] (test_package) StdoutLine: {'line': b'-- Up-to-date: /home/curry/wilson_proj/ros2-rover-ws/install/test_package/share/test_package/cmake/export_test_package__rosidl_generator_cExport.cmake\n'}
[2.868836] (test_package) StdoutLine: {'line': b'-- Up-to-date: /home/curry/wilson_proj/ros2-rover-ws/install/test_package/share/test_package/cmake/export_test_package__rosidl_generator_cExport-noconfig.cmake\n'}
[2.869936] (test_package) StdoutLine: {'line': b'-- Up-to-date: /home/curry/wilson_proj/ros2-rover-ws/install/test_package/share/test_package/cmake/export_test_package__rosidl_typesupport_fastrtps_cExport.cmake\n'}
[2.870631] (test_package) StdoutLine: {'line': b'-- Up-to-date: /home/curry/wilson_proj/ros2-rover-ws/install/test_package/share/test_package/cmake/export_test_package__rosidl_typesupport_fastrtps_cExport-noconfig.cmake\n'}
[2.871490] (test_package) StdoutLine: {'line': b'-- Up-to-date: /home/curry/wilson_proj/ros2-rover-ws/install/test_package/share/test_package/cmake/test_package__rosidl_typesupport_introspection_cExport.cmake\n'}
[2.872125] (test_package) StdoutLine: {'line': b'-- Up-to-date: /home/curry/wilson_proj/ros2-rover-ws/install/test_package/share/test_package/cmake/test_package__rosidl_typesupport_introspection_cExport-noconfig.cmake\n'}
[2.873002] (test_package) StdoutLine: {'line': b'-- Up-to-date: /home/curry/wilson_proj/ros2-rover-ws/install/test_package/share/test_package/cmake/test_package__rosidl_typesupport_cExport.cmake\n'}
[2.873567] (test_package) StdoutLine: {'line': b'-- Up-to-date: /home/curry/wilson_proj/ros2-rover-ws/install/test_package/share/test_package/cmake/test_package__rosidl_typesupport_cExport-noconfig.cmake\n'}
[2.874455] (test_package) StdoutLine: {'line': b'-- Up-to-date: /home/curry/wilson_proj/ros2-rover-ws/install/test_package/share/test_package/cmake/export_test_package__rosidl_generator_cppExport.cmake\n'}
[2.875526] (test_package) StdoutLine: {'line': b'-- Up-to-date: /home/curry/wilson_proj/ros2-rover-ws/install/test_package/share/test_package/cmake/export_test_package__rosidl_typesupport_fastrtps_cppExport.cmake\n'}
[2.876140] (test_package) StdoutLine: {'line': b'-- Up-to-date: /home/curry/wilson_proj/ros2-rover-ws/install/test_package/share/test_package/cmake/export_test_package__rosidl_typesupport_fastrtps_cppExport-noconfig.cmake\n'}
[2.877074] (test_package) StdoutLine: {'line': b'-- Up-to-date: /home/curry/wilson_proj/ros2-rover-ws/install/test_package/share/test_package/cmake/test_package__rosidl_typesupport_introspection_cppExport.cmake\n'}
[2.877817] (test_package) StdoutLine: {'line': b'-- Up-to-date: /home/curry/wilson_proj/ros2-rover-ws/install/test_package/share/test_package/cmake/test_package__rosidl_typesupport_introspection_cppExport-noconfig.cmake\n'}
[2.878662] (test_package) StdoutLine: {'line': b'-- Up-to-date: /home/curry/wilson_proj/ros2-rover-ws/install/test_package/share/test_package/cmake/test_package__rosidl_typesupport_cppExport.cmake\n'}
[2.879418] (test_package) StdoutLine: {'line': b'-- Up-to-date: /home/curry/wilson_proj/ros2-rover-ws/install/test_package/share/test_package/cmake/test_package__rosidl_typesupport_cppExport-noconfig.cmake\n'}
[2.880226] (test_package) StdoutLine: {'line': b'-- Up-to-date: /home/curry/wilson_proj/ros2-rover-ws/install/test_package/share/test_package/cmake/export_test_package__rosidl_generator_pyExport.cmake\n'}
[2.880866] (test_package) StdoutLine: {'line': b'-- Up-to-date: /home/curry/wilson_proj/ros2-rover-ws/install/test_package/share/test_package/cmake/export_test_package__rosidl_generator_pyExport-noconfig.cmake\n'}
[2.881483] (test_package) StdoutLine: {'line': b'-- Up-to-date: /home/curry/wilson_proj/ros2-rover-ws/install/test_package/share/ament_index/resource_index/rclcpp_components/test_package\n'}
[2.882088] (test_package) StdoutLine: {'line': b'-- Up-to-date: /home/curry/wilson_proj/ros2-rover-ws/install/test_package/share/test_package/cmake/rosidl_cmake-extras.cmake\n'}
[2.882652] (test_package) StdoutLine: {'line': b'-- Up-to-date: /home/curry/wilson_proj/ros2-rover-ws/install/test_package/share/test_package/cmake/ament_cmake_export_dependencies-extras.cmake\n'}
[2.883416] (test_package) StdoutLine: {'line': b'-- Up-to-date: /home/curry/wilson_proj/ros2-rover-ws/install/test_package/share/test_package/cmake/ament_cmake_export_include_directories-extras.cmake\n'}
[2.884323] (test_package) StdoutLine: {'line': b'-- Up-to-date: /home/curry/wilson_proj/ros2-rover-ws/install/test_package/share/test_package/cmake/ament_cmake_export_libraries-extras.cmake\n'}
[2.884926] (test_package) StdoutLine: {'line': b'-- Up-to-date: /home/curry/wilson_proj/ros2-rover-ws/install/test_package/share/test_package/cmake/ament_cmake_export_targets-extras.cmake\n'}
[2.885517] (test_package) StdoutLine: {'line': b'-- Up-to-date: /home/curry/wilson_proj/ros2-rover-ws/install/test_package/share/test_package/cmake/rosidl_cmake_export_typesupport_targets-extras.cmake\n'}
[2.886300] (test_package) StdoutLine: {'line': b'-- Up-to-date: /home/curry/wilson_proj/ros2-rover-ws/install/test_package/share/test_package/cmake/rosidl_cmake_export_typesupport_libraries-extras.cmake\n'}
[2.886976] (test_package) StdoutLine: {'line': b'-- Up-to-date: /home/curry/wilson_proj/ros2-rover-ws/install/test_package/share/test_package/cmake/test_packageConfig.cmake\n'}
[2.887499] (test_package) StdoutLine: {'line': b'-- Up-to-date: /home/curry/wilson_proj/ros2-rover-ws/install/test_package/share/test_package/cmake/test_packageConfig-version.cmake\n'}
[2.887948] (test_package) StdoutLine: {'line': b'-- Up-to-date: /home/curry/wilson_proj/ros2-rover-ws/install/test_package/share/test_package/package.xml\n'}
[2.894093] (test_package) CommandEnded: {'returncode': 0}
[2.912234] (-) TimerEvent: {}
[3.013014] (-) TimerEvent: {}
[3.113805] (-) TimerEvent: {}
[3.214736] (-) TimerEvent: {}
[3.315500] (-) TimerEvent: {}
[3.416699] (-) TimerEvent: {}
[3.428928] (test_package) JobEnded: {'identifier': 'test_package', 'rc': 0}
[3.516842] (-) TimerEvent: {}
[3.574858] (rover_control_package) StdoutLine: {'line': b'-- Found ament_cmake_ros: 0.11.2 (/opt/ros/iron/share/ament_cmake_ros/cmake)\n'}
[3.617058] (-) TimerEvent: {}
[3.717861] (-) TimerEvent: {}
[3.818613] (-) TimerEvent: {}
[3.919925] (-) TimerEvent: {}
[4.020788] (-) TimerEvent: {}
[4.122026] (-) TimerEvent: {}
[4.222944] (-) TimerEvent: {}
[4.323938] (-) TimerEvent: {}
[4.394815] (rover_control_package) StdoutLine: {'line': b'-- Using all available rosidl_typesupport_c: rosidl_typesupport_fastrtps_c;rosidl_typesupport_introspection_c\n'}
[4.424125] (-) TimerEvent: {}
[4.524791] (-) TimerEvent: {}
[4.625414] (-) TimerEvent: {}
[4.726074] (-) TimerEvent: {}
[4.826883] (-) TimerEvent: {}
[4.927831] (-) TimerEvent: {}
[5.028683] (-) TimerEvent: {}
[5.129356] (-) TimerEvent: {}
[5.230151] (-) TimerEvent: {}
[5.330819] (-) TimerEvent: {}
[5.431457] (-) TimerEvent: {}
[5.477526] (rover_control_package) StdoutLine: {'line': b'-- Using all available rosidl_typesupport_cpp: rosidl_typesupport_fastrtps_cpp;rosidl_typesupport_introspection_cpp\n'}
[5.531612] (-) TimerEvent: {}
[5.575968] (rover_control_package) StdoutLine: {'line': b'-- Found python_cmake_module: 0.10.2 (/opt/ros/iron/share/python_cmake_module/cmake)\n'}
[5.631776] (-) TimerEvent: {}
[5.673493] (rover_control_package) StdoutLine: {'line': b'-- Using PYTHON_EXECUTABLE: /usr/bin/python3\n'}
[5.674079] (rover_control_package) StdoutLine: {'line': b'-- Using PYTHON_INCLUDE_DIRS: /usr/include/python3.10\n'}
[5.674387] (rover_control_package) StdoutLine: {'line': b'-- Using PYTHON_LIBRARIES: /usr/lib/aarch64-linux-gnu/libpython3.10.so\n'}
[5.731953] (-) TimerEvent: {}
[5.745113] (rover_control_package) StdoutLine: {'line': b'-- Found rover_control_package: 0.0.0 (/home/curry/wilson_proj/ros2-rover-ws/install/rover_control_package/share/rover_control_package/cmake)\n'}
[5.832111] (-) TimerEvent: {}
[5.932771] (-) TimerEvent: {}
[6.023362] (rover_control_package) StdoutLine: {'line': b'-- Found rclcpp: 21.0.7 (/opt/ros/iron/share/rclcpp/cmake)\n'}
[6.032964] (-) TimerEvent: {}
[6.133614] (-) TimerEvent: {}
[6.234263] (-) TimerEvent: {}
[6.334945] (-) TimerEvent: {}
[6.375951] (rover_control_package) StdoutLine: {'line': b'-- Found rmw_implementation_cmake: 7.1.0 (/opt/ros/iron/share/rmw_implementation_cmake/cmake)\n'}
[6.381423] (rover_control_package) StdoutLine: {'line': b'-- Found rmw_fastrtps_cpp: 7.1.4 (/opt/ros/iron/share/rmw_fastrtps_cpp/cmake)\n'}
[6.435110] (-) TimerEvent: {}
[6.535767] (-) TimerEvent: {}
[6.636404] (-) TimerEvent: {}
[6.737043] (-) TimerEvent: {}
[6.837668] (-) TimerEvent: {}
[6.938327] (-) TimerEvent: {}
[7.039019] (-) TimerEvent: {}
[7.139674] (-) TimerEvent: {}
[7.240346] (-) TimerEvent: {}
[7.341032] (-) TimerEvent: {}
[7.373075] (rover_control_package) StdoutLine: {'line': b"-- Using RMW implementation 'rmw_fastrtps_cpp' as default\n"}
[7.441220] (-) TimerEvent: {}
[7.541900] (-) TimerEvent: {}
[7.642549] (-) TimerEvent: {}
[7.743250] (-) TimerEvent: {}
[7.843927] (-) TimerEvent: {}
[7.944632] (-) TimerEvent: {}
[7.993248] (rover_control_package) StdoutLine: {'line': b'-- Found rclcpp_action: 21.0.7 (/opt/ros/iron/share/rclcpp_action/cmake)\n'}
[8.044792] (-) TimerEvent: {}
[8.122596] (rover_control_package) StdoutLine: {'line': b'-- Found rclcpp_components: 21.0.7 (/opt/ros/iron/share/rclcpp_components/cmake)\n'}
[8.144961] (-) TimerEvent: {}
[8.245608] (-) TimerEvent: {}
[8.346281] (-) TimerEvent: {}
[8.447084] (-) TimerEvent: {}
[8.458355] (rover_control_package) StdoutLine: {'line': b'-- Found std_srvs: 5.0.1 (/opt/ros/iron/share/std_srvs/cmake)\n'}
[8.547243] (-) TimerEvent: {}
[8.630223] (rover_control_package) StderrLine: {'line': b'\x1b[0m-----------------------------------------------------------\x1b[0m\n'}
[8.630890] (rover_control_package) StderrLine: {'line': b'\x1b[0mCMAKE_CURRENT_SOURCE_DIR: /home/curry/wilson_proj/ros2-rover-ws/src/rover_control_package\x1b[0m\n'}
[8.631243] (rover_control_package) StderrLine: {'line': b'\x1b[0m-----------------------------------------------------------\x1b[0m\n'}
[8.631545] (rover_control_package) StderrLine: {'line': b'\x1b[0mFull include path: /home/curry/wilson_proj/ros2-rover-ws/src/rover_control_package/include\x1b[0m\n'}
[8.631835] (rover_control_package) StderrLine: {'line': b'\x1b[0m-----------------------------------------------------------\x1b[0m\n'}
[8.632134] (rover_control_package) StderrLine: {'line': b'\x1b[0mBUILD_INTERFACE path: /home/curry/wilson_proj/ros2-rover-ws/src/rover_control_package/include\x1b[0m\n'}
[8.632432] (rover_control_package) StderrLine: {'line': b'\x1b[0m-----------------------------------------------------------\x1b[0m\n'}
[8.637256] (rover_control_package) StdoutLine: {'line': b'-- Found ament_lint_auto: 0.14.4 (/opt/ros/iron/share/ament_lint_auto/cmake)\n'}
[8.647420] (-) TimerEvent: {}
[8.680161] (rover_control_package) StdoutLine: {'line': b"-- Added test 'cppcheck' to perform static code analysis on C / C++ code\n"}
[8.682526] (rover_control_package) StdoutLine: {'line': b'-- Configured cppcheck include dirs: $<BUILD_INTERFACE:/home/curry/wilson_proj/ros2-rover-ws/src/rover_control_package/include>\n'}
[8.683016] (rover_control_package) StdoutLine: {'line': b'-- Configured cppcheck exclude dirs and/or files: \n'}
[8.686574] (rover_control_package) StdoutLine: {'line': b"-- Added test 'lint_cmake' to check CMake code style\n"}
[8.695147] (rover_control_package) StdoutLine: {'line': b"-- Added test 'uncrustify' to check C / C++ code style\n"}
[8.695674] (rover_control_package) StdoutLine: {'line': b'-- Configured uncrustify additional arguments: \n'}
[8.697209] (rover_control_package) StdoutLine: {'line': b"-- Added test 'xmllint' to check XML markup files\n"}
[8.707302] (rover_control_package) StdoutLine: {'line': b'-- Configuring done\n'}
[8.747591] (-) TimerEvent: {}
[8.848262] (-) TimerEvent: {}
[8.948866] (-) TimerEvent: {}
[8.966535] (rover_control_package) StdoutLine: {'line': b'-- Generating done\n'}
[8.990122] (rover_control_package) StdoutLine: {'line': b'-- Build files have been written to: /home/curry/wilson_proj/ros2-rover-ws/build/rover_control_package\n'}
[9.049076] (-) TimerEvent: {}
[9.124889] (rover_control_package) StdoutLine: {'line': b'\x1b[35m\x1b[1mConsolidate compiler generated dependencies of target carcontrol_server\x1b[0m\n'}
[9.149346] (-) TimerEvent: {}
[9.154942] (rover_control_package) StdoutLine: {'line': b'[  2%] Built target rover_control_package__rosidl_generator_type_description\n'}
[9.165739] (rover_control_package) StdoutLine: {'line': b'[  5%] \x1b[32mBuilding CXX object CMakeFiles/carcontrol_ros2_server.dir/src/motor_drive_node.cpp.o\x1b[0m\n'}
[9.215091] (rover_control_package) StdoutLine: {'line': b'[  5%] Built target ament_cmake_python_copy_rover_control_package\n'}
[9.230230] (rover_control_package) StdoutLine: {'line': b'[ 10%] Built target carcontrol_server\n'}
[9.245796] (rover_control_package) StdoutLine: {'line': b'[ 13%] Built target rover_control_package__cpp\n'}
[9.249634] (-) TimerEvent: {}
[9.264470] (rover_control_package) StdoutLine: {'line': b'\x1b[35m\x1b[1mConsolidate compiler generated dependencies of target rover_control_package__rosidl_generator_c\x1b[0m\n'}
[9.317496] (rover_control_package) StdoutLine: {'line': b'[ 26%] Built target rover_control_package__rosidl_generator_c\n'}
[9.349814] (-) TimerEvent: {}
[9.365997] (rover_control_package) StdoutLine: {'line': b'\x1b[35m\x1b[1mConsolidate compiler generated dependencies of target rover_control_package__rosidl_typesupport_cpp\x1b[0m\n'}
[9.369516] (rover_control_package) StdoutLine: {'line': b'\x1b[35m\x1b[1mConsolidate compiler generated dependencies of target rover_control_package__rosidl_typesupport_fastrtps_c\x1b[0m\n'}
[9.434501] (rover_control_package) StdoutLine: {'line': b'[ 34%] Built target rover_control_package__rosidl_typesupport_cpp\n'}
[9.435994] (rover_control_package) StdoutLine: {'line': b'[ 42%] Built target rover_control_package__rosidl_typesupport_fastrtps_c\n'}
[9.450018] (-) TimerEvent: {}
[9.484067] (rover_control_package) StdoutLine: {'line': b'\x1b[35m\x1b[1mConsolidate compiler generated dependencies of target rover_control_package__rosidl_typesupport_introspection_c\x1b[0m\n'}
[9.487742] (rover_control_package) StdoutLine: {'line': b'\x1b[35m\x1b[1mConsolidate compiler generated dependencies of target rover_control_package__rosidl_typesupport_c\x1b[0m\n'}
[9.538349] (rover_control_package) StdoutLine: {'line': b'[ 50%] Built target rover_control_package__rosidl_typesupport_introspection_c\n'}
[9.546940] (rover_control_package) StdoutLine: {'line': b'[ 57%] Built target rover_control_package__rosidl_typesupport_c\n'}
[9.550265] (-) TimerEvent: {}
[9.586261] (rover_control_package) StdoutLine: {'line': b'\x1b[35m\x1b[1mConsolidate compiler generated dependencies of target rover_control_package__rosidl_typesupport_fastrtps_cpp\x1b[0m\n'}
[9.597344] (rover_control_package) StdoutLine: {'line': b'\x1b[35m\x1b[1mConsolidate compiler generated dependencies of target rover_control_package__rosidl_typesupport_introspection_cpp\x1b[0m\n'}
[9.650518] (-) TimerEvent: {}
[9.657918] (rover_control_package) StdoutLine: {'line': b'[ 65%] Built target rover_control_package__rosidl_typesupport_fastrtps_cpp\n'}
[9.669707] (rover_control_package) StdoutLine: {'line': b'[ 73%] Built target rover_control_package__rosidl_typesupport_introspection_cpp\n'}
[9.750828] (-) TimerEvent: {}
[9.754177] (rover_control_package) StdoutLine: {'line': b'[ 73%] Built target rover_control_package\n'}
[9.836875] (rover_control_package) StdoutLine: {'line': b'[ 76%] Built target rover_control_package__py\n'}
[9.850922] (-) TimerEvent: {}
[9.863505] (rover_control_package) StderrLine: {'line': b'\x1b[01m\x1b[K/home/curry/wilson_proj/ros2-rover-ws/src/rover_control_package/src/motor_drive_node.cpp:5:10:\x1b[m\x1b[K \x1b[01;31m\x1b[Kfatal error: \x1b[m\x1b[Krover_control_package/action/carcontrol.hpp: No such file or directory\n'}
[9.864222] (rover_control_package) StderrLine: {'line': b'    5 | #include \x1b[01;31m\x1b[K"rover_control_package/action/carcontrol.hpp"\x1b[m\x1b[K\n'}
[9.864927] (rover_control_package) StderrLine: {'line': b'      |          \x1b[01;31m\x1b[K^~~~~~~~~~~~~~~~~~~~~~~~~~~~~~~~~~~~~~~~~~~~~\x1b[m\x1b[K\n'}
[9.865832] (rover_control_package) StderrLine: {'line': b'compilation terminated.\n'}
[9.872693] (rover_control_package) StderrLine: {'line': b'gmake[2]: *** [CMakeFiles/carcontrol_ros2_server.dir/build.make:76: CMakeFiles/carcontrol_ros2_server.dir/src/motor_drive_node.cpp.o] Error 1\n'}
[9.873739] (rover_control_package) StderrLine: {'line': b'gmake[1]: *** [CMakeFiles/Makefile2:625: CMakeFiles/carcontrol_ros2_server.dir/all] Error 2\n'}
[9.874445] (rover_control_package) StderrLine: {'line': b'gmake[1]: *** Waiting for unfinished jobs....\n'}
[9.881911] (rover_control_package) StdoutLine: {'line': b'\x1b[35m\x1b[1mConsolidate compiler generated dependencies of target rover_control_package__rosidl_generator_py\x1b[0m\n'}
[9.939249] (rover_control_package) StdoutLine: {'line': b'[ 81%] Built target rover_control_package__rosidl_generator_py\n'}
[9.951093] (-) TimerEvent: {}
[10.051765] (-) TimerEvent: {}
[10.152349] (-) TimerEvent: {}
[10.252975] (-) TimerEvent: {}
[10.353597] (-) TimerEvent: {}
[10.454185] (-) TimerEvent: {}
[10.493247] (rover_control_package) StdoutLine: {'line': b'running egg_info\n'}
[10.496653] (rover_control_package) StdoutLine: {'line': b'writing rover_control_package.egg-info/PKG-INFO\n'}
[10.497680] (rover_control_package) StdoutLine: {'line': b'writing dependency_links to rover_control_package.egg-info/dependency_links.txt\n'}
[10.498642] (rover_control_package) StdoutLine: {'line': b'writing top-level names to rover_control_package.egg-info/top_level.txt\n'}
[10.508455] (rover_control_package) StdoutLine: {'line': b"reading manifest file 'rover_control_package.egg-info/SOURCES.txt'\n"}
[10.511132] (rover_control_package) StdoutLine: {'line': b"writing manifest file 'rover_control_package.egg-info/SOURCES.txt'\n"}
[10.554534] (-) TimerEvent: {}
[10.637227] (rover_control_package) StdoutLine: {'line': b'[ 81%] Built target ament_cmake_python_build_rover_control_package_egg\n'}
[10.640995] (rover_control_package) StderrLine: {'line': b'gmake: *** [Makefile:146: all] Error 2\n'}
[10.646458] (rover_control_package) CommandEnded: {'returncode': 2}
[10.654664] (-) TimerEvent: {}
[10.755419] (-) TimerEvent: {}
[10.856025] (-) TimerEvent: {}
[10.956642] (-) TimerEvent: {}
[11.057263] (-) TimerEvent: {}
[11.061377] (rover_control_package) JobEnded: {'identifier': 'rover_control_package', 'rc': 2}
[11.072949] (-) EventReactorShutdown: {}
