[0.175s] Invoking command in '/home/curry/wilson_proj/ros2-rover-ws/build/package_position_process': CMAKE_PREFIX_PATH=${CMAKE_PREFIX_PATH}:/opt/ros/humble /usr/bin/cmake --build /home/curry/wilson_proj/ros2-rover-ws/build/package_position_process -- -j4 -l4
[0.605s] [35m[1mConsolidate compiler generated dependencies of target node_position_process[0m
[0.798s] [ 50%] Built target node_gnss
[0.833s] [ 75%] [32mBuilding CXX object CMakeFiles/node_position_process.dir/src/node_pose_proc.cpp.o[0m
[12.657s] [01m[K/home/curry/wilson_proj/ros2-rover-ws/src/package_position_process/src/node_pose_proc.cpp:35:21:[m[K [01;31m[Kerror: [m[Kâ€˜[01m[Kmsg[m[Kâ€™ in namespace â€˜[01m[Kservice_ifaces[m[Kâ€™ does not name a type
[12.657s]    35 |     service_ifaces::[01;31m[Kmsg[m[K::GnssData cur_pose_msg_;
[12.657s]       |                     [01;31m[K^~~[m[K
[12.786s] [01m[K/home/curry/wilson_proj/ros2-rover-ws/src/package_position_process/src/node_pose_proc.cpp:[m[K In member function â€˜[01m[Kvoid PoseProcessor::topic_cur_callback(msgs_ifaces::msg::GnssData_<std::allocator<void> >::SharedPtr)[m[Kâ€™:
[12.787s] [01m[K/home/curry/wilson_proj/ros2-rover-ws/src/package_position_process/src/node_pose_proc.cpp:54:9:[m[K [01;31m[Kerror: [m[Kâ€˜[01m[Kcur_pose_msg_[m[Kâ€™ was not declared in this scope; did you mean â€˜[01m[Kcur_pose_sub_[m[Kâ€™?
[12.787s]    54 |         [01;31m[Kcur_pose_msg_[m[K.date = msg->date;
[12.788s]       |         [01;31m[K^~~~~~~~~~~~~[m[K
[12.788s]       |         [32m[Kcur_pose_sub_[m[K
[12.812s] [01m[K/home/curry/wilson_proj/ros2-rover-ws/src/package_position_process/src/node_pose_proc.cpp:[m[K In member function â€˜[01m[Kvoid PoseProcessor::processData()[m[Kâ€™:
[12.812s] [01m[K/home/curry/wilson_proj/ros2-rover-ws/src/package_position_process/src/node_pose_proc.cpp:87:13:[m[K [01;31m[Kerror: [m[Kâ€˜[01m[Kcur_pose_msg_[m[Kâ€™ was not declared in this scope; did you mean â€˜[01m[Kcur_pose_sub_[m[Kâ€™?
[12.813s]    87 |         if ([01;31m[Kcur_pose_msg_[m[K.latitude == 0.0 && cur_pose_msg_.longitude == 0.0) {
[12.813s]       |             [01;31m[K^~~~~~~~~~~~~[m[K
[12.814s]       |             [32m[Kcur_pose_sub_[m[K
[12.835s] [01m[K/home/curry/wilson_proj/ros2-rover-ws/src/package_position_process/src/node_pose_proc.cpp:91:46:[m[K [01;31m[Kerror: [m[Kâ€˜[01m[Kcur_pose_msg_[m[Kâ€™ was not declared in this scope; did you mean â€˜[01m[Kcur_pose_sub_[m[Kâ€™?
[12.836s]    91 |         double distance = haversine_distance([01;31m[Kcur_pose_msg_[m[K.latitude, cur_pose_msg_.longitude, des_lat_, des_long_);
[12.836s]       |                                              [01;31m[K^~~~~~~~~~~~~[m[K
[12.836s]       |                                              [32m[Kcur_pose_sub_[m[K
[21.682s] gmake[2]: *** [CMakeFiles/node_position_process.dir/build.make:76: CMakeFiles/node_position_process.dir/src/node_pose_proc.cpp.o] Error 1
[21.683s] gmake[1]: *** [CMakeFiles/Makefile2:165: CMakeFiles/node_position_process.dir/all] Error 2
[21.684s] gmake: *** [Makefile:146: all] Error 2
[21.690s] Invoked command in '/home/curry/wilson_proj/ros2-rover-ws/build/package_position_process' returned '2': CMAKE_PREFIX_PATH=${CMAKE_PREFIX_PATH}:/opt/ros/humble /usr/bin/cmake --build /home/curry/wilson_proj/ros2-rover-ws/build/package_position_process -- -j4 -l4
