[ 25%] [32mBuilding CXX object CMakeFiles/node_position_process.dir/src/node_pose_proc.cpp.o[0m
[ 75%] Built target node_gnss
[01m[K/home/curry/wilson_proj/ros2-rover-ws/src/package_position_process/src/node_pose_proc.cpp:4:10:[m[K [01;31m[Kfatal error: [m[Kservice_ifaces/msg/gnss_data.hpp: No such file or directory
    4 | #include [01;31m[K<service_ifaces/msg/gnss_data.hpp>[m[K
      |          [01;31m[K^~~~~~~~~~~~~~~~~~~~~~~~~~~~~~~~~~[m[K
compilation terminated.
gmake[2]: *** [CMakeFiles/node_position_process.dir/build.make:76: CMakeFiles/node_position_process.dir/src/node_pose_proc.cpp.o] Error 1
gmake[1]: *** [CMakeFiles/Makefile2:165: CMakeFiles/node_position_process.dir/all] Error 2
gmake: *** [Makefile:146: all] Error 2
