[0.111s] Invoking command in '/home/curry/wilson_proj/ros2-rover-ws/build/rovercon_msgs': CMAKE_PREFIX_PATH=${CMAKE_PREFIX_PATH}:/opt/ros/humble /usr/bin/cmake --build /home/curry/wilson_proj/ros2-rover-ws/build/rovercon_msgs -- -j4 -l4
[0.226s] -- Found ament_cmake: 1.3.11 (/opt/ros/humble/share/ament_cmake/cmake)
[0.871s] -- Found rosidl_default_generators: 1.2.0 (/opt/ros/humble/share/rosidl_default_generators/cmake)
[0.883s] -- Using all available rosidl_typesupport_c: rosidl_typesupport_fastrtps_c;rosidl_typesupport_introspection_c
[0.896s] -- Found rosidl_adapter: 3.1.6 (/opt/ros/humble/share/rosidl_adapter/cmake)
[1.086s] -- Using all available rosidl_typesupport_cpp: rosidl_typesupport_fastrtps_cpp;rosidl_typesupport_introspection_cpp
[2.439s] -- Found ament_cmake_ros: 0.10.0 (/opt/ros/humble/share/ament_cmake_ros/cmake)
[3.342s] -- Using all available rosidl_typesupport_c: rosidl_typesupport_fastrtps_c;rosidl_typesupport_introspection_c
[4.482s] -- Using all available rosidl_typesupport_cpp: rosidl_typesupport_fastrtps_cpp;rosidl_typesupport_introspection_cpp
[4.600s] -- Found python_cmake_module: 0.10.0 (/opt/ros/humble/share/python_cmake_module/cmake)
[4.718s] -- Using PYTHON_EXECUTABLE: /usr/bin/python3
[4.718s] -- Using PYTHON_INCLUDE_DIRS: /usr/include/python3.10
[4.719s] -- Using PYTHON_LIBRARIES: /usr/lib/aarch64-linux-gnu/libpython3.10.so
[4.771s] -- Found ament_lint_auto: 0.12.11 (/opt/ros/humble/share/ament_lint_auto/cmake)
[4.896s] -- Added test 'lint_cmake' to check CMake code style
[4.909s] -- Added test 'xmllint' to check XML markup files
[4.932s] -- Configuring done
[5.222s] -- Generating done
[5.271s] -- Build files have been written to: /home/curry/wilson_proj/ros2-rover-ws/build/rovercon_msgs
[5.376s] [  2%] [34m[1mGenerating C code for ROS interfaces[0m
[5.425s] [  5%] [34m[1mGenerating C++ code for ROS interfaces[0m
[5.479s] [  5%] Built target ament_cmake_python_copy_rovercon_msgs
[6.983s] [35m[1mConsolidate compiler generated dependencies of target rovercon_msgs__rosidl_generator_c[0m
[7.056s] [ 10%] [32mBuilding C object CMakeFiles/rovercon_msgs__rosidl_generator_c.dir/rosidl_generator_c/rovercon_msgs/msg/detail/main_rocon__functions.c.o[0m
[7.057s] [ 10%] [32mBuilding C object CMakeFiles/rovercon_msgs__rosidl_generator_c.dir/rosidl_generator_c/rovercon_msgs/msg/detail/sub_rocon__functions.c.o[0m
[7.084s] [ 10%] Built target rovercon_msgs__cpp
[7.115s] running egg_info
[7.119s] writing rovercon_msgs.egg-info/PKG-INFO
[7.120s] writing dependency_links to rovercon_msgs.egg-info/dependency_links.txt
[7.121s] writing top-level names to rovercon_msgs.egg-info/top_level.txt
[7.132s] reading manifest file 'rovercon_msgs.egg-info/SOURCES.txt'
[7.133s] [ 12%] [34m[1mGenerating C++ type support for eProsima Fast-RTPS[0m
[7.136s] writing manifest file 'rovercon_msgs.egg-info/SOURCES.txt'
[7.259s] In file included from [01m[K/home/curry/wilson_proj/ros2-rover-ws/build/rovercon_msgs/rosidl_generator_c/rovercon_msgs/msg/detail/main_rocon__functions.h:19[m[K,
[7.260s]                  from [01m[K/home/curry/wilson_proj/ros2-rover-ws/build/rovercon_msgs/rosidl_generator_c/rovercon_msgs/msg/detail/main_rocon__functions.c:4[m[K:
[7.260s] [01m[K/home/curry/wilson_proj/ros2-rover-ws/build/rovercon_msgs/rosidl_generator_c/rovercon_msgs/msg/detail/main_rocon__struct.h:22:10:[m[K [01;31m[Kfatal error: [m[Krovercon_msg/msg/detail/sub_rocon__struct.h: No such file or directory
[7.261s]    22 | #include [01;31m[K"rovercon_msg/msg/detail/sub_rocon__struct.h"[m[K
[7.261s]       |          [01;31m[K^~~~~~~~~~~~~~~~~~~~~~~~~~~~~~~~~~~~~~~~~~~~~[m[K
[7.261s] compilation terminated.
[7.266s] gmake[2]: *** [CMakeFiles/rovercon_msgs__rosidl_generator_c.dir/build.make:135: CMakeFiles/rovercon_msgs__rosidl_generator_c.dir/rosidl_generator_c/rovercon_msgs/msg/detail/main_rocon__functions.c.o] Error 1
[7.267s] gmake[2]: *** Waiting for unfinished jobs....
[7.305s] [ 12%] Built target ament_cmake_python_build_rovercon_msgs_egg
[7.323s] [ 15%] [34m[1mGenerating C++ introspection for ROS interfaces[0m
[7.362s] [ 17%] [34m[1mGenerating C++ type support dispatch for ROS interfaces[0m
[7.599s] gmake[1]: *** [CMakeFiles/Makefile2:213: CMakeFiles/rovercon_msgs__rosidl_generator_c.dir/all] Error 2
[7.600s] gmake[1]: *** Waiting for unfinished jobs....
[8.571s] [35m[1mConsolidate compiler generated dependencies of target rovercon_msgs__rosidl_typesupport_cpp[0m
[8.579s] [35m[1mConsolidate compiler generated dependencies of target rovercon_msgs__rosidl_typesupport_fastrtps_cpp[0m
[8.641s] [ 20%] [32mBuilding CXX object CMakeFiles/rovercon_msgs__rosidl_typesupport_cpp.dir/rosidl_typesupport_cpp/rovercon_msgs/msg/sub_rocon__type_support.cpp.o[0m
[8.644s] [ 23%] [32mBuilding CXX object CMakeFiles/rovercon_msgs__rosidl_typesupport_cpp.dir/rosidl_typesupport_cpp/rovercon_msgs/msg/main_rocon__type_support.cpp.o[0m
[8.649s] [ 25%] [32mBuilding CXX object CMakeFiles/rovercon_msgs__rosidl_typesupport_fastrtps_cpp.dir/rosidl_typesupport_fastrtps_cpp/rovercon_msgs/msg/detail/dds_fastrtps/sub_rocon__type_support.cpp.o[0m
[8.671s] [35m[1mConsolidate compiler generated dependencies of target rovercon_msgs__rosidl_typesupport_introspection_cpp[0m
[8.741s] [ 28%] [32mBuilding CXX object CMakeFiles/rovercon_msgs__rosidl_typesupport_introspection_cpp.dir/rosidl_typesupport_introspection_cpp/rovercon_msgs/msg/detail/sub_rocon__type_support.cpp.o[0m
[8.951s] In file included from [01m[K/home/curry/wilson_proj/ros2-rover-ws/build/rovercon_msgs/rosidl_typesupport_cpp/rovercon_msgs/msg/main_rocon__type_support.cpp:7[m[K:
[8.952s] [01m[K/home/curry/wilson_proj/ros2-rover-ws/build/rovercon_msgs/rosidl_generator_cpp/rovercon_msgs/msg/detail/main_rocon__struct.hpp:20:10:[m[K [01;31m[Kfatal error: [m[Krovercon_msg/msg/detail/sub_rocon__struct.hpp: No such file or directory
[8.952s]    20 | #include [01;31m[K"rovercon_msg/msg/detail/sub_rocon__struct.hpp"[m[K
[8.953s]       |          [01;31m[K^~~~~~~~~~~~~~~~~~~~~~~~~~~~~~~~~~~~~~~~~~~~~~~[m[K
[8.953s] compilation terminated.
[8.957s] gmake[2]: *** [CMakeFiles/rovercon_msgs__rosidl_typesupport_cpp.dir/build.make:104: CMakeFiles/rovercon_msgs__rosidl_typesupport_cpp.dir/rosidl_typesupport_cpp/rovercon_msgs/msg/main_rocon__type_support.cpp.o] Error 1
[8.957s] gmake[2]: *** Waiting for unfinished jobs....
[8.997s] [ 30%] [32mBuilding CXX object CMakeFiles/rovercon_msgs__rosidl_typesupport_introspection_cpp.dir/rosidl_typesupport_introspection_cpp/rovercon_msgs/msg/detail/main_rocon__type_support.cpp.o[0m
[9.378s] In file included from [01m[K/home/curry/wilson_proj/ros2-rover-ws/build/rovercon_msgs/rosidl_typesupport_introspection_cpp/rovercon_msgs/msg/detail/main_rocon__type_support.cpp:12[m[K:
[9.379s] [01m[K/home/curry/wilson_proj/ros2-rover-ws/build/rovercon_msgs/rosidl_generator_cpp/rovercon_msgs/msg/detail/main_rocon__struct.hpp:20:10:[m[K [01;31m[Kfatal error: [m[Krovercon_msg/msg/detail/sub_rocon__struct.hpp: No such file or directory
[9.380s]    20 | #include [01;31m[K"rovercon_msg/msg/detail/sub_rocon__struct.hpp"[m[K
[9.381s]       |          [01;31m[K^~~~~~~~~~~~~~~~~~~~~~~~~~~~~~~~~~~~~~~~~~~~~~~[m[K
[9.382s] compilation terminated.
[9.394s] gmake[2]: *** [CMakeFiles/rovercon_msgs__rosidl_typesupport_introspection_cpp.dir/build.make:112: CMakeFiles/rovercon_msgs__rosidl_typesupport_introspection_cpp.dir/rosidl_typesupport_introspection_cpp/rovercon_msgs/msg/detail/main_rocon__type_support.cpp.o] Error 1
[9.395s] gmake[2]: *** Waiting for unfinished jobs....
[9.449s] [ 33%] [32mBuilding CXX object CMakeFiles/rovercon_msgs__rosidl_typesupport_fastrtps_cpp.dir/rosidl_typesupport_fastrtps_cpp/rovercon_msgs/msg/detail/dds_fastrtps/main_rocon__type_support.cpp.o[0m
[9.818s] In file included from [01m[K/home/curry/wilson_proj/ros2-rover-ws/build/rovercon_msgs/rosidl_typesupport_fastrtps_cpp/rovercon_msgs/msg/detail/main_rocon__rosidl_typesupport_fastrtps_cpp.hpp:11[m[K,
[9.819s]                  from [01m[K/home/curry/wilson_proj/ros2-rover-ws/build/rovercon_msgs/rosidl_typesupport_fastrtps_cpp/rovercon_msgs/msg/detail/dds_fastrtps/main_rocon__type_support.cpp:4[m[K:
[9.821s] [01m[K/home/curry/wilson_proj/ros2-rover-ws/build/rovercon_msgs/rosidl_generator_cpp/rovercon_msgs/msg/detail/main_rocon__struct.hpp:20:10:[m[K [01;31m[Kfatal error: [m[Krovercon_msg/msg/detail/sub_rocon__struct.hpp: No such file or directory
[9.822s]    20 | #include [01;31m[K"rovercon_msg/msg/detail/sub_rocon__struct.hpp"[m[K
[9.824s]       |          [01;31m[K^~~~~~~~~~~~~~~~~~~~~~~~~~~~~~~~~~~~~~~~~~~~~~~[m[K
[9.825s] compilation terminated.
[9.835s] gmake[2]: *** [CMakeFiles/rovercon_msgs__rosidl_typesupport_fastrtps_cpp.dir/build.make:112: CMakeFiles/rovercon_msgs__rosidl_typesupport_fastrtps_cpp.dir/rosidl_typesupport_fastrtps_cpp/rovercon_msgs/msg/detail/dds_fastrtps/main_rocon__type_support.cpp.o] Error 1
[9.836s] gmake[2]: *** Waiting for unfinished jobs....
[10.167s] gmake[1]: *** [CMakeFiles/Makefile2:395: CMakeFiles/rovercon_msgs__rosidl_typesupport_cpp.dir/all] Error 2
[10.707s] gmake[1]: *** [CMakeFiles/Makefile2:369: CMakeFiles/rovercon_msgs__rosidl_typesupport_introspection_cpp.dir/all] Error 2
[10.712s] gmake[1]: *** [CMakeFiles/Makefile2:343: CMakeFiles/rovercon_msgs__rosidl_typesupport_fastrtps_cpp.dir/all] Error 2
[10.713s] gmake: *** [Makefile:146: all] Error 2
[10.719s] Invoked command in '/home/curry/wilson_proj/ros2-rover-ws/build/rovercon_msgs' returned '2': CMAKE_PREFIX_PATH=${CMAKE_PREFIX_PATH}:/opt/ros/humble /usr/bin/cmake --build /home/curry/wilson_proj/ros2-rover-ws/build/rovercon_msgs -- -j4 -l4
