[0.066s] Invoking command in '/home/curry/wilson_proj/ros2-rover-ws/build/rover_control_package': CMAKE_PREFIX_PATH=${CMAKE_PREFIX_PATH}:/opt/ros/iron /usr/bin/cmake --build /home/curry/wilson_proj/ros2-rover-ws/build/rover_control_package -- -j4 -l4
[0.321s] [35m[1mConsolidate compiler generated dependencies of target carcontrol_server[0m
[0.399s] [  2%] [32mBuilding CXX object CMakeFiles/carcontrol_ros2_server.dir/src/motor_drive_node.cpp.o[0m
[0.402s] [  5%] Built target rover_control_package__rosidl_generator_type_description
[0.451s] [  5%] Built target ament_cmake_python_copy_rover_control_package
[0.532s] [ 10%] Built target carcontrol_server
[0.641s] [ 13%] Built target rover_control_package__cpp
[0.680s] [ 26%] Built target rover_control_package__rosidl_generator_c
[0.923s] [ 34%] Built target rover_control_package__rosidl_typesupport_fastrtps_c
[0.939s] [ 42%] Built target rover_control_package__rosidl_typesupport_cpp
[1.145s] [ 50%] Built target rover_control_package__rosidl_typesupport_introspection_c
[1.183s] [ 57%] Built target rover_control_package__rosidl_typesupport_c
[1.262s] [35m[1mConsolidate compiler generated dependencies of target rover_control_package__rosidl_typesupport_introspection_cpp[0m
[1.365s] [ 65%] Built target rover_control_package__rosidl_typesupport_fastrtps_cpp
[1.382s] [ 73%] Built target rover_control_package__rosidl_typesupport_introspection_cpp
[1.387s] [01m[K/home/curry/wilson_proj/ros2-rover-ws/src/rover_control_package/src/motor_drive_node.cpp:5:10:[m[K [01;31m[Kfatal error: [m[Krover_control_package/action/Carcontrol.hpp: No such file or directory
[1.387s]     5 | #include [01;31m[K"rover_control_package/action/Carcontrol.hpp"[m[K
[1.388s]       |          [01;31m[K^~~~~~~~~~~~~~~~~~~~~~~~~~~~~~~~~~~~~~~~~~~~~[m[K
[1.388s] compilation terminated.
[1.398s] gmake[2]: *** [CMakeFiles/carcontrol_ros2_server.dir/build.make:76: CMakeFiles/carcontrol_ros2_server.dir/src/motor_drive_node.cpp.o] Error 1
[1.399s] gmake[1]: *** [CMakeFiles/Makefile2:625: CMakeFiles/carcontrol_ros2_server.dir/all] Error 2
[1.400s] gmake[1]: *** Waiting for unfinished jobs....
[1.499s] [ 73%] Built target rover_control_package
[2.378s] running egg_info
[2.382s] writing rover_control_package.egg-info/PKG-INFO
[2.384s] writing dependency_links to rover_control_package.egg-info/dependency_links.txt
[2.385s] writing top-level names to rover_control_package.egg-info/top_level.txt
[2.396s] reading manifest file 'rover_control_package.egg-info/SOURCES.txt'
[2.399s] writing manifest file 'rover_control_package.egg-info/SOURCES.txt'
[2.538s] [ 73%] Built target ament_cmake_python_build_rover_control_package_egg
[2.543s] gmake: *** [Makefile:146: all] Error 2
[2.551s] Invoked command in '/home/curry/wilson_proj/ros2-rover-ws/build/rover_control_package' returned '2': CMAKE_PREFIX_PATH=${CMAKE_PREFIX_PATH}:/opt/ros/iron /usr/bin/cmake --build /home/curry/wilson_proj/ros2-rover-ws/build/rover_control_package -- -j4 -l4
