[0.073s] Invoking command in '/home/curry/wilson_proj/ros2-rover-ws/build/package_rover_control': CMAKE_PREFIX_PATH=${CMAKE_PREFIX_PATH}:/opt/ros/humble /usr/bin/cmake --build /home/curry/wilson_proj/ros2-rover-ws/build/package_rover_control -- -j4 -l4
[0.352s] [ 33%] Built target node_motor_control
[0.354s] [ 83%] Built target motorcontrol
[0.355s] [ 83%] [32mBuilding CXX object CMakeFiles/node_rovercontrol.dir/src/node_rover_control_a.cpp.o[0m
[10.269s] [01m[K/home/curry/wilson_proj/ros2-rover-ws/src/package_rover_control/src/node_rover_control_a.cpp:[m[K In member function â€˜[01m[Kvoid Node_Rovercontrol::timer_callback()[m[Kâ€™:
[10.270s] [01m[K/home/curry/wilson_proj/ros2-rover-ws/src/package_rover_control/src/node_rover_control_a.cpp:97:25:[m[K [01;31m[Kerror: [m[Kâ€˜[01m[Kmsgs_rocon[m[Kâ€™ has not been declared
[10.270s]    97 |         auto subrocon = [01;31m[Kmsgs_rocon[m[K::msg::SubRocon();
[10.271s]       |                         [01;31m[K^~~~~~~~~~[m[K
[10.291s] [01m[K/home/curry/wilson_proj/ros2-rover-ws/src/package_rover_control/src/node_rover_control_a.cpp:105:19:[m[K [01;31m[Kerror: [m[Kâ€˜[01m[Kstruct msgs_mainrocon::msg::MainRocon_<std::allocator<void> >[m[Kâ€™ has no member named â€˜[01m[Kmainrocin_msg[m[Kâ€™; did you mean â€˜[01m[Kmainrocon_msg[m[Kâ€™?
[10.292s]   105 |         mainrocon.[01;31m[Kmainrocin_msg[m[K = subrocon;
[10.295s]       |                   [01;31m[K^~~~~~~~~~~~~[m[K
[10.296s]       |                   [32m[Kmainrocon_msg[m[K
[10.297s] [01m[K/home/curry/wilson_proj/ros2-rover-ws/src/package_rover_control/src/node_rover_control_a.cpp:107:34:[m[K [01;31m[Kerror: [m[Kno matching function for call to â€˜[01m[Krclcpp::Publisher<std_msgs::msg::Float32MultiArray_<std::allocator<void> > >::publish(msgs_mainrocon::msg::MainRocon_<std::allocator<void> >&)[m[Kâ€™
[10.299s]   107 |         [01;31m[Ktopic_rocon_pub_->publish(mainrocon)[m[K;
[10.300s]       |         [01;31m[K~~~~~~~~~~~~~~~~~~~~~~~~~^~~~~~~~~~~[m[K
[10.301s] In file included from [01m[K/opt/ros/humble/include/rclcpp/rclcpp/topic_statistics/subscription_topic_statistics.hpp:31[m[K,
[10.302s]                  from [01m[K/opt/ros/humble/include/rclcpp/rclcpp/subscription.hpp:50[m[K,
[10.303s]                  from [01m[K/opt/ros/humble/include/rclcpp/rclcpp/any_executable.hpp:25[m[K,
[10.303s]                  from [01m[K/opt/ros/humble/include/rclcpp/rclcpp/memory_strategy.hpp:25[m[K,
[10.304s]                  from [01m[K/opt/ros/humble/include/rclcpp/rclcpp/memory_strategies.hpp:18[m[K,
[10.304s]                  from [01m[K/opt/ros/humble/include/rclcpp/rclcpp/executor_options.hpp:20[m[K,
[10.305s]                  from [01m[K/opt/ros/humble/include/rclcpp/rclcpp/executor.hpp:37[m[K,
[10.306s]                  from [01m[K/opt/ros/humble/include/rclcpp/rclcpp/executors/multi_threaded_executor.hpp:25[m[K,
[10.306s]                  from [01m[K/opt/ros/humble/include/rclcpp/rclcpp/executors.hpp:21[m[K,
[10.307s]                  from [01m[K/opt/ros/humble/include/rclcpp/rclcpp/rclcpp.hpp:155[m[K,
[10.307s]                  from [01m[K/home/curry/wilson_proj/ros2-rover-ws/src/package_rover_control/src/node_rover_control_a.cpp:1[m[K:
[10.308s] [01m[K/opt/ros/humble/include/rclcpp/rclcpp/publisher.hpp:251:3:[m[K [01;36m[Knote: [m[Kcandidate: â€˜[01m[Ktemplate<class T> std::enable_if_t<(rosidl_generator_traits::is_message<T>::value && std::is_same<T, typename rclcpp::TypeAdapter<MessageT>::ros_message_type>::value)> rclcpp::Publisher<MessageT, AllocatorT>::publish(std::unique_ptr<T, typename std::conditional<std::is_same<typename std::allocator_traits<typename std::allocator_traits<_Allocator>::rebind_traits<typename rclcpp::TypeAdapter<MessageT, void, void>::ros_message_type>::allocator_type>::rebind_alloc<typename rclcpp::TypeAdapter<MessageT, void, void>::ros_message_type>, std::allocator<typename rclcpp::TypeAdapter<MessageT>::ros_message_type> >::value, std::default_delete<typename rclcpp::TypeAdapter<MessageT>::ros_message_type>, rclcpp::allocator::AllocatorDeleter<typename std::allocator_traits<_Allocator>::rebind_traits<typename rclcpp::TypeAdapter<MessageT, void, void>::ros_message_type>::allocator_type> >::type>) [with T = T; MessageT = std_msgs::msg::Float32MultiArray_<std::allocator<void> >; AllocatorT = std::allocator<void>][m[Kâ€™
[10.308s]   251 |   [01;36m[Kpublish[m[K(std::unique_ptr<T, ROSMessageTypeDeleter> msg)
[10.309s]       |   [01;36m[K^~~~~~~[m[K
[10.310s] [01m[K/opt/ros/humble/include/rclcpp/rclcpp/publisher.hpp:251:3:[m[K [01;36m[Knote: [m[K  template argument deduction/substitution failed:
[10.310s] [01m[K/home/curry/wilson_proj/ros2-rover-ws/src/package_rover_control/src/node_rover_control_a.cpp:107:34:[m[K [01;36m[Knote: [m[K  â€˜[01m[Kmsgs_mainrocon::msg::MainRocon_<std::allocator<void> >[m[Kâ€™ is not derived from â€˜[01m[Kstd::unique_ptr<T, std::default_delete<std_msgs::msg::Float32MultiArray_<std::allocator<void> > > >[m[Kâ€™
[10.311s]   107 |         [01;36m[Ktopic_rocon_pub_->publish(mainrocon)[m[K;
[10.311s]       |         [01;36m[K~~~~~~~~~~~~~~~~~~~~~~~~~^~~~~~~~~~~[m[K
[10.311s] In file included from [01m[K/opt/ros/humble/include/rclcpp/rclcpp/topic_statistics/subscription_topic_statistics.hpp:31[m[K,
[10.312s]                  from [01m[K/opt/ros/humble/include/rclcpp/rclcpp/subscription.hpp:50[m[K,
[10.312s]                  from [01m[K/opt/ros/humble/include/rclcpp/rclcpp/any_executable.hpp:25[m[K,
[10.312s]                  from [01m[K/opt/ros/humble/include/rclcpp/rclcpp/memory_strategy.hpp:25[m[K,
[10.313s]                  from [01m[K/opt/ros/humble/include/rclcpp/rclcpp/memory_strategies.hpp:18[m[K,
[10.313s]                  from [01m[K/opt/ros/humble/include/rclcpp/rclcpp/executor_options.hpp:20[m[K,
[10.313s]                  from [01m[K/opt/ros/humble/include/rclcpp/rclcpp/executor.hpp:37[m[K,
[10.314s]                  from [01m[K/opt/ros/humble/include/rclcpp/rclcpp/executors/multi_threaded_executor.hpp:25[m[K,
[10.314s]                  from [01m[K/opt/ros/humble/include/rclcpp/rclcpp/executors.hpp:21[m[K,
[10.314s]                  from [01m[K/opt/ros/humble/include/rclcpp/rclcpp/rclcpp.hpp:155[m[K,
[10.315s]                  from [01m[K/home/curry/wilson_proj/ros2-rover-ws/src/package_rover_control/src/node_rover_control_a.cpp:1[m[K:
[10.315s] [01m[K/opt/ros/humble/include/rclcpp/rclcpp/publisher.hpp:292:3:[m[K [01;36m[Knote: [m[Kcandidate: â€˜[01m[Ktemplate<class T> std::enable_if_t<(rosidl_generator_traits::is_message<T>::value && std::is_same<T, typename rclcpp::TypeAdapter<MessageT>::ros_message_type>::value)> rclcpp::Publisher<MessageT, AllocatorT>::publish(const T&) [with T = T; MessageT = std_msgs::msg::Float32MultiArray_<std::allocator<void> >; AllocatorT = std::allocator<void>][m[Kâ€™
[10.315s]   292 |   [01;36m[Kpublish[m[K(const T & msg)
[10.316s]       |   [01;36m[K^~~~~~~[m[K
[10.316s] [01m[K/opt/ros/humble/include/rclcpp/rclcpp/publisher.hpp:292:3:[m[K [01;36m[Knote: [m[K  template argument deduction/substitution failed:
[10.316s] In file included from [01m[K/usr/include/c++/11/bits/move.h:57[m[K,
[10.317s]                  from [01m[K/usr/include/c++/11/bits/stl_pair.h:59[m[K,
[10.317s]                  from [01m[K/usr/include/c++/11/bits/stl_algobase.h:64[m[K,
[10.317s]                  from [01m[K/usr/include/c++/11/memory:63[m[K,
[10.318s]                  from [01m[K/opt/ros/humble/include/rclcpp/rclcpp/rclcpp.hpp:153[m[K,
[10.318s]                  from [01m[K/home/curry/wilson_proj/ros2-rover-ws/src/package_rover_control/src/node_rover_control_a.cpp:1[m[K:
[10.318s] /usr/include/c++/11/type_traits: In substitution of â€˜[01m[Ktemplate<bool _Cond, class _Tp> using enable_if_t = typename std::enable_if::type [with bool _Cond = false; _Tp = void][m[Kâ€™:
[10.319s] [01m[K/opt/ros/humble/include/rclcpp/rclcpp/publisher.hpp:292:3:[m[K   required by substitution of â€˜[01m[Ktemplate<class T> std::enable_if_t<(rosidl_generator_traits::is_message<T>::value && std::is_same<T, std_msgs::msg::Float32MultiArray_<std::allocator<void> > >::value), void> rclcpp::Publisher<std_msgs::msg::Float32MultiArray_<std::allocator<void> > >::publish<T>(const T&) [with T = msgs_mainrocon::msg::MainRocon_<std::allocator<void> >][m[Kâ€™
[10.319s] [01m[K/home/curry/wilson_proj/ros2-rover-ws/src/package_rover_control/src/node_rover_control_a.cpp:107:34:[m[K   required from here
[10.320s] [01m[K/usr/include/c++/11/type_traits:2579:11:[m[K [01;31m[Kerror: [m[Kno type named â€˜[01m[Ktype[m[Kâ€™ in â€˜[01m[Kstruct std::enable_if<false, void>[m[Kâ€™
[10.320s]  2579 |     using [01;31m[Kenable_if_t[m[K = typename enable_if<_Cond, _Tp>::type;
[10.320s]       |           [01;31m[K^~~~~~~~~~~[m[K
[10.321s] In file included from [01m[K/opt/ros/humble/include/rclcpp/rclcpp/topic_statistics/subscription_topic_statistics.hpp:31[m[K,
[10.321s]                  from [01m[K/opt/ros/humble/include/rclcpp/rclcpp/subscription.hpp:50[m[K,
[10.321s]                  from [01m[K/opt/ros/humble/include/rclcpp/rclcpp/any_executable.hpp:25[m[K,
[10.322s]                  from [01m[K/opt/ros/humble/include/rclcpp/rclcpp/memory_strategy.hpp:25[m[K,
[10.322s]                  from [01m[K/opt/ros/humble/include/rclcpp/rclcpp/memory_strategies.hpp:18[m[K,
[10.322s]                  from [01m[K/opt/ros/humble/include/rclcpp/rclcpp/executor_options.hpp:20[m[K,
[10.323s]                  from [01m[K/opt/ros/humble/include/rclcpp/rclcpp/executor.hpp:37[m[K,
[10.323s]                  from [01m[K/opt/ros/humble/include/rclcpp/rclcpp/executors/multi_threaded_executor.hpp:25[m[K,
[10.324s]                  from [01m[K/opt/ros/humble/include/rclcpp/rclcpp/executors.hpp:21[m[K,
[10.324s]                  from [01m[K/opt/ros/humble/include/rclcpp/rclcpp/rclcpp.hpp:155[m[K,
[10.325s]                  from [01m[K/home/curry/wilson_proj/ros2-rover-ws/src/package_rover_control/src/node_rover_control_a.cpp:1[m[K:
[10.325s] [01m[K/opt/ros/humble/include/rclcpp/rclcpp/publisher.hpp:322:3:[m[K [01;36m[Knote: [m[Kcandidate: â€˜[01m[Ktemplate<class T> std::enable_if_t<(typename rclcpp::TypeAdapter<MessageT>::is_specialized::value && std::is_same<T, typename rclcpp::TypeAdapter<MessageT>::custom_type>::value)> rclcpp::Publisher<MessageT, AllocatorT>::publish(std::unique_ptr<T, typename std::conditional<std::is_same<typename std::allocator_traits<typename std::allocator_traits<_Allocator>::rebind_traits<typename rclcpp::TypeAdapter<MessageT, void, void>::custom_type>::allocator_type>::rebind_alloc<typename rclcpp::TypeAdapter<MessageT, void, void>::custom_type>, std::allocator<typename rclcpp::TypeAdapter<MessageT>::custom_type> >::value, std::default_delete<typename rclcpp::TypeAdapter<MessageT>::custom_type>, rclcpp::allocator::AllocatorDeleter<typename std::allocator_traits<_Allocator>::rebind_traits<typename rclcpp::TypeAdapter<MessageT, void, void>::custom_type>::allocator_type> >::type>) [with T = T; MessageT = std_msgs::msg::Float32MultiArray_<std::allocator<void> >; AllocatorT = std::allocator<void>][m[Kâ€™
[10.325s]   322 |   [01;36m[Kpublish[m[K(std::unique_ptr<T, PublishedTypeDeleter> msg)
[10.326s]       |   [01;36m[K^~~~~~~[m[K
[10.326s] [01m[K/opt/ros/humble/include/rclcpp/rclcpp/publisher.hpp:322:3:[m[K [01;36m[Knote: [m[K  template argument deduction/substitution failed:
[10.326s] [01m[K/home/curry/wilson_proj/ros2-rover-ws/src/package_rover_control/src/node_rover_control_a.cpp:107:34:[m[K [01;36m[Knote: [m[K  â€˜[01m[Kmsgs_mainrocon::msg::MainRocon_<std::allocator<void> >[m[Kâ€™ is not derived from â€˜[01m[Kstd::unique_ptr<T, std::default_delete<std_msgs::msg::Float32MultiArray_<std::allocator<void> > > >[m[Kâ€™
[10.327s]   107 |         [01;36m[Ktopic_rocon_pub_->publish(mainrocon)[m[K;
[10.327s]       |         [01;36m[K~~~~~~~~~~~~~~~~~~~~~~~~~^~~~~~~~~~~[m[K
[10.328s] In file included from [01m[K/opt/ros/humble/include/rclcpp/rclcpp/topic_statistics/subscription_topic_statistics.hpp:31[m[K,
[10.328s]                  from [01m[K/opt/ros/humble/include/rclcpp/rclcpp/subscription.hpp:50[m[K,
[10.328s]                  from [01m[K/opt/ros/humble/include/rclcpp/rclcpp/any_executable.hpp:25[m[K,
[10.329s]                  from [01m[K/opt/ros/humble/include/rclcpp/rclcpp/memory_strategy.hpp:25[m[K,
[10.329s]                  from [01m[K/opt/ros/humble/include/rclcpp/rclcpp/memory_strategies.hpp:18[m[K,
[10.329s]                  from [01m[K/opt/ros/humble/include/rclcpp/rclcpp/executor_options.hpp:20[m[K,
[10.329s]                  from [01m[K/opt/ros/humble/include/rclcpp/rclcpp/executor.hpp:37[m[K,
[10.330s]                  from [01m[K/opt/ros/humble/include/rclcpp/rclcpp/executors/multi_threaded_executor.hpp:25[m[K,
[10.330s]                  from [01m[K/opt/ros/humble/include/rclcpp/rclcpp/executors.hpp:21[m[K,
[10.331s]                  from [01m[K/opt/ros/humble/include/rclcpp/rclcpp/rclcpp.hpp:155[m[K,
[10.331s]                  from [01m[K/home/curry/wilson_proj/ros2-rover-ws/src/package_rover_control/src/node_rover_control_a.cpp:1[m[K:
[10.331s] [01m[K/opt/ros/humble/include/rclcpp/rclcpp/publisher.hpp:364:3:[m[K [01;36m[Knote: [m[Kcandidate: â€˜[01m[Ktemplate<class T> std::enable_if_t<(typename rclcpp::TypeAdapter<MessageT>::is_specialized::value && std::is_same<T, typename rclcpp::TypeAdapter<MessageT>::custom_type>::value)> rclcpp::Publisher<MessageT, AllocatorT>::publish(const T&) [with T = T; MessageT = std_msgs::msg::Float32MultiArray_<std::allocator<void> >; AllocatorT = std::allocator<void>][m[Kâ€™
[10.332s]   364 |   [01;36m[Kpublish[m[K(const T & msg)
[10.332s]       |   [01;36m[K^~~~~~~[m[K
[10.332s] [01m[K/opt/ros/humble/include/rclcpp/rclcpp/publisher.hpp:364:3:[m[K [01;36m[Knote: [m[K  template argument deduction/substitution failed:
[10.333s] [01m[K/opt/ros/humble/include/rclcpp/rclcpp/publisher.hpp:383:3:[m[K [01;36m[Knote: [m[Kcandidate: â€˜[01m[Kvoid rclcpp::Publisher<MessageT, AllocatorT>::publish(const rcl_serialized_message_t&) [with MessageT = std_msgs::msg::Float32MultiArray_<std::allocator<void> >; AllocatorT = std::allocator<void>; rcl_serialized_message_t = rcutils_uint8_array_s][m[Kâ€™
[10.333s]   383 |   [01;36m[Kpublish[m[K(const rcl_serialized_message_t & serialized_msg)
[10.333s]       |   [01;36m[K^~~~~~~[m[K
[10.334s] [01m[K/opt/ros/humble/include/rclcpp/rclcpp/publisher.hpp:383:44:[m[K [01;36m[Knote: [m[K  no known conversion for argument 1 from â€˜[01m[Kmsgs_mainrocon::msg::MainRocon_<std::allocator<void> >[m[Kâ€™ to â€˜[01m[Kconst rcl_serialized_message_t&[m[Kâ€™ {aka â€˜[01m[Kconst rcutils_uint8_array_s&[m[Kâ€™}
[10.334s]   383 |   publish([01;36m[Kconst rcl_serialized_message_t & serialized_msg[m[K)
[10.334s]       |           [01;36m[K~~~~~~~~~~~~~~~~~~~~~~~~~~~~~~~~~^~~~~~~~~~~~~~[m[K
[10.335s] [01m[K/opt/ros/humble/include/rclcpp/rclcpp/publisher.hpp:389:3:[m[K [01;36m[Knote: [m[Kcandidate: â€˜[01m[Kvoid rclcpp::Publisher<MessageT, AllocatorT>::publish(const rclcpp::SerializedMessage&) [with MessageT = std_msgs::msg::Float32MultiArray_<std::allocator<void> >; AllocatorT = std::allocator<void>][m[Kâ€™
[10.335s]   389 |   [01;36m[Kpublish[m[K(const SerializedMessage & serialized_msg)
[10.335s]       |   [01;36m[K^~~~~~~[m[K
[10.336s] [01m[K/opt/ros/humble/include/rclcpp/rclcpp/publisher.hpp:389:37:[m[K [01;36m[Knote: [m[K  no known conversion for argument 1 from â€˜[01m[Kmsgs_mainrocon::msg::MainRocon_<std::allocator<void> >[m[Kâ€™ to â€˜[01m[Kconst rclcpp::SerializedMessage&[m[Kâ€™
[10.336s]   389 |   publish([01;36m[Kconst SerializedMessage & serialized_msg[m[K)
[10.336s]       |           [01;36m[K~~~~~~~~~~~~~~~~~~~~~~~~~~^~~~~~~~~~~~~~[m[K
[10.337s] [01m[K/opt/ros/humble/include/rclcpp/rclcpp/publisher.hpp:403:3:[m[K [01;36m[Knote: [m[Kcandidate: â€˜[01m[Kvoid rclcpp::Publisher<MessageT, AllocatorT>::publish(rclcpp::LoanedMessage<typename rclcpp::TypeAdapter<MessageT>::ros_message_type, AllocatorT>&&) [with MessageT = std_msgs::msg::Float32MultiArray_<std::allocator<void> >; AllocatorT = std::allocator<void>; typename rclcpp::TypeAdapter<MessageT>::ros_message_type = std_msgs::msg::Float32MultiArray_<std::allocator<void> >][m[Kâ€™
[10.337s]   403 |   [01;36m[Kpublish[m[K(rclcpp::LoanedMessage<ROSMessageType, AllocatorT> && loaned_msg)
[10.337s]       |   [01;36m[K^~~~~~~[m[K
[10.338s] [01m[K/opt/ros/humble/include/rclcpp/rclcpp/publisher.hpp:403:64:[m[K [01;36m[Knote: [m[K  no known conversion for argument 1 from â€˜[01m[Kmsgs_mainrocon::msg::MainRocon_<std::allocator<void> >[m[Kâ€™ to â€˜[01m[Krclcpp::LoanedMessage<std_msgs::msg::Float32MultiArray_<std::allocator<void> >, std::allocator<void> >&&[m[Kâ€™
[10.338s]   403 |   publish([01;36m[Krclcpp::LoanedMessage<ROSMessageType, AllocatorT> && loaned_msg[m[K)
[10.338s]       |           [01;36m[K~~~~~~~~~~~~~~~~~~~~~~~~~~~~~~~~~~~~~~~~~~~~~~~~~~~~~^~~~~~~~~~[m[K
[10.339s] In file included from [01m[K/opt/ros/humble/include/rclcpp/rclcpp/logging.hpp:24[m[K,
[10.339s]                  from [01m[K/opt/ros/humble/include/rclcpp/rclcpp/client.hpp:40[m[K,
[10.339s]                  from [01m[K/opt/ros/humble/include/rclcpp/rclcpp/callback_group.hpp:24[m[K,
[10.340s]                  from [01m[K/opt/ros/humble/include/rclcpp/rclcpp/any_executable.hpp:20[m[K,
[10.340s]                  from [01m[K/opt/ros/humble/include/rclcpp/rclcpp/memory_strategy.hpp:25[m[K,
[10.340s]                  from [01m[K/opt/ros/humble/include/rclcpp/rclcpp/memory_strategies.hpp:18[m[K,
[10.341s]                  from [01m[K/opt/ros/humble/include/rclcpp/rclcpp/executor_options.hpp:20[m[K,
[10.341s]                  from [01m[K/opt/ros/humble/include/rclcpp/rclcpp/executor.hpp:37[m[K,
[10.341s]                  from [01m[K/opt/ros/humble/include/rclcpp/rclcpp/executors/multi_threaded_executor.hpp:25[m[K,
[10.342s]                  from [01m[K/opt/ros/humble/include/rclcpp/rclcpp/executors.hpp:21[m[K,
[10.342s]                  from [01m[K/opt/ros/humble/include/rclcpp/rclcpp/rclcpp.hpp:155[m[K,
[10.342s]                  from [01m[K/home/curry/wilson_proj/ros2-rover-ws/src/package_rover_control/src/node_rover_control_a.cpp:1[m[K:
[10.343s] [01m[K/home/curry/wilson_proj/ros2-rover-ws/src/package_rover_control/src/node_rover_control_a.cpp:109:105:[m[K [01;31m[Kerror: [m[Kâ€˜[01m[Kstruct msgs_mainrocon::msg::MainRocon_<std::allocator<void> >[m[Kâ€™ has no member named â€˜[01m[Kmainrocin_msg[m[Kâ€™; did you mean â€˜[01m[Kmainrocon_msg[m[Kâ€™?
[10.343s]   109 |         RCLCPP_INFO(this->get_logger(), "Publishing to pub_rovercontrol: [%d, %.2f, %d, %d]", mainrocon.[01;31m[Kmainrocin_msg[m[K.fdr_msg, mainrocon.mainrocin_msg.ro_ctrl_msg, mainrocon.mainrocin_msg.spd_msg, mainrocon.mainrocin_msg.bdr_msg);
[10.343s]       |                                                                                                         [01;31m[K^~~~~~~~~~~~~[m[K
[10.344s] [01m[K/home/curry/wilson_proj/ros2-rover-ws/src/package_rover_control/src/node_rover_control_a.cpp:109:138:[m[K [01;31m[Kerror: [m[Kâ€˜[01m[Kstruct msgs_mainrocon::msg::MainRocon_<std::allocator<void> >[m[Kâ€™ has no member named â€˜[01m[Kmainrocin_msg[m[Kâ€™; did you mean â€˜[01m[Kmainrocon_msg[m[Kâ€™?
[10.344s]   109 |         RCLCPP_INFO(this->get_logger(), "Publishing to pub_rovercontrol: [%d, %.2f, %d, %d]", mainrocon.mainrocin_msg.fdr_msg, mainrocon.[01;31m[Kmainrocin_msg[m[K.ro_ctrl_msg, mainrocon.mainrocin_msg.spd_msg, mainrocon.mainrocin_msg.bdr_msg);
[10.344s]       |                                                                                                                                          [01;31m[K^~~~~~~~~~~~~[m[K
[10.345s] [01m[K/home/curry/wilson_proj/ros2-rover-ws/src/package_rover_control/src/node_rover_control_a.cpp:109:175:[m[K [01;31m[Kerror: [m[Kâ€˜[01m[Kstruct msgs_mainrocon::msg::MainRocon_<std::allocator<void> >[m[Kâ€™ has no member named â€˜[01m[Kmainrocin_msg[m[Kâ€™; did you mean â€˜[01m[Kmainrocon_msg[m[Kâ€™?
[10.345s]   109 |         RCLCPP_INFO(this->get_logger(), "Publishing to pub_rovercontrol: [%d, %.2f, %d, %d]", mainrocon.mainrocin_msg.fdr_msg, mainrocon.mainrocin_msg.ro_ctrl_msg, mainrocon.[01;31m[Kmainrocin_msg[m[K.spd_msg, mainrocon.mainrocin_msg.bdr_msg);
[10.345s]       |                                                                                                                                                                               [01;31m[K^~~~~~~~~~~~~[m[K
[10.346s] [01m[K/home/curry/wilson_proj/ros2-rover-ws/src/package_rover_control/src/node_rover_control_a.cpp:109:208:[m[K [01;31m[Kerror: [m[Kâ€˜[01m[Kstruct msgs_mainrocon::msg::MainRocon_<std::allocator<void> >[m[Kâ€™ has no member named â€˜[01m[Kmainrocin_msg[m[Kâ€™; did you mean â€˜[01m[Kmainrocon_msg[m[Kâ€™?
[10.346s]   109 |         RCLCPP_INFO(this->get_logger(), "Publishing to pub_rovercontrol: [%d, %.2f, %d, %d]", mainrocon.mainrocin_msg.fdr_msg, mainrocon.mainrocin_msg.ro_ctrl_msg, mainrocon.mainrocin_msg.spd_msg, mainrocon.[01;31m[Kmainrocin_msg[m[K.bdr_msg);
[10.347s]       |                                                                                                                                                                                                                [01;31m[K^~~~~~~~~~~~~[m[K
[21.624s] gmake[2]: *** [CMakeFiles/node_rovercontrol.dir/build.make:76: CMakeFiles/node_rovercontrol.dir/src/node_rover_control_a.cpp.o] Error 1
[21.625s] gmake[1]: *** [CMakeFiles/Makefile2:193: CMakeFiles/node_rovercontrol.dir/all] Error 2
[21.626s] gmake: *** [Makefile:146: all] Error 2
[21.633s] Invoked command in '/home/curry/wilson_proj/ros2-rover-ws/build/package_rover_control' returned '2': CMAKE_PREFIX_PATH=${CMAKE_PREFIX_PATH}:/opt/ros/humble /usr/bin/cmake --build /home/curry/wilson_proj/ros2-rover-ws/build/package_rover_control -- -j4 -l4
