[0.097s] Invoking command in '/home/curry/wilson_proj/ros2-rover-ws/build/package_position_process': CMAKE_PREFIX_PATH=/home/curry/wilson_proj/ros2-rover-ws/install/ifaces_position:/home/curry/wilson_proj/ros2-rover-ws/install/ifaces_rover:/home/curry/wilson_proj/ros2-rover-ws/install/rovercon_msgs:/home/curry/wilson_proj/ros2-rover-ws/install/package_test:/home/curry/wilson_proj/ros2-rover-ws/install/package_rover_control:/home/curry/wilson_proj/ros2-rover-ws/install/package_position_process:/home/curry/wilson_proj/ros2-rover-ws/install/package_navigate_route:/home/curry/wilson_proj/ros2-rover-ws/install/package_image_process:/home/curry/wilson_proj/ros2-rover-ws/install/msgs_mainrocon:/home/curry/wilson_proj/ros2-rover-ws/install/msgs_rovercon:/home/curry/wilson_proj/ros2-rover-ws/install/msgs_positions:/home/curry/wilson_proj/ros2-rover-ws/install/action_interfaces:/opt/ros/humble LD_LIBRARY_PATH=/home/curry/wilson_proj/ros2-rover-ws/install/ifaces_position/lib:/home/curry/wilson_proj/ros2-rover-ws/install/rovercon_msgs/lib:/home/curry/wilson_proj/ros2-rover-ws/install/package_rover_control/lib:/home/curry/wilson_proj/ros2-rover-ws/install/msgs_mainrocon/lib:/home/curry/wilson_proj/ros2-rover-ws/install/msgs_rovercon/lib:/home/curry/wilson_proj/ros2-rover-ws/install/msgs_positions/lib:/home/curry/wilson_proj/ros2-rover-ws/install/action_interfaces/lib:/opt/ros/humble/opt/rviz_ogre_vendor/lib:/opt/ros/humble/lib/aarch64-linux-gnu:/opt/ros/humble/lib /usr/bin/cmake --build /home/curry/wilson_proj/ros2-rover-ws/build/package_position_process -- -j4 -l4
[0.393s] [35m[1mConsolidate compiler generated dependencies of target node_position_process[0m
[0.456s] [ 50%] Built target node_gnss
[0.558s] [ 75%] [32mBuilding CXX object CMakeFiles/node_position_process.dir/src/node_pose_proc.cpp.o[0m
[11.121s] [01m[K/home/curry/wilson_proj/ros2-rover-ws/src/package_position_process/src/node_pose_proc.cpp:[m[K In member function â€˜[01m[Kvoid PoseProcessor::handle_destination_request(std::shared_ptr<ifaces_position::srv::DesData_Request_<std::allocator<void> > >, std::shared_ptr<ifaces_position::srv::DesData_Response_<std::allocator<void> > >)[m[Kâ€™:
[11.121s] [01m[K/home/curry/wilson_proj/ros2-rover-ws/src/package_position_process/src/node_pose_proc.cpp:34:35:[m[K [01;31m[Kerror: [m[Kâ€˜[01m[Kusing element_type = struct ifaces_position::srv::DesData_Request_<std::allocator<void> >[m[Kâ€™ {aka â€˜[01m[Kstruct ifaces_position::srv::DesData_Request_<std::allocator<void> >[m[Kâ€™} has no member named â€˜[01m[Klatitude[m[Kâ€™
[11.122s]    34 |         destination_a_ = request->[01;31m[Klatitude[m[K;
[11.122s]       |                                   [01;31m[K^~~~~~~~[m[K
[11.123s] [01m[K/home/curry/wilson_proj/ros2-rover-ws/src/package_position_process/src/node_pose_proc.cpp:35:35:[m[K [01;31m[Kerror: [m[Kâ€˜[01m[Kusing element_type = struct ifaces_position::srv::DesData_Request_<std::allocator<void> >[m[Kâ€™ {aka â€˜[01m[Kstruct ifaces_position::srv::DesData_Request_<std::allocator<void> >[m[Kâ€™} has no member named â€˜[01m[Klongitude[m[Kâ€™
[11.123s]    35 |         destination_b_ = request->[01;31m[Klongitude[m[K;
[11.123s]       |                                   [01;31m[K^~~~~~~~~[m[K
[11.124s] [01m[K/home/curry/wilson_proj/ros2-rover-ws/src/package_position_process/src/node_pose_proc.cpp:37:19:[m[K [01;31m[Kerror: [m[Kâ€˜[01m[Kusing element_type = struct ifaces_position::srv::DesData_Response_<std::allocator<void> >[m[Kâ€™ {aka â€˜[01m[Kstruct ifaces_position::srv::DesData_Response_<std::allocator<void> >[m[Kâ€™} has no member named â€˜[01m[Kdes_result[m[Kâ€™
[11.124s]    37 |         response->[01;31m[Kdes_result[m[K = "Destination set to (" + std::to_string(destination_a_) + ", " + std::to_string(destination_b_) + ")";
[11.124s]       |                   [01;31m[K^~~~~~~~~~[m[K
[19.990s] gmake[2]: *** [CMakeFiles/node_position_process.dir/build.make:76: CMakeFiles/node_position_process.dir/src/node_pose_proc.cpp.o] Error 1
[19.991s] gmake[1]: *** [CMakeFiles/Makefile2:165: CMakeFiles/node_position_process.dir/all] Error 2
[19.992s] gmake: *** [Makefile:146: all] Error 2
