[0.000000] (-) TimerEvent: {}
[0.001330] (rover_control_package) JobQueued: {'identifier': 'rover_control_package', 'dependencies': OrderedDict()}
[0.001560] (test_package) JobQueued: {'identifier': 'test_package', 'dependencies': OrderedDict()}
[0.001809] (rover_control_package) JobStarted: {'identifier': 'rover_control_package'}
[0.026550] (test_package) JobStarted: {'identifier': 'test_package'}
[0.049459] (rover_control_package) JobProgress: {'identifier': 'rover_control_package', 'progress': 'cmake'}
[0.052592] (rover_control_package) Command: {'cmd': ['/usr/bin/cmake', '/home/curry/wilson_proj/ros2-rover-ws/src/rover_control_package', '-DCMAKE_INSTALL_PREFIX=/home/curry/wilson_proj/ros2-rover-ws/install/rover_control_package'], 'cwd': '/home/curry/wilson_proj/ros2-rover-ws/build/rover_control_package', 'env': OrderedDict([('LESSOPEN', '| /usr/bin/lesspipe %s'), ('USER', 'curry'), ('SSH_CLIENT', '172.30.81.114 57034 22'), ('LC_TIME', 'en_US.UTF-8'), ('XDG_SESSION_TYPE', 'tty'), ('SHLVL', '1'), ('LD_LIBRARY_PATH', '/opt/ros/iron/opt/rviz_ogre_vendor/lib:/opt/ros/iron/lib/aarch64-linux-gnu:/opt/ros/iron/lib'), ('MOTD_SHOWN', 'pam'), ('HOME', '/home/curry'), ('OLDPWD', '/home/curry/wilson_proj'), ('SSH_TTY', '/dev/pts/0'), ('ROS_PYTHON_VERSION', '3'), ('LC_MONETARY', 'en_US.UTF-8'), ('DBUS_SESSION_BUS_ADDRESS', 'unix:path=/run/user/1000/bus'), ('ROS_DISTRO', 'iron'), ('LOGNAME', 'curry'), ('_', '/usr/bin/colcon'), ('ROS_VERSION', '2'), ('XDG_SESSION_CLASS', 'user'), ('TERM', 'xterm-256color'), ('XDG_SESSION_ID', '196'), ('PATH', '/opt/ros/iron/bin:/home/curry/.cargo/bin:/usr/local/sbin:/usr/local/bin:/usr/sbin:/usr/bin:/sbin:/bin:/usr/games:/usr/local/games:/snap/bin'), ('PAPERSIZE', 'letter'), ('LC_ADDRESS', 'en_US.UTF-8'), ('XDG_RUNTIME_DIR', '/run/user/1000'), ('LANG', 'en_US.UTF-8'), ('LC_TELEPHONE', 'en_US.UTF-8'), ('LS_COLORS', 'rs=0:di=01;34:ln=01;36:mh=00:pi=40;33:so=01;35:do=01;35:bd=40;33;01:cd=40;33;01:or=40;31;01:mi=00:su=37;41:sg=30;43:ca=30;41:tw=30;42:ow=34;42:st=37;44:ex=01;32:*.tar=01;31:*.tgz=01;31:*.arc=01;31:*.arj=01;31:*.taz=01;31:*.lha=01;31:*.lz4=01;31:*.lzh=01;31:*.lzma=01;31:*.tlz=01;31:*.txz=01;31:*.tzo=01;31:*.t7z=01;31:*.zip=01;31:*.z=01;31:*.dz=01;31:*.gz=01;31:*.lrz=01;31:*.lz=01;31:*.lzo=01;31:*.xz=01;31:*.zst=01;31:*.tzst=01;31:*.bz2=01;31:*.bz=01;31:*.tbz=01;31:*.tbz2=01;31:*.tz=01;31:*.deb=01;31:*.rpm=01;31:*.jar=01;31:*.war=01;31:*.ear=01;31:*.sar=01;31:*.rar=01;31:*.alz=01;31:*.ace=01;31:*.zoo=01;31:*.cpio=01;31:*.7z=01;31:*.rz=01;31:*.cab=01;31:*.wim=01;31:*.swm=01;31:*.dwm=01;31:*.esd=01;31:*.jpg=01;35:*.jpeg=01;35:*.mjpg=01;35:*.mjpeg=01;35:*.gif=01;35:*.bmp=01;35:*.pbm=01;35:*.pgm=01;35:*.ppm=01;35:*.tga=01;35:*.xbm=01;35:*.xpm=01;35:*.tif=01;35:*.tiff=01;35:*.png=01;35:*.svg=01;35:*.svgz=01;35:*.mng=01;35:*.pcx=01;35:*.mov=01;35:*.mpg=01;35:*.mpeg=01;35:*.m2v=01;35:*.mkv=01;35:*.webm=01;35:*.webp=01;35:*.ogm=01;35:*.mp4=01;35:*.m4v=01;35:*.mp4v=01;35:*.vob=01;35:*.qt=01;35:*.nuv=01;35:*.wmv=01;35:*.asf=01;35:*.rm=01;35:*.rmvb=01;35:*.flc=01;35:*.avi=01;35:*.fli=01;35:*.flv=01;35:*.gl=01;35:*.dl=01;35:*.xcf=01;35:*.xwd=01;35:*.yuv=01;35:*.cgm=01;35:*.emf=01;35:*.ogv=01;35:*.ogx=01;35:*.aac=00;36:*.au=00;36:*.flac=00;36:*.m4a=00;36:*.mid=00;36:*.midi=00;36:*.mka=00;36:*.mp3=00;36:*.mpc=00;36:*.ogg=00;36:*.ra=00;36:*.wav=00;36:*.oga=00;36:*.opus=00;36:*.spx=00;36:*.xspf=00;36:'), ('ROS_DOMAIN_ID', '10'), ('AMENT_PREFIX_PATH', '/opt/ros/iron'), ('SHELL', '/bin/bash'), ('LC_NAME', 'en_US.UTF-8'), ('LESSCLOSE', '/usr/bin/lesspipe %s %s'), ('LC_MEASUREMENT', 'en_US.UTF-8'), ('LC_IDENTIFICATION', 'en_US.UTF-8'), ('ROS_AUTOMATIC_DISCOVERY_RANGE', 'SUBNET'), ('PWD', '/home/curry/wilson_proj/ros2-rover-ws/build/rover_control_package'), ('LC_ALL', 'en_US.UTF-8'), ('SSH_CONNECTION', '172.30.81.114 57034 172.30.81.58 22'), ('XDG_DATA_DIRS', '/usr/share/gnome:/usr/local/share:/usr/share:/var/lib/snapd/desktop'), ('PYTHONPATH', '/opt/ros/iron/lib/python3.10/site-packages'), ('LC_NUMERIC', 'en_US.UTF-8'), ('LC_PAPER', 'en_US.UTF-8'), ('COLCON', '1'), ('CMAKE_PREFIX_PATH', '/opt/ros/iron')]), 'shell': False}
[0.068542] (test_package) JobProgress: {'identifier': 'test_package', 'progress': 'cmake'}
[0.071932] (test_package) JobProgress: {'identifier': 'test_package', 'progress': 'build'}
[0.078125] (test_package) Command: {'cmd': ['/usr/bin/cmake', '--build', '/home/curry/wilson_proj/ros2-rover-ws/build/test_package', '--', '-j4', '-l4'], 'cwd': '/home/curry/wilson_proj/ros2-rover-ws/build/test_package', 'env': OrderedDict([('LESSOPEN', '| /usr/bin/lesspipe %s'), ('USER', 'curry'), ('SSH_CLIENT', '172.30.81.114 57034 22'), ('LC_TIME', 'en_US.UTF-8'), ('XDG_SESSION_TYPE', 'tty'), ('SHLVL', '1'), ('LD_LIBRARY_PATH', '/opt/ros/iron/opt/rviz_ogre_vendor/lib:/opt/ros/iron/lib/aarch64-linux-gnu:/opt/ros/iron/lib'), ('MOTD_SHOWN', 'pam'), ('HOME', '/home/curry'), ('OLDPWD', '/home/curry/wilson_proj'), ('SSH_TTY', '/dev/pts/0'), ('ROS_PYTHON_VERSION', '3'), ('LC_MONETARY', 'en_US.UTF-8'), ('DBUS_SESSION_BUS_ADDRESS', 'unix:path=/run/user/1000/bus'), ('ROS_DISTRO', 'iron'), ('LOGNAME', 'curry'), ('_', '/usr/bin/colcon'), ('ROS_VERSION', '2'), ('XDG_SESSION_CLASS', 'user'), ('TERM', 'xterm-256color'), ('XDG_SESSION_ID', '196'), ('PATH', '/opt/ros/iron/bin:/home/curry/.cargo/bin:/usr/local/sbin:/usr/local/bin:/usr/sbin:/usr/bin:/sbin:/bin:/usr/games:/usr/local/games:/snap/bin'), ('PAPERSIZE', 'letter'), ('LC_ADDRESS', 'en_US.UTF-8'), ('XDG_RUNTIME_DIR', '/run/user/1000'), ('LANG', 'en_US.UTF-8'), ('LC_TELEPHONE', 'en_US.UTF-8'), ('LS_COLORS', 'rs=0:di=01;34:ln=01;36:mh=00:pi=40;33:so=01;35:do=01;35:bd=40;33;01:cd=40;33;01:or=40;31;01:mi=00:su=37;41:sg=30;43:ca=30;41:tw=30;42:ow=34;42:st=37;44:ex=01;32:*.tar=01;31:*.tgz=01;31:*.arc=01;31:*.arj=01;31:*.taz=01;31:*.lha=01;31:*.lz4=01;31:*.lzh=01;31:*.lzma=01;31:*.tlz=01;31:*.txz=01;31:*.tzo=01;31:*.t7z=01;31:*.zip=01;31:*.z=01;31:*.dz=01;31:*.gz=01;31:*.lrz=01;31:*.lz=01;31:*.lzo=01;31:*.xz=01;31:*.zst=01;31:*.tzst=01;31:*.bz2=01;31:*.bz=01;31:*.tbz=01;31:*.tbz2=01;31:*.tz=01;31:*.deb=01;31:*.rpm=01;31:*.jar=01;31:*.war=01;31:*.ear=01;31:*.sar=01;31:*.rar=01;31:*.alz=01;31:*.ace=01;31:*.zoo=01;31:*.cpio=01;31:*.7z=01;31:*.rz=01;31:*.cab=01;31:*.wim=01;31:*.swm=01;31:*.dwm=01;31:*.esd=01;31:*.jpg=01;35:*.jpeg=01;35:*.mjpg=01;35:*.mjpeg=01;35:*.gif=01;35:*.bmp=01;35:*.pbm=01;35:*.pgm=01;35:*.ppm=01;35:*.tga=01;35:*.xbm=01;35:*.xpm=01;35:*.tif=01;35:*.tiff=01;35:*.png=01;35:*.svg=01;35:*.svgz=01;35:*.mng=01;35:*.pcx=01;35:*.mov=01;35:*.mpg=01;35:*.mpeg=01;35:*.m2v=01;35:*.mkv=01;35:*.webm=01;35:*.webp=01;35:*.ogm=01;35:*.mp4=01;35:*.m4v=01;35:*.mp4v=01;35:*.vob=01;35:*.qt=01;35:*.nuv=01;35:*.wmv=01;35:*.asf=01;35:*.rm=01;35:*.rmvb=01;35:*.flc=01;35:*.avi=01;35:*.fli=01;35:*.flv=01;35:*.gl=01;35:*.dl=01;35:*.xcf=01;35:*.xwd=01;35:*.yuv=01;35:*.cgm=01;35:*.emf=01;35:*.ogv=01;35:*.ogx=01;35:*.aac=00;36:*.au=00;36:*.flac=00;36:*.m4a=00;36:*.mid=00;36:*.midi=00;36:*.mka=00;36:*.mp3=00;36:*.mpc=00;36:*.ogg=00;36:*.ra=00;36:*.wav=00;36:*.oga=00;36:*.opus=00;36:*.spx=00;36:*.xspf=00;36:'), ('ROS_DOMAIN_ID', '10'), ('AMENT_PREFIX_PATH', '/opt/ros/iron'), ('SHELL', '/bin/bash'), ('LC_NAME', 'en_US.UTF-8'), ('LESSCLOSE', '/usr/bin/lesspipe %s %s'), ('LC_MEASUREMENT', 'en_US.UTF-8'), ('LC_IDENTIFICATION', 'en_US.UTF-8'), ('ROS_AUTOMATIC_DISCOVERY_RANGE', 'SUBNET'), ('PWD', '/home/curry/wilson_proj/ros2-rover-ws/build/test_package'), ('LC_ALL', 'en_US.UTF-8'), ('SSH_CONNECTION', '172.30.81.114 57034 172.30.81.58 22'), ('XDG_DATA_DIRS', '/usr/share/gnome:/usr/local/share:/usr/share:/var/lib/snapd/desktop'), ('PYTHONPATH', '/opt/ros/iron/lib/python3.10/site-packages'), ('LC_NUMERIC', 'en_US.UTF-8'), ('LC_PAPER', 'en_US.UTF-8'), ('COLCON', '1'), ('CMAKE_PREFIX_PATH', '/opt/ros/iron')]), 'shell': False}
[0.098070] (-) TimerEvent: {}
[0.111609] (rover_control_package) StdoutLine: {'line': b'-- Found ament_cmake: 2.0.6 (/opt/ros/iron/share/ament_cmake/cmake)\n'}
[0.198279] (-) TimerEvent: {}
[0.299268] (-) TimerEvent: {}
[0.311971] (test_package) StdoutLine: {'line': b'[  2%] Built target test_package__rosidl_generator_type_description\n'}
[0.366778] (test_package) StdoutLine: {'line': b'[  2%] Built target ament_cmake_python_copy_test_package\n'}
[0.399435] (-) TimerEvent: {}
[0.404680] (test_package) StdoutLine: {'line': b'[  7%] Built target action_server_node\n'}
[0.429918] (test_package) StdoutLine: {'line': b'[ 10%] Built target test_package__cpp\n'}
[0.454112] (test_package) StdoutLine: {'line': b'[ 15%] Built target Tserver_node\n'}
[0.490001] (test_package) StdoutLine: {'line': b'[ 27%] Built target test_package__rosidl_generator_c\n'}
[0.499686] (-) TimerEvent: {}
[0.601302] (-) TimerEvent: {}
[0.614046] (test_package) StdoutLine: {'line': b'[ 35%] Built target test_package__rosidl_typesupport_fastrtps_c\n'}
[0.646752] (test_package) StdoutLine: {'line': b'[ 42%] Built target test_package__rosidl_typesupport_cpp\n'}
[0.656595] (test_package) StdoutLine: {'line': b'[ 50%] Built target test_package__rosidl_typesupport_introspection_c\n'}
[0.701636] (-) TimerEvent: {}
[0.776780] (test_package) StdoutLine: {'line': b'[ 57%] Built target test_package__rosidl_typesupport_c\n'}
[0.801482] (test_package) StdoutLine: {'line': b'[ 65%] Built target test_package__rosidl_typesupport_fastrtps_cpp\n'}
[0.802390] (-) TimerEvent: {}
[0.826203] (test_package) StdoutLine: {'line': b'[ 72%] Built target test_package__rosidl_typesupport_introspection_cpp\n'}
[0.902716] (-) TimerEvent: {}
[0.940858] (test_package) StdoutLine: {'line': b'[ 72%] Built target test_package\n'}
[0.976487] (test_package) StdoutLine: {'line': b'[ 77%] Built target action_server\n'}
[0.988595] (rover_control_package) StdoutLine: {'line': b'-- Found rclcpp: 21.0.7 (/opt/ros/iron/share/rclcpp/cmake)\n'}
[1.002892] (-) TimerEvent: {}
[1.032036] (test_package) StdoutLine: {'line': b'[ 80%] Built target test_package__py\n'}
[1.103111] (-) TimerEvent: {}
[1.121601] (test_package) StdoutLine: {'line': b'[ 85%] Built target test_package__rosidl_generator_py\n'}
[1.203339] (-) TimerEvent: {}
[1.204982] (rover_control_package) StdoutLine: {'line': b'-- Found rosidl_generator_c: 4.0.1 (/opt/ros/iron/share/rosidl_generator_c/cmake)\n'}
[1.235706] (test_package) StdoutLine: {'line': b'[ 90%] Built target test_package__rosidl_typesupport_fastrtps_c__pyext\n'}
[1.252439] (rover_control_package) StdoutLine: {'line': b'-- Found rosidl_generator_cpp: 4.0.1 (/opt/ros/iron/share/rosidl_generator_cpp/cmake)\n'}
[1.270976] (test_package) StdoutLine: {'line': b'[ 95%] Built target test_package__rosidl_typesupport_introspection_c__pyext\n'}
[1.277703] (test_package) StdoutLine: {'line': b'[100%] Built target test_package__rosidl_typesupport_c__pyext\n'}
[1.303511] (-) TimerEvent: {}
[1.313564] (rover_control_package) StdoutLine: {'line': b'-- Using all available rosidl_typesupport_c: rosidl_typesupport_fastrtps_c;rosidl_typesupport_introspection_c\n'}
[1.385146] (rover_control_package) StdoutLine: {'line': b'-- Using all available rosidl_typesupport_cpp: rosidl_typesupport_fastrtps_cpp;rosidl_typesupport_introspection_cpp\n'}
[1.403657] (-) TimerEvent: {}
[1.504908] (-) TimerEvent: {}
[1.606062] (-) TimerEvent: {}
[1.707225] (-) TimerEvent: {}
[1.808488] (-) TimerEvent: {}
[1.909647] (-) TimerEvent: {}
[1.958316] (test_package) StdoutLine: {'line': b'running egg_info\n'}
[1.962041] (test_package) StdoutLine: {'line': b'writing test_package.egg-info/PKG-INFO\n'}
[1.963257] (test_package) StdoutLine: {'line': b'writing dependency_links to test_package.egg-info/dependency_links.txt\n'}
[1.964402] (test_package) StdoutLine: {'line': b'writing top-level names to test_package.egg-info/top_level.txt\n'}
[1.975128] (test_package) StdoutLine: {'line': b"reading manifest file 'test_package.egg-info/SOURCES.txt'\n"}
[1.977961] (test_package) StdoutLine: {'line': b"writing manifest file 'test_package.egg-info/SOURCES.txt'\n"}
[2.010000] (-) TimerEvent: {}
[2.023535] (rover_control_package) StdoutLine: {'line': b'-- Found rmw_implementation_cmake: 7.1.0 (/opt/ros/iron/share/rmw_implementation_cmake/cmake)\n'}
[2.032836] (rover_control_package) StdoutLine: {'line': b'-- Found rmw_fastrtps_cpp: 7.1.4 (/opt/ros/iron/share/rmw_fastrtps_cpp/cmake)\n'}
[2.109907] (test_package) StdoutLine: {'line': b'[100%] Built target ament_cmake_python_build_test_package_egg\n'}
[2.110666] (-) TimerEvent: {}
[2.151206] (test_package) CommandEnded: {'returncode': 0}
[2.210842] (-) TimerEvent: {}
[2.311778] (-) TimerEvent: {}
[2.412819] (-) TimerEvent: {}
[2.511413] (test_package) JobProgress: {'identifier': 'test_package', 'progress': 'install'}
[2.513715] (-) TimerEvent: {}
[2.543519] (test_package) Command: {'cmd': ['/usr/bin/cmake', '--install', '/home/curry/wilson_proj/ros2-rover-ws/build/test_package'], 'cwd': '/home/curry/wilson_proj/ros2-rover-ws/build/test_package', 'env': OrderedDict([('LESSOPEN', '| /usr/bin/lesspipe %s'), ('USER', 'curry'), ('SSH_CLIENT', '172.30.81.114 57034 22'), ('LC_TIME', 'en_US.UTF-8'), ('XDG_SESSION_TYPE', 'tty'), ('SHLVL', '1'), ('LD_LIBRARY_PATH', '/opt/ros/iron/opt/rviz_ogre_vendor/lib:/opt/ros/iron/lib/aarch64-linux-gnu:/opt/ros/iron/lib'), ('MOTD_SHOWN', 'pam'), ('HOME', '/home/curry'), ('OLDPWD', '/home/curry/wilson_proj'), ('SSH_TTY', '/dev/pts/0'), ('ROS_PYTHON_VERSION', '3'), ('LC_MONETARY', 'en_US.UTF-8'), ('DBUS_SESSION_BUS_ADDRESS', 'unix:path=/run/user/1000/bus'), ('ROS_DISTRO', 'iron'), ('LOGNAME', 'curry'), ('_', '/usr/bin/colcon'), ('ROS_VERSION', '2'), ('XDG_SESSION_CLASS', 'user'), ('TERM', 'xterm-256color'), ('XDG_SESSION_ID', '196'), ('PATH', '/opt/ros/iron/bin:/home/curry/.cargo/bin:/usr/local/sbin:/usr/local/bin:/usr/sbin:/usr/bin:/sbin:/bin:/usr/games:/usr/local/games:/snap/bin'), ('PAPERSIZE', 'letter'), ('LC_ADDRESS', 'en_US.UTF-8'), ('XDG_RUNTIME_DIR', '/run/user/1000'), ('LANG', 'en_US.UTF-8'), ('LC_TELEPHONE', 'en_US.UTF-8'), ('LS_COLORS', 'rs=0:di=01;34:ln=01;36:mh=00:pi=40;33:so=01;35:do=01;35:bd=40;33;01:cd=40;33;01:or=40;31;01:mi=00:su=37;41:sg=30;43:ca=30;41:tw=30;42:ow=34;42:st=37;44:ex=01;32:*.tar=01;31:*.tgz=01;31:*.arc=01;31:*.arj=01;31:*.taz=01;31:*.lha=01;31:*.lz4=01;31:*.lzh=01;31:*.lzma=01;31:*.tlz=01;31:*.txz=01;31:*.tzo=01;31:*.t7z=01;31:*.zip=01;31:*.z=01;31:*.dz=01;31:*.gz=01;31:*.lrz=01;31:*.lz=01;31:*.lzo=01;31:*.xz=01;31:*.zst=01;31:*.tzst=01;31:*.bz2=01;31:*.bz=01;31:*.tbz=01;31:*.tbz2=01;31:*.tz=01;31:*.deb=01;31:*.rpm=01;31:*.jar=01;31:*.war=01;31:*.ear=01;31:*.sar=01;31:*.rar=01;31:*.alz=01;31:*.ace=01;31:*.zoo=01;31:*.cpio=01;31:*.7z=01;31:*.rz=01;31:*.cab=01;31:*.wim=01;31:*.swm=01;31:*.dwm=01;31:*.esd=01;31:*.jpg=01;35:*.jpeg=01;35:*.mjpg=01;35:*.mjpeg=01;35:*.gif=01;35:*.bmp=01;35:*.pbm=01;35:*.pgm=01;35:*.ppm=01;35:*.tga=01;35:*.xbm=01;35:*.xpm=01;35:*.tif=01;35:*.tiff=01;35:*.png=01;35:*.svg=01;35:*.svgz=01;35:*.mng=01;35:*.pcx=01;35:*.mov=01;35:*.mpg=01;35:*.mpeg=01;35:*.m2v=01;35:*.mkv=01;35:*.webm=01;35:*.webp=01;35:*.ogm=01;35:*.mp4=01;35:*.m4v=01;35:*.mp4v=01;35:*.vob=01;35:*.qt=01;35:*.nuv=01;35:*.wmv=01;35:*.asf=01;35:*.rm=01;35:*.rmvb=01;35:*.flc=01;35:*.avi=01;35:*.fli=01;35:*.flv=01;35:*.gl=01;35:*.dl=01;35:*.xcf=01;35:*.xwd=01;35:*.yuv=01;35:*.cgm=01;35:*.emf=01;35:*.ogv=01;35:*.ogx=01;35:*.aac=00;36:*.au=00;36:*.flac=00;36:*.m4a=00;36:*.mid=00;36:*.midi=00;36:*.mka=00;36:*.mp3=00;36:*.mpc=00;36:*.ogg=00;36:*.ra=00;36:*.wav=00;36:*.oga=00;36:*.opus=00;36:*.spx=00;36:*.xspf=00;36:'), ('ROS_DOMAIN_ID', '10'), ('AMENT_PREFIX_PATH', '/opt/ros/iron'), ('SHELL', '/bin/bash'), ('LC_NAME', 'en_US.UTF-8'), ('LESSCLOSE', '/usr/bin/lesspipe %s %s'), ('LC_MEASUREMENT', 'en_US.UTF-8'), ('LC_IDENTIFICATION', 'en_US.UTF-8'), ('ROS_AUTOMATIC_DISCOVERY_RANGE', 'SUBNET'), ('PWD', '/home/curry/wilson_proj/ros2-rover-ws/build/test_package'), ('LC_ALL', 'en_US.UTF-8'), ('SSH_CONNECTION', '172.30.81.114 57034 172.30.81.58 22'), ('XDG_DATA_DIRS', '/usr/share/gnome:/usr/local/share:/usr/share:/var/lib/snapd/desktop'), ('PYTHONPATH', '/opt/ros/iron/lib/python3.10/site-packages'), ('LC_NUMERIC', 'en_US.UTF-8'), ('LC_PAPER', 'en_US.UTF-8'), ('COLCON', '1'), ('CMAKE_PREFIX_PATH', '/opt/ros/iron')]), 'shell': False}
[2.572353] (test_package) StdoutLine: {'line': b'-- Install configuration: ""\n'}
[2.573065] (test_package) StdoutLine: {'line': b'-- Up-to-date: /home/curry/wilson_proj/ros2-rover-ws/install/test_package/share/ament_index/resource_index/rosidl_interfaces/test_package\n'}
[2.573785] (test_package) StdoutLine: {'line': b'-- Up-to-date: /home/curry/wilson_proj/ros2-rover-ws/install/test_package/share/test_package/action/Fibonacci.json\n'}
[2.574409] (test_package) StdoutLine: {'line': b'-- Up-to-date: /home/curry/wilson_proj/ros2-rover-ws/install/test_package/include/test_package/test_package\n'}
[2.575102] (test_package) StdoutLine: {'line': b'-- Up-to-date: /home/curry/wilson_proj/ros2-rover-ws/install/test_package/include/test_package/test_package/msg\n'}
[2.575502] (test_package) StdoutLine: {'line': b'-- Up-to-date: /home/curry/wilson_proj/ros2-rover-ws/install/test_package/include/test_package/test_package/msg/rosidl_generator_c__visibility_control.h\n'}
[2.576172] (test_package) StdoutLine: {'line': b'-- Up-to-date: /home/curry/wilson_proj/ros2-rover-ws/install/test_package/include/test_package/test_package/action\n'}
[2.576604] (test_package) StdoutLine: {'line': b'-- Up-to-date: /home/curry/wilson_proj/ros2-rover-ws/install/test_package/include/test_package/test_package/action/fibonacci.h\n'}
[2.576967] (test_package) StdoutLine: {'line': b'-- Up-to-date: /home/curry/wilson_proj/ros2-rover-ws/install/test_package/include/test_package/test_package/action/detail\n'}
[2.577282] (test_package) StdoutLine: {'line': b'-- Installing: /home/curry/wilson_proj/ros2-rover-ws/install/test_package/include/test_package/test_package/action/detail/fibonacci__type_support.c\n'}
[2.578153] (test_package) StdoutLine: {'line': b'-- Up-to-date: /home/curry/wilson_proj/ros2-rover-ws/install/test_package/include/test_package/test_package/action/detail/fibonacci__type_support.h\n'}
[2.579178] (test_package) StdoutLine: {'line': b'-- Up-to-date: /home/curry/wilson_proj/ros2-rover-ws/install/test_package/include/test_package/test_package/action/detail/fibonacci__functions.h\n'}
[2.580122] (test_package) StdoutLine: {'line': b'-- Up-to-date: /home/curry/wilson_proj/ros2-rover-ws/install/test_package/include/test_package/test_package/action/detail/fibonacci__description.c\n'}
[2.580512] (test_package) StdoutLine: {'line': b'-- Up-to-date: /home/curry/wilson_proj/ros2-rover-ws/install/test_package/include/test_package/test_package/action/detail/fibonacci__functions.c\n'}
[2.580922] (test_package) StdoutLine: {'line': b'-- Up-to-date: /home/curry/wilson_proj/ros2-rover-ws/install/test_package/include/test_package/test_package/action/detail/fibonacci__struct.h\n'}
[2.581599] (test_package) StdoutLine: {'line': b'-- Up-to-date: /home/curry/wilson_proj/ros2-rover-ws/install/test_package/share/test_package/environment/library_path.sh\n'}
[2.582082] (test_package) StdoutLine: {'line': b'-- Up-to-date: /home/curry/wilson_proj/ros2-rover-ws/install/test_package/share/test_package/environment/library_path.dsv\n'}
[2.582781] (test_package) StdoutLine: {'line': b'-- Up-to-date: /home/curry/wilson_proj/ros2-rover-ws/install/test_package/lib/libtest_package__rosidl_generator_c.so\n'}
[2.583644] (test_package) StdoutLine: {'line': b'-- Up-to-date: /home/curry/wilson_proj/ros2-rover-ws/install/test_package/include/test_package/test_package\n'}
[2.584349] (test_package) StdoutLine: {'line': b'-- Up-to-date: /home/curry/wilson_proj/ros2-rover-ws/install/test_package/include/test_package/test_package/msg\n'}
[2.585092] (test_package) StdoutLine: {'line': b'-- Up-to-date: /home/curry/wilson_proj/ros2-rover-ws/install/test_package/include/test_package/test_package/msg/rosidl_typesupport_fastrtps_c__visibility_control.h\n'}
[2.585447] (test_package) StdoutLine: {'line': b'-- Up-to-date: /home/curry/wilson_proj/ros2-rover-ws/install/test_package/include/test_package/test_package/action\n'}
[2.586135] (test_package) StdoutLine: {'line': b'-- Up-to-date: /home/curry/wilson_proj/ros2-rover-ws/install/test_package/include/test_package/test_package/action/detail\n'}
[2.586579] (test_package) StdoutLine: {'line': b'-- Up-to-date: /home/curry/wilson_proj/ros2-rover-ws/install/test_package/include/test_package/test_package/action/detail/fibonacci__rosidl_typesupport_fastrtps_c.h\n'}
[2.586948] (test_package) StdoutLine: {'line': b'-- Up-to-date: /home/curry/wilson_proj/ros2-rover-ws/install/test_package/lib/libtest_package__rosidl_typesupport_fastrtps_c.so\n'}
[2.587776] (test_package) StdoutLine: {'line': b'-- Up-to-date: /home/curry/wilson_proj/ros2-rover-ws/install/test_package/include/test_package/test_package\n'}
[2.588588] (test_package) StdoutLine: {'line': b'-- Up-to-date: /home/curry/wilson_proj/ros2-rover-ws/install/test_package/include/test_package/test_package/msg\n'}
[2.589285] (test_package) StdoutLine: {'line': b'-- Up-to-date: /home/curry/wilson_proj/ros2-rover-ws/install/test_package/include/test_package/test_package/msg/rosidl_typesupport_introspection_c__visibility_control.h\n'}
[2.589882] (test_package) StdoutLine: {'line': b'-- Up-to-date: /home/curry/wilson_proj/ros2-rover-ws/install/test_package/include/test_package/test_package/action\n'}
[2.590389] (test_package) StdoutLine: {'line': b'-- Up-to-date: /home/curry/wilson_proj/ros2-rover-ws/install/test_package/include/test_package/test_package/action/detail\n'}
[2.590757] (test_package) StdoutLine: {'line': b'-- Up-to-date: /home/curry/wilson_proj/ros2-rover-ws/install/test_package/include/test_package/test_package/action/detail/fibonacci__rosidl_typesupport_introspection_c.h\n'}
[2.591121] (test_package) StdoutLine: {'line': b'-- Installing: /home/curry/wilson_proj/ros2-rover-ws/install/test_package/include/test_package/test_package/action/detail/fibonacci__type_support.c\n'}
[2.593355] (test_package) StdoutLine: {'line': b'-- Up-to-date: /home/curry/wilson_proj/ros2-rover-ws/install/test_package/lib/libtest_package__rosidl_typesupport_introspection_c.so\n'}
[2.595269] (test_package) StdoutLine: {'line': b'-- Up-to-date: /home/curry/wilson_proj/ros2-rover-ws/install/test_package/lib/libtest_package__rosidl_typesupport_c.so\n'}
[2.596320] (test_package) StdoutLine: {'line': b'-- Up-to-date: /home/curry/wilson_proj/ros2-rover-ws/install/test_package/include/test_package/test_package\n'}
[2.596904] (test_package) StdoutLine: {'line': b'-- Up-to-date: /home/curry/wilson_proj/ros2-rover-ws/install/test_package/include/test_package/test_package/action\n'}
[2.597438] (test_package) StdoutLine: {'line': b'-- Up-to-date: /home/curry/wilson_proj/ros2-rover-ws/install/test_package/include/test_package/test_package/action/detail\n'}
[2.598290] (test_package) StdoutLine: {'line': b'-- Up-to-date: /home/curry/wilson_proj/ros2-rover-ws/install/test_package/include/test_package/test_package/action/detail/fibonacci__builder.hpp\n'}
[2.598920] (test_package) StdoutLine: {'line': b'-- Up-to-date: /home/curry/wilson_proj/ros2-rover-ws/install/test_package/include/test_package/test_package/action/detail/fibonacci__struct.hpp\n'}
[2.599388] (test_package) StdoutLine: {'line': b'-- Up-to-date: /home/curry/wilson_proj/ros2-rover-ws/install/test_package/include/test_package/test_package/action/detail/fibonacci__traits.hpp\n'}
[2.600040] (test_package) StdoutLine: {'line': b'-- Up-to-date: /home/curry/wilson_proj/ros2-rover-ws/install/test_package/include/test_package/test_package/action/fibonacci.hpp\n'}
[2.600586] (test_package) StdoutLine: {'line': b'-- Up-to-date: /home/curry/wilson_proj/ros2-rover-ws/install/test_package/include/test_package/test_package\n'}
[2.600925] (test_package) StdoutLine: {'line': b'-- Up-to-date: /home/curry/wilson_proj/ros2-rover-ws/install/test_package/include/test_package/test_package/msg\n'}
[2.601366] (test_package) StdoutLine: {'line': b'-- Up-to-date: /home/curry/wilson_proj/ros2-rover-ws/install/test_package/include/test_package/test_package/msg/rosidl_typesupport_fastrtps_cpp__visibility_control.h\n'}
[2.601687] (test_package) StdoutLine: {'line': b'-- Up-to-date: /home/curry/wilson_proj/ros2-rover-ws/install/test_package/include/test_package/test_package/action\n'}
[2.602021] (test_package) StdoutLine: {'line': b'-- Up-to-date: /home/curry/wilson_proj/ros2-rover-ws/install/test_package/include/test_package/test_package/action/detail\n'}
[2.602450] (test_package) StdoutLine: {'line': b'-- Up-to-date: /home/curry/wilson_proj/ros2-rover-ws/install/test_package/include/test_package/test_package/action/detail/dds_fastrtps\n'}
[2.602797] (test_package) StdoutLine: {'line': b'-- Up-to-date: /home/curry/wilson_proj/ros2-rover-ws/install/test_package/include/test_package/test_package/action/detail/fibonacci__rosidl_typesupport_fastrtps_cpp.hpp\n'}
[2.603057] (test_package) StdoutLine: {'line': b'-- Up-to-date: /home/curry/wilson_proj/ros2-rover-ws/install/test_package/lib/libtest_package__rosidl_typesupport_fastrtps_cpp.so\n'}
[2.603556] (test_package) StdoutLine: {'line': b'-- Up-to-date: /home/curry/wilson_proj/ros2-rover-ws/install/test_package/include/test_package/test_package\n'}
[2.604054] (test_package) StdoutLine: {'line': b'-- Up-to-date: /home/curry/wilson_proj/ros2-rover-ws/install/test_package/include/test_package/test_package/action\n'}
[2.604553] (test_package) StdoutLine: {'line': b'-- Up-to-date: /home/curry/wilson_proj/ros2-rover-ws/install/test_package/include/test_package/test_package/action/detail\n'}
[2.605063] (test_package) StdoutLine: {'line': b'-- Up-to-date: /home/curry/wilson_proj/ros2-rover-ws/install/test_package/include/test_package/test_package/action/detail/fibonacci__rosidl_typesupport_introspection_cpp.hpp\n'}
[2.605590] (test_package) StdoutLine: {'line': b'-- Up-to-date: /home/curry/wilson_proj/ros2-rover-ws/install/test_package/include/test_package/test_package/action/detail/fibonacci__type_support.cpp\n'}
[2.606510] (test_package) StdoutLine: {'line': b'-- Up-to-date: /home/curry/wilson_proj/ros2-rover-ws/install/test_package/lib/libtest_package__rosidl_typesupport_introspection_cpp.so\n'}
[2.608519] (test_package) StdoutLine: {'line': b'-- Up-to-date: /home/curry/wilson_proj/ros2-rover-ws/install/test_package/lib/libtest_package__rosidl_typesupport_cpp.so\n'}
[2.609800] (test_package) StdoutLine: {'line': b'-- Up-to-date: /home/curry/wilson_proj/ros2-rover-ws/install/test_package/share/test_package/environment/pythonpath.sh\n'}
[2.610345] (test_package) StdoutLine: {'line': b'-- Up-to-date: /home/curry/wilson_proj/ros2-rover-ws/install/test_package/share/test_package/environment/pythonpath.dsv\n'}
[2.610965] (test_package) StdoutLine: {'line': b'-- Up-to-date: /home/curry/wilson_proj/ros2-rover-ws/install/test_package/lib/python3.10/site-packages/test_package-0.0.0-py3.10.egg-info\n'}
[2.611448] (test_package) StdoutLine: {'line': b'-- Installing: /home/curry/wilson_proj/ros2-rover-ws/install/test_package/lib/python3.10/site-packages/test_package-0.0.0-py3.10.egg-info/dependency_links.txt\n'}
[2.612409] (test_package) StdoutLine: {'line': b'-- Installing: /home/curry/wilson_proj/ros2-rover-ws/install/test_package/lib/python3.10/site-packages/test_package-0.0.0-py3.10.egg-info/SOURCES.txt\n'}
[2.613647] (test_package) StdoutLine: {'line': b'-- Installing: /home/curry/wilson_proj/ros2-rover-ws/install/test_package/lib/python3.10/site-packages/test_package-0.0.0-py3.10.egg-info/top_level.txt\n'}
[2.614060] (-) TimerEvent: {}
[2.614977] (test_package) StdoutLine: {'line': b'-- Installing: /home/curry/wilson_proj/ros2-rover-ws/install/test_package/lib/python3.10/site-packages/test_package-0.0.0-py3.10.egg-info/PKG-INFO\n'}
[2.616367] (test_package) StdoutLine: {'line': b'-- Up-to-date: /home/curry/wilson_proj/ros2-rover-ws/install/test_package/lib/python3.10/site-packages/test_package\n'}
[2.616915] (test_package) StdoutLine: {'line': b'-- Up-to-date: /home/curry/wilson_proj/ros2-rover-ws/install/test_package/lib/python3.10/site-packages/test_package/_test_package_s.ep.rosidl_typesupport_c.c\n'}
[2.617321] (test_package) StdoutLine: {'line': b'-- Up-to-date: /home/curry/wilson_proj/ros2-rover-ws/install/test_package/lib/python3.10/site-packages/test_package/_test_package_s.ep.rosidl_typesupport_fastrtps_c.c\n'}
[2.617698] (test_package) StdoutLine: {'line': b'-- Up-to-date: /home/curry/wilson_proj/ros2-rover-ws/install/test_package/lib/python3.10/site-packages/test_package/libtest_package__rosidl_generator_py.so\n'}
[2.618176] (test_package) StdoutLine: {'line': b'-- Up-to-date: /home/curry/wilson_proj/ros2-rover-ws/install/test_package/lib/python3.10/site-packages/test_package/test_package_s__rosidl_typesupport_c.cpython-310-aarch64-linux-gnu.so\n'}
[2.618628] (test_package) StdoutLine: {'line': b'-- Up-to-date: /home/curry/wilson_proj/ros2-rover-ws/install/test_package/lib/python3.10/site-packages/test_package/action\n'}
[2.618999] (test_package) StdoutLine: {'line': b'-- Up-to-date: /home/curry/wilson_proj/ros2-rover-ws/install/test_package/lib/python3.10/site-packages/test_package/action/_fibonacci_s.c\n'}
[2.619354] (test_package) StdoutLine: {'line': b'-- Up-to-date: /home/curry/wilson_proj/ros2-rover-ws/install/test_package/lib/python3.10/site-packages/test_package/action/_fibonacci.py\n'}
[2.619780] (test_package) StdoutLine: {'line': b'-- Up-to-date: /home/curry/wilson_proj/ros2-rover-ws/install/test_package/lib/python3.10/site-packages/test_package/action/__init__.py\n'}
[2.620146] (test_package) StdoutLine: {'line': b'-- Up-to-date: /home/curry/wilson_proj/ros2-rover-ws/install/test_package/lib/python3.10/site-packages/test_package/test_package_s__rosidl_typesupport_fastrtps_c.cpython-310-aarch64-linux-gnu.so\n'}
[2.620515] (test_package) StdoutLine: {'line': b'-- Up-to-date: /home/curry/wilson_proj/ros2-rover-ws/install/test_package/lib/python3.10/site-packages/test_package/_test_package_s.ep.rosidl_typesupport_introspection_c.c\n'}
[2.620850] (test_package) StdoutLine: {'line': b'-- Up-to-date: /home/curry/wilson_proj/ros2-rover-ws/install/test_package/lib/python3.10/site-packages/test_package/__init__.py\n'}
[2.621159] (test_package) StdoutLine: {'line': b'-- Up-to-date: /home/curry/wilson_proj/ros2-rover-ws/install/test_package/lib/python3.10/site-packages/test_package/test_package_s__rosidl_typesupport_introspection_c.cpython-310-aarch64-linux-gnu.so\n'}
[2.714273] (-) TimerEvent: {}
[2.752442] (test_package) StdoutLine: {'line': b"Listing '/home/curry/wilson_proj/ros2-rover-ws/install/test_package/lib/python3.10/site-packages/test_package'...\n"}
[2.753660] (test_package) StdoutLine: {'line': b"Listing '/home/curry/wilson_proj/ros2-rover-ws/install/test_package/lib/python3.10/site-packages/test_package/action'...\n"}
[2.776093] (test_package) StdoutLine: {'line': b'-- Up-to-date: /home/curry/wilson_proj/ros2-rover-ws/install/test_package/lib/python3.10/site-packages/test_package/test_package_s__rosidl_typesupport_fastrtps_c.cpython-310-aarch64-linux-gnu.so\n'}
[2.778269] (test_package) StdoutLine: {'line': b'-- Up-to-date: /home/curry/wilson_proj/ros2-rover-ws/install/test_package/lib/python3.10/site-packages/test_package/test_package_s__rosidl_typesupport_introspection_c.cpython-310-aarch64-linux-gnu.so\n'}
[2.780515] (test_package) StdoutLine: {'line': b'-- Up-to-date: /home/curry/wilson_proj/ros2-rover-ws/install/test_package/lib/python3.10/site-packages/test_package/test_package_s__rosidl_typesupport_c.cpython-310-aarch64-linux-gnu.so\n'}
[2.782617] (test_package) StdoutLine: {'line': b'-- Up-to-date: /home/curry/wilson_proj/ros2-rover-ws/install/test_package/lib/libtest_package__rosidl_generator_py.so\n'}
[2.783845] (test_package) StdoutLine: {'line': b'-- Up-to-date: /home/curry/wilson_proj/ros2-rover-ws/install/test_package/share/test_package/action/Fibonacci.idl\n'}
[2.784317] (test_package) StdoutLine: {'line': b'-- Up-to-date: /home/curry/wilson_proj/ros2-rover-ws/install/test_package/share/test_package/action/Fibonacci.action\n'}
[2.785360] (test_package) StdoutLine: {'line': b'-- Up-to-date: /home/curry/wilson_proj/ros2-rover-ws/install/test_package/lib/test_package/action_server_node\n'}
[2.787396] (test_package) StdoutLine: {'line': b'-- Up-to-date: /home/curry/wilson_proj/ros2-rover-ws/install/test_package/lib/libaction_server.so\n'}
[2.789378] (test_package) StdoutLine: {'line': b'-- Up-to-date: /home/curry/wilson_proj/ros2-rover-ws/install/test_package/lib/test_package/Tserver_node\n'}
[2.790786] (test_package) StdoutLine: {'line': b'-- Up-to-date: /home/curry/wilson_proj/ros2-rover-ws/install/test_package/share/ament_index/resource_index/package_run_dependencies/test_package\n'}
[2.791312] (test_package) StdoutLine: {'line': b'-- Up-to-date: /home/curry/wilson_proj/ros2-rover-ws/install/test_package/share/ament_index/resource_index/parent_prefix_path/test_package\n'}
[2.792118] (test_package) StdoutLine: {'line': b'-- Up-to-date: /home/curry/wilson_proj/ros2-rover-ws/install/test_package/share/test_package/environment/ament_prefix_path.sh\n'}
[2.792676] (test_package) StdoutLine: {'line': b'-- Up-to-date: /home/curry/wilson_proj/ros2-rover-ws/install/test_package/share/test_package/environment/ament_prefix_path.dsv\n'}
[2.793100] (test_package) StdoutLine: {'line': b'-- Up-to-date: /home/curry/wilson_proj/ros2-rover-ws/install/test_package/share/test_package/environment/path.sh\n'}
[2.793557] (test_package) StdoutLine: {'line': b'-- Up-to-date: /home/curry/wilson_proj/ros2-rover-ws/install/test_package/share/test_package/environment/path.dsv\n'}
[2.794095] (test_package) StdoutLine: {'line': b'-- Up-to-date: /home/curry/wilson_proj/ros2-rover-ws/install/test_package/share/test_package/local_setup.bash\n'}
[2.794600] (test_package) StdoutLine: {'line': b'-- Up-to-date: /home/curry/wilson_proj/ros2-rover-ws/install/test_package/share/test_package/local_setup.sh\n'}
[2.795001] (test_package) StdoutLine: {'line': b'-- Up-to-date: /home/curry/wilson_proj/ros2-rover-ws/install/test_package/share/test_package/local_setup.zsh\n'}
[2.795313] (test_package) StdoutLine: {'line': b'-- Up-to-date: /home/curry/wilson_proj/ros2-rover-ws/install/test_package/share/test_package/local_setup.dsv\n'}
[2.795604] (test_package) StdoutLine: {'line': b'-- Installing: /home/curry/wilson_proj/ros2-rover-ws/install/test_package/share/test_package/package.dsv\n'}
[2.796283] (test_package) StdoutLine: {'line': b'-- Up-to-date: /home/curry/wilson_proj/ros2-rover-ws/install/test_package/share/ament_index/resource_index/packages/test_package\n'}
[2.797081] (test_package) StdoutLine: {'line': b'-- Up-to-date: /home/curry/wilson_proj/ros2-rover-ws/install/test_package/share/test_package/cmake/export_test_package__rosidl_generator_cExport.cmake\n'}
[2.797609] (test_package) StdoutLine: {'line': b'-- Up-to-date: /home/curry/wilson_proj/ros2-rover-ws/install/test_package/share/test_package/cmake/export_test_package__rosidl_generator_cExport-noconfig.cmake\n'}
[2.798458] (test_package) StdoutLine: {'line': b'-- Up-to-date: /home/curry/wilson_proj/ros2-rover-ws/install/test_package/share/test_package/cmake/export_test_package__rosidl_typesupport_fastrtps_cExport.cmake\n'}
[2.798964] (test_package) StdoutLine: {'line': b'-- Up-to-date: /home/curry/wilson_proj/ros2-rover-ws/install/test_package/share/test_package/cmake/export_test_package__rosidl_typesupport_fastrtps_cExport-noconfig.cmake\n'}
[2.799823] (test_package) StdoutLine: {'line': b'-- Up-to-date: /home/curry/wilson_proj/ros2-rover-ws/install/test_package/share/test_package/cmake/test_package__rosidl_typesupport_introspection_cExport.cmake\n'}
[2.800347] (test_package) StdoutLine: {'line': b'-- Up-to-date: /home/curry/wilson_proj/ros2-rover-ws/install/test_package/share/test_package/cmake/test_package__rosidl_typesupport_introspection_cExport-noconfig.cmake\n'}
[2.801118] (test_package) StdoutLine: {'line': b'-- Up-to-date: /home/curry/wilson_proj/ros2-rover-ws/install/test_package/share/test_package/cmake/test_package__rosidl_typesupport_cExport.cmake\n'}
[2.801598] (test_package) StdoutLine: {'line': b'-- Up-to-date: /home/curry/wilson_proj/ros2-rover-ws/install/test_package/share/test_package/cmake/test_package__rosidl_typesupport_cExport-noconfig.cmake\n'}
[2.802402] (test_package) StdoutLine: {'line': b'-- Up-to-date: /home/curry/wilson_proj/ros2-rover-ws/install/test_package/share/test_package/cmake/export_test_package__rosidl_generator_cppExport.cmake\n'}
[2.803200] (test_package) StdoutLine: {'line': b'-- Up-to-date: /home/curry/wilson_proj/ros2-rover-ws/install/test_package/share/test_package/cmake/export_test_package__rosidl_typesupport_fastrtps_cppExport.cmake\n'}
[2.803661] (test_package) StdoutLine: {'line': b'-- Up-to-date: /home/curry/wilson_proj/ros2-rover-ws/install/test_package/share/test_package/cmake/export_test_package__rosidl_typesupport_fastrtps_cppExport-noconfig.cmake\n'}
[2.804530] (test_package) StdoutLine: {'line': b'-- Up-to-date: /home/curry/wilson_proj/ros2-rover-ws/install/test_package/share/test_package/cmake/test_package__rosidl_typesupport_introspection_cppExport.cmake\n'}
[2.805081] (test_package) StdoutLine: {'line': b'-- Up-to-date: /home/curry/wilson_proj/ros2-rover-ws/install/test_package/share/test_package/cmake/test_package__rosidl_typesupport_introspection_cppExport-noconfig.cmake\n'}
[2.805841] (test_package) StdoutLine: {'line': b'-- Up-to-date: /home/curry/wilson_proj/ros2-rover-ws/install/test_package/share/test_package/cmake/test_package__rosidl_typesupport_cppExport.cmake\n'}
[2.806411] (test_package) StdoutLine: {'line': b'-- Up-to-date: /home/curry/wilson_proj/ros2-rover-ws/install/test_package/share/test_package/cmake/test_package__rosidl_typesupport_cppExport-noconfig.cmake\n'}
[2.807181] (test_package) StdoutLine: {'line': b'-- Up-to-date: /home/curry/wilson_proj/ros2-rover-ws/install/test_package/share/test_package/cmake/export_test_package__rosidl_generator_pyExport.cmake\n'}
[2.807659] (test_package) StdoutLine: {'line': b'-- Up-to-date: /home/curry/wilson_proj/ros2-rover-ws/install/test_package/share/test_package/cmake/export_test_package__rosidl_generator_pyExport-noconfig.cmake\n'}
[2.808131] (test_package) StdoutLine: {'line': b'-- Up-to-date: /home/curry/wilson_proj/ros2-rover-ws/install/test_package/share/ament_index/resource_index/rclcpp_components/test_package\n'}
[2.808594] (test_package) StdoutLine: {'line': b'-- Up-to-date: /home/curry/wilson_proj/ros2-rover-ws/install/test_package/share/test_package/cmake/rosidl_cmake-extras.cmake\n'}
[2.809047] (test_package) StdoutLine: {'line': b'-- Up-to-date: /home/curry/wilson_proj/ros2-rover-ws/install/test_package/share/test_package/cmake/ament_cmake_export_dependencies-extras.cmake\n'}
[2.809458] (test_package) StdoutLine: {'line': b'-- Up-to-date: /home/curry/wilson_proj/ros2-rover-ws/install/test_package/share/test_package/cmake/ament_cmake_export_include_directories-extras.cmake\n'}
[2.809934] (test_package) StdoutLine: {'line': b'-- Up-to-date: /home/curry/wilson_proj/ros2-rover-ws/install/test_package/share/test_package/cmake/ament_cmake_export_libraries-extras.cmake\n'}
[2.810426] (test_package) StdoutLine: {'line': b'-- Up-to-date: /home/curry/wilson_proj/ros2-rover-ws/install/test_package/share/test_package/cmake/ament_cmake_export_targets-extras.cmake\n'}
[2.810880] (test_package) StdoutLine: {'line': b'-- Up-to-date: /home/curry/wilson_proj/ros2-rover-ws/install/test_package/share/test_package/cmake/rosidl_cmake_export_typesupport_targets-extras.cmake\n'}
[2.811329] (test_package) StdoutLine: {'line': b'-- Up-to-date: /home/curry/wilson_proj/ros2-rover-ws/install/test_package/share/test_package/cmake/rosidl_cmake_export_typesupport_libraries-extras.cmake\n'}
[2.811747] (test_package) StdoutLine: {'line': b'-- Up-to-date: /home/curry/wilson_proj/ros2-rover-ws/install/test_package/share/test_package/cmake/test_packageConfig.cmake\n'}
[2.812247] (test_package) StdoutLine: {'line': b'-- Up-to-date: /home/curry/wilson_proj/ros2-rover-ws/install/test_package/share/test_package/cmake/test_packageConfig-version.cmake\n'}
[2.812724] (test_package) StdoutLine: {'line': b'-- Up-to-date: /home/curry/wilson_proj/ros2-rover-ws/install/test_package/share/test_package/package.xml\n'}
[2.814435] (-) TimerEvent: {}
[2.819031] (test_package) CommandEnded: {'returncode': 0}
[2.914631] (-) TimerEvent: {}
[3.015353] (-) TimerEvent: {}
[3.064516] (rover_control_package) StdoutLine: {'line': b"-- Using RMW implementation 'rmw_fastrtps_cpp' as default\n"}
[3.115839] (-) TimerEvent: {}
[3.216522] (-) TimerEvent: {}
[3.304021] (test_package) JobEnded: {'identifier': 'test_package', 'rc': 0}
[3.316681] (-) TimerEvent: {}
[3.417341] (-) TimerEvent: {}
[3.518035] (-) TimerEvent: {}
[3.618680] (-) TimerEvent: {}
[3.697530] (rover_control_package) StdoutLine: {'line': b'-- Found rclcpp_action: 21.0.7 (/opt/ros/iron/share/rclcpp_action/cmake)\n'}
[3.718841] (-) TimerEvent: {}
[3.819494] (-) TimerEvent: {}
[3.920404] (-) TimerEvent: {}
[4.021087] (-) TimerEvent: {}
[4.121788] (-) TimerEvent: {}
[4.174690] (rover_control_package) StdoutLine: {'line': b'-- Found rclcpp_components: 21.0.7 (/opt/ros/iron/share/rclcpp_components/cmake)\n'}
[4.221928] (-) TimerEvent: {}
[4.322565] (-) TimerEvent: {}
[4.423209] (-) TimerEvent: {}
[4.509385] (rover_control_package) StdoutLine: {'line': b'-- Found std_srvs: 5.0.1 (/opt/ros/iron/share/std_srvs/cmake)\n'}
[4.523354] (-) TimerEvent: {}
[4.624000] (-) TimerEvent: {}
[4.687722] (rover_control_package) StdoutLine: {'line': b'-- Found ament_lint_auto: 0.14.4 (/opt/ros/iron/share/ament_lint_auto/cmake)\n'}
[4.724142] (-) TimerEvent: {}
[4.824763] (-) TimerEvent: {}
[4.925525] (-) TimerEvent: {}
[4.982565] (rover_control_package) StdoutLine: {'line': b"-- Added test 'cppcheck' to perform static code analysis on C / C++ code\n"}
[4.983247] (rover_control_package) StdoutLine: {'line': b'-- Configured cppcheck include dirs: $<BUILD_INTERFACE:/home/curry/wilson_proj/ros2-rover-ws/src/rover_control_package/include>\n'}
[4.983650] (rover_control_package) StdoutLine: {'line': b'-- Configured cppcheck exclude dirs and/or files: \n'}
[4.987416] (rover_control_package) StdoutLine: {'line': b"-- Added test 'lint_cmake' to check CMake code style\n"}
[4.995962] (rover_control_package) StdoutLine: {'line': b"-- Added test 'uncrustify' to check C / C++ code style\n"}
[4.996438] (rover_control_package) StdoutLine: {'line': b'-- Configured uncrustify additional arguments: \n'}
[4.997992] (rover_control_package) StdoutLine: {'line': b"-- Added test 'xmllint' to check XML markup files\n"}
[5.001944] (rover_control_package) StdoutLine: {'line': b'-- Configuring done\n'}
[5.025665] (-) TimerEvent: {}
[5.082958] (rover_control_package) StdoutLine: {'line': b'-- Generating done\n'}
[5.090425] (rover_control_package) StdoutLine: {'line': b'-- Build files have been written to: /home/curry/wilson_proj/ros2-rover-ws/build/rover_control_package\n'}
[5.121777] (rover_control_package) CommandEnded: {'returncode': 0}
[5.123543] (rover_control_package) JobProgress: {'identifier': 'rover_control_package', 'progress': 'build'}
[5.124530] (rover_control_package) Command: {'cmd': ['/usr/bin/cmake', '--build', '/home/curry/wilson_proj/ros2-rover-ws/build/rover_control_package', '--', '-j4', '-l4'], 'cwd': '/home/curry/wilson_proj/ros2-rover-ws/build/rover_control_package', 'env': OrderedDict([('LESSOPEN', '| /usr/bin/lesspipe %s'), ('USER', 'curry'), ('SSH_CLIENT', '172.30.81.114 57034 22'), ('LC_TIME', 'en_US.UTF-8'), ('XDG_SESSION_TYPE', 'tty'), ('SHLVL', '1'), ('LD_LIBRARY_PATH', '/opt/ros/iron/opt/rviz_ogre_vendor/lib:/opt/ros/iron/lib/aarch64-linux-gnu:/opt/ros/iron/lib'), ('MOTD_SHOWN', 'pam'), ('HOME', '/home/curry'), ('OLDPWD', '/home/curry/wilson_proj'), ('SSH_TTY', '/dev/pts/0'), ('ROS_PYTHON_VERSION', '3'), ('LC_MONETARY', 'en_US.UTF-8'), ('DBUS_SESSION_BUS_ADDRESS', 'unix:path=/run/user/1000/bus'), ('ROS_DISTRO', 'iron'), ('LOGNAME', 'curry'), ('_', '/usr/bin/colcon'), ('ROS_VERSION', '2'), ('XDG_SESSION_CLASS', 'user'), ('TERM', 'xterm-256color'), ('XDG_SESSION_ID', '196'), ('PATH', '/opt/ros/iron/bin:/home/curry/.cargo/bin:/usr/local/sbin:/usr/local/bin:/usr/sbin:/usr/bin:/sbin:/bin:/usr/games:/usr/local/games:/snap/bin'), ('PAPERSIZE', 'letter'), ('LC_ADDRESS', 'en_US.UTF-8'), ('XDG_RUNTIME_DIR', '/run/user/1000'), ('LANG', 'en_US.UTF-8'), ('LC_TELEPHONE', 'en_US.UTF-8'), ('LS_COLORS', 'rs=0:di=01;34:ln=01;36:mh=00:pi=40;33:so=01;35:do=01;35:bd=40;33;01:cd=40;33;01:or=40;31;01:mi=00:su=37;41:sg=30;43:ca=30;41:tw=30;42:ow=34;42:st=37;44:ex=01;32:*.tar=01;31:*.tgz=01;31:*.arc=01;31:*.arj=01;31:*.taz=01;31:*.lha=01;31:*.lz4=01;31:*.lzh=01;31:*.lzma=01;31:*.tlz=01;31:*.txz=01;31:*.tzo=01;31:*.t7z=01;31:*.zip=01;31:*.z=01;31:*.dz=01;31:*.gz=01;31:*.lrz=01;31:*.lz=01;31:*.lzo=01;31:*.xz=01;31:*.zst=01;31:*.tzst=01;31:*.bz2=01;31:*.bz=01;31:*.tbz=01;31:*.tbz2=01;31:*.tz=01;31:*.deb=01;31:*.rpm=01;31:*.jar=01;31:*.war=01;31:*.ear=01;31:*.sar=01;31:*.rar=01;31:*.alz=01;31:*.ace=01;31:*.zoo=01;31:*.cpio=01;31:*.7z=01;31:*.rz=01;31:*.cab=01;31:*.wim=01;31:*.swm=01;31:*.dwm=01;31:*.esd=01;31:*.jpg=01;35:*.jpeg=01;35:*.mjpg=01;35:*.mjpeg=01;35:*.gif=01;35:*.bmp=01;35:*.pbm=01;35:*.pgm=01;35:*.ppm=01;35:*.tga=01;35:*.xbm=01;35:*.xpm=01;35:*.tif=01;35:*.tiff=01;35:*.png=01;35:*.svg=01;35:*.svgz=01;35:*.mng=01;35:*.pcx=01;35:*.mov=01;35:*.mpg=01;35:*.mpeg=01;35:*.m2v=01;35:*.mkv=01;35:*.webm=01;35:*.webp=01;35:*.ogm=01;35:*.mp4=01;35:*.m4v=01;35:*.mp4v=01;35:*.vob=01;35:*.qt=01;35:*.nuv=01;35:*.wmv=01;35:*.asf=01;35:*.rm=01;35:*.rmvb=01;35:*.flc=01;35:*.avi=01;35:*.fli=01;35:*.flv=01;35:*.gl=01;35:*.dl=01;35:*.xcf=01;35:*.xwd=01;35:*.yuv=01;35:*.cgm=01;35:*.emf=01;35:*.ogv=01;35:*.ogx=01;35:*.aac=00;36:*.au=00;36:*.flac=00;36:*.m4a=00;36:*.mid=00;36:*.midi=00;36:*.mka=00;36:*.mp3=00;36:*.mpc=00;36:*.ogg=00;36:*.ra=00;36:*.wav=00;36:*.oga=00;36:*.opus=00;36:*.spx=00;36:*.xspf=00;36:'), ('ROS_DOMAIN_ID', '10'), ('AMENT_PREFIX_PATH', '/opt/ros/iron'), ('SHELL', '/bin/bash'), ('LC_NAME', 'en_US.UTF-8'), ('LESSCLOSE', '/usr/bin/lesspipe %s %s'), ('LC_MEASUREMENT', 'en_US.UTF-8'), ('LC_IDENTIFICATION', 'en_US.UTF-8'), ('ROS_AUTOMATIC_DISCOVERY_RANGE', 'SUBNET'), ('PWD', '/home/curry/wilson_proj/ros2-rover-ws/build/rover_control_package'), ('LC_ALL', 'en_US.UTF-8'), ('SSH_CONNECTION', '172.30.81.114 57034 172.30.81.58 22'), ('XDG_DATA_DIRS', '/usr/share/gnome:/usr/local/share:/usr/share:/var/lib/snapd/desktop'), ('PYTHONPATH', '/opt/ros/iron/lib/python3.10/site-packages'), ('LC_NUMERIC', 'en_US.UTF-8'), ('LC_PAPER', 'en_US.UTF-8'), ('COLCON', '1'), ('CMAKE_PREFIX_PATH', '/opt/ros/iron')]), 'shell': False}
[5.132229] (-) TimerEvent: {}
[5.233177] (-) TimerEvent: {}
[5.332379] (rover_control_package) StdoutLine: {'line': b'[ 50%] \x1b[32mBuilding CXX object CMakeFiles/carcontrol_server.dir/rclcpp_components/node_main_carcontrol_server.cpp.o\x1b[0m\n'}
[5.333272] (-) TimerEvent: {}
[5.334466] (rover_control_package) StdoutLine: {'line': b'[ 50%] \x1b[32mBuilding CXX object CMakeFiles/carcontrol_ros2_server.dir/src/motor_drive_node.cpp.o\x1b[0m\n'}
[5.433507] (-) TimerEvent: {}
[5.534232] (-) TimerEvent: {}
[5.634931] (-) TimerEvent: {}
[5.735602] (-) TimerEvent: {}
[5.836270] (-) TimerEvent: {}
[5.936995] (-) TimerEvent: {}
[5.974479] (rover_control_package) StderrLine: {'line': b'\x1b[01m\x1b[K/home/curry/wilson_proj/ros2-rover-ws/src/rover_control_package/src/motor_drive_node.cpp:5:10:\x1b[m\x1b[K \x1b[01;31m\x1b[Kfatal error: \x1b[m\x1b[Krover_control_package/action/Carcontrol.action: No such file or directory\n'}
[5.975124] (rover_control_package) StderrLine: {'line': b'    5 | #include \x1b[01;31m\x1b[K"rover_control_package/action/Carcontrol.action"\x1b[m\x1b[K\n'}
[5.975514] (rover_control_package) StderrLine: {'line': b'      |          \x1b[01;31m\x1b[K^~~~~~~~~~~~~~~~~~~~~~~~~~~~~~~~~~~~~~~~~~~~~~~~\x1b[m\x1b[K\n'}
[5.975867] (rover_control_package) StderrLine: {'line': b'compilation terminated.\n'}
[5.981527] (rover_control_package) StderrLine: {'line': b'gmake[2]: *** [CMakeFiles/carcontrol_ros2_server.dir/build.make:76: CMakeFiles/carcontrol_ros2_server.dir/src/motor_drive_node.cpp.o] Error 1\n'}
[5.982701] (rover_control_package) StderrLine: {'line': b'gmake[1]: *** [CMakeFiles/Makefile2:139: CMakeFiles/carcontrol_ros2_server.dir/all] Error 2\n'}
[5.983159] (rover_control_package) StderrLine: {'line': b'gmake[1]: *** Waiting for unfinished jobs....\n'}
[6.037198] (-) TimerEvent: {}
[6.137893] (-) TimerEvent: {}
[6.238540] (-) TimerEvent: {}
[6.339160] (-) TimerEvent: {}
[6.439814] (-) TimerEvent: {}
[6.540461] (-) TimerEvent: {}
[6.641158] (-) TimerEvent: {}
[6.741967] (-) TimerEvent: {}
[6.842834] (-) TimerEvent: {}
[6.943490] (-) TimerEvent: {}
[7.044177] (-) TimerEvent: {}
[7.144919] (-) TimerEvent: {}
[7.245729] (-) TimerEvent: {}
[7.346476] (-) TimerEvent: {}
[7.447178] (-) TimerEvent: {}
[7.547864] (-) TimerEvent: {}
[7.648638] (-) TimerEvent: {}
[7.749494] (-) TimerEvent: {}
[7.850277] (-) TimerEvent: {}
[7.951039] (-) TimerEvent: {}
[8.051716] (-) TimerEvent: {}
[8.152468] (-) TimerEvent: {}
[8.253207] (-) TimerEvent: {}
[8.353929] (-) TimerEvent: {}
[8.454669] (-) TimerEvent: {}
[8.555475] (-) TimerEvent: {}
[8.656215] (-) TimerEvent: {}
[8.756983] (-) TimerEvent: {}
[8.857798] (-) TimerEvent: {}
[8.958936] (-) TimerEvent: {}
[9.059621] (-) TimerEvent: {}
[9.160337] (-) TimerEvent: {}
[9.261086] (-) TimerEvent: {}
[9.361824] (-) TimerEvent: {}
[9.462655] (-) TimerEvent: {}
[9.563408] (-) TimerEvent: {}
[9.664099] (-) TimerEvent: {}
[9.764920] (-) TimerEvent: {}
[9.865628] (-) TimerEvent: {}
[9.966368] (-) TimerEvent: {}
[10.067056] (-) TimerEvent: {}
[10.167772] (-) TimerEvent: {}
[10.268494] (-) TimerEvent: {}
[10.369189] (-) TimerEvent: {}
[10.469908] (-) TimerEvent: {}
[10.570579] (-) TimerEvent: {}
[10.671269] (-) TimerEvent: {}
[10.771964] (-) TimerEvent: {}
[10.872686] (-) TimerEvent: {}
[10.973434] (-) TimerEvent: {}
[11.074160] (-) TimerEvent: {}
[11.174862] (-) TimerEvent: {}
[11.275576] (-) TimerEvent: {}
[11.376286] (-) TimerEvent: {}
[11.477023] (-) TimerEvent: {}
[11.577705] (-) TimerEvent: {}
[11.678451] (-) TimerEvent: {}
[11.779153] (-) TimerEvent: {}
[11.879877] (-) TimerEvent: {}
[11.980619] (-) TimerEvent: {}
[12.081319] (-) TimerEvent: {}
[12.182037] (-) TimerEvent: {}
[12.282716] (-) TimerEvent: {}
[12.383416] (-) TimerEvent: {}
[12.484154] (-) TimerEvent: {}
[12.584859] (-) TimerEvent: {}
[12.685638] (-) TimerEvent: {}
[12.786403] (-) TimerEvent: {}
[12.887114] (-) TimerEvent: {}
[12.987838] (-) TimerEvent: {}
[13.088545] (-) TimerEvent: {}
[13.189249] (-) TimerEvent: {}
[13.289951] (-) TimerEvent: {}
[13.390656] (-) TimerEvent: {}
[13.491352] (-) TimerEvent: {}
[13.592073] (-) TimerEvent: {}
[13.692804] (-) TimerEvent: {}
[13.793518] (-) TimerEvent: {}
[13.894268] (-) TimerEvent: {}
[13.995226] (-) TimerEvent: {}
[14.096006] (-) TimerEvent: {}
[14.196751] (-) TimerEvent: {}
[14.297466] (-) TimerEvent: {}
[14.398307] (-) TimerEvent: {}
[14.499024] (-) TimerEvent: {}
[14.599741] (-) TimerEvent: {}
[14.700474] (-) TimerEvent: {}
[14.801190] (-) TimerEvent: {}
[14.901917] (-) TimerEvent: {}
[15.002616] (-) TimerEvent: {}
[15.103343] (-) TimerEvent: {}
[15.204059] (-) TimerEvent: {}
[15.304809] (-) TimerEvent: {}
[15.405497] (-) TimerEvent: {}
[15.506249] (-) TimerEvent: {}
[15.606940] (-) TimerEvent: {}
[15.707664] (-) TimerEvent: {}
[15.808490] (-) TimerEvent: {}
[15.909228] (-) TimerEvent: {}
[16.009927] (-) TimerEvent: {}
[16.110640] (-) TimerEvent: {}
[16.211357] (-) TimerEvent: {}
[16.312068] (-) TimerEvent: {}
[16.412807] (-) TimerEvent: {}
[16.513502] (-) TimerEvent: {}
[16.614230] (-) TimerEvent: {}
[16.714935] (-) TimerEvent: {}
[16.815737] (-) TimerEvent: {}
[16.916737] (-) TimerEvent: {}
[17.017447] (-) TimerEvent: {}
[17.118188] (-) TimerEvent: {}
[17.218892] (-) TimerEvent: {}
[17.319609] (-) TimerEvent: {}
[17.420357] (-) TimerEvent: {}
[17.521076] (-) TimerEvent: {}
[17.621860] (-) TimerEvent: {}
[17.722546] (-) TimerEvent: {}
[17.823259] (-) TimerEvent: {}
[17.924005] (-) TimerEvent: {}
[18.024834] (-) TimerEvent: {}
[18.125886] (-) TimerEvent: {}
[18.226581] (-) TimerEvent: {}
[18.327300] (-) TimerEvent: {}
[18.428048] (-) TimerEvent: {}
[18.528765] (-) TimerEvent: {}
[18.629504] (-) TimerEvent: {}
[18.730581] (-) TimerEvent: {}
[18.831277] (-) TimerEvent: {}
[18.932040] (-) TimerEvent: {}
[19.032759] (-) TimerEvent: {}
[19.133460] (-) TimerEvent: {}
[19.234220] (-) TimerEvent: {}
[19.334933] (-) TimerEvent: {}
[19.435648] (-) TimerEvent: {}
[19.536391] (-) TimerEvent: {}
[19.637119] (-) TimerEvent: {}
[19.737856] (-) TimerEvent: {}
[19.838547] (-) TimerEvent: {}
[19.939304] (-) TimerEvent: {}
[19.948352] (rover_control_package) StdoutLine: {'line': b'[ 75%] \x1b[32m\x1b[1mLinking CXX executable carcontrol_server\x1b[0m\n'}
[20.039539] (-) TimerEvent: {}
[20.140510] (-) TimerEvent: {}
[20.241382] (-) TimerEvent: {}
[20.342241] (-) TimerEvent: {}
[20.442939] (-) TimerEvent: {}
[20.543614] (-) TimerEvent: {}
[20.621026] (rover_control_package) StdoutLine: {'line': b'[ 75%] Built target carcontrol_server\n'}
[20.624926] (rover_control_package) StderrLine: {'line': b'gmake: *** [Makefile:146: all] Error 2\n'}
[20.630421] (rover_control_package) CommandEnded: {'returncode': 2}
[20.643801] (-) TimerEvent: {}
[20.744763] (-) TimerEvent: {}
[20.790199] (rover_control_package) JobEnded: {'identifier': 'rover_control_package', 'rc': 2}
[20.801717] (-) EventReactorShutdown: {}
