[0.064s] Invoking command in '/home/curry/wilson_proj/ros2-rover-ws/build/rover_control_package': CMAKE_PREFIX_PATH=/opt/ros/iron /usr/bin/cmake --build /home/curry/wilson_proj/ros2-rover-ws/build/rover_control_package -- -j4 -l4
[0.343s] [  2%] Built target rover_control_package__rosidl_generator_type_description
[0.392s] [  5%] [32mBuilding CXX object CMakeFiles/carcontrol_ros2_server.dir/src/motor_drive_node.cpp.o[0m
[0.414s] [ 10%] Built target carcontrol_server
[0.428s] [ 10%] Built target ament_cmake_python_copy_rover_control_package
[0.571s] [ 23%] Built target rover_control_package__rosidl_generator_c
[0.585s] [ 26%] Built target rover_control_package__cpp
[0.804s] [ 34%] Built target rover_control_package__rosidl_typesupport_fastrtps_c
[0.813s] [ 42%] Built target rover_control_package__rosidl_typesupport_introspection_c
[1.041s] [ 50%] Built target rover_control_package__rosidl_typesupport_fastrtps_cpp
[1.065s] [ 57%] Built target rover_control_package__rosidl_typesupport_c
[1.252s] [ 65%] Built target rover_control_package__rosidl_typesupport_cpp
[1.315s] [ 73%] Built target rover_control_package__rosidl_typesupport_introspection_cpp
[1.453s] [01m[K/home/curry/wilson_proj/ros2-rover-ws/src/rover_control_package/src/motor_drive_node.cpp:5:10:[m[K [01;31m[Kfatal error: [m[Krover_control_package/action/carcontrol.hpp: No such file or directory
[1.454s]     5 | #include [01;31m[K"rover_control_package/action/carcontrol.hpp"[m[K
[1.455s]       |          [01;31m[K^~~~~~~~~~~~~~~~~~~~~~~~~~~~~~~~~~~~~~~~~~~~~[m[K
[1.456s] compilation terminated.
[1.461s] gmake[2]: *** [CMakeFiles/carcontrol_ros2_server.dir/build.make:76: CMakeFiles/carcontrol_ros2_server.dir/src/motor_drive_node.cpp.o] Error 1
[1.463s] gmake[1]: *** [CMakeFiles/Makefile2:625: CMakeFiles/carcontrol_ros2_server.dir/all] Error 2
[1.464s] gmake[1]: *** Waiting for unfinished jobs....
[1.472s] [ 73%] Built target rover_control_package
[2.290s] running egg_info
[2.294s] writing rover_control_package.egg-info/PKG-INFO
[2.296s] writing dependency_links to rover_control_package.egg-info/dependency_links.txt
[2.297s] writing top-level names to rover_control_package.egg-info/top_level.txt
[2.308s] reading manifest file 'rover_control_package.egg-info/SOURCES.txt'
[2.312s] writing manifest file 'rover_control_package.egg-info/SOURCES.txt'
[2.487s] [ 73%] Built target ament_cmake_python_build_rover_control_package_egg
[2.491s] gmake: *** [Makefile:146: all] Error 2
[2.498s] Invoked command in '/home/curry/wilson_proj/ros2-rover-ws/build/rover_control_package' returned '2': CMAKE_PREFIX_PATH=/opt/ros/iron /usr/bin/cmake --build /home/curry/wilson_proj/ros2-rover-ws/build/rover_control_package -- -j4 -l4
