[0mCMAKE_CURRENT_SOURCE_DIR: /home/curry/wilson_proj/ros2-rover-ws/src/rover_control_package[0m
[0mFull include path: /home/curry/wilson_proj/ros2-rover-ws/src/rover_control_package/include[0m
[0mBUILD_INTERFACE path: /home/curry/wilson_proj/ros2-rover-ws/src/rover_control_package/include[0m
[01m[K/home/curry/wilson_proj/ros2-rover-ws/src/rover_control_package/src/motor_drive_node.cpp:5:10:[m[K [01;31m[Kfatal error: [m[Krover_control_package/action/carcontrol.hpp: No such file or directory
    5 | #include [01;31m[K"rover_control_package/action/carcontrol.hpp"[m[K
      |          [01;31m[K^~~~~~~~~~~~~~~~~~~~~~~~~~~~~~~~~~~~~~~~~~~~~[m[K
compilation terminated.
gmake[2]: *** [CMakeFiles/carcontrol_ros2_server.dir/build.make:76: CMakeFiles/carcontrol_ros2_server.dir/src/motor_drive_node.cpp.o] Error 1
gmake[1]: *** [CMakeFiles/Makefile2:625: CMakeFiles/carcontrol_ros2_server.dir/all] Error 2
gmake[1]: *** Waiting for unfinished jobs....
gmake: *** [Makefile:146: all] Error 2
