[0.064s] Invoking command in '/home/curry/wilson_proj/ros2-rover-ws/build/rover_control_package': CMAKE_PREFIX_PATH=/opt/ros/iron /usr/bin/cmake --build /home/curry/wilson_proj/ros2-rover-ws/build/rover_control_package -- -j4 -l4
[0.174s] -- Found rosidl_default_generators: 1.5.0 (/opt/ros/iron/share/rosidl_default_generators/cmake)
[1.056s] -- Using all available rosidl_typesupport_c: rosidl_typesupport_fastrtps_c;rosidl_typesupport_introspection_c
[1.340s] -- Using all available rosidl_typesupport_cpp: rosidl_typesupport_fastrtps_cpp;rosidl_typesupport_introspection_cpp
[1.470s] -- Found rosidl_adapter: 4.0.1 (/opt/ros/iron/share/rosidl_adapter/cmake)
[3.576s] -- Found ament_cmake_ros: 0.11.2 (/opt/ros/iron/share/ament_cmake_ros/cmake)
[4.389s] -- Using all available rosidl_typesupport_c: rosidl_typesupport_fastrtps_c;rosidl_typesupport_introspection_c
[5.472s] -- Using all available rosidl_typesupport_cpp: rosidl_typesupport_fastrtps_cpp;rosidl_typesupport_introspection_cpp
[5.573s] -- Found python_cmake_module: 0.10.2 (/opt/ros/iron/share/python_cmake_module/cmake)
[5.677s] -- Using PYTHON_EXECUTABLE: /usr/bin/python3
[5.678s] -- Using PYTHON_INCLUDE_DIRS: /usr/include/python3.10
[5.678s] -- Using PYTHON_LIBRARIES: /usr/lib/aarch64-linux-gnu/libpython3.10.so
[5.749s] -- Found rover_control_package: 0.0.0 (/home/curry/wilson_proj/ros2-rover-ws/install/rover_control_package/share/rover_control_package/cmake)
[6.029s] -- Found rclcpp: 21.0.7 (/opt/ros/iron/share/rclcpp/cmake)
[6.381s] -- Found rmw_implementation_cmake: 7.1.0 (/opt/ros/iron/share/rmw_implementation_cmake/cmake)
[6.386s] -- Found rmw_fastrtps_cpp: 7.1.4 (/opt/ros/iron/share/rmw_fastrtps_cpp/cmake)
[7.373s] -- Using RMW implementation 'rmw_fastrtps_cpp' as default
[7.992s] -- Found rclcpp_action: 21.0.7 (/opt/ros/iron/share/rclcpp_action/cmake)
[8.121s] -- Found rclcpp_components: 21.0.7 (/opt/ros/iron/share/rclcpp_components/cmake)
[8.456s] -- Found std_srvs: 5.0.1 (/opt/ros/iron/share/std_srvs/cmake)
[8.628s] [0mCMAKE_CURRENT_SOURCE_DIR: /home/curry/wilson_proj/ros2-rover-ws/src/rover_control_package[0m
[8.628s] [0mFull include path: /home/curry/wilson_proj/ros2-rover-ws/src/rover_control_package/include[0m
[8.628s] [0mBUILD_INTERFACE path: /home/curry/wilson_proj/ros2-rover-ws/src/rover_control_package/include[0m
[8.634s] -- Found ament_lint_auto: 0.14.4 (/opt/ros/iron/share/ament_lint_auto/cmake)
[8.677s] -- Added test 'cppcheck' to perform static code analysis on C / C++ code
[8.679s] -- Configured cppcheck include dirs: $<BUILD_INTERFACE:/home/curry/wilson_proj/ros2-rover-ws/src/rover_control_package/include>
[8.680s] -- Configured cppcheck exclude dirs and/or files: 
[8.683s] -- Added test 'lint_cmake' to check CMake code style
[8.692s] -- Added test 'uncrustify' to check C / C++ code style
[8.692s] -- Configured uncrustify additional arguments: 
[8.694s] -- Added test 'xmllint' to check XML markup files
[8.704s] -- Configuring done
[8.969s] -- Generating done
[8.991s] -- Build files have been written to: /home/curry/wilson_proj/ros2-rover-ws/build/rover_control_package
[9.159s] [35m[1mConsolidate compiler generated dependencies of target carcontrol_server[0m
[9.190s] [  2%] Built target rover_control_package__rosidl_generator_type_description
[9.198s] [  5%] [32mBuilding CXX object CMakeFiles/carcontrol_ros2_server.dir/src/motor_drive_node.cpp.o[0m
[9.244s] [  5%] Built target ament_cmake_python_copy_rover_control_package
[9.264s] [ 10%] Built target carcontrol_server
[9.280s] [ 13%] Built target rover_control_package__cpp
[9.309s] [35m[1mConsolidate compiler generated dependencies of target rover_control_package__rosidl_generator_c[0m
[9.361s] [ 26%] Built target rover_control_package__rosidl_generator_c
[9.408s] [35m[1mConsolidate compiler generated dependencies of target rover_control_package__rosidl_typesupport_cpp[0m
[9.412s] [35m[1mConsolidate compiler generated dependencies of target rover_control_package__rosidl_typesupport_fastrtps_c[0m
[9.478s] [ 34%] Built target rover_control_package__rosidl_typesupport_cpp
[9.481s] [ 42%] Built target rover_control_package__rosidl_typesupport_fastrtps_c
[9.527s] [35m[1mConsolidate compiler generated dependencies of target rover_control_package__rosidl_typesupport_introspection_c[0m
[9.530s] [35m[1mConsolidate compiler generated dependencies of target rover_control_package__rosidl_typesupport_c[0m
[9.583s] [ 50%] Built target rover_control_package__rosidl_typesupport_introspection_c
[9.589s] [ 57%] Built target rover_control_package__rosidl_typesupport_c
[9.634s] [35m[1mConsolidate compiler generated dependencies of target rover_control_package__rosidl_typesupport_fastrtps_cpp[0m
[9.637s] [35m[1mConsolidate compiler generated dependencies of target rover_control_package__rosidl_typesupport_introspection_cpp[0m
[9.703s] [ 65%] Built target rover_control_package__rosidl_typesupport_fastrtps_cpp
[9.705s] [ 73%] Built target rover_control_package__rosidl_typesupport_introspection_cpp
[9.787s] [ 73%] Built target rover_control_package
[9.870s] [ 76%] Built target rover_control_package__py
[9.910s] [01m[K/home/curry/wilson_proj/ros2-rover-ws/src/rover_control_package/src/motor_drive_node.cpp:5:10:[m[K [01;31m[Kfatal error: [m[Krover_control_package/action/carcontrol.hpp: No such file or directory
[9.910s]     5 | #include [01;31m[K"rover_control_package/action/carcontrol.hpp"[m[K
[9.911s]       |          [01;31m[K^~~~~~~~~~~~~~~~~~~~~~~~~~~~~~~~~~~~~~~~~~~~~[m[K
[9.911s] compilation terminated.
[9.914s] [35m[1mConsolidate compiler generated dependencies of target rover_control_package__rosidl_generator_py[0m
[9.922s] gmake[2]: *** [CMakeFiles/carcontrol_ros2_server.dir/build.make:76: CMakeFiles/carcontrol_ros2_server.dir/src/motor_drive_node.cpp.o] Error 1
[9.923s] gmake[1]: *** [CMakeFiles/Makefile2:625: CMakeFiles/carcontrol_ros2_server.dir/all] Error 2
[9.923s] gmake[1]: *** Waiting for unfinished jobs....
[9.972s] [ 81%] Built target rover_control_package__rosidl_generator_py
[10.531s] running egg_info
[10.534s] writing rover_control_package.egg-info/PKG-INFO
[10.535s] writing dependency_links to rover_control_package.egg-info/dependency_links.txt
[10.536s] writing top-level names to rover_control_package.egg-info/top_level.txt
[10.546s] reading manifest file 'rover_control_package.egg-info/SOURCES.txt'
[10.549s] writing manifest file 'rover_control_package.egg-info/SOURCES.txt'
[10.675s] [ 81%] Built target ament_cmake_python_build_rover_control_package_egg
[10.679s] gmake: *** [Makefile:146: all] Error 2
[10.685s] Invoked command in '/home/curry/wilson_proj/ros2-rover-ws/build/rover_control_package' returned '2': CMAKE_PREFIX_PATH=/opt/ros/iron /usr/bin/cmake --build /home/curry/wilson_proj/ros2-rover-ws/build/rover_control_package -- -j4 -l4
