[0.065s] Invoking command in '/home/curry/wilson_proj/ros2-rover-ws/build/rover_control_package': CMAKE_PREFIX_PATH=${CMAKE_PREFIX_PATH}:/opt/ros/iron /usr/bin/cmake --build /home/curry/wilson_proj/ros2-rover-ws/build/rover_control_package -- -j4 -l4
[0.350s] [  2%] Built target rover_control_package__rosidl_generator_type_description
[0.402s] [  5%] [32mBuilding CXX object CMakeFiles/carcontrol_ros2_server.dir/src/motor_drive_node.cpp.o[0m
[0.468s] [ 10%] Built target carcontrol_server
[0.477s] [ 10%] Built target ament_cmake_python_copy_rover_control_package
[0.506s] [ 13%] Built target rover_control_package__cpp
[0.637s] [ 26%] Built target rover_control_package__rosidl_generator_c
[0.883s] [ 34%] Built target rover_control_package__rosidl_typesupport_fastrtps_c
[0.894s] [ 42%] Built target rover_control_package__rosidl_typesupport_cpp
[1.102s] [ 50%] Built target rover_control_package__rosidl_typesupport_introspection_c
[1.108s] [ 57%] Built target rover_control_package__rosidl_typesupport_c
[1.326s] [ 65%] Built target rover_control_package__rosidl_typesupport_introspection_cpp
[1.365s] [ 73%] Built target rover_control_package__rosidl_typesupport_fastrtps_cpp
[1.614s] [ 73%] Built target rover_control_package
[1.632s] [01m[K/home/curry/wilson_proj/ros2-rover-ws/src/rover_control_package/src/motor_drive_node.cpp:5:10:[m[K [01;31m[Kfatal error: [m[Krover_control_package/action/carcontrol.hpp: No such file or directory
[1.633s]     5 | #include [01;31m[K"rover_control_package/action/carcontrol.hpp"[m[K
[1.633s]       |          [01;31m[K^~~~~~~~~~~~~~~~~~~~~~~~~~~~~~~~~~~~~~~~~~~~~[m[K
[1.633s] compilation terminated.
[1.647s] gmake[2]: *** [CMakeFiles/carcontrol_ros2_server.dir/build.make:76: CMakeFiles/carcontrol_ros2_server.dir/src/motor_drive_node.cpp.o] Error 1
[1.650s] gmake[1]: *** [CMakeFiles/Makefile2:625: CMakeFiles/carcontrol_ros2_server.dir/all] Error 2
[1.650s] gmake[1]: *** Waiting for unfinished jobs....
[1.746s] [ 76%] Built target rover_control_package__py
[2.390s] running egg_info
[2.394s] writing rover_control_package.egg-info/PKG-INFO
[2.395s] writing dependency_links to rover_control_package.egg-info/dependency_links.txt
[2.396s] writing top-level names to rover_control_package.egg-info/top_level.txt
[2.408s] reading manifest file 'rover_control_package.egg-info/SOURCES.txt'
[2.411s] writing manifest file 'rover_control_package.egg-info/SOURCES.txt'
[2.593s] [ 76%] Built target ament_cmake_python_build_rover_control_package_egg
[2.597s] gmake: *** [Makefile:146: all] Error 2
[2.604s] Invoked command in '/home/curry/wilson_proj/ros2-rover-ws/build/rover_control_package' returned '2': CMAKE_PREFIX_PATH=${CMAKE_PREFIX_PATH}:/opt/ros/iron /usr/bin/cmake --build /home/curry/wilson_proj/ros2-rover-ws/build/rover_control_package -- -j4 -l4
