[01m[K/home/curry/wilson_proj/ros2-rover-ws/src/package_position_process/src/node_gnss.cpp:47:23:[m[K [01;31m[Kerror: [m[Kâ€˜[01m[Kmsgs_positions[m[Kâ€™ was not declared in this scope
   47 |     rclcpp::Publisher<[01;31m[Kmsgs_positions[m[K::msg::GnssData>::SharedPtr publisher_;
      |                       [01;31m[K^~~~~~~~~~~~~~[m[K
[01m[K/home/curry/wilson_proj/ros2-rover-ws/src/package_position_process/src/node_gnss.cpp:47:52:[m[K [01;31m[Kerror: [m[Ktemplate argument 1 is invalid
   47 |     rclcpp::Publisher<msgs_positions::msg::GnssData[01;31m[K>[m[K::SharedPtr publisher_;
      |                                                    [01;31m[K^[m[K
[01m[K/home/curry/wilson_proj/ros2-rover-ws/src/package_position_process/src/node_gnss.cpp:47:55:[m[K [01;31m[Kerror: [m[Kexpected â€˜[01m[K;[m[Kâ€™ at end of member declaration
   47 |     rclcpp::Publisher<msgs_positions::msg::GnssData>::[01;31m[KSharedPtr[m[K publisher_;
      |                                                       [01;31m[K^~~~~~~~~[m[K
      |                                                                [32m[K;[m[K
[01m[K/home/curry/wilson_proj/ros2-rover-ws/src/package_position_process/src/node_gnss.cpp:47:65:[m[K [01;31m[Kerror: [m[Kâ€˜[01m[Kpublisher_[m[Kâ€™ does not name a type; did you mean â€˜[01m[Krmw_publisher_t[m[Kâ€™?
   47 |     rclcpp::Publisher<msgs_positions::msg::GnssData>::SharedPtr [01;31m[Kpublisher_[m[K;
      |                                                                 [01;31m[K^~~~~~~~~~[m[K
      |                                                                 [32m[Krmw_publisher_t[m[K
[01m[K/home/curry/wilson_proj/ros2-rover-ws/src/package_position_process/src/node_gnss.cpp:[m[K In constructor â€˜[01m[KGNSSPublisher::GNSSPublisher()[m[Kâ€™:
[01m[K/home/curry/wilson_proj/ros2-rover-ws/src/package_position_process/src/node_gnss.cpp:16:9:[m[K [01;31m[Kerror: [m[Kâ€˜[01m[Kpublisher_[m[Kâ€™ was not declared in this scope; did you mean â€˜[01m[Krmw_publisher_t[m[Kâ€™?
   16 |         [01;31m[Kpublisher_[m[K = this->create_publisher<msgs_positions::msg::GnssData>("gnss_data", 10);
      |         [01;31m[K^~~~~~~~~~[m[K
      |         [32m[Krmw_publisher_t[m[K
[01m[K/home/curry/wilson_proj/ros2-rover-ws/src/package_position_process/src/node_gnss.cpp:16:45:[m[K [01;31m[Kerror: [m[Kâ€˜[01m[Kmsgs_positions[m[Kâ€™ was not declared in this scope
   16 |         publisher_ = this->create_publisher<[01;31m[Kmsgs_positions[m[K::msg::GnssData>("gnss_data", 10);
      |                                             [01;31m[K^~~~~~~~~~~~~~[m[K
[01m[K/home/curry/wilson_proj/ros2-rover-ws/src/package_position_process/src/node_gnss.cpp:16:28:[m[K [01;31m[Kerror: [m[Kparse error in template argument list
   16 |         publisher_ = this->[01;31m[Kcreate_publisher<msgs_positions::msg::GnssData>[m[K("gnss_data", 10);
      |                            [01;31m[K^~~~~~~~~~~~~~~~~~~~~~~~~~~~~~~~~~~~~~~~~~~~~~~[m[K
[01m[K/home/curry/wilson_proj/ros2-rover-ws/src/package_position_process/src/node_gnss.cpp:16:75:[m[K [01;31m[Kerror: [m[Kno matching function for call to â€˜[01m[KGNSSPublisher::create_publisher<<expression error> >(const char [10], int)[m[Kâ€™
   16 |         publisher_ = [01;31m[Kthis->create_publisher<msgs_positions::msg::GnssData>("gnss_data", 10)[m[K;
      |                      [01;31m[K~~~~~~~~~~~~~~~~~~~~~~~~~~~~~~~~~~~~~~~~~~~~~~~~~~~~~^~~~~~~~~~~~~~~~~[m[K
In file included from [01m[K/opt/ros/humble/include/rclcpp/rclcpp/executors/single_threaded_executor.hpp:28[m[K,
                 from [01m[K/opt/ros/humble/include/rclcpp/rclcpp/executors.hpp:22[m[K,
                 from [01m[K/opt/ros/humble/include/rclcpp/rclcpp/rclcpp.hpp:155[m[K,
                 from [01m[K/home/curry/wilson_proj/ros2-rover-ws/src/package_position_process/src/node_gnss.cpp:1[m[K:
[01m[K/opt/ros/humble/include/rclcpp/rclcpp/node.hpp:195:3:[m[K [01;36m[Knote: [m[Kcandidate: â€˜[01m[Ktemplate<class MessageT, class AllocatorT, class PublisherT> std::shared_ptr<PublisherT> rclcpp::Node::create_publisher(const string&, const rclcpp::QoS&, const rclcpp::PublisherOptionsWithAllocator<AllocatorT>&)[m[Kâ€™
  195 |   [01;36m[Kcreate_publisher[m[K(
      |   [01;36m[K^~~~~~~~~~~~~~~~[m[K
[01m[K/opt/ros/humble/include/rclcpp/rclcpp/node.hpp:195:3:[m[K [01;36m[Knote: [m[K  template argument deduction/substitution failed:
[01m[K/home/curry/wilson_proj/ros2-rover-ws/src/package_position_process/src/node_gnss.cpp:16:75:[m[K [01;31m[Kerror: [m[Ktemplate argument 1 is invalid
   16 |         publisher_ = [01;31m[Kthis->create_publisher<msgs_positions::msg::GnssData>("gnss_data", 10)[m[K;
      |                      [01;31m[K~~~~~~~~~~~~~~~~~~~~~~~~~~~~~~~~~~~~~~~~~~~~~~~~~~~~~^~~~~~~~~~~~~~~~~[m[K
[01m[K/home/curry/wilson_proj/ros2-rover-ws/src/package_position_process/src/node_gnss.cpp:[m[K In member function â€˜[01m[Kvoid GNSSPublisher::readSerialData()[m[Kâ€™:
[01m[K/home/curry/wilson_proj/ros2-rover-ws/src/package_position_process/src/node_gnss.cpp:79:28:[m[K [01;31m[Kerror: [m[Kâ€˜[01m[Kmsgs_positions[m[Kâ€™ has not been declared
   79 |                 auto msg = [01;31m[Kmsgs_positions[m[K::msg::GnssData();
      |                            [01;31m[K^~~~~~~~~~~~~~[m[K
[01m[K/home/curry/wilson_proj/ros2-rover-ws/src/package_position_process/src/node_gnss.cpp:87:17:[m[K [01;31m[Kerror: [m[Kâ€˜[01m[Kpublisher_[m[Kâ€™ was not declared in this scope; did you mean â€˜[01m[Krmw_publisher_t[m[Kâ€™?
   87 |                 [01;31m[Kpublisher_[m[K->publish(msg);
      |                 [01;31m[K^~~~~~~~~~[m[K
      |                 [32m[Krmw_publisher_t[m[K
gmake[2]: *** [CMakeFiles/node_gnss.dir/build.make:76: CMakeFiles/node_gnss.dir/src/node_gnss.cpp.o] Error 1
gmake[1]: *** [CMakeFiles/Makefile2:139: CMakeFiles/node_gnss.dir/all] Error 2
gmake: *** [Makefile:146: all] Error 2
