[0.072s] Invoking command in '/home/curry/wilson_proj/ros2-rover-ws/build/package_position_process': CMAKE_PREFIX_PATH=/home/curry/wilson_proj/ros2-rover-ws/install/ifaces_position:/home/curry/wilson_proj/ros2-rover-ws/install/rovercon_msgs:/home/curry/wilson_proj/ros2-rover-ws/install/package_test:/home/curry/wilson_proj/ros2-rover-ws/install/package_rover_control:/home/curry/wilson_proj/ros2-rover-ws/install/package_position_process:/home/curry/wilson_proj/ros2-rover-ws/install/package_navigate_route:/home/curry/wilson_proj/ros2-rover-ws/install/package_image_process:/home/curry/wilson_proj/ros2-rover-ws/install/msgs_mainrocon:/home/curry/wilson_proj/ros2-rover-ws/install/msgs_rovercon:/home/curry/wilson_proj/ros2-rover-ws/install/msgs_positions:/home/curry/wilson_proj/ros2-rover-ws/install/action_interfaces:/opt/ros/humble LD_LIBRARY_PATH=/home/curry/wilson_proj/ros2-rover-ws/install/ifaces_position/lib:/home/curry/wilson_proj/ros2-rover-ws/install/rovercon_msgs/lib:/home/curry/wilson_proj/ros2-rover-ws/install/package_rover_control/lib:/home/curry/wilson_proj/ros2-rover-ws/install/msgs_mainrocon/lib:/home/curry/wilson_proj/ros2-rover-ws/install/msgs_rovercon/lib:/home/curry/wilson_proj/ros2-rover-ws/install/msgs_positions/lib:/home/curry/wilson_proj/ros2-rover-ws/install/action_interfaces/lib:/opt/ros/humble/opt/rviz_ogre_vendor/lib:/opt/ros/humble/lib/aarch64-linux-gnu:/opt/ros/humble/lib /usr/bin/cmake --build /home/curry/wilson_proj/ros2-rover-ws/build/package_position_process -- -j4 -l4
[0.339s] [35m[1mConsolidate compiler generated dependencies of target node_position_process[0m
[0.441s] [ 25%] [32mBuilding CXX object CMakeFiles/node_gnss.dir/src/node_gnss.cpp.o[0m
[0.458s] [ 75%] Built target node_position_process
[10.528s] [01m[K/home/curry/wilson_proj/ros2-rover-ws/src/package_position_process/src/node_gnss.cpp:47:23:[m[K [01;31m[Kerror: [m[Kâ€˜[01m[Kmsgs_positions[m[Kâ€™ was not declared in this scope
[10.529s]    47 |     rclcpp::Publisher<[01;31m[Kmsgs_positions[m[K::msg::GnssData>::SharedPtr publisher_;
[10.529s]       |                       [01;31m[K^~~~~~~~~~~~~~[m[K
[10.529s] [01m[K/home/curry/wilson_proj/ros2-rover-ws/src/package_position_process/src/node_gnss.cpp:47:52:[m[K [01;31m[Kerror: [m[Ktemplate argument 1 is invalid
[10.529s]    47 |     rclcpp::Publisher<msgs_positions::msg::GnssData[01;31m[K>[m[K::SharedPtr publisher_;
[10.530s]       |                                                    [01;31m[K^[m[K
[10.552s] [01m[K/home/curry/wilson_proj/ros2-rover-ws/src/package_position_process/src/node_gnss.cpp:47:55:[m[K [01;31m[Kerror: [m[Kexpected â€˜[01m[K;[m[Kâ€™ at end of member declaration
[10.552s]    47 |     rclcpp::Publisher<msgs_positions::msg::GnssData>::[01;31m[KSharedPtr[m[K publisher_;
[10.553s]       |                                                       [01;31m[K^~~~~~~~~[m[K
[10.554s]       |                                                                [32m[K;[m[K
[10.568s] [01m[K/home/curry/wilson_proj/ros2-rover-ws/src/package_position_process/src/node_gnss.cpp:47:65:[m[K [01;31m[Kerror: [m[Kâ€˜[01m[Kpublisher_[m[Kâ€™ does not name a type; did you mean â€˜[01m[Krmw_publisher_t[m[Kâ€™?
[10.568s]    47 |     rclcpp::Publisher<msgs_positions::msg::GnssData>::SharedPtr [01;31m[Kpublisher_[m[K;
[10.569s]       |                                                                 [01;31m[K^~~~~~~~~~[m[K
[10.569s]       |                                                                 [32m[Krmw_publisher_t[m[K
[10.593s] [01m[K/home/curry/wilson_proj/ros2-rover-ws/src/package_position_process/src/node_gnss.cpp:[m[K In constructor â€˜[01m[KGNSSPublisher::GNSSPublisher()[m[Kâ€™:
[10.594s] [01m[K/home/curry/wilson_proj/ros2-rover-ws/src/package_position_process/src/node_gnss.cpp:16:9:[m[K [01;31m[Kerror: [m[Kâ€˜[01m[Kpublisher_[m[Kâ€™ was not declared in this scope; did you mean â€˜[01m[Krmw_publisher_t[m[Kâ€™?
[10.594s]    16 |         [01;31m[Kpublisher_[m[K = this->create_publisher<msgs_positions::msg::GnssData>("gnss_data", 10);
[10.595s]       |         [01;31m[K^~~~~~~~~~[m[K
[10.595s]       |         [32m[Krmw_publisher_t[m[K
[10.621s] [01m[K/home/curry/wilson_proj/ros2-rover-ws/src/package_position_process/src/node_gnss.cpp:16:45:[m[K [01;31m[Kerror: [m[Kâ€˜[01m[Kmsgs_positions[m[Kâ€™ was not declared in this scope
[10.622s]    16 |         publisher_ = this->create_publisher<[01;31m[Kmsgs_positions[m[K::msg::GnssData>("gnss_data", 10);
[10.622s]       |                                             [01;31m[K^~~~~~~~~~~~~~[m[K
[10.622s] [01m[K/home/curry/wilson_proj/ros2-rover-ws/src/package_position_process/src/node_gnss.cpp:16:28:[m[K [01;31m[Kerror: [m[Kparse error in template argument list
[10.623s]    16 |         publisher_ = this->[01;31m[Kcreate_publisher<msgs_positions::msg::GnssData>[m[K("gnss_data", 10);
[10.623s]       |                            [01;31m[K^~~~~~~~~~~~~~~~~~~~~~~~~~~~~~~~~~~~~~~~~~~~~~~[m[K
[10.623s] [01m[K/home/curry/wilson_proj/ros2-rover-ws/src/package_position_process/src/node_gnss.cpp:16:75:[m[K [01;31m[Kerror: [m[Kno matching function for call to â€˜[01m[KGNSSPublisher::create_publisher<<expression error> >(const char [10], int)[m[Kâ€™
[10.624s]    16 |         publisher_ = [01;31m[Kthis->create_publisher<msgs_positions::msg::GnssData>("gnss_data", 10)[m[K;
[10.624s]       |                      [01;31m[K~~~~~~~~~~~~~~~~~~~~~~~~~~~~~~~~~~~~~~~~~~~~~~~~~~~~~^~~~~~~~~~~~~~~~~[m[K
[10.624s] In file included from [01m[K/opt/ros/humble/include/rclcpp/rclcpp/executors/single_threaded_executor.hpp:28[m[K,
[10.625s]                  from [01m[K/opt/ros/humble/include/rclcpp/rclcpp/executors.hpp:22[m[K,
[10.625s]                  from [01m[K/opt/ros/humble/include/rclcpp/rclcpp/rclcpp.hpp:155[m[K,
[10.625s]                  from [01m[K/home/curry/wilson_proj/ros2-rover-ws/src/package_position_process/src/node_gnss.cpp:1[m[K:
[10.626s] [01m[K/opt/ros/humble/include/rclcpp/rclcpp/node.hpp:195:3:[m[K [01;36m[Knote: [m[Kcandidate: â€˜[01m[Ktemplate<class MessageT, class AllocatorT, class PublisherT> std::shared_ptr<PublisherT> rclcpp::Node::create_publisher(const string&, const rclcpp::QoS&, const rclcpp::PublisherOptionsWithAllocator<AllocatorT>&)[m[Kâ€™
[10.626s]   195 |   [01;36m[Kcreate_publisher[m[K(
[10.627s]       |   [01;36m[K^~~~~~~~~~~~~~~~[m[K
[10.627s] [01m[K/opt/ros/humble/include/rclcpp/rclcpp/node.hpp:195:3:[m[K [01;36m[Knote: [m[K  template argument deduction/substitution failed:
[10.628s] [01m[K/home/curry/wilson_proj/ros2-rover-ws/src/package_position_process/src/node_gnss.cpp:16:75:[m[K [01;31m[Kerror: [m[Ktemplate argument 1 is invalid
[10.628s]    16 |         publisher_ = [01;31m[Kthis->create_publisher<msgs_positions::msg::GnssData>("gnss_data", 10)[m[K;
[10.628s]       |                      [01;31m[K~~~~~~~~~~~~~~~~~~~~~~~~~~~~~~~~~~~~~~~~~~~~~~~~~~~~~^~~~~~~~~~~~~~~~~[m[K
[10.668s] [01m[K/home/curry/wilson_proj/ros2-rover-ws/src/package_position_process/src/node_gnss.cpp:[m[K In member function â€˜[01m[Kvoid GNSSPublisher::readSerialData()[m[Kâ€™:
[10.669s] [01m[K/home/curry/wilson_proj/ros2-rover-ws/src/package_position_process/src/node_gnss.cpp:79:28:[m[K [01;31m[Kerror: [m[Kâ€˜[01m[Kmsgs_positions[m[Kâ€™ has not been declared
[10.669s]    79 |                 auto msg = [01;31m[Kmsgs_positions[m[K::msg::GnssData();
[10.670s]       |                            [01;31m[K^~~~~~~~~~~~~~[m[K
[10.692s] [01m[K/home/curry/wilson_proj/ros2-rover-ws/src/package_position_process/src/node_gnss.cpp:87:17:[m[K [01;31m[Kerror: [m[Kâ€˜[01m[Kpublisher_[m[Kâ€™ was not declared in this scope; did you mean â€˜[01m[Krmw_publisher_t[m[Kâ€™?
[10.692s]    87 |                 [01;31m[Kpublisher_[m[K->publish(msg);
[10.692s]       |                 [01;31m[K^~~~~~~~~~[m[K
[10.693s]       |                 [32m[Krmw_publisher_t[m[K
[12.362s] gmake[2]: *** [CMakeFiles/node_gnss.dir/build.make:76: CMakeFiles/node_gnss.dir/src/node_gnss.cpp.o] Error 1
[12.363s] gmake[1]: *** [CMakeFiles/Makefile2:139: CMakeFiles/node_gnss.dir/all] Error 2
[12.364s] gmake: *** [Makefile:146: all] Error 2
[12.371s] Invoked command in '/home/curry/wilson_proj/ros2-rover-ws/build/package_position_process' returned '2': CMAKE_PREFIX_PATH=/home/curry/wilson_proj/ros2-rover-ws/install/ifaces_position:/home/curry/wilson_proj/ros2-rover-ws/install/rovercon_msgs:/home/curry/wilson_proj/ros2-rover-ws/install/package_test:/home/curry/wilson_proj/ros2-rover-ws/install/package_rover_control:/home/curry/wilson_proj/ros2-rover-ws/install/package_position_process:/home/curry/wilson_proj/ros2-rover-ws/install/package_navigate_route:/home/curry/wilson_proj/ros2-rover-ws/install/package_image_process:/home/curry/wilson_proj/ros2-rover-ws/install/msgs_mainrocon:/home/curry/wilson_proj/ros2-rover-ws/install/msgs_rovercon:/home/curry/wilson_proj/ros2-rover-ws/install/msgs_positions:/home/curry/wilson_proj/ros2-rover-ws/install/action_interfaces:/opt/ros/humble LD_LIBRARY_PATH=/home/curry/wilson_proj/ros2-rover-ws/install/ifaces_position/lib:/home/curry/wilson_proj/ros2-rover-ws/install/rovercon_msgs/lib:/home/curry/wilson_proj/ros2-rover-ws/install/package_rover_control/lib:/home/curry/wilson_proj/ros2-rover-ws/install/msgs_mainrocon/lib:/home/curry/wilson_proj/ros2-rover-ws/install/msgs_rovercon/lib:/home/curry/wilson_proj/ros2-rover-ws/install/msgs_positions/lib:/home/curry/wilson_proj/ros2-rover-ws/install/action_interfaces/lib:/opt/ros/humble/opt/rviz_ogre_vendor/lib:/opt/ros/humble/lib/aarch64-linux-gnu:/opt/ros/humble/lib /usr/bin/cmake --build /home/curry/wilson_proj/ros2-rover-ws/build/package_position_process -- -j4 -l4
