[0.000000] (-) TimerEvent: {}
[0.001471] (-) JobUnselected: {'identifier': 'action_interfaces'}
[0.001685] (-) JobUnselected: {'identifier': 'mainrocon_msgs'}
[0.001954] (-) JobUnselected: {'identifier': 'package_image_process'}
[0.002041] (-) JobUnselected: {'identifier': 'package_navigate_route'}
[0.002121] (-) JobUnselected: {'identifier': 'package_position_process'}
[0.002198] (-) JobUnselected: {'identifier': 'package_rover_control'}
[0.002275] (-) JobUnselected: {'identifier': 'package_test'}
[0.002359] (rovercon_msgs) JobQueued: {'identifier': 'rovercon_msgs', 'dependencies': OrderedDict()}
[0.002443] (rovercon_msgs) JobStarted: {'identifier': 'rovercon_msgs'}
[0.044991] (rovercon_msgs) JobProgress: {'identifier': 'rovercon_msgs', 'progress': 'cmake'}
[0.048570] (rovercon_msgs) JobProgress: {'identifier': 'rovercon_msgs', 'progress': 'build'}
[0.051879] (rovercon_msgs) Command: {'cmd': ['/usr/bin/cmake', '--build', '/home/curry/wilson_proj/ros2-rover-ws/build/rovercon_msgs', '--', '-j4', '-l4'], 'cwd': '/home/curry/wilson_proj/ros2-rover-ws/build/rovercon_msgs', 'env': OrderedDict([('LESSOPEN', '| /usr/bin/lesspipe %s'), ('USER', 'curry'), ('SSH_CLIENT', '172.30.90.88 60813 22'), ('LC_TIME', 'en_US.UTF-8'), ('XDG_SESSION_TYPE', 'tty'), ('SHLVL', '1'), ('LD_LIBRARY_PATH', '/home/curry/wilson_proj/ros2-rover-ws/install/rovercon_msgs/lib:/home/curry/wilson_proj/ros2-rover-ws/install/package_rover_control/lib:/home/curry/wilson_proj/ros2-rover-ws/install/action_interfaces/lib:/opt/ros/humble/opt/rviz_ogre_vendor/lib:/opt/ros/humble/lib/aarch64-linux-gnu:/opt/ros/humble/lib'), ('MOTD_SHOWN', 'pam'), ('HOME', '/home/curry'), ('OLDPWD', '/home/curry/wilson_proj'), ('SSH_TTY', '/dev/pts/0'), ('ROS_PYTHON_VERSION', '3'), ('LC_MONETARY', 'en_US.UTF-8'), ('DBUS_SESSION_BUS_ADDRESS', 'unix:path=/run/user/1000/bus'), ('COLCON_PREFIX_PATH', '/home/curry/wilson_proj/ros2-rover-ws/install'), ('ROS_DISTRO', 'humble'), ('LOGNAME', 'curry'), ('_', '/usr/bin/colcon'), ('ROS_VERSION', '2'), ('XDG_SESSION_CLASS', 'user'), ('TERM', 'xterm-256color'), ('XDG_SESSION_ID', '489'), ('ROS_LOCALHOST_ONLY', '0'), ('PATH', '/home/curry/.local/bin:/opt/ros/humble/bin:/home/curry/.cargo/bin:/usr/local/sbin:/usr/local/bin:/usr/sbin:/usr/bin:/sbin:/bin:/usr/games:/usr/local/games:/snap/bin'), ('PAPERSIZE', 'letter'), ('LC_ADDRESS', 'en_US.UTF-8'), ('XDG_RUNTIME_DIR', '/run/user/1000'), ('LANG', 'en_US.UTF-8'), ('LC_TELEPHONE', 'en_US.UTF-8'), ('LS_COLORS', 'rs=0:di=01;34:ln=01;36:mh=00:pi=40;33:so=01;35:do=01;35:bd=40;33;01:cd=40;33;01:or=40;31;01:mi=00:su=37;41:sg=30;43:ca=30;41:tw=30;42:ow=34;42:st=37;44:ex=01;32:*.tar=01;31:*.tgz=01;31:*.arc=01;31:*.arj=01;31:*.taz=01;31:*.lha=01;31:*.lz4=01;31:*.lzh=01;31:*.lzma=01;31:*.tlz=01;31:*.txz=01;31:*.tzo=01;31:*.t7z=01;31:*.zip=01;31:*.z=01;31:*.dz=01;31:*.gz=01;31:*.lrz=01;31:*.lz=01;31:*.lzo=01;31:*.xz=01;31:*.zst=01;31:*.tzst=01;31:*.bz2=01;31:*.bz=01;31:*.tbz=01;31:*.tbz2=01;31:*.tz=01;31:*.deb=01;31:*.rpm=01;31:*.jar=01;31:*.war=01;31:*.ear=01;31:*.sar=01;31:*.rar=01;31:*.alz=01;31:*.ace=01;31:*.zoo=01;31:*.cpio=01;31:*.7z=01;31:*.rz=01;31:*.cab=01;31:*.wim=01;31:*.swm=01;31:*.dwm=01;31:*.esd=01;31:*.jpg=01;35:*.jpeg=01;35:*.mjpg=01;35:*.mjpeg=01;35:*.gif=01;35:*.bmp=01;35:*.pbm=01;35:*.pgm=01;35:*.ppm=01;35:*.tga=01;35:*.xbm=01;35:*.xpm=01;35:*.tif=01;35:*.tiff=01;35:*.png=01;35:*.svg=01;35:*.svgz=01;35:*.mng=01;35:*.pcx=01;35:*.mov=01;35:*.mpg=01;35:*.mpeg=01;35:*.m2v=01;35:*.mkv=01;35:*.webm=01;35:*.webp=01;35:*.ogm=01;35:*.mp4=01;35:*.m4v=01;35:*.mp4v=01;35:*.vob=01;35:*.qt=01;35:*.nuv=01;35:*.wmv=01;35:*.asf=01;35:*.rm=01;35:*.rmvb=01;35:*.flc=01;35:*.avi=01;35:*.fli=01;35:*.flv=01;35:*.gl=01;35:*.dl=01;35:*.xcf=01;35:*.xwd=01;35:*.yuv=01;35:*.cgm=01;35:*.emf=01;35:*.ogv=01;35:*.ogx=01;35:*.aac=00;36:*.au=00;36:*.flac=00;36:*.m4a=00;36:*.mid=00;36:*.midi=00;36:*.mka=00;36:*.mp3=00;36:*.mpc=00;36:*.ogg=00;36:*.ra=00;36:*.wav=00;36:*.oga=00;36:*.opus=00;36:*.spx=00;36:*.xspf=00;36:'), ('ROS_DOMAIN_ID', '2'), ('AMENT_PREFIX_PATH', '/home/curry/wilson_proj/ros2-rover-ws/install/rovercon_msgs:/home/curry/wilson_proj/ros2-rover-ws/install/package_test:/home/curry/wilson_proj/ros2-rover-ws/install/package_rover_control:/home/curry/wilson_proj/ros2-rover-ws/install/package_position_process:/home/curry/wilson_proj/ros2-rover-ws/install/package_navigate_route:/home/curry/wilson_proj/ros2-rover-ws/install/package_image_process:/home/curry/wilson_proj/ros2-rover-ws/install/action_interfaces:/opt/ros/humble'), ('SHELL', '/bin/bash'), ('LC_NAME', 'en_US.UTF-8'), ('LESSCLOSE', '/usr/bin/lesspipe %s %s'), ('LC_MEASUREMENT', 'en_US.UTF-8'), ('LC_IDENTIFICATION', 'en_US.UTF-8'), ('PWD', '/home/curry/wilson_proj/ros2-rover-ws/build/rovercon_msgs'), ('LC_ALL', 'en_US.UTF-8'), ('SSH_CONNECTION', '172.30.90.88 60813 172.30.81.58 22'), ('XDG_DATA_DIRS', '/usr/share/gnome:/usr/local/share:/usr/share:/var/lib/snapd/desktop'), ('PYTHONPATH', '/home/curry/wilson_proj/ros2-rover-ws/install/rovercon_msgs/local/lib/python3.10/dist-packages:/home/curry/wilson_proj/ros2-rover-ws/install/package_image_process/lib/python3.10/site-packages:/home/curry/wilson_proj/ros2-rover-ws/install/action_interfaces/lib/python3.10/site-packages:/opt/ros/humble/lib/python3.10/site-packages:/opt/ros/humble/local/lib/python3.10/dist-packages'), ('LC_NUMERIC', 'en_US.UTF-8'), ('LC_PAPER', 'en_US.UTF-8'), ('COLCON', '1'), ('CMAKE_PREFIX_PATH', '/home/curry/wilson_proj/ros2-rover-ws/install/rovercon_msgs:/home/curry/wilson_proj/ros2-rover-ws/install/package_test:/home/curry/wilson_proj/ros2-rover-ws/install/package_rover_control:/home/curry/wilson_proj/ros2-rover-ws/install/package_position_process:/home/curry/wilson_proj/ros2-rover-ws/install/package_navigate_route:/home/curry/wilson_proj/ros2-rover-ws/install/package_image_process:/home/curry/wilson_proj/ros2-rover-ws/install/action_interfaces')]), 'shell': False}
[0.098614] (-) TimerEvent: {}
[0.169634] (rovercon_msgs) StdoutLine: {'line': b'-- Found ament_cmake: 1.3.11 (/opt/ros/humble/share/ament_cmake/cmake)\n'}
[0.198916] (-) TimerEvent: {}
[0.299680] (-) TimerEvent: {}
[0.400277] (-) TimerEvent: {}
[0.500921] (-) TimerEvent: {}
[0.601537] (-) TimerEvent: {}
[0.702350] (-) TimerEvent: {}
[0.756961] (rovercon_msgs) StdoutLine: {'line': b'-- Found rovercon_msgs: 0.0.0 (/home/curry/wilson_proj/ros2-rover-ws/install/rovercon_msgs/share/rovercon_msgs/cmake)\n'}
[0.802508] (-) TimerEvent: {}
[0.903206] (-) TimerEvent: {}
[0.908592] (rovercon_msgs) StdoutLine: {'line': b'-- Found rosidl_generator_c: 3.1.6 (/opt/ros/humble/share/rosidl_generator_c/cmake)\n'}
[0.918913] (rovercon_msgs) StdoutLine: {'line': b'-- Found rosidl_adapter: 3.1.6 (/opt/ros/humble/share/rosidl_adapter/cmake)\n'}
[0.941803] (rovercon_msgs) StdoutLine: {'line': b'-- Found rosidl_generator_cpp: 3.1.6 (/opt/ros/humble/share/rosidl_generator_cpp/cmake)\n'}
[0.982336] (rovercon_msgs) StdoutLine: {'line': b'-- Using all available rosidl_typesupport_c: rosidl_typesupport_fastrtps_c;rosidl_typesupport_introspection_c\n'}
[1.003320] (-) TimerEvent: {}
[1.029581] (rovercon_msgs) StdoutLine: {'line': b'-- Using all available rosidl_typesupport_cpp: rosidl_typesupport_fastrtps_cpp;rosidl_typesupport_introspection_cpp\n'}
[1.066627] (rovercon_msgs) StdoutLine: {'line': b'-- Found rosidl_default_generators: 1.2.0 (/opt/ros/humble/share/rosidl_default_generators/cmake)\n'}
[1.103482] (-) TimerEvent: {}
[1.204582] (-) TimerEvent: {}
[1.305311] (-) TimerEvent: {}
[1.405951] (-) TimerEvent: {}
[1.506613] (-) TimerEvent: {}
[1.607284] (-) TimerEvent: {}
[1.707853] (-) TimerEvent: {}
[1.808413] (-) TimerEvent: {}
[1.887946] (rovercon_msgs) StderrLine: {'line': b"Error parsing '/home/curry/wilson_proj/ros2-rover-ws/src/rovercon_msgs/package.xml':\n"}
[1.908563] (-) TimerEvent: {}
[2.009225] (-) TimerEvent: {}
[2.074513] (rovercon_msgs) StderrLine: {'line': b'Traceback (most recent call last):\n'}
[2.075332] (rovercon_msgs) StderrLine: {'line': b'  File "/opt/ros/humble/share/ament_cmake_core/cmake/core/package_xml_2_cmake.py", line 150, in <module>\n'}
[2.075876] (rovercon_msgs) StderrLine: {'line': b'    main()\n'}
[2.077009] (rovercon_msgs) StderrLine: {'line': b'  File "/opt/ros/humble/share/ament_cmake_core/cmake/core/package_xml_2_cmake.py", line 53, in main\n'}
[2.078065] (rovercon_msgs) StderrLine: {'line': b'    raise e\n'}
[2.079105] (rovercon_msgs) StderrLine: {'line': b'  File "/opt/ros/humble/share/ament_cmake_core/cmake/core/package_xml_2_cmake.py", line 49, in main\n'}
[2.080118] (rovercon_msgs) StderrLine: {'line': b'    package = parse_package_string(\n'}
[2.081117] (rovercon_msgs) StderrLine: {'line': b'  File "/usr/lib/python3/dist-packages/catkin_pkg/package.py", line 788, in parse_package_string\n'}
[2.081923] (rovercon_msgs) StderrLine: {'line': b'    pkg.validate(warnings=warnings)\n'}
[2.082885] (rovercon_msgs) StderrLine: {'line': b'  File "/usr/lib/python3/dist-packages/catkin_pkg/package.py", line 330, in validate\n'}
[2.083717] (rovercon_msgs) StderrLine: {'line': b"    raise InvalidPackage('\\n'.join(errors), self.filename)\n"}
[2.084623] (rovercon_msgs) StderrLine: {'line': b"catkin_pkg.package.InvalidPackage: Error(s) in package '/home/curry/wilson_proj/ros2-rover-ws/src/rovercon_msgs/package.xml':\n"}
[2.085461] (rovercon_msgs) StderrLine: {'line': b'The package "rovercon_msgs" must not "build_depend" on a package with the same name as this package\n'}
[2.086271] (rovercon_msgs) StderrLine: {'line': b'The package "rovercon_msgs" must not "build_export_depend" on a package with the same name as this package\n'}
[2.087216] (rovercon_msgs) StderrLine: {'line': b'The package "rovercon_msgs" must not "exec_depend" on a package with the same name as this package\n'}
[2.109568] (-) TimerEvent: {}
[2.158046] (rovercon_msgs) StderrLine: {'line': b'\x1b[31mCMake Error at /opt/ros/humble/share/ament_cmake_core/cmake/core/ament_package_xml.cmake:95 (message):\n'}
[2.158668] (rovercon_msgs) StderrLine: {'line': b'  execute_process(/usr/bin/python3\n'}
[2.159021] (rovercon_msgs) StderrLine: {'line': b'  /opt/ros/humble/share/ament_cmake_core/cmake/core/package_xml_2_cmake.py\n'}
[2.159552] (rovercon_msgs) StderrLine: {'line': b'  /home/curry/wilson_proj/ros2-rover-ws/src/rovercon_msgs/package.xml\n'}
[2.159858] (rovercon_msgs) StderrLine: {'line': b'  /home/curry/wilson_proj/ros2-rover-ws/build/rovercon_msgs/ament_cmake_core/package.cmake)\n'}
[2.160134] (rovercon_msgs) StderrLine: {'line': b'  returned error code 1\n'}
[2.160425] (rovercon_msgs) StderrLine: {'line': b'Call Stack (most recent call first):\n'}
[2.160708] (rovercon_msgs) StderrLine: {'line': b'  /opt/ros/humble/share/ament_cmake_core/cmake/core/ament_package_xml.cmake:49 (_ament_package_xml)\n'}
[2.161025] (rovercon_msgs) StderrLine: {'line': b'  /opt/ros/humble/share/rosidl_cmake/cmake/rosidl_generate_interfaces.cmake:226 (ament_package_xml)\n'}
[2.161286] (rovercon_msgs) StderrLine: {'line': b'  CMakeLists.txt:14 (rosidl_generate_interfaces)\n'}
[2.161540] (rovercon_msgs) StderrLine: {'line': b'\n'}
[2.161801] (rovercon_msgs) StderrLine: {'line': b'\x1b[0m\n'}
[2.162081] (rovercon_msgs) StdoutLine: {'line': b'-- Configuring incomplete, errors occurred!\n'}
[2.162393] (rovercon_msgs) StdoutLine: {'line': b'See also "/home/curry/wilson_proj/ros2-rover-ws/build/rovercon_msgs/CMakeFiles/CMakeOutput.log".\n'}
[2.181421] (rovercon_msgs) StderrLine: {'line': b'gmake: *** [Makefile:747: cmake_check_build_system] Error 1\n'}
[2.187402] (rovercon_msgs) CommandEnded: {'returncode': 2}
[2.188477] (rovercon_msgs) JobEnded: {'identifier': 'rovercon_msgs', 'rc': 2}
[2.199105] (-) EventReactorShutdown: {}
