[0.173s] Invoking command in '/home/curry/wilson_proj/ros2-rover-ws/build/package_position_process': CMAKE_PREFIX_PATH=${CMAKE_PREFIX_PATH}:/opt/ros/humble /usr/bin/cmake --build /home/curry/wilson_proj/ros2-rover-ws/build/package_position_process -- -j4 -l4
[0.502s] [35m[1mConsolidate compiler generated dependencies of target node_position_process[0m
[0.669s] [ 50%] Built target node_gnss
[0.730s] [ 75%] [32mBuilding CXX object CMakeFiles/node_position_process.dir/src/node_pose_proc.cpp.o[0m
[12.765s] [01m[K/home/curry/wilson_proj/ros2-rover-ws/src/package_position_process/src/node_pose_proc.cpp:32:39:[m[K [01;31m[Kerror: [m[Kâ€˜[01m[Kmsg[m[Kâ€™ is not a member of â€˜[01m[Kservice_ifaces[m[Kâ€™
[12.766s]    32 |     rclcpp::Publisher<service_ifaces::[01;31m[Kmsg[m[K::GnssData>::SharedPtr publisher_;
[12.767s]       |                                       [01;31m[K^~~[m[K
[12.767s] [01m[K/home/curry/wilson_proj/ros2-rover-ws/src/package_position_process/src/node_pose_proc.cpp:32:39:[m[K [01;36m[Knote: [m[Ksuggested alternatives:
[12.767s] In file included from [01m[K/opt/ros/humble/include/builtin_interfaces/builtin_interfaces/msg/duration.hpp:7[m[K,
[12.768s]                  from [01m[K/opt/ros/humble/include/rclcpp/rclcpp/duration.hpp:20[m[K,
[12.768s]                  from [01m[K/opt/ros/humble/include/rclcpp/rclcpp/qos.hpp:20[m[K,
[12.768s]                  from [01m[K/opt/ros/humble/include/rclcpp/rclcpp/node_interfaces/node_graph_interface.hpp:32[m[K,
[12.769s]                  from [01m[K/opt/ros/humble/include/rclcpp/rclcpp/client.hpp:42[m[K,
[12.769s]                  from [01m[K/opt/ros/humble/include/rclcpp/rclcpp/callback_group.hpp:24[m[K,
[12.769s]                  from [01m[K/opt/ros/humble/include/rclcpp/rclcpp/any_executable.hpp:20[m[K,
[12.769s]                  from [01m[K/opt/ros/humble/include/rclcpp/rclcpp/memory_strategy.hpp:25[m[K,
[12.770s]                  from [01m[K/opt/ros/humble/include/rclcpp/rclcpp/memory_strategies.hpp:18[m[K,
[12.770s]                  from [01m[K/opt/ros/humble/include/rclcpp/rclcpp/executor_options.hpp:20[m[K,
[12.771s]                  from [01m[K/opt/ros/humble/include/rclcpp/rclcpp/executor.hpp:37[m[K,
[12.771s]                  from [01m[K/opt/ros/humble/include/rclcpp/rclcpp/executors/multi_threaded_executor.hpp:25[m[K,
[12.771s]                  from [01m[K/opt/ros/humble/include/rclcpp/rclcpp/executors.hpp:21[m[K,
[12.772s]                  from [01m[K/opt/ros/humble/include/rclcpp/rclcpp/rclcpp.hpp:155[m[K,
[12.772s]                  from [01m[K/home/curry/wilson_proj/ros2-rover-ws/src/package_position_process/src/node_pose_proc.cpp:1[m[K:
[12.773s] [01m[K/opt/ros/humble/include/builtin_interfaces/builtin_interfaces/msg/detail/duration__struct.hpp:27:11:[m[K [01;36m[Knote: [m[K  â€˜[01m[Kbuiltin_interfaces::msg[m[Kâ€™
[12.773s]    27 | namespace [01;36m[Kmsg[m[K
[12.773s]       |           [01;36m[K^~~[m[K
[12.774s] In file included from [01m[K/opt/ros/humble/include/rcl_interfaces/rcl_interfaces/msg/set_parameters_result.hpp:7[m[K,
[12.774s]                  from [01m[K/opt/ros/humble/include/rclcpp/rclcpp/qos_overriding_options.hpp:28[m[K,
[12.775s]                  from [01m[K/opt/ros/humble/include/rclcpp/rclcpp/subscription_options.hpp:30[m[K,
[12.775s]                  from [01m[K/opt/ros/humble/include/rclcpp/rclcpp/subscription.hpp:45[m[K,
[12.775s]                  from [01m[K/opt/ros/humble/include/rclcpp/rclcpp/any_executable.hpp:25[m[K,
[12.776s]                  from [01m[K/opt/ros/humble/include/rclcpp/rclcpp/memory_strategy.hpp:25[m[K,
[12.776s]                  from [01m[K/opt/ros/humble/include/rclcpp/rclcpp/memory_strategies.hpp:18[m[K,
[12.776s]                  from [01m[K/opt/ros/humble/include/rclcpp/rclcpp/executor_options.hpp:20[m[K,
[12.777s]                  from [01m[K/opt/ros/humble/include/rclcpp/rclcpp/executor.hpp:37[m[K,
[12.777s]                  from [01m[K/opt/ros/humble/include/rclcpp/rclcpp/executors/multi_threaded_executor.hpp:25[m[K,
[12.777s]                  from [01m[K/opt/ros/humble/include/rclcpp/rclcpp/executors.hpp:21[m[K,
[12.778s]                  from [01m[K/opt/ros/humble/include/rclcpp/rclcpp/rclcpp.hpp:155[m[K,
[12.778s]                  from [01m[K/home/curry/wilson_proj/ros2-rover-ws/src/package_position_process/src/node_pose_proc.cpp:1[m[K:
[12.778s] [01m[K/opt/ros/humble/include/rcl_interfaces/rcl_interfaces/msg/detail/set_parameters_result__struct.hpp:27:11:[m[K [01;36m[Knote: [m[K  â€˜[01m[Krcl_interfaces::msg[m[Kâ€™
[12.779s]    27 | namespace [01;36m[Kmsg[m[K
[12.779s]       |           [01;36m[K^~~[m[K
[12.779s] In file included from [01m[K/opt/ros/humble/include/statistics_msgs/statistics_msgs/msg/detail/metrics_message__struct.hpp:23[m[K,
[12.780s]                  from [01m[K/opt/ros/humble/include/statistics_msgs/statistics_msgs/msg/metrics_message.hpp:7[m[K,
[12.780s]                  from [01m[K/opt/ros/humble/include/libstatistics_collector/libstatistics_collector/collector/generate_statistics_message.hpp:21[m[K,
[12.780s]                  from [01m[K/opt/ros/humble/include/rclcpp/rclcpp/topic_statistics/subscription_topic_statistics.hpp:23[m[K,
[12.781s]                  from [01m[K/opt/ros/humble/include/rclcpp/rclcpp/subscription.hpp:50[m[K,
[12.781s]                  from [01m[K/opt/ros/humble/include/rclcpp/rclcpp/any_executable.hpp:25[m[K,
[12.781s]                  from [01m[K/opt/ros/humble/include/rclcpp/rclcpp/memory_strategy.hpp:25[m[K,
[12.782s]                  from [01m[K/opt/ros/humble/include/rclcpp/rclcpp/memory_strategies.hpp:18[m[K,
[12.782s]                  from [01m[K/opt/ros/humble/include/rclcpp/rclcpp/executor_options.hpp:20[m[K,
[12.782s]                  from [01m[K/opt/ros/humble/include/rclcpp/rclcpp/executor.hpp:37[m[K,
[12.783s]                  from [01m[K/opt/ros/humble/include/rclcpp/rclcpp/executors/multi_threaded_executor.hpp:25[m[K,
[12.783s]                  from [01m[K/opt/ros/humble/include/rclcpp/rclcpp/executors.hpp:21[m[K,
[12.783s]                  from [01m[K/opt/ros/humble/include/rclcpp/rclcpp/rclcpp.hpp:155[m[K,
[12.784s]                  from [01m[K/home/curry/wilson_proj/ros2-rover-ws/src/package_position_process/src/node_pose_proc.cpp:1[m[K:
[12.784s] [01m[K/opt/ros/humble/include/statistics_msgs/statistics_msgs/msg/detail/statistic_data_point__struct.hpp:27:11:[m[K [01;36m[Knote: [m[K  â€˜[01m[Kstatistics_msgs::msg[m[Kâ€™
[12.784s]    27 | namespace [01;36m[Kmsg[m[K
[12.785s]       |           [01;36m[K^~~[m[K
[12.785s] In file included from [01m[K/opt/ros/humble/include/std_msgs/std_msgs/msg/string.hpp:7[m[K,
[12.785s]                  from [01m[K/home/curry/wilson_proj/ros2-rover-ws/src/package_position_process/src/node_pose_proc.cpp:2[m[K:
[12.786s] [01m[K/opt/ros/humble/include/std_msgs/std_msgs/msg/detail/string__struct.hpp:27:11:[m[K [01;36m[Knote: [m[K  â€˜[01m[Kstd_msgs::msg[m[Kâ€™
[12.786s]    27 | namespace [01;36m[Kmsg[m[K
[12.786s]       |           [01;36m[K^~~[m[K
[12.787s] In file included from [01m[K/home/curry/wilson_proj/ros2-rover-ws/install/msgs_ifaces/include/msgs_ifaces/msgs_ifaces/msg/gnss_data.hpp:7[m[K,
[12.787s]                  from [01m[K/home/curry/wilson_proj/ros2-rover-ws/src/package_position_process/src/node_pose_proc.cpp:4[m[K:
[12.787s] [01m[K/home/curry/wilson_proj/ros2-rover-ws/install/msgs_ifaces/include/msgs_ifaces/msgs_ifaces/msg/detail/gnss_data__struct.hpp:27:11:[m[K [01;36m[Knote: [m[K  â€˜[01m[Kmsgs_ifaces::msg[m[Kâ€™
[12.788s]    27 | namespace [01;36m[Kmsg[m[K
[12.788s]       |           [01;36m[K^~~[m[K
[12.788s] [01m[K/home/curry/wilson_proj/ros2-rover-ws/src/package_position_process/src/node_pose_proc.cpp:32:52:[m[K [01;31m[Kerror: [m[Ktemplate argument 1 is invalid
[12.789s]    32 |     rclcpp::Publisher<service_ifaces::msg::GnssData[01;31m[K>[m[K::SharedPtr publisher_;
[12.789s]       |                                                    [01;31m[K^[m[K
[12.789s] [01m[K/home/curry/wilson_proj/ros2-rover-ws/src/package_position_process/src/node_pose_proc.cpp:32:55:[m[K [01;31m[Kerror: [m[Kexpected â€˜[01m[K;[m[Kâ€™ at end of member declaration
[12.790s]    32 |     rclcpp::Publisher<service_ifaces::msg::GnssData>::[01;31m[KSharedPtr[m[K publisher_;
[12.790s]       |                                                       [01;31m[K^~~~~~~~~[m[K
[12.790s]       |                                                                [32m[K;[m[K
[12.791s] [01m[K/home/curry/wilson_proj/ros2-rover-ws/src/package_position_process/src/node_pose_proc.cpp:32:65:[m[K [01;31m[Kerror: [m[Kâ€˜[01m[Kpublisher_[m[Kâ€™ does not name a type; did you mean â€˜[01m[Krmw_publisher_t[m[Kâ€™?
[12.791s]    32 |     rclcpp::Publisher<service_ifaces::msg::GnssData>::SharedPtr [01;31m[Kpublisher_[m[K;
[12.792s]       |                                                                 [01;31m[K^~~~~~~~~~[m[K
[12.792s]       |                                                                 [32m[Krmw_publisher_t[m[K
[12.792s] [01m[K/home/curry/wilson_proj/ros2-rover-ws/src/package_position_process/src/node_pose_proc.cpp:35:21:[m[K [01;31m[Kerror: [m[Kâ€˜[01m[Kmsg[m[Kâ€™ in namespace â€˜[01m[Kservice_ifaces[m[Kâ€™ does not name a type
[12.793s]    35 |     service_ifaces::[01;31m[Kmsg[m[K::GnssData cur_pose_msg_;
[12.793s]       |                     [01;31m[K^~~[m[K
[12.907s] [01m[K/home/curry/wilson_proj/ros2-rover-ws/src/package_position_process/src/node_pose_proc.cpp:[m[K In member function â€˜[01m[Kvoid PoseProcessor::topic_cur_callback(msgs_ifaces::msg::GnssData_<std::allocator<void> >::SharedPtr)[m[Kâ€™:
[12.907s] [01m[K/home/curry/wilson_proj/ros2-rover-ws/src/package_position_process/src/node_pose_proc.cpp:54:9:[m[K [01;31m[Kerror: [m[Kâ€˜[01m[Kcur_pose_msg_[m[Kâ€™ was not declared in this scope; did you mean â€˜[01m[Kcur_pose_sub_[m[Kâ€™?
[12.908s]    54 |         [01;31m[Kcur_pose_msg_[m[K.date = msg->date;
[12.908s]       |         [01;31m[K^~~~~~~~~~~~~[m[K
[12.908s]       |         [32m[Kcur_pose_sub_[m[K
[12.933s] [01m[K/home/curry/wilson_proj/ros2-rover-ws/src/package_position_process/src/node_pose_proc.cpp:[m[K In member function â€˜[01m[Kvoid PoseProcessor::processData()[m[Kâ€™:
[12.933s] [01m[K/home/curry/wilson_proj/ros2-rover-ws/src/package_position_process/src/node_pose_proc.cpp:87:13:[m[K [01;31m[Kerror: [m[Kâ€˜[01m[Kcur_pose_msg_[m[Kâ€™ was not declared in this scope; did you mean â€˜[01m[Kcur_pose_sub_[m[Kâ€™?
[12.933s]    87 |         if ([01;31m[Kcur_pose_msg_[m[K.latitude == 0.0 && cur_pose_msg_.longitude == 0.0) {
[12.934s]       |             [01;31m[K^~~~~~~~~~~~~[m[K
[12.934s]       |             [32m[Kcur_pose_sub_[m[K
[12.956s] [01m[K/home/curry/wilson_proj/ros2-rover-ws/src/package_position_process/src/node_pose_proc.cpp:91:46:[m[K [01;31m[Kerror: [m[Kâ€˜[01m[Kcur_pose_msg_[m[Kâ€™ was not declared in this scope; did you mean â€˜[01m[Kcur_pose_sub_[m[Kâ€™?
[12.956s]    91 |         double distance = haversine_distance([01;31m[Kcur_pose_msg_[m[K.latitude, cur_pose_msg_.longitude, des_lat_, des_long_);
[12.957s]       |                                              [01;31m[K^~~~~~~~~~~~~[m[K
[12.957s]       |                                              [32m[Kcur_pose_sub_[m[K
[21.855s] gmake[2]: *** [CMakeFiles/node_position_process.dir/build.make:76: CMakeFiles/node_position_process.dir/src/node_pose_proc.cpp.o] Error 1
[21.856s] gmake[1]: *** [CMakeFiles/Makefile2:165: CMakeFiles/node_position_process.dir/all] Error 2
[21.857s] gmake: *** [Makefile:146: all] Error 2
[21.863s] Invoked command in '/home/curry/wilson_proj/ros2-rover-ws/build/package_position_process' returned '2': CMAKE_PREFIX_PATH=${CMAKE_PREFIX_PATH}:/opt/ros/humble /usr/bin/cmake --build /home/curry/wilson_proj/ros2-rover-ws/build/package_position_process -- -j4 -l4
