[0.000000] (-) TimerEvent: {}
[0.000849] (-) JobUnselected: {'identifier': 'action_interfaces'}
[0.001192] (-) JobUnselected: {'identifier': 'mainrocon_msgs'}
[0.001352] (-) JobUnselected: {'identifier': 'package_image_process'}
[0.001443] (-) JobUnselected: {'identifier': 'package_navigate_route'}
[0.001519] (-) JobUnselected: {'identifier': 'package_position_process'}
[0.001596] (-) JobUnselected: {'identifier': 'package_rover_control'}
[0.001670] (-) JobUnselected: {'identifier': 'package_test'}
[0.001753] (rovercon_msgs) JobQueued: {'identifier': 'rovercon_msgs', 'dependencies': OrderedDict()}
[0.001839] (rovercon_msgs) JobStarted: {'identifier': 'rovercon_msgs'}
[0.042294] (rovercon_msgs) JobProgress: {'identifier': 'rovercon_msgs', 'progress': 'cmake'}
[0.045423] (rovercon_msgs) JobProgress: {'identifier': 'rovercon_msgs', 'progress': 'build'}
[0.048229] (rovercon_msgs) Command: {'cmd': ['/usr/bin/cmake', '--build', '/home/curry/wilson_proj/ros2-rover-ws/build/rovercon_msgs', '--', '-j4', '-l4'], 'cwd': '/home/curry/wilson_proj/ros2-rover-ws/build/rovercon_msgs', 'env': OrderedDict([('LESSOPEN', '| /usr/bin/lesspipe %s'), ('USER', 'curry'), ('SSH_CLIENT', '172.30.90.88 60813 22'), ('LC_TIME', 'en_US.UTF-8'), ('XDG_SESSION_TYPE', 'tty'), ('SHLVL', '1'), ('LD_LIBRARY_PATH', '/home/curry/wilson_proj/ros2-rover-ws/install/rovercon_msgs/lib:/home/curry/wilson_proj/ros2-rover-ws/install/package_rover_control/lib:/home/curry/wilson_proj/ros2-rover-ws/install/action_interfaces/lib:/opt/ros/humble/opt/rviz_ogre_vendor/lib:/opt/ros/humble/lib/aarch64-linux-gnu:/opt/ros/humble/lib'), ('MOTD_SHOWN', 'pam'), ('HOME', '/home/curry'), ('OLDPWD', '/home/curry/wilson_proj'), ('SSH_TTY', '/dev/pts/0'), ('ROS_PYTHON_VERSION', '3'), ('LC_MONETARY', 'en_US.UTF-8'), ('DBUS_SESSION_BUS_ADDRESS', 'unix:path=/run/user/1000/bus'), ('COLCON_PREFIX_PATH', '/home/curry/wilson_proj/ros2-rover-ws/install'), ('ROS_DISTRO', 'humble'), ('LOGNAME', 'curry'), ('_', '/usr/bin/colcon'), ('ROS_VERSION', '2'), ('XDG_SESSION_CLASS', 'user'), ('TERM', 'xterm-256color'), ('XDG_SESSION_ID', '489'), ('ROS_LOCALHOST_ONLY', '0'), ('PATH', '/home/curry/.local/bin:/opt/ros/humble/bin:/home/curry/.cargo/bin:/usr/local/sbin:/usr/local/bin:/usr/sbin:/usr/bin:/sbin:/bin:/usr/games:/usr/local/games:/snap/bin'), ('PAPERSIZE', 'letter'), ('LC_ADDRESS', 'en_US.UTF-8'), ('XDG_RUNTIME_DIR', '/run/user/1000'), ('LANG', 'en_US.UTF-8'), ('LC_TELEPHONE', 'en_US.UTF-8'), ('LS_COLORS', 'rs=0:di=01;34:ln=01;36:mh=00:pi=40;33:so=01;35:do=01;35:bd=40;33;01:cd=40;33;01:or=40;31;01:mi=00:su=37;41:sg=30;43:ca=30;41:tw=30;42:ow=34;42:st=37;44:ex=01;32:*.tar=01;31:*.tgz=01;31:*.arc=01;31:*.arj=01;31:*.taz=01;31:*.lha=01;31:*.lz4=01;31:*.lzh=01;31:*.lzma=01;31:*.tlz=01;31:*.txz=01;31:*.tzo=01;31:*.t7z=01;31:*.zip=01;31:*.z=01;31:*.dz=01;31:*.gz=01;31:*.lrz=01;31:*.lz=01;31:*.lzo=01;31:*.xz=01;31:*.zst=01;31:*.tzst=01;31:*.bz2=01;31:*.bz=01;31:*.tbz=01;31:*.tbz2=01;31:*.tz=01;31:*.deb=01;31:*.rpm=01;31:*.jar=01;31:*.war=01;31:*.ear=01;31:*.sar=01;31:*.rar=01;31:*.alz=01;31:*.ace=01;31:*.zoo=01;31:*.cpio=01;31:*.7z=01;31:*.rz=01;31:*.cab=01;31:*.wim=01;31:*.swm=01;31:*.dwm=01;31:*.esd=01;31:*.jpg=01;35:*.jpeg=01;35:*.mjpg=01;35:*.mjpeg=01;35:*.gif=01;35:*.bmp=01;35:*.pbm=01;35:*.pgm=01;35:*.ppm=01;35:*.tga=01;35:*.xbm=01;35:*.xpm=01;35:*.tif=01;35:*.tiff=01;35:*.png=01;35:*.svg=01;35:*.svgz=01;35:*.mng=01;35:*.pcx=01;35:*.mov=01;35:*.mpg=01;35:*.mpeg=01;35:*.m2v=01;35:*.mkv=01;35:*.webm=01;35:*.webp=01;35:*.ogm=01;35:*.mp4=01;35:*.m4v=01;35:*.mp4v=01;35:*.vob=01;35:*.qt=01;35:*.nuv=01;35:*.wmv=01;35:*.asf=01;35:*.rm=01;35:*.rmvb=01;35:*.flc=01;35:*.avi=01;35:*.fli=01;35:*.flv=01;35:*.gl=01;35:*.dl=01;35:*.xcf=01;35:*.xwd=01;35:*.yuv=01;35:*.cgm=01;35:*.emf=01;35:*.ogv=01;35:*.ogx=01;35:*.aac=00;36:*.au=00;36:*.flac=00;36:*.m4a=00;36:*.mid=00;36:*.midi=00;36:*.mka=00;36:*.mp3=00;36:*.mpc=00;36:*.ogg=00;36:*.ra=00;36:*.wav=00;36:*.oga=00;36:*.opus=00;36:*.spx=00;36:*.xspf=00;36:'), ('ROS_DOMAIN_ID', '2'), ('AMENT_PREFIX_PATH', '/home/curry/wilson_proj/ros2-rover-ws/install/rovercon_msgs:/home/curry/wilson_proj/ros2-rover-ws/install/package_test:/home/curry/wilson_proj/ros2-rover-ws/install/package_rover_control:/home/curry/wilson_proj/ros2-rover-ws/install/package_position_process:/home/curry/wilson_proj/ros2-rover-ws/install/package_navigate_route:/home/curry/wilson_proj/ros2-rover-ws/install/package_image_process:/home/curry/wilson_proj/ros2-rover-ws/install/action_interfaces:/opt/ros/humble'), ('SHELL', '/bin/bash'), ('LC_NAME', 'en_US.UTF-8'), ('LESSCLOSE', '/usr/bin/lesspipe %s %s'), ('LC_MEASUREMENT', 'en_US.UTF-8'), ('LC_IDENTIFICATION', 'en_US.UTF-8'), ('PWD', '/home/curry/wilson_proj/ros2-rover-ws/build/rovercon_msgs'), ('LC_ALL', 'en_US.UTF-8'), ('SSH_CONNECTION', '172.30.90.88 60813 172.30.81.58 22'), ('XDG_DATA_DIRS', '/usr/share/gnome:/usr/local/share:/usr/share:/var/lib/snapd/desktop'), ('PYTHONPATH', '/home/curry/wilson_proj/ros2-rover-ws/install/rovercon_msgs/local/lib/python3.10/dist-packages:/home/curry/wilson_proj/ros2-rover-ws/install/package_image_process/lib/python3.10/site-packages:/home/curry/wilson_proj/ros2-rover-ws/install/action_interfaces/lib/python3.10/site-packages:/opt/ros/humble/lib/python3.10/site-packages:/opt/ros/humble/local/lib/python3.10/dist-packages'), ('LC_NUMERIC', 'en_US.UTF-8'), ('LC_PAPER', 'en_US.UTF-8'), ('COLCON', '1'), ('CMAKE_PREFIX_PATH', '/home/curry/wilson_proj/ros2-rover-ws/install/rovercon_msgs:/home/curry/wilson_proj/ros2-rover-ws/install/package_test:/home/curry/wilson_proj/ros2-rover-ws/install/package_rover_control:/home/curry/wilson_proj/ros2-rover-ws/install/package_position_process:/home/curry/wilson_proj/ros2-rover-ws/install/package_navigate_route:/home/curry/wilson_proj/ros2-rover-ws/install/package_image_process:/home/curry/wilson_proj/ros2-rover-ws/install/action_interfaces')]), 'shell': False}
[0.098019] (-) TimerEvent: {}
[0.164516] (rovercon_msgs) StdoutLine: {'line': b'-- Found ament_cmake: 1.3.11 (/opt/ros/humble/share/ament_cmake/cmake)\n'}
[0.198328] (-) TimerEvent: {}
[0.299141] (-) TimerEvent: {}
[0.400026] (-) TimerEvent: {}
[0.501107] (-) TimerEvent: {}
[0.601762] (-) TimerEvent: {}
[0.702526] (-) TimerEvent: {}
[0.752601] (rovercon_msgs) StdoutLine: {'line': b'-- Found rovercon_msgs: 0.0.0 (/home/curry/wilson_proj/ros2-rover-ws/install/rovercon_msgs/share/rovercon_msgs/cmake)\n'}
[0.802674] (-) TimerEvent: {}
[0.903315] (-) TimerEvent: {}
[0.904061] (rovercon_msgs) StdoutLine: {'line': b'-- Found rosidl_generator_c: 3.1.6 (/opt/ros/humble/share/rosidl_generator_c/cmake)\n'}
[0.914410] (rovercon_msgs) StdoutLine: {'line': b'-- Found rosidl_adapter: 3.1.6 (/opt/ros/humble/share/rosidl_adapter/cmake)\n'}
[0.937306] (rovercon_msgs) StdoutLine: {'line': b'-- Found rosidl_generator_cpp: 3.1.6 (/opt/ros/humble/share/rosidl_generator_cpp/cmake)\n'}
[0.977140] (rovercon_msgs) StdoutLine: {'line': b'-- Using all available rosidl_typesupport_c: rosidl_typesupport_fastrtps_c;rosidl_typesupport_introspection_c\n'}
[1.003521] (-) TimerEvent: {}
[1.024371] (rovercon_msgs) StdoutLine: {'line': b'-- Using all available rosidl_typesupport_cpp: rosidl_typesupport_fastrtps_cpp;rosidl_typesupport_introspection_cpp\n'}
[1.060875] (rovercon_msgs) StdoutLine: {'line': b'-- Found rosidl_default_generators: 1.2.0 (/opt/ros/humble/share/rosidl_default_generators/cmake)\n'}
[1.103723] (-) TimerEvent: {}
[1.204434] (-) TimerEvent: {}
[1.305122] (-) TimerEvent: {}
[1.405764] (-) TimerEvent: {}
[1.506502] (-) TimerEvent: {}
[1.607133] (-) TimerEvent: {}
[1.707840] (-) TimerEvent: {}
[1.808660] (-) TimerEvent: {}
[1.858420] (rovercon_msgs) StderrLine: {'line': b'\x1b[31mCMake Error at /opt/ros/humble/share/rosidl_adapter/cmake/rosidl_adapt_interfaces.cmake:59 (message):\n'}
[1.859614] (rovercon_msgs) StderrLine: {'line': b'  execute_process(/usr/bin/python3 -m rosidl_adapter --package-name\n'}
[1.860057] (rovercon_msgs) StderrLine: {'line': b'  rovercon_msgs --arguments-file\n'}
[1.860343] (rovercon_msgs) StderrLine: {'line': b'  /home/curry/wilson_proj/ros2-rover-ws/build/rovercon_msgs/rosidl_adapter__arguments__rovercon_msgs.json\n'}
[1.860626] (rovercon_msgs) StderrLine: {'line': b'  --output-dir\n'}
[1.860974] (rovercon_msgs) StderrLine: {'line': b'  /home/curry/wilson_proj/ros2-rover-ws/build/rovercon_msgs/rosidl_adapter/rovercon_msgs\n'}
[1.861298] (rovercon_msgs) StderrLine: {'line': b'  --output-file\n'}
[1.861571] (rovercon_msgs) StderrLine: {'line': b'  /home/curry/wilson_proj/ros2-rover-ws/build/rovercon_msgs/rosidl_adapter/rovercon_msgs.idls)\n'}
[1.861831] (rovercon_msgs) StderrLine: {'line': b'  returned error code 1:\n'}
[1.862098] (rovercon_msgs) StderrLine: {'line': b'\n'}
[1.862376] (rovercon_msgs) StderrLine: {'line': b"  Error processing 'rovercon_msgs/msg/Rocon mainrocon_msg' of\n"}
[1.862658] (rovercon_msgs) StderrLine: {'line': b"  'rovercon_msgs/MainRocon': 'rovercon_msgs/msg/Rocon'\n"}
[1.862949] (rovercon_msgs) StderrLine: {'line': b'\n'}
[1.863253] (rovercon_msgs) StderrLine: {'line': b'  Traceback (most recent call last):\n'}
[1.864130] (rovercon_msgs) StderrLine: {'line': b'\n'}
[1.864514] (rovercon_msgs) StderrLine: {'line': b'    File "/usr/lib/python3.10/runpy.py", line 196, in _run_module_as_main\n'}
[1.864841] (rovercon_msgs) StderrLine: {'line': b'      return _run_code(code, main_globals, None,\n'}
[1.865265] (rovercon_msgs) StderrLine: {'line': b'    File "/usr/lib/python3.10/runpy.py", line 86, in _run_code\n'}
[1.865779] (rovercon_msgs) StderrLine: {'line': b'      exec(code, run_globals)\n'}
[1.866582] (rovercon_msgs) StderrLine: {'line': b'    File "/opt/ros/humble/local/lib/python3.10/dist-packages/rosidl_adapter/__main__.py", line 19, in <module>\n'}
[1.867105] (rovercon_msgs) StderrLine: {'line': b'      sys.exit(main())\n'}
[1.867660] (rovercon_msgs) StderrLine: {'line': b'    File "/opt/ros/humble/local/lib/python3.10/dist-packages/rosidl_adapter/main.py", line 53, in main\n'}
[1.868201] (rovercon_msgs) StderrLine: {'line': b'      abs_idl_file = convert_to_idl(\n'}
[1.868797] (rovercon_msgs) StderrLine: {'line': b'    File "/opt/ros/humble/local/lib/python3.10/dist-packages/rosidl_adapter/__init__.py", line 19, in convert_to_idl\n'}
[1.869426] (rovercon_msgs) StderrLine: {'line': b'      return convert_msg_to_idl(\n'}
[1.870152] (rovercon_msgs) StderrLine: {'line': b'    File "/opt/ros/humble/local/lib/python3.10/dist-packages/rosidl_adapter/msg/__init__.py", line 28, in convert_msg_to_idl\n'}
[1.871430] (rovercon_msgs) StderrLine: {'line': b'      msg = parse_message_string(package_name, input_file.stem, content)\n'}
[1.872736] (rovercon_msgs) StderrLine: {'line': b'    File "/opt/ros/humble/local/lib/python3.10/dist-packages/rosidl_adapter/parser.py", line 520, in parse_message_string\n'}
[1.873935] (rovercon_msgs) StderrLine: {'line': b'      Type(type_string, context_package_name=pkg_name),\n'}
[1.875431] (rovercon_msgs) StderrLine: {'line': b'    File "/opt/ros/humble/local/lib/python3.10/dist-packages/rosidl_adapter/parser.py", line 277, in __init__\n'}
[1.876595] (rovercon_msgs) StderrLine: {'line': b'      super(Type, self).__init__(\n'}
[1.878238] (rovercon_msgs) StderrLine: {'line': b'    File "/opt/ros/humble/local/lib/python3.10/dist-packages/rosidl_adapter/parser.py", line 190, in __init__\n'}
[1.879028] (rovercon_msgs) StderrLine: {'line': b'      raise InvalidResourceName(type_string)\n'}
[1.879407] (rovercon_msgs) StderrLine: {'line': b'\n'}
[1.879755] (rovercon_msgs) StderrLine: {'line': b'  rosidl_adapter.parser.InvalidResourceName: rovercon_msgs/msg/Rocon\n'}
[1.880047] (rovercon_msgs) StderrLine: {'line': b'\n'}
[1.880369] (rovercon_msgs) StderrLine: {'line': b'Call Stack (most recent call first):\n'}
[1.880646] (rovercon_msgs) StderrLine: {'line': b'  /opt/ros/humble/share/rosidl_cmake/cmake/rosidl_generate_interfaces.cmake:130 (rosidl_adapt_interfaces)\n'}
[1.880910] (rovercon_msgs) StderrLine: {'line': b'  CMakeLists.txt:14 (rosidl_generate_interfaces)\n'}
[1.881191] (rovercon_msgs) StderrLine: {'line': b'\n'}
[1.881509] (rovercon_msgs) StderrLine: {'line': b'\x1b[0m\n'}
[1.881816] (rovercon_msgs) StdoutLine: {'line': b'-- Configuring incomplete, errors occurred!\n'}
[1.882138] (rovercon_msgs) StdoutLine: {'line': b'See also "/home/curry/wilson_proj/ros2-rover-ws/build/rovercon_msgs/CMakeFiles/CMakeOutput.log".\n'}
[1.883961] (rovercon_msgs) StderrLine: {'line': b'gmake: *** [Makefile:747: cmake_check_build_system] Error 1\n'}
[1.890253] (rovercon_msgs) CommandEnded: {'returncode': 2}
[1.891657] (rovercon_msgs) JobEnded: {'identifier': 'rovercon_msgs', 'rc': 2}
[1.902057] (-) EventReactorShutdown: {}
