[35m[1mConsolidate compiler generated dependencies of target node_command[0m
[ 33%] Built target motorcontrol
[ 66%] Built target node_motor_control
[ 83%] [32mBuilding CXX object CMakeFiles/node_command.dir/src/node_command.cpp.o[0m
[01m[K/home/yupi/rover_proj/ros2-base-ws/src/package_base_command/src/node_command.cpp:[m[K In member function â€˜[01m[Krcl_interfaces::msg::SetParametersResult Node_Command::on_parameter_change(const std::vector<rclcpp::Parameter>&)[m[Kâ€™:
[01m[K/home/yupi/rover_proj/ros2-base-ws/src/package_base_command/src/node_command.cpp:44:17:[m[K [01;31m[Kerror: [m[Kâ€˜[01m[Ktest_text_[m[Kâ€™ was not declared in this scope; did you mean â€˜[01m[Kgettext[m[Kâ€™?
   44 |                 [01;31m[Ktest_text_[m[K = param.as_string();
      |                 [01;31m[K^~~~~~~~~~[m[K
      |                 [32m[Kgettext[m[K
[01m[K/home/yupi/rover_proj/ros2-base-ws/src/package_base_command/src/node_command.cpp:[m[K In member function â€˜[01m[Kvoid Node_Command::publish_parameters()[m[Kâ€™:
[01m[K/home/yupi/rover_proj/ros2-base-ws/src/package_base_command/src/node_command.cpp:65:37:[m[K [01;35m[Kwarning: [m[Knarrowing conversion of â€˜[01m[K((Node_Command*)this)->Node_Command::des_a_[m[Kâ€™ from â€˜[01m[Kint[m[Kâ€™ to â€˜[01m[Kshort unsigned int[m[Kâ€™ [[01;35m[K]8;;https://gcc.gnu.org/onlinedocs/gcc/Warning-Options.html#index-Wnarrowing-Wnarrowing]8;;[m[K]
   65 |         destination_message.data = {[01;35m[Kdes_a_[m[K, des_b_};
      |                                     [01;35m[K^~~~~~[m[K
[01m[K/home/yupi/rover_proj/ros2-base-ws/src/package_base_command/src/node_command.cpp:65:37:[m[K [01;35m[Kwarning: [m[Knarrowing conversion of â€˜[01m[K((Node_Command*)this)->Node_Command::des_a_[m[Kâ€™ from â€˜[01m[Kint[m[Kâ€™ to â€˜[01m[Kshort unsigned int[m[Kâ€™ [[01;35m[K]8;;https://gcc.gnu.org/onlinedocs/gcc/Warning-Options.html#index-Wnarrowing-Wnarrowing]8;;[m[K]
[01m[K/home/yupi/rover_proj/ros2-base-ws/src/package_base_command/src/node_command.cpp:65:45:[m[K [01;35m[Kwarning: [m[Knarrowing conversion of â€˜[01m[K((Node_Command*)this)->Node_Command::des_b_[m[Kâ€™ from â€˜[01m[Kint[m[Kâ€™ to â€˜[01m[Kshort unsigned int[m[Kâ€™ [[01;35m[K]8;;https://gcc.gnu.org/onlinedocs/gcc/Warning-Options.html#index-Wnarrowing-Wnarrowing]8;;[m[K]
   65 |         destination_message.data = {des_a_, [01;35m[Kdes_b_[m[K};
      |                                             [01;35m[K^~~~~~[m[K
[01m[K/home/yupi/rover_proj/ros2-base-ws/src/package_base_command/src/node_command.cpp:65:45:[m[K [01;35m[Kwarning: [m[Knarrowing conversion of â€˜[01m[K((Node_Command*)this)->Node_Command::des_b_[m[Kâ€™ from â€˜[01m[Kint[m[Kâ€™ to â€˜[01m[Kshort unsigned int[m[Kâ€™ [[01;35m[K]8;;https://gcc.gnu.org/onlinedocs/gcc/Warning-Options.html#index-Wnarrowing-Wnarrowing]8;;[m[K]
gmake[2]: *** [CMakeFiles/node_command.dir/build.make:76: CMakeFiles/node_command.dir/src/node_command.cpp.o] Error 1
gmake[1]: *** [CMakeFiles/Makefile2:193: CMakeFiles/node_command.dir/all] Error 2
gmake: *** [Makefile:146: all] Error 2
