[0.015s] Invoking command in '/home/yupi/rover_proj/ros2-base-ws/build/package_base_command': CMAKE_PREFIX_PATH=${CMAKE_PREFIX_PATH}:/opt/ros/humble /usr/bin/cmake --build /home/yupi/rover_proj/ros2-base-ws/build/package_base_command -- -j4 -l4
[0.073s] [35m[1mConsolidate compiler generated dependencies of target node_command[0m
[0.086s] [ 33%] Built target motorcontrol
[0.098s] [ 66%] Built target node_motor_control
[0.110s] [ 83%] [32mBuilding CXX object CMakeFiles/node_command.dir/src/node_command.cpp.o[0m
[2.283s] [01m[K/home/yupi/rover_proj/ros2-base-ws/src/package_base_command/src/node_command.cpp:[m[K In member function â€˜[01m[Krcl_interfaces::msg::SetParametersResult Node_Command::on_parameter_change(const std::vector<rclcpp::Parameter>&)[m[Kâ€™:
[2.283s] [01m[K/home/yupi/rover_proj/ros2-base-ws/src/package_base_command/src/node_command.cpp:44:17:[m[K [01;31m[Kerror: [m[Kâ€˜[01m[Ktest_text_[m[Kâ€™ was not declared in this scope; did you mean â€˜[01m[Kgettext[m[Kâ€™?
[2.283s]    44 |                 [01;31m[Ktest_text_[m[K = param.as_string();
[2.283s]       |                 [01;31m[K^~~~~~~~~~[m[K
[2.283s]       |                 [32m[Kgettext[m[K
[2.284s] [01m[K/home/yupi/rover_proj/ros2-base-ws/src/package_base_command/src/node_command.cpp:[m[K In member function â€˜[01m[Kvoid Node_Command::publish_parameters()[m[Kâ€™:
[2.284s] [01m[K/home/yupi/rover_proj/ros2-base-ws/src/package_base_command/src/node_command.cpp:65:37:[m[K [01;35m[Kwarning: [m[Knarrowing conversion of â€˜[01m[K((Node_Command*)this)->Node_Command::des_a_[m[Kâ€™ from â€˜[01m[Kint[m[Kâ€™ to â€˜[01m[Kshort unsigned int[m[Kâ€™ [[01;35m[K]8;;https://gcc.gnu.org/onlinedocs/gcc/Warning-Options.html#index-Wnarrowing-Wnarrowing]8;;[m[K]
[2.284s]    65 |         destination_message.data = {[01;35m[Kdes_a_[m[K, des_b_};
[2.284s]       |                                     [01;35m[K^~~~~~[m[K
[2.284s] [01m[K/home/yupi/rover_proj/ros2-base-ws/src/package_base_command/src/node_command.cpp:65:37:[m[K [01;35m[Kwarning: [m[Knarrowing conversion of â€˜[01m[K((Node_Command*)this)->Node_Command::des_a_[m[Kâ€™ from â€˜[01m[Kint[m[Kâ€™ to â€˜[01m[Kshort unsigned int[m[Kâ€™ [[01;35m[K]8;;https://gcc.gnu.org/onlinedocs/gcc/Warning-Options.html#index-Wnarrowing-Wnarrowing]8;;[m[K]
[2.284s] [01m[K/home/yupi/rover_proj/ros2-base-ws/src/package_base_command/src/node_command.cpp:65:45:[m[K [01;35m[Kwarning: [m[Knarrowing conversion of â€˜[01m[K((Node_Command*)this)->Node_Command::des_b_[m[Kâ€™ from â€˜[01m[Kint[m[Kâ€™ to â€˜[01m[Kshort unsigned int[m[Kâ€™ [[01;35m[K]8;;https://gcc.gnu.org/onlinedocs/gcc/Warning-Options.html#index-Wnarrowing-Wnarrowing]8;;[m[K]
[2.284s]    65 |         destination_message.data = {des_a_, [01;35m[Kdes_b_[m[K};
[2.284s]       |                                             [01;35m[K^~~~~~[m[K
[2.284s] [01m[K/home/yupi/rover_proj/ros2-base-ws/src/package_base_command/src/node_command.cpp:65:45:[m[K [01;35m[Kwarning: [m[Knarrowing conversion of â€˜[01m[K((Node_Command*)this)->Node_Command::des_b_[m[Kâ€™ from â€˜[01m[Kint[m[Kâ€™ to â€˜[01m[Kshort unsigned int[m[Kâ€™ [[01;35m[K]8;;https://gcc.gnu.org/onlinedocs/gcc/Warning-Options.html#index-Wnarrowing-Wnarrowing]8;;[m[K]
[3.135s] gmake[2]: *** [CMakeFiles/node_command.dir/build.make:76: CMakeFiles/node_command.dir/src/node_command.cpp.o] Error 1
[3.135s] gmake[1]: *** [CMakeFiles/Makefile2:193: CMakeFiles/node_command.dir/all] Error 2
[3.135s] gmake: *** [Makefile:146: all] Error 2
[3.137s] Invoked command in '/home/yupi/rover_proj/ros2-base-ws/build/package_base_command' returned '2': CMAKE_PREFIX_PATH=${CMAKE_PREFIX_PATH}:/opt/ros/humble /usr/bin/cmake --build /home/yupi/rover_proj/ros2-base-ws/build/package_base_command -- -j4 -l4
