[0.000000] (-) TimerEvent: {}
[0.000602] (rover_control_package) JobQueued: {'identifier': 'rover_control_package', 'dependencies': OrderedDict()}
[0.000770] (test_package) JobQueued: {'identifier': 'test_package', 'dependencies': OrderedDict()}
[0.001920] (rover_control_package) JobStarted: {'identifier': 'rover_control_package'}
[0.032573] (test_package) JobStarted: {'identifier': 'test_package'}
[0.058839] (rover_control_package) JobProgress: {'identifier': 'rover_control_package', 'progress': 'cmake'}
[0.061977] (rover_control_package) JobProgress: {'identifier': 'rover_control_package', 'progress': 'build'}
[0.064993] (rover_control_package) Command: {'cmd': ['/usr/bin/cmake', '--build', '/home/curry/wilson_proj/ros2-rover-ws/build/rover_control_package', '--', '-j4', '-l4'], 'cwd': '/home/curry/wilson_proj/ros2-rover-ws/build/rover_control_package', 'env': OrderedDict([('LESSOPEN', '| /usr/bin/lesspipe %s'), ('USER', 'curry'), ('SSH_CLIENT', '172.30.81.114 57034 22'), ('LC_TIME', 'en_US.UTF-8'), ('XDG_SESSION_TYPE', 'tty'), ('SHLVL', '1'), ('LD_LIBRARY_PATH', '/home/curry/wilson_proj/ros2-rover-ws/install/rover_control_package/lib:/home/curry/wilson_proj/ros2-rover-ws/install/test_package/lib:/opt/ros/iron/opt/rviz_ogre_vendor/lib:/opt/ros/iron/lib/aarch64-linux-gnu:/opt/ros/iron/lib'), ('MOTD_SHOWN', 'pam'), ('HOME', '/home/curry'), ('OLDPWD', '/home/curry/wilson_proj'), ('SSH_TTY', '/dev/pts/0'), ('ROS_PYTHON_VERSION', '3'), ('LC_MONETARY', 'en_US.UTF-8'), ('DBUS_SESSION_BUS_ADDRESS', 'unix:path=/run/user/1000/bus'), ('COLCON_PREFIX_PATH', '/home/curry/wilson_proj/ros2-rover-ws/install'), ('ROS_DISTRO', 'iron'), ('LOGNAME', 'curry'), ('_', '/usr/bin/colcon'), ('ROS_VERSION', '2'), ('XDG_SESSION_CLASS', 'user'), ('TERM', 'xterm-256color'), ('XDG_SESSION_ID', '196'), ('PATH', '/opt/ros/iron/bin:/home/curry/.cargo/bin:/usr/local/sbin:/usr/local/bin:/usr/sbin:/usr/bin:/sbin:/bin:/usr/games:/usr/local/games:/snap/bin'), ('PAPERSIZE', 'letter'), ('LC_ADDRESS', 'en_US.UTF-8'), ('XDG_RUNTIME_DIR', '/run/user/1000'), ('LANG', 'en_US.UTF-8'), ('LC_TELEPHONE', 'en_US.UTF-8'), ('LS_COLORS', 'rs=0:di=01;34:ln=01;36:mh=00:pi=40;33:so=01;35:do=01;35:bd=40;33;01:cd=40;33;01:or=40;31;01:mi=00:su=37;41:sg=30;43:ca=30;41:tw=30;42:ow=34;42:st=37;44:ex=01;32:*.tar=01;31:*.tgz=01;31:*.arc=01;31:*.arj=01;31:*.taz=01;31:*.lha=01;31:*.lz4=01;31:*.lzh=01;31:*.lzma=01;31:*.tlz=01;31:*.txz=01;31:*.tzo=01;31:*.t7z=01;31:*.zip=01;31:*.z=01;31:*.dz=01;31:*.gz=01;31:*.lrz=01;31:*.lz=01;31:*.lzo=01;31:*.xz=01;31:*.zst=01;31:*.tzst=01;31:*.bz2=01;31:*.bz=01;31:*.tbz=01;31:*.tbz2=01;31:*.tz=01;31:*.deb=01;31:*.rpm=01;31:*.jar=01;31:*.war=01;31:*.ear=01;31:*.sar=01;31:*.rar=01;31:*.alz=01;31:*.ace=01;31:*.zoo=01;31:*.cpio=01;31:*.7z=01;31:*.rz=01;31:*.cab=01;31:*.wim=01;31:*.swm=01;31:*.dwm=01;31:*.esd=01;31:*.jpg=01;35:*.jpeg=01;35:*.mjpg=01;35:*.mjpeg=01;35:*.gif=01;35:*.bmp=01;35:*.pbm=01;35:*.pgm=01;35:*.ppm=01;35:*.tga=01;35:*.xbm=01;35:*.xpm=01;35:*.tif=01;35:*.tiff=01;35:*.png=01;35:*.svg=01;35:*.svgz=01;35:*.mng=01;35:*.pcx=01;35:*.mov=01;35:*.mpg=01;35:*.mpeg=01;35:*.m2v=01;35:*.mkv=01;35:*.webm=01;35:*.webp=01;35:*.ogm=01;35:*.mp4=01;35:*.m4v=01;35:*.mp4v=01;35:*.vob=01;35:*.qt=01;35:*.nuv=01;35:*.wmv=01;35:*.asf=01;35:*.rm=01;35:*.rmvb=01;35:*.flc=01;35:*.avi=01;35:*.fli=01;35:*.flv=01;35:*.gl=01;35:*.dl=01;35:*.xcf=01;35:*.xwd=01;35:*.yuv=01;35:*.cgm=01;35:*.emf=01;35:*.ogv=01;35:*.ogx=01;35:*.aac=00;36:*.au=00;36:*.flac=00;36:*.m4a=00;36:*.mid=00;36:*.midi=00;36:*.mka=00;36:*.mp3=00;36:*.mpc=00;36:*.ogg=00;36:*.ra=00;36:*.wav=00;36:*.oga=00;36:*.opus=00;36:*.spx=00;36:*.xspf=00;36:'), ('ROS_DOMAIN_ID', '10'), ('AMENT_PREFIX_PATH', '/home/curry/wilson_proj/ros2-rover-ws/install/rover_control_package:/home/curry/wilson_proj/ros2-rover-ws/install/test_package:/opt/ros/iron'), ('SHELL', '/bin/bash'), ('LC_NAME', 'en_US.UTF-8'), ('LESSCLOSE', '/usr/bin/lesspipe %s %s'), ('LC_MEASUREMENT', 'en_US.UTF-8'), ('LC_IDENTIFICATION', 'en_US.UTF-8'), ('ROS_AUTOMATIC_DISCOVERY_RANGE', 'SUBNET'), ('PWD', '/home/curry/wilson_proj/ros2-rover-ws/build/rover_control_package'), ('LC_ALL', 'en_US.UTF-8'), ('SSH_CONNECTION', '172.30.81.114 57034 172.30.81.58 22'), ('XDG_DATA_DIRS', '/usr/share/gnome:/usr/local/share:/usr/share:/var/lib/snapd/desktop'), ('PYTHONPATH', '/home/curry/wilson_proj/ros2-rover-ws/install/rover_control_package/lib/python3.10/site-packages:/home/curry/wilson_proj/ros2-rover-ws/install/test_package/lib/python3.10/site-packages:/opt/ros/iron/lib/python3.10/site-packages'), ('LC_NUMERIC', 'en_US.UTF-8'), ('LC_PAPER', 'en_US.UTF-8'), ('COLCON', '1'), ('CMAKE_PREFIX_PATH', '/home/curry/wilson_proj/ros2-rover-ws/install/rover_control_package:/home/curry/wilson_proj/ros2-rover-ws/install/test_package:/opt/ros/iron')]), 'shell': False}
[0.081909] (test_package) JobProgress: {'identifier': 'test_package', 'progress': 'cmake'}
[0.085586] (test_package) JobProgress: {'identifier': 'test_package', 'progress': 'build'}
[0.087040] (test_package) Command: {'cmd': ['/usr/bin/cmake', '--build', '/home/curry/wilson_proj/ros2-rover-ws/build/test_package', '--', '-j4', '-l4'], 'cwd': '/home/curry/wilson_proj/ros2-rover-ws/build/test_package', 'env': OrderedDict([('LESSOPEN', '| /usr/bin/lesspipe %s'), ('USER', 'curry'), ('SSH_CLIENT', '172.30.81.114 57034 22'), ('LC_TIME', 'en_US.UTF-8'), ('XDG_SESSION_TYPE', 'tty'), ('SHLVL', '1'), ('LD_LIBRARY_PATH', '/home/curry/wilson_proj/ros2-rover-ws/install/rover_control_package/lib:/home/curry/wilson_proj/ros2-rover-ws/install/test_package/lib:/opt/ros/iron/opt/rviz_ogre_vendor/lib:/opt/ros/iron/lib/aarch64-linux-gnu:/opt/ros/iron/lib'), ('MOTD_SHOWN', 'pam'), ('HOME', '/home/curry'), ('OLDPWD', '/home/curry/wilson_proj'), ('SSH_TTY', '/dev/pts/0'), ('ROS_PYTHON_VERSION', '3'), ('LC_MONETARY', 'en_US.UTF-8'), ('DBUS_SESSION_BUS_ADDRESS', 'unix:path=/run/user/1000/bus'), ('COLCON_PREFIX_PATH', '/home/curry/wilson_proj/ros2-rover-ws/install'), ('ROS_DISTRO', 'iron'), ('LOGNAME', 'curry'), ('_', '/usr/bin/colcon'), ('ROS_VERSION', '2'), ('XDG_SESSION_CLASS', 'user'), ('TERM', 'xterm-256color'), ('XDG_SESSION_ID', '196'), ('PATH', '/opt/ros/iron/bin:/home/curry/.cargo/bin:/usr/local/sbin:/usr/local/bin:/usr/sbin:/usr/bin:/sbin:/bin:/usr/games:/usr/local/games:/snap/bin'), ('PAPERSIZE', 'letter'), ('LC_ADDRESS', 'en_US.UTF-8'), ('XDG_RUNTIME_DIR', '/run/user/1000'), ('LANG', 'en_US.UTF-8'), ('LC_TELEPHONE', 'en_US.UTF-8'), ('LS_COLORS', 'rs=0:di=01;34:ln=01;36:mh=00:pi=40;33:so=01;35:do=01;35:bd=40;33;01:cd=40;33;01:or=40;31;01:mi=00:su=37;41:sg=30;43:ca=30;41:tw=30;42:ow=34;42:st=37;44:ex=01;32:*.tar=01;31:*.tgz=01;31:*.arc=01;31:*.arj=01;31:*.taz=01;31:*.lha=01;31:*.lz4=01;31:*.lzh=01;31:*.lzma=01;31:*.tlz=01;31:*.txz=01;31:*.tzo=01;31:*.t7z=01;31:*.zip=01;31:*.z=01;31:*.dz=01;31:*.gz=01;31:*.lrz=01;31:*.lz=01;31:*.lzo=01;31:*.xz=01;31:*.zst=01;31:*.tzst=01;31:*.bz2=01;31:*.bz=01;31:*.tbz=01;31:*.tbz2=01;31:*.tz=01;31:*.deb=01;31:*.rpm=01;31:*.jar=01;31:*.war=01;31:*.ear=01;31:*.sar=01;31:*.rar=01;31:*.alz=01;31:*.ace=01;31:*.zoo=01;31:*.cpio=01;31:*.7z=01;31:*.rz=01;31:*.cab=01;31:*.wim=01;31:*.swm=01;31:*.dwm=01;31:*.esd=01;31:*.jpg=01;35:*.jpeg=01;35:*.mjpg=01;35:*.mjpeg=01;35:*.gif=01;35:*.bmp=01;35:*.pbm=01;35:*.pgm=01;35:*.ppm=01;35:*.tga=01;35:*.xbm=01;35:*.xpm=01;35:*.tif=01;35:*.tiff=01;35:*.png=01;35:*.svg=01;35:*.svgz=01;35:*.mng=01;35:*.pcx=01;35:*.mov=01;35:*.mpg=01;35:*.mpeg=01;35:*.m2v=01;35:*.mkv=01;35:*.webm=01;35:*.webp=01;35:*.ogm=01;35:*.mp4=01;35:*.m4v=01;35:*.mp4v=01;35:*.vob=01;35:*.qt=01;35:*.nuv=01;35:*.wmv=01;35:*.asf=01;35:*.rm=01;35:*.rmvb=01;35:*.flc=01;35:*.avi=01;35:*.fli=01;35:*.flv=01;35:*.gl=01;35:*.dl=01;35:*.xcf=01;35:*.xwd=01;35:*.yuv=01;35:*.cgm=01;35:*.emf=01;35:*.ogv=01;35:*.ogx=01;35:*.aac=00;36:*.au=00;36:*.flac=00;36:*.m4a=00;36:*.mid=00;36:*.midi=00;36:*.mka=00;36:*.mp3=00;36:*.mpc=00;36:*.ogg=00;36:*.ra=00;36:*.wav=00;36:*.oga=00;36:*.opus=00;36:*.spx=00;36:*.xspf=00;36:'), ('ROS_DOMAIN_ID', '10'), ('AMENT_PREFIX_PATH', '/home/curry/wilson_proj/ros2-rover-ws/install/rover_control_package:/home/curry/wilson_proj/ros2-rover-ws/install/test_package:/opt/ros/iron'), ('SHELL', '/bin/bash'), ('LC_NAME', 'en_US.UTF-8'), ('LESSCLOSE', '/usr/bin/lesspipe %s %s'), ('LC_MEASUREMENT', 'en_US.UTF-8'), ('LC_IDENTIFICATION', 'en_US.UTF-8'), ('ROS_AUTOMATIC_DISCOVERY_RANGE', 'SUBNET'), ('PWD', '/home/curry/wilson_proj/ros2-rover-ws/build/test_package'), ('LC_ALL', 'en_US.UTF-8'), ('SSH_CONNECTION', '172.30.81.114 57034 172.30.81.58 22'), ('XDG_DATA_DIRS', '/usr/share/gnome:/usr/local/share:/usr/share:/var/lib/snapd/desktop'), ('PYTHONPATH', '/home/curry/wilson_proj/ros2-rover-ws/install/rover_control_package/lib/python3.10/site-packages:/home/curry/wilson_proj/ros2-rover-ws/install/test_package/lib/python3.10/site-packages:/opt/ros/iron/lib/python3.10/site-packages'), ('LC_NUMERIC', 'en_US.UTF-8'), ('LC_PAPER', 'en_US.UTF-8'), ('COLCON', '1'), ('CMAKE_PREFIX_PATH', '/home/curry/wilson_proj/ros2-rover-ws/install/rover_control_package:/home/curry/wilson_proj/ros2-rover-ws/install/test_package:/opt/ros/iron')]), 'shell': False}
[0.099376] (-) TimerEvent: {}
[0.200121] (-) TimerEvent: {}
[0.300886] (-) TimerEvent: {}
[0.322448] (rover_control_package) StdoutLine: {'line': b'\x1b[35m\x1b[1mConsolidate compiler generated dependencies of target carcontrol_server\x1b[0m\n'}
[0.401000] (rover_control_package) StdoutLine: {'line': b'[  2%] \x1b[32mBuilding CXX object CMakeFiles/carcontrol_ros2_server.dir/src/motor_drive_node.cpp.o\x1b[0m\n'}
[0.401863] (-) TimerEvent: {}
[0.403797] (rover_control_package) StdoutLine: {'line': b'[  5%] Built target rover_control_package__rosidl_generator_type_description\n'}
[0.452968] (rover_control_package) StdoutLine: {'line': b'[  5%] Built target ament_cmake_python_copy_rover_control_package\n'}
[0.459272] (test_package) StdoutLine: {'line': b'[  2%] Built target test_package__rosidl_generator_type_description\n'}
[0.499871] (test_package) StdoutLine: {'line': b'[  7%] Built target action_server_node\n'}
[0.502143] (-) TimerEvent: {}
[0.517892] (test_package) StdoutLine: {'line': b'[ 12%] Built target Tserver_node\n'}
[0.533706] (rover_control_package) StdoutLine: {'line': b'[ 10%] Built target carcontrol_server\n'}
[0.536662] (test_package) StdoutLine: {'line': b'[ 12%] Built target ament_cmake_python_copy_test_package\n'}
[0.602449] (-) TimerEvent: {}
[0.615650] (test_package) StdoutLine: {'line': b'[ 15%] Built target test_package__cpp\n'}
[0.642600] (rover_control_package) StdoutLine: {'line': b'[ 13%] Built target rover_control_package__cpp\n'}
[0.682104] (rover_control_package) StdoutLine: {'line': b'[ 26%] Built target rover_control_package__rosidl_generator_c\n'}
[0.698773] (test_package) StdoutLine: {'line': b'[ 27%] Built target test_package__rosidl_generator_c\n'}
[0.702628] (-) TimerEvent: {}
[0.803969] (-) TimerEvent: {}
[0.905464] (-) TimerEvent: {}
[0.917233] (test_package) StdoutLine: {'line': b'[ 35%] Built target test_package__rosidl_typesupport_cpp\n'}
[0.925236] (rover_control_package) StdoutLine: {'line': b'[ 34%] Built target rover_control_package__rosidl_typesupport_fastrtps_c\n'}
[0.941056] (rover_control_package) StdoutLine: {'line': b'[ 42%] Built target rover_control_package__rosidl_typesupport_cpp\n'}
[0.966085] (test_package) StdoutLine: {'line': b'[ 42%] Built target test_package__rosidl_typesupport_introspection_c\n'}
[1.005690] (-) TimerEvent: {}
[1.025782] (test_package) StdoutLine: {'line': b'[ 50%] Built target test_package__rosidl_typesupport_fastrtps_c\n'}
[1.105919] (-) TimerEvent: {}
[1.113359] (test_package) StdoutLine: {'line': b'[ 57%] Built target test_package__rosidl_typesupport_c\n'}
[1.147249] (rover_control_package) StdoutLine: {'line': b'[ 50%] Built target rover_control_package__rosidl_typesupport_introspection_c\n'}
[1.185368] (rover_control_package) StdoutLine: {'line': b'[ 57%] Built target rover_control_package__rosidl_typesupport_c\n'}
[1.206227] (-) TimerEvent: {}
[1.212813] (test_package) StdoutLine: {'line': b'[ 65%] Built target test_package__rosidl_typesupport_fastrtps_cpp\n'}
[1.263565] (rover_control_package) StdoutLine: {'line': b'\x1b[35m\x1b[1mConsolidate compiler generated dependencies of target rover_control_package__rosidl_typesupport_introspection_cpp\x1b[0m\n'}
[1.272756] (test_package) StdoutLine: {'line': b'[ 72%] Built target test_package__rosidl_typesupport_introspection_cpp\n'}
[1.306405] (-) TimerEvent: {}
[1.367349] (rover_control_package) StdoutLine: {'line': b'[ 65%] Built target rover_control_package__rosidl_typesupport_fastrtps_cpp\n'}
[1.383762] (rover_control_package) StdoutLine: {'line': b'[ 73%] Built target rover_control_package__rosidl_typesupport_introspection_cpp\n'}
[1.388634] (rover_control_package) StderrLine: {'line': b'\x1b[01m\x1b[K/home/curry/wilson_proj/ros2-rover-ws/src/rover_control_package/src/motor_drive_node.cpp:5:10:\x1b[m\x1b[K \x1b[01;31m\x1b[Kfatal error: \x1b[m\x1b[Krover_control_package/action/Carcontrol.hpp: No such file or directory\n'}
[1.389381] (rover_control_package) StderrLine: {'line': b'    5 | #include \x1b[01;31m\x1b[K"rover_control_package/action/Carcontrol.hpp"\x1b[m\x1b[K\n'}
[1.389815] (rover_control_package) StderrLine: {'line': b'      |          \x1b[01;31m\x1b[K^~~~~~~~~~~~~~~~~~~~~~~~~~~~~~~~~~~~~~~~~~~~~\x1b[m\x1b[K\n'}
[1.390334] (rover_control_package) StderrLine: {'line': b'compilation terminated.\n'}
[1.400385] (rover_control_package) StderrLine: {'line': b'gmake[2]: *** [CMakeFiles/carcontrol_ros2_server.dir/build.make:76: CMakeFiles/carcontrol_ros2_server.dir/src/motor_drive_node.cpp.o] Error 1\n'}
[1.401426] (rover_control_package) StderrLine: {'line': b'gmake[1]: *** [CMakeFiles/Makefile2:625: CMakeFiles/carcontrol_ros2_server.dir/all] Error 2\n'}
[1.401925] (rover_control_package) StderrLine: {'line': b'gmake[1]: *** Waiting for unfinished jobs....\n'}
[1.406599] (-) TimerEvent: {}
[1.453220] (test_package) StdoutLine: {'line': b'[ 77%] Built target action_server\n'}
[1.464918] (test_package) StdoutLine: {'line': b'[ 77%] Built target test_package\n'}
[1.500514] (rover_control_package) StdoutLine: {'line': b'[ 73%] Built target rover_control_package\n'}
[1.506808] (-) TimerEvent: {}
[1.567490] (test_package) StdoutLine: {'line': b'[ 80%] Built target test_package__py\n'}
[1.607010] (-) TimerEvent: {}
[1.669888] (test_package) StdoutLine: {'line': b'[ 85%] Built target test_package__rosidl_generator_py\n'}
[1.707234] (-) TimerEvent: {}
[1.808054] (-) TimerEvent: {}
[1.816642] (test_package) StdoutLine: {'line': b'[ 90%] Built target test_package__rosidl_typesupport_introspection_c__pyext\n'}
[1.829047] (test_package) StdoutLine: {'line': b'[ 95%] Built target test_package__rosidl_typesupport_fastrtps_c__pyext\n'}
[1.853488] (test_package) StdoutLine: {'line': b'[100%] Built target test_package__rosidl_typesupport_c__pyext\n'}
[1.908237] (-) TimerEvent: {}
[2.009542] (-) TimerEvent: {}
[2.110800] (-) TimerEvent: {}
[2.212020] (-) TimerEvent: {}
[2.313255] (-) TimerEvent: {}
[2.380386] (rover_control_package) StdoutLine: {'line': b'running egg_info\n'}
[2.384507] (rover_control_package) StdoutLine: {'line': b'writing rover_control_package.egg-info/PKG-INFO\n'}
[2.385640] (rover_control_package) StdoutLine: {'line': b'writing dependency_links to rover_control_package.egg-info/dependency_links.txt\n'}
[2.386911] (rover_control_package) StdoutLine: {'line': b'writing top-level names to rover_control_package.egg-info/top_level.txt\n'}
[2.397880] (rover_control_package) StdoutLine: {'line': b"reading manifest file 'rover_control_package.egg-info/SOURCES.txt'\n"}
[2.400691] (rover_control_package) StdoutLine: {'line': b"writing manifest file 'rover_control_package.egg-info/SOURCES.txt'\n"}
[2.413529] (-) TimerEvent: {}
[2.515461] (-) TimerEvent: {}
[2.540065] (rover_control_package) StdoutLine: {'line': b'[ 73%] Built target ament_cmake_python_build_rover_control_package_egg\n'}
[2.543976] (test_package) StdoutLine: {'line': b'running egg_info\n'}
[2.544708] (rover_control_package) StderrLine: {'line': b'gmake: *** [Makefile:146: all] Error 2\n'}
[2.548144] (test_package) StdoutLine: {'line': b'writing test_package.egg-info/PKG-INFO\n'}
[2.549628] (test_package) StdoutLine: {'line': b'writing dependency_links to test_package.egg-info/dependency_links.txt\n'}
[2.551145] (test_package) StdoutLine: {'line': b'writing top-level names to test_package.egg-info/top_level.txt\n'}
[2.552689] (rover_control_package) CommandEnded: {'returncode': 2}
[2.561857] (test_package) StdoutLine: {'line': b"reading manifest file 'test_package.egg-info/SOURCES.txt'\n"}
[2.564612] (test_package) StdoutLine: {'line': b"writing manifest file 'test_package.egg-info/SOURCES.txt'\n"}
[2.615865] (-) TimerEvent: {}
[2.703694] (test_package) StdoutLine: {'line': b'[100%] Built target ament_cmake_python_build_test_package_egg\n'}
[2.715983] (-) TimerEvent: {}
[2.748124] (test_package) CommandEnded: {'returncode': 0}
[2.816326] (-) TimerEvent: {}
[2.917084] (-) TimerEvent: {}
[3.017811] (-) TimerEvent: {}
[3.053141] (rover_control_package) JobEnded: {'identifier': 'rover_control_package', 'rc': 2}
[3.117959] (-) TimerEvent: {}
[3.168234] (test_package) JobEnded: {'identifier': 'test_package', 'rc': 'SIGINT'}
[3.179869] (-) EventReactorShutdown: {}
