[35m[1mConsolidate compiler generated dependencies of target motorcontrol[0m
[35m[1mConsolidate compiler generated dependencies of target node_command[0m
[ 33%] Built target node_motor_control
[ 66%] Built target motorcontrol
[ 83%] [32mBuilding CXX object CMakeFiles/node_command.dir/src/node_command.cpp.o[0m
[01m[K/home/yupi/rover_proj/ros2-base-ws/src/package_base_command/src/node_command.cpp:90:2:[m[K [01;31m[Kerror: [m[Kinvalid preprocessing directive #--
   90 | #[01;31m[K--[m[K-------BaseCode--------------------------------------------------------------------------------------------------------------------------
      |  [01;31m[K^~[m[K
gmake[2]: *** [CMakeFiles/node_command.dir/build.make:76: CMakeFiles/node_command.dir/src/node_command.cpp.o] Error 1
gmake[1]: *** [CMakeFiles/Makefile2:193: CMakeFiles/node_command.dir/all] Error 2
gmake: *** [Makefile:146: all] Error 2
