[0.018s] Invoking command in '/home/yupi/rover_proj/ros2-base-ws/build/package_base_command': CMAKE_PREFIX_PATH=${CMAKE_PREFIX_PATH}:/opt/ros/humble /usr/bin/cmake --build /home/yupi/rover_proj/ros2-base-ws/build/package_base_command -- -j4 -l4
[0.058s] [35m[1mConsolidate compiler generated dependencies of target motorcontrol[0m
[0.060s] [35m[1mConsolidate compiler generated dependencies of target node_command[0m
[0.076s] [ 33%] Built target node_motor_control
[0.080s] [ 66%] Built target motorcontrol
[0.087s] [ 83%] [32mBuilding CXX object CMakeFiles/node_command.dir/src/node_command.cpp.o[0m
[0.347s] [01m[K/home/yupi/rover_proj/ros2-base-ws/src/package_base_command/src/node_command.cpp:90:2:[m[K [01;31m[Kerror: [m[Kinvalid preprocessing directive #--
[0.347s]    90 | #[01;31m[K--[m[K-------BaseCode--------------------------------------------------------------------------------------------------------------------------
[0.347s]       |  [01;31m[K^~[m[K
[3.050s] gmake[2]: *** [CMakeFiles/node_command.dir/build.make:76: CMakeFiles/node_command.dir/src/node_command.cpp.o] Error 1
[3.050s] gmake[1]: *** [CMakeFiles/Makefile2:193: CMakeFiles/node_command.dir/all] Error 2
[3.050s] gmake: *** [Makefile:146: all] Error 2
[3.052s] Invoked command in '/home/yupi/rover_proj/ros2-base-ws/build/package_base_command' returned '2': CMAKE_PREFIX_PATH=${CMAKE_PREFIX_PATH}:/opt/ros/humble /usr/bin/cmake --build /home/yupi/rover_proj/ros2-base-ws/build/package_base_command -- -j4 -l4
