[35m[1mConsolidate compiler generated dependencies of target node_rovercontrol[0m
[ 33%] Built target motorcontrol
[ 83%] [32mBuilding CXX object CMakeFiles/node_rovercontrol.dir/src/node_rover_control.cpp.o[0m
[ 83%] Built target node_motor_control
[01m[K/home/curry/wilson_proj/ros2-rover-ws/src/package_rover_control/src/node_rover_control.cpp:[m[K In member function â€˜[01m[Kvoid Node_Rovercontrol::timer_callback()[m[Kâ€™:
[01m[K/home/curry/wilson_proj/ros2-rover-ws/src/package_rover_control/src/node_rover_control.cpp:76:35:[m[K [01;31m[Kerror: [m[Kcannot convert â€˜[01m[Kstd::string[m[Kâ€™ {aka â€˜[01m[Kstd::__cxx11::basic_string<char>[m[Kâ€™} to â€˜[01m[Kstd_msgs::msg::UInt16_<std::allocator<void> >::_data_type[m[Kâ€™ {aka â€˜[01m[Kshort unsigned int[m[Kâ€™} in assignment
   76 |                 result_msg.data = [01;31m[Kspeedlimit_message_[m[K;
      |                                   [01;31m[K^~~~~~~~~~~~~~~~~~~[m[K
      |                                   [01;31m[K|[m[K
      |                                   [01;31m[Kstd::string {aka std::__cxx11::basic_string<char>}[m[K
In file included from [01m[K/opt/ros/iron/include/rclcpp/rclcpp/logging.hpp:24[m[K,
                 from [01m[K/opt/ros/iron/include/rclcpp/rclcpp/client.hpp:43[m[K,
                 from [01m[K/opt/ros/iron/include/rclcpp/rclcpp/callback_group.hpp:24[m[K,
                 from [01m[K/opt/ros/iron/include/rclcpp/rclcpp/any_executable.hpp:20[m[K,
                 from [01m[K/opt/ros/iron/include/rclcpp/rclcpp/memory_strategy.hpp:25[m[K,
                 from [01m[K/opt/ros/iron/include/rclcpp/rclcpp/memory_strategies.hpp:18[m[K,
                 from [01m[K/opt/ros/iron/include/rclcpp/rclcpp/executor_options.hpp:20[m[K,
                 from [01m[K/opt/ros/iron/include/rclcpp/rclcpp/executor.hpp:37[m[K,
                 from [01m[K/opt/ros/iron/include/rclcpp/rclcpp/executors/multi_threaded_executor.hpp:25[m[K,
                 from [01m[K/opt/ros/iron/include/rclcpp/rclcpp/executors.hpp:21[m[K,
                 from [01m[K/opt/ros/iron/include/rclcpp/rclcpp/rclcpp.hpp:167[m[K,
                 from [01m[K/home/curry/wilson_proj/ros2-rover-ws/src/package_rover_control/src/node_rover_control.cpp:1[m[K:
[01m[K/home/curry/wilson_proj/ros2-rover-ws/src/package_rover_control/src/node_rover_control.cpp:79:88:[m[K [01;31m[Kerror: [m[Kâ€˜[01m[Kresult[m[Kâ€™ was not declared in this scope
   79 |                 RCLCPP_INFO(this->get_logger(), "Published Rovercontrol result: '%d'", [01;31m[Kresult[m[K);
      |                                                                                        [01;31m[K^~~~~~[m[K
gmake[2]: *** [CMakeFiles/node_rovercontrol.dir/build.make:76: CMakeFiles/node_rovercontrol.dir/src/node_rover_control.cpp.o] Error 1
gmake[1]: *** [CMakeFiles/Makefile2:193: CMakeFiles/node_rovercontrol.dir/all] Error 2
gmake: *** [Makefile:146: all] Error 2
