[0.180s] Invoking command in '/home/curry/wilson_proj/ros2-rover-ws/build/package_rover_control': CMAKE_PREFIX_PATH=${CMAKE_PREFIX_PATH}:/opt/ros/iron /usr/bin/cmake --build /home/curry/wilson_proj/ros2-rover-ws/build/package_rover_control -- -j4 -l4
[0.431s] [35m[1mConsolidate compiler generated dependencies of target node_rovercontrol[0m
[0.490s] [ 33%] Built target motorcontrol
[0.506s] [ 66%] Built target node_motor_control
[0.560s] [ 83%] [32mBuilding CXX object CMakeFiles/node_rovercontrol.dir/src/node_rover_control.cpp.o[0m
[11.249s] [01m[K/home/curry/wilson_proj/ros2-rover-ws/src/package_rover_control/src/node_rover_control.cpp:149:41:[m[K [01;31m[Kerror: [m[Kâ€˜[01m[KUInt32MultiArray[m[Kâ€™ is not a member of â€˜[01m[Kstd_msgs::msg[m[Kâ€™; did you mean â€˜[01m[KInt32MultiArray[m[Kâ€™?
[11.249s]   149 |     rclcpp::Subscription<std_msgs::msg::[01;31m[KUInt32MultiArray[m[K>::SharedPtr topic_destination_subscription_;
[11.249s]       |                                         [01;31m[K^~~~~~~~~~~~~~~~[m[K
[11.250s]       |                                         [32m[KInt32MultiArray[m[K
[11.250s] [01m[K/home/curry/wilson_proj/ros2-rover-ws/src/package_rover_control/src/node_rover_control.cpp:149:57:[m[K [01;31m[Kerror: [m[Ktemplate argument 1 is invalid
[11.250s]   149 |     rclcpp::Subscription<std_msgs::msg::UInt32MultiArray[01;31m[K>[m[K::SharedPtr topic_destination_subscription_;
[11.251s]       |                                                         [01;31m[K^[m[K
[11.251s] [01m[K/home/curry/wilson_proj/ros2-rover-ws/src/package_rover_control/src/node_rover_control.cpp:149:57:[m[K [01;31m[Kerror: [m[Ktemplate argument 3 is invalid
[11.251s] [01m[K/home/curry/wilson_proj/ros2-rover-ws/src/package_rover_control/src/node_rover_control.cpp:149:57:[m[K [01;31m[Kerror: [m[Ktemplate argument 4 is invalid
[11.251s] [01m[K/home/curry/wilson_proj/ros2-rover-ws/src/package_rover_control/src/node_rover_control.cpp:149:57:[m[K [01;31m[Kerror: [m[Ktemplate argument 5 is invalid
[11.252s] [01m[K/home/curry/wilson_proj/ros2-rover-ws/src/package_rover_control/src/node_rover_control.cpp:149:60:[m[K [01;31m[Kerror: [m[Kexpected â€˜[01m[K;[m[Kâ€™ at end of member declaration
[11.252s]   149 |     rclcpp::Subscription<std_msgs::msg::UInt32MultiArray>::[01;31m[KSharedPtr[m[K topic_destination_subscription_;
[11.252s]       |                                                            [01;31m[K^~~~~~~~~[m[K
[11.252s]       |                                                                     [32m[K;[m[K
[11.270s] [01m[K/home/curry/wilson_proj/ros2-rover-ws/src/package_rover_control/src/node_rover_control.cpp:149:70:[m[K [01;31m[Kerror: [m[Kâ€˜[01m[Ktopic_destination_subscription_[m[Kâ€™ does not name a type
[11.271s]   149 |     rclcpp::Subscription<std_msgs::msg::UInt32MultiArray>::SharedPtr [01;31m[Ktopic_destination_subscription_[m[K;
[11.271s]       |                                                                      [01;31m[K^~~~~~~~~~~~~~~~~~~~~~~~~~~~~~~[m[K
[11.377s] [01m[K/home/curry/wilson_proj/ros2-rover-ws/src/package_rover_control/src/node_rover_control.cpp:[m[K In constructor â€˜[01m[KNode_Rovercontrol::Node_Rovercontrol()[m[Kâ€™:
[11.377s] [01m[K/home/curry/wilson_proj/ros2-rover-ws/src/package_rover_control/src/node_rover_control.cpp:25:9:[m[K [01;31m[Kerror: [m[Kâ€˜[01m[Ktopic_destination_subscription_[m[Kâ€™ was not declared in this scope; did you mean â€˜[01m[Ktopic_speedlimit_subscription_[m[Kâ€™?
[11.378s]    25 |         [01;31m[Ktopic_destination_subscription_[m[K = this->create_subscription<std_msgs::msg::UInt16MultiArray>(
[11.378s]       |         [01;31m[K^~~~~~~~~~~~~~~~~~~~~~~~~~~~~~~[m[K
[11.378s]       |         [32m[Ktopic_speedlimit_subscription_[m[K
[23.202s] gmake[2]: *** [CMakeFiles/node_rovercontrol.dir/build.make:76: CMakeFiles/node_rovercontrol.dir/src/node_rover_control.cpp.o] Error 1
[23.203s] gmake[1]: *** [CMakeFiles/Makefile2:193: CMakeFiles/node_rovercontrol.dir/all] Error 2
[23.204s] gmake: *** [Makefile:146: all] Error 2
[23.211s] Invoked command in '/home/curry/wilson_proj/ros2-rover-ws/build/package_rover_control' returned '2': CMAKE_PREFIX_PATH=${CMAKE_PREFIX_PATH}:/opt/ros/iron /usr/bin/cmake --build /home/curry/wilson_proj/ros2-rover-ws/build/package_rover_control -- -j4 -l4
