[01m[K/home/curry/wilson_proj/ros2-rover-ws/src/package_rover_control/src/node_rover_control_a.cpp:43:51:[m[K [01;31m[Kerror: [m[Kâ€˜[01m[KString[m[Kâ€™ in namespace â€˜[01m[Kstd_msgs[m[Kâ€™ does not name a type
   43 |     void topic_direction_callback(const std_msgs::[01;31m[KString[m[K::SharedPtr msg){
      |                                                   [01;31m[K^~~~~~[m[K
[01m[K/home/curry/wilson_proj/ros2-rover-ws/src/package_rover_control/src/node_rover_control_a.cpp:43:69:[m[K [01;31m[Kerror: [m[Kexpected unqualified-id before â€˜[01m[Kmsg[m[Kâ€™
   43 |     void topic_direction_callback(const std_msgs::String::SharedPtr [01;31m[Kmsg[m[K){
      |                                                                     [01;31m[K^~~[m[K
[01m[K/home/curry/wilson_proj/ros2-rover-ws/src/package_rover_control/src/node_rover_control_a.cpp:43:68:[m[K [01;31m[Kerror: [m[Kexpected â€˜[01m[K)[m[Kâ€™ before â€˜[01m[Kmsg[m[Kâ€™
   43 |     void topic_direction_callback[34m[K([m[Kconst std_msgs::String::SharedPtr[01;31m[K [m[K[32m[Kmsg[m[K){
      |                                  [34m[K~[m[K                                 [01;31m[K^[m[K[32m[K~~~[m[K
      |                                                                    [32m[K)[m[K
[01m[K/home/curry/wilson_proj/ros2-rover-ws/src/package_rover_control/src/node_rover_control_a.cpp:43:59:[m[K [01;31m[Kerror: [m[Kexpected â€˜[01m[K;[m[Kâ€™ at end of member declaration
   43 |     void topic_direction_callback(const std_msgs::String::[01;31m[KSharedPtr[m[K msg){
      |                                                           [01;31m[K^~~~~~~~~[m[K
      |                                                                    [32m[K;[m[K
[01m[K/home/curry/wilson_proj/ros2-rover-ws/src/package_rover_control/src/node_rover_control_a.cpp:43:69:[m[K [01;31m[Kerror: [m[Kâ€˜[01m[Kmsg[m[Kâ€™ does not name a type
   43 |     void topic_direction_callback(const std_msgs::String::SharedPtr [01;31m[Kmsg[m[K){
      |                                                                     [01;31m[K^~~[m[K
[01m[K/home/curry/wilson_proj/ros2-rover-ws/src/package_rover_control/src/node_rover_control_a.cpp:51:52:[m[K [01;31m[Kerror: [m[Kâ€˜[01m[KString[m[Kâ€™ in namespace â€˜[01m[Kstd_msgs[m[Kâ€™ does not name a type
   51 |     void topic_speedlimit_callback(const std_msgs::[01;31m[KString[m[K::SharedPtr msg) {
      |                                                    [01;31m[K^~~~~~[m[K
[01m[K/home/curry/wilson_proj/ros2-rover-ws/src/package_rover_control/src/node_rover_control_a.cpp:51:70:[m[K [01;31m[Kerror: [m[Kexpected unqualified-id before â€˜[01m[Kmsg[m[Kâ€™
   51 |     void topic_speedlimit_callback(const std_msgs::String::SharedPtr [01;31m[Kmsg[m[K) {
      |                                                                      [01;31m[K^~~[m[K
[01m[K/home/curry/wilson_proj/ros2-rover-ws/src/package_rover_control/src/node_rover_control_a.cpp:51:69:[m[K [01;31m[Kerror: [m[Kexpected â€˜[01m[K)[m[Kâ€™ before â€˜[01m[Kmsg[m[Kâ€™
   51 |     void topic_speedlimit_callback[34m[K([m[Kconst std_msgs::String::SharedPtr[01;31m[K [m[K[32m[Kmsg[m[K) {
      |                                   [34m[K~[m[K                                 [01;31m[K^[m[K[32m[K~~~[m[K
      |                                                                     [32m[K)[m[K
[01m[K/home/curry/wilson_proj/ros2-rover-ws/src/package_rover_control/src/node_rover_control_a.cpp:51:60:[m[K [01;31m[Kerror: [m[Kexpected â€˜[01m[K;[m[Kâ€™ at end of member declaration
   51 |     void topic_speedlimit_callback(const std_msgs::String::[01;31m[KSharedPtr[m[K msg) {
      |                                                            [01;31m[K^~~~~~~~~[m[K
      |                                                                     [32m[K;[m[K
[01m[K/home/curry/wilson_proj/ros2-rover-ws/src/package_rover_control/src/node_rover_control_a.cpp:51:70:[m[K [01;31m[Kerror: [m[Kâ€˜[01m[Kmsg[m[Kâ€™ does not name a type
   51 |     void topic_speedlimit_callback(const std_msgs::String::SharedPtr [01;31m[Kmsg[m[K) {
      |                                                                      [01;31m[K^~~[m[K
[01m[K/home/curry/wilson_proj/ros2-rover-ws/src/package_rover_control/src/node_rover_control_a.cpp:59:53:[m[K [01;31m[Kerror: [m[Kâ€˜[01m[KUInt16MultiArray[m[Kâ€™ in namespace â€˜[01m[Kstd_msgs[m[Kâ€™ does not name a type
   59 |     void topic_destination_callback(const std_msgs::[01;31m[KUInt16MultiArray[m[K::SharedPtr msg){
      |                                                     [01;31m[K^~~~~~~~~~~~~~~~[m[K
[01m[K/home/curry/wilson_proj/ros2-rover-ws/src/package_rover_control/src/node_rover_control_a.cpp:59:81:[m[K [01;31m[Kerror: [m[Kexpected unqualified-id before â€˜[01m[Kmsg[m[Kâ€™
   59 |     void topic_destination_callback(const std_msgs::UInt16MultiArray::SharedPtr [01;31m[Kmsg[m[K){
      |                                                                                 [01;31m[K^~~[m[K
[01m[K/home/curry/wilson_proj/ros2-rover-ws/src/package_rover_control/src/node_rover_control_a.cpp:59:80:[m[K [01;31m[Kerror: [m[Kexpected â€˜[01m[K)[m[Kâ€™ before â€˜[01m[Kmsg[m[Kâ€™
   59 |     void topic_destination_callback[34m[K([m[Kconst std_msgs::UInt16MultiArray::SharedPtr[01;31m[K [m[K[32m[Kmsg[m[K){
      |                                    [34m[K~[m[K                                           [01;31m[K^[m[K[32m[K~~~[m[K
      |                                                                                [32m[K)[m[K
[01m[K/home/curry/wilson_proj/ros2-rover-ws/src/package_rover_control/src/node_rover_control_a.cpp:59:71:[m[K [01;31m[Kerror: [m[Kexpected â€˜[01m[K;[m[Kâ€™ at end of member declaration
   59 |     void topic_destination_callback(const std_msgs::UInt16MultiArray::[01;31m[KSharedPtr[m[K msg){
      |                                                                       [01;31m[K^~~~~~~~~[m[K
      |                                                                                [32m[K;[m[K
[01m[K/home/curry/wilson_proj/ros2-rover-ws/src/package_rover_control/src/node_rover_control_a.cpp:59:81:[m[K [01;31m[Kerror: [m[Kâ€˜[01m[Kmsg[m[Kâ€™ does not name a type
   59 |     void topic_destination_callback(const std_msgs::UInt16MultiArray::SharedPtr [01;31m[Kmsg[m[K){
      |                                                                                 [01;31m[K^~~[m[K
[01m[K/home/curry/wilson_proj/ros2-rover-ws/src/package_rover_control/src/node_rover_control_a.cpp:[m[K In constructor â€˜[01m[KNode_Rovercontrol::Node_Rovercontrol()[m[Kâ€™:
[01m[K/home/curry/wilson_proj/ros2-rover-ws/src/package_rover_control/src/node_rover_control_a.cpp:17:78:[m[K [01;31m[Kerror: [m[Kâ€˜[01m[KString[m[Kâ€™ is not a member of â€˜[01m[Kstd_msgs[m[Kâ€™; did you mean â€˜[01m[Kstd_msgs::msg::String[m[Kâ€™?
   17 |         topic_speedlimit_subscription_ = this->create_subscription<std_msgs::[01;31m[KString[m[K>(
      |                                                                              [01;31m[K^~~~~~[m[K
In file included from [01m[K/opt/ros/humble/include/std_msgs/std_msgs/msg/string.hpp:7[m[K,
                 from [01m[K/home/curry/wilson_proj/ros2-rover-ws/src/package_rover_control/src/node_rover_control_a.cpp:2[m[K:
[01m[K/opt/ros/humble/include/std_msgs/std_msgs/msg/detail/string__struct.hpp:122:7:[m[K [01;36m[Knote: [m[Kâ€˜[01m[Kstd_msgs::msg::String[m[Kâ€™ declared here
  122 | using [01;36m[KString[m[K =
      |       [01;36m[K^~~~~~[m[K
[01m[K/home/curry/wilson_proj/ros2-rover-ws/src/package_rover_control/src/node_rover_control_a.cpp:17:85:[m[K [01;31m[Kerror: [m[Kno matching function for call to â€˜[01m[KNode_Rovercontrol::create_subscription<<expression error> >(const char [19], int, std::_Bind_helper<false, void (Node_Rovercontrol::*)(...), Node_Rovercontrol*, const std::_Placeholder<1>&>::type)[m[Kâ€™
   17 |         topic_speedlimit_subscription_ = [01;31m[Kthis->create_subscription<std_msgs::String>([m[K
      |                                          [01;31m[K~~~~~~~~~~~~~~~~~~~~~~~~~~~~~~~~~~~~~~~~~~~^[m[K
   18 | [01;31m[K            "topic_speedlimit_t", 10,[m[K
      |             [01;31m[K~~~~~~~~~~~~~~~~~~~~~~~~~[m[K                                                
   19 | [01;31m[K            std::bind(&Node_Rovercontrol::topic_speedlimit_callback, this, std::placeholders::_1)[m[K
      |             [01;31m[K~~~~~~~~~~~~~~~~~~~~~~~~~~~~~~~~~~~~~~~~~~~~~~~~~~~~~~~~~~~~~~~~~~~~~~~~~~~~~~~~~~~~~[m[K
   20 | [01;31m[K        )[m[K;
      |         [01;31m[K~[m[K                                                                            
In file included from [01m[K/opt/ros/humble/include/rclcpp/rclcpp/executors/single_threaded_executor.hpp:28[m[K,
                 from [01m[K/opt/ros/humble/include/rclcpp/rclcpp/executors.hpp:22[m[K,
                 from [01m[K/opt/ros/humble/include/rclcpp/rclcpp/rclcpp.hpp:155[m[K,
                 from [01m[K/home/curry/wilson_proj/ros2-rover-ws/src/package_rover_control/src/node_rover_control_a.cpp:1[m[K:
[01m[K/opt/ros/humble/include/rclcpp/rclcpp/node.hpp:219:3:[m[K [01;36m[Knote: [m[Kcandidate: â€˜[01m[Ktemplate<class MessageT, class CallbackT, class AllocatorT, class SubscriptionT, class MessageMemoryStrategyT> std::shared_ptr<ROSMessageT> rclcpp::Node::create_subscription(const string&, const rclcpp::QoS&, CallbackT&&, const rclcpp::SubscriptionOptionsWithAllocator<AllocatorT>&, typename MessageMemoryStrategyT::SharedPtr)[m[Kâ€™
  219 |   [01;36m[Kcreate_subscription[m[K(
      |   [01;36m[K^~~~~~~~~~~~~~~~~~~[m[K
[01m[K/opt/ros/humble/include/rclcpp/rclcpp/node.hpp:219:3:[m[K [01;36m[Knote: [m[K  template argument deduction/substitution failed:
[01m[K/home/curry/wilson_proj/ros2-rover-ws/src/package_rover_control/src/node_rover_control_a.cpp:17:85:[m[K [01;31m[Kerror: [m[Ktemplate argument 1 is invalid
   17 |         topic_speedlimit_subscription_ = [01;31m[Kthis->create_subscription<std_msgs::String>([m[K
      |                                          [01;31m[K~~~~~~~~~~~~~~~~~~~~~~~~~~~~~~~~~~~~~~~~~~~^[m[K
   18 | [01;31m[K            "topic_speedlimit_t", 10,[m[K
      |             [01;31m[K~~~~~~~~~~~~~~~~~~~~~~~~~[m[K                                                
   19 | [01;31m[K            std::bind(&Node_Rovercontrol::topic_speedlimit_callback, this, std::placeholders::_1)[m[K
      |             [01;31m[K~~~~~~~~~~~~~~~~~~~~~~~~~~~~~~~~~~~~~~~~~~~~~~~~~~~~~~~~~~~~~~~~~~~~~~~~~~~~~~~~~~~~~[m[K
   20 | [01;31m[K        )[m[K;
      |         [01;31m[K~[m[K                                                                            
[01m[K/home/curry/wilson_proj/ros2-rover-ws/src/package_rover_control/src/node_rover_control_a.cpp:22:79:[m[K [01;31m[Kerror: [m[Kâ€˜[01m[KUInt16MultiArray[m[Kâ€™ is not a member of â€˜[01m[Kstd_msgs[m[Kâ€™; did you mean â€˜[01m[Kstd_msgs::msg::UInt16MultiArray[m[Kâ€™?
   22 |     topic_destination_subscription_ = this->create_subscription<std_msgs::[01;31m[KUInt16MultiArray[m[K>(
      |                                                                           [01;31m[K^~~~~~~~~~~~~~~~[m[K

In file included from [01m[K/opt/ros/humble/include/std_msgs/std_msgs/msg/u_int16_multi_array.hpp:7[m[K,
                 from [01m[K/home/curry/wilson_proj/ros2-rover-ws/src/package_rover_control/src/node_rover_control_a.cpp:3[m[K:
[01m[K/opt/ros/humble/include/std_msgs/std_msgs/msg/detail/u_int16_multi_array__struct.hpp:131:7:[m[K [01;36m[Knote: [m[Kâ€˜[01m[Kstd_msgs::msg::UInt16MultiArray[m[Kâ€™ declared here
  131 | using [01;36m[KUInt16MultiArray[m[K =
      |       [01;36m[K^~~~~~~~~~~~~~~~[m[K
[01m[K/home/curry/wilson_proj/ros2-rover-ws/src/package_rover_control/src/node_rover_control_a.cpp:22:96:[m[K [01;31m[Kerror: [m[Kno matching function for call to â€˜[01m[KNode_Rovercontrol::create_subscription<<expression error> >(const char [18], int, std::_Bind_helper<false, void (Node_Rovercontrol::*)(...), Node_Rovercontrol*, const std::_Placeholder<1>&>::type)[m[Kâ€™
   22 | ic_destination_subscription_ = [01;31m[Kthis->create_subscription<std_msgs::UInt16MultiArray>([m[K
      |                                [01;31m[K~~~~~~~~~~~~~~~~~~~~~~~~~~~~~~~~~~~~~~~~~~~~~~~~~~~~~^[m[K

   23 | [01;31m[K "topic_destination", 10,[m[K
      |  [01;31m[K~~~~~~~~~~~~~~~~~~~~~~~~[m[K                                                            

   24 | [01;31m[K std::bind(&Node_Rovercontrol::topic_destination_callback, this, std::placeholders::_1)[m[K
      |  [01;31m[K~~~~~~~~~~~~~~~~~~~~~~~~~~~~~~~~~~~~~~~~~~~~~~~~~~~~~~~~~~~~~~~~~~~~~~~~~~~~~~~~~~~~~~[m[K

   25 | 
      |                                                                                      

In file included from [01m[K/opt/ros/humble/include/rclcpp/rclcpp/executors/single_threaded_executor.hpp:28[m[K,
                 from [01m[K/opt/ros/humble/include/rclcpp/rclcpp/executors.hpp:22[m[K,
                 from [01m[K/opt/ros/humble/include/rclcpp/rclcpp/rclcpp.hpp:155[m[K,
                 from [01m[K/home/curry/wilson_proj/ros2-rover-ws/src/package_rover_control/src/node_rover_control_a.cpp:1[m[K:
[01m[K/opt/ros/humble/include/rclcpp/rclcpp/node.hpp:219:3:[m[K [01;36m[Knote: [m[Kcandidate: â€˜[01m[Ktemplate<class MessageT, class CallbackT, class AllocatorT, class SubscriptionT, class MessageMemoryStrategyT> std::shared_ptr<ROSMessageT> rclcpp::Node::create_subscription(const string&, const rclcpp::QoS&, CallbackT&&, const rclcpp::SubscriptionOptionsWithAllocator<AllocatorT>&, typename MessageMemoryStrategyT::SharedPtr)[m[Kâ€™
  219 |   [01;36m[Kcreate_subscription[m[K(
      |   [01;36m[K^~~~~~~~~~~~~~~~~~~[m[K
[01m[K/opt/ros/humble/include/rclcpp/rclcpp/node.hpp:219:3:[m[K [01;36m[Knote: [m[K  template argument deduction/substitution failed:
[01m[K/home/curry/wilson_proj/ros2-rover-ws/src/package_rover_control/src/node_rover_control_a.cpp:22:96:[m[K [01;31m[Kerror: [m[Ktemplate argument 1 is invalid
   22 | ic_destination_subscription_ = [01;31m[Kthis->create_subscription<std_msgs::UInt16MultiArray>([m[K
      |                                [01;31m[K~~~~~~~~~~~~~~~~~~~~~~~~~~~~~~~~~~~~~~~~~~~~~~~~~~~~~^[m[K

   23 | [01;31m[K "topic_destination", 10,[m[K
      |  [01;31m[K~~~~~~~~~~~~~~~~~~~~~~~~[m[K                                                            

   24 | [01;31m[K std::bind(&Node_Rovercontrol::topic_destination_callback, this, std::placeholders::_1)[m[K
      |  [01;31m[K~~~~~~~~~~~~~~~~~~~~~~~~~~~~~~~~~~~~~~~~~~~~~~~~~~~~~~~~~~~~~~~~~~~~~~~~~~~~~~~~~~~~~~[m[K

   25 | 
      |                                                                                      

[01m[K/home/curry/wilson_proj/ros2-rover-ws/src/package_rover_control/src/node_rover_control_a.cpp:27:77:[m[K [01;31m[Kerror: [m[Kâ€˜[01m[KString[m[Kâ€™ is not a member of â€˜[01m[Kstd_msgs[m[Kâ€™; did you mean â€˜[01m[Kstd_msgs::msg::String[m[Kâ€™?
   27 |         topic_direction_subscription_ = this->create_subscription<std_msgs::[01;31m[KString[m[K>(
      |                                                                             [01;31m[K^~~~~~[m[K
In file included from [01m[K/opt/ros/humble/include/std_msgs/std_msgs/msg/string.hpp:7[m[K,
                 from [01m[K/home/curry/wilson_proj/ros2-rover-ws/src/package_rover_control/src/node_rover_control_a.cpp:2[m[K:
[01m[K/opt/ros/humble/include/std_msgs/std_msgs/msg/detail/string__struct.hpp:122:7:[m[K [01;36m[Knote: [m[Kâ€˜[01m[Kstd_msgs::msg::String[m[Kâ€™ declared here
  122 | using [01;36m[KString[m[K =
      |       [01;36m[K^~~~~~[m[K
[01m[K/home/curry/wilson_proj/ros2-rover-ws/src/package_rover_control/src/node_rover_control_a.cpp:27:84:[m[K [01;31m[Kerror: [m[Kno matching function for call to â€˜[01m[KNode_Rovercontrol::create_subscription<<expression error> >(const char [16], int, std::_Bind_helper<false, void (Node_Rovercontrol::*)(...), Node_Rovercontrol*, const std::_Placeholder<1>&>::type)[m[Kâ€™
   27 |         topic_direction_subscription_ = [01;31m[Kthis->create_subscription<std_msgs::String>([m[K
      |                                         [01;31m[K~~~~~~~~~~~~~~~~~~~~~~~~~~~~~~~~~~~~~~~~~~~^[m[K
   28 | [01;31m[K            "topic_direction", 10,[m[K
      |             [01;31m[K~~~~~~~~~~~~~~~~~~~~~~[m[K                                                  
   29 | [01;31m[K            std::bind(&Node_Rovercontrol::topic_direction_callback, this, std::placeholders::_1)[m[K
      |             [01;31m[K~~~~~~~~~~~~~~~~~~~~~~~~~~~~~~~~~~~~~~~~~~~~~~~~~~~~~~~~~~~~~~~~~~~~~~~~~~~~~~~~~~~~[m[K
   30 | [01;31m[K        )[m[K;
      |         [01;31m[K~[m[K                                                                           
In file included from [01m[K/opt/ros/humble/include/rclcpp/rclcpp/executors/single_threaded_executor.hpp:28[m[K,
                 from [01m[K/opt/ros/humble/include/rclcpp/rclcpp/executors.hpp:22[m[K,
                 from [01m[K/opt/ros/humble/include/rclcpp/rclcpp/rclcpp.hpp:155[m[K,
                 from [01m[K/home/curry/wilson_proj/ros2-rover-ws/src/package_rover_control/src/node_rover_control_a.cpp:1[m[K:
[01m[K/opt/ros/humble/include/rclcpp/rclcpp/node.hpp:219:3:[m[K [01;36m[Knote: [m[Kcandidate: â€˜[01m[Ktemplate<class MessageT, class CallbackT, class AllocatorT, class SubscriptionT, class MessageMemoryStrategyT> std::shared_ptr<ROSMessageT> rclcpp::Node::create_subscription(const string&, const rclcpp::QoS&, CallbackT&&, const rclcpp::SubscriptionOptionsWithAllocator<AllocatorT>&, typename MessageMemoryStrategyT::SharedPtr)[m[Kâ€™
  219 |   [01;36m[Kcreate_subscription[m[K(
      |   [01;36m[K^~~~~~~~~~~~~~~~~~~[m[K
[01m[K/opt/ros/humble/include/rclcpp/rclcpp/node.hpp:219:3:[m[K [01;36m[Knote: [m[K  template argument deduction/substitution failed:
[01m[K/home/curry/wilson_proj/ros2-rover-ws/src/package_rover_control/src/node_rover_control_a.cpp:27:84:[m[K [01;31m[Kerror: [m[Ktemplate argument 1 is invalid
   27 |         topic_direction_subscription_ = [01;31m[Kthis->create_subscription<std_msgs::String>([m[K
      |                                         [01;31m[K~~~~~~~~~~~~~~~~~~~~~~~~~~~~~~~~~~~~~~~~~~~^[m[K
   28 | [01;31m[K            "topic_direction", 10,[m[K
      |             [01;31m[K~~~~~~~~~~~~~~~~~~~~~~[m[K                                                  
   29 | [01;31m[K            std::bind(&Node_Rovercontrol::topic_direction_callback, this, std::placeholders::_1)[m[K
      |             [01;31m[K~~~~~~~~~~~~~~~~~~~~~~~~~~~~~~~~~~~~~~~~~~~~~~~~~~~~~~~~~~~~~~~~~~~~~~~~~~~~~~~~~~~~[m[K
   30 | [01;31m[K        )[m[K;
      |         [01;31m[K~[m[K                                                                           
[01m[K/home/curry/wilson_proj/ros2-rover-ws/src/package_rover_control/src/node_rover_control_a.cpp:32:74:[m[K [01;31m[Kerror: [m[Kâ€˜[01m[KString[m[Kâ€™ is not a member of â€˜[01m[Kstd_msgs[m[Kâ€™; did you mean â€˜[01m[Kstd_msgs::msg::String[m[Kâ€™?
   32 |         topic_rovercontrol_publisher_ = this->create_publisher<std_msgs::[01;31m[KString[m[K>("pub_rovercontrol", 10);
      |                                                                          [01;31m[K^~~~~~[m[K
In file included from [01m[K/opt/ros/humble/include/std_msgs/std_msgs/msg/string.hpp:7[m[K,
                 from [01m[K/home/curry/wilson_proj/ros2-rover-ws/src/package_rover_control/src/node_rover_control_a.cpp:2[m[K:
[01m[K/opt/ros/humble/include/std_msgs/std_msgs/msg/detail/string__struct.hpp:122:7:[m[K [01;36m[Knote: [m[Kâ€˜[01m[Kstd_msgs::msg::String[m[Kâ€™ declared here
  122 | using [01;36m[KString[m[K =
      |       [01;36m[K^~~~~~[m[K
[01m[K/home/curry/wilson_proj/ros2-rover-ws/src/package_rover_control/src/node_rover_control_a.cpp:32:81:[m[K [01;31m[Kerror: [m[Kno matching function for call to â€˜[01m[KNode_Rovercontrol::create_publisher<<expression error> >(const char [17], int)[m[Kâ€™
   32 |   topic_rovercontrol_publisher_ = [01;31m[Kthis->create_publisher<std_msgs::String>("pub_rovercontrol", 10)[m[K;
      |                                   [01;31m[K~~~~~~~~~~~~~~~~~~~~~~~~~~~~~~~~~~~~~~~~^~~~~~~~~~~~~~~~~~~~~~~~[m[K

In file included from [01m[K/opt/ros/humble/include/rclcpp/rclcpp/executors/single_threaded_executor.hpp:28[m[K,
                 from [01m[K/opt/ros/humble/include/rclcpp/rclcpp/executors.hpp:22[m[K,
                 from [01m[K/opt/ros/humble/include/rclcpp/rclcpp/rclcpp.hpp:155[m[K,
                 from [01m[K/home/curry/wilson_proj/ros2-rover-ws/src/package_rover_control/src/node_rover_control_a.cpp:1[m[K:
[01m[K/opt/ros/humble/include/rclcpp/rclcpp/node.hpp:195:3:[m[K [01;36m[Knote: [m[Kcandidate: â€˜[01m[Ktemplate<class MessageT, class AllocatorT, class PublisherT> std::shared_ptr<PublisherT> rclcpp::Node::create_publisher(const string&, const rclcpp::QoS&, const rclcpp::PublisherOptionsWithAllocator<AllocatorT>&)[m[Kâ€™
  195 |   [01;36m[Kcreate_publisher[m[K(
      |   [01;36m[K^~~~~~~~~~~~~~~~[m[K
[01m[K/opt/ros/humble/include/rclcpp/rclcpp/node.hpp:195:3:[m[K [01;36m[Knote: [m[K  template argument deduction/substitution failed:
[01m[K/home/curry/wilson_proj/ros2-rover-ws/src/package_rover_control/src/node_rover_control_a.cpp:32:81:[m[K [01;31m[Kerror: [m[Ktemplate argument 1 is invalid
   32 |   topic_rovercontrol_publisher_ = [01;31m[Kthis->create_publisher<std_msgs::String>("pub_rovercontrol", 10)[m[K;
      |                                   [01;31m[K~~~~~~~~~~~~~~~~~~~~~~~~~~~~~~~~~~~~~~~~^~~~~~~~~~~~~~~~~~~~~~~~[m[K

gmake[2]: *** [CMakeFiles/node_rovercontrol.dir/build.make:76: CMakeFiles/node_rovercontrol.dir/src/node_rover_control_a.cpp.o] Error 1
gmake[1]: *** [CMakeFiles/Makefile2:193: CMakeFiles/node_rovercontrol.dir/all] Error 2
gmake: *** [Makefile:146: all] Error 2
