[0.100s] Invoking command in '/home/curry/wilson_proj/ros2-rover-ws/build/package_rover_control': CMAKE_PREFIX_PATH=/opt/ros/humble /usr/bin/cmake --build /home/curry/wilson_proj/ros2-rover-ws/build/package_rover_control -- -j4 -l4
[0.458s] [35m[1mConsolidate compiler generated dependencies of target node_rovercontrol[0m
[0.481s] [ 33%] Built target motorcontrol
[0.587s] [ 66%] Built target node_motor_control
[0.637s] [ 83%] [32mBuilding CXX object CMakeFiles/node_rovercontrol.dir/src/node_rover_control_a.cpp.o[0m
[11.772s] [01m[K/home/curry/wilson_proj/ros2-rover-ws/src/package_rover_control/src/node_rover_control_a.cpp:43:51:[m[K [01;31m[Kerror: [m[Kâ€˜[01m[KString[m[Kâ€™ in namespace â€˜[01m[Kstd_msgs[m[Kâ€™ does not name a type
[11.773s]    43 |     void topic_direction_callback(const std_msgs::[01;31m[KString[m[K::SharedPtr msg){
[11.774s]       |                                                   [01;31m[K^~~~~~[m[K
[11.774s] [01m[K/home/curry/wilson_proj/ros2-rover-ws/src/package_rover_control/src/node_rover_control_a.cpp:43:69:[m[K [01;31m[Kerror: [m[Kexpected unqualified-id before â€˜[01m[Kmsg[m[Kâ€™
[11.775s]    43 |     void topic_direction_callback(const std_msgs::String::SharedPtr [01;31m[Kmsg[m[K){
[11.776s]       |                                                                     [01;31m[K^~~[m[K
[11.778s] [01m[K/home/curry/wilson_proj/ros2-rover-ws/src/package_rover_control/src/node_rover_control_a.cpp:43:68:[m[K [01;31m[Kerror: [m[Kexpected â€˜[01m[K)[m[Kâ€™ before â€˜[01m[Kmsg[m[Kâ€™
[11.779s]    43 |     void topic_direction_callback[34m[K([m[Kconst std_msgs::String::SharedPtr[01;31m[K [m[K[32m[Kmsg[m[K){
[11.780s]       |                                  [34m[K~[m[K                                 [01;31m[K^[m[K[32m[K~~~[m[K
[11.780s]       |                                                                    [32m[K)[m[K
[11.781s] [01m[K/home/curry/wilson_proj/ros2-rover-ws/src/package_rover_control/src/node_rover_control_a.cpp:43:59:[m[K [01;31m[Kerror: [m[Kexpected â€˜[01m[K;[m[Kâ€™ at end of member declaration
[11.782s]    43 |     void topic_direction_callback(const std_msgs::String::[01;31m[KSharedPtr[m[K msg){
[11.782s]       |                                                           [01;31m[K^~~~~~~~~[m[K
[11.783s]       |                                                                    [32m[K;[m[K
[11.784s] [01m[K/home/curry/wilson_proj/ros2-rover-ws/src/package_rover_control/src/node_rover_control_a.cpp:43:69:[m[K [01;31m[Kerror: [m[Kâ€˜[01m[Kmsg[m[Kâ€™ does not name a type
[11.785s]    43 |     void topic_direction_callback(const std_msgs::String::SharedPtr [01;31m[Kmsg[m[K){
[11.786s]       |                                                                     [01;31m[K^~~[m[K
[11.788s] [01m[K/home/curry/wilson_proj/ros2-rover-ws/src/package_rover_control/src/node_rover_control_a.cpp:51:52:[m[K [01;31m[Kerror: [m[Kâ€˜[01m[KString[m[Kâ€™ in namespace â€˜[01m[Kstd_msgs[m[Kâ€™ does not name a type
[11.789s]    51 |     void topic_speedlimit_callback(const std_msgs::[01;31m[KString[m[K::SharedPtr msg) {
[11.790s]       |                                                    [01;31m[K^~~~~~[m[K
[11.791s] [01m[K/home/curry/wilson_proj/ros2-rover-ws/src/package_rover_control/src/node_rover_control_a.cpp:51:70:[m[K [01;31m[Kerror: [m[Kexpected unqualified-id before â€˜[01m[Kmsg[m[Kâ€™
[11.792s]    51 |     void topic_speedlimit_callback(const std_msgs::String::SharedPtr [01;31m[Kmsg[m[K) {
[11.793s]       |                                                                      [01;31m[K^~~[m[K
[11.794s] [01m[K/home/curry/wilson_proj/ros2-rover-ws/src/package_rover_control/src/node_rover_control_a.cpp:51:69:[m[K [01;31m[Kerror: [m[Kexpected â€˜[01m[K)[m[Kâ€™ before â€˜[01m[Kmsg[m[Kâ€™
[11.795s]    51 |     void topic_speedlimit_callback[34m[K([m[Kconst std_msgs::String::SharedPtr[01;31m[K [m[K[32m[Kmsg[m[K) {
[11.796s]       |                                   [34m[K~[m[K                                 [01;31m[K^[m[K[32m[K~~~[m[K
[11.796s]       |                                                                     [32m[K)[m[K
[11.797s] [01m[K/home/curry/wilson_proj/ros2-rover-ws/src/package_rover_control/src/node_rover_control_a.cpp:51:60:[m[K [01;31m[Kerror: [m[Kexpected â€˜[01m[K;[m[Kâ€™ at end of member declaration
[11.798s]    51 |     void topic_speedlimit_callback(const std_msgs::String::[01;31m[KSharedPtr[m[K msg) {
[11.798s]       |                                                            [01;31m[K^~~~~~~~~[m[K
[11.799s]       |                                                                     [32m[K;[m[K
[11.800s] [01m[K/home/curry/wilson_proj/ros2-rover-ws/src/package_rover_control/src/node_rover_control_a.cpp:51:70:[m[K [01;31m[Kerror: [m[Kâ€˜[01m[Kmsg[m[Kâ€™ does not name a type
[11.800s]    51 |     void topic_speedlimit_callback(const std_msgs::String::SharedPtr [01;31m[Kmsg[m[K) {
[11.801s]       |                                                                      [01;31m[K^~~[m[K
[11.802s] [01m[K/home/curry/wilson_proj/ros2-rover-ws/src/package_rover_control/src/node_rover_control_a.cpp:59:53:[m[K [01;31m[Kerror: [m[Kâ€˜[01m[KUInt16MultiArray[m[Kâ€™ in namespace â€˜[01m[Kstd_msgs[m[Kâ€™ does not name a type
[11.802s]    59 |     void topic_destination_callback(const std_msgs::[01;31m[KUInt16MultiArray[m[K::SharedPtr msg){
[11.803s]       |                                                     [01;31m[K^~~~~~~~~~~~~~~~[m[K
[11.804s] [01m[K/home/curry/wilson_proj/ros2-rover-ws/src/package_rover_control/src/node_rover_control_a.cpp:59:81:[m[K [01;31m[Kerror: [m[Kexpected unqualified-id before â€˜[01m[Kmsg[m[Kâ€™
[11.804s]    59 |     void topic_destination_callback(const std_msgs::UInt16MultiArray::SharedPtr [01;31m[Kmsg[m[K){
[11.805s]       |                                                                                 [01;31m[K^~~[m[K
[11.806s] [01m[K/home/curry/wilson_proj/ros2-rover-ws/src/package_rover_control/src/node_rover_control_a.cpp:59:80:[m[K [01;31m[Kerror: [m[Kexpected â€˜[01m[K)[m[Kâ€™ before â€˜[01m[Kmsg[m[Kâ€™
[11.806s]    59 |     void topic_destination_callback[34m[K([m[Kconst std_msgs::UInt16MultiArray::SharedPtr[01;31m[K [m[K[32m[Kmsg[m[K){
[11.807s]       |                                    [34m[K~[m[K                                           [01;31m[K^[m[K[32m[K~~~[m[K
[11.808s]       |                                                                                [32m[K)[m[K
[11.809s] [01m[K/home/curry/wilson_proj/ros2-rover-ws/src/package_rover_control/src/node_rover_control_a.cpp:59:71:[m[K [01;31m[Kerror: [m[Kexpected â€˜[01m[K;[m[Kâ€™ at end of member declaration
[11.809s]    59 |     void topic_destination_callback(const std_msgs::UInt16MultiArray::[01;31m[KSharedPtr[m[K msg){
[11.810s]       |                                                                       [01;31m[K^~~~~~~~~[m[K
[11.811s]       |                                                                                [32m[K;[m[K
[11.811s] [01m[K/home/curry/wilson_proj/ros2-rover-ws/src/package_rover_control/src/node_rover_control_a.cpp:59:81:[m[K [01;31m[Kerror: [m[Kâ€˜[01m[Kmsg[m[Kâ€™ does not name a type
[11.812s]    59 |     void topic_destination_callback(const std_msgs::UInt16MultiArray::SharedPtr [01;31m[Kmsg[m[K){
[11.813s]       |                                                                                 [01;31m[K^~~[m[K
[12.181s] [01m[K/home/curry/wilson_proj/ros2-rover-ws/src/package_rover_control/src/node_rover_control_a.cpp:[m[K In constructor â€˜[01m[KNode_Rovercontrol::Node_Rovercontrol()[m[Kâ€™:
[12.182s] [01m[K/home/curry/wilson_proj/ros2-rover-ws/src/package_rover_control/src/node_rover_control_a.cpp:17:78:[m[K [01;31m[Kerror: [m[Kâ€˜[01m[KString[m[Kâ€™ is not a member of â€˜[01m[Kstd_msgs[m[Kâ€™; did you mean â€˜[01m[Kstd_msgs::msg::String[m[Kâ€™?
[12.183s]    17 |         topic_speedlimit_subscription_ = this->create_subscription<std_msgs::[01;31m[KString[m[K>(
[12.183s]       |                                                                              [01;31m[K^~~~~~[m[K
[12.184s] In file included from [01m[K/opt/ros/humble/include/std_msgs/std_msgs/msg/string.hpp:7[m[K,
[12.184s]                  from [01m[K/home/curry/wilson_proj/ros2-rover-ws/src/package_rover_control/src/node_rover_control_a.cpp:2[m[K:
[12.185s] [01m[K/opt/ros/humble/include/std_msgs/std_msgs/msg/detail/string__struct.hpp:122:7:[m[K [01;36m[Knote: [m[Kâ€˜[01m[Kstd_msgs::msg::String[m[Kâ€™ declared here
[12.185s]   122 | using [01;36m[KString[m[K =
[12.186s]       |       [01;36m[K^~~~~~[m[K
[12.202s] [01m[K/home/curry/wilson_proj/ros2-rover-ws/src/package_rover_control/src/node_rover_control_a.cpp:17:85:[m[K [01;31m[Kerror: [m[Kno matching function for call to â€˜[01m[KNode_Rovercontrol::create_subscription<<expression error> >(const char [19], int, std::_Bind_helper<false, void (Node_Rovercontrol::*)(...), Node_Rovercontrol*, const std::_Placeholder<1>&>::type)[m[Kâ€™
[12.202s]    17 |         topic_speedlimit_subscription_ = [01;31m[Kthis->create_subscription<std_msgs::String>([m[K
[12.203s]       |                                          [01;31m[K~~~~~~~~~~~~~~~~~~~~~~~~~~~~~~~~~~~~~~~~~~~^[m[K
[12.205s]    18 | [01;31m[K            "topic_speedlimit_t", 10,[m[K
[12.206s]       |             [01;31m[K~~~~~~~~~~~~~~~~~~~~~~~~~[m[K                                                
[12.210s]    19 | [01;31m[K            std::bind(&Node_Rovercontrol::topic_speedlimit_callback, this, std::placeholders::_1)[m[K
[12.210s]       |             [01;31m[K~~~~~~~~~~~~~~~~~~~~~~~~~~~~~~~~~~~~~~~~~~~~~~~~~~~~~~~~~~~~~~~~~~~~~~~~~~~~~~~~~~~~~[m[K
[12.211s]    20 | [01;31m[K        )[m[K;
[12.211s]       |         [01;31m[K~[m[K                                                                            
[12.212s] In file included from [01m[K/opt/ros/humble/include/rclcpp/rclcpp/executors/single_threaded_executor.hpp:28[m[K,
[12.212s]                  from [01m[K/opt/ros/humble/include/rclcpp/rclcpp/executors.hpp:22[m[K,
[12.213s]                  from [01m[K/opt/ros/humble/include/rclcpp/rclcpp/rclcpp.hpp:155[m[K,
[12.213s]                  from [01m[K/home/curry/wilson_proj/ros2-rover-ws/src/package_rover_control/src/node_rover_control_a.cpp:1[m[K:
[12.214s] [01m[K/opt/ros/humble/include/rclcpp/rclcpp/node.hpp:219:3:[m[K [01;36m[Knote: [m[Kcandidate: â€˜[01m[Ktemplate<class MessageT, class CallbackT, class AllocatorT, class SubscriptionT, class MessageMemoryStrategyT> std::shared_ptr<ROSMessageT> rclcpp::Node::create_subscription(const string&, const rclcpp::QoS&, CallbackT&&, const rclcpp::SubscriptionOptionsWithAllocator<AllocatorT>&, typename MessageMemoryStrategyT::SharedPtr)[m[Kâ€™
[12.214s]   219 |   [01;36m[Kcreate_subscription[m[K(
[12.215s]       |   [01;36m[K^~~~~~~~~~~~~~~~~~~[m[K
[12.215s] [01m[K/opt/ros/humble/include/rclcpp/rclcpp/node.hpp:219:3:[m[K [01;36m[Knote: [m[K  template argument deduction/substitution failed:
[12.216s] [01m[K/home/curry/wilson_proj/ros2-rover-ws/src/package_rover_control/src/node_rover_control_a.cpp:17:85:[m[K [01;31m[Kerror: [m[Ktemplate argument 1 is invalid
[12.216s]    17 |         topic_speedlimit_subscription_ = [01;31m[Kthis->create_subscription<std_msgs::String>([m[K
[12.217s]       |                                          [01;31m[K~~~~~~~~~~~~~~~~~~~~~~~~~~~~~~~~~~~~~~~~~~~^[m[K
[12.218s]    18 | [01;31m[K            "topic_speedlimit_t", 10,[m[K
[12.218s]       |             [01;31m[K~~~~~~~~~~~~~~~~~~~~~~~~~[m[K                                                
[12.219s]    19 | [01;31m[K            std::bind(&Node_Rovercontrol::topic_speedlimit_callback, this, std::placeholders::_1)[m[K
[12.219s]       |             [01;31m[K~~~~~~~~~~~~~~~~~~~~~~~~~~~~~~~~~~~~~~~~~~~~~~~~~~~~~~~~~~~~~~~~~~~~~~~~~~~~~~~~~~~~~[m[K
[12.220s]    20 | [01;31m[K        )[m[K;
[12.220s]       |         [01;31m[K~[m[K                                                                            
[12.221s] [01m[K/home/curry/wilson_proj/ros2-rover-ws/src/package_rover_control/src/node_rover_control_a.cpp:22:79:[m[K [01;31m[Kerror: [m[Kâ€˜[01m[KUInt16MultiArray[m[Kâ€™ is not a member of â€˜[01m[Kstd_msgs[m[Kâ€™; did you mean â€˜[01m[Kstd_msgs::msg::UInt16MultiArray[m[Kâ€™?
[12.221s]    22 |     topic_destination_subscription_ = this->create_subscription<std_msgs::[01;31m[KUInt16MultiArray[m[K>(
[12.222s]       |                                                                           [01;31m[K^~~~~~~~~~~~~~~~[m[K
[12.222s] 
[12.223s] In file included from [01m[K/opt/ros/humble/include/std_msgs/std_msgs/msg/u_int16_multi_array.hpp:7[m[K,
[12.223s]                  from [01m[K/home/curry/wilson_proj/ros2-rover-ws/src/package_rover_control/src/node_rover_control_a.cpp:3[m[K:
[12.224s] [01m[K/opt/ros/humble/include/std_msgs/std_msgs/msg/detail/u_int16_multi_array__struct.hpp:131:7:[m[K [01;36m[Knote: [m[Kâ€˜[01m[Kstd_msgs::msg::UInt16MultiArray[m[Kâ€™ declared here
[12.225s]   131 | using [01;36m[KUInt16MultiArray[m[K =
[12.225s]       |       [01;36m[K^~~~~~~~~~~~~~~~[m[K
[12.226s] [01m[K/home/curry/wilson_proj/ros2-rover-ws/src/package_rover_control/src/node_rover_control_a.cpp:22:96:[m[K [01;31m[Kerror: [m[Kno matching function for call to â€˜[01m[KNode_Rovercontrol::create_subscription<<expression error> >(const char [18], int, std::_Bind_helper<false, void (Node_Rovercontrol::*)(...), Node_Rovercontrol*, const std::_Placeholder<1>&>::type)[m[Kâ€™
[12.227s]    22 | ic_destination_subscription_ = [01;31m[Kthis->create_subscription<std_msgs::UInt16MultiArray>([m[K
[12.227s]       |                                [01;31m[K~~~~~~~~~~~~~~~~~~~~~~~~~~~~~~~~~~~~~~~~~~~~~~~~~~~~~^[m[K
[12.228s] 
[12.228s]    23 | [01;31m[K "topic_destination", 10,[m[K
[12.229s]       |  [01;31m[K~~~~~~~~~~~~~~~~~~~~~~~~[m[K                                                            
[12.229s] 
[12.230s]    24 | [01;31m[K std::bind(&Node_Rovercontrol::topic_destination_callback, this, std::placeholders::_1)[m[K
[12.230s]       |  [01;31m[K~~~~~~~~~~~~~~~~~~~~~~~~~~~~~~~~~~~~~~~~~~~~~~~~~~~~~~~~~~~~~~~~~~~~~~~~~~~~~~~~~~~~~~[m[K
[12.231s] 
[12.231s]    25 | 
[12.232s]       |                                                                                      
[12.232s] 
[12.233s] In file included from [01m[K/opt/ros/humble/include/rclcpp/rclcpp/executors/single_threaded_executor.hpp:28[m[K,
[12.233s]                  from [01m[K/opt/ros/humble/include/rclcpp/rclcpp/executors.hpp:22[m[K,
[12.234s]                  from [01m[K/opt/ros/humble/include/rclcpp/rclcpp/rclcpp.hpp:155[m[K,
[12.234s]                  from [01m[K/home/curry/wilson_proj/ros2-rover-ws/src/package_rover_control/src/node_rover_control_a.cpp:1[m[K:
[12.235s] [01m[K/opt/ros/humble/include/rclcpp/rclcpp/node.hpp:219:3:[m[K [01;36m[Knote: [m[Kcandidate: â€˜[01m[Ktemplate<class MessageT, class CallbackT, class AllocatorT, class SubscriptionT, class MessageMemoryStrategyT> std::shared_ptr<ROSMessageT> rclcpp::Node::create_subscription(const string&, const rclcpp::QoS&, CallbackT&&, const rclcpp::SubscriptionOptionsWithAllocator<AllocatorT>&, typename MessageMemoryStrategyT::SharedPtr)[m[Kâ€™
[12.235s]   219 |   [01;36m[Kcreate_subscription[m[K(
[12.236s]       |   [01;36m[K^~~~~~~~~~~~~~~~~~~[m[K
[12.236s] [01m[K/opt/ros/humble/include/rclcpp/rclcpp/node.hpp:219:3:[m[K [01;36m[Knote: [m[K  template argument deduction/substitution failed:
[12.237s] [01m[K/home/curry/wilson_proj/ros2-rover-ws/src/package_rover_control/src/node_rover_control_a.cpp:22:96:[m[K [01;31m[Kerror: [m[Ktemplate argument 1 is invalid
[12.237s]    22 | ic_destination_subscription_ = [01;31m[Kthis->create_subscription<std_msgs::UInt16MultiArray>([m[K
[12.238s]       |                                [01;31m[K~~~~~~~~~~~~~~~~~~~~~~~~~~~~~~~~~~~~~~~~~~~~~~~~~~~~~^[m[K
[12.238s] 
[12.239s]    23 | [01;31m[K "topic_destination", 10,[m[K
[12.239s]       |  [01;31m[K~~~~~~~~~~~~~~~~~~~~~~~~[m[K                                                            
[12.240s] 
[12.240s]    24 | [01;31m[K std::bind(&Node_Rovercontrol::topic_destination_callback, this, std::placeholders::_1)[m[K
[12.241s]       |  [01;31m[K~~~~~~~~~~~~~~~~~~~~~~~~~~~~~~~~~~~~~~~~~~~~~~~~~~~~~~~~~~~~~~~~~~~~~~~~~~~~~~~~~~~~~~[m[K
[12.241s] 
[12.242s]    25 | 
[12.242s]       |                                                                                      
[12.243s] 
[12.243s] [01m[K/home/curry/wilson_proj/ros2-rover-ws/src/package_rover_control/src/node_rover_control_a.cpp:27:77:[m[K [01;31m[Kerror: [m[Kâ€˜[01m[KString[m[Kâ€™ is not a member of â€˜[01m[Kstd_msgs[m[Kâ€™; did you mean â€˜[01m[Kstd_msgs::msg::String[m[Kâ€™?
[12.244s]    27 |         topic_direction_subscription_ = this->create_subscription<std_msgs::[01;31m[KString[m[K>(
[12.244s]       |                                                                             [01;31m[K^~~~~~[m[K
[12.245s] In file included from [01m[K/opt/ros/humble/include/std_msgs/std_msgs/msg/string.hpp:7[m[K,
[12.245s]                  from [01m[K/home/curry/wilson_proj/ros2-rover-ws/src/package_rover_control/src/node_rover_control_a.cpp:2[m[K:
[12.246s] [01m[K/opt/ros/humble/include/std_msgs/std_msgs/msg/detail/string__struct.hpp:122:7:[m[K [01;36m[Knote: [m[Kâ€˜[01m[Kstd_msgs::msg::String[m[Kâ€™ declared here
[12.247s]   122 | using [01;36m[KString[m[K =
[12.247s]       |       [01;36m[K^~~~~~[m[K
[12.248s] [01m[K/home/curry/wilson_proj/ros2-rover-ws/src/package_rover_control/src/node_rover_control_a.cpp:27:84:[m[K [01;31m[Kerror: [m[Kno matching function for call to â€˜[01m[KNode_Rovercontrol::create_subscription<<expression error> >(const char [16], int, std::_Bind_helper<false, void (Node_Rovercontrol::*)(...), Node_Rovercontrol*, const std::_Placeholder<1>&>::type)[m[Kâ€™
[12.248s]    27 |         topic_direction_subscription_ = [01;31m[Kthis->create_subscription<std_msgs::String>([m[K
[12.249s]       |                                         [01;31m[K~~~~~~~~~~~~~~~~~~~~~~~~~~~~~~~~~~~~~~~~~~~^[m[K
[12.249s]    28 | [01;31m[K            "topic_direction", 10,[m[K
[12.250s]       |             [01;31m[K~~~~~~~~~~~~~~~~~~~~~~[m[K                                                  
[12.250s]    29 | [01;31m[K            std::bind(&Node_Rovercontrol::topic_direction_callback, this, std::placeholders::_1)[m[K
[12.251s]       |             [01;31m[K~~~~~~~~~~~~~~~~~~~~~~~~~~~~~~~~~~~~~~~~~~~~~~~~~~~~~~~~~~~~~~~~~~~~~~~~~~~~~~~~~~~~[m[K
[12.251s]    30 | [01;31m[K        )[m[K;
[12.252s]       |         [01;31m[K~[m[K                                                                           
[12.252s] In file included from [01m[K/opt/ros/humble/include/rclcpp/rclcpp/executors/single_threaded_executor.hpp:28[m[K,
[12.253s]                  from [01m[K/opt/ros/humble/include/rclcpp/rclcpp/executors.hpp:22[m[K,
[12.254s]                  from [01m[K/opt/ros/humble/include/rclcpp/rclcpp/rclcpp.hpp:155[m[K,
[12.254s]                  from [01m[K/home/curry/wilson_proj/ros2-rover-ws/src/package_rover_control/src/node_rover_control_a.cpp:1[m[K:
[12.255s] [01m[K/opt/ros/humble/include/rclcpp/rclcpp/node.hpp:219:3:[m[K [01;36m[Knote: [m[Kcandidate: â€˜[01m[Ktemplate<class MessageT, class CallbackT, class AllocatorT, class SubscriptionT, class MessageMemoryStrategyT> std::shared_ptr<ROSMessageT> rclcpp::Node::create_subscription(const string&, const rclcpp::QoS&, CallbackT&&, const rclcpp::SubscriptionOptionsWithAllocator<AllocatorT>&, typename MessageMemoryStrategyT::SharedPtr)[m[Kâ€™
[12.255s]   219 |   [01;36m[Kcreate_subscription[m[K(
[12.256s]       |   [01;36m[K^~~~~~~~~~~~~~~~~~~[m[K
[12.256s] [01m[K/opt/ros/humble/include/rclcpp/rclcpp/node.hpp:219:3:[m[K [01;36m[Knote: [m[K  template argument deduction/substitution failed:
[12.257s] [01m[K/home/curry/wilson_proj/ros2-rover-ws/src/package_rover_control/src/node_rover_control_a.cpp:27:84:[m[K [01;31m[Kerror: [m[Ktemplate argument 1 is invalid
[12.258s]    27 |         topic_direction_subscription_ = [01;31m[Kthis->create_subscription<std_msgs::String>([m[K
[12.258s]       |                                         [01;31m[K~~~~~~~~~~~~~~~~~~~~~~~~~~~~~~~~~~~~~~~~~~~^[m[K
[12.259s]    28 | [01;31m[K            "topic_direction", 10,[m[K
[12.259s]       |             [01;31m[K~~~~~~~~~~~~~~~~~~~~~~[m[K                                                  
[12.260s]    29 | [01;31m[K            std::bind(&Node_Rovercontrol::topic_direction_callback, this, std::placeholders::_1)[m[K
[12.260s]       |             [01;31m[K~~~~~~~~~~~~~~~~~~~~~~~~~~~~~~~~~~~~~~~~~~~~~~~~~~~~~~~~~~~~~~~~~~~~~~~~~~~~~~~~~~~~[m[K
[12.261s]    30 | [01;31m[K        )[m[K;
[12.261s]       |         [01;31m[K~[m[K                                                                           
[12.262s] [01m[K/home/curry/wilson_proj/ros2-rover-ws/src/package_rover_control/src/node_rover_control_a.cpp:32:74:[m[K [01;31m[Kerror: [m[Kâ€˜[01m[KString[m[Kâ€™ is not a member of â€˜[01m[Kstd_msgs[m[Kâ€™; did you mean â€˜[01m[Kstd_msgs::msg::String[m[Kâ€™?
[12.263s]    32 |         topic_rovercontrol_publisher_ = this->create_publisher<std_msgs::[01;31m[KString[m[K>("pub_rovercontrol", 10);
[12.263s]       |                                                                          [01;31m[K^~~~~~[m[K
[12.264s] In file included from [01m[K/opt/ros/humble/include/std_msgs/std_msgs/msg/string.hpp:7[m[K,
[12.264s]                  from [01m[K/home/curry/wilson_proj/ros2-rover-ws/src/package_rover_control/src/node_rover_control_a.cpp:2[m[K:
[12.265s] [01m[K/opt/ros/humble/include/std_msgs/std_msgs/msg/detail/string__struct.hpp:122:7:[m[K [01;36m[Knote: [m[Kâ€˜[01m[Kstd_msgs::msg::String[m[Kâ€™ declared here
[12.266s]   122 | using [01;36m[KString[m[K =
[12.266s]       |       [01;36m[K^~~~~~[m[K
[12.267s] [01m[K/home/curry/wilson_proj/ros2-rover-ws/src/package_rover_control/src/node_rover_control_a.cpp:32:81:[m[K [01;31m[Kerror: [m[Kno matching function for call to â€˜[01m[KNode_Rovercontrol::create_publisher<<expression error> >(const char [17], int)[m[Kâ€™
[12.267s]    32 |   topic_rovercontrol_publisher_ = [01;31m[Kthis->create_publisher<std_msgs::String>("pub_rovercontrol", 10)[m[K;
[12.268s]       |                                   [01;31m[K~~~~~~~~~~~~~~~~~~~~~~~~~~~~~~~~~~~~~~~~^~~~~~~~~~~~~~~~~~~~~~~~[m[K
[12.268s] 
[12.269s] In file included from [01m[K/opt/ros/humble/include/rclcpp/rclcpp/executors/single_threaded_executor.hpp:28[m[K,
[12.269s]                  from [01m[K/opt/ros/humble/include/rclcpp/rclcpp/executors.hpp:22[m[K,
[12.270s]                  from [01m[K/opt/ros/humble/include/rclcpp/rclcpp/rclcpp.hpp:155[m[K,
[12.270s]                  from [01m[K/home/curry/wilson_proj/ros2-rover-ws/src/package_rover_control/src/node_rover_control_a.cpp:1[m[K:
[12.271s] [01m[K/opt/ros/humble/include/rclcpp/rclcpp/node.hpp:195:3:[m[K [01;36m[Knote: [m[Kcandidate: â€˜[01m[Ktemplate<class MessageT, class AllocatorT, class PublisherT> std::shared_ptr<PublisherT> rclcpp::Node::create_publisher(const string&, const rclcpp::QoS&, const rclcpp::PublisherOptionsWithAllocator<AllocatorT>&)[m[Kâ€™
[12.271s]   195 |   [01;36m[Kcreate_publisher[m[K(
[12.272s]       |   [01;36m[K^~~~~~~~~~~~~~~~[m[K
[12.273s] [01m[K/opt/ros/humble/include/rclcpp/rclcpp/node.hpp:195:3:[m[K [01;36m[Knote: [m[K  template argument deduction/substitution failed:
[12.273s] [01m[K/home/curry/wilson_proj/ros2-rover-ws/src/package_rover_control/src/node_rover_control_a.cpp:32:81:[m[K [01;31m[Kerror: [m[Ktemplate argument 1 is invalid
[12.274s]    32 |   topic_rovercontrol_publisher_ = [01;31m[Kthis->create_publisher<std_msgs::String>("pub_rovercontrol", 10)[m[K;
[12.274s]       |                                   [01;31m[K~~~~~~~~~~~~~~~~~~~~~~~~~~~~~~~~~~~~~~~~^~~~~~~~~~~~~~~~~~~~~~~~[m[K
[12.275s] 
[14.580s] gmake[2]: *** [CMakeFiles/node_rovercontrol.dir/build.make:76: CMakeFiles/node_rovercontrol.dir/src/node_rover_control_a.cpp.o] Error 1
[14.582s] gmake[1]: *** [CMakeFiles/Makefile2:193: CMakeFiles/node_rovercontrol.dir/all] Error 2
[14.583s] gmake: *** [Makefile:146: all] Error 2
[14.590s] Invoked command in '/home/curry/wilson_proj/ros2-rover-ws/build/package_rover_control' returned '2': CMAKE_PREFIX_PATH=/opt/ros/humble /usr/bin/cmake --build /home/curry/wilson_proj/ros2-rover-ws/build/package_rover_control -- -j4 -l4
