[01m[K/home/curry/wilson_proj/ros2-rover-ws/src/package_rover_control/src/node_rover_control.cpp:[m[K In member function â€˜[01m[Kvoid Node_Rovercontrol::topic_destination_callback(std_msgs::msg::UInt16MultiArray_<std::allocator<void> >::SharedPtr)[m[Kâ€™:
[01m[K/home/curry/wilson_proj/ros2-rover-ws/src/package_rover_control/src/node_rover_control.cpp:61:13:[m[K [01;31m[Kerror: [m[Kâ€˜[01m[Ktd[m[Kâ€™ has not been declared
   61 |             [01;31m[Ktd[m[K::lock_guard<std::mutex> lock(data_lock_);
      |             [01;31m[K^~[m[K
[01m[K/home/curry/wilson_proj/ros2-rover-ws/src/package_rover_control/src/node_rover_control.cpp:61:38:[m[K [01;31m[Kerror: [m[Kexpected primary-expression before â€˜[01m[K>[m[Kâ€™ token
   61 |             td::lock_guard<std::mutex[01;31m[K>[m[K lock(data_lock_);
      |                                      [01;31m[K^[m[K
[01m[K/home/curry/wilson_proj/ros2-rover-ws/src/package_rover_control/src/node_rover_control.cpp:61:44:[m[K [01;31m[Kerror: [m[Kno matching function for call to â€˜[01m[Klock(std::mutex&)[m[Kâ€™
   61 |             td::lock_guard<std::mutex> [01;31m[Klock(data_lock_)[m[K;
      |                                        [01;31m[K~~~~^~~~~~~~~~~~[m[K
In file included from [01m[K/usr/include/c++/11/future:38[m[K,
                 from [01m[K/opt/ros/humble/include/rclcpp/rclcpp/executors.hpp:18[m[K,
                 from [01m[K/opt/ros/humble/include/rclcpp/rclcpp/rclcpp.hpp:155[m[K,
                 from [01m[K/home/curry/wilson_proj/ros2-rover-ws/src/package_rover_control/src/node_rover_control.cpp:1[m[K:
[01m[K/usr/include/c++/11/mutex:591:5:[m[K [01;36m[Knote: [m[Kcandidate: â€˜[01m[Ktemplate<class _L1, class _L2, class ... _L3> void std::lock(_L1&, _L2&, _L3& ...)[m[Kâ€™
  591 |     [01;36m[Klock[m[K(_L1& __l1, _L2& __l2, _L3&... __l3)
      |     [01;36m[K^~~~[m[K
[01m[K/usr/include/c++/11/mutex:591:5:[m[K [01;36m[Knote: [m[K  template argument deduction/substitution failed:
[01m[K/home/curry/wilson_proj/ros2-rover-ws/src/package_rover_control/src/node_rover_control.cpp:61:44:[m[K [01;36m[Knote: [m[K  candidate expects at least 2 arguments, 1 provided
   61 |             td::lock_guard<std::mutex> [01;36m[Klock(data_lock_)[m[K;
      |                                        [01;36m[K~~~~^~~~~~~~~~~~[m[K
gmake[2]: *** [CMakeFiles/node_rovercontrol.dir/build.make:76: CMakeFiles/node_rovercontrol.dir/src/node_rover_control.cpp.o] Error 1
gmake[1]: *** [CMakeFiles/Makefile2:193: CMakeFiles/node_rovercontrol.dir/all] Error 2
gmake: *** [Makefile:146: all] Error 2
