[ 50%] [32mBuilding CXX object CMakeFiles/node_destination.dir/src/node_destination.cpp.o[0m
[01m[K/home/curry/wilson_proj/ros2-rover-ws/src/package_navigate_route/src/node_destination.cpp:8:10:[m[K [01;31m[Kfatal error: [m[Kjson/json.h: No such file or directory
    8 | #include [01;31m[K<json/json.h>[m[K  // Install with: sudo apt install libjsoncpp-dev
      |          [01;31m[K^~~~~~~~~~~~~[m[K
compilation terminated.
gmake[2]: *** [CMakeFiles/node_destination.dir/build.make:76: CMakeFiles/node_destination.dir/src/node_destination.cpp.o] Error 1
gmake[1]: *** [CMakeFiles/Makefile2:137: CMakeFiles/node_destination.dir/all] Error 2
gmake: *** [Makefile:146: all] Error 2
