[0.102s] Invoking command in '/home/curry/wilson_proj/ros2-rover-ws/build/package_navigate_route': CMAKE_PREFIX_PATH=${CMAKE_PREFIX_PATH}:/opt/ros/humble /usr/bin/cmake --build /home/curry/wilson_proj/ros2-rover-ws/build/package_navigate_route -- -j4 -l4
[0.418s] [ 50%] [32mBuilding CXX object CMakeFiles/node_destination.dir/src/node_destination.cpp.o[0m
[2.531s] [01m[K/home/curry/wilson_proj/ros2-rover-ws/src/package_navigate_route/src/node_destination.cpp:8:10:[m[K [01;31m[Kfatal error: [m[Kjson/json.h: No such file or directory
[2.532s]     8 | #include [01;31m[K<json/json.h>[m[K  // Install with: sudo apt install libjsoncpp-dev
[2.532s]       |          [01;31m[K^~~~~~~~~~~~~[m[K
[2.533s] compilation terminated.
[2.544s] gmake[2]: *** [CMakeFiles/node_destination.dir/build.make:76: CMakeFiles/node_destination.dir/src/node_destination.cpp.o] Error 1
[2.547s] gmake[1]: *** [CMakeFiles/Makefile2:137: CMakeFiles/node_destination.dir/all] Error 2
[2.548s] gmake: *** [Makefile:146: all] Error 2
[2.561s] Invoked command in '/home/curry/wilson_proj/ros2-rover-ws/build/package_navigate_route' returned '2': CMAKE_PREFIX_PATH=${CMAKE_PREFIX_PATH}:/opt/ros/humble /usr/bin/cmake --build /home/curry/wilson_proj/ros2-rover-ws/build/package_navigate_route -- -j4 -l4
