[0.109s] Invoking command in '/home/curry/wilson_proj/ros2-rover-ws/build/package_rover_control': CMAKE_PREFIX_PATH=${CMAKE_PREFIX_PATH}:/opt/ros/humble /usr/bin/cmake --build /home/curry/wilson_proj/ros2-rover-ws/build/package_rover_control -- -j4 -l4
[0.499s] [35m[1mConsolidate compiler generated dependencies of target node_rovercontrol[0m
[0.567s] [ 33%] Built target motorcontrol
[0.672s] [ 66%] Built target node_motor_control
[0.706s] [ 83%] [32mBuilding CXX object CMakeFiles/node_rovercontrol.dir/src/node_rover_control_a.cpp.o[0m
[15.963s] [01m[K/home/curry/wilson_proj/ros2-rover-ws/src/package_rover_control/src/node_rover_control_a.cpp:[m[K In member function â€˜[01m[Kvoid Node_Rovercontrol::timer_callback()[m[Kâ€™:
[15.964s] [01m[K/home/curry/wilson_proj/ros2-rover-ws/src/package_rover_control/src/node_rover_control_a.cpp:85:53:[m[K [01;35m[Kwarning: [m[Knarrowing conversion of â€˜[01m[K((Node_Rovercontrol*)this)->Node_Rovercontrol::spd_msg_[m[Kâ€™ from â€˜[01m[Kuint8_t[m[Kâ€™ {aka â€˜[01m[Kunsigned char[m[Kâ€™} to â€˜[01m[Kfloat[m[Kâ€™ [[01;35m[K]8;;https://gcc.gnu.org/onlinedocs/gcc/Warning-Options.html#index-Wnarrowing-Wnarrowing]8;;[m[K]
[15.965s]    85 |         rover_con_ = {ro_ctrl_msg1_, ro_ctrl_msg2_, [01;35m[Kspd_msg_[m[K};
[15.966s]       |                                                     [01;35m[K^~~~~~~~[m[K
[15.967s] [01m[K/home/curry/wilson_proj/ros2-rover-ws/src/package_rover_control/src/node_rover_control_a.cpp:85:53:[m[K [01;35m[Kwarning: [m[Knarrowing conversion of â€˜[01m[K((Node_Rovercontrol*)this)->Node_Rovercontrol::spd_msg_[m[Kâ€™ from â€˜[01m[Kuint8_t[m[Kâ€™ {aka â€˜[01m[Kunsigned char[m[Kâ€™} to â€˜[01m[Kfloat[m[Kâ€™ [[01;35m[K]8;;https://gcc.gnu.org/onlinedocs/gcc/Warning-Options.html#index-Wnarrowing-Wnarrowing]8;;[m[K]
[16.014s] [01m[K/home/curry/wilson_proj/ros2-rover-ws/src/package_rover_control/src/node_rover_control_a.cpp:86:9:[m[K [01;31m[Kerror: [m[Kâ€˜[01m[Krover_con_msg[m[Kâ€™ was not declared in this scope; did you mean â€˜[01m[Krover_con_[m[Kâ€™?
[16.015s]    86 |         [01;31m[Krover_con_msg[m[K = std_msgs::msg::Float32MultiArray();
[16.015s]       |         [01;31m[K^~~~~~~~~~~~~[m[K
[16.015s]       |         [32m[Krover_con_[m[K
[16.016s] In file included from [01m[K/opt/ros/humble/include/rclcpp/rclcpp/logging.hpp:24[m[K,
[16.017s]                  from [01m[K/opt/ros/humble/include/rclcpp/rclcpp/client.hpp:40[m[K,
[16.017s]                  from [01m[K/opt/ros/humble/include/rclcpp/rclcpp/callback_group.hpp:24[m[K,
[16.018s]                  from [01m[K/opt/ros/humble/include/rclcpp/rclcpp/any_executable.hpp:20[m[K,
[16.018s]                  from [01m[K/opt/ros/humble/include/rclcpp/rclcpp/memory_strategy.hpp:25[m[K,
[16.018s]                  from [01m[K/opt/ros/humble/include/rclcpp/rclcpp/memory_strategies.hpp:18[m[K,
[16.019s]                  from [01m[K/opt/ros/humble/include/rclcpp/rclcpp/executor_options.hpp:20[m[K,
[16.019s]                  from [01m[K/opt/ros/humble/include/rclcpp/rclcpp/executor.hpp:37[m[K,
[16.019s]                  from [01m[K/opt/ros/humble/include/rclcpp/rclcpp/executors/multi_threaded_executor.hpp:25[m[K,
[16.020s]                  from [01m[K/opt/ros/humble/include/rclcpp/rclcpp/executors.hpp:21[m[K,
[16.020s]                  from [01m[K/opt/ros/humble/include/rclcpp/rclcpp/rclcpp.hpp:155[m[K,
[16.020s]                  from [01m[K/home/curry/wilson_proj/ros2-rover-ws/src/package_rover_control/src/node_rover_control_a.cpp:1[m[K:
[16.021s] [01m[K/home/curry/wilson_proj/ros2-rover-ws/src/package_rover_control/src/node_rover_control_a.cpp:89:41:[m[K [01;35m[Kwarning: [m[Kformat â€˜[01m[K%d[m[Kâ€™ expects argument of type â€˜[01m[Kint[m[Kâ€™, but argument 7 has type â€˜[01m[Kdouble[m[Kâ€™ [[01;35m[K]8;;https://gcc.gnu.org/onlinedocs/gcc/Warning-Options.html#index-Wformat=-Wformat=]8;;[m[K]
[16.021s]    89 |         RCLCPP_INFO(this->get_logger(), [01;35m[K"Publishing to pub_rovercontrol: [%.2f, %.2f, %d]"[m[K, rover_con_[0], rover_con_[1], rover_con_[2]);
[16.021s]       |                                         [01;35m[K^~~~~~~~~~~~~~~~~~~~~~~~~~~~~~~~~~~~~~~~~~~~~~~~~~[m[K
[16.022s] [01m[K/home/curry/wilson_proj/ros2-rover-ws/src/package_rover_control/src/node_rover_control_a.cpp:89:88:[m[K [01;36m[Knote: [m[Kformat string is defined here
[16.022s]    89 |         RCLCPP_INFO(this->get_logger(), "Publishing to pub_rovercontrol: [%.2f, %.2f, [01;36m[K%d[m[K]", rover_con_[0], rover_con_[1], rover_con_[2]);
[16.023s]       |                                                                                       [01;36m[K~^[m[K
[16.023s]       |                                                                                        [01;36m[K|[m[K
[16.023s]       |                                                                                        [01;36m[Kint[m[K
[16.024s]       |                                                                                       [32m[K%f[m[K
[27.582s] gmake[2]: *** [CMakeFiles/node_rovercontrol.dir/build.make:76: CMakeFiles/node_rovercontrol.dir/src/node_rover_control_a.cpp.o] Error 1
[27.583s] gmake[1]: *** [CMakeFiles/Makefile2:193: CMakeFiles/node_rovercontrol.dir/all] Error 2
[27.584s] gmake: *** [Makefile:146: all] Error 2
[27.591s] Invoked command in '/home/curry/wilson_proj/ros2-rover-ws/build/package_rover_control' returned '2': CMAKE_PREFIX_PATH=${CMAKE_PREFIX_PATH}:/opt/ros/humble /usr/bin/cmake --build /home/curry/wilson_proj/ros2-rover-ws/build/package_rover_control -- -j4 -l4
