[0.000000] (-) TimerEvent: {}
[0.001514] (-) JobUnselected: {'identifier': 'action_interfaces'}
[0.002043] (-) JobUnselected: {'identifier': 'msgs_mainrocon'}
[0.002218] (-) JobUnselected: {'identifier': 'msgs_rovercon'}
[0.002479] (-) JobUnselected: {'identifier': 'package_image_process'}
[0.002626] (-) JobUnselected: {'identifier': 'package_position_process'}
[0.002715] (-) JobUnselected: {'identifier': 'package_rover_control'}
[0.002821] (-) JobUnselected: {'identifier': 'package_test'}
[0.002942] (msgs_positions) JobQueued: {'identifier': 'msgs_positions', 'dependencies': OrderedDict()}
[0.003038] (msgs_positions) JobStarted: {'identifier': 'msgs_positions'}
[0.035878] (msgs_positions) JobProgress: {'identifier': 'msgs_positions', 'progress': 'cmake'}
[0.039051] (msgs_positions) JobProgress: {'identifier': 'msgs_positions', 'progress': 'build'}
[0.042064] (msgs_positions) Command: {'cmd': ['/usr/bin/cmake', '--build', '/home/curry/wilson_proj/ros2-rover-ws/build/msgs_positions', '--', '-j4', '-l4'], 'cwd': '/home/curry/wilson_proj/ros2-rover-ws/build/msgs_positions', 'env': OrderedDict([('LESSOPEN', '| /usr/bin/lesspipe %s'), ('USER', 'curry'), ('SSH_CLIENT', '172.30.91.126 53278 22'), ('LC_TIME', 'en_US.UTF-8'), ('XDG_SESSION_TYPE', 'tty'), ('SHLVL', '1'), ('LD_LIBRARY_PATH', '/opt/ros/humble/opt/rviz_ogre_vendor/lib:/opt/ros/humble/lib/aarch64-linux-gnu:/opt/ros/humble/lib'), ('MOTD_SHOWN', 'pam'), ('HOME', '/home/curry'), ('OLDPWD', '/home/curry/wilson_proj/ros2-rover-ws/src'), ('SSH_TTY', '/dev/pts/0'), ('ROS_PYTHON_VERSION', '3'), ('LC_MONETARY', 'en_US.UTF-8'), ('DBUS_SESSION_BUS_ADDRESS', 'unix:path=/run/user/1000/bus'), ('ROS_DISTRO', 'humble'), ('LOGNAME', 'curry'), ('_', '/usr/bin/colcon'), ('ROS_VERSION', '2'), ('XDG_SESSION_CLASS', 'user'), ('TERM', 'xterm-256color'), ('XDG_SESSION_ID', '241'), ('ROS_LOCALHOST_ONLY', '0'), ('PATH', '/home/curry/.local/bin:/opt/ros/humble/bin:/home/curry/.cargo/bin:/usr/local/sbin:/usr/local/bin:/usr/sbin:/usr/bin:/sbin:/bin:/usr/games:/usr/local/games:/snap/bin'), ('PAPERSIZE', 'letter'), ('LC_ADDRESS', 'en_US.UTF-8'), ('XDG_RUNTIME_DIR', '/run/user/1000'), ('LANG', 'en_US.UTF-8'), ('LC_TELEPHONE', 'en_US.UTF-8'), ('LS_COLORS', 'rs=0:di=01;34:ln=01;36:mh=00:pi=40;33:so=01;35:do=01;35:bd=40;33;01:cd=40;33;01:or=40;31;01:mi=00:su=37;41:sg=30;43:ca=30;41:tw=30;42:ow=34;42:st=37;44:ex=01;32:*.tar=01;31:*.tgz=01;31:*.arc=01;31:*.arj=01;31:*.taz=01;31:*.lha=01;31:*.lz4=01;31:*.lzh=01;31:*.lzma=01;31:*.tlz=01;31:*.txz=01;31:*.tzo=01;31:*.t7z=01;31:*.zip=01;31:*.z=01;31:*.dz=01;31:*.gz=01;31:*.lrz=01;31:*.lz=01;31:*.lzo=01;31:*.xz=01;31:*.zst=01;31:*.tzst=01;31:*.bz2=01;31:*.bz=01;31:*.tbz=01;31:*.tbz2=01;31:*.tz=01;31:*.deb=01;31:*.rpm=01;31:*.jar=01;31:*.war=01;31:*.ear=01;31:*.sar=01;31:*.rar=01;31:*.alz=01;31:*.ace=01;31:*.zoo=01;31:*.cpio=01;31:*.7z=01;31:*.rz=01;31:*.cab=01;31:*.wim=01;31:*.swm=01;31:*.dwm=01;31:*.esd=01;31:*.jpg=01;35:*.jpeg=01;35:*.mjpg=01;35:*.mjpeg=01;35:*.gif=01;35:*.bmp=01;35:*.pbm=01;35:*.pgm=01;35:*.ppm=01;35:*.tga=01;35:*.xbm=01;35:*.xpm=01;35:*.tif=01;35:*.tiff=01;35:*.png=01;35:*.svg=01;35:*.svgz=01;35:*.mng=01;35:*.pcx=01;35:*.mov=01;35:*.mpg=01;35:*.mpeg=01;35:*.m2v=01;35:*.mkv=01;35:*.webm=01;35:*.webp=01;35:*.ogm=01;35:*.mp4=01;35:*.m4v=01;35:*.mp4v=01;35:*.vob=01;35:*.qt=01;35:*.nuv=01;35:*.wmv=01;35:*.asf=01;35:*.rm=01;35:*.rmvb=01;35:*.flc=01;35:*.avi=01;35:*.fli=01;35:*.flv=01;35:*.gl=01;35:*.dl=01;35:*.xcf=01;35:*.xwd=01;35:*.yuv=01;35:*.cgm=01;35:*.emf=01;35:*.ogv=01;35:*.ogx=01;35:*.aac=00;36:*.au=00;36:*.flac=00;36:*.m4a=00;36:*.mid=00;36:*.midi=00;36:*.mka=00;36:*.mp3=00;36:*.mpc=00;36:*.ogg=00;36:*.ra=00;36:*.wav=00;36:*.oga=00;36:*.opus=00;36:*.spx=00;36:*.xspf=00;36:'), ('ROS_DOMAIN_ID', '2'), ('AMENT_PREFIX_PATH', '/opt/ros/humble'), ('SHELL', '/bin/bash'), ('LC_NAME', 'en_US.UTF-8'), ('LESSCLOSE', '/usr/bin/lesspipe %s %s'), ('LC_MEASUREMENT', 'en_US.UTF-8'), ('LC_IDENTIFICATION', 'en_US.UTF-8'), ('PWD', '/home/curry/wilson_proj/ros2-rover-ws/build/msgs_positions'), ('LC_ALL', 'en_US.UTF-8'), ('SSH_CONNECTION', '172.30.91.126 53278 172.30.81.58 22'), ('XDG_DATA_DIRS', '/usr/share/gnome:/usr/local/share:/usr/share:/var/lib/snapd/desktop'), ('PYTHONPATH', '/opt/ros/humble/lib/python3.10/site-packages:/opt/ros/humble/local/lib/python3.10/dist-packages'), ('LC_NUMERIC', 'en_US.UTF-8'), ('LC_PAPER', 'en_US.UTF-8'), ('COLCON', '1'), ('CMAKE_PREFIX_PATH', '/opt/ros/humble')]), 'shell': False}
[0.098572] (-) TimerEvent: {}
[0.139994] (msgs_positions) StdoutLine: {'line': b'-- Found ament_cmake: 1.3.11 (/opt/ros/humble/share/ament_cmake/cmake)\n'}
[0.198721] (-) TimerEvent: {}
[0.299496] (-) TimerEvent: {}
[0.400237] (-) TimerEvent: {}
[0.500894] (-) TimerEvent: {}
[0.601562] (-) TimerEvent: {}
[0.694853] (msgs_positions) StdoutLine: {'line': b'-- Found rosidl_default_generators: 1.2.0 (/opt/ros/humble/share/rosidl_default_generators/cmake)\n'}
[0.701816] (-) TimerEvent: {}
[0.702859] (msgs_positions) StdoutLine: {'line': b'-- Using all available rosidl_typesupport_c: rosidl_typesupport_fastrtps_c;rosidl_typesupport_introspection_c\n'}
[0.714941] (msgs_positions) StdoutLine: {'line': b'-- Found rosidl_adapter: 3.1.6 (/opt/ros/humble/share/rosidl_adapter/cmake)\n'}
[0.801990] (-) TimerEvent: {}
[0.890189] (msgs_positions) StdoutLine: {'line': b'-- Using all available rosidl_typesupport_cpp: rosidl_typesupport_fastrtps_cpp;rosidl_typesupport_introspection_cpp\n'}
[0.902168] (-) TimerEvent: {}
[1.002931] (-) TimerEvent: {}
[1.103627] (-) TimerEvent: {}
[1.204248] (-) TimerEvent: {}
[1.304880] (-) TimerEvent: {}
[1.405491] (-) TimerEvent: {}
[1.506133] (-) TimerEvent: {}
[1.606784] (-) TimerEvent: {}
[1.707633] (-) TimerEvent: {}
[1.729665] (msgs_positions) StderrLine: {'line': b'\x1b[31mCMake Error at /opt/ros/humble/share/rosidl_adapter/cmake/rosidl_adapt_interfaces.cmake:59 (message):\n'}
[1.730391] (msgs_positions) StderrLine: {'line': b'  execute_process(/usr/bin/python3 -m rosidl_adapter --package-name\n'}
[1.730879] (msgs_positions) StderrLine: {'line': b'  msgs_positions --arguments-file\n'}
[1.731192] (msgs_positions) StderrLine: {'line': b'  /home/curry/wilson_proj/ros2-rover-ws/build/msgs_positions/rosidl_adapter__arguments__msgs_positions.json\n'}
[1.731535] (msgs_positions) StderrLine: {'line': b'  --output-dir\n'}
[1.731872] (msgs_positions) StderrLine: {'line': b'  /home/curry/wilson_proj/ros2-rover-ws/build/msgs_positions/rosidl_adapter/msgs_positions\n'}
[1.732220] (msgs_positions) StderrLine: {'line': b'  --output-file\n'}
[1.732532] (msgs_positions) StderrLine: {'line': b'  /home/curry/wilson_proj/ros2-rover-ws/build/msgs_positions/rosidl_adapter/msgs_positions.idls)\n'}
[1.732837] (msgs_positions) StderrLine: {'line': b'  returned error code 1:\n'}
[1.733117] (msgs_positions) StderrLine: {'line': b'\n'}
[1.733399] (msgs_positions) StderrLine: {'line': b"  Error processing 'int32 numSatellites' of 'msgs_positions/GnssData':\n"}
[1.733697] (msgs_positions) StderrLine: {'line': b"  ''numSatellites' is an invalid field name.  It should have the pattern\n"}
[1.733997] (msgs_positions) StderrLine: {'line': b"  '^(?!.*__)(?!.*_$)[a-z][a-z0-9_]*$''\n"}
[1.734350] (msgs_positions) StderrLine: {'line': b'\n'}
[1.734674] (msgs_positions) StderrLine: {'line': b'  Traceback (most recent call last):\n'}
[1.734999] (msgs_positions) StderrLine: {'line': b'\n'}
[1.735325] (msgs_positions) StderrLine: {'line': b'    File "/usr/lib/python3.10/runpy.py", line 196, in _run_module_as_main\n'}
[1.735835] (msgs_positions) StderrLine: {'line': b'      return _run_code(code, main_globals, None,\n'}
[1.736217] (msgs_positions) StderrLine: {'line': b'    File "/usr/lib/python3.10/runpy.py", line 86, in _run_code\n'}
[1.736604] (msgs_positions) StderrLine: {'line': b'      exec(code, run_globals)\n'}
[1.737022] (msgs_positions) StderrLine: {'line': b'    File "/opt/ros/humble/local/lib/python3.10/dist-packages/rosidl_adapter/__main__.py", line 19, in <module>\n'}
[1.737465] (msgs_positions) StderrLine: {'line': b'      sys.exit(main())\n'}
[1.737854] (msgs_positions) StderrLine: {'line': b'    File "/opt/ros/humble/local/lib/python3.10/dist-packages/rosidl_adapter/main.py", line 53, in main\n'}
[1.738355] (msgs_positions) StderrLine: {'line': b'      abs_idl_file = convert_to_idl(\n'}
[1.738767] (msgs_positions) StderrLine: {'line': b'    File "/opt/ros/humble/local/lib/python3.10/dist-packages/rosidl_adapter/__init__.py", line 19, in convert_to_idl\n'}
[1.739263] (msgs_positions) StderrLine: {'line': b'      return convert_msg_to_idl(\n'}
[1.739919] (msgs_positions) StderrLine: {'line': b'    File "/opt/ros/humble/local/lib/python3.10/dist-packages/rosidl_adapter/msg/__init__.py", line 28, in convert_msg_to_idl\n'}
[1.740597] (msgs_positions) StderrLine: {'line': b'      msg = parse_message_string(package_name, input_file.stem, content)\n'}
[1.741781] (msgs_positions) StderrLine: {'line': b'    File "/opt/ros/humble/local/lib/python3.10/dist-packages/rosidl_adapter/parser.py", line 519, in parse_message_string\n'}
[1.742882] (msgs_positions) StderrLine: {'line': b'      fields.append(Field(\n'}
[1.743921] (msgs_positions) StderrLine: {'line': b'    File "/opt/ros/humble/local/lib/python3.10/dist-packages/rosidl_adapter/parser.py", line 354, in __init__\n'}
[1.745006] (msgs_positions) StderrLine: {'line': b'      raise NameError(\n'}
[1.745991] (msgs_positions) StderrLine: {'line': b'\n'}
[1.747345] (msgs_positions) StderrLine: {'line': b"  NameError: 'numSatellites' is an invalid field name.  It should have the\n"}
[1.748560] (msgs_positions) StderrLine: {'line': b"  pattern '^(?!.*__)(?!.*_$)[a-z][a-z0-9_]*$'\n"}
[1.748965] (msgs_positions) StderrLine: {'line': b'\n'}
[1.749260] (msgs_positions) StderrLine: {'line': b'Call Stack (most recent call first):\n'}
[1.749557] (msgs_positions) StderrLine: {'line': b'  /opt/ros/humble/share/rosidl_cmake/cmake/rosidl_generate_interfaces.cmake:130 (rosidl_adapt_interfaces)\n'}
[1.749887] (msgs_positions) StderrLine: {'line': b'  CMakeLists.txt:15 (rosidl_generate_interfaces)\n'}
[1.750163] (msgs_positions) StderrLine: {'line': b'\n'}
[1.750419] (msgs_positions) StderrLine: {'line': b'\x1b[0m\n'}
[1.750708] (msgs_positions) StdoutLine: {'line': b'-- Configuring incomplete, errors occurred!\n'}
[1.751053] (msgs_positions) StdoutLine: {'line': b'See also "/home/curry/wilson_proj/ros2-rover-ws/build/msgs_positions/CMakeFiles/CMakeOutput.log".\n'}
[1.753592] (msgs_positions) StderrLine: {'line': b'gmake: *** [Makefile:747: cmake_check_build_system] Error 1\n'}
[1.760309] (msgs_positions) CommandEnded: {'returncode': 2}
[1.808537] (-) TimerEvent: {}
[1.822268] (msgs_positions) JobEnded: {'identifier': 'msgs_positions', 'rc': 2}
[1.833578] (-) EventReactorShutdown: {}
