[0.017s] Invoking command in '/home/yupi/rover_proj/ros2-base-ws/build/package_base_command': CMAKE_PREFIX_PATH=${CMAKE_PREFIX_PATH}:/opt/ros/humble /usr/bin/cmake --build /home/yupi/rover_proj/ros2-base-ws/build/package_base_command -- -j4 -l4
[0.065s] [ 50%] [32mBuilding CXX object CMakeFiles/node_carcontrol.dir/src/node_carcontrol.cpp.o[0m
[0.197s] [01m[K/home/yupi/rover_proj/ros2-base-ws/src/package_base_command/src/node_carcontrol.cpp:7:10:[m[K [01;31m[Kfatal error: [m[Kaction_interfaces/action/rovercontrol.hpp: No such file or directory
[0.198s]     7 | #include [01;31m[K"action_interfaces/action/rovercontrol.hpp"[m[K
[0.198s]       |          [01;31m[K^~~~~~~~~~~~~~~~~~~~~~~~~~~~~~~~~~~~~~~~~~~[m[K
[0.198s] compilation terminated.
[0.199s] gmake[2]: *** [CMakeFiles/node_carcontrol.dir/build.make:76: CMakeFiles/node_carcontrol.dir/src/node_carcontrol.cpp.o] Error 1
[0.199s] gmake[1]: *** [CMakeFiles/Makefile2:137: CMakeFiles/node_carcontrol.dir/all] Error 2
[0.199s] gmake: *** [Makefile:146: all] Error 2
[0.201s] Invoked command in '/home/yupi/rover_proj/ros2-base-ws/build/package_base_command' returned '2': CMAKE_PREFIX_PATH=${CMAKE_PREFIX_PATH}:/opt/ros/humble /usr/bin/cmake --build /home/yupi/rover_proj/ros2-base-ws/build/package_base_command -- -j4 -l4
