[01m[K/home/curry/wilson_proj/ros2-rover-ws/src/package_rover_control/src/node_rover_control.cpp:[m[K In constructor â€˜[01m[KNode_Rovercontrol::Node_Rovercontrol()[m[Kâ€™:
[01m[K/home/curry/wilson_proj/ros2-rover-ws/src/package_rover_control/src/node_rover_control.cpp:7:58:[m[K [01;31m[Kerror: [m[Kclass â€˜[01m[KNode_Rovercontrol[m[Kâ€™ does not have any field named â€˜[01m[Klast_b_value1_[m[Kâ€™
    7 |     Node_Rovercontrol() : Node("multi_subscriber_node"), [01;31m[Klast_b_value1_[m[K(0), last_b_value2_(0) {
      |                                                          [01;31m[K^~~~~~~~~~~~~~[m[K
[01m[K/home/curry/wilson_proj/ros2-rover-ws/src/package_rover_control/src/node_rover_control.cpp:7:77:[m[K [01;31m[Kerror: [m[Kclass â€˜[01m[KNode_Rovercontrol[m[Kâ€™ does not have any field named â€˜[01m[Klast_b_value2_[m[Kâ€™
    7 |     Node_Rovercontrol() : Node("multi_subscriber_node"), last_b_value1_(0), [01;31m[Klast_b_value2_[m[K(0) {
      |                                                                             [01;31m[K^~~~~~~~~~~~~~[m[K
gmake[2]: *** [CMakeFiles/node_rovercontrol.dir/build.make:76: CMakeFiles/node_rovercontrol.dir/src/node_rover_control.cpp.o] Error 1
gmake[1]: *** [CMakeFiles/Makefile2:193: CMakeFiles/node_rovercontrol.dir/all] Error 2
gmake: *** [Makefile:146: all] Error 2
