[0.049s] Invoking command in '/home/curry/wilson_proj/ros2-rover-ws/build/package_rover_control': CMAKE_PREFIX_PATH=${CMAKE_PREFIX_PATH}:/opt/ros/iron /usr/bin/cmake --build /home/curry/wilson_proj/ros2-rover-ws/build/package_rover_control -- -j4 -l4
[0.166s] -- Found ament_cmake: 2.0.6 (/opt/ros/iron/share/ament_cmake/cmake)
[0.813s] -- Found action_interfaces: 0.0.0 (/home/curry/wilson_proj/ros2-rover-ws/install/action_interfaces/share/action_interfaces/cmake)
[0.974s] -- Found rosidl_generator_c: 4.0.1 (/opt/ros/iron/share/rosidl_generator_c/cmake)
[1.008s] -- Found rosidl_generator_cpp: 4.0.1 (/opt/ros/iron/share/rosidl_generator_cpp/cmake)
[1.058s] -- Using all available rosidl_typesupport_c: rosidl_typesupport_fastrtps_c;rosidl_typesupport_introspection_c
[1.120s] -- Using all available rosidl_typesupport_cpp: rosidl_typesupport_fastrtps_cpp;rosidl_typesupport_introspection_cpp
[2.023s] -- Found rclcpp: 21.0.7 (/opt/ros/iron/share/rclcpp/cmake)
[2.372s] -- Found rmw_implementation_cmake: 7.1.0 (/opt/ros/iron/share/rmw_implementation_cmake/cmake)
[2.377s] -- Found rmw_fastrtps_cpp: 7.1.4 (/opt/ros/iron/share/rmw_fastrtps_cpp/cmake)
[3.385s] -- Using RMW implementation 'rmw_fastrtps_cpp' as default
[4.002s] -- Found rclcpp_action: 21.0.7 (/opt/ros/iron/share/rclcpp_action/cmake)
[4.131s] -- Found rclcpp_components: 21.0.7 (/opt/ros/iron/share/rclcpp_components/cmake)
[4.500s] -- Found std_msgs: 5.0.1 (/opt/ros/iron/share/std_msgs/cmake)
[4.622s] -- Found std_srvs: 5.0.1 (/opt/ros/iron/share/std_srvs/cmake)
[5.089s] -- Configuring done
[5.201s] -- Generating done
[5.211s] -- Build files have been written to: /home/curry/wilson_proj/ros2-rover-ws/build/package_rover_control
[5.331s] [35m[1mConsolidate compiler generated dependencies of target motorcontrol[0m
[5.332s] [35m[1mConsolidate compiler generated dependencies of target node_motor_control[0m
[5.379s] [ 16%] [32mBuilding CXX object CMakeFiles/node_rovercontrol.dir/src/node_rover_control.cpp.o[0m
[5.430s] [ 33%] [32m[1mLinking CXX executable node_motor_control[0m
[5.437s] [ 66%] Built target motorcontrol
[6.118s] [ 83%] Built target node_motor_control
[15.951s] [01m[K/home/curry/wilson_proj/ros2-rover-ws/src/package_rover_control/src/node_rover_control.cpp:[m[K In constructor â€˜[01m[KNode_Rovercontrol::Node_Rovercontrol()[m[Kâ€™:
[15.951s] [01m[K/home/curry/wilson_proj/ros2-rover-ws/src/package_rover_control/src/node_rover_control.cpp:7:58:[m[K [01;31m[Kerror: [m[Kclass â€˜[01m[KNode_Rovercontrol[m[Kâ€™ does not have any field named â€˜[01m[Klast_b_value1_[m[Kâ€™
[15.952s]     7 |     Node_Rovercontrol() : Node("multi_subscriber_node"), [01;31m[Klast_b_value1_[m[K(0), last_b_value2_(0) {
[15.952s]       |                                                          [01;31m[K^~~~~~~~~~~~~~[m[K
[15.952s] [01m[K/home/curry/wilson_proj/ros2-rover-ws/src/package_rover_control/src/node_rover_control.cpp:7:77:[m[K [01;31m[Kerror: [m[Kclass â€˜[01m[KNode_Rovercontrol[m[Kâ€™ does not have any field named â€˜[01m[Klast_b_value2_[m[Kâ€™
[15.953s]     7 |     Node_Rovercontrol() : Node("multi_subscriber_node"), last_b_value1_(0), [01;31m[Klast_b_value2_[m[K(0) {
[15.953s]       |                                                                             [01;31m[K^~~~~~~~~~~~~~[m[K
[22.885s] gmake[2]: *** [CMakeFiles/node_rovercontrol.dir/build.make:76: CMakeFiles/node_rovercontrol.dir/src/node_rover_control.cpp.o] Error 1
[22.886s] gmake[1]: *** [CMakeFiles/Makefile2:193: CMakeFiles/node_rovercontrol.dir/all] Error 2
[22.887s] gmake: *** [Makefile:146: all] Error 2
[22.893s] Invoked command in '/home/curry/wilson_proj/ros2-rover-ws/build/package_rover_control' returned '2': CMAKE_PREFIX_PATH=${CMAKE_PREFIX_PATH}:/opt/ros/iron /usr/bin/cmake --build /home/curry/wilson_proj/ros2-rover-ws/build/package_rover_control -- -j4 -l4
