[0.000000] (-) TimerEvent: {}
[0.001554] (rover_control_package) JobQueued: {'identifier': 'rover_control_package', 'dependencies': OrderedDict()}
[0.002164] (test_package) JobQueued: {'identifier': 'test_package', 'dependencies': OrderedDict()}
[0.002357] (rover_control_package) JobStarted: {'identifier': 'rover_control_package'}
[0.027013] (test_package) JobStarted: {'identifier': 'test_package'}
[0.049508] (rover_control_package) JobProgress: {'identifier': 'rover_control_package', 'progress': 'cmake'}
[0.052684] (rover_control_package) JobProgress: {'identifier': 'rover_control_package', 'progress': 'build'}
[0.055409] (rover_control_package) Command: {'cmd': ['/usr/bin/cmake', '--build', '/home/curry/wilson_proj/ros2-rover-ws/build/rover_control_package', '--', '-j4', '-l4'], 'cwd': '/home/curry/wilson_proj/ros2-rover-ws/build/rover_control_package', 'env': OrderedDict([('LESSOPEN', '| /usr/bin/lesspipe %s'), ('USER', 'curry'), ('SSH_CLIENT', '172.30.90.223 54208 22'), ('LC_TIME', 'en_US.UTF-8'), ('XDG_SESSION_TYPE', 'tty'), ('SHLVL', '1'), ('LD_LIBRARY_PATH', '/opt/ros/iron/opt/rviz_ogre_vendor/lib:/opt/ros/iron/lib/aarch64-linux-gnu:/opt/ros/iron/lib'), ('MOTD_SHOWN', 'pam'), ('HOME', '/home/curry'), ('OLDPWD', '/home/curry/wilson_proj'), ('SSH_TTY', '/dev/pts/0'), ('ROS_PYTHON_VERSION', '3'), ('LC_MONETARY', 'en_US.UTF-8'), ('DBUS_SESSION_BUS_ADDRESS', 'unix:path=/run/user/1000/bus'), ('ROS_DISTRO', 'iron'), ('LOGNAME', 'curry'), ('_', '/usr/bin/colcon'), ('ROS_VERSION', '2'), ('XDG_SESSION_CLASS', 'user'), ('TERM', 'xterm-256color'), ('XDG_SESSION_ID', '238'), ('PATH', '/opt/ros/iron/bin:/home/curry/.cargo/bin:/usr/local/sbin:/usr/local/bin:/usr/sbin:/usr/bin:/sbin:/bin:/usr/games:/usr/local/games:/snap/bin'), ('PAPERSIZE', 'letter'), ('LC_ADDRESS', 'en_US.UTF-8'), ('XDG_RUNTIME_DIR', '/run/user/1000'), ('LANG', 'en_US.UTF-8'), ('LC_TELEPHONE', 'en_US.UTF-8'), ('LS_COLORS', 'rs=0:di=01;34:ln=01;36:mh=00:pi=40;33:so=01;35:do=01;35:bd=40;33;01:cd=40;33;01:or=40;31;01:mi=00:su=37;41:sg=30;43:ca=30;41:tw=30;42:ow=34;42:st=37;44:ex=01;32:*.tar=01;31:*.tgz=01;31:*.arc=01;31:*.arj=01;31:*.taz=01;31:*.lha=01;31:*.lz4=01;31:*.lzh=01;31:*.lzma=01;31:*.tlz=01;31:*.txz=01;31:*.tzo=01;31:*.t7z=01;31:*.zip=01;31:*.z=01;31:*.dz=01;31:*.gz=01;31:*.lrz=01;31:*.lz=01;31:*.lzo=01;31:*.xz=01;31:*.zst=01;31:*.tzst=01;31:*.bz2=01;31:*.bz=01;31:*.tbz=01;31:*.tbz2=01;31:*.tz=01;31:*.deb=01;31:*.rpm=01;31:*.jar=01;31:*.war=01;31:*.ear=01;31:*.sar=01;31:*.rar=01;31:*.alz=01;31:*.ace=01;31:*.zoo=01;31:*.cpio=01;31:*.7z=01;31:*.rz=01;31:*.cab=01;31:*.wim=01;31:*.swm=01;31:*.dwm=01;31:*.esd=01;31:*.jpg=01;35:*.jpeg=01;35:*.mjpg=01;35:*.mjpeg=01;35:*.gif=01;35:*.bmp=01;35:*.pbm=01;35:*.pgm=01;35:*.ppm=01;35:*.tga=01;35:*.xbm=01;35:*.xpm=01;35:*.tif=01;35:*.tiff=01;35:*.png=01;35:*.svg=01;35:*.svgz=01;35:*.mng=01;35:*.pcx=01;35:*.mov=01;35:*.mpg=01;35:*.mpeg=01;35:*.m2v=01;35:*.mkv=01;35:*.webm=01;35:*.webp=01;35:*.ogm=01;35:*.mp4=01;35:*.m4v=01;35:*.mp4v=01;35:*.vob=01;35:*.qt=01;35:*.nuv=01;35:*.wmv=01;35:*.asf=01;35:*.rm=01;35:*.rmvb=01;35:*.flc=01;35:*.avi=01;35:*.fli=01;35:*.flv=01;35:*.gl=01;35:*.dl=01;35:*.xcf=01;35:*.xwd=01;35:*.yuv=01;35:*.cgm=01;35:*.emf=01;35:*.ogv=01;35:*.ogx=01;35:*.aac=00;36:*.au=00;36:*.flac=00;36:*.m4a=00;36:*.mid=00;36:*.midi=00;36:*.mka=00;36:*.mp3=00;36:*.mpc=00;36:*.ogg=00;36:*.ra=00;36:*.wav=00;36:*.oga=00;36:*.opus=00;36:*.spx=00;36:*.xspf=00;36:'), ('ROS_DOMAIN_ID', '10'), ('AMENT_PREFIX_PATH', '/opt/ros/iron'), ('SHELL', '/bin/bash'), ('LC_NAME', 'en_US.UTF-8'), ('LESSCLOSE', '/usr/bin/lesspipe %s %s'), ('LC_MEASUREMENT', 'en_US.UTF-8'), ('LC_IDENTIFICATION', 'en_US.UTF-8'), ('ROS_AUTOMATIC_DISCOVERY_RANGE', 'SUBNET'), ('PWD', '/home/curry/wilson_proj/ros2-rover-ws/build/rover_control_package'), ('LC_ALL', 'en_US.UTF-8'), ('SSH_CONNECTION', '172.30.90.223 54208 172.30.81.58 22'), ('XDG_DATA_DIRS', '/usr/share/gnome:/usr/local/share:/usr/share:/var/lib/snapd/desktop'), ('PYTHONPATH', '/opt/ros/iron/lib/python3.10/site-packages'), ('LC_NUMERIC', 'en_US.UTF-8'), ('LC_PAPER', 'en_US.UTF-8'), ('COLCON', '1'), ('CMAKE_PREFIX_PATH', '/opt/ros/iron')]), 'shell': False}
[0.071826] (test_package) JobProgress: {'identifier': 'test_package', 'progress': 'cmake'}
[0.075044] (test_package) JobProgress: {'identifier': 'test_package', 'progress': 'build'}
[0.081720] (test_package) Command: {'cmd': ['/usr/bin/cmake', '--build', '/home/curry/wilson_proj/ros2-rover-ws/build/test_package', '--', '-j4', '-l4'], 'cwd': '/home/curry/wilson_proj/ros2-rover-ws/build/test_package', 'env': OrderedDict([('LESSOPEN', '| /usr/bin/lesspipe %s'), ('USER', 'curry'), ('SSH_CLIENT', '172.30.90.223 54208 22'), ('LC_TIME', 'en_US.UTF-8'), ('XDG_SESSION_TYPE', 'tty'), ('SHLVL', '1'), ('LD_LIBRARY_PATH', '/opt/ros/iron/opt/rviz_ogre_vendor/lib:/opt/ros/iron/lib/aarch64-linux-gnu:/opt/ros/iron/lib'), ('MOTD_SHOWN', 'pam'), ('HOME', '/home/curry'), ('OLDPWD', '/home/curry/wilson_proj'), ('SSH_TTY', '/dev/pts/0'), ('ROS_PYTHON_VERSION', '3'), ('LC_MONETARY', 'en_US.UTF-8'), ('DBUS_SESSION_BUS_ADDRESS', 'unix:path=/run/user/1000/bus'), ('ROS_DISTRO', 'iron'), ('LOGNAME', 'curry'), ('_', '/usr/bin/colcon'), ('ROS_VERSION', '2'), ('XDG_SESSION_CLASS', 'user'), ('TERM', 'xterm-256color'), ('XDG_SESSION_ID', '238'), ('PATH', '/opt/ros/iron/bin:/home/curry/.cargo/bin:/usr/local/sbin:/usr/local/bin:/usr/sbin:/usr/bin:/sbin:/bin:/usr/games:/usr/local/games:/snap/bin'), ('PAPERSIZE', 'letter'), ('LC_ADDRESS', 'en_US.UTF-8'), ('XDG_RUNTIME_DIR', '/run/user/1000'), ('LANG', 'en_US.UTF-8'), ('LC_TELEPHONE', 'en_US.UTF-8'), ('LS_COLORS', 'rs=0:di=01;34:ln=01;36:mh=00:pi=40;33:so=01;35:do=01;35:bd=40;33;01:cd=40;33;01:or=40;31;01:mi=00:su=37;41:sg=30;43:ca=30;41:tw=30;42:ow=34;42:st=37;44:ex=01;32:*.tar=01;31:*.tgz=01;31:*.arc=01;31:*.arj=01;31:*.taz=01;31:*.lha=01;31:*.lz4=01;31:*.lzh=01;31:*.lzma=01;31:*.tlz=01;31:*.txz=01;31:*.tzo=01;31:*.t7z=01;31:*.zip=01;31:*.z=01;31:*.dz=01;31:*.gz=01;31:*.lrz=01;31:*.lz=01;31:*.lzo=01;31:*.xz=01;31:*.zst=01;31:*.tzst=01;31:*.bz2=01;31:*.bz=01;31:*.tbz=01;31:*.tbz2=01;31:*.tz=01;31:*.deb=01;31:*.rpm=01;31:*.jar=01;31:*.war=01;31:*.ear=01;31:*.sar=01;31:*.rar=01;31:*.alz=01;31:*.ace=01;31:*.zoo=01;31:*.cpio=01;31:*.7z=01;31:*.rz=01;31:*.cab=01;31:*.wim=01;31:*.swm=01;31:*.dwm=01;31:*.esd=01;31:*.jpg=01;35:*.jpeg=01;35:*.mjpg=01;35:*.mjpeg=01;35:*.gif=01;35:*.bmp=01;35:*.pbm=01;35:*.pgm=01;35:*.ppm=01;35:*.tga=01;35:*.xbm=01;35:*.xpm=01;35:*.tif=01;35:*.tiff=01;35:*.png=01;35:*.svg=01;35:*.svgz=01;35:*.mng=01;35:*.pcx=01;35:*.mov=01;35:*.mpg=01;35:*.mpeg=01;35:*.m2v=01;35:*.mkv=01;35:*.webm=01;35:*.webp=01;35:*.ogm=01;35:*.mp4=01;35:*.m4v=01;35:*.mp4v=01;35:*.vob=01;35:*.qt=01;35:*.nuv=01;35:*.wmv=01;35:*.asf=01;35:*.rm=01;35:*.rmvb=01;35:*.flc=01;35:*.avi=01;35:*.fli=01;35:*.flv=01;35:*.gl=01;35:*.dl=01;35:*.xcf=01;35:*.xwd=01;35:*.yuv=01;35:*.cgm=01;35:*.emf=01;35:*.ogv=01;35:*.ogx=01;35:*.aac=00;36:*.au=00;36:*.flac=00;36:*.m4a=00;36:*.mid=00;36:*.midi=00;36:*.mka=00;36:*.mp3=00;36:*.mpc=00;36:*.ogg=00;36:*.ra=00;36:*.wav=00;36:*.oga=00;36:*.opus=00;36:*.spx=00;36:*.xspf=00;36:'), ('ROS_DOMAIN_ID', '10'), ('AMENT_PREFIX_PATH', '/opt/ros/iron'), ('SHELL', '/bin/bash'), ('LC_NAME', 'en_US.UTF-8'), ('LESSCLOSE', '/usr/bin/lesspipe %s %s'), ('LC_MEASUREMENT', 'en_US.UTF-8'), ('LC_IDENTIFICATION', 'en_US.UTF-8'), ('ROS_AUTOMATIC_DISCOVERY_RANGE', 'SUBNET'), ('PWD', '/home/curry/wilson_proj/ros2-rover-ws/build/test_package'), ('LC_ALL', 'en_US.UTF-8'), ('SSH_CONNECTION', '172.30.90.223 54208 172.30.81.58 22'), ('XDG_DATA_DIRS', '/usr/share/gnome:/usr/local/share:/usr/share:/var/lib/snapd/desktop'), ('PYTHONPATH', '/opt/ros/iron/lib/python3.10/site-packages'), ('LC_NUMERIC', 'en_US.UTF-8'), ('LC_PAPER', 'en_US.UTF-8'), ('COLCON', '1'), ('CMAKE_PREFIX_PATH', '/opt/ros/iron')]), 'shell': False}
[0.098871] (-) TimerEvent: {}
[0.199780] (-) TimerEvent: {}
[0.300661] (-) TimerEvent: {}
[0.325737] (rover_control_package) StdoutLine: {'line': b'[  2%] Built target rover_control_package__rosidl_generator_type_description\n'}
[0.378320] (rover_control_package) StdoutLine: {'line': b'[  7%] Built target carcontrol_server\n'}
[0.400536] (test_package) StdoutLine: {'line': b'[  2%] Built target test_package__rosidl_generator_type_description\n'}
[0.402765] (-) TimerEvent: {}
[0.411927] (rover_control_package) StdoutLine: {'line': b'[  7%] Built target ament_cmake_python_copy_rover_control_package\n'}
[0.417187] (test_package) StdoutLine: {'line': b'[  7%] Built target Tserver_node\n'}
[0.459419] (test_package) StdoutLine: {'line': b'[  7%] Built target ament_cmake_python_copy_test_package\n'}
[0.464723] (test_package) StdoutLine: {'line': b'[ 12%] Built target action_server_node\n'}
[0.503069] (-) TimerEvent: {}
[0.504446] (rover_control_package) StdoutLine: {'line': b'[ 10%] Built target rover_control_package__cpp\n'}
[0.539925] (rover_control_package) StdoutLine: {'line': b'[ 23%] Built target rover_control_package__rosidl_generator_c\n'}
[0.551226] (test_package) StdoutLine: {'line': b'[ 15%] Built target test_package__cpp\n'}
[0.556269] (test_package) StdoutLine: {'line': b'[ 27%] Built target test_package__rosidl_generator_c\n'}
[0.603305] (-) TimerEvent: {}
[0.705661] (-) TimerEvent: {}
[0.721994] (rover_control_package) StdoutLine: {'line': b'[ 31%] Built target rover_control_package__rosidl_typesupport_cpp\n'}
[0.783871] (test_package) StdoutLine: {'line': b'[ 35%] Built target test_package__rosidl_typesupport_fastrtps_c\n'}
[0.791619] (rover_control_package) StdoutLine: {'line': b'[ 39%] Built target rover_control_package__rosidl_typesupport_fastrtps_c\n'}
[0.793000] (test_package) StdoutLine: {'line': b'[ 42%] Built target test_package__rosidl_typesupport_introspection_c\n'}
[0.805961] (-) TimerEvent: {}
[0.807615] (test_package) StdoutLine: {'line': b'[ 50%] Built target test_package__rosidl_typesupport_cpp\n'}
[0.814040] (rover_control_package) StdoutLine: {'line': b'[ 47%] Built target rover_control_package__rosidl_typesupport_introspection_c\n'}
[0.906208] (-) TimerEvent: {}
[1.007904] (-) TimerEvent: {}
[1.023176] (rover_control_package) StdoutLine: {'line': b'[ 55%] Built target rover_control_package__rosidl_typesupport_c\n'}
[1.033001] (rover_control_package) StdoutLine: {'line': b'[ 63%] Built target rover_control_package__rosidl_typesupport_fastrtps_cpp\n'}
[1.037459] (test_package) StdoutLine: {'line': b'[ 57%] Built target test_package__rosidl_typesupport_c\n'}
[1.051193] (test_package) StdoutLine: {'line': b'[ 65%] Built target test_package__rosidl_typesupport_introspection_cpp\n'}
[1.057118] (rover_control_package) StdoutLine: {'line': b'[ 71%] Built target rover_control_package__rosidl_typesupport_introspection_cpp\n'}
[1.082274] (test_package) StdoutLine: {'line': b'[ 72%] Built target test_package__rosidl_typesupport_fastrtps_cpp\n'}
[1.108119] (-) TimerEvent: {}
[1.176655] (rover_control_package) StdoutLine: {'line': b'\x1b[35m\x1b[1mConsolidate compiler generated dependencies of target carcontrol_ros2_server\x1b[0m\n'}
[1.208342] (-) TimerEvent: {}
[1.231474] (rover_control_package) StdoutLine: {'line': b'[ 71%] Built target rover_control_package\n'}
[1.254020] (test_package) StdoutLine: {'line': b'[ 72%] Built target test_package\n'}
[1.308336] (test_package) StdoutLine: {'line': b'[ 77%] Built target action_server\n'}
[1.309359] (-) TimerEvent: {}
[1.343936] (rover_control_package) StdoutLine: {'line': b'[ 73%] \x1b[32mBuilding CXX object CMakeFiles/carcontrol_ros2_server.dir/src/motor_drive_node.cpp.o\x1b[0m\n'}
[1.369163] (test_package) StdoutLine: {'line': b'[ 80%] Built target test_package__py\n'}
[1.409571] (-) TimerEvent: {}
[1.419404] (rover_control_package) StdoutLine: {'line': b'[ 76%] Built target rover_control_package__py\n'}
[1.509830] (-) TimerEvent: {}
[1.558439] (test_package) StdoutLine: {'line': b'[ 85%] Built target test_package__rosidl_generator_py\n'}
[1.605373] (rover_control_package) StdoutLine: {'line': b'[ 81%] Built target rover_control_package__rosidl_generator_py\n'}
[1.610028] (-) TimerEvent: {}
[1.711483] (-) TimerEvent: {}
[1.771075] (test_package) StdoutLine: {'line': b'[ 90%] Built target test_package__rosidl_typesupport_fastrtps_c__pyext\n'}
[1.808894] (test_package) StdoutLine: {'line': b'[ 95%] Built target test_package__rosidl_typesupport_introspection_c__pyext\n'}
[1.811692] (-) TimerEvent: {}
[1.838590] (test_package) StdoutLine: {'line': b'[100%] Built target test_package__rosidl_typesupport_c__pyext\n'}
[1.850160] (rover_control_package) StdoutLine: {'line': b'[ 86%] Built target rover_control_package__rosidl_typesupport_fastrtps_c__pyext\n'}
[1.864103] (rover_control_package) StdoutLine: {'line': b'[ 92%] Built target rover_control_package__rosidl_typesupport_introspection_c__pyext\n'}
[1.911933] (-) TimerEvent: {}
[1.962948] (rover_control_package) StdoutLine: {'line': b'[ 97%] Built target rover_control_package__rosidl_typesupport_c__pyext\n'}
[2.012192] (-) TimerEvent: {}
[2.113695] (-) TimerEvent: {}
[2.214900] (-) TimerEvent: {}
[2.316159] (-) TimerEvent: {}
[2.323353] (test_package) StdoutLine: {'line': b'running egg_info\n'}
[2.327200] (test_package) StdoutLine: {'line': b'writing test_package.egg-info/PKG-INFO\n'}
[2.328520] (test_package) StdoutLine: {'line': b'writing dependency_links to test_package.egg-info/dependency_links.txt\n'}
[2.329720] (test_package) StdoutLine: {'line': b'writing top-level names to test_package.egg-info/top_level.txt\n'}
[2.341541] (test_package) StdoutLine: {'line': b"reading manifest file 'test_package.egg-info/SOURCES.txt'\n"}
[2.344277] (test_package) StdoutLine: {'line': b"writing manifest file 'test_package.egg-info/SOURCES.txt'\n"}
[2.416377] (-) TimerEvent: {}
[2.490318] (test_package) StdoutLine: {'line': b'[100%] Built target ament_cmake_python_build_test_package_egg\n'}
[2.498689] (rover_control_package) StdoutLine: {'line': b'running egg_info\n'}
[2.502854] (rover_control_package) StdoutLine: {'line': b'writing rover_control_package.egg-info/PKG-INFO\n'}
[2.504252] (rover_control_package) StdoutLine: {'line': b'writing dependency_links to rover_control_package.egg-info/dependency_links.txt\n'}
[2.505514] (rover_control_package) StdoutLine: {'line': b'writing top-level names to rover_control_package.egg-info/top_level.txt\n'}
[2.516617] (-) TimerEvent: {}
[2.517937] (rover_control_package) StdoutLine: {'line': b"reading manifest file 'rover_control_package.egg-info/SOURCES.txt'\n"}
[2.521283] (rover_control_package) StdoutLine: {'line': b"writing manifest file 'rover_control_package.egg-info/SOURCES.txt'\n"}
[2.551201] (test_package) CommandEnded: {'returncode': 0}
[2.616929] (-) TimerEvent: {}
[2.663459] (rover_control_package) StdoutLine: {'line': b'[ 97%] Built target ament_cmake_python_build_rover_control_package_egg\n'}
[2.717108] (-) TimerEvent: {}
[2.818211] (-) TimerEvent: {}
[2.919716] (-) TimerEvent: {}
[2.936602] (test_package) JobProgress: {'identifier': 'test_package', 'progress': 'install'}
[2.966534] (test_package) Command: {'cmd': ['/usr/bin/cmake', '--install', '/home/curry/wilson_proj/ros2-rover-ws/build/test_package'], 'cwd': '/home/curry/wilson_proj/ros2-rover-ws/build/test_package', 'env': OrderedDict([('LESSOPEN', '| /usr/bin/lesspipe %s'), ('USER', 'curry'), ('SSH_CLIENT', '172.30.90.223 54208 22'), ('LC_TIME', 'en_US.UTF-8'), ('XDG_SESSION_TYPE', 'tty'), ('SHLVL', '1'), ('LD_LIBRARY_PATH', '/opt/ros/iron/opt/rviz_ogre_vendor/lib:/opt/ros/iron/lib/aarch64-linux-gnu:/opt/ros/iron/lib'), ('MOTD_SHOWN', 'pam'), ('HOME', '/home/curry'), ('OLDPWD', '/home/curry/wilson_proj'), ('SSH_TTY', '/dev/pts/0'), ('ROS_PYTHON_VERSION', '3'), ('LC_MONETARY', 'en_US.UTF-8'), ('DBUS_SESSION_BUS_ADDRESS', 'unix:path=/run/user/1000/bus'), ('ROS_DISTRO', 'iron'), ('LOGNAME', 'curry'), ('_', '/usr/bin/colcon'), ('ROS_VERSION', '2'), ('XDG_SESSION_CLASS', 'user'), ('TERM', 'xterm-256color'), ('XDG_SESSION_ID', '238'), ('PATH', '/opt/ros/iron/bin:/home/curry/.cargo/bin:/usr/local/sbin:/usr/local/bin:/usr/sbin:/usr/bin:/sbin:/bin:/usr/games:/usr/local/games:/snap/bin'), ('PAPERSIZE', 'letter'), ('LC_ADDRESS', 'en_US.UTF-8'), ('XDG_RUNTIME_DIR', '/run/user/1000'), ('LANG', 'en_US.UTF-8'), ('LC_TELEPHONE', 'en_US.UTF-8'), ('LS_COLORS', 'rs=0:di=01;34:ln=01;36:mh=00:pi=40;33:so=01;35:do=01;35:bd=40;33;01:cd=40;33;01:or=40;31;01:mi=00:su=37;41:sg=30;43:ca=30;41:tw=30;42:ow=34;42:st=37;44:ex=01;32:*.tar=01;31:*.tgz=01;31:*.arc=01;31:*.arj=01;31:*.taz=01;31:*.lha=01;31:*.lz4=01;31:*.lzh=01;31:*.lzma=01;31:*.tlz=01;31:*.txz=01;31:*.tzo=01;31:*.t7z=01;31:*.zip=01;31:*.z=01;31:*.dz=01;31:*.gz=01;31:*.lrz=01;31:*.lz=01;31:*.lzo=01;31:*.xz=01;31:*.zst=01;31:*.tzst=01;31:*.bz2=01;31:*.bz=01;31:*.tbz=01;31:*.tbz2=01;31:*.tz=01;31:*.deb=01;31:*.rpm=01;31:*.jar=01;31:*.war=01;31:*.ear=01;31:*.sar=01;31:*.rar=01;31:*.alz=01;31:*.ace=01;31:*.zoo=01;31:*.cpio=01;31:*.7z=01;31:*.rz=01;31:*.cab=01;31:*.wim=01;31:*.swm=01;31:*.dwm=01;31:*.esd=01;31:*.jpg=01;35:*.jpeg=01;35:*.mjpg=01;35:*.mjpeg=01;35:*.gif=01;35:*.bmp=01;35:*.pbm=01;35:*.pgm=01;35:*.ppm=01;35:*.tga=01;35:*.xbm=01;35:*.xpm=01;35:*.tif=01;35:*.tiff=01;35:*.png=01;35:*.svg=01;35:*.svgz=01;35:*.mng=01;35:*.pcx=01;35:*.mov=01;35:*.mpg=01;35:*.mpeg=01;35:*.m2v=01;35:*.mkv=01;35:*.webm=01;35:*.webp=01;35:*.ogm=01;35:*.mp4=01;35:*.m4v=01;35:*.mp4v=01;35:*.vob=01;35:*.qt=01;35:*.nuv=01;35:*.wmv=01;35:*.asf=01;35:*.rm=01;35:*.rmvb=01;35:*.flc=01;35:*.avi=01;35:*.fli=01;35:*.flv=01;35:*.gl=01;35:*.dl=01;35:*.xcf=01;35:*.xwd=01;35:*.yuv=01;35:*.cgm=01;35:*.emf=01;35:*.ogv=01;35:*.ogx=01;35:*.aac=00;36:*.au=00;36:*.flac=00;36:*.m4a=00;36:*.mid=00;36:*.midi=00;36:*.mka=00;36:*.mp3=00;36:*.mpc=00;36:*.ogg=00;36:*.ra=00;36:*.wav=00;36:*.oga=00;36:*.opus=00;36:*.spx=00;36:*.xspf=00;36:'), ('ROS_DOMAIN_ID', '10'), ('AMENT_PREFIX_PATH', '/opt/ros/iron'), ('SHELL', '/bin/bash'), ('LC_NAME', 'en_US.UTF-8'), ('LESSCLOSE', '/usr/bin/lesspipe %s %s'), ('LC_MEASUREMENT', 'en_US.UTF-8'), ('LC_IDENTIFICATION', 'en_US.UTF-8'), ('ROS_AUTOMATIC_DISCOVERY_RANGE', 'SUBNET'), ('PWD', '/home/curry/wilson_proj/ros2-rover-ws/build/test_package'), ('LC_ALL', 'en_US.UTF-8'), ('SSH_CONNECTION', '172.30.90.223 54208 172.30.81.58 22'), ('XDG_DATA_DIRS', '/usr/share/gnome:/usr/local/share:/usr/share:/var/lib/snapd/desktop'), ('PYTHONPATH', '/opt/ros/iron/lib/python3.10/site-packages'), ('LC_NUMERIC', 'en_US.UTF-8'), ('LC_PAPER', 'en_US.UTF-8'), ('COLCON', '1'), ('CMAKE_PREFIX_PATH', '/opt/ros/iron')]), 'shell': False}
[2.998649] (test_package) StdoutLine: {'line': b'-- Install configuration: ""\n'}
[2.999275] (test_package) StdoutLine: {'line': b'-- Up-to-date: /home/curry/wilson_proj/ros2-rover-ws/install/test_package/share/ament_index/resource_index/rosidl_interfaces/test_package\n'}
[2.999726] (test_package) StdoutLine: {'line': b'-- Up-to-date: /home/curry/wilson_proj/ros2-rover-ws/install/test_package/share/test_package/action/Fibonacci.json\n'}
[3.000160] (test_package) StdoutLine: {'line': b'-- Up-to-date: /home/curry/wilson_proj/ros2-rover-ws/install/test_package/include/test_package/test_package\n'}
[3.000566] (test_package) StdoutLine: {'line': b'-- Up-to-date: /home/curry/wilson_proj/ros2-rover-ws/install/test_package/include/test_package/test_package/msg\n'}
[3.001060] (test_package) StdoutLine: {'line': b'-- Up-to-date: /home/curry/wilson_proj/ros2-rover-ws/install/test_package/include/test_package/test_package/msg/rosidl_generator_c__visibility_control.h\n'}
[3.001434] (test_package) StdoutLine: {'line': b'-- Up-to-date: /home/curry/wilson_proj/ros2-rover-ws/install/test_package/include/test_package/test_package/action\n'}
[3.001840] (test_package) StdoutLine: {'line': b'-- Up-to-date: /home/curry/wilson_proj/ros2-rover-ws/install/test_package/include/test_package/test_package/action/fibonacci.h\n'}
[3.002255] (test_package) StdoutLine: {'line': b'-- Up-to-date: /home/curry/wilson_proj/ros2-rover-ws/install/test_package/include/test_package/test_package/action/detail\n'}
[3.002577] (test_package) StdoutLine: {'line': b'-- Installing: /home/curry/wilson_proj/ros2-rover-ws/install/test_package/include/test_package/test_package/action/detail/fibonacci__type_support.c\n'}
[3.003631] (test_package) StdoutLine: {'line': b'-- Up-to-date: /home/curry/wilson_proj/ros2-rover-ws/install/test_package/include/test_package/test_package/action/detail/fibonacci__type_support.h\n'}
[3.004133] (test_package) StdoutLine: {'line': b'-- Up-to-date: /home/curry/wilson_proj/ros2-rover-ws/install/test_package/include/test_package/test_package/action/detail/fibonacci__functions.h\n'}
[3.004510] (test_package) StdoutLine: {'line': b'-- Up-to-date: /home/curry/wilson_proj/ros2-rover-ws/install/test_package/include/test_package/test_package/action/detail/fibonacci__description.c\n'}
[3.004975] (test_package) StdoutLine: {'line': b'-- Up-to-date: /home/curry/wilson_proj/ros2-rover-ws/install/test_package/include/test_package/test_package/action/detail/fibonacci__functions.c\n'}
[3.005407] (test_package) StdoutLine: {'line': b'-- Up-to-date: /home/curry/wilson_proj/ros2-rover-ws/install/test_package/include/test_package/test_package/action/detail/fibonacci__struct.h\n'}
[3.005879] (test_package) StdoutLine: {'line': b'-- Up-to-date: /home/curry/wilson_proj/ros2-rover-ws/install/test_package/share/test_package/environment/library_path.sh\n'}
[3.006226] (test_package) StdoutLine: {'line': b'-- Up-to-date: /home/curry/wilson_proj/ros2-rover-ws/install/test_package/share/test_package/environment/library_path.dsv\n'}
[3.006988] (test_package) StdoutLine: {'line': b'-- Up-to-date: /home/curry/wilson_proj/ros2-rover-ws/install/test_package/lib/libtest_package__rosidl_generator_c.so\n'}
[3.008273] (test_package) StdoutLine: {'line': b'-- Up-to-date: /home/curry/wilson_proj/ros2-rover-ws/install/test_package/include/test_package/test_package\n'}
[3.008801] (test_package) StdoutLine: {'line': b'-- Up-to-date: /home/curry/wilson_proj/ros2-rover-ws/install/test_package/include/test_package/test_package/msg\n'}
[3.009208] (test_package) StdoutLine: {'line': b'-- Up-to-date: /home/curry/wilson_proj/ros2-rover-ws/install/test_package/include/test_package/test_package/msg/rosidl_typesupport_fastrtps_c__visibility_control.h\n'}
[3.009616] (test_package) StdoutLine: {'line': b'-- Up-to-date: /home/curry/wilson_proj/ros2-rover-ws/install/test_package/include/test_package/test_package/action\n'}
[3.010187] (test_package) StdoutLine: {'line': b'-- Up-to-date: /home/curry/wilson_proj/ros2-rover-ws/install/test_package/include/test_package/test_package/action/detail\n'}
[3.010717] (test_package) StdoutLine: {'line': b'-- Up-to-date: /home/curry/wilson_proj/ros2-rover-ws/install/test_package/include/test_package/test_package/action/detail/fibonacci__rosidl_typesupport_fastrtps_c.h\n'}
[3.011627] (test_package) StdoutLine: {'line': b'-- Up-to-date: /home/curry/wilson_proj/ros2-rover-ws/install/test_package/lib/libtest_package__rosidl_typesupport_fastrtps_c.so\n'}
[3.012901] (test_package) StdoutLine: {'line': b'-- Up-to-date: /home/curry/wilson_proj/ros2-rover-ws/install/test_package/include/test_package/test_package\n'}
[3.013422] (test_package) StdoutLine: {'line': b'-- Up-to-date: /home/curry/wilson_proj/ros2-rover-ws/install/test_package/include/test_package/test_package/msg\n'}
[3.013955] (test_package) StdoutLine: {'line': b'-- Up-to-date: /home/curry/wilson_proj/ros2-rover-ws/install/test_package/include/test_package/test_package/msg/rosidl_typesupport_introspection_c__visibility_control.h\n'}
[3.014342] (test_package) StdoutLine: {'line': b'-- Up-to-date: /home/curry/wilson_proj/ros2-rover-ws/install/test_package/include/test_package/test_package/action\n'}
[3.014776] (test_package) StdoutLine: {'line': b'-- Up-to-date: /home/curry/wilson_proj/ros2-rover-ws/install/test_package/include/test_package/test_package/action/detail\n'}
[3.015202] (test_package) StdoutLine: {'line': b'-- Up-to-date: /home/curry/wilson_proj/ros2-rover-ws/install/test_package/include/test_package/test_package/action/detail/fibonacci__rosidl_typesupport_introspection_c.h\n'}
[3.015497] (test_package) StdoutLine: {'line': b'-- Installing: /home/curry/wilson_proj/ros2-rover-ws/install/test_package/include/test_package/test_package/action/detail/fibonacci__type_support.c\n'}
[3.018248] (test_package) StdoutLine: {'line': b'-- Up-to-date: /home/curry/wilson_proj/ros2-rover-ws/install/test_package/lib/libtest_package__rosidl_typesupport_introspection_c.so\n'}
[3.019837] (-) TimerEvent: {}
[3.020726] (test_package) StdoutLine: {'line': b'-- Up-to-date: /home/curry/wilson_proj/ros2-rover-ws/install/test_package/lib/libtest_package__rosidl_typesupport_c.so\n'}
[3.021373] (test_package) StdoutLine: {'line': b'-- Up-to-date: /home/curry/wilson_proj/ros2-rover-ws/install/test_package/include/test_package/test_package\n'}
[3.021887] (test_package) StdoutLine: {'line': b'-- Up-to-date: /home/curry/wilson_proj/ros2-rover-ws/install/test_package/include/test_package/test_package/action\n'}
[3.022379] (test_package) StdoutLine: {'line': b'-- Up-to-date: /home/curry/wilson_proj/ros2-rover-ws/install/test_package/include/test_package/test_package/action/detail\n'}
[3.022825] (test_package) StdoutLine: {'line': b'-- Up-to-date: /home/curry/wilson_proj/ros2-rover-ws/install/test_package/include/test_package/test_package/action/detail/fibonacci__builder.hpp\n'}
[3.023320] (test_package) StdoutLine: {'line': b'-- Up-to-date: /home/curry/wilson_proj/ros2-rover-ws/install/test_package/include/test_package/test_package/action/detail/fibonacci__struct.hpp\n'}
[3.023800] (test_package) StdoutLine: {'line': b'-- Up-to-date: /home/curry/wilson_proj/ros2-rover-ws/install/test_package/include/test_package/test_package/action/detail/fibonacci__traits.hpp\n'}
[3.024287] (test_package) StdoutLine: {'line': b'-- Up-to-date: /home/curry/wilson_proj/ros2-rover-ws/install/test_package/include/test_package/test_package/action/fibonacci.hpp\n'}
[3.024836] (test_package) StdoutLine: {'line': b'-- Up-to-date: /home/curry/wilson_proj/ros2-rover-ws/install/test_package/include/test_package/test_package\n'}
[3.025288] (test_package) StdoutLine: {'line': b'-- Up-to-date: /home/curry/wilson_proj/ros2-rover-ws/install/test_package/include/test_package/test_package/msg\n'}
[3.025646] (test_package) StdoutLine: {'line': b'-- Up-to-date: /home/curry/wilson_proj/ros2-rover-ws/install/test_package/include/test_package/test_package/msg/rosidl_typesupport_fastrtps_cpp__visibility_control.h\n'}
[3.026136] (test_package) StdoutLine: {'line': b'-- Up-to-date: /home/curry/wilson_proj/ros2-rover-ws/install/test_package/include/test_package/test_package/action\n'}
[3.026593] (test_package) StdoutLine: {'line': b'-- Up-to-date: /home/curry/wilson_proj/ros2-rover-ws/install/test_package/include/test_package/test_package/action/detail\n'}
[3.026895] (test_package) StdoutLine: {'line': b'-- Up-to-date: /home/curry/wilson_proj/ros2-rover-ws/install/test_package/include/test_package/test_package/action/detail/dds_fastrtps\n'}
[3.027161] (test_package) StdoutLine: {'line': b'-- Up-to-date: /home/curry/wilson_proj/ros2-rover-ws/install/test_package/include/test_package/test_package/action/detail/fibonacci__rosidl_typesupport_fastrtps_cpp.hpp\n'}
[3.027677] (test_package) StdoutLine: {'line': b'-- Up-to-date: /home/curry/wilson_proj/ros2-rover-ws/install/test_package/lib/libtest_package__rosidl_typesupport_fastrtps_cpp.so\n'}
[3.028965] (test_package) StdoutLine: {'line': b'-- Up-to-date: /home/curry/wilson_proj/ros2-rover-ws/install/test_package/include/test_package/test_package\n'}
[3.029450] (test_package) StdoutLine: {'line': b'-- Up-to-date: /home/curry/wilson_proj/ros2-rover-ws/install/test_package/include/test_package/test_package/action\n'}
[3.029907] (test_package) StdoutLine: {'line': b'-- Up-to-date: /home/curry/wilson_proj/ros2-rover-ws/install/test_package/include/test_package/test_package/action/detail\n'}
[3.030302] (test_package) StdoutLine: {'line': b'-- Up-to-date: /home/curry/wilson_proj/ros2-rover-ws/install/test_package/include/test_package/test_package/action/detail/fibonacci__rosidl_typesupport_introspection_cpp.hpp\n'}
[3.030718] (test_package) StdoutLine: {'line': b'-- Up-to-date: /home/curry/wilson_proj/ros2-rover-ws/install/test_package/include/test_package/test_package/action/detail/fibonacci__type_support.cpp\n'}
[3.031852] (test_package) StdoutLine: {'line': b'-- Up-to-date: /home/curry/wilson_proj/ros2-rover-ws/install/test_package/lib/libtest_package__rosidl_typesupport_introspection_cpp.so\n'}
[3.033909] (test_package) StdoutLine: {'line': b'-- Up-to-date: /home/curry/wilson_proj/ros2-rover-ws/install/test_package/lib/libtest_package__rosidl_typesupport_cpp.so\n'}
[3.035167] (test_package) StdoutLine: {'line': b'-- Up-to-date: /home/curry/wilson_proj/ros2-rover-ws/install/test_package/share/test_package/environment/pythonpath.sh\n'}
[3.035677] (test_package) StdoutLine: {'line': b'-- Up-to-date: /home/curry/wilson_proj/ros2-rover-ws/install/test_package/share/test_package/environment/pythonpath.dsv\n'}
[3.036133] (test_package) StdoutLine: {'line': b'-- Up-to-date: /home/curry/wilson_proj/ros2-rover-ws/install/test_package/lib/python3.10/site-packages/test_package-0.0.0-py3.10.egg-info\n'}
[3.036598] (test_package) StdoutLine: {'line': b'-- Installing: /home/curry/wilson_proj/ros2-rover-ws/install/test_package/lib/python3.10/site-packages/test_package-0.0.0-py3.10.egg-info/dependency_links.txt\n'}
[3.037834] (test_package) StdoutLine: {'line': b'-- Installing: /home/curry/wilson_proj/ros2-rover-ws/install/test_package/lib/python3.10/site-packages/test_package-0.0.0-py3.10.egg-info/SOURCES.txt\n'}
[3.039125] (test_package) StdoutLine: {'line': b'-- Installing: /home/curry/wilson_proj/ros2-rover-ws/install/test_package/lib/python3.10/site-packages/test_package-0.0.0-py3.10.egg-info/top_level.txt\n'}
[3.040346] (test_package) StdoutLine: {'line': b'-- Installing: /home/curry/wilson_proj/ros2-rover-ws/install/test_package/lib/python3.10/site-packages/test_package-0.0.0-py3.10.egg-info/PKG-INFO\n'}
[3.041652] (test_package) StdoutLine: {'line': b'-- Up-to-date: /home/curry/wilson_proj/ros2-rover-ws/install/test_package/lib/python3.10/site-packages/test_package\n'}
[3.042259] (test_package) StdoutLine: {'line': b'-- Up-to-date: /home/curry/wilson_proj/ros2-rover-ws/install/test_package/lib/python3.10/site-packages/test_package/_test_package_s.ep.rosidl_typesupport_c.c\n'}
[3.042666] (test_package) StdoutLine: {'line': b'-- Up-to-date: /home/curry/wilson_proj/ros2-rover-ws/install/test_package/lib/python3.10/site-packages/test_package/_test_package_s.ep.rosidl_typesupport_fastrtps_c.c\n'}
[3.043063] (test_package) StdoutLine: {'line': b'-- Up-to-date: /home/curry/wilson_proj/ros2-rover-ws/install/test_package/lib/python3.10/site-packages/test_package/libtest_package__rosidl_generator_py.so\n'}
[3.043527] (test_package) StdoutLine: {'line': b'-- Up-to-date: /home/curry/wilson_proj/ros2-rover-ws/install/test_package/lib/python3.10/site-packages/test_package/test_package_s__rosidl_typesupport_c.cpython-310-aarch64-linux-gnu.so\n'}
[3.043825] (test_package) StdoutLine: {'line': b'-- Up-to-date: /home/curry/wilson_proj/ros2-rover-ws/install/test_package/lib/python3.10/site-packages/test_package/action\n'}
[3.044258] (test_package) StdoutLine: {'line': b'-- Up-to-date: /home/curry/wilson_proj/ros2-rover-ws/install/test_package/lib/python3.10/site-packages/test_package/action/_fibonacci_s.c\n'}
[3.044621] (test_package) StdoutLine: {'line': b'-- Up-to-date: /home/curry/wilson_proj/ros2-rover-ws/install/test_package/lib/python3.10/site-packages/test_package/action/_fibonacci.py\n'}
[3.045009] (test_package) StdoutLine: {'line': b'-- Up-to-date: /home/curry/wilson_proj/ros2-rover-ws/install/test_package/lib/python3.10/site-packages/test_package/action/__init__.py\n'}
[3.045376] (test_package) StdoutLine: {'line': b'-- Up-to-date: /home/curry/wilson_proj/ros2-rover-ws/install/test_package/lib/python3.10/site-packages/test_package/test_package_s__rosidl_typesupport_fastrtps_c.cpython-310-aarch64-linux-gnu.so\n'}
[3.045818] (test_package) StdoutLine: {'line': b'-- Up-to-date: /home/curry/wilson_proj/ros2-rover-ws/install/test_package/lib/python3.10/site-packages/test_package/_test_package_s.ep.rosidl_typesupport_introspection_c.c\n'}
[3.046272] (test_package) StdoutLine: {'line': b'-- Up-to-date: /home/curry/wilson_proj/ros2-rover-ws/install/test_package/lib/python3.10/site-packages/test_package/__init__.py\n'}
[3.046650] (test_package) StdoutLine: {'line': b'-- Up-to-date: /home/curry/wilson_proj/ros2-rover-ws/install/test_package/lib/python3.10/site-packages/test_package/test_package_s__rosidl_typesupport_introspection_c.cpython-310-aarch64-linux-gnu.so\n'}
[3.120029] (-) TimerEvent: {}
[3.179161] (test_package) StdoutLine: {'line': b"Listing '/home/curry/wilson_proj/ros2-rover-ws/install/test_package/lib/python3.10/site-packages/test_package'...\n"}
[3.180666] (test_package) StdoutLine: {'line': b"Listing '/home/curry/wilson_proj/ros2-rover-ws/install/test_package/lib/python3.10/site-packages/test_package/action'...\n"}
[3.202901] (test_package) StdoutLine: {'line': b'-- Up-to-date: /home/curry/wilson_proj/ros2-rover-ws/install/test_package/lib/python3.10/site-packages/test_package/test_package_s__rosidl_typesupport_fastrtps_c.cpython-310-aarch64-linux-gnu.so\n'}
[3.205122] (test_package) StdoutLine: {'line': b'-- Up-to-date: /home/curry/wilson_proj/ros2-rover-ws/install/test_package/lib/python3.10/site-packages/test_package/test_package_s__rosidl_typesupport_introspection_c.cpython-310-aarch64-linux-gnu.so\n'}
[3.207362] (test_package) StdoutLine: {'line': b'-- Up-to-date: /home/curry/wilson_proj/ros2-rover-ws/install/test_package/lib/python3.10/site-packages/test_package/test_package_s__rosidl_typesupport_c.cpython-310-aarch64-linux-gnu.so\n'}
[3.209561] (test_package) StdoutLine: {'line': b'-- Up-to-date: /home/curry/wilson_proj/ros2-rover-ws/install/test_package/lib/libtest_package__rosidl_generator_py.so\n'}
[3.210824] (test_package) StdoutLine: {'line': b'-- Up-to-date: /home/curry/wilson_proj/ros2-rover-ws/install/test_package/share/test_package/action/Fibonacci.idl\n'}
[3.211326] (test_package) StdoutLine: {'line': b'-- Up-to-date: /home/curry/wilson_proj/ros2-rover-ws/install/test_package/share/test_package/action/Fibonacci.action\n'}
[3.212347] (test_package) StdoutLine: {'line': b'-- Up-to-date: /home/curry/wilson_proj/ros2-rover-ws/install/test_package/lib/test_package/action_server_node\n'}
[3.214340] (test_package) StdoutLine: {'line': b'-- Up-to-date: /home/curry/wilson_proj/ros2-rover-ws/install/test_package/lib/libaction_server.so\n'}
[3.216436] (test_package) StdoutLine: {'line': b'-- Up-to-date: /home/curry/wilson_proj/ros2-rover-ws/install/test_package/lib/test_package/Tserver_node\n'}
[3.217815] (test_package) StdoutLine: {'line': b'-- Up-to-date: /home/curry/wilson_proj/ros2-rover-ws/install/test_package/share/ament_index/resource_index/package_run_dependencies/test_package\n'}
[3.218308] (test_package) StdoutLine: {'line': b'-- Up-to-date: /home/curry/wilson_proj/ros2-rover-ws/install/test_package/share/ament_index/resource_index/parent_prefix_path/test_package\n'}
[3.218765] (test_package) StdoutLine: {'line': b'-- Up-to-date: /home/curry/wilson_proj/ros2-rover-ws/install/test_package/share/test_package/environment/ament_prefix_path.sh\n'}
[3.219203] (test_package) StdoutLine: {'line': b'-- Up-to-date: /home/curry/wilson_proj/ros2-rover-ws/install/test_package/share/test_package/environment/ament_prefix_path.dsv\n'}
[3.219668] (test_package) StdoutLine: {'line': b'-- Up-to-date: /home/curry/wilson_proj/ros2-rover-ws/install/test_package/share/test_package/environment/path.sh\n'}
[3.220067] (-) TimerEvent: {}
[3.221095] (test_package) StdoutLine: {'line': b'-- Up-to-date: /home/curry/wilson_proj/ros2-rover-ws/install/test_package/share/test_package/environment/path.dsv\n'}
[3.221711] (test_package) StdoutLine: {'line': b'-- Up-to-date: /home/curry/wilson_proj/ros2-rover-ws/install/test_package/share/test_package/local_setup.bash\n'}
[3.222216] (test_package) StdoutLine: {'line': b'-- Up-to-date: /home/curry/wilson_proj/ros2-rover-ws/install/test_package/share/test_package/local_setup.sh\n'}
[3.222552] (test_package) StdoutLine: {'line': b'-- Up-to-date: /home/curry/wilson_proj/ros2-rover-ws/install/test_package/share/test_package/local_setup.zsh\n'}
[3.222874] (test_package) StdoutLine: {'line': b'-- Up-to-date: /home/curry/wilson_proj/ros2-rover-ws/install/test_package/share/test_package/local_setup.dsv\n'}
[3.223177] (test_package) StdoutLine: {'line': b'-- Installing: /home/curry/wilson_proj/ros2-rover-ws/install/test_package/share/test_package/package.dsv\n'}
[3.223626] (test_package) StdoutLine: {'line': b'-- Up-to-date: /home/curry/wilson_proj/ros2-rover-ws/install/test_package/share/ament_index/resource_index/packages/test_package\n'}
[3.224309] (test_package) StdoutLine: {'line': b'-- Up-to-date: /home/curry/wilson_proj/ros2-rover-ws/install/test_package/share/test_package/cmake/export_test_package__rosidl_generator_cExport.cmake\n'}
[3.224903] (test_package) StdoutLine: {'line': b'-- Up-to-date: /home/curry/wilson_proj/ros2-rover-ws/install/test_package/share/test_package/cmake/export_test_package__rosidl_generator_cExport-noconfig.cmake\n'}
[3.225419] (test_package) StdoutLine: {'line': b'-- Up-to-date: /home/curry/wilson_proj/ros2-rover-ws/install/test_package/share/test_package/cmake/export_test_package__rosidl_typesupport_fastrtps_cExport.cmake\n'}
[3.226007] (test_package) StdoutLine: {'line': b'-- Up-to-date: /home/curry/wilson_proj/ros2-rover-ws/install/test_package/share/test_package/cmake/export_test_package__rosidl_typesupport_fastrtps_cExport-noconfig.cmake\n'}
[3.226893] (test_package) StdoutLine: {'line': b'-- Up-to-date: /home/curry/wilson_proj/ros2-rover-ws/install/test_package/share/test_package/cmake/test_package__rosidl_typesupport_introspection_cExport.cmake\n'}
[3.227397] (test_package) StdoutLine: {'line': b'-- Up-to-date: /home/curry/wilson_proj/ros2-rover-ws/install/test_package/share/test_package/cmake/test_package__rosidl_typesupport_introspection_cExport-noconfig.cmake\n'}
[3.228203] (test_package) StdoutLine: {'line': b'-- Up-to-date: /home/curry/wilson_proj/ros2-rover-ws/install/test_package/share/test_package/cmake/test_package__rosidl_typesupport_cExport.cmake\n'}
[3.228677] (test_package) StdoutLine: {'line': b'-- Up-to-date: /home/curry/wilson_proj/ros2-rover-ws/install/test_package/share/test_package/cmake/test_package__rosidl_typesupport_cExport-noconfig.cmake\n'}
[3.229444] (test_package) StdoutLine: {'line': b'-- Up-to-date: /home/curry/wilson_proj/ros2-rover-ws/install/test_package/share/test_package/cmake/export_test_package__rosidl_generator_cppExport.cmake\n'}
[3.230388] (test_package) StdoutLine: {'line': b'-- Up-to-date: /home/curry/wilson_proj/ros2-rover-ws/install/test_package/share/test_package/cmake/export_test_package__rosidl_typesupport_fastrtps_cppExport.cmake\n'}
[3.230917] (test_package) StdoutLine: {'line': b'-- Up-to-date: /home/curry/wilson_proj/ros2-rover-ws/install/test_package/share/test_package/cmake/export_test_package__rosidl_typesupport_fastrtps_cppExport-noconfig.cmake\n'}
[3.231735] (test_package) StdoutLine: {'line': b'-- Up-to-date: /home/curry/wilson_proj/ros2-rover-ws/install/test_package/share/test_package/cmake/test_package__rosidl_typesupport_introspection_cppExport.cmake\n'}
[3.232287] (test_package) StdoutLine: {'line': b'-- Up-to-date: /home/curry/wilson_proj/ros2-rover-ws/install/test_package/share/test_package/cmake/test_package__rosidl_typesupport_introspection_cppExport-noconfig.cmake\n'}
[3.233054] (test_package) StdoutLine: {'line': b'-- Up-to-date: /home/curry/wilson_proj/ros2-rover-ws/install/test_package/share/test_package/cmake/test_package__rosidl_typesupport_cppExport.cmake\n'}
[3.233610] (test_package) StdoutLine: {'line': b'-- Up-to-date: /home/curry/wilson_proj/ros2-rover-ws/install/test_package/share/test_package/cmake/test_package__rosidl_typesupport_cppExport-noconfig.cmake\n'}
[3.234459] (test_package) StdoutLine: {'line': b'-- Up-to-date: /home/curry/wilson_proj/ros2-rover-ws/install/test_package/share/test_package/cmake/export_test_package__rosidl_generator_pyExport.cmake\n'}
[3.235035] (test_package) StdoutLine: {'line': b'-- Up-to-date: /home/curry/wilson_proj/ros2-rover-ws/install/test_package/share/test_package/cmake/export_test_package__rosidl_generator_pyExport-noconfig.cmake\n'}
[3.235560] (test_package) StdoutLine: {'line': b'-- Up-to-date: /home/curry/wilson_proj/ros2-rover-ws/install/test_package/share/ament_index/resource_index/rclcpp_components/test_package\n'}
[3.236049] (test_package) StdoutLine: {'line': b'-- Up-to-date: /home/curry/wilson_proj/ros2-rover-ws/install/test_package/share/test_package/cmake/rosidl_cmake-extras.cmake\n'}
[3.236607] (test_package) StdoutLine: {'line': b'-- Up-to-date: /home/curry/wilson_proj/ros2-rover-ws/install/test_package/share/test_package/cmake/ament_cmake_export_dependencies-extras.cmake\n'}
[3.237075] (test_package) StdoutLine: {'line': b'-- Up-to-date: /home/curry/wilson_proj/ros2-rover-ws/install/test_package/share/test_package/cmake/ament_cmake_export_include_directories-extras.cmake\n'}
[3.237539] (test_package) StdoutLine: {'line': b'-- Up-to-date: /home/curry/wilson_proj/ros2-rover-ws/install/test_package/share/test_package/cmake/ament_cmake_export_libraries-extras.cmake\n'}
[3.238118] (test_package) StdoutLine: {'line': b'-- Up-to-date: /home/curry/wilson_proj/ros2-rover-ws/install/test_package/share/test_package/cmake/ament_cmake_export_targets-extras.cmake\n'}
[3.238580] (test_package) StdoutLine: {'line': b'-- Up-to-date: /home/curry/wilson_proj/ros2-rover-ws/install/test_package/share/test_package/cmake/rosidl_cmake_export_typesupport_targets-extras.cmake\n'}
[3.239041] (test_package) StdoutLine: {'line': b'-- Up-to-date: /home/curry/wilson_proj/ros2-rover-ws/install/test_package/share/test_package/cmake/rosidl_cmake_export_typesupport_libraries-extras.cmake\n'}
[3.239478] (test_package) StdoutLine: {'line': b'-- Up-to-date: /home/curry/wilson_proj/ros2-rover-ws/install/test_package/share/test_package/cmake/test_packageConfig.cmake\n'}
[3.240094] (test_package) StdoutLine: {'line': b'-- Up-to-date: /home/curry/wilson_proj/ros2-rover-ws/install/test_package/share/test_package/cmake/test_packageConfig-version.cmake\n'}
[3.240518] (test_package) StdoutLine: {'line': b'-- Up-to-date: /home/curry/wilson_proj/ros2-rover-ws/install/test_package/share/test_package/package.xml\n'}
[3.247454] (test_package) CommandEnded: {'returncode': 0}
[3.320303] (-) TimerEvent: {}
[3.420985] (-) TimerEvent: {}
[3.521649] (-) TimerEvent: {}
[3.622486] (-) TimerEvent: {}
[3.723830] (-) TimerEvent: {}
[3.728564] (test_package) JobEnded: {'identifier': 'test_package', 'rc': 0}
[3.824049] (-) TimerEvent: {}
[3.925047] (-) TimerEvent: {}
[4.025814] (-) TimerEvent: {}
[4.126522] (-) TimerEvent: {}
[4.227236] (-) TimerEvent: {}
[4.328020] (-) TimerEvent: {}
[4.428779] (-) TimerEvent: {}
[4.529480] (-) TimerEvent: {}
[4.630233] (-) TimerEvent: {}
[4.730965] (-) TimerEvent: {}
[4.831692] (-) TimerEvent: {}
[4.932413] (-) TimerEvent: {}
[5.033176] (-) TimerEvent: {}
[5.133966] (-) TimerEvent: {}
[5.234662] (-) TimerEvent: {}
[5.335357] (-) TimerEvent: {}
[5.436075] (-) TimerEvent: {}
[5.536898] (-) TimerEvent: {}
[5.637616] (-) TimerEvent: {}
[5.738361] (-) TimerEvent: {}
[5.839085] (-) TimerEvent: {}
[5.939792] (-) TimerEvent: {}
[6.040545] (-) TimerEvent: {}
[6.141242] (-) TimerEvent: {}
[6.241950] (-) TimerEvent: {}
[6.342904] (-) TimerEvent: {}
[6.443625] (-) TimerEvent: {}
[6.544379] (-) TimerEvent: {}
[6.645090] (-) TimerEvent: {}
[6.745869] (-) TimerEvent: {}
[6.846587] (-) TimerEvent: {}
[6.947303] (-) TimerEvent: {}
[7.048028] (-) TimerEvent: {}
[7.148754] (-) TimerEvent: {}
[7.249467] (-) TimerEvent: {}
[7.350236] (-) TimerEvent: {}
[7.450970] (-) TimerEvent: {}
[7.551700] (-) TimerEvent: {}
[7.652426] (-) TimerEvent: {}
[7.753138] (-) TimerEvent: {}
[7.853900] (-) TimerEvent: {}
[7.954589] (-) TimerEvent: {}
[8.055297] (-) TimerEvent: {}
[8.156006] (-) TimerEvent: {}
[8.256713] (-) TimerEvent: {}
[8.357419] (-) TimerEvent: {}
[8.458206] (-) TimerEvent: {}
[8.558927] (-) TimerEvent: {}
[8.659643] (-) TimerEvent: {}
[8.760355] (-) TimerEvent: {}
[8.861080] (-) TimerEvent: {}
[8.964769] (-) TimerEvent: {}
[9.065517] (-) TimerEvent: {}
[9.166287] (-) TimerEvent: {}
[9.267002] (-) TimerEvent: {}
[9.367730] (-) TimerEvent: {}
[9.468509] (-) TimerEvent: {}
[9.569279] (-) TimerEvent: {}
[9.670032] (-) TimerEvent: {}
[9.770750] (-) TimerEvent: {}
[9.871475] (-) TimerEvent: {}
[9.972191] (-) TimerEvent: {}
[10.072911] (-) TimerEvent: {}
[10.173619] (-) TimerEvent: {}
[10.274398] (-) TimerEvent: {}
[10.375106] (-) TimerEvent: {}
[10.475820] (-) TimerEvent: {}
[10.576577] (-) TimerEvent: {}
[10.677289] (-) TimerEvent: {}
[10.777978] (-) TimerEvent: {}
[10.878805] (-) TimerEvent: {}
[10.979546] (-) TimerEvent: {}
[11.080279] (-) TimerEvent: {}
[11.181014] (-) TimerEvent: {}
[11.281739] (-) TimerEvent: {}
[11.382440] (-) TimerEvent: {}
[11.483160] (-) TimerEvent: {}
[11.583869] (-) TimerEvent: {}
[11.684607] (-) TimerEvent: {}
[11.785333] (-) TimerEvent: {}
[11.886073] (-) TimerEvent: {}
[11.986787] (-) TimerEvent: {}
[12.087482] (-) TimerEvent: {}
[12.188191] (-) TimerEvent: {}
[12.288898] (-) TimerEvent: {}
[12.389638] (-) TimerEvent: {}
[12.490372] (-) TimerEvent: {}
[12.591081] (-) TimerEvent: {}
[12.691779] (-) TimerEvent: {}
[12.792483] (-) TimerEvent: {}
[12.893276] (-) TimerEvent: {}
[12.994222] (-) TimerEvent: {}
[13.061464] (rover_control_package) StderrLine: {'line': b'\x1b[01m\x1b[K/home/curry/wilson_proj/ros2-rover-ws/src/rover_control_package/src/motor_drive_node.cpp:\x1b[m\x1b[K In constructor \xe2\x80\x98\x1b[01m\x1b[Kcarcontrol_cpp::CarControlActionServer::CarControlActionServer(const rclcpp::NodeOptions&)\x1b[m\x1b[K\xe2\x80\x99:\n'}
[13.062336] (rover_control_package) StderrLine: {'line': b'\x1b[01m\x1b[K/home/curry/wilson_proj/ros2-rover-ws/src/rover_control_package/src/motor_drive_node.cpp:26:45:\x1b[m\x1b[K \x1b[01;31m\x1b[Kerror: \x1b[m\x1b[K\xe2\x80\x98\x1b[01m\x1b[Kcreate\x1b[m\x1b[K\xe2\x80\x99 is not a member of \xe2\x80\x98\x1b[01m\x1b[Krclcpp_action\x1b[m\x1b[K\xe2\x80\x99\n'}
[13.062736] (rover_control_package) StderrLine: {'line': b'   26 |       this->action_server_ = rclcpp_action::\x1b[01;31m\x1b[Kcreate\x1b[m\x1b[K<Carcontrol>(\n'}
[13.063103] (rover_control_package) StderrLine: {'line': b'      |                                             \x1b[01;31m\x1b[K^~~~~~\x1b[m\x1b[K\n'}
[13.063444] (rover_control_package) StderrLine: {'line': b'\x1b[01m\x1b[K/home/curry/wilson_proj/ros2-rover-ws/src/rover_control_package/src/motor_drive_node.cpp:26:62:\x1b[m\x1b[K \x1b[01;31m\x1b[Kerror: \x1b[m\x1b[Kexpected primary-expression before \xe2\x80\x98\x1b[01m\x1b[K>\x1b[m\x1b[K\xe2\x80\x99 token\n'}
[13.063781] (rover_control_package) StderrLine: {'line': b'   26 |       this->action_server_ = rclcpp_action::create<Carcontrol\x1b[01;31m\x1b[K>\x1b[m\x1b[K(\n'}
[13.064112] (rover_control_package) StderrLine: {'line': b'      |                                                              \x1b[01;31m\x1b[K^\x1b[m\x1b[K\n'}
[13.064431] (rover_control_package) StderrLine: {'line': b'\x1b[01m\x1b[K/home/curry/wilson_proj/ros2-rover-ws/src/rover_control_package/src/motor_drive_node.cpp:27:9:\x1b[m\x1b[K \x1b[01;35m\x1b[Kwarning: \x1b[m\x1b[Kleft operand of comma operator has no effect [\x1b[01;35m\x1b[K\x1b]8;;https://gcc.gnu.org/onlinedocs/gcc/Warning-Options.html#index-Wunused-value\x07-Wunused-value\x1b]8;;\x07\x1b[m\x1b[K]\n'}
[13.064761] (rover_control_package) StderrLine: {'line': b'   27 |         \x1b[01;35m\x1b[Kthis\x1b[m\x1b[K,\n'}
[13.065090] (rover_control_package) StderrLine: {'line': b'      |         \x1b[01;35m\x1b[K^~~~\x1b[m\x1b[K\n'}
[13.093399] (rover_control_package) StderrLine: {'line': b'\x1b[01m\x1b[K/home/curry/wilson_proj/ros2-rover-ws/src/rover_control_package/src/motor_drive_node.cpp:29:69:\x1b[m\x1b[K \x1b[01;35m\x1b[Kwarning: \x1b[m\x1b[Kright operand of comma operator has no effect [\x1b[01;35m\x1b[K\x1b]8;;https://gcc.gnu.org/onlinedocs/gcc/Warning-Options.html#index-Wunused-value\x07-Wunused-value\x1b]8;;\x07\x1b[m\x1b[K]\n'}
[13.094044] (rover_control_package) StderrLine: {'line': b'   29 |         std::bind(&CarControlActionServer::handle_goal, this, _1, _2\x1b[01;35m\x1b[K)\x1b[m\x1b[K,\n'}
[13.094412] (-) TimerEvent: {}
[13.094813] (rover_control_package) StderrLine: {'line': b'      |                                                                     \x1b[01;35m\x1b[K^\x1b[m\x1b[K\n'}
[13.194640] (-) TimerEvent: {}
[13.295362] (-) TimerEvent: {}
[13.396110] (-) TimerEvent: {}
[13.496818] (-) TimerEvent: {}
[13.597529] (-) TimerEvent: {}
[13.698374] (-) TimerEvent: {}
[13.799115] (-) TimerEvent: {}
[13.899874] (-) TimerEvent: {}
[14.010575] (-) TimerEvent: {}
[14.035724] (rover_control_package) StderrLine: {'line': b'\x1b[01m\x1b[K/home/curry/wilson_proj/ros2-rover-ws/src/rover_control_package/src/motor_drive_node.cpp:\x1b[m\x1b[K In member function \xe2\x80\x98\x1b[01m\x1b[Krclcpp_action::GoalResponse carcontrol_cpp::CarControlActionServer::handle_goal(const GoalUUID&, std::shared_ptr<const rover_control_package::action::Carcontrol_Goal_<std::allocator<void> > >)\x1b[m\x1b[K\xe2\x80\x99:\n'}
[14.036378] (rover_control_package) StderrLine: {'line': b'\x1b[01m\x1b[K/home/curry/wilson_proj/ros2-rover-ws/src/rover_control_package/src/motor_drive_node.cpp:38:41:\x1b[m\x1b[K \x1b[01;35m\x1b[Kwarning: \x1b[m\x1b[Kunused parameter \xe2\x80\x98\x1b[01m\x1b[Kuuid\x1b[m\x1b[K\xe2\x80\x99 [\x1b[01;35m\x1b[K\x1b]8;;https://gcc.gnu.org/onlinedocs/gcc/Warning-Options.html#index-Wunused-parameter\x07-Wunused-parameter\x1b]8;;\x07\x1b[m\x1b[K]\n'}
[14.036829] (rover_control_package) StderrLine: {'line': b'   38 |         \x1b[01;35m\x1b[Kconst rclcpp_action::GoalUUID & uuid\x1b[m\x1b[K,\n'}
[14.037198] (rover_control_package) StderrLine: {'line': b'      |         \x1b[01;35m\x1b[K~~~~~~~~~~~~~~~~~~~~~~~~~~~~~~~~^~~~\x1b[m\x1b[K\n'}
[14.037876] (rover_control_package) StderrLine: {'line': b'\x1b[01m\x1b[K/home/curry/wilson_proj/ros2-rover-ws/src/rover_control_package/src/motor_drive_node.cpp:\x1b[m\x1b[K In member function \xe2\x80\x98\x1b[01m\x1b[Krclcpp_action::CancelResponse carcontrol_cpp::CarControlActionServer::handle_cancel(std::shared_ptr<rclcpp_action::ClientGoalHandle<rover_control_package::action::Carcontrol> >)\x1b[m\x1b[K\xe2\x80\x99:\n'}
[14.038308] (rover_control_package) StderrLine: {'line': b'\x1b[01m\x1b[K/home/curry/wilson_proj/ros2-rover-ws/src/rover_control_package/src/motor_drive_node.cpp:53:53:\x1b[m\x1b[K \x1b[01;35m\x1b[Kwarning: \x1b[m\x1b[Kunused parameter \xe2\x80\x98\x1b[01m\x1b[Kgoal_handle\x1b[m\x1b[K\xe2\x80\x99 [\x1b[01;35m\x1b[K\x1b]8;;https://gcc.gnu.org/onlinedocs/gcc/Warning-Options.html#index-Wunused-parameter\x07-Wunused-parameter\x1b]8;;\x07\x1b[m\x1b[K]\n'}
[14.038679] (rover_control_package) StderrLine: {'line': b'   53 |         \x1b[01;35m\x1b[Kconst std::shared_ptr<GoalHandleCarcontrol> goal_handle\x1b[m\x1b[K) {\n'}
[14.039025] (rover_control_package) StderrLine: {'line': b'      |         \x1b[01;35m\x1b[K~~~~~~~~~~~~~~~~~~~~~~~~~~~~~~~~~~~~~~~~~~~~^~~~~~~~~~~\x1b[m\x1b[K\n'}
[14.055572] (rover_control_package) StderrLine: {'line': b'\x1b[01m\x1b[K/home/curry/wilson_proj/ros2-rover-ws/src/rover_control_package/src/motor_drive_node.cpp:\x1b[m\x1b[K In member function \xe2\x80\x98\x1b[01m\x1b[Kvoid carcontrol_cpp::CarControlActionServer::execute(std::shared_ptr<rclcpp_action::ClientGoalHandle<rover_control_package::action::Carcontrol> >)\x1b[m\x1b[K\xe2\x80\x99:\n'}
[14.056117] (rover_control_package) StderrLine: {'line': b'\x1b[01m\x1b[K/home/curry/wilson_proj/ros2-rover-ws/src/rover_control_package/src/motor_drive_node.cpp:67:40:\x1b[m\x1b[K \x1b[01;31m\x1b[Kerror: \x1b[m\x1b[K\xe2\x80\x98\x1b[01m\x1b[Kusing element_type = class rclcpp_action::ClientGoalHandle<rover_control_package::action::Carcontrol>\x1b[m\x1b[K\xe2\x80\x99 {aka \xe2\x80\x98\x1b[01m\x1b[Kclass rclcpp_action::ClientGoalHandle<rover_control_package::action::Carcontrol>\x1b[m\x1b[K\xe2\x80\x99} has no member named \xe2\x80\x98\x1b[01m\x1b[Kget_goal\x1b[m\x1b[K\xe2\x80\x99; did you mean \xe2\x80\x98\x1b[01m\x1b[Kget_goal_id\x1b[m\x1b[K\xe2\x80\x99?\n'}
[14.056567] (rover_control_package) StderrLine: {'line': b'   67 |         const auto goal = goal_handle->\x1b[01;31m\x1b[Kget_goal\x1b[m\x1b[K(); //retrieves the goal\n'}
[14.056912] (rover_control_package) StderrLine: {'line': b'      |                                        \x1b[01;31m\x1b[K^~~~~~~~\x1b[m\x1b[K\n'}
[14.057253] (rover_control_package) StderrLine: {'line': b'      |                                        \x1b[32m\x1b[Kget_goal_id\x1b[m\x1b[K\n'}
[14.065613] (rover_control_package) StderrLine: {'line': b'\x1b[01m\x1b[K/home/curry/wilson_proj/ros2-rover-ws/src/rover_control_package/src/motor_drive_node.cpp:74:28:\x1b[m\x1b[K \x1b[01;31m\x1b[Kerror: \x1b[m\x1b[K\xe2\x80\x98\x1b[01m\x1b[Kusing element_type = class rclcpp_action::ClientGoalHandle<rover_control_package::action::Carcontrol>\x1b[m\x1b[K\xe2\x80\x99 {aka \xe2\x80\x98\x1b[01m\x1b[Kclass rclcpp_action::ClientGoalHandle<rover_control_package::action::Carcontrol>\x1b[m\x1b[K\xe2\x80\x99} has no member named \xe2\x80\x98\x1b[01m\x1b[Kis_canceling\x1b[m\x1b[K\xe2\x80\x99\n'}
[14.066256] (rover_control_package) StderrLine: {'line': b'   74 |           if (goal_handle->\x1b[01;31m\x1b[Kis_canceling\x1b[m\x1b[K()){\n'}
[14.066629] (rover_control_package) StderrLine: {'line': b'      |                            \x1b[01;31m\x1b[K^~~~~~~~~~~~\x1b[m\x1b[K\n'}
[14.067340] (rover_control_package) StderrLine: {'line': b'\x1b[01m\x1b[K/home/curry/wilson_proj/ros2-rover-ws/src/rover_control_package/src/motor_drive_node.cpp:77:26:\x1b[m\x1b[K \x1b[01;31m\x1b[Kerror: \x1b[m\x1b[K\xe2\x80\x98\x1b[01m\x1b[Kusing element_type = class rclcpp_action::ClientGoalHandle<rover_control_package::action::Carcontrol>\x1b[m\x1b[K\xe2\x80\x99 {aka \xe2\x80\x98\x1b[01m\x1b[Kclass rclcpp_action::ClientGoalHandle<rover_control_package::action::Carcontrol>\x1b[m\x1b[K\xe2\x80\x99} has no member named \xe2\x80\x98\x1b[01m\x1b[Kcanceled\x1b[m\x1b[K\xe2\x80\x99\n'}
[14.067819] (rover_control_package) StderrLine: {'line': b'   77 |             goal_handle->\x1b[01;31m\x1b[Kcanceled\x1b[m\x1b[K(result);\n'}
[14.068738] (rover_control_package) StderrLine: {'line': b'      |                          \x1b[01;31m\x1b[K^~~~~~~~\x1b[m\x1b[K\n'}
[14.069112] (rover_control_package) StderrLine: {'line': b'\x1b[01m\x1b[K/home/curry/wilson_proj/ros2-rover-ws/src/rover_control_package/src/motor_drive_node.cpp:88:22:\x1b[m\x1b[K \x1b[01;31m\x1b[Kerror: \x1b[m\x1b[K\xe2\x80\x98\x1b[01m\x1b[Kusing element_type = class rclcpp_action::ClientGoalHandle<rover_control_package::action::Carcontrol>\x1b[m\x1b[K\xe2\x80\x99 {aka \xe2\x80\x98\x1b[01m\x1b[Kclass rclcpp_action::ClientGoalHandle<rover_control_package::action::Carcontrol>\x1b[m\x1b[K\xe2\x80\x99} has no member named \xe2\x80\x98\x1b[01m\x1b[Kpublish_feedback\x1b[m\x1b[K\xe2\x80\x99\n'}
[14.069536] (rover_control_package) StderrLine: {'line': b'   88 |         goal_handle->\x1b[01;31m\x1b[Kpublish_feedback\x1b[m\x1b[K(feedback);\n'}
[14.070119] (rover_control_package) StderrLine: {'line': b'      |                      \x1b[01;31m\x1b[K^~~~~~~~~~~~~~~~\x1b[m\x1b[K\n'}
[14.070487] (rover_control_package) StderrLine: {'line': b'\x1b[01m\x1b[K/home/curry/wilson_proj/ros2-rover-ws/src/rover_control_package/src/motor_drive_node.cpp:97:24:\x1b[m\x1b[K \x1b[01;31m\x1b[Kerror: \x1b[m\x1b[K\xe2\x80\x98\x1b[01m\x1b[Kusing element_type = class rclcpp_action::ClientGoalHandle<rover_control_package::action::Carcontrol>\x1b[m\x1b[K\xe2\x80\x99 {aka \xe2\x80\x98\x1b[01m\x1b[Kclass rclcpp_action::ClientGoalHandle<rover_control_package::action::Carcontrol>\x1b[m\x1b[K\xe2\x80\x99} has no member named \xe2\x80\x98\x1b[01m\x1b[Ksucceed\x1b[m\x1b[K\xe2\x80\x99\n'}
[14.070890] (rover_control_package) StderrLine: {'line': b'   97 |           goal_handle->\x1b[01;31m\x1b[Ksucceed\x1b[m\x1b[K(result);\n'}
[14.071241] (rover_control_package) StderrLine: {'line': b'      |                        \x1b[01;31m\x1b[K^~~~~~~\x1b[m\x1b[K\n'}
[14.110735] (-) TimerEvent: {}
[14.211461] (-) TimerEvent: {}
[14.312184] (-) TimerEvent: {}
[14.412928] (-) TimerEvent: {}
[14.513689] (-) TimerEvent: {}
[14.614554] (-) TimerEvent: {}
[14.715298] (-) TimerEvent: {}
[14.816020] (-) TimerEvent: {}
[14.916750] (-) TimerEvent: {}
[15.017482] (-) TimerEvent: {}
[15.118252] (-) TimerEvent: {}
[15.218981] (-) TimerEvent: {}
[15.319705] (-) TimerEvent: {}
[15.420425] (-) TimerEvent: {}
[15.521144] (-) TimerEvent: {}
[15.621931] (-) TimerEvent: {}
[15.722642] (-) TimerEvent: {}
[15.823362] (-) TimerEvent: {}
[15.924069] (-) TimerEvent: {}
[16.024772] (-) TimerEvent: {}
[16.125525] (-) TimerEvent: {}
[16.226291] (-) TimerEvent: {}
[16.327025] (-) TimerEvent: {}
[16.427764] (-) TimerEvent: {}
[16.528489] (-) TimerEvent: {}
[16.629216] (-) TimerEvent: {}
[16.729965] (-) TimerEvent: {}
[16.816565] (rover_control_package) StderrLine: {'line': b'gmake[2]: *** [CMakeFiles/carcontrol_ros2_server.dir/build.make:76: CMakeFiles/carcontrol_ros2_server.dir/src/motor_drive_node.cpp.o] Error 1\n'}
[16.817436] (rover_control_package) StderrLine: {'line': b'gmake[1]: *** [CMakeFiles/Makefile2:628: CMakeFiles/carcontrol_ros2_server.dir/all] Error 2\n'}
[16.818389] (rover_control_package) StderrLine: {'line': b'gmake: *** [Makefile:146: all] Error 2\n'}
[16.824738] (rover_control_package) CommandEnded: {'returncode': 2}
[16.830889] (-) TimerEvent: {}
[16.932154] (-) TimerEvent: {}
[17.032801] (-) TimerEvent: {}
[17.133441] (-) TimerEvent: {}
[17.232795] (rover_control_package) JobEnded: {'identifier': 'rover_control_package', 'rc': 2}
[17.234929] (-) TimerEvent: {}
[17.244422] (-) EventReactorShutdown: {}
