[01m[K/home/curry/wilson_proj/ros2-rover-ws/src/package_rover_control/src/node_rover_control.cpp:[m[K In member function â€˜[01m[Kvoid Node_Rovercontrol::timer_callback()[m[Kâ€™:
[01m[K/home/curry/wilson_proj/ros2-rover-ws/src/package_rover_control/src/node_rover_control.cpp:70:43:[m[K [01;31m[Kerror: [m[Kâ€˜[01m[Kparse_speedlimit_message[m[Kâ€™ was not declared in this scope; did you mean â€˜[01m[Kspeedlimit_message_[m[Kâ€™?
   70 |                 std::vector<int> values = [01;31m[Kparse_speedlimit_message[m[K(speedlimit_message_);
      |                                           [01;31m[K^~~~~~~~~~~~~~~~~~~~~~~~[m[K
      |                                           [32m[Kspeedlimit_message_[m[K
gmake[2]: *** [CMakeFiles/node_rovercontrol.dir/build.make:76: CMakeFiles/node_rovercontrol.dir/src/node_rover_control.cpp.o] Error 1
gmake[1]: *** [CMakeFiles/Makefile2:193: CMakeFiles/node_rovercontrol.dir/all] Error 2
gmake: *** [Makefile:146: all] Error 2
