[0.168s] Invoking command in '/home/curry/wilson_proj/ros2-rover-ws/build/package_rover_control': CMAKE_PREFIX_PATH=${CMAKE_PREFIX_PATH}:/opt/ros/iron /usr/bin/cmake --build /home/curry/wilson_proj/ros2-rover-ws/build/package_rover_control -- -j4 -l4
[0.412s] [35m[1mConsolidate compiler generated dependencies of target node_rovercontrol[0m
[0.510s] [ 33%] Built target motorcontrol
[0.525s] [ 66%] Built target node_motor_control
[0.549s] [ 83%] [32mBuilding CXX object CMakeFiles/node_rovercontrol.dir/src/node_rover_control.cpp.o[0m
[11.611s] [01m[K/home/curry/wilson_proj/ros2-rover-ws/src/package_rover_control/src/node_rover_control.cpp:[m[K In member function â€˜[01m[Kvoid Node_Rovercontrol::timer_callback()[m[Kâ€™:
[11.612s] [01m[K/home/curry/wilson_proj/ros2-rover-ws/src/package_rover_control/src/node_rover_control.cpp:70:43:[m[K [01;31m[Kerror: [m[Kâ€˜[01m[Kparse_speedlimit_message[m[Kâ€™ was not declared in this scope; did you mean â€˜[01m[Kspeedlimit_message_[m[Kâ€™?
[11.612s]    70 |                 std::vector<int> values = [01;31m[Kparse_speedlimit_message[m[K(speedlimit_message_);
[11.613s]       |                                           [01;31m[K^~~~~~~~~~~~~~~~~~~~~~~~[m[K
[11.613s]       |                                           [32m[Kspeedlimit_message_[m[K
[23.438s] gmake[2]: *** [CMakeFiles/node_rovercontrol.dir/build.make:76: CMakeFiles/node_rovercontrol.dir/src/node_rover_control.cpp.o] Error 1
[23.438s] gmake[1]: *** [CMakeFiles/Makefile2:193: CMakeFiles/node_rovercontrol.dir/all] Error 2
[23.439s] gmake: *** [Makefile:146: all] Error 2
[23.446s] Invoked command in '/home/curry/wilson_proj/ros2-rover-ws/build/package_rover_control' returned '2': CMAKE_PREFIX_PATH=${CMAKE_PREFIX_PATH}:/opt/ros/iron /usr/bin/cmake --build /home/curry/wilson_proj/ros2-rover-ws/build/package_rover_control -- -j4 -l4
