[0.065s] Invoking command in '/home/curry/wilson_proj/ros2-rover-ws/build/rover_control_package': CMAKE_PREFIX_PATH=/opt/ros/iron /usr/bin/cmake --build /home/curry/wilson_proj/ros2-rover-ws/build/rover_control_package -- -j4 -l4
[0.233s] [35m[1mConsolidate compiler generated dependencies of target carcontrol_server[0m
[0.312s] [ 25%] [32mBuilding CXX object CMakeFiles/carcontrol_ros2_server.dir/src/motor_drive_node.cpp.o[0m
[0.418s] [ 75%] Built target carcontrol_server
[1.022s] [01m[K/home/curry/wilson_proj/ros2-rover-ws/src/rover_control_package/src/motor_drive_node.cpp:5:10:[m[K [01;31m[Kfatal error: [m[Krover_control_package/action/Carcontrol.action: No such file or directory
[1.023s]     5 | #include [01;31m[K"rover_control_package/action/Carcontrol.action"[m[K
[1.024s]       |          [01;31m[K^~~~~~~~~~~~~~~~~~~~~~~~~~~~~~~~~~~~~~~~~~~~~~~~[m[K
[1.025s] compilation terminated.
[1.031s] gmake[2]: *** [CMakeFiles/carcontrol_ros2_server.dir/build.make:76: CMakeFiles/carcontrol_ros2_server.dir/src/motor_drive_node.cpp.o] Error 1
[1.032s] gmake[1]: *** [CMakeFiles/Makefile2:139: CMakeFiles/carcontrol_ros2_server.dir/all] Error 2
[1.038s] gmake: *** [Makefile:146: all] Error 2
[1.045s] Invoked command in '/home/curry/wilson_proj/ros2-rover-ws/build/rover_control_package' returned '2': CMAKE_PREFIX_PATH=/opt/ros/iron /usr/bin/cmake --build /home/curry/wilson_proj/ros2-rover-ws/build/rover_control_package -- -j4 -l4
