[0.108s] Invoking command in '/home/curry/wilson_proj/ros2-rover-ws/build/package_rover_control': CMAKE_PREFIX_PATH=${CMAKE_PREFIX_PATH}:/opt/ros/humble /usr/bin/cmake --build /home/curry/wilson_proj/ros2-rover-ws/build/package_rover_control -- -j4 -l4
[0.361s] [35m[1mConsolidate compiler generated dependencies of target node_rovercontrol[0m
[0.549s] [ 16%] [32mBuilding CXX object CMakeFiles/node_rovercontrol.dir/src/node_rover_control_a.cpp.o[0m
[0.555s] [ 50%] Built target node_motor_control
[0.565s] [ 83%] Built target motorcontrol
[10.764s] In file included from [01m[K/opt/ros/humble/include/rclcpp/rclcpp/logging.hpp:24[m[K,
[10.764s]                  from [01m[K/opt/ros/humble/include/rclcpp/rclcpp/client.hpp:40[m[K,
[10.764s]                  from [01m[K/opt/ros/humble/include/rclcpp/rclcpp/callback_group.hpp:24[m[K,
[10.765s]                  from [01m[K/opt/ros/humble/include/rclcpp/rclcpp/any_executable.hpp:20[m[K,
[10.765s]                  from [01m[K/opt/ros/humble/include/rclcpp/rclcpp/memory_strategy.hpp:25[m[K,
[10.765s]                  from [01m[K/opt/ros/humble/include/rclcpp/rclcpp/memory_strategies.hpp:18[m[K,
[10.766s]                  from [01m[K/opt/ros/humble/include/rclcpp/rclcpp/executor_options.hpp:20[m[K,
[10.766s]                  from [01m[K/opt/ros/humble/include/rclcpp/rclcpp/executor.hpp:37[m[K,
[10.766s]                  from [01m[K/opt/ros/humble/include/rclcpp/rclcpp/executors/multi_threaded_executor.hpp:25[m[K,
[10.767s]                  from [01m[K/opt/ros/humble/include/rclcpp/rclcpp/executors.hpp:21[m[K,
[10.767s]                  from [01m[K/opt/ros/humble/include/rclcpp/rclcpp/rclcpp.hpp:155[m[K,
[10.767s]                  from [01m[K/home/curry/wilson_proj/ros2-rover-ws/src/package_rover_control/src/node_rover_control_a.cpp:1[m[K:
[10.768s] [01m[K/home/curry/wilson_proj/ros2-rover-ws/src/package_rover_control/src/node_rover_control_a.cpp:[m[K In member function â€˜[01m[Kvoid Node_Rovercontrol::timer_callback()[m[Kâ€™:
[10.768s] [01m[K/home/curry/wilson_proj/ros2-rover-ws/src/package_rover_control/src/node_rover_control_a.cpp:90:108:[m[K [01;31m[Kerror: [m[Kno match for â€˜[01m[Koperator[][m[Kâ€™ (operand types are â€˜[01m[Kstd_msgs::msg::Float32MultiArray_<std::allocator<void> >[m[Kâ€™ and â€˜[01m[Kint[m[Kâ€™)
[10.769s]    90 |         RCLCPP_INFO(this->get_logger(), "Publishing to pub_rovercontrol: [%.2f, %.2f, %.1f]", rover_con_msg[01;31m[K[[m[K0], rover_con_msg[1], rover_con_msg[2]);
[10.769s]       |                                                                                                            [01;31m[K^[m[K
[10.769s] [01m[K/home/curry/wilson_proj/ros2-rover-ws/src/package_rover_control/src/node_rover_control_a.cpp:90:126:[m[K [01;31m[Kerror: [m[Kno match for â€˜[01m[Koperator[][m[Kâ€™ (operand types are â€˜[01m[Kstd_msgs::msg::Float32MultiArray_<std::allocator<void> >[m[Kâ€™ and â€˜[01m[Kint[m[Kâ€™)
[10.770s]    90 |         RCLCPP_INFO(this->get_logger(), "Publishing to pub_rovercontrol: [%.2f, %.2f, %.1f]", rover_con_msg[0], rover_con_msg[01;31m[K[[m[K1], rover_con_msg[2]);
[10.770s]       |                                                                                                                              [01;31m[K^[m[K
[10.770s] [01m[K/home/curry/wilson_proj/ros2-rover-ws/src/package_rover_control/src/node_rover_control_a.cpp:90:144:[m[K [01;31m[Kerror: [m[Kno match for â€˜[01m[Koperator[][m[Kâ€™ (operand types are â€˜[01m[Kstd_msgs::msg::Float32MultiArray_<std::allocator<void> >[m[Kâ€™ and â€˜[01m[Kint[m[Kâ€™)
[10.771s]    90 |         RCLCPP_INFO(this->get_logger(), "Publishing to pub_rovercontrol: [%.2f, %.2f, %.1f]", rover_con_msg[0], rover_con_msg[1], rover_con_msg[01;31m[K[[m[K2]);
[10.771s]       |                                                                                                                                                [01;31m[K^[m[K
[22.184s] gmake[2]: *** [CMakeFiles/node_rovercontrol.dir/build.make:76: CMakeFiles/node_rovercontrol.dir/src/node_rover_control_a.cpp.o] Error 1
[22.185s] gmake[1]: *** [CMakeFiles/Makefile2:193: CMakeFiles/node_rovercontrol.dir/all] Error 2
[22.186s] gmake: *** [Makefile:146: all] Error 2
[22.193s] Invoked command in '/home/curry/wilson_proj/ros2-rover-ws/build/package_rover_control' returned '2': CMAKE_PREFIX_PATH=${CMAKE_PREFIX_PATH}:/opt/ros/humble /usr/bin/cmake --build /home/curry/wilson_proj/ros2-rover-ws/build/package_rover_control -- -j4 -l4
