[0.048s] Invoking command in '/home/curry/wilson_proj/ros2-rover-ws/build/test_package': CMAKE_PREFIX_PATH=${CMAKE_PREFIX_PATH}:/opt/ros/iron /usr/bin/cmake --build /home/curry/wilson_proj/ros2-rover-ws/build/test_package -- -j4 -l4
[0.283s] [  2%] Built target test_package__rosidl_generator_type_description
[0.326s] [  7%] Built target action_server_node
[0.328s] [ 12%] Built target Tserver_node
[0.344s] [ 12%] Built target ament_cmake_python_copy_test_package
[0.375s] [ 15%] Built target test_package__cpp
[0.427s] [ 27%] Built target test_package__rosidl_generator_c
[0.535s] [ 35%] Built target test_package__rosidl_typesupport_introspection_c
[0.544s] [ 42%] Built target test_package__rosidl_typesupport_cpp
[0.548s] [ 50%] Built target test_package__rosidl_typesupport_fastrtps_c
[0.645s] [ 57%] Built target test_package__rosidl_typesupport_c
[0.665s] [ 65%] Built target test_package__rosidl_typesupport_introspection_cpp
[0.675s] [ 72%] Built target test_package__rosidl_typesupport_fastrtps_cpp
[0.713s] [35m[1mConsolidate compiler generated dependencies of target action_server[0m
[0.767s] [ 72%] Built target test_package
[0.822s] [ 75%] [32mBuilding CXX object CMakeFiles/action_server.dir/src/Action_server_node.cpp.o[0m
[0.862s] [ 77%] Built target test_package__py
[0.959s] [ 82%] Built target test_package__rosidl_generator_py
[1.064s] [ 87%] Built target test_package__rosidl_typesupport_fastrtps_c__pyext
[1.067s] [ 92%] Built target test_package__rosidl_typesupport_introspection_c__pyext
[1.165s] [ 97%] Built target test_package__rosidl_typesupport_c__pyext
[1.741s] running egg_info
[1.745s] writing test_package.egg-info/PKG-INFO
[1.746s] writing dependency_links to test_package.egg-info/dependency_links.txt
[1.747s] writing top-level names to test_package.egg-info/top_level.txt
[1.757s] reading manifest file 'test_package.egg-info/SOURCES.txt'
[1.760s] writing manifest file 'test_package.egg-info/SOURCES.txt'
[1.890s] [ 97%] Built target ament_cmake_python_build_test_package_egg
[2.976s] [01m[K/home/curry/wilson_proj/ros2-rover-ws/src/test_package/src/Action_server_node.cpp:10:10:[m[K [01;31m[Kfatal error: [m[Ktest_package/visibility_control.h: No such file or directory
[2.976s]    10 | #include [01;31m[K"test_package/visibility_control.h"[m[K
[2.976s]       |          [01;31m[K^~~~~~~~~~~~~~~~~~~~~~~~~~~~~~~~~~~[m[K
[2.977s] compilation terminated.
[2.987s] gmake[2]: *** [CMakeFiles/action_server.dir/build.make:76: CMakeFiles/action_server.dir/src/Action_server_node.cpp.o] Error 1
[2.988s] gmake[1]: *** [CMakeFiles/Makefile2:630: CMakeFiles/action_server.dir/all] Error 2
[2.989s] gmake: *** [Makefile:146: all] Error 2
[2.997s] Invoked command in '/home/curry/wilson_proj/ros2-rover-ws/build/test_package' returned '2': CMAKE_PREFIX_PATH=${CMAKE_PREFIX_PATH}:/opt/ros/iron /usr/bin/cmake --build /home/curry/wilson_proj/ros2-rover-ws/build/test_package -- -j4 -l4
