[0.052s] Invoking command in '/home/curry/wilson_proj/ros2-rover-ws/build/rover_control_package': CMAKE_PREFIX_PATH=/opt/ros/iron /usr/bin/cmake --build /home/curry/wilson_proj/ros2-rover-ws/build/rover_control_package -- -j4 -l4
[0.277s] [  2%] Built target rover_control_package__rosidl_generator_type_description
[0.283s] [  5%] [32mBuilding CXX object CMakeFiles/carcontrol_ros2_server.dir/src/motor_drive_node.cpp.o[0m
[0.319s] [ 10%] Built target carcontrol_server
[0.338s] [ 10%] Built target ament_cmake_python_copy_rover_control_package
[0.370s] [ 13%] Built target rover_control_package__cpp
[0.417s] [ 26%] Built target rover_control_package__rosidl_generator_c
[0.520s] [ 34%] Built target rover_control_package__rosidl_typesupport_cpp
[0.529s] [ 42%] Built target rover_control_package__rosidl_typesupport_fastrtps_c
[0.624s] [ 50%] Built target rover_control_package__rosidl_typesupport_introspection_c
[0.628s] [ 57%] Built target rover_control_package__rosidl_typesupport_c
[0.734s] [ 65%] Built target rover_control_package__rosidl_typesupport_fastrtps_cpp
[0.739s] [ 73%] Built target rover_control_package__rosidl_typesupport_introspection_cpp
[0.822s] [ 73%] Built target rover_control_package
[0.904s] [ 76%] Built target rover_control_package__py
[0.946s] [35m[1mConsolidate compiler generated dependencies of target rover_control_package__rosidl_generator_py[0m
[0.981s] [01m[K/home/curry/wilson_proj/ros2-rover-ws/src/rover_control_package/src/motor_drive_node.cpp:5:10:[m[K [01;31m[Kfatal error: [m[Krover_control_package/action/carcontrol.hpp: No such file or directory
[0.982s]     5 | #include [01;31m[K"rover_control_package/action/carcontrol.hpp"[m[K
[0.984s]       |          [01;31m[K^~~~~~~~~~~~~~~~~~~~~~~~~~~~~~~~~~~~~~~~~~~~~[m[K
[0.985s] compilation terminated.
[0.988s] gmake[2]: *** [CMakeFiles/carcontrol_ros2_server.dir/build.make:76: CMakeFiles/carcontrol_ros2_server.dir/src/motor_drive_node.cpp.o] Error 1
[0.990s] gmake[1]: *** [CMakeFiles/Makefile2:625: CMakeFiles/carcontrol_ros2_server.dir/all] Error 2
[0.990s] gmake[1]: *** Waiting for unfinished jobs....
[1.012s] [ 81%] Built target rover_control_package__rosidl_generator_py
[1.600s] running egg_info
[1.603s] writing rover_control_package.egg-info/PKG-INFO
[1.604s] writing dependency_links to rover_control_package.egg-info/dependency_links.txt
[1.606s] writing top-level names to rover_control_package.egg-info/top_level.txt
[1.616s] reading manifest file 'rover_control_package.egg-info/SOURCES.txt'
[1.618s] writing manifest file 'rover_control_package.egg-info/SOURCES.txt'
[1.746s] [ 81%] Built target ament_cmake_python_build_rover_control_package_egg
[1.750s] gmake: *** [Makefile:146: all] Error 2
[1.757s] Invoked command in '/home/curry/wilson_proj/ros2-rover-ws/build/rover_control_package' returned '2': CMAKE_PREFIX_PATH=/opt/ros/iron /usr/bin/cmake --build /home/curry/wilson_proj/ros2-rover-ws/build/rover_control_package -- -j4 -l4
