[01m[K/home/yupi/rover_proj/ros2-base-ws/src/package_base_command/src/node_command.cpp:[m[K In constructor â€˜[01m[KNode_Command::Node_Command()[m[Kâ€™:
[01m[K/home/yupi/rover_proj/ros2-base-ws/src/package_base_command/src/node_command.cpp:16:47:[m[K [01;31m[Kerror: [m[Kâ€˜[01m[Kdes_a_[m[Kâ€™ was not declared in this scope
   16 |         this->declare_parameter<int>("des_a", [01;31m[Kdes_a_[m[K);
      |                                               [01;31m[K^~~~~~[m[K
[01m[K/home/yupi/rover_proj/ros2-base-ws/src/package_base_command/src/node_command.cpp:17:47:[m[K [01;31m[Kerror: [m[Kâ€˜[01m[Kdes_b_[m[Kâ€™ was not declared in this scope
   17 |         this->declare_parameter<int>("des_b", [01;31m[Kdes_b_[m[K);
      |                                               [01;31m[K^~~~~~[m[K
[01m[K/home/yupi/rover_proj/ros2-base-ws/src/package_base_command/src/node_command.cpp:[m[K In member function â€˜[01m[Krcl_interfaces::msg::SetParametersResult Node_Command::on_parameter_change(const std::vector<rclcpp::Parameter>&)[m[Kâ€™:
[01m[K/home/yupi/rover_proj/ros2-base-ws/src/package_base_command/src/node_command.cpp:38:17:[m[K [01;31m[Kerror: [m[Kâ€˜[01m[Kdes_a_[m[Kâ€™ was not declared in this scope
   38 |                 [01;31m[Kdes_a_[m[K = param.as_int();
      |                 [01;31m[K^~~~~~[m[K
[01m[K/home/yupi/rover_proj/ros2-base-ws/src/package_base_command/src/node_command.cpp:40:17:[m[K [01;31m[Kerror: [m[Kâ€˜[01m[Kdes_b_[m[Kâ€™ was not declared in this scope
   40 |                 [01;31m[Kdes_b_[m[K = param.as_int();
      |                 [01;31m[K^~~~~~[m[K
gmake[2]: *** [CMakeFiles/node_command.dir/build.make:76: CMakeFiles/node_command.dir/src/node_command.cpp.o] Error 1
gmake[1]: *** [CMakeFiles/Makefile2:193: CMakeFiles/node_command.dir/all] Error 2
gmake: *** [Makefile:146: all] Error 2
