[0.009s] Invoking command in '/home/yupi/rover_proj/ros2-base/build/pubsub_text': CMAKE_PREFIX_PATH=${CMAKE_PREFIX_PATH}:/opt/ros/humble /usr/bin/cmake /home/yupi/rover_proj/ros2-base/src/pubsub_text -DCMAKE_INSTALL_PREFIX=/home/yupi/rover_proj/ros2-base/install/pubsub_text
[0.022s] -- Found ament_cmake: 1.3.9 (/opt/ros/humble/share/ament_cmake/cmake)
[0.138s] -- Found rclcpp: 16.0.9 (/opt/ros/humble/share/rclcpp/cmake)
[0.168s] -- Found rosidl_generator_c: 3.1.5 (/opt/ros/humble/share/rosidl_generator_c/cmake)
[0.171s] -- Found rosidl_adapter: 3.1.5 (/opt/ros/humble/share/rosidl_adapter/cmake)
[0.177s] -- Found rosidl_generator_cpp: 3.1.5 (/opt/ros/humble/share/rosidl_generator_cpp/cmake)
[0.189s] -- Using all available rosidl_typesupport_c: rosidl_typesupport_fastrtps_c;rosidl_typesupport_introspection_c
[0.205s] -- Using all available rosidl_typesupport_cpp: rosidl_typesupport_fastrtps_cpp;rosidl_typesupport_introspection_cpp
[0.265s] -- Found rmw_implementation_cmake: 6.1.2 (/opt/ros/humble/share/rmw_implementation_cmake/cmake)
[0.267s] -- Found rmw_fastrtps_cpp: 6.2.6 (/opt/ros/humble/share/rmw_fastrtps_cpp/cmake)
[0.387s] -- Using RMW implementation 'rmw_fastrtps_cpp' as default
[0.547s] -- Found std_srvs: 4.2.4 (/opt/ros/humble/share/std_srvs/cmake)
[0.564s] -- Found ament_lint_auto: 0.12.11 (/opt/ros/humble/share/ament_lint_auto/cmake)
[0.629s] -- Added test 'cppcheck' to perform static code analysis on C / C++ code
[0.630s] -- Configured cppcheck include dirs: 
[0.630s] -- Configured cppcheck exclude dirs and/or files: 
[0.630s] -- Added test 'lint_cmake' to check CMake code style
[0.631s] -- Added test 'uncrustify' to check C / C++ code style
[0.631s] -- Configured uncrustify additional arguments: 
[0.631s] -- Added test 'xmllint' to check XML markup files
[0.632s] -- Configuring done
[0.641s] -- Generating done
[0.642s] -- Build files have been written to: /home/yupi/rover_proj/ros2-base/build/pubsub_text
[0.650s] Invoked command in '/home/yupi/rover_proj/ros2-base/build/pubsub_text' returned '0': CMAKE_PREFIX_PATH=${CMAKE_PREFIX_PATH}:/opt/ros/humble /usr/bin/cmake /home/yupi/rover_proj/ros2-base/src/pubsub_text -DCMAKE_INSTALL_PREFIX=/home/yupi/rover_proj/ros2-base/install/pubsub_text
[0.652s] Invoking command in '/home/yupi/rover_proj/ros2-base/build/pubsub_text': CMAKE_PREFIX_PATH=${CMAKE_PREFIX_PATH}:/opt/ros/humble /usr/bin/cmake --build /home/yupi/rover_proj/ros2-base/build/pubsub_text -- -j4 -l4
[0.699s] [ 50%] [32mBuilding CXX object CMakeFiles/ethernet_request_node.dir/src/ethernet_request_node.cpp.o[0m
[2.834s] [01m[K/home/yupi/rover_proj/ros2-base/src/pubsub_text/src/ethernet_request_node.cpp:26:17:[m[K [01;31m[Kerror: [m[Kâ€˜[01m[KRequest[m[Kâ€™ in namespace â€˜[01m[Krclcpp[m[Kâ€™ does not name a template type
[2.835s]    26 |         rclcpp::[01;31m[KRequest[m[K<std_srvs::srv::Trigger>::SharedPtr request_;
[2.835s]       |                 [01;31m[K^~~~~~~[m[K
[2.840s] [01m[K/home/yupi/rover_proj/ros2-base/src/pubsub_text/src/ethernet_request_node.cpp:[m[K In constructor â€˜[01m[KEthernetRequest::EthernetRequest()[m[Kâ€™:
[2.840s] [01m[K/home/yupi/rover_proj/ros2-base/src/pubsub_text/src/ethernet_request_node.cpp:8:13:[m[K [01;31m[Kerror: [m[Kâ€˜[01m[Krequest_[m[Kâ€™ was not declared in this scope
[2.840s]     8 |             [01;31m[Krequest_[m[K = this->create_request<std_srvs::srv::Trigger>("send_text");
[2.840s]       |             [01;31m[K^~~~~~~~[m[K
[2.841s] [01m[K/home/yupi/rover_proj/ros2-base/src/pubsub_text/src/ethernet_request_node.cpp:8:30:[m[K [01;31m[Kerror: [m[Kâ€˜[01m[Kclass EthernetRequest[m[Kâ€™ has no member named â€˜[01m[Kcreate_request[m[Kâ€™; did you mean â€˜[01m[Ksend_request[m[Kâ€™?
[2.841s]     8 |             request_ = this->[01;31m[Kcreate_request[m[K<std_srvs::srv::Trigger>("send_text");
[2.841s]       |                              [01;31m[K^~~~~~~~~~~~~~[m[K
[2.841s]       |                              [32m[Ksend_request[m[K
[2.841s] [01m[K/home/yupi/rover_proj/ros2-base/src/pubsub_text/src/ethernet_request_node.cpp:8:67:[m[K [01;31m[Kerror: [m[Kexpected primary-expression before â€˜[01m[K>[m[Kâ€™ token
[2.841s]     8 |             request_ = this->create_request<std_srvs::srv::Trigger[01;31m[K>[m[K("send_text");
[2.841s]       |                                                                   [01;31m[K^[m[K
[2.841s] [01m[K/home/yupi/rover_proj/ros2-base/src/pubsub_text/src/ethernet_request_node.cpp:10:17:[m[K [01;31m[Kerror: [m[Kunable to find numeric literal operator â€˜[01m[Koperator""ms[m[Kâ€™
[2.841s]    10 |                 [01;31m[K2000ms[m[K, std::bind(&EthernetRequest::send_request, this)
[2.841s]       |                 [01;31m[K^~~~~~[m[K
[2.851s] [01m[K/home/yupi/rover_proj/ros2-base/src/pubsub_text/src/ethernet_request_node.cpp:[m[K In member function â€˜[01m[Kvoid EthernetRequest::send_request()[m[Kâ€™:
[2.851s] [01m[K/home/yupi/rover_proj/ros2-base/src/pubsub_text/src/ethernet_request_node.cpp:17:34:[m[K [01;31m[Kerror: [m[Kâ€˜[01m[Krequest_[m[Kâ€™ was not declared in this scope; did you mean â€˜[01m[Krequest[m[Kâ€™?
[2.851s]    17 |             auto result_future = [01;31m[Krequest_[m[K->async_send_request(request);
[2.851s]       |                                  [01;31m[K^~~~~~~~[m[K
[2.851s]       |                                  [32m[Krequest[m[K
[2.852s] [01m[K/home/yupi/rover_proj/ros2-base/src/pubsub_text/src/ethernet_request_node.cpp:[m[K In function â€˜[01m[Kint main(int, char**)[m[Kâ€™:
[2.852s] [01m[K/home/yupi/rover_proj/ros2-base/src/pubsub_text/src/ethernet_request_node.cpp:32:13:[m[K [01;31m[Kerror: [m[Kâ€˜[01m[Kapin[m[Kâ€™ is not a member of â€˜[01m[Krclcpp[m[Kâ€™; did you mean â€˜[01m[Kspin[m[Kâ€™?
[2.852s]    32 |     rclcpp::[01;31m[Kapin[m[K(std::make_shared<EthernetRequest>());
[2.852s]       |             [01;31m[K^~~~[m[K
[2.852s]       |             [32m[Kspin[m[K
[3.267s] gmake[2]: *** [CMakeFiles/ethernet_request_node.dir/build.make:76: CMakeFiles/ethernet_request_node.dir/src/ethernet_request_node.cpp.o] Error 1
[3.267s] gmake[1]: *** [CMakeFiles/Makefile2:137: CMakeFiles/ethernet_request_node.dir/all] Error 2
[3.267s] gmake: *** [Makefile:146: all] Error 2
[3.270s] Invoked command in '/home/yupi/rover_proj/ros2-base/build/pubsub_text' returned '2': CMAKE_PREFIX_PATH=${CMAKE_PREFIX_PATH}:/opt/ros/humble /usr/bin/cmake --build /home/yupi/rover_proj/ros2-base/build/pubsub_text -- -j4 -l4
