[01m[K/home/yupi/rover_proj/ros2-base/src/pubsub_text/src/ethernet_request_node.cpp:[m[K In constructor â€˜[01m[KEthernetRequest::EthernetRequest()[m[Kâ€™:
[01m[K/home/yupi/rover_proj/ros2-base/src/pubsub_text/src/ethernet_request_node.cpp:8:30:[m[K [01;31m[Kerror: [m[Kâ€˜[01m[Kclass EthernetRequest[m[Kâ€™ has no member named â€˜[01m[Kcreate_request[m[Kâ€™; did you mean â€˜[01m[Ksend_request[m[Kâ€™?
    8 |             request_ = this->[01;31m[Kcreate_request[m[K<std_srvs::srv::Trigger>("send_text");
      |                              [01;31m[K^~~~~~~~~~~~~~[m[K
      |                              [32m[Ksend_request[m[K
[01m[K/home/yupi/rover_proj/ros2-base/src/pubsub_text/src/ethernet_request_node.cpp:8:67:[m[K [01;31m[Kerror: [m[Kexpected primary-expression before â€˜[01m[K>[m[Kâ€™ token
    8 |             request_ = this->create_request<std_srvs::srv::Trigger[01;31m[K>[m[K("send_text");
      |                                                                   [01;31m[K^[m[K
[01m[K/home/yupi/rover_proj/ros2-base/src/pubsub_text/src/ethernet_request_node.cpp:10:17:[m[K [01;31m[Kerror: [m[Kunable to find numeric literal operator â€˜[01m[Koperator""ms[m[Kâ€™
   10 |                 [01;31m[K2000ms[m[K, std::bind(&EthernetRequest::send_request, this));
      |                 [01;31m[K^~~~~~[m[K
[01m[K/home/yupi/rover_proj/ros2-base/src/pubsub_text/src/ethernet_request_node.cpp:[m[K In function â€˜[01m[Kint main(int, char**)[m[Kâ€™:
[01m[K/home/yupi/rover_proj/ros2-base/src/pubsub_text/src/ethernet_request_node.cpp:31:13:[m[K [01;31m[Kerror: [m[Kâ€˜[01m[Kapin[m[Kâ€™ is not a member of â€˜[01m[Krclcpp[m[Kâ€™; did you mean â€˜[01m[Kspin[m[Kâ€™?
   31 |     rclcpp::[01;31m[Kapin[m[K(std::make_shared<EthernetRequest>());
      |             [01;31m[K^~~~[m[K
      |             [32m[Kspin[m[K
gmake[2]: *** [CMakeFiles/ethernet_request_node.dir/build.make:76: CMakeFiles/ethernet_request_node.dir/src/ethernet_request_node.cpp.o] Error 1
gmake[1]: *** [CMakeFiles/Makefile2:137: CMakeFiles/ethernet_request_node.dir/all] Error 2
gmake: *** [Makefile:146: all] Error 2
