[0.015s] Invoking command in '/home/yupi/rover_proj/ros2-base-ws/build/package_base_command': CMAKE_PREFIX_PATH=${CMAKE_PREFIX_PATH}:/opt/ros/humble /usr/bin/cmake --build /home/yupi/rover_proj/ros2-base-ws/build/package_base_command -- -j4 -l4
[0.084s] [ 33%] Built target node_motor_control
[0.091s] [ 66%] Built target motorcontrol
[0.098s] [ 83%] [32mBuilding CXX object CMakeFiles/node_command.dir/src/node_command.cpp.o[0m
[0.371s] [01m[K/home/yupi/rover_proj/ros2-base-ws/src/package_base_command/src/node_command.cpp:3:10:[m[K [01;31m[Kfatal error: [m[Kstd_msgs/msg/uint16.hpp: No such file or directory
[0.372s]     3 | #include [01;31m[K<std_msgs/msg/uint16.hpp>[m[K
[0.372s]       |          [01;31m[K^~~~~~~~~~~~~~~~~~~~~~~~~[m[K
[0.372s] compilation terminated.
[0.374s] gmake[2]: *** [CMakeFiles/node_command.dir/build.make:76: CMakeFiles/node_command.dir/src/node_command.cpp.o] Error 1
[0.374s] gmake[1]: *** [CMakeFiles/Makefile2:193: CMakeFiles/node_command.dir/all] Error 2
[0.375s] gmake: *** [Makefile:146: all] Error 2
[0.377s] Invoked command in '/home/yupi/rover_proj/ros2-base-ws/build/package_base_command' returned '2': CMAKE_PREFIX_PATH=${CMAKE_PREFIX_PATH}:/opt/ros/humble /usr/bin/cmake --build /home/yupi/rover_proj/ros2-base-ws/build/package_base_command -- -j4 -l4
