[0.160s] Invoking command in '/home/curry/wilson_proj/ros2-rover-ws/build/rovercon_msgs': CMAKE_PREFIX_PATH=${CMAKE_PREFIX_PATH}:/opt/ros/humble /usr/bin/cmake --build /home/curry/wilson_proj/ros2-rover-ws/build/rovercon_msgs -- -j4 -l4
[0.267s] -- Found ament_cmake: 1.3.11 (/opt/ros/humble/share/ament_cmake/cmake)
[0.925s] -- Found rosidl_default_generators: 1.2.0 (/opt/ros/humble/share/rosidl_default_generators/cmake)
[0.936s] -- Using all available rosidl_typesupport_c: rosidl_typesupport_fastrtps_c;rosidl_typesupport_introspection_c
[0.948s] -- Found rosidl_adapter: 3.1.6 (/opt/ros/humble/share/rosidl_adapter/cmake)
[1.140s] -- Using all available rosidl_typesupport_cpp: rosidl_typesupport_fastrtps_cpp;rosidl_typesupport_introspection_cpp
[2.108s] [31mCMake Error at /opt/ros/humble/share/rosidl_adapter/cmake/rosidl_adapt_interfaces.cmake:59 (message):
[2.109s]   execute_process(/usr/bin/python3 -m rosidl_adapter --package-name
[2.109s]   rovercon_msgs --arguments-file
[2.109s]   /home/curry/wilson_proj/ros2-rover-ws/build/rovercon_msgs/rosidl_adapter__arguments__rovercon_msgs.json
[2.110s]   --output-dir
[2.110s]   /home/curry/wilson_proj/ros2-rover-ws/build/rovercon_msgs/rosidl_adapter/rovercon_msgs
[2.110s]   --output-file
[2.111s]   /home/curry/wilson_proj/ros2-rover-ws/build/rovercon_msgs/rosidl_adapter/rovercon_msgs.idls)
[2.111s]   returned error code 1:
[2.111s] 
[2.112s]   Error processing 'rovercon_msg/msg/SubRocon roverconMsg' of
[2.112s]   'rovercon_msgs/MainRocon': 'rovercon_msg/msg/SubRocon'
[2.112s] 
[2.112s]   Traceback (most recent call last):
[2.113s] 
[2.113s]     File "/usr/lib/python3.10/runpy.py", line 196, in _run_module_as_main
[2.114s]       return _run_code(code, main_globals, None,
[2.114s]     File "/usr/lib/python3.10/runpy.py", line 86, in _run_code
[2.114s]       exec(code, run_globals)
[2.115s]     File "/opt/ros/humble/local/lib/python3.10/dist-packages/rosidl_adapter/__main__.py", line 19, in <module>
[2.115s]       sys.exit(main())
[2.115s]     File "/opt/ros/humble/local/lib/python3.10/dist-packages/rosidl_adapter/main.py", line 53, in main
[2.116s]       abs_idl_file = convert_to_idl(
[2.116s]     File "/opt/ros/humble/local/lib/python3.10/dist-packages/rosidl_adapter/__init__.py", line 19, in convert_to_idl
[2.116s]       return convert_msg_to_idl(
[2.117s]     File "/opt/ros/humble/local/lib/python3.10/dist-packages/rosidl_adapter/msg/__init__.py", line 28, in convert_msg_to_idl
[2.117s]       msg = parse_message_string(package_name, input_file.stem, content)
[2.118s]     File "/opt/ros/humble/local/lib/python3.10/dist-packages/rosidl_adapter/parser.py", line 520, in parse_message_string
[2.118s]       Type(type_string, context_package_name=pkg_name),
[2.119s]     File "/opt/ros/humble/local/lib/python3.10/dist-packages/rosidl_adapter/parser.py", line 277, in __init__
[2.120s]       super(Type, self).__init__(
[2.122s]     File "/opt/ros/humble/local/lib/python3.10/dist-packages/rosidl_adapter/parser.py", line 190, in __init__
[2.123s]       raise InvalidResourceName(type_string)
[2.125s] 
[2.127s]   rosidl_adapter.parser.InvalidResourceName: rovercon_msg/msg/SubRocon
[2.127s] 
[2.127s] Call Stack (most recent call first):
[2.128s]   /opt/ros/humble/share/rosidl_cmake/cmake/rosidl_generate_interfaces.cmake:130 (rosidl_adapt_interfaces)
[2.128s]   CMakeLists.txt:13 (rosidl_generate_interfaces)
[2.128s] 
[2.129s] [0m
[2.129s] -- Configuring incomplete, errors occurred!
[2.130s] See also "/home/curry/wilson_proj/ros2-rover-ws/build/rovercon_msgs/CMakeFiles/CMakeOutput.log".
[2.133s] gmake: *** [Makefile:747: cmake_check_build_system] Error 1
[2.139s] Invoked command in '/home/curry/wilson_proj/ros2-rover-ws/build/rovercon_msgs' returned '2': CMAKE_PREFIX_PATH=${CMAKE_PREFIX_PATH}:/opt/ros/humble /usr/bin/cmake --build /home/curry/wilson_proj/ros2-rover-ws/build/rovercon_msgs -- -j4 -l4
