[01m[K/home/curry/wilson_proj/ros2-rover-ws/src/package_rover_control/src/node_rover_control.cpp:[m[K In constructor â€˜[01m[KNode_Rovercontrol::Node_Rovercontrol()[m[Kâ€™:
[01m[K/home/curry/wilson_proj/ros2-rover-ws/src/package_rover_control/src/node_rover_control.cpp:33:83:[m[K [01;31m[Kerror: [m[Kâ€˜[01m[Kstd::placeholder[m[Kâ€™ has not been declared
   33 |             std::bind(&Node_Rovercontrol::topic_rovercontrol_callback, this, std::[01;31m[Kplaceholder[m[K::_1)
      |                                                                                   [01;31m[K^~~~~~~~~~~[m[K
gmake[2]: *** [CMakeFiles/node_rovercontrol.dir/build.make:76: CMakeFiles/node_rovercontrol.dir/src/node_rover_control.cpp.o] Error 1
gmake[1]: *** [CMakeFiles/Makefile2:193: CMakeFiles/node_rovercontrol.dir/all] Error 2
gmake: *** [Makefile:146: all] Error 2
