[ 16%] [32mBuilding CXX object CMakeFiles/node_command.dir/src/node_command.cpp.o[0m
[ 50%] Built target node_motor_control
[ 83%] Built target motorcontrol
[01m[K/home/yupi/rover_proj/ros2-base-ws/src/package_base_command/src/node_command.cpp:[m[K In constructor â€˜[01m[KNode_Command::Node_Command()[m[Kâ€™:
[01m[K/home/yupi/rover_proj/ros2-base-ws/src/package_base_command/src/node_command.cpp:11:46:[m[K [01;31m[Kerror: [m[Kclass â€˜[01m[KNode_Command[m[Kâ€™ does not have any field named â€˜[01m[Ktest_con_[m[Kâ€™
   11 |     : Node("node_command"), speedlimit_(30), [01;31m[Ktest_con_[m[K("FW"), des_a_(0), des_b_(0) {
      |                                              [01;31m[K^~~~~~~~~[m[K
[01m[K/home/yupi/rover_proj/ros2-base-ws/src/package_base_command/src/node_command.cpp:14:119:[m[K [01;31m[Kerror: [m[Kno match for â€˜[01m[Koperator=[m[Kâ€™ (operand types are â€˜[01m[Krclcpp::Publisher<std_msgs::msg::Int32MultiArray_<std::allocator<void> > >::SharedPtr[m[Kâ€™ {aka â€˜[01m[Kstd::shared_ptr<rclcpp::Publisher<std_msgs::msg::Int32MultiArray_<std::allocator<void> > > >[m[Kâ€™} and â€˜[01m[Kstd::shared_ptr<rclcpp::Publisher<std_msgs::msg::UInt16MultiArray_<std::allocator<void> >, std::allocator<void> > >[m[Kâ€™)
   14 |         topic_destination_publisher_ = this->create_publisher<std_msgs::msg::UInt16MultiArray>("topic_destination", 10[01;31m[K)[m[K;
      |                                                                                                                       [01;31m[K^[m[K
In file included from [01m[K/usr/include/c++/11/memory:77[m[K,
                 from [01m[K/opt/ros/humble/include/rclcpp/rclcpp/rclcpp.hpp:153[m[K,
                 from [01m[K/home/yupi/rover_proj/ros2-base-ws/src/package_base_command/src/node_command.cpp:1[m[K:
[01m[K/usr/include/c++/11/bits/shared_ptr.h:363:9:[m[K [01;36m[Knote: [m[Kcandidate: â€˜[01m[Ktemplate<class _Yp> std::shared_ptr<_Tp>::_Assignable<const std::shared_ptr<_Yp>&> std::shared_ptr<_Tp>::operator=(const std::shared_ptr<_Yp>&) [with _Yp = _Yp; _Tp = rclcpp::Publisher<std_msgs::msg::Int32MultiArray_<std::allocator<void> > >][m[Kâ€™
  363 |         [01;36m[Koperator[m[K=(const shared_ptr<_Yp>& __r) noexcept
      |         [01;36m[K^~~~~~~~[m[K
[01m[K/usr/include/c++/11/bits/shared_ptr.h:363:9:[m[K [01;36m[Knote: [m[K  template argument deduction/substitution failed:
/usr/include/c++/11/bits/shared_ptr.h: In substitution of â€˜[01m[Ktemplate<class _Tp> template<class _Arg> using _Assignable = typename std::enable_if<std::is_assignable<std::__shared_ptr<_Tp>&, _Arg>::value, std::shared_ptr<_Tp>&>::type [with _Arg = const std::shared_ptr<rclcpp::Publisher<std_msgs::msg::UInt16MultiArray_<std::allocator<void> >, std::allocator<void> > >&; _Tp = rclcpp::Publisher<std_msgs::msg::Int32MultiArray_<std::allocator<void> > >][m[Kâ€™:
[01m[K/usr/include/c++/11/bits/shared_ptr.h:363:2:[m[K   required by substitution of â€˜[01m[Ktemplate<class _Yp> std::shared_ptr<rclcpp::Publisher<std_msgs::msg::Int32MultiArray_<std::allocator<void> > > >::_Assignable<const std::shared_ptr<_Tp>&> std::shared_ptr<rclcpp::Publisher<std_msgs::msg::Int32MultiArray_<std::allocator<void> > > >::operator=<_Yp>(const std::shared_ptr<_Tp>&) [with _Yp = rclcpp::Publisher<std_msgs::msg::UInt16MultiArray_<std::allocator<void> >, std::allocator<void> >][m[Kâ€™
[01m[K/home/yupi/rover_proj/ros2-base-ws/src/package_base_command/src/node_command.cpp:14:119:[m[K   required from here
[01m[K/usr/include/c++/11/bits/shared_ptr.h:130:15:[m[K [01;31m[Kerror: [m[Kno type named â€˜[01m[Ktype[m[Kâ€™ in â€˜[01m[Kstruct std::enable_if<false, std::shared_ptr<rclcpp::Publisher<std_msgs::msg::Int32MultiArray_<std::allocator<void> > > >&>[m[Kâ€™
  130 |         using [01;31m[K_Assignable[m[K = typename enable_if<
      |               [01;31m[K^~~~~~~~~~~[m[K
[01m[K/usr/include/c++/11/bits/shared_ptr.h:374:9:[m[K [01;36m[Knote: [m[Kcandidate: â€˜[01m[Ktemplate<class _Yp> std::shared_ptr<_Tp>::_Assignable<std::auto_ptr<_Up> > std::shared_ptr<_Tp>::operator=(std::auto_ptr<_Up>&&) [with _Yp = _Yp; _Tp = rclcpp::Publisher<std_msgs::msg::Int32MultiArray_<std::allocator<void> > >][m[Kâ€™
  374 |         [01;36m[Koperator[m[K=(auto_ptr<_Yp>&& __r)
      |         [01;36m[K^~~~~~~~[m[K
[01m[K/usr/include/c++/11/bits/shared_ptr.h:374:9:[m[K [01;36m[Knote: [m[K  template argument deduction/substitution failed:
[01m[K/home/yupi/rover_proj/ros2-base-ws/src/package_base_command/src/node_command.cpp:14:119:[m[K [01;36m[Knote: [m[K  â€˜[01m[Kstd::shared_ptr<rclcpp::Publisher<std_msgs::msg::UInt16MultiArray_<std::allocator<void> >, std::allocator<void> > >[m[Kâ€™ is not derived from â€˜[01m[Kstd::auto_ptr<_Up>[m[Kâ€™
   14 |         topic_destination_publisher_ = this->create_publisher<std_msgs::msg::UInt16MultiArray>("topic_destination", 10[01;36m[K)[m[K;
      |                                                                                                                       [01;36m[K^[m[K
In file included from [01m[K/usr/include/c++/11/memory:77[m[K,
                 from [01m[K/opt/ros/humble/include/rclcpp/rclcpp/rclcpp.hpp:153[m[K,
                 from [01m[K/home/yupi/rover_proj/ros2-base-ws/src/package_base_command/src/node_command.cpp:1[m[K:
[01m[K/usr/include/c++/11/bits/shared_ptr.h:391:9:[m[K [01;36m[Knote: [m[Kcandidate: â€˜[01m[Ktemplate<class _Yp> std::shared_ptr<_Tp>::_Assignable<std::shared_ptr<_Yp> > std::shared_ptr<_Tp>::operator=(std::shared_ptr<_Yp>&&) [with _Yp = _Yp; _Tp = rclcpp::Publisher<std_msgs::msg::Int32MultiArray_<std::allocator<void> > >][m[Kâ€™
  391 |         [01;36m[Koperator[m[K=(shared_ptr<_Yp>&& __r) noexcept
      |         [01;36m[K^~~~~~~~[m[K
[01m[K/usr/include/c++/11/bits/shared_ptr.h:391:9:[m[K [01;36m[Knote: [m[K  template argument deduction/substitution failed:
/usr/include/c++/11/bits/shared_ptr.h: In substitution of â€˜[01m[Ktemplate<class _Tp> template<class _Arg> using _Assignable = typename std::enable_if<std::is_assignable<std::__shared_ptr<_Tp>&, _Arg>::value, std::shared_ptr<_Tp>&>::type [with _Arg = std::shared_ptr<rclcpp::Publisher<std_msgs::msg::UInt16MultiArray_<std::allocator<void> >, std::allocator<void> > >; _Tp = rclcpp::Publisher<std_msgs::msg::Int32MultiArray_<std::allocator<void> > >][m[Kâ€™:
[01m[K/usr/include/c++/11/bits/shared_ptr.h:391:2:[m[K   required by substitution of â€˜[01m[Ktemplate<class _Yp> std::shared_ptr<rclcpp::Publisher<std_msgs::msg::Int32MultiArray_<std::allocator<void> > > >::_Assignable<std::shared_ptr<_Tp> > std::shared_ptr<rclcpp::Publisher<std_msgs::msg::Int32MultiArray_<std::allocator<void> > > >::operator=<_Yp>(std::shared_ptr<_Tp>&&) [with _Yp = rclcpp::Publisher<std_msgs::msg::UInt16MultiArray_<std::allocator<void> >, std::allocator<void> >][m[Kâ€™
[01m[K/home/yupi/rover_proj/ros2-base-ws/src/package_base_command/src/node_command.cpp:14:119:[m[K   required from here
[01m[K/usr/include/c++/11/bits/shared_ptr.h:130:15:[m[K [01;31m[Kerror: [m[Kno type named â€˜[01m[Ktype[m[Kâ€™ in â€˜[01m[Kstruct std::enable_if<false, std::shared_ptr<rclcpp::Publisher<std_msgs::msg::Int32MultiArray_<std::allocator<void> > > >&>[m[Kâ€™
  130 |         using [01;31m[K_Assignable[m[K = typename enable_if<
      |               [01;31m[K^~~~~~~~~~~[m[K
[01m[K/usr/include/c++/11/bits/shared_ptr.h:399:9:[m[K [01;36m[Knote: [m[Kcandidate: â€˜[01m[Ktemplate<class _Yp, class _Del> std::shared_ptr<_Tp>::_Assignable<std::unique_ptr<_Up, _Ep> > std::shared_ptr<_Tp>::operator=(std::unique_ptr<_Up, _Ep>&&) [with _Yp = _Yp; _Del = _Del; _Tp = rclcpp::Publisher<std_msgs::msg::Int32MultiArray_<std::allocator<void> > >][m[Kâ€™
  399 |         [01;36m[Koperator[m[K=(unique_ptr<_Yp, _Del>&& __r)
      |         [01;36m[K^~~~~~~~[m[K
[01m[K/usr/include/c++/11/bits/shared_ptr.h:399:9:[m[K [01;36m[Knote: [m[K  template argument deduction/substitution failed:
[01m[K/home/yupi/rover_proj/ros2-base-ws/src/package_base_command/src/node_command.cpp:14:119:[m[K [01;36m[Knote: [m[K  â€˜[01m[Kstd::shared_ptr<rclcpp::Publisher<std_msgs::msg::UInt16MultiArray_<std::allocator<void> >, std::allocator<void> > >[m[Kâ€™ is not derived from â€˜[01m[Kstd::unique_ptr<_Tp, _Dp>[m[Kâ€™
   14 |         topic_destination_publisher_ = this->create_publisher<std_msgs::msg::UInt16MultiArray>("topic_destination", 10[01;36m[K)[m[K;
      |                                                                                                                       [01;36m[K^[m[K
In file included from [01m[K/usr/include/c++/11/memory:77[m[K,
                 from [01m[K/opt/ros/humble/include/rclcpp/rclcpp/rclcpp.hpp:153[m[K,
                 from [01m[K/home/yupi/rover_proj/ros2-base-ws/src/package_base_command/src/node_command.cpp:1[m[K:
[01m[K/usr/include/c++/11/bits/shared_ptr.h:359:19:[m[K [01;36m[Knote: [m[Kcandidate: â€˜[01m[Kstd::shared_ptr<_Tp>& std::shared_ptr<_Tp>::operator=(const std::shared_ptr<_Tp>&) [with _Tp = rclcpp::Publisher<std_msgs::msg::Int32MultiArray_<std::allocator<void> > >][m[Kâ€™
  359 |       shared_ptr& [01;36m[Koperator[m[K=(const shared_ptr&) noexcept = default;
      |                   [01;36m[K^~~~~~~~[m[K
[01m[K/usr/include/c++/11/bits/shared_ptr.h:359:29:[m[K [01;36m[Knote: [m[K  no known conversion for argument 1 from â€˜[01m[Kstd::shared_ptr<rclcpp::Publisher<std_msgs::msg::UInt16MultiArray_<std::allocator<void> >, std::allocator<void> > >[m[Kâ€™ to â€˜[01m[Kconst std::shared_ptr<rclcpp::Publisher<std_msgs::msg::Int32MultiArray_<std::allocator<void> > > >&[m[Kâ€™
  359 |       shared_ptr& operator=([01;36m[Kconst shared_ptr&[m[K) noexcept = default;
      |                             [01;36m[K^~~~~~~~~~~~~~~~~[m[K
[01m[K/usr/include/c++/11/bits/shared_ptr.h:383:7:[m[K [01;36m[Knote: [m[Kcandidate: â€˜[01m[Kstd::shared_ptr<_Tp>& std::shared_ptr<_Tp>::operator=(std::shared_ptr<_Tp>&&) [with _Tp = rclcpp::Publisher<std_msgs::msg::Int32MultiArray_<std::allocator<void> > >][m[Kâ€™
  383 |       [01;36m[Koperator[m[K=(shared_ptr&& __r) noexcept
      |       [01;36m[K^~~~~~~~[m[K
[01m[K/usr/include/c++/11/bits/shared_ptr.h:383:30:[m[K [01;36m[Knote: [m[K  no known conversion for argument 1 from â€˜[01m[Kstd::shared_ptr<rclcpp::Publisher<std_msgs::msg::UInt16MultiArray_<std::allocator<void> >, std::allocator<void> > >[m[Kâ€™ to â€˜[01m[Kstd::shared_ptr<rclcpp::Publisher<std_msgs::msg::Int32MultiArray_<std::allocator<void> > > >&&[m[Kâ€™
  383 |       operator=([01;36m[Kshared_ptr&& __r[m[K) noexcept
      |                 [01;36m[K~~~~~~~~~~~~~^~~[m[K
[01m[K/home/yupi/rover_proj/ros2-base-ws/src/package_base_command/src/node_command.cpp:18:58:[m[K [01;31m[Kerror: [m[Kâ€˜[01m[Ktest_con_[m[Kâ€™ was not declared in this scope
   18 |         this->declare_parameter<std::string>("test_con", [01;31m[Ktest_con_[m[K);
      |                                                          [01;31m[K^~~~~~~~~[m[K
[01m[K/home/yupi/rover_proj/ros2-base-ws/src/package_base_command/src/node_command.cpp:[m[K In member function â€˜[01m[Kvoid Node_Command::publish_parameters()[m[Kâ€™:
[01m[K/home/yupi/rover_proj/ros2-base-ws/src/package_base_command/src/node_command.cpp:59:67:[m[K [01;31m[Kerror: [m[Kâ€˜[01m[Ktest_con_[m[Kâ€™ was not declared in this scope
   59 |         speed_message.data = std::to_string(speedlimit_) + ", " + [01;31m[Ktest_con_[m[K;
      |                                                                   [01;31m[K^~~~~~~~~[m[K
[01m[K/home/yupi/rover_proj/ros2-base-ws/src/package_base_command/src/node_command.cpp:65:37:[m[K [01;35m[Kwarning: [m[Knarrowing conversion of â€˜[01m[K((Node_Command*)this)->Node_Command::des_a_[m[Kâ€™ from â€˜[01m[Kint[m[Kâ€™ to â€˜[01m[Kshort unsigned int[m[Kâ€™ [[01;35m[K]8;;https://gcc.gnu.org/onlinedocs/gcc/Warning-Options.html#index-Wnarrowing-Wnarrowing]8;;[m[K]
   65 |         destination_message.data = {[01;35m[Kdes_a_[m[K, des_b_};
      |                                     [01;35m[K^~~~~~[m[K
[01m[K/home/yupi/rover_proj/ros2-base-ws/src/package_base_command/src/node_command.cpp:65:37:[m[K [01;35m[Kwarning: [m[Knarrowing conversion of â€˜[01m[K((Node_Command*)this)->Node_Command::des_a_[m[Kâ€™ from â€˜[01m[Kint[m[Kâ€™ to â€˜[01m[Kshort unsigned int[m[Kâ€™ [[01;35m[K]8;;https://gcc.gnu.org/onlinedocs/gcc/Warning-Options.html#index-Wnarrowing-Wnarrowing]8;;[m[K]
[01m[K/home/yupi/rover_proj/ros2-base-ws/src/package_base_command/src/node_command.cpp:65:45:[m[K [01;35m[Kwarning: [m[Knarrowing conversion of â€˜[01m[K((Node_Command*)this)->Node_Command::des_b_[m[Kâ€™ from â€˜[01m[Kint[m[Kâ€™ to â€˜[01m[Kshort unsigned int[m[Kâ€™ [[01;35m[K]8;;https://gcc.gnu.org/onlinedocs/gcc/Warning-Options.html#index-Wnarrowing-Wnarrowing]8;;[m[K]
   65 |         destination_message.data = {des_a_, [01;35m[Kdes_b_[m[K};
      |                                             [01;35m[K^~~~~~[m[K
[01m[K/home/yupi/rover_proj/ros2-base-ws/src/package_base_command/src/node_command.cpp:65:45:[m[K [01;35m[Kwarning: [m[Knarrowing conversion of â€˜[01m[K((Node_Command*)this)->Node_Command::des_b_[m[Kâ€™ from â€˜[01m[Kint[m[Kâ€™ to â€˜[01m[Kshort unsigned int[m[Kâ€™ [[01;35m[K]8;;https://gcc.gnu.org/onlinedocs/gcc/Warning-Options.html#index-Wnarrowing-Wnarrowing]8;;[m[K]
[01m[K/home/yupi/rover_proj/ros2-base-ws/src/package_base_command/src/node_command.cpp:67:46:[m[K [01;31m[Kerror: [m[Kno matching function for call to â€˜[01m[Krclcpp::Publisher<std_msgs::msg::Int32MultiArray_<std::allocator<void> > >::publish(std_msgs::msg::UInt16MultiArray_<std::allocator<void> >&)[m[Kâ€™
   67 |         [01;31m[Ktopic_destination_publisher_->publish(destination_message)[m[K;
      |         [01;31m[K~~~~~~~~~~~~~~~~~~~~~~~~~~~~~~~~~~~~~^~~~~~~~~~~~~~~~~~~~~[m[K
In file included from [01m[K/opt/ros/humble/include/rclcpp/rclcpp/topic_statistics/subscription_topic_statistics.hpp:31[m[K,
                 from [01m[K/opt/ros/humble/include/rclcpp/rclcpp/subscription.hpp:50[m[K,
                 from [01m[K/opt/ros/humble/include/rclcpp/rclcpp/any_executable.hpp:25[m[K,
                 from [01m[K/opt/ros/humble/include/rclcpp/rclcpp/memory_strategy.hpp:25[m[K,
                 from [01m[K/opt/ros/humble/include/rclcpp/rclcpp/memory_strategies.hpp:18[m[K,
                 from [01m[K/opt/ros/humble/include/rclcpp/rclcpp/executor_options.hpp:20[m[K,
                 from [01m[K/opt/ros/humble/include/rclcpp/rclcpp/executor.hpp:37[m[K,
                 from [01m[K/opt/ros/humble/include/rclcpp/rclcpp/executors/multi_threaded_executor.hpp:25[m[K,
                 from [01m[K/opt/ros/humble/include/rclcpp/rclcpp/executors.hpp:21[m[K,
                 from [01m[K/opt/ros/humble/include/rclcpp/rclcpp/rclcpp.hpp:155[m[K,
                 from [01m[K/home/yupi/rover_proj/ros2-base-ws/src/package_base_command/src/node_command.cpp:1[m[K:
[01m[K/opt/ros/humble/include/rclcpp/rclcpp/publisher.hpp:251:3:[m[K [01;36m[Knote: [m[Kcandidate: â€˜[01m[Ktemplate<class T> std::enable_if_t<(rosidl_generator_traits::is_message<T>::value && std::is_same<T, typename rclcpp::TypeAdapter<MessageT>::ros_message_type>::value)> rclcpp::Publisher<MessageT, AllocatorT>::publish(std::unique_ptr<T, typename std::conditional<std::is_same<typename std::allocator_traits<typename std::allocator_traits<_Allocator>::rebind_traits<typename rclcpp::TypeAdapter<MessageT, void, void>::ros_message_type>::allocator_type>::rebind_alloc<typename rclcpp::TypeAdapter<MessageT, void, void>::ros_message_type>, std::allocator<typename rclcpp::TypeAdapter<MessageT>::ros_message_type> >::value, std::default_delete<typename rclcpp::TypeAdapter<MessageT>::ros_message_type>, rclcpp::allocator::AllocatorDeleter<typename std::allocator_traits<_Allocator>::rebind_traits<typename rclcpp::TypeAdapter<MessageT, void, void>::ros_message_type>::allocator_type> >::type>) [with T = T; MessageT = std_msgs::msg::Int32MultiArray_<std::allocator<void> >; AllocatorT = std::allocator<void>][m[Kâ€™
  251 |   [01;36m[Kpublish[m[K(std::unique_ptr<T, ROSMessageTypeDeleter> msg)
      |   [01;36m[K^~~~~~~[m[K
[01m[K/opt/ros/humble/include/rclcpp/rclcpp/publisher.hpp:251:3:[m[K [01;36m[Knote: [m[K  template argument deduction/substitution failed:
[01m[K/home/yupi/rover_proj/ros2-base-ws/src/package_base_command/src/node_command.cpp:67:46:[m[K [01;36m[Knote: [m[K  â€˜[01m[Kstd_msgs::msg::UInt16MultiArray_<std::allocator<void> >[m[Kâ€™ is not derived from â€˜[01m[Kstd::unique_ptr<T, std::default_delete<std_msgs::msg::Int32MultiArray_<std::allocator<void> > > >[m[Kâ€™
   67 |         [01;36m[Ktopic_destination_publisher_->publish(destination_message)[m[K;
      |         [01;36m[K~~~~~~~~~~~~~~~~~~~~~~~~~~~~~~~~~~~~~^~~~~~~~~~~~~~~~~~~~~[m[K
In file included from [01m[K/opt/ros/humble/include/rclcpp/rclcpp/topic_statistics/subscription_topic_statistics.hpp:31[m[K,
                 from [01m[K/opt/ros/humble/include/rclcpp/rclcpp/subscription.hpp:50[m[K,
                 from [01m[K/opt/ros/humble/include/rclcpp/rclcpp/any_executable.hpp:25[m[K,
                 from [01m[K/opt/ros/humble/include/rclcpp/rclcpp/memory_strategy.hpp:25[m[K,
                 from [01m[K/opt/ros/humble/include/rclcpp/rclcpp/memory_strategies.hpp:18[m[K,
                 from [01m[K/opt/ros/humble/include/rclcpp/rclcpp/executor_options.hpp:20[m[K,
                 from [01m[K/opt/ros/humble/include/rclcpp/rclcpp/executor.hpp:37[m[K,
                 from [01m[K/opt/ros/humble/include/rclcpp/rclcpp/executors/multi_threaded_executor.hpp:25[m[K,
                 from [01m[K/opt/ros/humble/include/rclcpp/rclcpp/executors.hpp:21[m[K,
                 from [01m[K/opt/ros/humble/include/rclcpp/rclcpp/rclcpp.hpp:155[m[K,
                 from [01m[K/home/yupi/rover_proj/ros2-base-ws/src/package_base_command/src/node_command.cpp:1[m[K:
[01m[K/opt/ros/humble/include/rclcpp/rclcpp/publisher.hpp:292:3:[m[K [01;36m[Knote: [m[Kcandidate: â€˜[01m[Ktemplate<class T> std::enable_if_t<(rosidl_generator_traits::is_message<T>::value && std::is_same<T, typename rclcpp::TypeAdapter<MessageT>::ros_message_type>::value)> rclcpp::Publisher<MessageT, AllocatorT>::publish(const T&) [with T = T; MessageT = std_msgs::msg::Int32MultiArray_<std::allocator<void> >; AllocatorT = std::allocator<void>][m[Kâ€™
  292 |   [01;36m[Kpublish[m[K(const T & msg)
      |   [01;36m[K^~~~~~~[m[K
[01m[K/opt/ros/humble/include/rclcpp/rclcpp/publisher.hpp:292:3:[m[K [01;36m[Knote: [m[K  template argument deduction/substitution failed:
In file included from [01m[K/usr/include/c++/11/bits/move.h:57[m[K,
                 from [01m[K/usr/include/c++/11/bits/stl_pair.h:59[m[K,
                 from [01m[K/usr/include/c++/11/bits/stl_algobase.h:64[m[K,
                 from [01m[K/usr/include/c++/11/memory:63[m[K,
                 from [01m[K/opt/ros/humble/include/rclcpp/rclcpp/rclcpp.hpp:153[m[K,
                 from [01m[K/home/yupi/rover_proj/ros2-base-ws/src/package_base_command/src/node_command.cpp:1[m[K:
/usr/include/c++/11/type_traits: In substitution of â€˜[01m[Ktemplate<bool _Cond, class _Tp> using enable_if_t = typename std::enable_if::type [with bool _Cond = false; _Tp = void][m[Kâ€™:
[01m[K/opt/ros/humble/include/rclcpp/rclcpp/publisher.hpp:292:3:[m[K   required by substitution of â€˜[01m[Ktemplate<class T> std::enable_if_t<(rosidl_generator_traits::is_message<T>::value && std::is_same<T, std_msgs::msg::Int32MultiArray_<std::allocator<void> > >::value), void> rclcpp::Publisher<std_msgs::msg::Int32MultiArray_<std::allocator<void> > >::publish<T>(const T&) [with T = std_msgs::msg::UInt16MultiArray_<std::allocator<void> >][m[Kâ€™
[01m[K/home/yupi/rover_proj/ros2-base-ws/src/package_base_command/src/node_command.cpp:67:46:[m[K   required from here
[01m[K/usr/include/c++/11/type_traits:2579:11:[m[K [01;31m[Kerror: [m[Kno type named â€˜[01m[Ktype[m[Kâ€™ in â€˜[01m[Kstruct std::enable_if<false, void>[m[Kâ€™
 2579 |     using [01;31m[Kenable_if_t[m[K = typename enable_if<_Cond, _Tp>::type;
      |           [01;31m[K^~~~~~~~~~~[m[K
In file included from [01m[K/opt/ros/humble/include/rclcpp/rclcpp/topic_statistics/subscription_topic_statistics.hpp:31[m[K,
                 from [01m[K/opt/ros/humble/include/rclcpp/rclcpp/subscription.hpp:50[m[K,
                 from [01m[K/opt/ros/humble/include/rclcpp/rclcpp/any_executable.hpp:25[m[K,
                 from [01m[K/opt/ros/humble/include/rclcpp/rclcpp/memory_strategy.hpp:25[m[K,
                 from [01m[K/opt/ros/humble/include/rclcpp/rclcpp/memory_strategies.hpp:18[m[K,
                 from [01m[K/opt/ros/humble/include/rclcpp/rclcpp/executor_options.hpp:20[m[K,
                 from [01m[K/opt/ros/humble/include/rclcpp/rclcpp/executor.hpp:37[m[K,
                 from [01m[K/opt/ros/humble/include/rclcpp/rclcpp/executors/multi_threaded_executor.hpp:25[m[K,
                 from [01m[K/opt/ros/humble/include/rclcpp/rclcpp/executors.hpp:21[m[K,
                 from [01m[K/opt/ros/humble/include/rclcpp/rclcpp/rclcpp.hpp:155[m[K,
                 from [01m[K/home/yupi/rover_proj/ros2-base-ws/src/package_base_command/src/node_command.cpp:1[m[K:
[01m[K/opt/ros/humble/include/rclcpp/rclcpp/publisher.hpp:322:3:[m[K [01;36m[Knote: [m[Kcandidate: â€˜[01m[Ktemplate<class T> std::enable_if_t<(typename rclcpp::TypeAdapter<MessageT>::is_specialized::value && std::is_same<T, typename rclcpp::TypeAdapter<MessageT>::custom_type>::value)> rclcpp::Publisher<MessageT, AllocatorT>::publish(std::unique_ptr<T, typename std::conditional<std::is_same<typename std::allocator_traits<typename std::allocator_traits<_Allocator>::rebind_traits<typename rclcpp::TypeAdapter<MessageT, void, void>::custom_type>::allocator_type>::rebind_alloc<typename rclcpp::TypeAdapter<MessageT, void, void>::custom_type>, std::allocator<typename rclcpp::TypeAdapter<MessageT>::custom_type> >::value, std::default_delete<typename rclcpp::TypeAdapter<MessageT>::custom_type>, rclcpp::allocator::AllocatorDeleter<typename std::allocator_traits<_Allocator>::rebind_traits<typename rclcpp::TypeAdapter<MessageT, void, void>::custom_type>::allocator_type> >::type>) [with T = T; MessageT = std_msgs::msg::Int32MultiArray_<std::allocator<void> >; AllocatorT = std::allocator<void>][m[Kâ€™
  322 |   [01;36m[Kpublish[m[K(std::unique_ptr<T, PublishedTypeDeleter> msg)
      |   [01;36m[K^~~~~~~[m[K
[01m[K/opt/ros/humble/include/rclcpp/rclcpp/publisher.hpp:322:3:[m[K [01;36m[Knote: [m[K  template argument deduction/substitution failed:
[01m[K/home/yupi/rover_proj/ros2-base-ws/src/package_base_command/src/node_command.cpp:67:46:[m[K [01;36m[Knote: [m[K  â€˜[01m[Kstd_msgs::msg::UInt16MultiArray_<std::allocator<void> >[m[Kâ€™ is not derived from â€˜[01m[Kstd::unique_ptr<T, std::default_delete<std_msgs::msg::Int32MultiArray_<std::allocator<void> > > >[m[Kâ€™
   67 |         [01;36m[Ktopic_destination_publisher_->publish(destination_message)[m[K;
      |         [01;36m[K~~~~~~~~~~~~~~~~~~~~~~~~~~~~~~~~~~~~~^~~~~~~~~~~~~~~~~~~~~[m[K
In file included from [01m[K/opt/ros/humble/include/rclcpp/rclcpp/topic_statistics/subscription_topic_statistics.hpp:31[m[K,
                 from [01m[K/opt/ros/humble/include/rclcpp/rclcpp/subscription.hpp:50[m[K,
                 from [01m[K/opt/ros/humble/include/rclcpp/rclcpp/any_executable.hpp:25[m[K,
                 from [01m[K/opt/ros/humble/include/rclcpp/rclcpp/memory_strategy.hpp:25[m[K,
                 from [01m[K/opt/ros/humble/include/rclcpp/rclcpp/memory_strategies.hpp:18[m[K,
                 from [01m[K/opt/ros/humble/include/rclcpp/rclcpp/executor_options.hpp:20[m[K,
                 from [01m[K/opt/ros/humble/include/rclcpp/rclcpp/executor.hpp:37[m[K,
                 from [01m[K/opt/ros/humble/include/rclcpp/rclcpp/executors/multi_threaded_executor.hpp:25[m[K,
                 from [01m[K/opt/ros/humble/include/rclcpp/rclcpp/executors.hpp:21[m[K,
                 from [01m[K/opt/ros/humble/include/rclcpp/rclcpp/rclcpp.hpp:155[m[K,
                 from [01m[K/home/yupi/rover_proj/ros2-base-ws/src/package_base_command/src/node_command.cpp:1[m[K:
[01m[K/opt/ros/humble/include/rclcpp/rclcpp/publisher.hpp:364:3:[m[K [01;36m[Knote: [m[Kcandidate: â€˜[01m[Ktemplate<class T> std::enable_if_t<(typename rclcpp::TypeAdapter<MessageT>::is_specialized::value && std::is_same<T, typename rclcpp::TypeAdapter<MessageT>::custom_type>::value)> rclcpp::Publisher<MessageT, AllocatorT>::publish(const T&) [with T = T; MessageT = std_msgs::msg::Int32MultiArray_<std::allocator<void> >; AllocatorT = std::allocator<void>][m[Kâ€™
  364 |   [01;36m[Kpublish[m[K(const T & msg)
      |   [01;36m[K^~~~~~~[m[K
[01m[K/opt/ros/humble/include/rclcpp/rclcpp/publisher.hpp:364:3:[m[K [01;36m[Knote: [m[K  template argument deduction/substitution failed:
[01m[K/opt/ros/humble/include/rclcpp/rclcpp/publisher.hpp:383:3:[m[K [01;36m[Knote: [m[Kcandidate: â€˜[01m[Kvoid rclcpp::Publisher<MessageT, AllocatorT>::publish(const rcl_serialized_message_t&) [with MessageT = std_msgs::msg::Int32MultiArray_<std::allocator<void> >; AllocatorT = std::allocator<void>; rcl_serialized_message_t = rcutils_uint8_array_s][m[Kâ€™
  383 |   [01;36m[Kpublish[m[K(const rcl_serialized_message_t & serialized_msg)
      |   [01;36m[K^~~~~~~[m[K
[01m[K/opt/ros/humble/include/rclcpp/rclcpp/publisher.hpp:383:44:[m[K [01;36m[Knote: [m[K  no known conversion for argument 1 from â€˜[01m[Kstd_msgs::msg::UInt16MultiArray_<std::allocator<void> >[m[Kâ€™ to â€˜[01m[Kconst rcl_serialized_message_t&[m[Kâ€™ {aka â€˜[01m[Kconst rcutils_uint8_array_s&[m[Kâ€™}
  383 |   publish([01;36m[Kconst rcl_serialized_message_t & serialized_msg[m[K)
      |           [01;36m[K~~~~~~~~~~~~~~~~~~~~~~~~~~~~~~~~~^~~~~~~~~~~~~~[m[K
[01m[K/opt/ros/humble/include/rclcpp/rclcpp/publisher.hpp:389:3:[m[K [01;36m[Knote: [m[Kcandidate: â€˜[01m[Kvoid rclcpp::Publisher<MessageT, AllocatorT>::publish(const rclcpp::SerializedMessage&) [with MessageT = std_msgs::msg::Int32MultiArray_<std::allocator<void> >; AllocatorT = std::allocator<void>][m[Kâ€™
  389 |   [01;36m[Kpublish[m[K(const SerializedMessage & serialized_msg)
      |   [01;36m[K^~~~~~~[m[K
[01m[K/opt/ros/humble/include/rclcpp/rclcpp/publisher.hpp:389:37:[m[K [01;36m[Knote: [m[K  no known conversion for argument 1 from â€˜[01m[Kstd_msgs::msg::UInt16MultiArray_<std::allocator<void> >[m[Kâ€™ to â€˜[01m[Kconst rclcpp::SerializedMessage&[m[Kâ€™
  389 |   publish([01;36m[Kconst SerializedMessage & serialized_msg[m[K)
      |           [01;36m[K~~~~~~~~~~~~~~~~~~~~~~~~~~^~~~~~~~~~~~~~[m[K
[01m[K/opt/ros/humble/include/rclcpp/rclcpp/publisher.hpp:403:3:[m[K [01;36m[Knote: [m[Kcandidate: â€˜[01m[Kvoid rclcpp::Publisher<MessageT, AllocatorT>::publish(rclcpp::LoanedMessage<typename rclcpp::TypeAdapter<MessageT>::ros_message_type, AllocatorT>&&) [with MessageT = std_msgs::msg::Int32MultiArray_<std::allocator<void> >; AllocatorT = std::allocator<void>; typename rclcpp::TypeAdapter<MessageT>::ros_message_type = std_msgs::msg::Int32MultiArray_<std::allocator<void> >][m[Kâ€™
  403 |   [01;36m[Kpublish[m[K(rclcpp::LoanedMessage<ROSMessageType, AllocatorT> && loaned_msg)
      |   [01;36m[K^~~~~~~[m[K
[01m[K/opt/ros/humble/include/rclcpp/rclcpp/publisher.hpp:403:64:[m[K [01;36m[Knote: [m[K  no known conversion for argument 1 from â€˜[01m[Kstd_msgs::msg::UInt16MultiArray_<std::allocator<void> >[m[Kâ€™ to â€˜[01m[Krclcpp::LoanedMessage<std_msgs::msg::Int32MultiArray_<std::allocator<void> >, std::allocator<void> >&&[m[Kâ€™
  403 |   publish([01;36m[Krclcpp::LoanedMessage<ROSMessageType, AllocatorT> && loaned_msg[m[K)
      |           [01;36m[K~~~~~~~~~~~~~~~~~~~~~~~~~~~~~~~~~~~~~~~~~~~~~~~~~~~~~^~~~~~~~~~[m[K
gmake[2]: *** [CMakeFiles/node_command.dir/build.make:76: CMakeFiles/node_command.dir/src/node_command.cpp.o] Error 1
gmake[1]: *** [CMakeFiles/Makefile2:193: CMakeFiles/node_command.dir/all] Error 2
gmake: *** [Makefile:146: all] Error 2
