[0.000000] (-) TimerEvent: {}
[0.001595] (rover_control_package) JobQueued: {'identifier': 'rover_control_package', 'dependencies': OrderedDict()}
[0.002127] (test_package) JobQueued: {'identifier': 'test_package', 'dependencies': OrderedDict()}
[0.002216] (rover_control_package) JobStarted: {'identifier': 'rover_control_package'}
[0.030848] (test_package) JobStarted: {'identifier': 'test_package'}
[0.057340] (rover_control_package) JobProgress: {'identifier': 'rover_control_package', 'progress': 'cmake'}
[0.060648] (rover_control_package) JobProgress: {'identifier': 'rover_control_package', 'progress': 'build'}
[0.063426] (rover_control_package) Command: {'cmd': ['/usr/bin/cmake', '--build', '/home/curry/wilson_proj/ros2-rover-ws/build/rover_control_package', '--', '-j4', '-l4'], 'cwd': '/home/curry/wilson_proj/ros2-rover-ws/build/rover_control_package', 'env': OrderedDict([('LESSOPEN', '| /usr/bin/lesspipe %s'), ('USER', 'curry'), ('SSH_CLIENT', '172.30.81.114 57034 22'), ('LC_TIME', 'en_US.UTF-8'), ('XDG_SESSION_TYPE', 'tty'), ('SHLVL', '1'), ('LD_LIBRARY_PATH', '/home/curry/wilson_proj/ros2-rover-ws/install/rover_control_package/lib:/home/curry/wilson_proj/ros2-rover-ws/install/test_package/lib:/opt/ros/iron/opt/rviz_ogre_vendor/lib:/opt/ros/iron/lib/aarch64-linux-gnu:/opt/ros/iron/lib'), ('MOTD_SHOWN', 'pam'), ('HOME', '/home/curry'), ('OLDPWD', '/home/curry/wilson_proj'), ('SSH_TTY', '/dev/pts/0'), ('ROS_PYTHON_VERSION', '3'), ('LC_MONETARY', 'en_US.UTF-8'), ('DBUS_SESSION_BUS_ADDRESS', 'unix:path=/run/user/1000/bus'), ('COLCON_PREFIX_PATH', '/home/curry/wilson_proj/ros2-rover-ws/install'), ('ROS_DISTRO', 'iron'), ('LOGNAME', 'curry'), ('_', '/usr/bin/colcon'), ('ROS_VERSION', '2'), ('XDG_SESSION_CLASS', 'user'), ('TERM', 'xterm-256color'), ('XDG_SESSION_ID', '196'), ('PATH', '/opt/ros/iron/bin:/home/curry/.cargo/bin:/usr/local/sbin:/usr/local/bin:/usr/sbin:/usr/bin:/sbin:/bin:/usr/games:/usr/local/games:/snap/bin'), ('PAPERSIZE', 'letter'), ('LC_ADDRESS', 'en_US.UTF-8'), ('XDG_RUNTIME_DIR', '/run/user/1000'), ('LANG', 'en_US.UTF-8'), ('LC_TELEPHONE', 'en_US.UTF-8'), ('LS_COLORS', 'rs=0:di=01;34:ln=01;36:mh=00:pi=40;33:so=01;35:do=01;35:bd=40;33;01:cd=40;33;01:or=40;31;01:mi=00:su=37;41:sg=30;43:ca=30;41:tw=30;42:ow=34;42:st=37;44:ex=01;32:*.tar=01;31:*.tgz=01;31:*.arc=01;31:*.arj=01;31:*.taz=01;31:*.lha=01;31:*.lz4=01;31:*.lzh=01;31:*.lzma=01;31:*.tlz=01;31:*.txz=01;31:*.tzo=01;31:*.t7z=01;31:*.zip=01;31:*.z=01;31:*.dz=01;31:*.gz=01;31:*.lrz=01;31:*.lz=01;31:*.lzo=01;31:*.xz=01;31:*.zst=01;31:*.tzst=01;31:*.bz2=01;31:*.bz=01;31:*.tbz=01;31:*.tbz2=01;31:*.tz=01;31:*.deb=01;31:*.rpm=01;31:*.jar=01;31:*.war=01;31:*.ear=01;31:*.sar=01;31:*.rar=01;31:*.alz=01;31:*.ace=01;31:*.zoo=01;31:*.cpio=01;31:*.7z=01;31:*.rz=01;31:*.cab=01;31:*.wim=01;31:*.swm=01;31:*.dwm=01;31:*.esd=01;31:*.jpg=01;35:*.jpeg=01;35:*.mjpg=01;35:*.mjpeg=01;35:*.gif=01;35:*.bmp=01;35:*.pbm=01;35:*.pgm=01;35:*.ppm=01;35:*.tga=01;35:*.xbm=01;35:*.xpm=01;35:*.tif=01;35:*.tiff=01;35:*.png=01;35:*.svg=01;35:*.svgz=01;35:*.mng=01;35:*.pcx=01;35:*.mov=01;35:*.mpg=01;35:*.mpeg=01;35:*.m2v=01;35:*.mkv=01;35:*.webm=01;35:*.webp=01;35:*.ogm=01;35:*.mp4=01;35:*.m4v=01;35:*.mp4v=01;35:*.vob=01;35:*.qt=01;35:*.nuv=01;35:*.wmv=01;35:*.asf=01;35:*.rm=01;35:*.rmvb=01;35:*.flc=01;35:*.avi=01;35:*.fli=01;35:*.flv=01;35:*.gl=01;35:*.dl=01;35:*.xcf=01;35:*.xwd=01;35:*.yuv=01;35:*.cgm=01;35:*.emf=01;35:*.ogv=01;35:*.ogx=01;35:*.aac=00;36:*.au=00;36:*.flac=00;36:*.m4a=00;36:*.mid=00;36:*.midi=00;36:*.mka=00;36:*.mp3=00;36:*.mpc=00;36:*.ogg=00;36:*.ra=00;36:*.wav=00;36:*.oga=00;36:*.opus=00;36:*.spx=00;36:*.xspf=00;36:'), ('ROS_DOMAIN_ID', '10'), ('AMENT_PREFIX_PATH', '/home/curry/wilson_proj/ros2-rover-ws/install/rover_control_package:/home/curry/wilson_proj/ros2-rover-ws/install/test_package:/opt/ros/iron'), ('SHELL', '/bin/bash'), ('LC_NAME', 'en_US.UTF-8'), ('LESSCLOSE', '/usr/bin/lesspipe %s %s'), ('LC_MEASUREMENT', 'en_US.UTF-8'), ('LC_IDENTIFICATION', 'en_US.UTF-8'), ('ROS_AUTOMATIC_DISCOVERY_RANGE', 'SUBNET'), ('PWD', '/home/curry/wilson_proj/ros2-rover-ws/build/rover_control_package'), ('LC_ALL', 'en_US.UTF-8'), ('SSH_CONNECTION', '172.30.81.114 57034 172.30.81.58 22'), ('XDG_DATA_DIRS', '/usr/share/gnome:/usr/local/share:/usr/share:/var/lib/snapd/desktop'), ('PYTHONPATH', '/home/curry/wilson_proj/ros2-rover-ws/install/rover_control_package/lib/python3.10/site-packages:/home/curry/wilson_proj/ros2-rover-ws/install/test_package/lib/python3.10/site-packages:/opt/ros/iron/lib/python3.10/site-packages'), ('LC_NUMERIC', 'en_US.UTF-8'), ('LC_PAPER', 'en_US.UTF-8'), ('COLCON', '1'), ('CMAKE_PREFIX_PATH', '/home/curry/wilson_proj/ros2-rover-ws/install/rover_control_package:/home/curry/wilson_proj/ros2-rover-ws/install/test_package:/opt/ros/iron')]), 'shell': False}
[0.080293] (test_package) JobProgress: {'identifier': 'test_package', 'progress': 'cmake'}
[0.083594] (test_package) JobProgress: {'identifier': 'test_package', 'progress': 'build'}
[0.085006] (test_package) Command: {'cmd': ['/usr/bin/cmake', '--build', '/home/curry/wilson_proj/ros2-rover-ws/build/test_package', '--', '-j4', '-l4'], 'cwd': '/home/curry/wilson_proj/ros2-rover-ws/build/test_package', 'env': OrderedDict([('LESSOPEN', '| /usr/bin/lesspipe %s'), ('USER', 'curry'), ('SSH_CLIENT', '172.30.81.114 57034 22'), ('LC_TIME', 'en_US.UTF-8'), ('XDG_SESSION_TYPE', 'tty'), ('SHLVL', '1'), ('LD_LIBRARY_PATH', '/home/curry/wilson_proj/ros2-rover-ws/install/rover_control_package/lib:/home/curry/wilson_proj/ros2-rover-ws/install/test_package/lib:/opt/ros/iron/opt/rviz_ogre_vendor/lib:/opt/ros/iron/lib/aarch64-linux-gnu:/opt/ros/iron/lib'), ('MOTD_SHOWN', 'pam'), ('HOME', '/home/curry'), ('OLDPWD', '/home/curry/wilson_proj'), ('SSH_TTY', '/dev/pts/0'), ('ROS_PYTHON_VERSION', '3'), ('LC_MONETARY', 'en_US.UTF-8'), ('DBUS_SESSION_BUS_ADDRESS', 'unix:path=/run/user/1000/bus'), ('COLCON_PREFIX_PATH', '/home/curry/wilson_proj/ros2-rover-ws/install'), ('ROS_DISTRO', 'iron'), ('LOGNAME', 'curry'), ('_', '/usr/bin/colcon'), ('ROS_VERSION', '2'), ('XDG_SESSION_CLASS', 'user'), ('TERM', 'xterm-256color'), ('XDG_SESSION_ID', '196'), ('PATH', '/opt/ros/iron/bin:/home/curry/.cargo/bin:/usr/local/sbin:/usr/local/bin:/usr/sbin:/usr/bin:/sbin:/bin:/usr/games:/usr/local/games:/snap/bin'), ('PAPERSIZE', 'letter'), ('LC_ADDRESS', 'en_US.UTF-8'), ('XDG_RUNTIME_DIR', '/run/user/1000'), ('LANG', 'en_US.UTF-8'), ('LC_TELEPHONE', 'en_US.UTF-8'), ('LS_COLORS', 'rs=0:di=01;34:ln=01;36:mh=00:pi=40;33:so=01;35:do=01;35:bd=40;33;01:cd=40;33;01:or=40;31;01:mi=00:su=37;41:sg=30;43:ca=30;41:tw=30;42:ow=34;42:st=37;44:ex=01;32:*.tar=01;31:*.tgz=01;31:*.arc=01;31:*.arj=01;31:*.taz=01;31:*.lha=01;31:*.lz4=01;31:*.lzh=01;31:*.lzma=01;31:*.tlz=01;31:*.txz=01;31:*.tzo=01;31:*.t7z=01;31:*.zip=01;31:*.z=01;31:*.dz=01;31:*.gz=01;31:*.lrz=01;31:*.lz=01;31:*.lzo=01;31:*.xz=01;31:*.zst=01;31:*.tzst=01;31:*.bz2=01;31:*.bz=01;31:*.tbz=01;31:*.tbz2=01;31:*.tz=01;31:*.deb=01;31:*.rpm=01;31:*.jar=01;31:*.war=01;31:*.ear=01;31:*.sar=01;31:*.rar=01;31:*.alz=01;31:*.ace=01;31:*.zoo=01;31:*.cpio=01;31:*.7z=01;31:*.rz=01;31:*.cab=01;31:*.wim=01;31:*.swm=01;31:*.dwm=01;31:*.esd=01;31:*.jpg=01;35:*.jpeg=01;35:*.mjpg=01;35:*.mjpeg=01;35:*.gif=01;35:*.bmp=01;35:*.pbm=01;35:*.pgm=01;35:*.ppm=01;35:*.tga=01;35:*.xbm=01;35:*.xpm=01;35:*.tif=01;35:*.tiff=01;35:*.png=01;35:*.svg=01;35:*.svgz=01;35:*.mng=01;35:*.pcx=01;35:*.mov=01;35:*.mpg=01;35:*.mpeg=01;35:*.m2v=01;35:*.mkv=01;35:*.webm=01;35:*.webp=01;35:*.ogm=01;35:*.mp4=01;35:*.m4v=01;35:*.mp4v=01;35:*.vob=01;35:*.qt=01;35:*.nuv=01;35:*.wmv=01;35:*.asf=01;35:*.rm=01;35:*.rmvb=01;35:*.flc=01;35:*.avi=01;35:*.fli=01;35:*.flv=01;35:*.gl=01;35:*.dl=01;35:*.xcf=01;35:*.xwd=01;35:*.yuv=01;35:*.cgm=01;35:*.emf=01;35:*.ogv=01;35:*.ogx=01;35:*.aac=00;36:*.au=00;36:*.flac=00;36:*.m4a=00;36:*.mid=00;36:*.midi=00;36:*.mka=00;36:*.mp3=00;36:*.mpc=00;36:*.ogg=00;36:*.ra=00;36:*.wav=00;36:*.oga=00;36:*.opus=00;36:*.spx=00;36:*.xspf=00;36:'), ('ROS_DOMAIN_ID', '10'), ('AMENT_PREFIX_PATH', '/home/curry/wilson_proj/ros2-rover-ws/install/rover_control_package:/home/curry/wilson_proj/ros2-rover-ws/install/test_package:/opt/ros/iron'), ('SHELL', '/bin/bash'), ('LC_NAME', 'en_US.UTF-8'), ('LESSCLOSE', '/usr/bin/lesspipe %s %s'), ('LC_MEASUREMENT', 'en_US.UTF-8'), ('LC_IDENTIFICATION', 'en_US.UTF-8'), ('ROS_AUTOMATIC_DISCOVERY_RANGE', 'SUBNET'), ('PWD', '/home/curry/wilson_proj/ros2-rover-ws/build/test_package'), ('LC_ALL', 'en_US.UTF-8'), ('SSH_CONNECTION', '172.30.81.114 57034 172.30.81.58 22'), ('XDG_DATA_DIRS', '/usr/share/gnome:/usr/local/share:/usr/share:/var/lib/snapd/desktop'), ('PYTHONPATH', '/home/curry/wilson_proj/ros2-rover-ws/install/rover_control_package/lib/python3.10/site-packages:/home/curry/wilson_proj/ros2-rover-ws/install/test_package/lib/python3.10/site-packages:/opt/ros/iron/lib/python3.10/site-packages'), ('LC_NUMERIC', 'en_US.UTF-8'), ('LC_PAPER', 'en_US.UTF-8'), ('COLCON', '1'), ('CMAKE_PREFIX_PATH', '/home/curry/wilson_proj/ros2-rover-ws/install/rover_control_package:/home/curry/wilson_proj/ros2-rover-ws/install/test_package:/opt/ros/iron')]), 'shell': False}
[0.099076] (-) TimerEvent: {}
[0.179185] (rover_control_package) StdoutLine: {'line': b'-- Found rosidl_default_generators: 1.5.0 (/opt/ros/iron/share/rosidl_default_generators/cmake)\n'}
[0.199360] (-) TimerEvent: {}
[0.300604] (-) TimerEvent: {}
[0.381460] (test_package) StdoutLine: {'line': b'[  5%] Built target action_server_node\n'}
[0.384859] (test_package) StdoutLine: {'line': b'[ 10%] Built target Tserver_node\n'}
[0.397190] (test_package) StdoutLine: {'line': b'[ 12%] Built target test_package__rosidl_generator_type_description\n'}
[0.400948] (-) TimerEvent: {}
[0.407728] (test_package) StdoutLine: {'line': b'[ 12%] Built target ament_cmake_python_copy_test_package\n'}
[0.501213] (-) TimerEvent: {}
[0.506246] (test_package) StdoutLine: {'line': b'[ 15%] Built target test_package__cpp\n'}
[0.520536] (test_package) StdoutLine: {'line': b'[ 27%] Built target test_package__rosidl_generator_c\n'}
[0.601411] (-) TimerEvent: {}
[0.656696] (test_package) StdoutLine: {'line': b'[ 35%] Built target test_package__rosidl_typesupport_cpp\n'}
[0.662065] (test_package) StdoutLine: {'line': b'[ 42%] Built target test_package__rosidl_typesupport_introspection_c\n'}
[0.701695] (-) TimerEvent: {}
[0.714134] (test_package) StdoutLine: {'line': b'[ 50%] Built target test_package__rosidl_typesupport_fastrtps_c\n'}
[0.801970] (-) TimerEvent: {}
[0.806371] (test_package) StdoutLine: {'line': b'[ 57%] Built target test_package__rosidl_typesupport_c\n'}
[0.856767] (test_package) StdoutLine: {'line': b'[ 65%] Built target test_package__rosidl_typesupport_fastrtps_cpp\n'}
[0.862785] (test_package) StdoutLine: {'line': b'[ 72%] Built target test_package__rosidl_typesupport_introspection_cpp\n'}
[0.902175] (-) TimerEvent: {}
[0.970028] (test_package) StdoutLine: {'line': b'[ 72%] Built target test_package\n'}
[1.002552] (-) TimerEvent: {}
[1.014130] (test_package) StdoutLine: {'line': b'[ 77%] Built target action_server\n'}
[1.075291] (test_package) StdoutLine: {'line': b'[ 80%] Built target test_package__py\n'}
[1.102837] (-) TimerEvent: {}
[1.145912] (rover_control_package) StdoutLine: {'line': b'-- Using all available rosidl_typesupport_c: rosidl_typesupport_fastrtps_c;rosidl_typesupport_introspection_c\n'}
[1.191647] (test_package) StdoutLine: {'line': b'[ 85%] Built target test_package__rosidl_generator_py\n'}
[1.203014] (-) TimerEvent: {}
[1.300620] (test_package) StdoutLine: {'line': b'[ 90%] Built target test_package__rosidl_typesupport_fastrtps_c__pyext\n'}
[1.303249] (-) TimerEvent: {}
[1.320728] (test_package) StdoutLine: {'line': b'[ 95%] Built target test_package__rosidl_typesupport_introspection_c__pyext\n'}
[1.358000] (test_package) StdoutLine: {'line': b'[100%] Built target test_package__rosidl_typesupport_c__pyext\n'}
[1.403439] (-) TimerEvent: {}
[1.437919] (rover_control_package) StdoutLine: {'line': b'-- Using all available rosidl_typesupport_cpp: rosidl_typesupport_fastrtps_cpp;rosidl_typesupport_introspection_cpp\n'}
[1.503616] (-) TimerEvent: {}
[1.564438] (rover_control_package) StdoutLine: {'line': b'-- Found rosidl_adapter: 4.0.1 (/opt/ros/iron/share/rosidl_adapter/cmake)\n'}
[1.603775] (-) TimerEvent: {}
[1.705478] (-) TimerEvent: {}
[1.806991] (-) TimerEvent: {}
[1.908344] (-) TimerEvent: {}
[2.009833] (-) TimerEvent: {}
[2.013055] (test_package) StdoutLine: {'line': b'running egg_info\n'}
[2.017029] (test_package) StdoutLine: {'line': b'writing test_package.egg-info/PKG-INFO\n'}
[2.018320] (test_package) StdoutLine: {'line': b'writing dependency_links to test_package.egg-info/dependency_links.txt\n'}
[2.019514] (test_package) StdoutLine: {'line': b'writing top-level names to test_package.egg-info/top_level.txt\n'}
[2.032107] (test_package) StdoutLine: {'line': b"reading manifest file 'test_package.egg-info/SOURCES.txt'\n"}
[2.034870] (test_package) StdoutLine: {'line': b"writing manifest file 'test_package.egg-info/SOURCES.txt'\n"}
[2.110147] (-) TimerEvent: {}
[2.182607] (test_package) StdoutLine: {'line': b'[100%] Built target ament_cmake_python_build_test_package_egg\n'}
[2.210355] (-) TimerEvent: {}
[2.232669] (test_package) CommandEnded: {'returncode': 0}
[2.310851] (-) TimerEvent: {}
[2.411894] (-) TimerEvent: {}
[2.513332] (-) TimerEvent: {}
[2.614308] (-) TimerEvent: {}
[2.652956] (test_package) JobProgress: {'identifier': 'test_package', 'progress': 'install'}
[2.686266] (test_package) Command: {'cmd': ['/usr/bin/cmake', '--install', '/home/curry/wilson_proj/ros2-rover-ws/build/test_package'], 'cwd': '/home/curry/wilson_proj/ros2-rover-ws/build/test_package', 'env': OrderedDict([('LESSOPEN', '| /usr/bin/lesspipe %s'), ('USER', 'curry'), ('SSH_CLIENT', '172.30.81.114 57034 22'), ('LC_TIME', 'en_US.UTF-8'), ('XDG_SESSION_TYPE', 'tty'), ('SHLVL', '1'), ('LD_LIBRARY_PATH', '/home/curry/wilson_proj/ros2-rover-ws/install/rover_control_package/lib:/home/curry/wilson_proj/ros2-rover-ws/install/test_package/lib:/opt/ros/iron/opt/rviz_ogre_vendor/lib:/opt/ros/iron/lib/aarch64-linux-gnu:/opt/ros/iron/lib'), ('MOTD_SHOWN', 'pam'), ('HOME', '/home/curry'), ('OLDPWD', '/home/curry/wilson_proj'), ('SSH_TTY', '/dev/pts/0'), ('ROS_PYTHON_VERSION', '3'), ('LC_MONETARY', 'en_US.UTF-8'), ('DBUS_SESSION_BUS_ADDRESS', 'unix:path=/run/user/1000/bus'), ('COLCON_PREFIX_PATH', '/home/curry/wilson_proj/ros2-rover-ws/install'), ('ROS_DISTRO', 'iron'), ('LOGNAME', 'curry'), ('_', '/usr/bin/colcon'), ('ROS_VERSION', '2'), ('XDG_SESSION_CLASS', 'user'), ('TERM', 'xterm-256color'), ('XDG_SESSION_ID', '196'), ('PATH', '/opt/ros/iron/bin:/home/curry/.cargo/bin:/usr/local/sbin:/usr/local/bin:/usr/sbin:/usr/bin:/sbin:/bin:/usr/games:/usr/local/games:/snap/bin'), ('PAPERSIZE', 'letter'), ('LC_ADDRESS', 'en_US.UTF-8'), ('XDG_RUNTIME_DIR', '/run/user/1000'), ('LANG', 'en_US.UTF-8'), ('LC_TELEPHONE', 'en_US.UTF-8'), ('LS_COLORS', 'rs=0:di=01;34:ln=01;36:mh=00:pi=40;33:so=01;35:do=01;35:bd=40;33;01:cd=40;33;01:or=40;31;01:mi=00:su=37;41:sg=30;43:ca=30;41:tw=30;42:ow=34;42:st=37;44:ex=01;32:*.tar=01;31:*.tgz=01;31:*.arc=01;31:*.arj=01;31:*.taz=01;31:*.lha=01;31:*.lz4=01;31:*.lzh=01;31:*.lzma=01;31:*.tlz=01;31:*.txz=01;31:*.tzo=01;31:*.t7z=01;31:*.zip=01;31:*.z=01;31:*.dz=01;31:*.gz=01;31:*.lrz=01;31:*.lz=01;31:*.lzo=01;31:*.xz=01;31:*.zst=01;31:*.tzst=01;31:*.bz2=01;31:*.bz=01;31:*.tbz=01;31:*.tbz2=01;31:*.tz=01;31:*.deb=01;31:*.rpm=01;31:*.jar=01;31:*.war=01;31:*.ear=01;31:*.sar=01;31:*.rar=01;31:*.alz=01;31:*.ace=01;31:*.zoo=01;31:*.cpio=01;31:*.7z=01;31:*.rz=01;31:*.cab=01;31:*.wim=01;31:*.swm=01;31:*.dwm=01;31:*.esd=01;31:*.jpg=01;35:*.jpeg=01;35:*.mjpg=01;35:*.mjpeg=01;35:*.gif=01;35:*.bmp=01;35:*.pbm=01;35:*.pgm=01;35:*.ppm=01;35:*.tga=01;35:*.xbm=01;35:*.xpm=01;35:*.tif=01;35:*.tiff=01;35:*.png=01;35:*.svg=01;35:*.svgz=01;35:*.mng=01;35:*.pcx=01;35:*.mov=01;35:*.mpg=01;35:*.mpeg=01;35:*.m2v=01;35:*.mkv=01;35:*.webm=01;35:*.webp=01;35:*.ogm=01;35:*.mp4=01;35:*.m4v=01;35:*.mp4v=01;35:*.vob=01;35:*.qt=01;35:*.nuv=01;35:*.wmv=01;35:*.asf=01;35:*.rm=01;35:*.rmvb=01;35:*.flc=01;35:*.avi=01;35:*.fli=01;35:*.flv=01;35:*.gl=01;35:*.dl=01;35:*.xcf=01;35:*.xwd=01;35:*.yuv=01;35:*.cgm=01;35:*.emf=01;35:*.ogv=01;35:*.ogx=01;35:*.aac=00;36:*.au=00;36:*.flac=00;36:*.m4a=00;36:*.mid=00;36:*.midi=00;36:*.mka=00;36:*.mp3=00;36:*.mpc=00;36:*.ogg=00;36:*.ra=00;36:*.wav=00;36:*.oga=00;36:*.opus=00;36:*.spx=00;36:*.xspf=00;36:'), ('ROS_DOMAIN_ID', '10'), ('AMENT_PREFIX_PATH', '/home/curry/wilson_proj/ros2-rover-ws/install/rover_control_package:/home/curry/wilson_proj/ros2-rover-ws/install/test_package:/opt/ros/iron'), ('SHELL', '/bin/bash'), ('LC_NAME', 'en_US.UTF-8'), ('LESSCLOSE', '/usr/bin/lesspipe %s %s'), ('LC_MEASUREMENT', 'en_US.UTF-8'), ('LC_IDENTIFICATION', 'en_US.UTF-8'), ('ROS_AUTOMATIC_DISCOVERY_RANGE', 'SUBNET'), ('PWD', '/home/curry/wilson_proj/ros2-rover-ws/build/test_package'), ('LC_ALL', 'en_US.UTF-8'), ('SSH_CONNECTION', '172.30.81.114 57034 172.30.81.58 22'), ('XDG_DATA_DIRS', '/usr/share/gnome:/usr/local/share:/usr/share:/var/lib/snapd/desktop'), ('PYTHONPATH', '/home/curry/wilson_proj/ros2-rover-ws/install/rover_control_package/lib/python3.10/site-packages:/home/curry/wilson_proj/ros2-rover-ws/install/test_package/lib/python3.10/site-packages:/opt/ros/iron/lib/python3.10/site-packages'), ('LC_NUMERIC', 'en_US.UTF-8'), ('LC_PAPER', 'en_US.UTF-8'), ('COLCON', '1'), ('CMAKE_PREFIX_PATH', '/home/curry/wilson_proj/ros2-rover-ws/install/rover_control_package:/home/curry/wilson_proj/ros2-rover-ws/install/test_package:/opt/ros/iron')]), 'shell': False}
[2.714509] (-) TimerEvent: {}
[2.721209] (test_package) StdoutLine: {'line': b'-- Install configuration: ""\n'}
[2.721897] (test_package) StdoutLine: {'line': b'-- Up-to-date: /home/curry/wilson_proj/ros2-rover-ws/install/test_package/share/ament_index/resource_index/rosidl_interfaces/test_package\n'}
[2.722396] (test_package) StdoutLine: {'line': b'-- Up-to-date: /home/curry/wilson_proj/ros2-rover-ws/install/test_package/share/test_package/action/Fibonacci.json\n'}
[2.722973] (test_package) StdoutLine: {'line': b'-- Up-to-date: /home/curry/wilson_proj/ros2-rover-ws/install/test_package/include/test_package/test_package\n'}
[2.723408] (test_package) StdoutLine: {'line': b'-- Up-to-date: /home/curry/wilson_proj/ros2-rover-ws/install/test_package/include/test_package/test_package/msg\n'}
[2.723848] (test_package) StdoutLine: {'line': b'-- Up-to-date: /home/curry/wilson_proj/ros2-rover-ws/install/test_package/include/test_package/test_package/msg/rosidl_generator_c__visibility_control.h\n'}
[2.724320] (test_package) StdoutLine: {'line': b'-- Up-to-date: /home/curry/wilson_proj/ros2-rover-ws/install/test_package/include/test_package/test_package/action\n'}
[2.724717] (test_package) StdoutLine: {'line': b'-- Up-to-date: /home/curry/wilson_proj/ros2-rover-ws/install/test_package/include/test_package/test_package/action/fibonacci.h\n'}
[2.725220] (test_package) StdoutLine: {'line': b'-- Up-to-date: /home/curry/wilson_proj/ros2-rover-ws/install/test_package/include/test_package/test_package/action/detail\n'}
[2.725583] (test_package) StdoutLine: {'line': b'-- Installing: /home/curry/wilson_proj/ros2-rover-ws/install/test_package/include/test_package/test_package/action/detail/fibonacci__type_support.c\n'}
[2.726371] (test_package) StdoutLine: {'line': b'-- Up-to-date: /home/curry/wilson_proj/ros2-rover-ws/install/test_package/include/test_package/test_package/action/detail/fibonacci__type_support.h\n'}
[2.726806] (test_package) StdoutLine: {'line': b'-- Up-to-date: /home/curry/wilson_proj/ros2-rover-ws/install/test_package/include/test_package/test_package/action/detail/fibonacci__functions.h\n'}
[2.727240] (test_package) StdoutLine: {'line': b'-- Up-to-date: /home/curry/wilson_proj/ros2-rover-ws/install/test_package/include/test_package/test_package/action/detail/fibonacci__description.c\n'}
[2.727731] (test_package) StdoutLine: {'line': b'-- Up-to-date: /home/curry/wilson_proj/ros2-rover-ws/install/test_package/include/test_package/test_package/action/detail/fibonacci__functions.c\n'}
[2.728367] (test_package) StdoutLine: {'line': b'-- Up-to-date: /home/curry/wilson_proj/ros2-rover-ws/install/test_package/include/test_package/test_package/action/detail/fibonacci__struct.h\n'}
[2.728911] (test_package) StdoutLine: {'line': b'-- Up-to-date: /home/curry/wilson_proj/ros2-rover-ws/install/test_package/share/test_package/environment/library_path.sh\n'}
[2.729507] (test_package) StdoutLine: {'line': b'-- Up-to-date: /home/curry/wilson_proj/ros2-rover-ws/install/test_package/share/test_package/environment/library_path.dsv\n'}
[2.730466] (test_package) StdoutLine: {'line': b'-- Up-to-date: /home/curry/wilson_proj/ros2-rover-ws/install/test_package/lib/libtest_package__rosidl_generator_c.so\n'}
[2.731660] (test_package) StdoutLine: {'line': b'-- Up-to-date: /home/curry/wilson_proj/ros2-rover-ws/install/test_package/include/test_package/test_package\n'}
[2.732175] (test_package) StdoutLine: {'line': b'-- Up-to-date: /home/curry/wilson_proj/ros2-rover-ws/install/test_package/include/test_package/test_package/msg\n'}
[2.732683] (test_package) StdoutLine: {'line': b'-- Up-to-date: /home/curry/wilson_proj/ros2-rover-ws/install/test_package/include/test_package/test_package/msg/rosidl_typesupport_fastrtps_c__visibility_control.h\n'}
[2.733122] (test_package) StdoutLine: {'line': b'-- Up-to-date: /home/curry/wilson_proj/ros2-rover-ws/install/test_package/include/test_package/test_package/action\n'}
[2.733609] (test_package) StdoutLine: {'line': b'-- Up-to-date: /home/curry/wilson_proj/ros2-rover-ws/install/test_package/include/test_package/test_package/action/detail\n'}
[2.734068] (test_package) StdoutLine: {'line': b'-- Up-to-date: /home/curry/wilson_proj/ros2-rover-ws/install/test_package/include/test_package/test_package/action/detail/fibonacci__rosidl_typesupport_fastrtps_c.h\n'}
[2.735015] (test_package) StdoutLine: {'line': b'-- Up-to-date: /home/curry/wilson_proj/ros2-rover-ws/install/test_package/lib/libtest_package__rosidl_typesupport_fastrtps_c.so\n'}
[2.736509] (test_package) StdoutLine: {'line': b'-- Up-to-date: /home/curry/wilson_proj/ros2-rover-ws/install/test_package/include/test_package/test_package\n'}
[2.737160] (test_package) StdoutLine: {'line': b'-- Up-to-date: /home/curry/wilson_proj/ros2-rover-ws/install/test_package/include/test_package/test_package/msg\n'}
[2.737689] (test_package) StdoutLine: {'line': b'-- Up-to-date: /home/curry/wilson_proj/ros2-rover-ws/install/test_package/include/test_package/test_package/msg/rosidl_typesupport_introspection_c__visibility_control.h\n'}
[2.738118] (test_package) StdoutLine: {'line': b'-- Up-to-date: /home/curry/wilson_proj/ros2-rover-ws/install/test_package/include/test_package/test_package/action\n'}
[2.738439] (test_package) StdoutLine: {'line': b'-- Up-to-date: /home/curry/wilson_proj/ros2-rover-ws/install/test_package/include/test_package/test_package/action/detail\n'}
[2.738858] (test_package) StdoutLine: {'line': b'-- Up-to-date: /home/curry/wilson_proj/ros2-rover-ws/install/test_package/include/test_package/test_package/action/detail/fibonacci__rosidl_typesupport_introspection_c.h\n'}
[2.739291] (test_package) StdoutLine: {'line': b'-- Installing: /home/curry/wilson_proj/ros2-rover-ws/install/test_package/include/test_package/test_package/action/detail/fibonacci__type_support.c\n'}
[2.741898] (test_package) StdoutLine: {'line': b'-- Up-to-date: /home/curry/wilson_proj/ros2-rover-ws/install/test_package/lib/libtest_package__rosidl_typesupport_introspection_c.so\n'}
[2.743783] (test_package) StdoutLine: {'line': b'-- Up-to-date: /home/curry/wilson_proj/ros2-rover-ws/install/test_package/lib/libtest_package__rosidl_typesupport_c.so\n'}
[2.745071] (test_package) StdoutLine: {'line': b'-- Up-to-date: /home/curry/wilson_proj/ros2-rover-ws/install/test_package/include/test_package/test_package\n'}
[2.745694] (test_package) StdoutLine: {'line': b'-- Up-to-date: /home/curry/wilson_proj/ros2-rover-ws/install/test_package/include/test_package/test_package/action\n'}
[2.746167] (test_package) StdoutLine: {'line': b'-- Up-to-date: /home/curry/wilson_proj/ros2-rover-ws/install/test_package/include/test_package/test_package/action/detail\n'}
[2.746656] (test_package) StdoutLine: {'line': b'-- Up-to-date: /home/curry/wilson_proj/ros2-rover-ws/install/test_package/include/test_package/test_package/action/detail/fibonacci__builder.hpp\n'}
[2.747079] (test_package) StdoutLine: {'line': b'-- Up-to-date: /home/curry/wilson_proj/ros2-rover-ws/install/test_package/include/test_package/test_package/action/detail/fibonacci__struct.hpp\n'}
[2.747602] (test_package) StdoutLine: {'line': b'-- Up-to-date: /home/curry/wilson_proj/ros2-rover-ws/install/test_package/include/test_package/test_package/action/detail/fibonacci__traits.hpp\n'}
[2.748055] (test_package) StdoutLine: {'line': b'-- Up-to-date: /home/curry/wilson_proj/ros2-rover-ws/install/test_package/include/test_package/test_package/action/fibonacci.hpp\n'}
[2.748517] (test_package) StdoutLine: {'line': b'-- Up-to-date: /home/curry/wilson_proj/ros2-rover-ws/install/test_package/include/test_package/test_package\n'}
[2.748988] (test_package) StdoutLine: {'line': b'-- Up-to-date: /home/curry/wilson_proj/ros2-rover-ws/install/test_package/include/test_package/test_package/msg\n'}
[2.749475] (test_package) StdoutLine: {'line': b'-- Up-to-date: /home/curry/wilson_proj/ros2-rover-ws/install/test_package/include/test_package/test_package/msg/rosidl_typesupport_fastrtps_cpp__visibility_control.h\n'}
[2.749809] (test_package) StdoutLine: {'line': b'-- Up-to-date: /home/curry/wilson_proj/ros2-rover-ws/install/test_package/include/test_package/test_package/action\n'}
[2.750301] (test_package) StdoutLine: {'line': b'-- Up-to-date: /home/curry/wilson_proj/ros2-rover-ws/install/test_package/include/test_package/test_package/action/detail\n'}
[2.750640] (test_package) StdoutLine: {'line': b'-- Up-to-date: /home/curry/wilson_proj/ros2-rover-ws/install/test_package/include/test_package/test_package/action/detail/dds_fastrtps\n'}
[2.750913] (test_package) StdoutLine: {'line': b'-- Up-to-date: /home/curry/wilson_proj/ros2-rover-ws/install/test_package/include/test_package/test_package/action/detail/fibonacci__rosidl_typesupport_fastrtps_cpp.hpp\n'}
[2.751319] (test_package) StdoutLine: {'line': b'-- Up-to-date: /home/curry/wilson_proj/ros2-rover-ws/install/test_package/lib/libtest_package__rosidl_typesupport_fastrtps_cpp.so\n'}
[2.752717] (test_package) StdoutLine: {'line': b'-- Up-to-date: /home/curry/wilson_proj/ros2-rover-ws/install/test_package/include/test_package/test_package\n'}
[2.753479] (test_package) StdoutLine: {'line': b'-- Up-to-date: /home/curry/wilson_proj/ros2-rover-ws/install/test_package/include/test_package/test_package/action\n'}
[2.753992] (test_package) StdoutLine: {'line': b'-- Up-to-date: /home/curry/wilson_proj/ros2-rover-ws/install/test_package/include/test_package/test_package/action/detail\n'}
[2.754455] (test_package) StdoutLine: {'line': b'-- Up-to-date: /home/curry/wilson_proj/ros2-rover-ws/install/test_package/include/test_package/test_package/action/detail/fibonacci__rosidl_typesupport_introspection_cpp.hpp\n'}
[2.755011] (test_package) StdoutLine: {'line': b'-- Up-to-date: /home/curry/wilson_proj/ros2-rover-ws/install/test_package/include/test_package/test_package/action/detail/fibonacci__type_support.cpp\n'}
[2.755755] (test_package) StdoutLine: {'line': b'-- Up-to-date: /home/curry/wilson_proj/ros2-rover-ws/install/test_package/lib/libtest_package__rosidl_typesupport_introspection_cpp.so\n'}
[2.757900] (test_package) StdoutLine: {'line': b'-- Up-to-date: /home/curry/wilson_proj/ros2-rover-ws/install/test_package/lib/libtest_package__rosidl_typesupport_cpp.so\n'}
[2.759252] (test_package) StdoutLine: {'line': b'-- Up-to-date: /home/curry/wilson_proj/ros2-rover-ws/install/test_package/share/test_package/environment/pythonpath.sh\n'}
[2.759721] (test_package) StdoutLine: {'line': b'-- Up-to-date: /home/curry/wilson_proj/ros2-rover-ws/install/test_package/share/test_package/environment/pythonpath.dsv\n'}
[2.760188] (test_package) StdoutLine: {'line': b'-- Up-to-date: /home/curry/wilson_proj/ros2-rover-ws/install/test_package/lib/python3.10/site-packages/test_package-0.0.0-py3.10.egg-info\n'}
[2.760646] (test_package) StdoutLine: {'line': b'-- Installing: /home/curry/wilson_proj/ros2-rover-ws/install/test_package/lib/python3.10/site-packages/test_package-0.0.0-py3.10.egg-info/dependency_links.txt\n'}
[2.762160] (test_package) StdoutLine: {'line': b'-- Installing: /home/curry/wilson_proj/ros2-rover-ws/install/test_package/lib/python3.10/site-packages/test_package-0.0.0-py3.10.egg-info/SOURCES.txt\n'}
[2.763469] (test_package) StdoutLine: {'line': b'-- Installing: /home/curry/wilson_proj/ros2-rover-ws/install/test_package/lib/python3.10/site-packages/test_package-0.0.0-py3.10.egg-info/top_level.txt\n'}
[2.764952] (test_package) StdoutLine: {'line': b'-- Installing: /home/curry/wilson_proj/ros2-rover-ws/install/test_package/lib/python3.10/site-packages/test_package-0.0.0-py3.10.egg-info/PKG-INFO\n'}
[2.766335] (test_package) StdoutLine: {'line': b'-- Up-to-date: /home/curry/wilson_proj/ros2-rover-ws/install/test_package/lib/python3.10/site-packages/test_package\n'}
[2.766890] (test_package) StdoutLine: {'line': b'-- Up-to-date: /home/curry/wilson_proj/ros2-rover-ws/install/test_package/lib/python3.10/site-packages/test_package/_test_package_s.ep.rosidl_typesupport_c.c\n'}
[2.767338] (test_package) StdoutLine: {'line': b'-- Up-to-date: /home/curry/wilson_proj/ros2-rover-ws/install/test_package/lib/python3.10/site-packages/test_package/_test_package_s.ep.rosidl_typesupport_fastrtps_c.c\n'}
[2.767780] (test_package) StdoutLine: {'line': b'-- Up-to-date: /home/curry/wilson_proj/ros2-rover-ws/install/test_package/lib/python3.10/site-packages/test_package/libtest_package__rosidl_generator_py.so\n'}
[2.768729] (test_package) StdoutLine: {'line': b'-- Up-to-date: /home/curry/wilson_proj/ros2-rover-ws/install/test_package/lib/python3.10/site-packages/test_package/test_package_s__rosidl_typesupport_c.cpython-310-aarch64-linux-gnu.so\n'}
[2.769287] (test_package) StdoutLine: {'line': b'-- Up-to-date: /home/curry/wilson_proj/ros2-rover-ws/install/test_package/lib/python3.10/site-packages/test_package/action\n'}
[2.769738] (test_package) StdoutLine: {'line': b'-- Up-to-date: /home/curry/wilson_proj/ros2-rover-ws/install/test_package/lib/python3.10/site-packages/test_package/action/_fibonacci_s.c\n'}
[2.770216] (test_package) StdoutLine: {'line': b'-- Up-to-date: /home/curry/wilson_proj/ros2-rover-ws/install/test_package/lib/python3.10/site-packages/test_package/action/_fibonacci.py\n'}
[2.770637] (test_package) StdoutLine: {'line': b'-- Up-to-date: /home/curry/wilson_proj/ros2-rover-ws/install/test_package/lib/python3.10/site-packages/test_package/action/__init__.py\n'}
[2.771065] (test_package) StdoutLine: {'line': b'-- Up-to-date: /home/curry/wilson_proj/ros2-rover-ws/install/test_package/lib/python3.10/site-packages/test_package/test_package_s__rosidl_typesupport_fastrtps_c.cpython-310-aarch64-linux-gnu.so\n'}
[2.771468] (test_package) StdoutLine: {'line': b'-- Up-to-date: /home/curry/wilson_proj/ros2-rover-ws/install/test_package/lib/python3.10/site-packages/test_package/_test_package_s.ep.rosidl_typesupport_introspection_c.c\n'}
[2.771910] (test_package) StdoutLine: {'line': b'-- Up-to-date: /home/curry/wilson_proj/ros2-rover-ws/install/test_package/lib/python3.10/site-packages/test_package/__init__.py\n'}
[2.772255] (test_package) StdoutLine: {'line': b'-- Up-to-date: /home/curry/wilson_proj/ros2-rover-ws/install/test_package/lib/python3.10/site-packages/test_package/test_package_s__rosidl_typesupport_introspection_c.cpython-310-aarch64-linux-gnu.so\n'}
[2.814665] (-) TimerEvent: {}
[2.916139] (-) TimerEvent: {}
[2.923701] (test_package) StdoutLine: {'line': b"Listing '/home/curry/wilson_proj/ros2-rover-ws/install/test_package/lib/python3.10/site-packages/test_package'...\n"}
[2.925479] (test_package) StdoutLine: {'line': b"Listing '/home/curry/wilson_proj/ros2-rover-ws/install/test_package/lib/python3.10/site-packages/test_package/action'...\n"}
[2.950518] (test_package) StdoutLine: {'line': b'-- Up-to-date: /home/curry/wilson_proj/ros2-rover-ws/install/test_package/lib/python3.10/site-packages/test_package/test_package_s__rosidl_typesupport_fastrtps_c.cpython-310-aarch64-linux-gnu.so\n'}
[2.953134] (test_package) StdoutLine: {'line': b'-- Up-to-date: /home/curry/wilson_proj/ros2-rover-ws/install/test_package/lib/python3.10/site-packages/test_package/test_package_s__rosidl_typesupport_introspection_c.cpython-310-aarch64-linux-gnu.so\n'}
[2.955726] (test_package) StdoutLine: {'line': b'-- Up-to-date: /home/curry/wilson_proj/ros2-rover-ws/install/test_package/lib/python3.10/site-packages/test_package/test_package_s__rosidl_typesupport_c.cpython-310-aarch64-linux-gnu.so\n'}
[2.958080] (test_package) StdoutLine: {'line': b'-- Up-to-date: /home/curry/wilson_proj/ros2-rover-ws/install/test_package/lib/libtest_package__rosidl_generator_py.so\n'}
[2.959536] (test_package) StdoutLine: {'line': b'-- Up-to-date: /home/curry/wilson_proj/ros2-rover-ws/install/test_package/share/test_package/action/Fibonacci.idl\n'}
[2.960180] (test_package) StdoutLine: {'line': b'-- Up-to-date: /home/curry/wilson_proj/ros2-rover-ws/install/test_package/share/test_package/action/Fibonacci.action\n'}
[2.961377] (test_package) StdoutLine: {'line': b'-- Up-to-date: /home/curry/wilson_proj/ros2-rover-ws/install/test_package/lib/test_package/action_server_node\n'}
[2.963823] (test_package) StdoutLine: {'line': b'-- Up-to-date: /home/curry/wilson_proj/ros2-rover-ws/install/test_package/lib/libaction_server.so\n'}
[2.966137] (test_package) StdoutLine: {'line': b'-- Up-to-date: /home/curry/wilson_proj/ros2-rover-ws/install/test_package/lib/test_package/Tserver_node\n'}
[2.967649] (test_package) StdoutLine: {'line': b'-- Up-to-date: /home/curry/wilson_proj/ros2-rover-ws/install/test_package/share/ament_index/resource_index/package_run_dependencies/test_package\n'}
[2.968266] (test_package) StdoutLine: {'line': b'-- Up-to-date: /home/curry/wilson_proj/ros2-rover-ws/install/test_package/share/ament_index/resource_index/parent_prefix_path/test_package\n'}
[2.968937] (test_package) StdoutLine: {'line': b'-- Up-to-date: /home/curry/wilson_proj/ros2-rover-ws/install/test_package/share/test_package/environment/ament_prefix_path.sh\n'}
[2.969489] (test_package) StdoutLine: {'line': b'-- Up-to-date: /home/curry/wilson_proj/ros2-rover-ws/install/test_package/share/test_package/environment/ament_prefix_path.dsv\n'}
[2.970159] (test_package) StdoutLine: {'line': b'-- Up-to-date: /home/curry/wilson_proj/ros2-rover-ws/install/test_package/share/test_package/environment/path.sh\n'}
[2.970724] (test_package) StdoutLine: {'line': b'-- Up-to-date: /home/curry/wilson_proj/ros2-rover-ws/install/test_package/share/test_package/environment/path.dsv\n'}
[2.971376] (test_package) StdoutLine: {'line': b'-- Up-to-date: /home/curry/wilson_proj/ros2-rover-ws/install/test_package/share/test_package/local_setup.bash\n'}
[2.972152] (test_package) StdoutLine: {'line': b'-- Up-to-date: /home/curry/wilson_proj/ros2-rover-ws/install/test_package/share/test_package/local_setup.sh\n'}
[2.972852] (test_package) StdoutLine: {'line': b'-- Up-to-date: /home/curry/wilson_proj/ros2-rover-ws/install/test_package/share/test_package/local_setup.zsh\n'}
[2.973391] (test_package) StdoutLine: {'line': b'-- Up-to-date: /home/curry/wilson_proj/ros2-rover-ws/install/test_package/share/test_package/local_setup.dsv\n'}
[2.973784] (test_package) StdoutLine: {'line': b'-- Installing: /home/curry/wilson_proj/ros2-rover-ws/install/test_package/share/test_package/package.dsv\n'}
[2.974422] (test_package) StdoutLine: {'line': b'-- Up-to-date: /home/curry/wilson_proj/ros2-rover-ws/install/test_package/share/ament_index/resource_index/packages/test_package\n'}
[2.975196] (test_package) StdoutLine: {'line': b'-- Up-to-date: /home/curry/wilson_proj/ros2-rover-ws/install/test_package/share/test_package/cmake/export_test_package__rosidl_generator_cExport.cmake\n'}
[2.975874] (test_package) StdoutLine: {'line': b'-- Up-to-date: /home/curry/wilson_proj/ros2-rover-ws/install/test_package/share/test_package/cmake/export_test_package__rosidl_generator_cExport-noconfig.cmake\n'}
[2.976730] (test_package) StdoutLine: {'line': b'-- Up-to-date: /home/curry/wilson_proj/ros2-rover-ws/install/test_package/share/test_package/cmake/export_test_package__rosidl_typesupport_fastrtps_cExport.cmake\n'}
[2.977312] (test_package) StdoutLine: {'line': b'-- Up-to-date: /home/curry/wilson_proj/ros2-rover-ws/install/test_package/share/test_package/cmake/export_test_package__rosidl_typesupport_fastrtps_cExport-noconfig.cmake\n'}
[2.978615] (test_package) StdoutLine: {'line': b'-- Up-to-date: /home/curry/wilson_proj/ros2-rover-ws/install/test_package/share/test_package/cmake/test_package__rosidl_typesupport_introspection_cExport.cmake\n'}
[2.980573] (test_package) StdoutLine: {'line': b'-- Up-to-date: /home/curry/wilson_proj/ros2-rover-ws/install/test_package/share/test_package/cmake/test_package__rosidl_typesupport_introspection_cExport-noconfig.cmake\n'}
[2.981986] (test_package) StdoutLine: {'line': b'-- Up-to-date: /home/curry/wilson_proj/ros2-rover-ws/install/test_package/share/test_package/cmake/test_package__rosidl_typesupport_cExport.cmake\n'}
[2.982608] (test_package) StdoutLine: {'line': b'-- Up-to-date: /home/curry/wilson_proj/ros2-rover-ws/install/test_package/share/test_package/cmake/test_package__rosidl_typesupport_cExport-noconfig.cmake\n'}
[2.983019] (test_package) StdoutLine: {'line': b'-- Up-to-date: /home/curry/wilson_proj/ros2-rover-ws/install/test_package/share/test_package/cmake/export_test_package__rosidl_generator_cppExport.cmake\n'}
[2.983558] (test_package) StdoutLine: {'line': b'-- Up-to-date: /home/curry/wilson_proj/ros2-rover-ws/install/test_package/share/test_package/cmake/export_test_package__rosidl_typesupport_fastrtps_cppExport.cmake\n'}
[2.984201] (test_package) StdoutLine: {'line': b'-- Up-to-date: /home/curry/wilson_proj/ros2-rover-ws/install/test_package/share/test_package/cmake/export_test_package__rosidl_typesupport_fastrtps_cppExport-noconfig.cmake\n'}
[2.984937] (test_package) StdoutLine: {'line': b'-- Up-to-date: /home/curry/wilson_proj/ros2-rover-ws/install/test_package/share/test_package/cmake/test_package__rosidl_typesupport_introspection_cppExport.cmake\n'}
[2.985726] (test_package) StdoutLine: {'line': b'-- Up-to-date: /home/curry/wilson_proj/ros2-rover-ws/install/test_package/share/test_package/cmake/test_package__rosidl_typesupport_introspection_cppExport-noconfig.cmake\n'}
[2.986454] (test_package) StdoutLine: {'line': b'-- Up-to-date: /home/curry/wilson_proj/ros2-rover-ws/install/test_package/share/test_package/cmake/test_package__rosidl_typesupport_cppExport.cmake\n'}
[2.987173] (test_package) StdoutLine: {'line': b'-- Up-to-date: /home/curry/wilson_proj/ros2-rover-ws/install/test_package/share/test_package/cmake/test_package__rosidl_typesupport_cppExport-noconfig.cmake\n'}
[2.987883] (test_package) StdoutLine: {'line': b'-- Up-to-date: /home/curry/wilson_proj/ros2-rover-ws/install/test_package/share/test_package/cmake/export_test_package__rosidl_generator_pyExport.cmake\n'}
[2.988706] (test_package) StdoutLine: {'line': b'-- Up-to-date: /home/curry/wilson_proj/ros2-rover-ws/install/test_package/share/test_package/cmake/export_test_package__rosidl_generator_pyExport-noconfig.cmake\n'}
[2.989867] (test_package) StdoutLine: {'line': b'-- Up-to-date: /home/curry/wilson_proj/ros2-rover-ws/install/test_package/share/ament_index/resource_index/rclcpp_components/test_package\n'}
[2.990648] (test_package) StdoutLine: {'line': b'-- Up-to-date: /home/curry/wilson_proj/ros2-rover-ws/install/test_package/share/test_package/cmake/rosidl_cmake-extras.cmake\n'}
[2.991536] (test_package) StdoutLine: {'line': b'-- Up-to-date: /home/curry/wilson_proj/ros2-rover-ws/install/test_package/share/test_package/cmake/ament_cmake_export_dependencies-extras.cmake\n'}
[2.992292] (test_package) StdoutLine: {'line': b'-- Up-to-date: /home/curry/wilson_proj/ros2-rover-ws/install/test_package/share/test_package/cmake/ament_cmake_export_include_directories-extras.cmake\n'}
[2.993165] (test_package) StdoutLine: {'line': b'-- Up-to-date: /home/curry/wilson_proj/ros2-rover-ws/install/test_package/share/test_package/cmake/ament_cmake_export_libraries-extras.cmake\n'}
[2.993935] (test_package) StdoutLine: {'line': b'-- Up-to-date: /home/curry/wilson_proj/ros2-rover-ws/install/test_package/share/test_package/cmake/ament_cmake_export_targets-extras.cmake\n'}
[2.994582] (test_package) StdoutLine: {'line': b'-- Up-to-date: /home/curry/wilson_proj/ros2-rover-ws/install/test_package/share/test_package/cmake/rosidl_cmake_export_typesupport_targets-extras.cmake\n'}
[2.995150] (test_package) StdoutLine: {'line': b'-- Up-to-date: /home/curry/wilson_proj/ros2-rover-ws/install/test_package/share/test_package/cmake/rosidl_cmake_export_typesupport_libraries-extras.cmake\n'}
[2.995648] (test_package) StdoutLine: {'line': b'-- Up-to-date: /home/curry/wilson_proj/ros2-rover-ws/install/test_package/share/test_package/cmake/test_packageConfig.cmake\n'}
[2.996232] (test_package) StdoutLine: {'line': b'-- Up-to-date: /home/curry/wilson_proj/ros2-rover-ws/install/test_package/share/test_package/cmake/test_packageConfig-version.cmake\n'}
[2.996813] (test_package) StdoutLine: {'line': b'-- Up-to-date: /home/curry/wilson_proj/ros2-rover-ws/install/test_package/share/test_package/package.xml\n'}
[3.001553] (test_package) CommandEnded: {'returncode': 0}
[3.016288] (-) TimerEvent: {}
[3.117538] (-) TimerEvent: {}
[3.218862] (-) TimerEvent: {}
[3.319883] (-) TimerEvent: {}
[3.420848] (-) TimerEvent: {}
[3.521559] (-) TimerEvent: {}
[3.594541] (test_package) JobEnded: {'identifier': 'test_package', 'rc': 0}
[3.621799] (-) TimerEvent: {}
[3.716558] (rover_control_package) StdoutLine: {'line': b'-- Found ament_cmake_ros: 0.11.2 (/opt/ros/iron/share/ament_cmake_ros/cmake)\n'}
[3.721937] (-) TimerEvent: {}
[3.822575] (-) TimerEvent: {}
[3.923345] (-) TimerEvent: {}
[4.024243] (-) TimerEvent: {}
[4.124907] (-) TimerEvent: {}
[4.225501] (-) TimerEvent: {}
[4.326146] (-) TimerEvent: {}
[4.426772] (-) TimerEvent: {}
[4.527408] (-) TimerEvent: {}
[4.569222] (rover_control_package) StdoutLine: {'line': b'-- Using all available rosidl_typesupport_c: rosidl_typesupport_fastrtps_c;rosidl_typesupport_introspection_c\n'}
[4.627556] (-) TimerEvent: {}
[4.728329] (-) TimerEvent: {}
[4.829485] (-) TimerEvent: {}
[4.930501] (-) TimerEvent: {}
[5.031207] (-) TimerEvent: {}
[5.131989] (-) TimerEvent: {}
[5.232678] (-) TimerEvent: {}
[5.333382] (-) TimerEvent: {}
[5.434057] (-) TimerEvent: {}
[5.534640] (-) TimerEvent: {}
[5.635300] (-) TimerEvent: {}
[5.690352] (rover_control_package) StdoutLine: {'line': b'-- Using all available rosidl_typesupport_cpp: rosidl_typesupport_fastrtps_cpp;rosidl_typesupport_introspection_cpp\n'}
[5.735477] (-) TimerEvent: {}
[5.793397] (rover_control_package) StdoutLine: {'line': b'-- Found python_cmake_module: 0.10.2 (/opt/ros/iron/share/python_cmake_module/cmake)\n'}
[5.835656] (-) TimerEvent: {}
[5.899859] (rover_control_package) StdoutLine: {'line': b'-- Using PYTHON_EXECUTABLE: /usr/bin/python3\n'}
[5.900506] (rover_control_package) StdoutLine: {'line': b'-- Using PYTHON_INCLUDE_DIRS: /usr/include/python3.10\n'}
[5.900845] (rover_control_package) StdoutLine: {'line': b'-- Using PYTHON_LIBRARIES: /usr/lib/aarch64-linux-gnu/libpython3.10.so\n'}
[5.935827] (-) TimerEvent: {}
[5.977711] (rover_control_package) StdoutLine: {'line': b'-- Found rover_control_package: 0.0.0 (/home/curry/wilson_proj/ros2-rover-ws/install/rover_control_package/share/rover_control_package/cmake)\n'}
[6.035988] (-) TimerEvent: {}
[6.136692] (-) TimerEvent: {}
[6.237393] (-) TimerEvent: {}
[6.257570] (rover_control_package) StdoutLine: {'line': b'-- Found rclcpp: 21.0.7 (/opt/ros/iron/share/rclcpp/cmake)\n'}
[6.337552] (-) TimerEvent: {}
[6.438199] (-) TimerEvent: {}
[6.538854] (-) TimerEvent: {}
[6.607953] (rover_control_package) StdoutLine: {'line': b'-- Found rmw_implementation_cmake: 7.1.0 (/opt/ros/iron/share/rmw_implementation_cmake/cmake)\n'}
[6.613596] (rover_control_package) StdoutLine: {'line': b'-- Found rmw_fastrtps_cpp: 7.1.4 (/opt/ros/iron/share/rmw_fastrtps_cpp/cmake)\n'}
[6.639005] (-) TimerEvent: {}
[6.739685] (-) TimerEvent: {}
[6.840331] (-) TimerEvent: {}
[6.941084] (-) TimerEvent: {}
[7.041869] (-) TimerEvent: {}
[7.142553] (-) TimerEvent: {}
[7.243270] (-) TimerEvent: {}
[7.343908] (-) TimerEvent: {}
[7.444550] (-) TimerEvent: {}
[7.545189] (-) TimerEvent: {}
[7.612761] (rover_control_package) StdoutLine: {'line': b"-- Using RMW implementation 'rmw_fastrtps_cpp' as default\n"}
[7.645342] (-) TimerEvent: {}
[7.746026] (-) TimerEvent: {}
[7.846696] (-) TimerEvent: {}
[7.947343] (-) TimerEvent: {}
[8.048010] (-) TimerEvent: {}
[8.148695] (-) TimerEvent: {}
[8.228340] (rover_control_package) StdoutLine: {'line': b'-- Found rclcpp_action: 21.0.7 (/opt/ros/iron/share/rclcpp_action/cmake)\n'}
[8.248855] (-) TimerEvent: {}
[8.349498] (-) TimerEvent: {}
[8.356980] (rover_control_package) StdoutLine: {'line': b'-- Found rclcpp_components: 21.0.7 (/opt/ros/iron/share/rclcpp_components/cmake)\n'}
[8.449655] (-) TimerEvent: {}
[8.550311] (-) TimerEvent: {}
[8.650975] (-) TimerEvent: {}
[8.689375] (rover_control_package) StdoutLine: {'line': b'-- Found std_srvs: 5.0.1 (/opt/ros/iron/share/std_srvs/cmake)\n'}
[8.751153] (-) TimerEvent: {}
[8.851970] (-) TimerEvent: {}
[8.868367] (rover_control_package) StdoutLine: {'line': b'-- Found ament_lint_auto: 0.14.4 (/opt/ros/iron/share/ament_lint_auto/cmake)\n'}
[8.910624] (rover_control_package) StdoutLine: {'line': b"-- Added test 'cppcheck' to perform static code analysis on C / C++ code\n"}
[8.913102] (rover_control_package) StdoutLine: {'line': b'-- Configured cppcheck include dirs: $<BUILD_INTERFACE:/home/curry/wilson_proj/ros2-rover-ws/src/rover_control_package/include>\n'}
[8.913549] (rover_control_package) StdoutLine: {'line': b'-- Configured cppcheck exclude dirs and/or files: \n'}
[8.917120] (rover_control_package) StdoutLine: {'line': b"-- Added test 'lint_cmake' to check CMake code style\n"}
[8.925732] (rover_control_package) StdoutLine: {'line': b"-- Added test 'uncrustify' to check C / C++ code style\n"}
[8.926264] (rover_control_package) StdoutLine: {'line': b'-- Configured uncrustify additional arguments: \n'}
[8.927779] (rover_control_package) StdoutLine: {'line': b"-- Added test 'xmllint' to check XML markup files\n"}
[8.937761] (rover_control_package) StdoutLine: {'line': b'-- Configuring done\n'}
[8.952119] (-) TimerEvent: {}
[9.052773] (-) TimerEvent: {}
[9.153401] (-) TimerEvent: {}
[9.190635] (rover_control_package) StdoutLine: {'line': b'-- Generating done\n'}
[9.213868] (rover_control_package) StdoutLine: {'line': b'-- Build files have been written to: /home/curry/wilson_proj/ros2-rover-ws/build/rover_control_package\n'}
[9.253684] (-) TimerEvent: {}
[9.353059] (rover_control_package) StdoutLine: {'line': b'\x1b[35m\x1b[1mConsolidate compiler generated dependencies of target carcontrol_server\x1b[0m\n'}
[9.353701] (-) TimerEvent: {}
[9.390354] (rover_control_package) StdoutLine: {'line': b'[  2%] Built target rover_control_package__rosidl_generator_type_description\n'}
[9.402042] (rover_control_package) StdoutLine: {'line': b'[  5%] \x1b[32mBuilding CXX object CMakeFiles/carcontrol_ros2_server.dir/src/motor_drive_node.cpp.o\x1b[0m\n'}
[9.445607] (rover_control_package) StdoutLine: {'line': b'[  5%] Built target ament_cmake_python_copy_rover_control_package\n'}
[9.453994] (-) TimerEvent: {}
[9.462469] (rover_control_package) StdoutLine: {'line': b'[  7%] \x1b[32mBuilding CXX object CMakeFiles/carcontrol_server.dir/rclcpp_components/node_main_carcontrol_server.cpp.o\x1b[0m\n'}
[9.490323] (rover_control_package) StdoutLine: {'line': b'[ 10%] Built target rover_control_package__cpp\n'}
[9.497114] (rover_control_package) StdoutLine: {'line': b'\x1b[35m\x1b[1mConsolidate compiler generated dependencies of target rover_control_package__rosidl_generator_c\x1b[0m\n'}
[9.554216] (-) TimerEvent: {}
[9.557321] (rover_control_package) StdoutLine: {'line': b'[ 23%] Built target rover_control_package__rosidl_generator_c\n'}
[9.607882] (rover_control_package) StdoutLine: {'line': b'\x1b[35m\x1b[1mConsolidate compiler generated dependencies of target rover_control_package__rosidl_typesupport_cpp\x1b[0m\n'}
[9.654465] (-) TimerEvent: {}
[9.678418] (rover_control_package) StdoutLine: {'line': b'[ 31%] Built target rover_control_package__rosidl_typesupport_cpp\n'}
[9.729656] (rover_control_package) StdoutLine: {'line': b'\x1b[35m\x1b[1mConsolidate compiler generated dependencies of target rover_control_package__rosidl_typesupport_fastrtps_c\x1b[0m\n'}
[9.754680] (-) TimerEvent: {}
[9.799381] (rover_control_package) StdoutLine: {'line': b'[ 39%] Built target rover_control_package__rosidl_typesupport_fastrtps_c\n'}
[9.849792] (rover_control_package) StdoutLine: {'line': b'\x1b[35m\x1b[1mConsolidate compiler generated dependencies of target rover_control_package__rosidl_typesupport_introspection_c\x1b[0m\n'}
[9.854975] (-) TimerEvent: {}
[9.909389] (rover_control_package) StdoutLine: {'line': b'[ 47%] Built target rover_control_package__rosidl_typesupport_introspection_c\n'}
[9.955201] (-) TimerEvent: {}
[9.960324] (rover_control_package) StdoutLine: {'line': b'\x1b[35m\x1b[1mConsolidate compiler generated dependencies of target rover_control_package__rosidl_typesupport_c\x1b[0m\n'}
[10.019466] (rover_control_package) StdoutLine: {'line': b'[ 55%] Built target rover_control_package__rosidl_typesupport_c\n'}
[10.055447] (-) TimerEvent: {}
[10.068967] (rover_control_package) StdoutLine: {'line': b'\x1b[35m\x1b[1mConsolidate compiler generated dependencies of target rover_control_package__rosidl_typesupport_fastrtps_cpp\x1b[0m\n'}
[10.102344] (rover_control_package) StderrLine: {'line': b'\x1b[01m\x1b[K/home/curry/wilson_proj/ros2-rover-ws/src/rover_control_package/src/motor_drive_node.cpp:5:10:\x1b[m\x1b[K \x1b[01;31m\x1b[Kfatal error: \x1b[m\x1b[Krover_control_package/action/Carcontrol.hpp: No such file or directory\n'}
[10.103114] (rover_control_package) StderrLine: {'line': b'    5 | #include \x1b[01;31m\x1b[K"rover_control_package/action/Carcontrol.hpp"\x1b[m\x1b[K\n'}
[10.103863] (rover_control_package) StderrLine: {'line': b'      |          \x1b[01;31m\x1b[K^~~~~~~~~~~~~~~~~~~~~~~~~~~~~~~~~~~~~~~~~~~~~\x1b[m\x1b[K\n'}
[10.104540] (rover_control_package) StderrLine: {'line': b'compilation terminated.\n'}
[10.108324] (rover_control_package) StderrLine: {'line': b'gmake[2]: *** [CMakeFiles/carcontrol_ros2_server.dir/build.make:76: CMakeFiles/carcontrol_ros2_server.dir/src/motor_drive_node.cpp.o] Error 1\n'}
[10.109538] (rover_control_package) StderrLine: {'line': b'gmake[1]: *** [CMakeFiles/Makefile2:625: CMakeFiles/carcontrol_ros2_server.dir/all] Error 2\n'}
[10.109975] (rover_control_package) StderrLine: {'line': b'gmake[1]: *** Waiting for unfinished jobs....\n'}
[10.142524] (rover_control_package) StdoutLine: {'line': b'[ 63%] Built target rover_control_package__rosidl_typesupport_fastrtps_cpp\n'}
[10.155635] (-) TimerEvent: {}
[10.256319] (-) TimerEvent: {}
[10.357013] (-) TimerEvent: {}
[10.457665] (-) TimerEvent: {}
[10.558308] (-) TimerEvent: {}
[10.658920] (-) TimerEvent: {}
[10.759569] (-) TimerEvent: {}
[10.800298] (rover_control_package) StdoutLine: {'line': b'running egg_info\n'}
[10.804105] (rover_control_package) StdoutLine: {'line': b'writing rover_control_package.egg-info/PKG-INFO\n'}
[10.805194] (rover_control_package) StdoutLine: {'line': b'writing dependency_links to rover_control_package.egg-info/dependency_links.txt\n'}
[10.806366] (rover_control_package) StdoutLine: {'line': b'writing top-level names to rover_control_package.egg-info/top_level.txt\n'}
[10.816757] (rover_control_package) StdoutLine: {'line': b"reading manifest file 'rover_control_package.egg-info/SOURCES.txt'\n"}
[10.819422] (rover_control_package) StdoutLine: {'line': b"writing manifest file 'rover_control_package.egg-info/SOURCES.txt'\n"}
[10.859809] (-) TimerEvent: {}
[10.954061] (rover_control_package) StdoutLine: {'line': b'[ 63%] Built target ament_cmake_python_build_rover_control_package_egg\n'}
[10.960137] (-) TimerEvent: {}
[11.061115] (-) TimerEvent: {}
[11.161792] (-) TimerEvent: {}
[11.262485] (-) TimerEvent: {}
[11.363179] (-) TimerEvent: {}
[11.463914] (-) TimerEvent: {}
[11.564652] (-) TimerEvent: {}
[11.665412] (-) TimerEvent: {}
[11.766117] (-) TimerEvent: {}
[11.866883] (-) TimerEvent: {}
[11.967633] (-) TimerEvent: {}
[12.068451] (-) TimerEvent: {}
[12.169138] (-) TimerEvent: {}
[12.269869] (-) TimerEvent: {}
[12.370645] (-) TimerEvent: {}
[12.471357] (-) TimerEvent: {}
[12.572059] (-) TimerEvent: {}
[12.672785] (-) TimerEvent: {}
[12.773570] (-) TimerEvent: {}
[12.874387] (-) TimerEvent: {}
[12.975100] (-) TimerEvent: {}
[13.076161] (-) TimerEvent: {}
[13.177015] (-) TimerEvent: {}
[13.277772] (-) TimerEvent: {}
[13.378491] (-) TimerEvent: {}
[13.479249] (-) TimerEvent: {}
[13.579945] (-) TimerEvent: {}
[13.680662] (-) TimerEvent: {}
[13.781349] (-) TimerEvent: {}
[13.882444] (-) TimerEvent: {}
[13.983201] (-) TimerEvent: {}
[14.083899] (-) TimerEvent: {}
[14.184614] (-) TimerEvent: {}
[14.285307] (-) TimerEvent: {}
[14.386011] (-) TimerEvent: {}
[14.486724] (-) TimerEvent: {}
[14.587446] (-) TimerEvent: {}
[14.688188] (-) TimerEvent: {}
[14.788923] (-) TimerEvent: {}
[14.889626] (-) TimerEvent: {}
[14.990330] (-) TimerEvent: {}
[15.091040] (-) TimerEvent: {}
[15.191864] (-) TimerEvent: {}
[15.292580] (-) TimerEvent: {}
[15.393282] (-) TimerEvent: {}
[15.493992] (-) TimerEvent: {}
[15.594727] (-) TimerEvent: {}
[15.695454] (-) TimerEvent: {}
[15.796160] (-) TimerEvent: {}
[15.896887] (-) TimerEvent: {}
[15.997588] (-) TimerEvent: {}
[16.098307] (-) TimerEvent: {}
[16.199013] (-) TimerEvent: {}
[16.299769] (-) TimerEvent: {}
[16.400586] (-) TimerEvent: {}
[16.501280] (-) TimerEvent: {}
[16.601979] (-) TimerEvent: {}
[16.702677] (-) TimerEvent: {}
[16.803454] (-) TimerEvent: {}
[16.904252] (-) TimerEvent: {}
[17.004974] (-) TimerEvent: {}
[17.105676] (-) TimerEvent: {}
[17.206372] (-) TimerEvent: {}
[17.307070] (-) TimerEvent: {}
[17.407785] (-) TimerEvent: {}
[17.508515] (-) TimerEvent: {}
[17.609211] (-) TimerEvent: {}
[17.709901] (-) TimerEvent: {}
[17.810611] (-) TimerEvent: {}
[17.911348] (-) TimerEvent: {}
[18.012064] (-) TimerEvent: {}
[18.112790] (-) TimerEvent: {}
[18.213506] (-) TimerEvent: {}
[18.314224] (-) TimerEvent: {}
[18.414965] (-) TimerEvent: {}
[18.515669] (-) TimerEvent: {}
[18.616429] (-) TimerEvent: {}
[18.717121] (-) TimerEvent: {}
[18.817828] (-) TimerEvent: {}
[18.918635] (-) TimerEvent: {}
[19.019349] (-) TimerEvent: {}
[19.120072] (-) TimerEvent: {}
[19.220816] (-) TimerEvent: {}
[19.321521] (-) TimerEvent: {}
[19.422205] (-) TimerEvent: {}
[19.522904] (-) TimerEvent: {}
[19.623621] (-) TimerEvent: {}
[19.724383] (-) TimerEvent: {}
[19.825129] (-) TimerEvent: {}
[19.925865] (-) TimerEvent: {}
[20.026590] (-) TimerEvent: {}
[20.127307] (-) TimerEvent: {}
[20.228036] (-) TimerEvent: {}
[20.328772] (-) TimerEvent: {}
[20.429466] (-) TimerEvent: {}
[20.530168] (-) TimerEvent: {}
[20.630882] (-) TimerEvent: {}
[20.731594] (-) TimerEvent: {}
[20.832283] (-) TimerEvent: {}
[20.933031] (-) TimerEvent: {}
[21.033748] (-) TimerEvent: {}
[21.134452] (-) TimerEvent: {}
[21.235178] (-) TimerEvent: {}
[21.335885] (-) TimerEvent: {}
[21.436582] (-) TimerEvent: {}
[21.537283] (-) TimerEvent: {}
[21.638040] (-) TimerEvent: {}
[21.738841] (-) TimerEvent: {}
[21.839609] (-) TimerEvent: {}
[21.940337] (-) TimerEvent: {}
[22.041084] (-) TimerEvent: {}
[22.141803] (-) TimerEvent: {}
[22.242596] (-) TimerEvent: {}
[22.343454] (-) TimerEvent: {}
[22.444169] (-) TimerEvent: {}
[22.544890] (-) TimerEvent: {}
[22.645602] (-) TimerEvent: {}
[22.746304] (-) TimerEvent: {}
[22.847046] (-) TimerEvent: {}
[22.948011] (-) TimerEvent: {}
[23.048721] (-) TimerEvent: {}
[23.149449] (-) TimerEvent: {}
[23.250156] (-) TimerEvent: {}
[23.350855] (-) TimerEvent: {}
[23.451569] (-) TimerEvent: {}
[23.552294] (-) TimerEvent: {}
[23.653033] (-) TimerEvent: {}
[23.753743] (-) TimerEvent: {}
[23.854452] (-) TimerEvent: {}
[23.955152] (-) TimerEvent: {}
[24.055923] (-) TimerEvent: {}
[24.156663] (-) TimerEvent: {}
[24.166516] (rover_control_package) StdoutLine: {'line': b'[ 65%] \x1b[32m\x1b[1mLinking CXX executable carcontrol_server\x1b[0m\n'}
[24.256902] (-) TimerEvent: {}
[24.357738] (-) TimerEvent: {}
[24.458598] (-) TimerEvent: {}
[24.559554] (-) TimerEvent: {}
[24.660330] (-) TimerEvent: {}
[24.760976] (-) TimerEvent: {}
[24.831947] (rover_control_package) StdoutLine: {'line': b'[ 65%] Built target carcontrol_server\n'}
[24.835832] (rover_control_package) StderrLine: {'line': b'gmake: *** [Makefile:146: all] Error 2\n'}
[24.841510] (rover_control_package) CommandEnded: {'returncode': 2}
[24.861184] (-) TimerEvent: {}
[24.961889] (-) TimerEvent: {}
[25.062520] (-) TimerEvent: {}
[25.163113] (-) TimerEvent: {}
[25.263790] (-) TimerEvent: {}
[25.302053] (rover_control_package) JobEnded: {'identifier': 'rover_control_package', 'rc': 2}
[25.313895] (-) EventReactorShutdown: {}
