[33mCMake Warning at CMakeLists.txt:25 (add_library):
  Cannot generate a safe runtime search path for target action_server because
  there is a cycle in the constraint graph:

    dir 0 is [/home/curry/wilson_proj/ros2-rover-ws/install/test_package/lib]
      dir 1 must precede it due to runtime library [libtest_package__rosidl_typesupport_introspection_c.so]
    dir 1 is [/home/curry/wilson_proj/ros2-rover-ws/build/test_package]
      dir 0 must precede it due to runtime library [libtest_package__rosidl_typesupport_fastrtps_c.so]
    dir 2 is [/opt/ros/iron/lib]

  Some of these libraries may not be found correctly.

[0m
[01m[K/home/curry/wilson_proj/ros2-rover-ws/src/test_package/src/Action_server_node.cpp:10:10:[m[K [01;31m[Kfatal error: [m[Kaction_tutorials_cpp/visibility_control.h: No such file or directory
   10 | #include [01;31m[K"action_tutorials_cpp/visibility_control.h"[m[K
      |          [01;31m[K^~~~~~~~~~~~~~~~~~~~~~~~~~~~~~~~~~~~~~~~~~~[m[K
compilation terminated.
gmake[2]: *** [CMakeFiles/action_server.dir/build.make:76: CMakeFiles/action_server.dir/src/Action_server_node.cpp.o] Error 1
gmake[1]: *** [CMakeFiles/Makefile2:630: CMakeFiles/action_server.dir/all] Error 2
gmake[1]: *** Waiting for unfinished jobs....
gmake: *** [Makefile:146: all] Error 2
