[0.048s] Invoking command in '/home/curry/wilson_proj/ros2-rover-ws/build/test_package': CMAKE_PREFIX_PATH=${CMAKE_PREFIX_PATH}:/opt/ros/iron /usr/bin/cmake --build /home/curry/wilson_proj/ros2-rover-ws/build/test_package -- -j4 -l4
[0.165s] -- Found rosidl_default_generators: 1.5.0 (/opt/ros/iron/share/rosidl_default_generators/cmake)
[0.795s] -- Using all available rosidl_typesupport_c: rosidl_typesupport_fastrtps_c;rosidl_typesupport_introspection_c
[1.011s] -- Using all available rosidl_typesupport_cpp: rosidl_typesupport_fastrtps_cpp;rosidl_typesupport_introspection_cpp
[1.124s] -- Found rosidl_adapter: 4.0.1 (/opt/ros/iron/share/rosidl_adapter/cmake)
[3.049s] -- Found ament_cmake_ros: 0.11.2 (/opt/ros/iron/share/ament_cmake_ros/cmake)
[3.892s] -- Using all available rosidl_typesupport_c: rosidl_typesupport_fastrtps_c;rosidl_typesupport_introspection_c
[5.005s] -- Using all available rosidl_typesupport_cpp: rosidl_typesupport_fastrtps_cpp;rosidl_typesupport_introspection_cpp
[5.106s] -- Found python_cmake_module: 0.10.2 (/opt/ros/iron/share/python_cmake_module/cmake)
[5.208s] -- Using PYTHON_EXECUTABLE: /usr/bin/python3
[5.208s] -- Using PYTHON_INCLUDE_DIRS: /usr/include/python3.10
[5.209s] -- Using PYTHON_LIBRARIES: /usr/lib/aarch64-linux-gnu/libpython3.10.so
[5.282s] -- Found test_package: 0.0.0 (/home/curry/wilson_proj/ros2-rover-ws/install/test_package/share/test_package/cmake)
[5.561s] -- Found rclcpp: 21.0.7 (/opt/ros/iron/share/rclcpp/cmake)
[5.913s] -- Found rmw_implementation_cmake: 7.1.0 (/opt/ros/iron/share/rmw_implementation_cmake/cmake)
[5.919s] -- Found rmw_fastrtps_cpp: 7.1.4 (/opt/ros/iron/share/rmw_fastrtps_cpp/cmake)
[6.901s] -- Using RMW implementation 'rmw_fastrtps_cpp' as default
[7.547s] -- Found rclcpp_action: 21.0.7 (/opt/ros/iron/share/rclcpp_action/cmake)
[7.720s] -- Found rclcpp_components: 21.0.7 (/opt/ros/iron/share/rclcpp_components/cmake)
[8.207s] -- Found std_srvs: 5.0.1 (/opt/ros/iron/share/std_srvs/cmake)
[8.379s] -- Found example_interfaces: 0.10.2 (/opt/ros/iron/share/example_interfaces/cmake)
[8.679s] -- Found ament_lint_auto: 0.14.4 (/opt/ros/iron/share/ament_lint_auto/cmake)
[8.720s] -- Added test 'cppcheck' to perform static code analysis on C / C++ code
[8.722s] -- Configured cppcheck include dirs: $<BUILD_INTERFACE:/home/curry/wilson_proj/ros2-rover-ws/src/test_package/include>
[8.723s] -- Configured cppcheck exclude dirs and/or files: 
[8.726s] -- Added test 'lint_cmake' to check CMake code style
[8.733s] -- Added test 'uncrustify' to check C / C++ code style
[8.733s] -- Configured uncrustify additional arguments: 
[8.734s] -- Added test 'xmllint' to check XML markup files
[8.744s] -- Configuring done
[8.970s] [33mCMake Warning at CMakeLists.txt:25 (add_library):
[8.970s]   Cannot generate a safe runtime search path for target action_server because
[8.970s]   there is a cycle in the constraint graph:
[8.971s] 
[8.971s]     dir 0 is [/home/curry/wilson_proj/ros2-rover-ws/install/test_package/lib]
[8.971s]       dir 1 must precede it due to runtime library [libtest_package__rosidl_typesupport_introspection_c.so]
[8.972s]     dir 1 is [/home/curry/wilson_proj/ros2-rover-ws/build/test_package]
[8.972s]       dir 0 must precede it due to runtime library [libtest_package__rosidl_typesupport_fastrtps_c.so]
[8.972s]     dir 2 is [/opt/ros/iron/lib]
[8.972s] 
[8.973s]   Some of these libraries may not be found correctly.
[8.973s] 
[8.973s] [0m
[9.028s] -- Generating done
[9.049s] -- Build files have been written to: /home/curry/wilson_proj/ros2-rover-ws/build/test_package
[9.185s] [35m[1mConsolidate compiler generated dependencies of target Tserver_node[0m
[9.220s] [  2%] Built target test_package__rosidl_generator_type_description
[9.227s] [  5%] [32mBuilding CXX object CMakeFiles/action_server_node.dir/rclcpp_components/node_main_action_server_node.cpp.o[0m
[9.282s] [  5%] Built target ament_cmake_python_copy_test_package
[9.291s] [ 10%] Built target Tserver_node
[9.324s] [ 12%] Built target test_package__cpp
[9.332s] [35m[1mConsolidate compiler generated dependencies of target test_package__rosidl_generator_c[0m
[9.388s] [ 25%] Built target test_package__rosidl_generator_c
[9.437s] [35m[1mConsolidate compiler generated dependencies of target test_package__rosidl_typesupport_cpp[0m
[9.440s] [35m[1mConsolidate compiler generated dependencies of target test_package__rosidl_typesupport_fastrtps_c[0m
[9.508s] [ 32%] Built target test_package__rosidl_typesupport_cpp
[9.517s] [ 40%] Built target test_package__rosidl_typesupport_fastrtps_c
[9.559s] [35m[1mConsolidate compiler generated dependencies of target test_package__rosidl_typesupport_introspection_c[0m
[9.568s] [35m[1mConsolidate compiler generated dependencies of target test_package__rosidl_typesupport_c[0m
[9.621s] [ 47%] Built target test_package__rosidl_typesupport_introspection_c
[9.628s] [ 55%] Built target test_package__rosidl_typesupport_c
[9.677s] [35m[1mConsolidate compiler generated dependencies of target test_package__rosidl_typesupport_fastrtps_cpp[0m
[9.679s] [35m[1mConsolidate compiler generated dependencies of target test_package__rosidl_typesupport_introspection_cpp[0m
[9.750s] [ 62%] Built target test_package__rosidl_typesupport_introspection_cpp
[9.757s] [ 70%] Built target test_package__rosidl_typesupport_fastrtps_cpp
[9.847s] [ 72%] [32mBuilding CXX object CMakeFiles/action_server.dir/src/Action_server_node.cpp.o[0m
[9.854s] [ 72%] Built target test_package
[9.950s] [ 75%] Built target test_package__py
[9.999s] [35m[1mConsolidate compiler generated dependencies of target test_package__rosidl_generator_py[0m
[10.063s] [ 80%] Built target test_package__rosidl_generator_py
[10.112s] [35m[1mConsolidate compiler generated dependencies of target test_package__rosidl_typesupport_fastrtps_c__pyext[0m
[10.179s] [ 85%] Built target test_package__rosidl_typesupport_fastrtps_c__pyext
[10.226s] [35m[1mConsolidate compiler generated dependencies of target test_package__rosidl_typesupport_introspection_c__pyext[0m
[10.291s] [ 90%] Built target test_package__rosidl_typesupport_introspection_c__pyext
[10.338s] [35m[1mConsolidate compiler generated dependencies of target test_package__rosidl_typesupport_c__pyext[0m
[10.403s] [ 95%] Built target test_package__rosidl_typesupport_c__pyext
[10.809s] running egg_info
[10.812s] writing test_package.egg-info/PKG-INFO
[10.814s] writing dependency_links to test_package.egg-info/dependency_links.txt
[10.815s] writing top-level names to test_package.egg-info/top_level.txt
[10.826s] reading manifest file 'test_package.egg-info/SOURCES.txt'
[10.829s] writing manifest file 'test_package.egg-info/SOURCES.txt'
[10.967s] [ 95%] Built target ament_cmake_python_build_test_package_egg
[12.117s] [01m[K/home/curry/wilson_proj/ros2-rover-ws/src/test_package/src/Action_server_node.cpp:10:10:[m[K [01;31m[Kfatal error: [m[Kaction_tutorials_cpp/visibility_control.h: No such file or directory
[12.118s]    10 | #include [01;31m[K"action_tutorials_cpp/visibility_control.h"[m[K
[12.118s]       |          [01;31m[K^~~~~~~~~~~~~~~~~~~~~~~~~~~~~~~~~~~~~~~~~~~[m[K
[12.119s] compilation terminated.
[12.128s] gmake[2]: *** [CMakeFiles/action_server.dir/build.make:76: CMakeFiles/action_server.dir/src/Action_server_node.cpp.o] Error 1
[12.129s] gmake[1]: *** [CMakeFiles/Makefile2:630: CMakeFiles/action_server.dir/all] Error 2
[12.130s] gmake[1]: *** Waiting for unfinished jobs....
[24.231s] [ 97%] [32m[1mLinking CXX executable action_server_node[0m
[24.898s] [ 97%] Built target action_server_node
[24.902s] gmake: *** [Makefile:146: all] Error 2
[24.909s] Invoked command in '/home/curry/wilson_proj/ros2-rover-ws/build/test_package' returned '2': CMAKE_PREFIX_PATH=${CMAKE_PREFIX_PATH}:/opt/ros/iron /usr/bin/cmake --build /home/curry/wilson_proj/ros2-rover-ws/build/test_package -- -j4 -l4
