[0.113s] Invoking command in '/home/curry/wilson_proj/ros2-rover-ws/build/package_rover_control': CMAKE_PREFIX_PATH=${CMAKE_PREFIX_PATH}:/opt/ros/humble /usr/bin/cmake --build /home/curry/wilson_proj/ros2-rover-ws/build/package_rover_control -- -j4 -l4
[0.488s] [35m[1mConsolidate compiler generated dependencies of target node_rovercontrol[0m
[0.490s] [ 33%] Built target motorcontrol
[0.548s] [ 66%] Built target node_motor_control
[0.664s] [ 83%] [32mBuilding CXX object CMakeFiles/node_rovercontrol.dir/src/node_rover_control_a.cpp.o[0m
[10.816s] [01m[K/home/curry/wilson_proj/ros2-rover-ws/src/package_rover_control/src/node_rover_control_a.cpp:124:38:[m[K [01;31m[Kerror: [m[Kâ€˜[01m[KUint16[m[Kâ€™ is not a member of â€˜[01m[Kstd_msgs::msg[m[Kâ€™; did you mean â€˜[01m[KUInt16[m[Kâ€™?
[10.816s]   124 |     rclcpp::Publisher<std_msgs::msg::[01;31m[KUint16[m[K>::SharedPtr topic_rocon_bDr_pub_;
[10.817s]       |                                      [01;31m[K^~~~~~[m[K
[10.817s]       |                                      [32m[KUInt16[m[K
[10.817s] [01m[K/home/curry/wilson_proj/ros2-rover-ws/src/package_rover_control/src/node_rover_control_a.cpp:124:44:[m[K [01;31m[Kerror: [m[Ktemplate argument 1 is invalid
[10.817s]   124 |     rclcpp::Publisher<std_msgs::msg::Uint16[01;31m[K>[m[K::SharedPtr topic_rocon_bDr_pub_;
[10.818s]       |                                            [01;31m[K^[m[K
[10.818s] [01m[K/home/curry/wilson_proj/ros2-rover-ws/src/package_rover_control/src/node_rover_control_a.cpp:124:47:[m[K [01;31m[Kerror: [m[Kexpected â€˜[01m[K;[m[Kâ€™ at end of member declaration
[10.818s]   124 |     rclcpp::Publisher<std_msgs::msg::Uint16>::[01;31m[KSharedPtr[m[K topic_rocon_bDr_pub_;
[10.819s]       |                                               [01;31m[K^~~~~~~~~[m[K
[10.819s]       |                                                        [32m[K;[m[K
[10.827s] [01m[K/home/curry/wilson_proj/ros2-rover-ws/src/package_rover_control/src/node_rover_control_a.cpp:124:57:[m[K [01;31m[Kerror: [m[Kâ€˜[01m[Ktopic_rocon_bDr_pub_[m[Kâ€™ does not name a type
[10.828s]   124 |     rclcpp::Publisher<std_msgs::msg::Uint16>::SharedPtr [01;31m[Ktopic_rocon_bDr_pub_[m[K;
[10.828s]       |                                                         [01;31m[K^~~~~~~~~~~~~~~~~~~~[m[K
[10.894s] [01m[K/home/curry/wilson_proj/ros2-rover-ws/src/package_rover_control/src/node_rover_control_a.cpp:[m[K In constructor â€˜[01m[KNode_Rovercontrol::Node_Rovercontrol()[m[Kâ€™:
[10.894s] [01m[K/home/curry/wilson_proj/ros2-rover-ws/src/package_rover_control/src/node_rover_control_a.cpp:41:9:[m[K [01;31m[Kerror: [m[Kâ€˜[01m[Ktopic_rocon_bDr_pub_[m[Kâ€™ was not declared in this scope; did you mean â€˜[01m[Ktopic_rocon_fDr_pub_[m[Kâ€™?
[10.895s]    41 |         [01;31m[Ktopic_rocon_bDr_pub_[m[K = this->create_publisher<std_msgs::msg::UInt16>("pub_rocon_Bdirec", 10);
[10.895s]       |         [01;31m[K^~~~~~~~~~~~~~~~~~~~[m[K
[10.895s]       |         [32m[Ktopic_rocon_fDr_pub_[m[K
[10.971s] [01m[K/home/curry/wilson_proj/ros2-rover-ws/src/package_rover_control/src/node_rover_control_a.cpp:[m[K In member function â€˜[01m[Kvoid Node_Rovercontrol::timer_callback()[m[Kâ€™:
[10.971s] [01m[K/home/curry/wilson_proj/ros2-rover-ws/src/package_rover_control/src/node_rover_control_a.cpp:109:9:[m[K [01;31m[Kerror: [m[Kâ€˜[01m[Ktopic_rocon_bDr_pub_[m[Kâ€™ was not declared in this scope; did you mean â€˜[01m[Ktopic_rocon_fDr_pub_[m[Kâ€™?
[10.972s]   109 |         [01;31m[Ktopic_rocon_bDr_pub_[m[K->publish(rocon_bDr_msg);
[10.972s]       |         [01;31m[K^~~~~~~~~~~~~~~~~~~~[m[K
[10.973s]       |         [32m[Ktopic_rocon_fDr_pub_[m[K
[23.004s] gmake[2]: *** [CMakeFiles/node_rovercontrol.dir/build.make:76: CMakeFiles/node_rovercontrol.dir/src/node_rover_control_a.cpp.o] Error 1
[23.005s] gmake[1]: *** [CMakeFiles/Makefile2:193: CMakeFiles/node_rovercontrol.dir/all] Error 2
[23.006s] gmake: *** [Makefile:146: all] Error 2
[23.012s] Invoked command in '/home/curry/wilson_proj/ros2-rover-ws/build/package_rover_control' returned '2': CMAKE_PREFIX_PATH=${CMAKE_PREFIX_PATH}:/opt/ros/humble /usr/bin/cmake --build /home/curry/wilson_proj/ros2-rover-ws/build/package_rover_control -- -j4 -l4
