[0.057s] Invoking command in '/home/curry/wilson_proj/ros2-rover-ws/build/package_position_process': AMENT_PREFIX_PATH=/home/curry/wilson_proj/ros2-rover-ws/install/msgs_positions:${AMENT_PREFIX_PATH} CMAKE_PREFIX_PATH=/home/curry/wilson_proj/ros2-rover-ws/install/msgs_positions:/opt/ros/humble LD_LIBRARY_PATH=/home/curry/wilson_proj/ros2-rover-ws/install/msgs_positions/lib:${LD_LIBRARY_PATH} PYTHONPATH=/home/curry/wilson_proj/ros2-rover-ws/install/msgs_positions/local/lib/python3.10/dist-packages:${PYTHONPATH} /usr/bin/cmake --build /home/curry/wilson_proj/ros2-rover-ws/build/package_position_process -- -j4 -l4
[0.274s] [35m[1mConsolidate compiler generated dependencies of target node_position_process[0m
[0.347s] [ 50%] Built target node_gnss
[0.376s] [ 75%] [32mBuilding CXX object CMakeFiles/node_position_process.dir/src/node_pose_proc.cpp.o[0m
[2.079s] [01m[K/home/curry/wilson_proj/ros2-rover-ws/src/package_position_process/src/node_pose_proc.cpp:73:2:[m[K [01;31m[Kerror: [m[Kunterminated argument list invoking macro "RCLCPP_INFO"
[2.079s]    73 | }
[2.080s]       |  [01;31m[K^[m[K
[10.408s] [01m[K/home/curry/wilson_proj/ros2-rover-ws/src/package_position_process/src/node_pose_proc.cpp:40:28:[m[K [01;31m[Kerror: [m[Kexpected â€˜[01m[K}[m[Kâ€™ at end of input
[10.409s]    40 |                 RCLCPP_INFO[01;31m[K([m[Kthis->get_logger(), "Received on topic_destination: a = %.2f, b = %.2f", destination_a_, destination_b_;
[10.409s]       |                            [01;31m[K^[m[K
[10.410s] [01m[K/home/curry/wilson_proj/ros2-rover-ws/src/package_position_process/src/node_pose_proc.cpp:7:43:[m[K [01;36m[Knote: [m[Kto match this â€˜[01m[K{[m[Kâ€™
[10.410s]     7 | class PoseProcessor : public rclcpp::Node [01;36m[K{[m[K
[10.410s]       |                                           [01;36m[K^[m[K
[10.440s] [01m[K/home/curry/wilson_proj/ros2-rover-ws/src/package_position_process/src/node_pose_proc.cpp:[m[K In constructor â€˜[01m[KPoseProcessor::PoseProcessor()[m[Kâ€™:
[10.441s] [01m[K/home/curry/wilson_proj/ros2-rover-ws/src/package_position_process/src/node_pose_proc.cpp:16:39:[m[K [01;31m[Kerror: [m[Kâ€˜[01m[Ktopic_cur_callback[m[Kâ€™ is not a member of â€˜[01m[KPoseProcessor[m[Kâ€™
[10.441s]    16 |             std::bind(&PoseProcessor::[01;31m[Ktopic_cur_callback[m[K, this, std::placeholders::_1)
[10.441s]       |                                       [01;31m[K^~~~~~~~~~~~~~~~~~[m[K
[10.477s] [01m[K/home/curry/wilson_proj/ros2-rover-ws/src/package_position_process/src/node_pose_proc.cpp:[m[K In member function â€˜[01m[Kvoid PoseProcessor::topic_des_callback(std_msgs::msg::Float32MultiArray_<std::allocator<void> >::SharedPtr)[m[Kâ€™:
[10.478s] [01m[K/home/curry/wilson_proj/ros2-rover-ws/src/package_position_process/src/node_pose_proc.cpp:37:17:[m[K [01;31m[Kerror: [m[Kâ€˜[01m[Kdestination_a_[m[Kâ€™ was not declared in this scope
[10.478s]    37 |             if ([01;31m[Kdestination_a_[m[K != msg->data[0] || destination_b_ != msg->data[1] ){
[10.478s]       |                 [01;31m[K^~~~~~~~~~~~~~[m[K
[10.505s] [01m[K/home/curry/wilson_proj/ros2-rover-ws/src/package_position_process/src/node_pose_proc.cpp:37:51:[m[K [01;31m[Kerror: [m[Kâ€˜[01m[Kdestination_b_[m[Kâ€™ was not declared in this scope
[10.506s]    37 |             if (destination_a_ != msg->data[0] || [01;31m[Kdestination_b_[m[K != msg->data[1] ){
[10.506s]       |                                                   [01;31m[K^~~~~~~~~~~~~~[m[K
[10.530s] [01m[K/home/curry/wilson_proj/ros2-rover-ws/src/package_position_process/src/node_pose_proc.cpp:40:17:[m[K [01;31m[Kerror: [m[Kâ€˜[01m[KRCLCPP_INFO[m[Kâ€™ was not declared in this scope
[10.531s]    40 |                 [01;31m[KRCLCPP_INFO[m[K(this->get_logger(), "Received on topic_destination: a = %.2f, b = %.2f", destination_a_, destination_b_;
[10.531s]       |                 [01;31m[K^~~~~~~~~~~[m[K
[10.532s] [01m[K/home/curry/wilson_proj/ros2-rover-ws/src/package_position_process/src/node_pose_proc.cpp:40:28:[m[K [01;31m[Kerror: [m[Kexpected â€˜[01m[K}[m[Kâ€™ at end of input
[10.532s]    40 |                 RCLCPP_INFO[01;31m[K([m[Kthis->get_logger(), "Received on topic_destination: a = %.2f, b = %.2f", destination_a_, destination_b_;
[10.532s]       |                            [01;31m[K^[m[K
[10.533s] [01m[K/home/curry/wilson_proj/ros2-rover-ws/src/package_position_process/src/node_pose_proc.cpp:37:83:[m[K [01;36m[Knote: [m[Kto match this â€˜[01m[K{[m[Kâ€™
[10.533s]    37 |             if (destination_a_ != msg->data[0] || destination_b_ != msg->data[1] )[01;36m[K{[m[K
[10.533s]       |                                                                                   [01;36m[K^[m[K
[10.534s] [01m[K/home/curry/wilson_proj/ros2-rover-ws/src/package_position_process/src/node_pose_proc.cpp:40:28:[m[K [01;31m[Kerror: [m[Kexpected â€˜[01m[K}[m[Kâ€™ at end of input
[10.534s]    40 |                 RCLCPP_INFO[01;31m[K([m[Kthis->get_logger(), "Received on topic_destination: a = %.2f, b = %.2f", destination_a_, destination_b_;
[10.534s]       |                            [01;31m[K^[m[K
[10.535s] [01m[K/home/curry/wilson_proj/ros2-rover-ws/src/package_position_process/src/node_pose_proc.cpp:36:34:[m[K [01;36m[Knote: [m[Kto match this â€˜[01m[K{[m[Kâ€™
[10.535s]    36 |         if (msg->data.size()>=3) [01;36m[K{[m[K
[10.535s]       |                                  [01;36m[K^[m[K
[10.536s] [01m[K/home/curry/wilson_proj/ros2-rover-ws/src/package_position_process/src/node_pose_proc.cpp:40:28:[m[K [01;31m[Kerror: [m[Kexpected â€˜[01m[K}[m[Kâ€™ at end of input
[10.536s]    40 |                 RCLCPP_INFO[01;31m[K([m[Kthis->get_logger(), "Received on topic_destination: a = %.2f, b = %.2f", destination_a_, destination_b_;
[10.537s]       |                            [01;31m[K^[m[K
[10.537s] [01m[K/home/curry/wilson_proj/ros2-rover-ws/src/package_position_process/src/node_pose_proc.cpp:35:83:[m[K [01;36m[Knote: [m[Kto match this â€˜[01m[K{[m[Kâ€™
[10.537s]    35 |     void topic_des_callback(const std_msgs::msg::Float32MultiArray::SharedPtr msg)[01;36m[K{[m[K
[10.537s]       |                                                                                   [01;36m[K^[m[K
[10.538s] [01m[K/home/curry/wilson_proj/ros2-rover-ws/src/package_position_process/src/node_pose_proc.cpp:[m[K At global scope:
[10.538s] [01m[K/home/curry/wilson_proj/ros2-rover-ws/src/package_position_process/src/node_pose_proc.cpp:40:28:[m[K [01;31m[Kerror: [m[Kexpected unqualified-id at end of input
[10.538s]    40 |                 RCLCPP_INFO[01;31m[K([m[Kthis->get_logger(), "Received on topic_destination: a = %.2f, b = %.2f", destination_a_, destination_b_;
[10.539s]       |                            [01;31m[K^[m[K
[18.106s] gmake[2]: *** [CMakeFiles/node_position_process.dir/build.make:76: CMakeFiles/node_position_process.dir/src/node_pose_proc.cpp.o] Error 1
[18.107s] gmake[1]: *** [CMakeFiles/Makefile2:165: CMakeFiles/node_position_process.dir/all] Error 2
[18.107s] gmake: *** [Makefile:146: all] Error 2
[18.114s] Invoked command in '/home/curry/wilson_proj/ros2-rover-ws/build/package_position_process' returned '2': AMENT_PREFIX_PATH=/home/curry/wilson_proj/ros2-rover-ws/install/msgs_positions:${AMENT_PREFIX_PATH} CMAKE_PREFIX_PATH=/home/curry/wilson_proj/ros2-rover-ws/install/msgs_positions:/opt/ros/humble LD_LIBRARY_PATH=/home/curry/wilson_proj/ros2-rover-ws/install/msgs_positions/lib:${LD_LIBRARY_PATH} PYTHONPATH=/home/curry/wilson_proj/ros2-rover-ws/install/msgs_positions/local/lib/python3.10/dist-packages:${PYTHONPATH} /usr/bin/cmake --build /home/curry/wilson_proj/ros2-rover-ws/build/package_position_process -- -j4 -l4
