[01m[K/home/curry/wilson_proj/ros2-rover-ws/src/package_rover_control/src/node_motor_control.cpp:8:10:[m[K [01;31m[Kfatal error: [m[Kpackage_actions/action/rovercontrol.hpp: No such file or directory
    8 | #include [01;31m[K"package_actions/action/rovercontrol.hpp"[m[K
      |          [01;31m[K^~~~~~~~~~~~~~~~~~~~~~~~~~~~~~~~~~~~~~~~~[m[K
compilation terminated.
gmake[2]: *** [CMakeFiles/motorcontrol.dir/build.make:76: CMakeFiles/motorcontrol.dir/src/node_motor_control.cpp.o] Error 1
gmake[1]: *** [CMakeFiles/Makefile2:139: CMakeFiles/motorcontrol.dir/all] Error 2
gmake[1]: *** Waiting for unfinished jobs....
gmake: *** [Makefile:146: all] Error 2
