[0.072s] Invoking command in '/home/curry/wilson_proj/ros2-rover-ws/build/package_rover_control': CMAKE_PREFIX_PATH=${CMAKE_PREFIX_PATH}:/opt/ros/iron /usr/bin/cmake /home/curry/wilson_proj/ros2-rover-ws/src/package_rover_control -DCMAKE_INSTALL_PREFIX=/home/curry/wilson_proj/ros2-rover-ws/install/package_rover_control
[0.363s] -- The C compiler identification is GNU 11.4.0
[0.664s] -- The CXX compiler identification is GNU 11.4.0
[0.694s] -- Detecting C compiler ABI info
[1.052s] -- Detecting C compiler ABI info - done
[1.079s] -- Check for working C compiler: /usr/bin/cc - skipped
[1.082s] -- Detecting C compile features
[1.083s] -- Detecting C compile features - done
[1.094s] -- Detecting CXX compiler ABI info
[1.497s] -- Detecting CXX compiler ABI info - done
[1.526s] -- Check for working CXX compiler: /usr/bin/c++ - skipped
[1.527s] -- Detecting CXX compile features
[1.529s] -- Detecting CXX compile features - done
[1.555s] -- Found ament_cmake: 2.0.6 (/opt/ros/iron/share/ament_cmake/cmake)
[2.646s] -- Found Python3: /usr/bin/python3.10 (found version "3.10.12") found components: Interpreter 
[3.302s] -- Found rclcpp: 21.0.7 (/opt/ros/iron/share/rclcpp/cmake)
[3.704s] -- Found rosidl_generator_c: 4.0.1 (/opt/ros/iron/share/rosidl_generator_c/cmake)
[3.789s] -- Found rosidl_generator_cpp: 4.0.1 (/opt/ros/iron/share/rosidl_generator_cpp/cmake)
[3.906s] -- Using all available rosidl_typesupport_c: rosidl_typesupport_fastrtps_c;rosidl_typesupport_introspection_c
[4.038s] -- Using all available rosidl_typesupport_cpp: rosidl_typesupport_fastrtps_cpp;rosidl_typesupport_introspection_cpp
[4.866s] -- Found rmw_implementation_cmake: 7.1.0 (/opt/ros/iron/share/rmw_implementation_cmake/cmake)
[4.889s] -- Found rmw_fastrtps_cpp: 7.1.4 (/opt/ros/iron/share/rmw_fastrtps_cpp/cmake)
[5.538s] -- Found OpenSSL: /usr/lib/aarch64-linux-gnu/libcrypto.so (found version "3.0.2")  
[5.791s] -- Found FastRTPS: /opt/ros/iron/include  
[6.215s] -- Using RMW implementation 'rmw_fastrtps_cpp' as default
[6.928s] -- Found rclcpp_action: 21.0.7 (/opt/ros/iron/share/rclcpp_action/cmake)
[7.483s] -- Found rclcpp_components: 21.0.7 (/opt/ros/iron/share/rclcpp_components/cmake)
[7.968s] -- Found std_srvs: 5.0.1 (/opt/ros/iron/share/std_srvs/cmake)
[8.425s] -- Configuring done
[8.506s] -- Generating done
[8.514s] -- Build files have been written to: /home/curry/wilson_proj/ros2-rover-ws/build/package_rover_control
[8.554s] Invoked command in '/home/curry/wilson_proj/ros2-rover-ws/build/package_rover_control' returned '0': CMAKE_PREFIX_PATH=${CMAKE_PREFIX_PATH}:/opt/ros/iron /usr/bin/cmake /home/curry/wilson_proj/ros2-rover-ws/src/package_rover_control -DCMAKE_INSTALL_PREFIX=/home/curry/wilson_proj/ros2-rover-ws/install/package_rover_control
[8.561s] Invoking command in '/home/curry/wilson_proj/ros2-rover-ws/build/package_rover_control': CMAKE_PREFIX_PATH=${CMAKE_PREFIX_PATH}:/opt/ros/iron /usr/bin/cmake --build /home/curry/wilson_proj/ros2-rover-ws/build/package_rover_control -- -j4 -l4
[8.778s] [ 50%] [32mBuilding CXX object CMakeFiles/node_motor_control.dir/rclcpp_components/node_main_node_motor_control.cpp.o[0m
[8.779s] [ 50%] [32mBuilding CXX object CMakeFiles/motorcontrol.dir/src/node_motor_control.cpp.o[0m
[10.719s] [01m[K/home/curry/wilson_proj/ros2-rover-ws/src/package_rover_control/src/node_motor_control.cpp:8:10:[m[K [01;31m[Kfatal error: [m[Kpackage_actions/action/rovercontrol.hpp: No such file or directory
[10.719s]     8 | #include [01;31m[K"package_actions/action/rovercontrol.hpp"[m[K
[10.720s]       |          [01;31m[K^~~~~~~~~~~~~~~~~~~~~~~~~~~~~~~~~~~~~~~~~[m[K
[10.721s] compilation terminated.
[10.731s] gmake[2]: *** [CMakeFiles/motorcontrol.dir/build.make:76: CMakeFiles/motorcontrol.dir/src/node_motor_control.cpp.o] Error 1
[10.732s] gmake[1]: *** [CMakeFiles/Makefile2:139: CMakeFiles/motorcontrol.dir/all] Error 2
[10.732s] gmake[1]: *** Waiting for unfinished jobs....
[23.568s] [ 75%] [32m[1mLinking CXX executable node_motor_control[0m
[24.236s] [ 75%] Built target node_motor_control
[24.239s] gmake: *** [Makefile:146: all] Error 2
[24.245s] Invoked command in '/home/curry/wilson_proj/ros2-rover-ws/build/package_rover_control' returned '2': CMAKE_PREFIX_PATH=${CMAKE_PREFIX_PATH}:/opt/ros/iron /usr/bin/cmake --build /home/curry/wilson_proj/ros2-rover-ws/build/package_rover_control -- -j4 -l4
