[0.000000] (-) TimerEvent: {}
[0.000524] (test_package) JobQueued: {'identifier': 'test_package', 'dependencies': OrderedDict()}
[0.000642] (test_package) JobStarted: {'identifier': 'test_package'}
[0.008237] (test_package) JobProgress: {'identifier': 'test_package', 'progress': 'cmake'}
[0.008900] (test_package) JobProgress: {'identifier': 'test_package', 'progress': 'build'}
[0.009577] (test_package) Command: {'cmd': ['/usr/bin/cmake', '--build', '/home/yupi/rover_proj/ros2-base-ws/build/test_package', '--', '-j4', '-l4'], 'cwd': '/home/yupi/rover_proj/ros2-base-ws/build/test_package', 'env': OrderedDict([('LESSOPEN', '| /usr/bin/lesspipe %s'), ('USER', 'yupi'), ('SSH_CLIENT', '172.30.0.82 62706 22'), ('LC_TIME', 'th_TH.UTF-8'), ('XDG_SESSION_TYPE', 'tty'), ('SHLVL', '1'), ('LD_LIBRARY_PATH', '/home/yupi/rover_proj/ros2-base-ws/install/test_package/lib:/opt/ros/humble/opt/rviz_ogre_vendor/lib:/opt/ros/humble/lib/x86_64-linux-gnu:/opt/ros/humble/lib'), ('MOTD_SHOWN', 'pam'), ('HOME', '/home/yupi'), ('OLDPWD', '/home/yupi/rover_proj'), ('SSH_TTY', '/dev/pts/1'), ('ROS_PYTHON_VERSION', '3'), ('LC_MONETARY', 'th_TH.UTF-8'), ('DBUS_SESSION_BUS_ADDRESS', 'unix:path=/run/user/1000/bus'), ('COLCON_PREFIX_PATH', '/home/yupi/rover_proj/ros2-base-ws/install:/home/yupi/rover_proj/mros2-host-examples-main/install'), ('ROS_DISTRO', 'humble'), ('LOGNAME', 'yupi'), ('_', '/usr/bin/colcon'), ('ROS_VERSION', '2'), ('XDG_SESSION_CLASS', 'user'), ('TERM', 'xterm-256color'), ('XDG_SESSION_ID', '2482'), ('ROS_LOCALHOST_ONLY', '0'), ('PATH', '/home/yupi/.local/bin:/opt/ros/humble/bin:/usr/local/sbin:/usr/local/bin:/usr/sbin:/usr/bin:/sbin:/bin:/usr/games:/usr/local/games:/snap/bin'), ('LC_ADDRESS', 'th_TH.UTF-8'), ('XDG_RUNTIME_DIR', '/run/user/1000'), ('LANG', 'en_US.UTF-8'), ('LC_TELEPHONE', 'th_TH.UTF-8'), ('LS_COLORS', 'rs=0:di=01;34:ln=01;36:mh=00:pi=40;33:so=01;35:do=01;35:bd=40;33;01:cd=40;33;01:or=40;31;01:mi=00:su=37;41:sg=30;43:ca=30;41:tw=30;42:ow=34;42:st=37;44:ex=01;32:*.tar=01;31:*.tgz=01;31:*.arc=01;31:*.arj=01;31:*.taz=01;31:*.lha=01;31:*.lz4=01;31:*.lzh=01;31:*.lzma=01;31:*.tlz=01;31:*.txz=01;31:*.tzo=01;31:*.t7z=01;31:*.zip=01;31:*.z=01;31:*.dz=01;31:*.gz=01;31:*.lrz=01;31:*.lz=01;31:*.lzo=01;31:*.xz=01;31:*.zst=01;31:*.tzst=01;31:*.bz2=01;31:*.bz=01;31:*.tbz=01;31:*.tbz2=01;31:*.tz=01;31:*.deb=01;31:*.rpm=01;31:*.jar=01;31:*.war=01;31:*.ear=01;31:*.sar=01;31:*.rar=01;31:*.alz=01;31:*.ace=01;31:*.zoo=01;31:*.cpio=01;31:*.7z=01;31:*.rz=01;31:*.cab=01;31:*.wim=01;31:*.swm=01;31:*.dwm=01;31:*.esd=01;31:*.jpg=01;35:*.jpeg=01;35:*.mjpg=01;35:*.mjpeg=01;35:*.gif=01;35:*.bmp=01;35:*.pbm=01;35:*.pgm=01;35:*.ppm=01;35:*.tga=01;35:*.xbm=01;35:*.xpm=01;35:*.tif=01;35:*.tiff=01;35:*.png=01;35:*.svg=01;35:*.svgz=01;35:*.mng=01;35:*.pcx=01;35:*.mov=01;35:*.mpg=01;35:*.mpeg=01;35:*.m2v=01;35:*.mkv=01;35:*.webm=01;35:*.webp=01;35:*.ogm=01;35:*.mp4=01;35:*.m4v=01;35:*.mp4v=01;35:*.vob=01;35:*.qt=01;35:*.nuv=01;35:*.wmv=01;35:*.asf=01;35:*.rm=01;35:*.rmvb=01;35:*.flc=01;35:*.avi=01;35:*.fli=01;35:*.flv=01;35:*.gl=01;35:*.dl=01;35:*.xcf=01;35:*.xwd=01;35:*.yuv=01;35:*.cgm=01;35:*.emf=01;35:*.ogv=01;35:*.ogx=01;35:*.aac=00;36:*.au=00;36:*.flac=00;36:*.m4a=00;36:*.mid=00;36:*.midi=00;36:*.mka=00;36:*.mp3=00;36:*.mpc=00;36:*.ogg=00;36:*.ra=00;36:*.wav=00;36:*.oga=00;36:*.opus=00;36:*.spx=00;36:*.xspf=00;36:'), ('ROS_DOMAIN_ID', '10'), ('AMENT_PREFIX_PATH', '/home/yupi/rover_proj/ros2-base-ws/install/test_package:/home/yupi/rover_proj/mros2-host-examples-main/install/mros2_sub_twist:/home/yupi/rover_proj/mros2-host-examples-main/install/mros2_sub_long_string_pub_crc:/home/yupi/rover_proj/mros2-host-examples-main/install/mros2_sub_float32:/home/yupi/rover_proj/mros2-host-examples-main/install/mros2_pub_uint16:/home/yupi/rover_proj/mros2-host-examples-main/install/mros2_pub_pose:/home/yupi/rover_proj/mros2-host-examples-main/install/mros2_echoreply_string:/home/yupi/rover_proj/mros2-host-examples-main/install/mros2_echoback_string:/opt/ros/humble'), ('SHELL', '/bin/bash'), ('LC_NAME', 'th_TH.UTF-8'), ('LESSCLOSE', '/usr/bin/lesspipe %s %s'), ('LC_MEASUREMENT', 'th_TH.UTF-8'), ('LC_IDENTIFICATION', 'th_TH.UTF-8'), ('PWD', '/home/yupi/rover_proj/ros2-base-ws/build/test_package'), ('LC_ALL', 'en_US.UTF-8'), ('SSH_CONNECTION', '172.30.0.82 62706 172.30.81.89 22'), ('XDG_DATA_DIRS', '/usr/share/gnome:/usr/local/share:/usr/share:/var/lib/snapd/desktop'), ('PYTHONPATH', '/home/yupi/rover_proj/ros2-base-ws/install/test_package/local/lib/python3.10/dist-packages:/home/yupi/rover_proj/ros2-base-ws/install/test_package/lib/python3.10/site-packages:/opt/ros/humble/lib/python3.10/site-packages:/opt/ros/humble/local/lib/python3.10/dist-packages'), ('LC_NUMERIC', 'th_TH.UTF-8'), ('LC_PAPER', 'th_TH.UTF-8'), ('COLCON', '1'), ('CMAKE_PREFIX_PATH', '/home/yupi/rover_proj/ros2-base-ws/install/test_package:/home/yupi/rover_proj/mros2-host-examples-main/install/mros2_sub_twist:/home/yupi/rover_proj/mros2-host-examples-main/install/mros2_sub_long_string_pub_crc:/home/yupi/rover_proj/mros2-host-examples-main/install/mros2_sub_float32:/home/yupi/rover_proj/mros2-host-examples-main/install/mros2_pub_uint16:/home/yupi/rover_proj/mros2-host-examples-main/install/mros2_pub_pose:/home/yupi/rover_proj/mros2-host-examples-main/install/mros2_echoreply_string:/home/yupi/rover_proj/mros2-host-examples-main/install/mros2_echoback_string:/opt/ros/humble')]), 'shell': False}
[0.060060] (test_package) StdoutLine: {'line': b'[  2%] Built target test_package__cpp\n'}
[0.060548] (test_package) StdoutLine: {'line': b'[ 10%] Built target test_package__rosidl_generator_c\n'}
[0.066239] (test_package) StdoutLine: {'line': b'[ 16%] Built target fibonacci_action_client\n'}
[0.070138] (test_package) StdoutLine: {'line': b'[ 16%] Built target ament_cmake_python_copy_test_package\n'}
[0.082770] (test_package) StdoutLine: {'line': b'[ 24%] Built target test_package__rosidl_typesupport_cpp\n'}
[0.085410] (test_package) StdoutLine: {'line': b'[ 29%] Built target Tclient_node\n'}
[0.088989] (test_package) StdoutLine: {'line': b'[ 37%] Built target test_package__rosidl_typesupport_fastrtps_c\n'}
[0.092564] (test_package) StdoutLine: {'line': b'[ 45%] Built target test_package__rosidl_typesupport_introspection_c\n'}
[0.099707] (-) TimerEvent: {}
[0.103277] (test_package) StdoutLine: {'line': b'[ 54%] Built target test_package__rosidl_typesupport_c\n'}
[0.108313] (test_package) StdoutLine: {'line': b'[ 62%] Built target test_package__rosidl_typesupport_fastrtps_cpp\n'}
[0.111953] (test_package) StdoutLine: {'line': b'[ 70%] Built target test_package__rosidl_typesupport_introspection_cpp\n'}
[0.124802] (test_package) StdoutLine: {'line': b'\x1b[35m\x1b[1mConsolidate compiler generated dependencies of target action_client\x1b[0m\n'}
[0.132316] (test_package) StdoutLine: {'line': b'[ 70%] Built target test_package\n'}
[0.144074] (test_package) StdoutLine: {'line': b'[ 72%] \x1b[32mBuilding CXX object CMakeFiles/action_client.dir/src/Action_client_node.cpp.o\x1b[0m\n'}
[0.152772] (test_package) StdoutLine: {'line': b'[ 75%] Built target test_package__py\n'}
[0.174353] (test_package) StdoutLine: {'line': b'[ 81%] Built target test_package__rosidl_generator_py\n'}
[0.196346] (test_package) StdoutLine: {'line': b'[ 91%] Built target test_package__rosidl_typesupport_fastrtps_c__pyext\n'}
[0.196530] (test_package) StdoutLine: {'line': b'[ 91%] Built target test_package__rosidl_typesupport_introspection_c__pyext\n'}
[0.199785] (-) TimerEvent: {}
[0.218265] (test_package) StdoutLine: {'line': b'[ 97%] Built target test_package__rosidl_typesupport_c__pyext\n'}
[0.299887] (-) TimerEvent: {}
[0.324825] (test_package) StdoutLine: {'line': b'running egg_info\n'}
[0.325423] (test_package) StdoutLine: {'line': b'writing test_package.egg-info/PKG-INFO\n'}
[0.325732] (test_package) StdoutLine: {'line': b'writing dependency_links to test_package.egg-info/dependency_links.txt\n'}
[0.325866] (test_package) StdoutLine: {'line': b'writing top-level names to test_package.egg-info/top_level.txt\n'}
[0.327748] (test_package) StdoutLine: {'line': b"reading manifest file 'test_package.egg-info/SOURCES.txt'\n"}
[0.328279] (test_package) StdoutLine: {'line': b"writing manifest file 'test_package.egg-info/SOURCES.txt'\n"}
[0.351135] (test_package) StdoutLine: {'line': b'[ 97%] Built target ament_cmake_python_build_test_package_egg\n'}
[0.399999] (-) TimerEvent: {}
[0.500245] (-) TimerEvent: {}
[0.600463] (-) TimerEvent: {}
[0.700707] (-) TimerEvent: {}
[0.800951] (-) TimerEvent: {}
[0.901195] (-) TimerEvent: {}
[1.001439] (-) TimerEvent: {}
[1.101681] (-) TimerEvent: {}
[1.201925] (-) TimerEvent: {}
[1.302168] (-) TimerEvent: {}
[1.402414] (-) TimerEvent: {}
[1.502636] (-) TimerEvent: {}
[1.602881] (-) TimerEvent: {}
[1.703125] (-) TimerEvent: {}
[1.803367] (-) TimerEvent: {}
[1.903612] (-) TimerEvent: {}
[2.003859] (-) TimerEvent: {}
[2.104107] (-) TimerEvent: {}
[2.204350] (-) TimerEvent: {}
[2.304594] (-) TimerEvent: {}
[2.367959] (test_package) StderrLine: {'line': b'\x1b[01m\x1b[K/home/yupi/rover_proj/ros2-base-ws/src/test_package/src/Action_client_node.cpp:\x1b[m\x1b[K In lambda function:\n'}
[2.368113] (test_package) StderrLine: {'line': b'\x1b[01m\x1b[K/home/yupi/rover_proj/ros2-base-ws/src/test_package/src/Action_client_node.cpp:54:38:\x1b[m\x1b[K \x1b[01;31m\x1b[Kerror: \x1b[m\x1b[Kcannot convert \xe2\x80\x98\x1b[01m\x1b[Kstd::shared_ptr<rclcpp_action::ClientGoalHandle<test_package::action::Fibonacci> >\x1b[m\x1b[K\xe2\x80\x99 to \xe2\x80\x98\x1b[01m\x1b[Kstd::shared_future<std::shared_ptr<rclcpp_action::ClientGoalHandle<test_package::action::Fibonacci> > >\x1b[m\x1b[K\xe2\x80\x99\n'}
[2.368185] (test_package) StderrLine: {'line': b'   54 |         this->goal_response_callback(\x1b[01;31m\x1b[Kgoal_handle\x1b[m\x1b[K);\n'}
[2.368245] (test_package) StderrLine: {'line': b'      |                                      \x1b[01;31m\x1b[K^~~~~~~~~~~\x1b[m\x1b[K\n'}
[2.368301] (test_package) StderrLine: {'line': b'      |                                      \x1b[01;31m\x1b[K|\x1b[m\x1b[K\n'}
[2.368373] (test_package) StderrLine: {'line': b'      |                                      \x1b[01;31m\x1b[Kstd::shared_ptr<rclcpp_action::ClientGoalHandle<test_package::action::Fibonacci> >\x1b[m\x1b[K\n'}
[2.368646] (test_package) StderrLine: {'line': b'\x1b[01m\x1b[K/home/yupi/rover_proj/ros2-base-ws/src/test_package/src/Action_client_node.cpp:82:82:\x1b[m\x1b[K \x1b[01;36m\x1b[Knote: \x1b[m\x1b[K  initializing argument 1 of \xe2\x80\x98\x1b[01m\x1b[Kvoid action_tutorials_cpp::FibonacciActionClient::goal_response_callback(std::shared_future<std::shared_ptr<rclcpp_action::ClientGoalHandle<test_package::action::Fibonacci> > >)\x1b[m\x1b[K\xe2\x80\x99\n'}
[2.368721] (test_package) StderrLine: {'line': b'   82 |   void goal_response_callback(\x1b[01;36m\x1b[Kstd::shared_future<GoalHandleFibonacci::SharedPtr> future\x1b[m\x1b[K)\n'}
[2.368827] (test_package) StderrLine: {'line': b'      |                               \x1b[01;36m\x1b[K~~~~~~~~~~~~~~~~~~~~~~~~~~~~~~~~~~~~~~~~~~~~~~~~~~~^~~~~~\x1b[m\x1b[K\n'}
[2.369148] (test_package) StderrLine: {'line': b'\x1b[01m\x1b[K/home/yupi/rover_proj/ros2-base-ws/src/test_package/src/Action_client_node.cpp:\x1b[m\x1b[K In member function \xe2\x80\x98\x1b[01m\x1b[Kvoid action_tutorials_cpp::FibonacciActionClient::send_goal()\x1b[m\x1b[K\xe2\x80\x99:\n'}
[2.369221] (test_package) StderrLine: {'line': b'\x1b[01m\x1b[K/home/yupi/rover_proj/ros2-base-ws/src/test_package/src/Action_client_node.cpp:55:5:\x1b[m\x1b[K \x1b[01;31m\x1b[Kerror: \x1b[m\x1b[Kno match for \xe2\x80\x98\x1b[01m\x1b[Koperator=\x1b[m\x1b[K\xe2\x80\x99 (operand types are \xe2\x80\x98\x1b[01m\x1b[Krclcpp_action::Client<test_package::action::Fibonacci>::GoalResponseCallback\x1b[m\x1b[K\xe2\x80\x99 {aka \xe2\x80\x98\x1b[01m\x1b[Kstd::function<void(std::shared_ptr<rclcpp_action::ClientGoalHandle<test_package::action::Fibonacci> >)>\x1b[m\x1b[K\xe2\x80\x99} and \xe2\x80\x98\x1b[01m\x1b[Kaction_tutorials_cpp::FibonacciActionClient::send_goal()::<lambda(std::shared_future<std::shared_ptr<rclcpp_action::ClientGoalHandle<test_package::action::Fibonacci> > >)>\x1b[m\x1b[K\xe2\x80\x99)\n'}
[2.369301] (test_package) StderrLine: {'line': b'   55 |     \x1b[01;31m\x1b[K}\x1b[m\x1b[K;\n'}
[2.369363] (test_package) StderrLine: {'line': b'      |     \x1b[01;31m\x1b[K^\x1b[m\x1b[K\n'}
[2.369418] (test_package) StderrLine: {'line': b'In file included from \x1b[01m\x1b[K/usr/include/c++/11/functional:59\x1b[m\x1b[K,\n'}
[2.369473] (test_package) StderrLine: {'line': b'                 from \x1b[01m\x1b[K/home/yupi/rover_proj/ros2-base-ws/src/test_package/src/Action_client_node.cpp:1\x1b[m\x1b[K:\n'}
[2.369529] (test_package) StderrLine: {'line': b'\x1b[01m\x1b[K/usr/include/c++/11/bits/std_function.h:530:9:\x1b[m\x1b[K \x1b[01;36m\x1b[Knote: \x1b[m\x1b[Kcandidate: \xe2\x80\x98\x1b[01m\x1b[Ktemplate<class _Functor> std::function<_Res(_ArgTypes ...)>::_Requires<std::function<_Res(_ArgTypes ...)>::_Callable<_Functor>, std::function<_Res(_ArgTypes ...)>&> std::function<_Res(_ArgTypes ...)>::operator=(_Functor&&) [with _Functor = _Functor; _Res = void; _ArgTypes = {std::shared_ptr<rclcpp_action::ClientGoalHandle<test_package::action::Fibonacci> >}]\x1b[m\x1b[K\xe2\x80\x99\n'}
[2.369598] (test_package) StderrLine: {'line': b'  530 |         \x1b[01;36m\x1b[Koperator\x1b[m\x1b[K=(_Functor&& __f)\n'}
[2.369654] (test_package) StderrLine: {'line': b'      |         \x1b[01;36m\x1b[K^~~~~~~~\x1b[m\x1b[K\n'}
[2.369708] (test_package) StderrLine: {'line': b'\x1b[01m\x1b[K/usr/include/c++/11/bits/std_function.h:530:9:\x1b[m\x1b[K \x1b[01;36m\x1b[Knote: \x1b[m\x1b[K  template argument deduction/substitution failed:\n'}
[2.369763] (test_package) StderrLine: {'line': b'In file included from \x1b[01m\x1b[K/usr/include/c++/11/bits/move.h:57\x1b[m\x1b[K,\n'}
[2.369816] (test_package) StderrLine: {'line': b'                 from \x1b[01m\x1b[K/usr/include/c++/11/bits/stl_function.h:60\x1b[m\x1b[K,\n'}
[2.369870] (test_package) StderrLine: {'line': b'                 from \x1b[01m\x1b[K/usr/include/c++/11/functional:49\x1b[m\x1b[K,\n'}
[2.369924] (test_package) StderrLine: {'line': b'                 from \x1b[01m\x1b[K/home/yupi/rover_proj/ros2-base-ws/src/test_package/src/Action_client_node.cpp:1\x1b[m\x1b[K:\n'}
[2.369978] (test_package) StderrLine: {'line': b'/usr/include/c++/11/type_traits: In substitution of \xe2\x80\x98\x1b[01m\x1b[Ktemplate<bool _Cond, class _Tp> using __enable_if_t = typename std::enable_if::type [with bool _Cond = false; _Tp = std::function<void(std::shared_ptr<rclcpp_action::ClientGoalHandle<test_package::action::Fibonacci> >)>&]\x1b[m\x1b[K\xe2\x80\x99:\n'}
[2.370035] (test_package) StderrLine: {'line': b'\x1b[01m\x1b[K/usr/include/c++/11/bits/std_function.h:353:8:\x1b[m\x1b[K   required by substitution of \xe2\x80\x98\x1b[01m\x1b[Ktemplate<class _Res, class ... _ArgTypes> template<class _Cond, class _Tp> using _Requires = std::__enable_if_t<_Cond::value, _Tp> [with _Cond = std::function<void(std::shared_ptr<rclcpp_action::ClientGoalHandle<test_package::action::Fibonacci> >)>::_Callable<action_tutorials_cpp::FibonacciActionClient::send_goal()::<lambda(std::shared_future<std::shared_ptr<rclcpp_action::ClientGoalHandle<test_package::action::Fibonacci> > >)>, action_tutorials_cpp::FibonacciActionClient::send_goal()::<lambda(std::shared_future<std::shared_ptr<rclcpp_action::ClientGoalHandle<test_package::action::Fibonacci> > >)>, std::__invoke_result<action_tutorials_cpp::FibonacciActionClient::send_goal()::<lambda(std::shared_future<std::shared_ptr<rclcpp_action::ClientGoalHandle<test_package::action::Fibonacci> > >)>&, std::shared_ptr<rclcpp_action::ClientGoalHandle<test_package::action::Fibonacci> > > >; _Tp = std::function<void(std::shared_ptr<rclcpp_action::ClientGoalHandle<test_package::action::Fibonacci> >)>&; _Res = void; _ArgTypes = {std::shared_ptr<rclcpp_action::ClientGoalHandle<test_package::action::Fibonacci> >}]\x1b[m\x1b[K\xe2\x80\x99\n'}
[2.370106] (test_package) StderrLine: {'line': b'\x1b[01m\x1b[K/usr/include/c++/11/bits/std_function.h:530:2:\x1b[m\x1b[K   required by substitution of \xe2\x80\x98\x1b[01m\x1b[Ktemplate<class _Functor> std::function<void(std::shared_ptr<rclcpp_action::ClientGoalHandle<test_package::action::Fibonacci> >)>::_Requires<std::function<void(std::shared_ptr<rclcpp_action::ClientGoalHandle<test_package::action::Fibonacci> >)>::_Callable<_Functor, typename std::enable_if<(! std::is_same<typename std::remove_cv<typename std::remove_reference<_Tp>::type>::type, std::function<void(std::shared_ptr<rclcpp_action::ClientGoalHandle<test_package::action::Fibonacci> >)> >::value), std::decay<_Tp> >::type::type, std::__invoke_result<typename std::enable_if<(! std::is_same<typename std::remove_cv<typename std::remove_reference<_Tp>::type>::type, std::function<void(std::shared_ptr<rclcpp_action::ClientGoalHandle<test_package::action::Fibonacci> >)> >::value), std::decay<_Tp> >::type::type&, std::shared_ptr<rclcpp_action::ClientGoalHandle<test_package::action::Fibonacci> > > >, std::function<void(std::shared_ptr<rclcpp_action::ClientGoalHandle<test_package::action::Fibonacci> >)>&> std::function<void(std::shared_ptr<rclcpp_action::ClientGoalHandle<test_package::action::Fibonacci> >)>::operator=<_Functor>(_Functor&&) [with _Functor = action_tutorials_cpp::FibonacciActionClient::send_goal()::<lambda(std::shared_future<std::shared_ptr<rclcpp_action::ClientGoalHandle<test_package::action::Fibonacci> > >)>]\x1b[m\x1b[K\xe2\x80\x99\n'}
[2.370180] (test_package) StderrLine: {'line': b'\x1b[01m\x1b[K/home/yupi/rover_proj/ros2-base-ws/src/test_package/src/Action_client_node.cpp:55:5:\x1b[m\x1b[K   required from here\n'}
[2.370236] (test_package) StderrLine: {'line': b'\x1b[01m\x1b[K/usr/include/c++/11/type_traits:2205:11:\x1b[m\x1b[K \x1b[01;31m\x1b[Kerror: \x1b[m\x1b[Kno type named \xe2\x80\x98\x1b[01m\x1b[Ktype\x1b[m\x1b[K\xe2\x80\x99 in \xe2\x80\x98\x1b[01m\x1b[Kstruct std::enable_if<false, std::function<void(std::shared_ptr<rclcpp_action::ClientGoalHandle<test_package::action::Fibonacci> >)>&>\x1b[m\x1b[K\xe2\x80\x99\n'}
[2.370296] (test_package) StderrLine: {'line': b' 2205 |     using \x1b[01;31m\x1b[K__enable_if_t\x1b[m\x1b[K = typename enable_if<_Cond, _Tp>::type;\n'}
[2.370351] (test_package) StderrLine: {'line': b'      |           \x1b[01;31m\x1b[K^~~~~~~~~~~~~\x1b[m\x1b[K\n'}
[2.370430] (test_package) StderrLine: {'line': b'In file included from \x1b[01m\x1b[K/usr/include/c++/11/functional:59\x1b[m\x1b[K,\n'}
[2.370503] (test_package) StderrLine: {'line': b'                 from \x1b[01m\x1b[K/home/yupi/rover_proj/ros2-base-ws/src/test_package/src/Action_client_node.cpp:1\x1b[m\x1b[K:\n'}
[2.370558] (test_package) StderrLine: {'line': b'\x1b[01m\x1b[K/usr/include/c++/11/bits/std_function.h:540:9:\x1b[m\x1b[K \x1b[01;36m\x1b[Knote: \x1b[m\x1b[Kcandidate: \xe2\x80\x98\x1b[01m\x1b[Ktemplate<class _Functor> std::function<_Res(_ArgTypes ...)>& std::function<_Res(_ArgTypes ...)>::operator=(std::reference_wrapper<_Functor>) [with _Functor = _Functor; _Res = void; _ArgTypes = {std::shared_ptr<rclcpp_action::ClientGoalHandle<test_package::action::Fibonacci> >}]\x1b[m\x1b[K\xe2\x80\x99\n'}
[2.370615] (test_package) StderrLine: {'line': b'  540 |         \x1b[01;36m\x1b[Koperator\x1b[m\x1b[K=(reference_wrapper<_Functor> __f) noexcept\n'}
[2.370669] (test_package) StderrLine: {'line': b'      |         \x1b[01;36m\x1b[K^~~~~~~~\x1b[m\x1b[K\n'}
[2.370723] (test_package) StderrLine: {'line': b'\x1b[01m\x1b[K/usr/include/c++/11/bits/std_function.h:540:9:\x1b[m\x1b[K \x1b[01;36m\x1b[Knote: \x1b[m\x1b[K  template argument deduction/substitution failed:\n'}
[2.370777] (test_package) StderrLine: {'line': b'\x1b[01m\x1b[K/home/yupi/rover_proj/ros2-base-ws/src/test_package/src/Action_client_node.cpp:55:5:\x1b[m\x1b[K \x1b[01;36m\x1b[Knote: \x1b[m\x1b[K  \xe2\x80\x98\x1b[01m\x1b[Kaction_tutorials_cpp::FibonacciActionClient::send_goal()::<lambda(std::shared_future<std::shared_ptr<rclcpp_action::ClientGoalHandle<test_package::action::Fibonacci> > >)>\x1b[m\x1b[K\xe2\x80\x99 is not derived from \xe2\x80\x98\x1b[01m\x1b[Kstd::reference_wrapper<_Tp>\x1b[m\x1b[K\xe2\x80\x99\n'}
[2.370854] (test_package) StderrLine: {'line': b'   55 |     \x1b[01;36m\x1b[K}\x1b[m\x1b[K;\n'}
[2.370939] (test_package) StderrLine: {'line': b'      |     \x1b[01;36m\x1b[K^\x1b[m\x1b[K\n'}
[2.371103] (test_package) StderrLine: {'line': b'In file included from \x1b[01m\x1b[K/usr/include/c++/11/functional:59\x1b[m\x1b[K,\n'}
[2.371176] (test_package) StderrLine: {'line': b'                 from \x1b[01m\x1b[K/home/yupi/rover_proj/ros2-base-ws/src/test_package/src/Action_client_node.cpp:1\x1b[m\x1b[K:\n'}
[2.371231] (test_package) StderrLine: {'line': b'\x1b[01m\x1b[K/usr/include/c++/11/bits/std_function.h:469:7:\x1b[m\x1b[K \x1b[01;36m\x1b[Knote: \x1b[m\x1b[Kcandidate: \xe2\x80\x98\x1b[01m\x1b[Kstd::function<_Res(_ArgTypes ...)>& std::function<_Res(_ArgTypes ...)>::operator=(const std::function<_Res(_ArgTypes ...)>&) [with _Res = void; _ArgTypes = {std::shared_ptr<rclcpp_action::ClientGoalHandle<test_package::action::Fibonacci> >}]\x1b[m\x1b[K\xe2\x80\x99\n'}
[2.371288] (test_package) StderrLine: {'line': b'  469 |       \x1b[01;36m\x1b[Koperator\x1b[m\x1b[K=(const function& __x)\n'}
[2.371342] (test_package) StderrLine: {'line': b'      |       \x1b[01;36m\x1b[K^~~~~~~~\x1b[m\x1b[K\n'}
[2.371396] (test_package) StderrLine: {'line': b'\x1b[01m\x1b[K/usr/include/c++/11/bits/std_function.h:469:33:\x1b[m\x1b[K \x1b[01;36m\x1b[Knote: \x1b[m\x1b[K  no known conversion for argument 1 from \xe2\x80\x98\x1b[01m\x1b[Kaction_tutorials_cpp::FibonacciActionClient::send_goal()::<lambda(std::shared_future<std::shared_ptr<rclcpp_action::ClientGoalHandle<test_package::action::Fibonacci> > >)>\x1b[m\x1b[K\xe2\x80\x99 to \xe2\x80\x98\x1b[01m\x1b[Kconst std::function<void(std::shared_ptr<rclcpp_action::ClientGoalHandle<test_package::action::Fibonacci> >)>&\x1b[m\x1b[K\xe2\x80\x99\n'}
[2.371454] (test_package) StderrLine: {'line': b'  469 |       operator=(\x1b[01;36m\x1b[Kconst function& __x\x1b[m\x1b[K)\n'}
[2.371507] (test_package) StderrLine: {'line': b'      |                 \x1b[01;36m\x1b[K~~~~~~~~~~~~~~~~^~~\x1b[m\x1b[K\n'}
[2.371560] (test_package) StderrLine: {'line': b'\x1b[01m\x1b[K/usr/include/c++/11/bits/std_function.h:487:7:\x1b[m\x1b[K \x1b[01;36m\x1b[Knote: \x1b[m\x1b[Kcandidate: \xe2\x80\x98\x1b[01m\x1b[Kstd::function<_Res(_ArgTypes ...)>& std::function<_Res(_ArgTypes ...)>::operator=(std::function<_Res(_ArgTypes ...)>&&) [with _Res = void; _ArgTypes = {std::shared_ptr<rclcpp_action::ClientGoalHandle<test_package::action::Fibonacci> >}]\x1b[m\x1b[K\xe2\x80\x99\n'}
[2.371618] (test_package) StderrLine: {'line': b'  487 |       \x1b[01;36m\x1b[Koperator\x1b[m\x1b[K=(function&& __x) noexcept\n'}
[2.371678] (test_package) StderrLine: {'line': b'      |       \x1b[01;36m\x1b[K^~~~~~~~\x1b[m\x1b[K\n'}
[2.371733] (test_package) StderrLine: {'line': b'\x1b[01m\x1b[K/usr/include/c++/11/bits/std_function.h:487:28:\x1b[m\x1b[K \x1b[01;36m\x1b[Knote: \x1b[m\x1b[K  no known conversion for argument 1 from \xe2\x80\x98\x1b[01m\x1b[Kaction_tutorials_cpp::FibonacciActionClient::send_goal()::<lambda(std::shared_future<std::shared_ptr<rclcpp_action::ClientGoalHandle<test_package::action::Fibonacci> > >)>\x1b[m\x1b[K\xe2\x80\x99 to \xe2\x80\x98\x1b[01m\x1b[Kstd::function<void(std::shared_ptr<rclcpp_action::ClientGoalHandle<test_package::action::Fibonacci> >)>&&\x1b[m\x1b[K\xe2\x80\x99\n'}
[2.371791] (test_package) StderrLine: {'line': b'  487 |       operator=(\x1b[01;36m\x1b[Kfunction&& __x\x1b[m\x1b[K) noexcept\n'}
[2.371845] (test_package) StderrLine: {'line': b'      |                 \x1b[01;36m\x1b[K~~~~~~~~~~~^~~\x1b[m\x1b[K\n'}
[2.371899] (test_package) StderrLine: {'line': b'\x1b[01m\x1b[K/usr/include/c++/11/bits/std_function.h:501:7:\x1b[m\x1b[K \x1b[01;36m\x1b[Knote: \x1b[m\x1b[Kcandidate: \xe2\x80\x98\x1b[01m\x1b[Kstd::function<_Res(_ArgTypes ...)>& std::function<_Res(_ArgTypes ...)>::operator=(std::nullptr_t) [with _Res = void; _ArgTypes = {std::shared_ptr<rclcpp_action::ClientGoalHandle<test_package::action::Fibonacci> >}; std::nullptr_t = std::nullptr_t]\x1b[m\x1b[K\xe2\x80\x99\n'}
[2.371961] (test_package) StderrLine: {'line': b'  501 |       \x1b[01;36m\x1b[Koperator\x1b[m\x1b[K=(nullptr_t) noexcept\n'}
[2.372015] (test_package) StderrLine: {'line': b'      |       \x1b[01;36m\x1b[K^~~~~~~~\x1b[m\x1b[K\n'}
[2.372068] (test_package) StderrLine: {'line': b'\x1b[01m\x1b[K/usr/include/c++/11/bits/std_function.h:501:17:\x1b[m\x1b[K \x1b[01;36m\x1b[Knote: \x1b[m\x1b[K  no known conversion for argument 1 from \xe2\x80\x98\x1b[01m\x1b[Kaction_tutorials_cpp::FibonacciActionClient::send_goal()::<lambda(std::shared_future<std::shared_ptr<rclcpp_action::ClientGoalHandle<test_package::action::Fibonacci> > >)>\x1b[m\x1b[K\xe2\x80\x99 to \xe2\x80\x98\x1b[01m\x1b[Kstd::nullptr_t\x1b[m\x1b[K\xe2\x80\x99\n'}
[2.372129] (test_package) StderrLine: {'line': b'  501 |       operator=(\x1b[01;36m\x1b[Knullptr_t\x1b[m\x1b[K) noexcept\n'}
[2.372183] (test_package) StderrLine: {'line': b'      |                 \x1b[01;36m\x1b[K^~~~~~~~~\x1b[m\x1b[K\n'}
[2.372237] (test_package) StderrLine: {'line': b'\x1b[01m\x1b[K/home/yupi/rover_proj/ros2-base-ws/src/test_package/src/Action_client_node.cpp:\x1b[m\x1b[K In lambda function:\n'}
[2.372291] (test_package) StderrLine: {'line': b'\x1b[01m\x1b[K/home/yupi/rover_proj/ros2-base-ws/src/test_package/src/Action_client_node.cpp:60:32:\x1b[m\x1b[K \x1b[01;31m\x1b[Kerror: \x1b[m\x1b[Kno matching function for call to \xe2\x80\x98\x1b[01m\x1b[Kaction_tutorials_cpp::FibonacciActionClient::feedback_callback(const std::shared_ptr<const test_package::action::Fibonacci_Feedback_<std::allocator<void> > >&)\x1b[m\x1b[K\xe2\x80\x99\n'}
[2.372348] (test_package) StderrLine: {'line': b'   60 |         \x1b[01;31m\x1b[Kthis->feedback_callback(feedback)\x1b[m\x1b[K;\n'}
[2.372403] (test_package) StderrLine: {'line': b'      |         \x1b[01;31m\x1b[K~~~~~~~~~~~~~~~~~~~~~~~^~~~~~~~~~\x1b[m\x1b[K\n'}
[2.372457] (test_package) StderrLine: {'line': b'\x1b[01m\x1b[K/home/yupi/rover_proj/ros2-base-ws/src/test_package/src/Action_client_node.cpp:92:8:\x1b[m\x1b[K \x1b[01;36m\x1b[Knote: \x1b[m\x1b[Kcandidate: \xe2\x80\x98\x1b[01m\x1b[Kvoid action_tutorials_cpp::FibonacciActionClient::feedback_callback(rclcpp_action::ClientGoalHandle<test_package::action::Fibonacci>::SharedPtr, std::shared_ptr<const test_package::action::Fibonacci_Feedback_<std::allocator<void> > >)\x1b[m\x1b[K\xe2\x80\x99\n'}
[2.372518] (test_package) StderrLine: {'line': b'   92 |   void \x1b[01;36m\x1b[Kfeedback_callback\x1b[m\x1b[K(\n'}
[2.372576] (test_package) StderrLine: {'line': b'      |        \x1b[01;36m\x1b[K^~~~~~~~~~~~~~~~~\x1b[m\x1b[K\n'}
[2.372630] (test_package) StderrLine: {'line': b'\x1b[01m\x1b[K/home/yupi/rover_proj/ros2-base-ws/src/test_package/src/Action_client_node.cpp:92:8:\x1b[m\x1b[K \x1b[01;36m\x1b[Knote: \x1b[m\x1b[K  candidate expects 2 arguments, 1 provided\n'}
[2.404709] (-) TimerEvent: {}
[2.504951] (-) TimerEvent: {}
[2.605198] (-) TimerEvent: {}
[2.705447] (-) TimerEvent: {}
[2.805695] (-) TimerEvent: {}
[2.905944] (-) TimerEvent: {}
[3.006193] (-) TimerEvent: {}
[3.064116] (test_package) StderrLine: {'line': b'gmake[2]: *** [CMakeFiles/action_client.dir/build.make:76: CMakeFiles/action_client.dir/src/Action_client_node.cpp.o] Error 1\n'}
[3.064321] (test_package) StderrLine: {'line': b'gmake[1]: *** [CMakeFiles/Makefile2:599: CMakeFiles/action_client.dir/all] Error 2\n'}
[3.064565] (test_package) StderrLine: {'line': b'gmake: *** [Makefile:146: all] Error 2\n'}
[3.066432] (test_package) CommandEnded: {'returncode': 2}
[3.106292] (-) TimerEvent: {}
[3.144666] (test_package) JobEnded: {'identifier': 'test_package', 'rc': 2}
[3.155142] (-) EventReactorShutdown: {}
