[0.065s] Invoking command in '/home/curry/wilson_proj/ros2-rover-ws/build/package_test': CMAKE_PREFIX_PATH=/opt/ros/humble /usr/bin/cmake --build /home/curry/wilson_proj/ros2-rover-ws/build/package_test -- -j4 -l4
[0.458s] [ 20%] Built target node_server_act
[0.531s] [ 40%] Built target pub_node
[0.564s] [ 60%] Built target sub_node
[0.584s] [ 80%] Built target echoreply_node
[0.726s] [35m[1mConsolidate compiler generated dependencies of target node_command[0m
[0.841s] [ 90%] [32mBuilding CXX object CMakeFiles/node_command.dir/src/node_command_t.cpp.o[0m
[12.742s] [01m[K/home/curry/wilson_proj/ros2-rover-ws/src/package_test/src/node_command_t.cpp:53:33:[m[K [01;31m[Kerror: [m[Kâ€˜[01m[KString[m[Kâ€™ is not a member of â€˜[01m[Kstd_msgs[m[Kâ€™; did you mean â€˜[01m[Kstd_msgs::msg::String[m[Kâ€™?
[12.742s]    53 |     rclcpp::Publisher<std_msgs::[01;31m[KString[m[K>::SharedPtr topic_speedlimit_publisher_;
[12.743s]       |                                 [01;31m[K^~~~~~[m[K
[12.743s] In file included from [01m[K/opt/ros/humble/include/std_msgs/std_msgs/msg/string.hpp:7[m[K,
[12.743s]                  from [01m[K/home/curry/wilson_proj/ros2-rover-ws/src/package_test/src/node_command_t.cpp:2[m[K:
[12.744s] [01m[K/opt/ros/humble/include/std_msgs/std_msgs/msg/detail/string__struct.hpp:122:7:[m[K [01;36m[Knote: [m[Kâ€˜[01m[Kstd_msgs::msg::String[m[Kâ€™ declared here
[12.744s]   122 | using [01;36m[KString[m[K =
[12.744s]       |       [01;36m[K^~~~~~[m[K
[12.744s] [01m[K/home/curry/wilson_proj/ros2-rover-ws/src/package_test/src/node_command_t.cpp:53:39:[m[K [01;31m[Kerror: [m[Ktemplate argument 1 is invalid
[12.745s]    53 |     rclcpp::Publisher<std_msgs::String[01;31m[K>[m[K::SharedPtr topic_speedlimit_publisher_;
[12.745s]       |                                       [01;31m[K^[m[K
[12.751s] [01m[K/home/curry/wilson_proj/ros2-rover-ws/src/package_test/src/node_command_t.cpp:53:42:[m[K [01;31m[Kerror: [m[Kexpected â€˜[01m[K;[m[Kâ€™ at end of member declaration
[12.751s]    53 |     rclcpp::Publisher<std_msgs::String>::[01;31m[KSharedPtr[m[K topic_speedlimit_publisher_;
[12.751s]       |                                          [01;31m[K^~~~~~~~~[m[K
[12.752s]       |                                                   [32m[K;[m[K
[12.804s] [01m[K/home/curry/wilson_proj/ros2-rover-ws/src/package_test/src/node_command_t.cpp:53:52:[m[K [01;31m[Kerror: [m[Kâ€˜[01m[Ktopic_speedlimit_publisher_[m[Kâ€™ does not name a type
[12.805s]    53 |     rclcpp::Publisher<std_msgs::String>::SharedPtr [01;31m[Ktopic_speedlimit_publisher_[m[K;
[12.807s]       |                                                    [01;31m[K^~~~~~~~~~~~~~~~~~~~~~~~~~~[m[K
[12.845s] [01m[K/home/curry/wilson_proj/ros2-rover-ws/src/package_test/src/node_command_t.cpp:[m[K In constructor â€˜[01m[KNode_Command::Node_Command()[m[Kâ€™:
[12.846s] [01m[K/home/curry/wilson_proj/ros2-rover-ws/src/package_test/src/node_command_t.cpp:12:9:[m[K [01;31m[Kerror: [m[Kâ€˜[01m[Ktopic_speedlimit_publisher_[m[Kâ€™ was not declared in this scope
[12.847s]    12 |         [01;31m[Ktopic_speedlimit_publisher_[m[K = this->create_publisher<std_msgs::String>("topic_speedlimit_t", 10);
[12.848s]       |         [01;31m[K^~~~~~~~~~~~~~~~~~~~~~~~~~~[m[K
[12.848s] [01m[K/home/curry/wilson_proj/ros2-rover-ws/src/package_test/src/node_command_t.cpp:12:72:[m[K [01;31m[Kerror: [m[Kâ€˜[01m[KString[m[Kâ€™ is not a member of â€˜[01m[Kstd_msgs[m[Kâ€™; did you mean â€˜[01m[Kstd_msgs::msg::String[m[Kâ€™?
[12.849s]    12 |         topic_speedlimit_publisher_ = this->create_publisher<std_msgs::[01;31m[KString[m[K>("topic_speedlimit_t", 10);
[12.850s]       |                                                                        [01;31m[K^~~~~~[m[K
[12.850s] In file included from [01m[K/opt/ros/humble/include/std_msgs/std_msgs/msg/string.hpp:7[m[K,
[12.851s]                  from [01m[K/home/curry/wilson_proj/ros2-rover-ws/src/package_test/src/node_command_t.cpp:2[m[K:
[12.851s] [01m[K/opt/ros/humble/include/std_msgs/std_msgs/msg/detail/string__struct.hpp:122:7:[m[K [01;36m[Knote: [m[Kâ€˜[01m[Kstd_msgs::msg::String[m[Kâ€™ declared here
[12.852s]   122 | using [01;36m[KString[m[K =
[12.853s]       |       [01;36m[K^~~~~~[m[K
[12.853s] [01m[K/home/curry/wilson_proj/ros2-rover-ws/src/package_test/src/node_command_t.cpp:12:79:[m[K [01;31m[Kerror: [m[Kno matching function for call to â€˜[01m[KNode_Command::create_publisher<<expression error> >(const char [19], int)[m[Kâ€™
[12.854s]    12 |     topic_speedlimit_publisher_ = [01;31m[Kthis->create_publisher<std_msgs::String>("topic_speedlimit_t", 10)[m[K;
[12.854s]       |                                   [01;31m[K~~~~~~~~~~~~~~~~~~~~~~~~~~~~~~~~~~~~~~~~^~~~~~~~~~~~~~~~~~~~~~~~~~[m[K
[12.855s] 
[12.855s] In file included from [01m[K/opt/ros/humble/include/rclcpp/rclcpp/executors/single_threaded_executor.hpp:28[m[K,
[12.856s]                  from [01m[K/opt/ros/humble/include/rclcpp/rclcpp/executors.hpp:22[m[K,
[12.857s]                  from [01m[K/opt/ros/humble/include/rclcpp/rclcpp/rclcpp.hpp:155[m[K,
[12.857s]                  from [01m[K/home/curry/wilson_proj/ros2-rover-ws/src/package_test/src/node_command_t.cpp:1[m[K:
[12.858s] [01m[K/opt/ros/humble/include/rclcpp/rclcpp/node.hpp:195:3:[m[K [01;36m[Knote: [m[Kcandidate: â€˜[01m[Ktemplate<class MessageT, class AllocatorT, class PublisherT> std::shared_ptr<PublisherT> rclcpp::Node::create_publisher(const string&, const rclcpp::QoS&, const rclcpp::PublisherOptionsWithAllocator<AllocatorT>&)[m[Kâ€™
[12.858s]   195 |   [01;36m[Kcreate_publisher[m[K(
[12.859s]       |   [01;36m[K^~~~~~~~~~~~~~~~[m[K
[12.859s] [01m[K/opt/ros/humble/include/rclcpp/rclcpp/node.hpp:195:3:[m[K [01;36m[Knote: [m[K  template argument deduction/substitution failed:
[12.860s] [01m[K/home/curry/wilson_proj/ros2-rover-ws/src/package_test/src/node_command_t.cpp:12:79:[m[K [01;31m[Kerror: [m[Ktemplate argument 1 is invalid
[12.860s]    12 |     topic_speedlimit_publisher_ = [01;31m[Kthis->create_publisher<std_msgs::String>("topic_speedlimit_t", 10)[m[K;
[12.861s]       |                                   [01;31m[K~~~~~~~~~~~~~~~~~~~~~~~~~~~~~~~~~~~~~~~~^~~~~~~~~~~~~~~~~~~~~~~~~~[m[K
[12.861s] 
[12.931s] [01m[K/home/curry/wilson_proj/ros2-rover-ws/src/package_test/src/node_command_t.cpp:[m[K In member function â€˜[01m[Kvoid Node_Command::publish_parameters()[m[Kâ€™:
[12.931s] [01m[K/home/curry/wilson_proj/ros2-rover-ws/src/package_test/src/node_command_t.cpp:46:40:[m[K [01;31m[Kerror: [m[Kâ€˜[01m[KString[m[Kâ€™ is not a member of â€˜[01m[Kstd_msgs[m[Kâ€™; did you mean â€˜[01m[Kstd_msgs::msg::String[m[Kâ€™?
[12.932s]    46 |         auto speed_message = std_msgs::[01;31m[KString[m[K();
[12.933s]       |                                        [01;31m[K^~~~~~[m[K
[12.934s] In file included from [01m[K/opt/ros/humble/include/std_msgs/std_msgs/msg/string.hpp:7[m[K,
[12.934s]                  from [01m[K/home/curry/wilson_proj/ros2-rover-ws/src/package_test/src/node_command_t.cpp:2[m[K:
[12.935s] [01m[K/opt/ros/humble/include/std_msgs/std_msgs/msg/detail/string__struct.hpp:122:7:[m[K [01;36m[Knote: [m[Kâ€˜[01m[Kstd_msgs::msg::String[m[Kâ€™ declared here
[12.935s]   122 | using [01;36m[KString[m[K =
[12.936s]       |       [01;36m[K^~~~~~[m[K
[12.980s] [01m[K/home/curry/wilson_proj/ros2-rover-ws/src/package_test/src/node_command_t.cpp:49:9:[m[K [01;31m[Kerror: [m[Kâ€˜[01m[Ktopic_speedlimit_publisher_[m[Kâ€™ was not declared in this scope
[12.980s]    49 |         [01;31m[Ktopic_speedlimit_publisher_[m[K->publish(speed_message);
[12.981s]       |         [01;31m[K^~~~~~~~~~~~~~~~~~~~~~~~~~~[m[K
[15.027s] gmake[2]: *** [CMakeFiles/node_command.dir/build.make:76: CMakeFiles/node_command.dir/src/node_command_t.cpp.o] Error 1
[15.029s] gmake[1]: *** [CMakeFiles/Makefile2:249: CMakeFiles/node_command.dir/all] Error 2
[15.029s] gmake: *** [Makefile:146: all] Error 2
[15.037s] Invoked command in '/home/curry/wilson_proj/ros2-rover-ws/build/package_test' returned '2': CMAKE_PREFIX_PATH=/opt/ros/humble /usr/bin/cmake --build /home/curry/wilson_proj/ros2-rover-ws/build/package_test -- -j4 -l4
