[0.057s] Invoking command in '/home/curry/wilson_proj/ros2-rover-ws/build/package_position_process': AMENT_PREFIX_PATH=/home/curry/wilson_proj/ros2-rover-ws/install/msgs_positions:${AMENT_PREFIX_PATH} CMAKE_PREFIX_PATH=/home/curry/wilson_proj/ros2-rover-ws/install/msgs_positions:/opt/ros/humble LD_LIBRARY_PATH=/home/curry/wilson_proj/ros2-rover-ws/install/msgs_positions/lib:${LD_LIBRARY_PATH} PYTHONPATH=/home/curry/wilson_proj/ros2-rover-ws/install/msgs_positions/local/lib/python3.10/dist-packages:${PYTHONPATH} /usr/bin/cmake --build /home/curry/wilson_proj/ros2-rover-ws/build/package_position_process -- -j4 -l4
[0.285s] [35m[1mConsolidate compiler generated dependencies of target node_position_process[0m
[0.354s] [ 50%] Built target node_gnss
[0.390s] [ 75%] [32mBuilding CXX object CMakeFiles/node_position_process.dir/src/node_pose_proc.cpp.o[0m
[10.422s] [01m[K/home/curry/wilson_proj/ros2-rover-ws/src/package_position_process/src/node_pose_proc.cpp:[m[K In member function â€˜[01m[Kvoid PoseProcessor::topic_des_callback(std_msgs::msg::Float32MultiArray_<std::allocator<void> >::SharedPtr)[m[Kâ€™:
[10.422s] [01m[K/home/curry/wilson_proj/ros2-rover-ws/src/package_position_process/src/node_pose_proc.cpp:37:46:[m[K [01;31m[Kerror: [m[Kâ€˜[01m[Kdata_lock_[m[Kâ€™ was not declared in this scope
[10.423s]    37 |             std::lock_guard<std::mutex> lock([01;31m[Kdata_lock_[m[K);
[10.423s]       |                                              [01;31m[K^~~~~~~~~~[m[K
[10.442s] In file included from [01m[K/opt/ros/humble/include/rclcpp/rclcpp/logging.hpp:24[m[K,
[10.442s]                  from [01m[K/opt/ros/humble/include/rclcpp/rclcpp/client.hpp:40[m[K,
[10.443s]                  from [01m[K/opt/ros/humble/include/rclcpp/rclcpp/callback_group.hpp:24[m[K,
[10.443s]                  from [01m[K/opt/ros/humble/include/rclcpp/rclcpp/any_executable.hpp:20[m[K,
[10.443s]                  from [01m[K/opt/ros/humble/include/rclcpp/rclcpp/memory_strategy.hpp:25[m[K,
[10.444s]                  from [01m[K/opt/ros/humble/include/rclcpp/rclcpp/memory_strategies.hpp:18[m[K,
[10.444s]                  from [01m[K/opt/ros/humble/include/rclcpp/rclcpp/executor_options.hpp:20[m[K,
[10.444s]                  from [01m[K/opt/ros/humble/include/rclcpp/rclcpp/executor.hpp:37[m[K,
[10.445s]                  from [01m[K/opt/ros/humble/include/rclcpp/rclcpp/executors/multi_threaded_executor.hpp:25[m[K,
[10.445s]                  from [01m[K/opt/ros/humble/include/rclcpp/rclcpp/executors.hpp:21[m[K,
[10.445s]                  from [01m[K/opt/ros/humble/include/rclcpp/rclcpp/rclcpp.hpp:155[m[K,
[10.446s]                  from [01m[K/home/curry/wilson_proj/ros2-rover-ws/src/package_position_process/src/node_pose_proc.cpp:1[m[K:
[10.446s] [01m[K/home/curry/wilson_proj/ros2-rover-ws/src/package_position_process/src/node_pose_proc.cpp:41:144:[m[K [01;31m[Kerror: [m[Kâ€˜[01m[Kdestination_c_[m[Kâ€™ was not declared in this scope; did you mean â€˜[01m[Kdestination_a_[m[Kâ€™?
[10.446s]    41 |                 RCLCPP_INFO(this->get_logger(), "Received on topic_destination: a = %.2f, b = %.2f, c = %.2f", destination_a_, destination_b_, [01;31m[Kdestination_c_[m[K);
[10.447s]       |                                                                                                                                                [01;31m[K^~~~~~~~~~~~~~[m[K
[21.563s] gmake[2]: *** [CMakeFiles/node_position_process.dir/build.make:76: CMakeFiles/node_position_process.dir/src/node_pose_proc.cpp.o] Error 1
[21.564s] gmake[1]: *** [CMakeFiles/Makefile2:165: CMakeFiles/node_position_process.dir/all] Error 2
[21.565s] gmake: *** [Makefile:146: all] Error 2
[21.572s] Invoked command in '/home/curry/wilson_proj/ros2-rover-ws/build/package_position_process' returned '2': AMENT_PREFIX_PATH=/home/curry/wilson_proj/ros2-rover-ws/install/msgs_positions:${AMENT_PREFIX_PATH} CMAKE_PREFIX_PATH=/home/curry/wilson_proj/ros2-rover-ws/install/msgs_positions:/opt/ros/humble LD_LIBRARY_PATH=/home/curry/wilson_proj/ros2-rover-ws/install/msgs_positions/lib:${LD_LIBRARY_PATH} PYTHONPATH=/home/curry/wilson_proj/ros2-rover-ws/install/msgs_positions/local/lib/python3.10/dist-packages:${PYTHONPATH} /usr/bin/cmake --build /home/curry/wilson_proj/ros2-rover-ws/build/package_position_process -- -j4 -l4
