[0.194s] Invoking command in '/home/curry/wilson_proj/ros2-rover-ws/build/package_position_process': CMAKE_PREFIX_PATH=${CMAKE_PREFIX_PATH}:/opt/ros/humble /usr/bin/cmake --build /home/curry/wilson_proj/ros2-rover-ws/build/package_position_process -- -j4 -l4
[0.366s] -- Found ament_cmake: 1.3.11 (/opt/ros/humble/share/ament_cmake/cmake)
[1.577s] -- Found rclcpp: 16.0.11 (/opt/ros/humble/share/rclcpp/cmake)
[1.853s] -- Found rosidl_generator_c: 3.1.6 (/opt/ros/humble/share/rosidl_generator_c/cmake)
[1.866s] -- Found rosidl_adapter: 3.1.6 (/opt/ros/humble/share/rosidl_adapter/cmake)
[1.899s] -- Found rosidl_generator_cpp: 3.1.6 (/opt/ros/humble/share/rosidl_generator_cpp/cmake)
[1.968s] -- Using all available rosidl_typesupport_c: rosidl_typesupport_fastrtps_c;rosidl_typesupport_introspection_c
[2.037s] -- Using all available rosidl_typesupport_cpp: rosidl_typesupport_fastrtps_cpp;rosidl_typesupport_introspection_cpp
[2.340s] -- Found rmw_implementation_cmake: 6.1.2 (/opt/ros/humble/share/rmw_implementation_cmake/cmake)
[2.350s] -- Found rmw_fastrtps_cpp: 6.2.7 (/opt/ros/humble/share/rmw_fastrtps_cpp/cmake)
[3.572s] -- Using RMW implementation 'rmw_fastrtps_cpp' as default
[3.828s] -- Found msgs_ifaces: 0.0.0 (/home/curry/wilson_proj/ros2-rover-ws/install/msgs_ifaces/share/msgs_ifaces/cmake)
[3.924s] -- Found ament_lint_auto: 0.12.11 (/opt/ros/humble/share/ament_lint_auto/cmake)
[4.516s] -- Added test 'cppcheck' to perform static code analysis on C / C++ code
[4.517s] -- Configured cppcheck include dirs: $<BUILD_INTERFACE:/home/curry/wilson_proj/ros2-rover-ws/src/package_position_process/include>
[4.518s] -- Configured cppcheck exclude dirs and/or files: 
[4.522s] -- Added test 'lint_cmake' to check CMake code style
[4.548s] -- Added test 'uncrustify' to check C / C++ code style
[4.548s] -- Configured uncrustify additional arguments: 
[4.550s] -- Added test 'xmllint' to check XML markup files
[4.556s] -- Configuring done
[4.659s] -- Generating done
[4.672s] -- Build files have been written to: /home/curry/wilson_proj/ros2-rover-ws/build/package_position_process
[4.839s] [35m[1mConsolidate compiler generated dependencies of target node_position_process[0m
[4.902s] [35m[1mConsolidate compiler generated dependencies of target node_gnss[0m
[5.029s] [ 25%] [32mBuilding CXX object CMakeFiles/node_position_process.dir/src/node_pose_proc.cpp.o[0m
[5.076s] [ 50%] [32mBuilding CXX object CMakeFiles/node_gnss.dir/src/node_gnss.cpp.o[0m
[6.900s] [01m[K/home/curry/wilson_proj/ros2-rover-ws/src/package_position_process/src/node_pose_proc.cpp:4:10:[m[K [01;31m[Kfatal error: [m[Kservice_ifaces/msg/gnss_data.hpp: No such file or directory
[6.902s]     4 | #include [01;31m[K<service_ifaces/msg/gnss_data.hpp>[m[K
[6.903s]       |          [01;31m[K^~~~~~~~~~~~~~~~~~~~~~~~~~~~~~~~~~[m[K
[6.903s] compilation terminated.
[6.916s] gmake[2]: *** [CMakeFiles/node_position_process.dir/build.make:76: CMakeFiles/node_position_process.dir/src/node_pose_proc.cpp.o] Error 1
[6.916s] gmake[1]: *** [CMakeFiles/Makefile2:165: CMakeFiles/node_position_process.dir/all] Error 2
[6.918s] gmake[1]: *** Waiting for unfinished jobs....
[22.653s] [ 75%] [32m[1mLinking CXX executable node_gnss[0m
[23.615s] [ 75%] Built target node_gnss
[23.620s] gmake: *** [Makefile:146: all] Error 2
