[0.068s] Invoking command in '/home/curry/wilson_proj/ros2-rover-ws/build/rover_control_package': CMAKE_PREFIX_PATH=/opt/ros/iron /usr/bin/cmake --build /home/curry/wilson_proj/ros2-rover-ws/build/rover_control_package -- -j4 -l4
[0.177s] -- Found rosidl_default_generators: 1.5.0 (/opt/ros/iron/share/rosidl_default_generators/cmake)
[1.072s] -- Using all available rosidl_typesupport_c: rosidl_typesupport_fastrtps_c;rosidl_typesupport_introspection_c
[1.341s] -- Using all available rosidl_typesupport_cpp: rosidl_typesupport_fastrtps_cpp;rosidl_typesupport_introspection_cpp
[1.471s] -- Found rosidl_adapter: 4.0.1 (/opt/ros/iron/share/rosidl_adapter/cmake)
[3.570s] -- Found ament_cmake_ros: 0.11.2 (/opt/ros/iron/share/ament_cmake_ros/cmake)
[4.385s] -- Using all available rosidl_typesupport_c: rosidl_typesupport_fastrtps_c;rosidl_typesupport_introspection_c
[5.465s] -- Using all available rosidl_typesupport_cpp: rosidl_typesupport_fastrtps_cpp;rosidl_typesupport_introspection_cpp
[5.565s] -- Found python_cmake_module: 0.10.2 (/opt/ros/iron/share/python_cmake_module/cmake)
[5.664s] -- Using PYTHON_EXECUTABLE: /usr/bin/python3
[5.665s] -- Using PYTHON_INCLUDE_DIRS: /usr/include/python3.10
[5.665s] -- Using PYTHON_LIBRARIES: /usr/lib/aarch64-linux-gnu/libpython3.10.so
[5.736s] -- Found rover_control_package: 0.0.0 (/home/curry/wilson_proj/ros2-rover-ws/install/rover_control_package/share/rover_control_package/cmake)
[6.015s] -- Found rclcpp: 21.0.7 (/opt/ros/iron/share/rclcpp/cmake)
[6.366s] -- Found rmw_implementation_cmake: 7.1.0 (/opt/ros/iron/share/rmw_implementation_cmake/cmake)
[6.371s] -- Found rmw_fastrtps_cpp: 7.1.4 (/opt/ros/iron/share/rmw_fastrtps_cpp/cmake)
[7.357s] -- Using RMW implementation 'rmw_fastrtps_cpp' as default
[7.974s] -- Found rclcpp_action: 21.0.7 (/opt/ros/iron/share/rclcpp_action/cmake)
[8.103s] -- Found rclcpp_components: 21.0.7 (/opt/ros/iron/share/rclcpp_components/cmake)
[8.439s] -- Found std_srvs: 5.0.1 (/opt/ros/iron/share/std_srvs/cmake)
[8.611s] [0m-----------------------------------------------------------[0m
[8.611s] [0mCMAKE_CURRENT_SOURCE_DIR: /home/curry/wilson_proj/ros2-rover-ws/src/rover_control_package[0m
[8.612s] [0m-----------------------------------------------------------[0m
[8.612s] [0mFull include path: /home/curry/wilson_proj/ros2-rover-ws/src/rover_control_package/include[0m
[8.612s] [0m-----------------------------------------------------------[0m
[8.613s] [0mBUILD_INTERFACE path: /home/curry/wilson_proj/ros2-rover-ws/src/rover_control_package/include[0m
[8.613s] [0m-----------------------------------------------------------[0m
[8.620s] -- Found ament_lint_auto: 0.14.4 (/opt/ros/iron/share/ament_lint_auto/cmake)
[8.663s] -- Added test 'cppcheck' to perform static code analysis on C / C++ code
[8.665s] -- Configured cppcheck include dirs: $<BUILD_INTERFACE:/home/curry/wilson_proj/ros2-rover-ws/src/rover_control_package/include>
[8.666s] -- Configured cppcheck exclude dirs and/or files: 
[8.669s] -- Added test 'lint_cmake' to check CMake code style
[8.678s] -- Added test 'uncrustify' to check C / C++ code style
[8.678s] -- Configured uncrustify additional arguments: 
[8.680s] -- Added test 'xmllint' to check XML markup files
[8.690s] -- Configuring done
[8.918s] [33mCMake Warning at CMakeLists.txt:25 (add_library):
[8.918s]   Cannot generate a safe runtime search path for target
[8.919s]   carcontrol_ros2_server because there is a cycle in the constraint graph:
[8.919s] 
[8.919s]     dir 0 is [/home/curry/wilson_proj/ros2-rover-ws/install/rover_control_package/lib]
[8.920s]       dir 1 must precede it due to runtime library [librover_control_package__rosidl_typesupport_introspection_c.so]
[8.920s]     dir 1 is [/home/curry/wilson_proj/ros2-rover-ws/build/rover_control_package]
[8.920s]       dir 0 must precede it due to runtime library [librover_control_package__rosidl_typesupport_fastrtps_c.so]
[8.921s]     dir 2 is [/opt/ros/iron/lib]
[8.921s] 
[8.921s]   Some of these libraries may not be found correctly.
[8.922s] 
[8.922s] [0m
[8.965s] -- Generating done
[8.987s] -- Build files have been written to: /home/curry/wilson_proj/ros2-rover-ws/build/rover_control_package
[9.118s] [35m[1mConsolidate compiler generated dependencies of target carcontrol_server[0m
[9.148s] [  2%] Built target rover_control_package__rosidl_generator_type_description
[9.198s] [35m[1mConsolidate compiler generated dependencies of target rover_control_package__rosidl_generator_c[0m
[9.202s] [  2%] Built target ament_cmake_python_copy_rover_control_package
[9.222s] [  7%] Built target carcontrol_server
[9.237s] [ 10%] Built target rover_control_package__cpp
[9.256s] [ 23%] Built target rover_control_package__rosidl_generator_c
[9.300s] [35m[1mConsolidate compiler generated dependencies of target rover_control_package__rosidl_typesupport_cpp[0m
[9.305s] [35m[1mConsolidate compiler generated dependencies of target rover_control_package__rosidl_typesupport_fastrtps_c[0m
[9.324s] [35m[1mConsolidate compiler generated dependencies of target rover_control_package__rosidl_typesupport_introspection_c[0m
[9.374s] [ 31%] Built target rover_control_package__rosidl_typesupport_cpp
[9.378s] [ 39%] Built target rover_control_package__rosidl_typesupport_fastrtps_c
[9.390s] [ 47%] Built target rover_control_package__rosidl_typesupport_introspection_c
[9.422s] [35m[1mConsolidate compiler generated dependencies of target rover_control_package__rosidl_typesupport_c[0m
[9.432s] [35m[1mConsolidate compiler generated dependencies of target rover_control_package__rosidl_typesupport_fastrtps_cpp[0m
[9.440s] [35m[1mConsolidate compiler generated dependencies of target rover_control_package__rosidl_typesupport_introspection_cpp[0m
[9.481s] [ 55%] Built target rover_control_package__rosidl_typesupport_c
[9.507s] [ 63%] Built target rover_control_package__rosidl_typesupport_fastrtps_cpp
[9.509s] [ 71%] Built target rover_control_package__rosidl_typesupport_introspection_cpp
[9.595s] [ 71%] Built target rover_control_package
[9.602s] [ 73%] [32mBuilding CXX object CMakeFiles/carcontrol_ros2_server.dir/src/motor_drive_node.cpp.o[0m
[9.683s] [ 76%] Built target rover_control_package__py
[9.727s] [35m[1mConsolidate compiler generated dependencies of target rover_control_package__rosidl_generator_py[0m
[9.786s] [ 81%] Built target rover_control_package__rosidl_generator_py
[9.830s] [35m[1mConsolidate compiler generated dependencies of target rover_control_package__rosidl_typesupport_fastrtps_c__pyext[0m
[9.833s] [35m[1mConsolidate compiler generated dependencies of target rover_control_package__rosidl_typesupport_introspection_c__pyext[0m
[9.897s] [ 86%] Built target rover_control_package__rosidl_typesupport_fastrtps_c__pyext
[9.899s] [ 92%] Built target rover_control_package__rosidl_typesupport_introspection_c__pyext
[9.939s] [35m[1mConsolidate compiler generated dependencies of target rover_control_package__rosidl_typesupport_c__pyext[0m
[9.998s] [ 97%] Built target rover_control_package__rosidl_typesupport_c__pyext
[10.570s] running egg_info
[10.574s] writing rover_control_package.egg-info/PKG-INFO
[10.575s] writing dependency_links to rover_control_package.egg-info/dependency_links.txt
[10.576s] writing top-level names to rover_control_package.egg-info/top_level.txt
[10.586s] reading manifest file 'rover_control_package.egg-info/SOURCES.txt'
[10.589s] writing manifest file 'rover_control_package.egg-info/SOURCES.txt'
[10.716s] [ 97%] Built target ament_cmake_python_build_rover_control_package_egg
[21.172s] [01m[K/home/curry/wilson_proj/ros2-rover-ws/src/rover_control_package/src/motor_drive_node.cpp:21:5:[m[K [01;31m[Kerror: [m[Kexpected â€˜[01m[K;[m[Kâ€™ before â€˜[01m[Kexplicit[m[Kâ€™
[21.172s]    21 |     [01;31m[Kexplicit[m[K CarControlActionServer(const rclcpp::NodeOptions & options = rclcpp::NodeOptions())
[21.172s]       |     [01;31m[K^~~~~~~~[m[K
[21.301s] [01m[K/home/curry/wilson_proj/ros2-rover-ws/src/rover_control_package/src/motor_drive_node.cpp:53:31:[m[K [01;31m[Kerror: [m[Kâ€˜[01m[KGoalHandleCarcontrol[m[Kâ€™ was not declared in this scope
[21.302s]    53 |         const std::shared_ptr<[01;31m[KGoalHandleCarcontrol[m[K> goal_handle) {
[21.302s]       |                               [01;31m[K^~~~~~~~~~~~~~~~~~~~[m[K
[21.302s] [01m[K/home/curry/wilson_proj/ros2-rover-ws/src/rover_control_package/src/motor_drive_node.cpp:53:51:[m[K [01;31m[Kerror: [m[Ktemplate argument 1 is invalid
[21.303s]    53 |         const std::shared_ptr<GoalHandleCarcontrol[01;31m[K>[m[K goal_handle) {
[21.303s]       |                                                   [01;31m[K^[m[K
[21.346s] [01m[K/home/curry/wilson_proj/ros2-rover-ws/src/rover_control_package/src/motor_drive_node.cpp:58:50:[m[K [01;31m[Kerror: [m[Kâ€˜[01m[KGoalHandleCarcontrol[m[Kâ€™ was not declared in this scope
[21.346s]    58 |       void handle_accepted(const std::shared_ptr<[01;31m[KGoalHandleCarcontrol[m[K> goal_handle)
[21.347s]       |                                                  [01;31m[K^~~~~~~~~~~~~~~~~~~~[m[K
[21.347s] [01m[K/home/curry/wilson_proj/ros2-rover-ws/src/rover_control_package/src/motor_drive_node.cpp:58:70:[m[K [01;31m[Kerror: [m[Ktemplate argument 1 is invalid
[21.347s]    58 |       void handle_accepted(const std::shared_ptr<GoalHandleCarcontrol[01;31m[K>[m[K goal_handle)
[21.348s]       |                                                                      [01;31m[K^[m[K
[21.390s] [01m[K/home/curry/wilson_proj/ros2-rover-ws/src/rover_control_package/src/motor_drive_node.cpp:63:42:[m[K [01;31m[Kerror: [m[Kâ€˜[01m[KGoalHandleCarcontrol[m[Kâ€™ was not declared in this scope
[21.390s]    63 |       void execute(const std::shared_ptr<[01;31m[KGoalHandleCarcontrol[m[K> goal_handle)
[21.391s]       |                                          [01;31m[K^~~~~~~~~~~~~~~~~~~~[m[K
[21.391s] [01m[K/home/curry/wilson_proj/ros2-rover-ws/src/rover_control_package/src/motor_drive_node.cpp:63:62:[m[K [01;31m[Kerror: [m[Ktemplate argument 1 is invalid
[21.392s]    63 |       void execute(const std::shared_ptr<GoalHandleCarcontrol[01;31m[K>[m[K goal_handle)
[21.392s]       |                                                              [01;31m[K^[m[K
[21.392s] [01m[K/home/curry/wilson_proj/ros2-rover-ws/src/rover_control_package/src/motor_drive_node.cpp:105:4:[m[K [01;31m[Kerror: [m[Kexpected â€˜[01m[K;[m[Kâ€™ after class definition
[21.393s]   105 |   }
[21.393s]       |    [01;31m[K^[m[K
[21.394s]       |    [32m[K;[m[K
[21.427s] [01m[K/home/curry/wilson_proj/ros2-rover-ws/src/rover_control_package/src/motor_drive_node.cpp:[m[K In member function â€˜[01m[Krclcpp_action::GoalResponse carcontrol_cpp::CarControlActionServer::handle_goal(const GoalUUID&, std::shared_ptr<const rover_control_package::action::Carcontrol_Goal_<std::allocator<void> > >)[m[Kâ€™:
[21.428s] [01m[K/home/curry/wilson_proj/ros2-rover-ws/src/rover_control_package/src/motor_drive_node.cpp:38:41:[m[K [01;35m[Kwarning: [m[Kunused parameter â€˜[01m[Kuuid[m[Kâ€™ [[01;35m[K]8;;https://gcc.gnu.org/onlinedocs/gcc/Warning-Options.html#index-Wunused-parameter-Wunused-parameter]8;;[m[K]
[21.429s]    38 |         [01;35m[Kconst rclcpp_action::GoalUUID & uuid[m[K,
[21.430s]       |         [01;35m[K~~~~~~~~~~~~~~~~~~~~~~~~~~~~~~~~^~~~[m[K
[22.292s] [01m[K/home/curry/wilson_proj/ros2-rover-ws/src/rover_control_package/src/motor_drive_node.cpp:[m[K In member function â€˜[01m[Krclcpp_action::CancelResponse carcontrol_cpp::CarControlActionServer::handle_cancel(int)[m[Kâ€™:
[22.293s] [01m[K/home/curry/wilson_proj/ros2-rover-ws/src/rover_control_package/src/motor_drive_node.cpp:53:53:[m[K [01;35m[Kwarning: [m[Kunused parameter â€˜[01m[Kgoal_handle[m[Kâ€™ [[01;35m[K]8;;https://gcc.gnu.org/onlinedocs/gcc/Warning-Options.html#index-Wunused-parameter-Wunused-parameter]8;;[m[K]
[22.293s]    53 |         [01;35m[Kconst std::shared_ptr<GoalHandleCarcontrol> goal_handle[m[K) {
[22.294s]       |         [01;35m[K~~~~~~~~~~~~~~~~~~~~~~~~~~~~~~~~~~~~~~~~~~~~^~~~~~~~~~~[m[K
[22.312s] [01m[K/home/curry/wilson_proj/ros2-rover-ws/src/rover_control_package/src/motor_drive_node.cpp:[m[K In member function â€˜[01m[Kvoid carcontrol_cpp::CarControlActionServer::execute(int)[m[Kâ€™:
[22.313s] [01m[K/home/curry/wilson_proj/ros2-rover-ws/src/rover_control_package/src/motor_drive_node.cpp:67:38:[m[K [01;31m[Kerror: [m[Kbase operand of â€˜[01m[K->[m[Kâ€™ is not a pointer
[22.313s]    67 |         const auto goal = goal_handle[01;31m[K->[m[Kget_goal(); //retrieves the goal
[22.313s]       |                                      [01;31m[K^~[m[K
[22.329s] [01m[K/home/curry/wilson_proj/ros2-rover-ws/src/rover_control_package/src/motor_drive_node.cpp:74:26:[m[K [01;31m[Kerror: [m[Kbase operand of â€˜[01m[K->[m[Kâ€™ is not a pointer
[22.330s]    74 |           if (goal_handle[01;31m[K->[m[Kis_canceling()){
[22.330s]       |                          [01;31m[K^~[m[K
[22.331s] [01m[K/home/curry/wilson_proj/ros2-rover-ws/src/rover_control_package/src/motor_drive_node.cpp:77:24:[m[K [01;31m[Kerror: [m[Kbase operand of â€˜[01m[K->[m[Kâ€™ is not a pointer
[22.331s]    77 |             goal_handle[01;31m[K->[m[Kcanceled(result);
[22.332s]       |                        [01;31m[K^~[m[K
[22.332s] [01m[K/home/curry/wilson_proj/ros2-rover-ws/src/rover_control_package/src/motor_drive_node.cpp:88:20:[m[K [01;31m[Kerror: [m[Kbase operand of â€˜[01m[K->[m[Kâ€™ is not a pointer
[22.333s]    88 |         goal_handle[01;31m[K->[m[Kpublish_feedback(feedback);
[22.333s]       |                    [01;31m[K^~[m[K
[22.334s] [01m[K/home/curry/wilson_proj/ros2-rover-ws/src/rover_control_package/src/motor_drive_node.cpp:97:22:[m[K [01;31m[Kerror: [m[Kbase operand of â€˜[01m[K->[m[Kâ€™ is not a pointer
[22.334s]    97 |           goal_handle[01;31m[K->[m[Ksucceed(result);
[22.334s]       |                      [01;31m[K^~[m[K
[24.756s] In file included from [01m[K/usr/include/aarch64-linux-gnu/c++/11/bits/c++allocator.h:33[m[K,
[24.756s]                  from [01m[K/usr/include/c++/11/bits/allocator.h:46[m[K,
[24.756s]                  from [01m[K/usr/include/c++/11/unordered_map:40[m[K,
[24.756s]                  from [01m[K/usr/include/c++/11/functional:61[m[K,
[24.757s]                  from [01m[K/home/curry/wilson_proj/ros2-rover-ws/src/rover_control_package/src/motor_drive_node.cpp:1[m[K:
[24.757s] /usr/include/c++/11/ext/new_allocator.h: In instantiation of â€˜[01m[Kvoid __gnu_cxx::new_allocator<_Tp>::construct(_Up*, _Args&& ...) [with _Up = carcontrol_cpp::CarControlActionServer; _Args = {const rclcpp::NodeOptions&}; _Tp = carcontrol_cpp::CarControlActionServer][m[Kâ€™:
[24.758s] [01m[K/usr/include/c++/11/bits/alloc_traits.h:516:17:[m[K   required from â€˜[01m[Kstatic void std::allocator_traits<std::allocator<_Tp1> >::construct(std::allocator_traits<std::allocator<_Tp1> >::allocator_type&, _Up*, _Args&& ...) [with _Up = carcontrol_cpp::CarControlActionServer; _Args = {const rclcpp::NodeOptions&}; _Tp = carcontrol_cpp::CarControlActionServer; std::allocator_traits<std::allocator<_Tp1> >::allocator_type = std::allocator<carcontrol_cpp::CarControlActionServer>][m[Kâ€™
[24.758s] [01m[K/usr/include/c++/11/bits/shared_ptr_base.h:519:39:[m[K   required from â€˜[01m[Kstd::_Sp_counted_ptr_inplace<_Tp, _Alloc, _Lp>::_Sp_counted_ptr_inplace(_Alloc, _Args&& ...) [with _Args = {const rclcpp::NodeOptions&}; _Tp = carcontrol_cpp::CarControlActionServer; _Alloc = std::allocator<carcontrol_cpp::CarControlActionServer>; __gnu_cxx::_Lock_policy _Lp = __gnu_cxx::_S_atomic][m[Kâ€™
[24.758s] [01m[K/usr/include/c++/11/bits/shared_ptr_base.h:650:16:[m[K   required from â€˜[01m[Kstd::__shared_count<_Lp>::__shared_count(_Tp*&, std::_Sp_alloc_shared_tag<_Alloc>, _Args&& ...) [with _Tp = carcontrol_cpp::CarControlActionServer; _Alloc = std::allocator<carcontrol_cpp::CarControlActionServer>; _Args = {const rclcpp::NodeOptions&}; __gnu_cxx::_Lock_policy _Lp = __gnu_cxx::_S_atomic][m[Kâ€™
[24.758s] [01m[K/usr/include/c++/11/bits/shared_ptr_base.h:1342:14:[m[K   required from â€˜[01m[Kstd::__shared_ptr<_Tp, _Lp>::__shared_ptr(std::_Sp_alloc_shared_tag<_Tp>, _Args&& ...) [with _Alloc = std::allocator<carcontrol_cpp::CarControlActionServer>; _Args = {const rclcpp::NodeOptions&}; _Tp = carcontrol_cpp::CarControlActionServer; __gnu_cxx::_Lock_policy _Lp = __gnu_cxx::_S_atomic][m[Kâ€™
[24.759s] [01m[K/usr/include/c++/11/bits/shared_ptr.h:409:59:[m[K   required from â€˜[01m[Kstd::shared_ptr<_Tp>::shared_ptr(std::_Sp_alloc_shared_tag<_Tp>, _Args&& ...) [with _Alloc = std::allocator<carcontrol_cpp::CarControlActionServer>; _Args = {const rclcpp::NodeOptions&}; _Tp = carcontrol_cpp::CarControlActionServer][m[Kâ€™
[24.759s] [01m[K/usr/include/c++/11/bits/shared_ptr.h:862:14:[m[K   required from â€˜[01m[Kstd::shared_ptr<_Tp> std::allocate_shared(const _Alloc&, _Args&& ...) [with _Tp = carcontrol_cpp::CarControlActionServer; _Alloc = std::allocator<carcontrol_cpp::CarControlActionServer>; _Args = {const rclcpp::NodeOptions&}][m[Kâ€™
[24.759s] [01m[K/usr/include/c++/11/bits/shared_ptr.h:878:39:[m[K   required from â€˜[01m[Kstd::shared_ptr<_Tp> std::make_shared(_Args&& ...) [with _Tp = carcontrol_cpp::CarControlActionServer; _Args = {const rclcpp::NodeOptions&}][m[Kâ€™
[24.760s] [01m[K/opt/ros/iron/include/rclcpp_components/rclcpp_components/node_factory_template.hpp:45:40:[m[K   required from â€˜[01m[Krclcpp_components::NodeInstanceWrapper rclcpp_components::NodeFactoryTemplate<NodeT>::create_node_instance(const rclcpp::NodeOptions&) [with NodeT = carcontrol_cpp::CarControlActionServer][m[Kâ€™
[24.760s] [01m[K/opt/ros/iron/include/rclcpp_components/rclcpp_components/node_factory_template.hpp:43:3:[m[K   required from here
[24.760s] [01m[K/usr/include/c++/11/ext/new_allocator.h:162:11:[m[K [01;31m[Kerror: [m[Kno matching function for call to â€˜[01m[Kcarcontrol_cpp::CarControlActionServer::CarControlActionServer(const rclcpp::NodeOptions&)[m[Kâ€™
[24.760s]   162 |         { [01;31m[K::new((void *)__p) _Up(std::forward<_Args>(__args)...)[m[K; }
[24.761s]       |           [01;31m[K^~~~~~~~~~~~~~~~~~~~~~~~~~~~~~~~~~~~~~~~~~~~~~~~~~~~~~[m[K
[24.761s] [01m[K/home/curry/wilson_proj/ros2-rover-ws/src/rover_control_package/src/motor_drive_node.cpp:14:9:[m[K [01;36m[Knote: [m[Kcandidate: â€˜[01m[Kcarcontrol_cpp::CarControlActionServer::CarControlActionServer()[m[Kâ€™ (deleted)
[24.761s]    14 |   class [01;36m[KCarControlActionServer[m[K : public rclcpp::Node
[24.761s]       |         [01;36m[K^~~~~~~~~~~~~~~~~~~~~~[m[K
[24.780s] [01m[K/home/curry/wilson_proj/ros2-rover-ws/src/rover_control_package/src/motor_drive_node.cpp:14:9:[m[K [01;36m[Knote: [m[K  candidate expects 0 arguments, 1 provided
[24.781s] [01m[K/home/curry/wilson_proj/ros2-rover-ws/src/rover_control_package/src/motor_drive_node.cpp:14:9:[m[K [01;36m[Knote: [m[Kcandidate: â€˜[01m[Kcarcontrol_cpp::CarControlActionServer::CarControlActionServer(const carcontrol_cpp::CarControlActionServer&)[m[Kâ€™ (deleted)
[24.782s] [01m[K/home/curry/wilson_proj/ros2-rover-ws/src/rover_control_package/src/motor_drive_node.cpp:14:9:[m[K [01;36m[Knote: [m[K  no known conversion for argument 1 from â€˜[01m[Kconst rclcpp::NodeOptions[m[Kâ€™ to â€˜[01m[Kconst carcontrol_cpp::CarControlActionServer&[m[Kâ€™
[24.783s] [01m[K/home/curry/wilson_proj/ros2-rover-ws/src/rover_control_package/src/motor_drive_node.cpp:14:9:[m[K [01;36m[Knote: [m[Kcandidate: â€˜[01m[Kcarcontrol_cpp::CarControlActionServer::CarControlActionServer(carcontrol_cpp::CarControlActionServer&&)[m[Kâ€™ (deleted)
[24.784s] [01m[K/home/curry/wilson_proj/ros2-rover-ws/src/rover_control_package/src/motor_drive_node.cpp:14:9:[m[K [01;36m[Knote: [m[K  no known conversion for argument 1 from â€˜[01m[Kconst rclcpp::NodeOptions[m[Kâ€™ to â€˜[01m[Kcarcontrol_cpp::CarControlActionServer&&[m[Kâ€™
[25.081s] gmake[2]: *** [CMakeFiles/carcontrol_ros2_server.dir/build.make:76: CMakeFiles/carcontrol_ros2_server.dir/src/motor_drive_node.cpp.o] Error 1
[25.082s] gmake[1]: *** [CMakeFiles/Makefile2:628: CMakeFiles/carcontrol_ros2_server.dir/all] Error 2
[25.083s] gmake: *** [Makefile:146: all] Error 2
[25.089s] Invoked command in '/home/curry/wilson_proj/ros2-rover-ws/build/rover_control_package' returned '2': CMAKE_PREFIX_PATH=/opt/ros/iron /usr/bin/cmake --build /home/curry/wilson_proj/ros2-rover-ws/build/rover_control_package -- -j4 -l4
