-- Found ament_cmake: 1.3.11 (/opt/ros/humble/share/ament_cmake/cmake)
-- Found rclcpp: 16.0.11 (/opt/ros/humble/share/rclcpp/cmake)
-- Found rosidl_generator_c: 3.1.6 (/opt/ros/humble/share/rosidl_generator_c/cmake)
-- Found rosidl_adapter: 3.1.6 (/opt/ros/humble/share/rosidl_adapter/cmake)
-- Found rosidl_generator_cpp: 3.1.6 (/opt/ros/humble/share/rosidl_generator_cpp/cmake)
-- Using all available rosidl_typesupport_c: rosidl_typesupport_fastrtps_c;rosidl_typesupport_introspection_c
-- Using all available rosidl_typesupport_cpp: rosidl_typesupport_fastrtps_cpp;rosidl_typesupport_introspection_cpp
-- Found rmw_implementation_cmake: 6.1.2 (/opt/ros/humble/share/rmw_implementation_cmake/cmake)
-- Found rmw_fastrtps_cpp: 6.2.7 (/opt/ros/humble/share/rmw_fastrtps_cpp/cmake)
-- Using RMW implementation 'rmw_fastrtps_cpp' as default
-- Found msgs_positions: 0.0.0 (/home/curry/wilson_proj/ros2-rover-ws/install/msgs_positions/share/msgs_positions/cmake)
-- Found ament_lint_auto: 0.12.11 (/opt/ros/humble/share/ament_lint_auto/cmake)
-- Added test 'cppcheck' to perform static code analysis on C / C++ code
-- Configured cppcheck include dirs: $<BUILD_INTERFACE:/home/curry/wilson_proj/ros2-rover-ws/src/package_position_process/include>
-- Configured cppcheck exclude dirs and/or files: 
-- Added test 'lint_cmake' to check CMake code style
-- Added test 'uncrustify' to check C / C++ code style
-- Configured uncrustify additional arguments: 
-- Added test 'xmllint' to check XML markup files
-- Configuring done
-- Generating done
-- Build files have been written to: /home/curry/wilson_proj/ros2-rover-ws/build/package_position_process
[35m[1mConsolidate compiler generated dependencies of target node_gnss[0m
[ 25%] [32mBuilding CXX object CMakeFiles/node_position_process.dir/src/node_pose_proc.cpp.o[0m
[ 75%] Built target node_gnss
[01m[K/home/curry/wilson_proj/ros2-rover-ws/src/package_position_process/src/node_pose_proc.cpp:[m[K In member function â€˜[01m[Kvoid PoseProcessor::processData()[m[Kâ€™:
[01m[K/home/curry/wilson_proj/ros2-rover-ws/src/package_position_process/src/node_pose_proc.cpp:32:9:[m[K [01;31m[Kerror: [m[Kâ€˜[01m[Kpass[m[Kâ€™ was not declared in this scope
   32 |         [01;31m[Kpass[m[K;
      |         [01;31m[K^~~~[m[K
[01m[K/home/curry/wilson_proj/ros2-rover-ws/src/package_position_process/src/node_pose_proc.cpp:[m[K In member function â€˜[01m[Kvoid PoseProcessor::topic_des_callback(std_msgs::msg::Float32MultiArray_<std::allocator<void> >::SharedPtr)[m[Kâ€™:
[01m[K/home/curry/wilson_proj/ros2-rover-ws/src/package_position_process/src/node_pose_proc.cpp:37:46:[m[K [01;31m[Kerror: [m[Kâ€˜[01m[Kdata_lock_[m[Kâ€™ was not declared in this scope
   37 |             std::lock_guard<std::mutex> lock([01;31m[Kdata_lock_[m[K);
      |                                              [01;31m[K^~~~~~~~~~[m[K
[01m[K/home/curry/wilson_proj/ros2-rover-ws/src/package_position_process/src/node_pose_proc.cpp:38:17:[m[K [01;31m[Kerror: [m[Kâ€˜[01m[Kdestination_a_[m[Kâ€™ was not declared in this scope
   38 |             if ([01;31m[Kdestination_a_[m[K != msg->data[0] || destination_b_ != msg->data[1] ){
      |                 [01;31m[K^~~~~~~~~~~~~~[m[K
[01m[K/home/curry/wilson_proj/ros2-rover-ws/src/package_position_process/src/node_pose_proc.cpp:38:51:[m[K [01;31m[Kerror: [m[Kâ€˜[01m[Kdestination_b_[m[Kâ€™ was not declared in this scope
   38 |             if (destination_a_ != msg->data[0] || [01;31m[Kdestination_b_[m[K != msg->data[1] ){
      |                                                   [01;31m[K^~~~~~~~~~~~~~[m[K
In file included from [01m[K/opt/ros/humble/include/rclcpp/rclcpp/logging.hpp:24[m[K,
                 from [01m[K/opt/ros/humble/include/rclcpp/rclcpp/client.hpp:40[m[K,
                 from [01m[K/opt/ros/humble/include/rclcpp/rclcpp/callback_group.hpp:24[m[K,
                 from [01m[K/opt/ros/humble/include/rclcpp/rclcpp/any_executable.hpp:20[m[K,
                 from [01m[K/opt/ros/humble/include/rclcpp/rclcpp/memory_strategy.hpp:25[m[K,
                 from [01m[K/opt/ros/humble/include/rclcpp/rclcpp/memory_strategies.hpp:18[m[K,
                 from [01m[K/opt/ros/humble/include/rclcpp/rclcpp/executor_options.hpp:20[m[K,
                 from [01m[K/opt/ros/humble/include/rclcpp/rclcpp/executor.hpp:37[m[K,
                 from [01m[K/opt/ros/humble/include/rclcpp/rclcpp/executors/multi_threaded_executor.hpp:25[m[K,
                 from [01m[K/opt/ros/humble/include/rclcpp/rclcpp/executors.hpp:21[m[K,
                 from [01m[K/opt/ros/humble/include/rclcpp/rclcpp/rclcpp.hpp:155[m[K,
                 from [01m[K/home/curry/wilson_proj/ros2-rover-ws/src/package_position_process/src/node_pose_proc.cpp:1[m[K:
[01m[K/home/curry/wilson_proj/ros2-rover-ws/src/package_position_process/src/node_pose_proc.cpp:41:144:[m[K [01;31m[Kerror: [m[Kâ€˜[01m[Kdestination_c_[m[Kâ€™ was not declared in this scope
   41 |                 RCLCPP_INFO(this->get_logger(), "Received on topic_destination: a = %.2f, b = %.2f, c = %.2f", destination_a_, destination_b_, [01;31m[Kdestination_c_[m[K);
      |                                                                                                                                                [01;31m[K^~~~~~~~~~~~~~[m[K
gmake[2]: *** [CMakeFiles/node_position_process.dir/build.make:76: CMakeFiles/node_position_process.dir/src/node_pose_proc.cpp.o] Error 1
gmake[1]: *** [CMakeFiles/Makefile2:165: CMakeFiles/node_position_process.dir/all] Error 2
gmake: *** [Makefile:146: all] Error 2
