[0.116s] Invoking command in '/home/curry/wilson_proj/ros2-rover-ws/build/package_position_process': AMENT_PREFIX_PATH=/home/curry/wilson_proj/ros2-rover-ws/install/msgs_positions:${AMENT_PREFIX_PATH} CMAKE_PREFIX_PATH=/home/curry/wilson_proj/ros2-rover-ws/install/msgs_positions:/opt/ros/humble LD_LIBRARY_PATH=/home/curry/wilson_proj/ros2-rover-ws/install/msgs_positions/lib:${LD_LIBRARY_PATH} PYTHONPATH=/home/curry/wilson_proj/ros2-rover-ws/install/msgs_positions/local/lib/python3.10/dist-packages:${PYTHONPATH} /usr/bin/cmake --build /home/curry/wilson_proj/ros2-rover-ws/build/package_position_process -- -j4 -l4
[0.248s] -- Found ament_cmake: 1.3.11 (/opt/ros/humble/share/ament_cmake/cmake)
[0.976s] -- Found rclcpp: 16.0.11 (/opt/ros/humble/share/rclcpp/cmake)
[1.198s] -- Found rosidl_generator_c: 3.1.6 (/opt/ros/humble/share/rosidl_generator_c/cmake)
[1.214s] -- Found rosidl_adapter: 3.1.6 (/opt/ros/humble/share/rosidl_adapter/cmake)
[1.244s] -- Found rosidl_generator_cpp: 3.1.6 (/opt/ros/humble/share/rosidl_generator_cpp/cmake)
[1.293s] -- Using all available rosidl_typesupport_c: rosidl_typesupport_fastrtps_c;rosidl_typesupport_introspection_c
[1.363s] -- Using all available rosidl_typesupport_cpp: rosidl_typesupport_fastrtps_cpp;rosidl_typesupport_introspection_cpp
[1.527s] -- Found rmw_implementation_cmake: 6.1.2 (/opt/ros/humble/share/rmw_implementation_cmake/cmake)
[1.534s] -- Found rmw_fastrtps_cpp: 6.2.7 (/opt/ros/humble/share/rmw_fastrtps_cpp/cmake)
[2.509s] -- Using RMW implementation 'rmw_fastrtps_cpp' as default
[2.708s] -- Found msgs_positions: 0.0.0 (/home/curry/wilson_proj/ros2-rover-ws/install/msgs_positions/share/msgs_positions/cmake)
[2.762s] -- Found ament_lint_auto: 0.12.11 (/opt/ros/humble/share/ament_lint_auto/cmake)
[3.070s] -- Added test 'cppcheck' to perform static code analysis on C / C++ code
[3.071s] -- Configured cppcheck include dirs: $<BUILD_INTERFACE:/home/curry/wilson_proj/ros2-rover-ws/src/package_position_process/include>
[3.071s] -- Configured cppcheck exclude dirs and/or files: 
[3.075s] -- Added test 'lint_cmake' to check CMake code style
[3.083s] -- Added test 'uncrustify' to check C / C++ code style
[3.083s] -- Configured uncrustify additional arguments: 
[3.085s] -- Added test 'xmllint' to check XML markup files
[3.089s] -- Configuring done
[3.170s] -- Generating done
[3.179s] -- Build files have been written to: /home/curry/wilson_proj/ros2-rover-ws/build/package_position_process
[3.286s] [35m[1mConsolidate compiler generated dependencies of target node_gnss[0m
[3.325s] [ 25%] [32mBuilding CXX object CMakeFiles/node_position_process.dir/src/node_pose_proc.cpp.o[0m
[3.379s] [ 75%] Built target node_gnss
[13.251s] [01m[K/home/curry/wilson_proj/ros2-rover-ws/src/package_position_process/src/node_pose_proc.cpp:[m[K In member function â€˜[01m[Kvoid PoseProcessor::processData()[m[Kâ€™:
[13.252s] [01m[K/home/curry/wilson_proj/ros2-rover-ws/src/package_position_process/src/node_pose_proc.cpp:32:9:[m[K [01;31m[Kerror: [m[Kâ€˜[01m[Kpass[m[Kâ€™ was not declared in this scope
[13.252s]    32 |         [01;31m[Kpass[m[K;
[13.253s]       |         [01;31m[K^~~~[m[K
[13.283s] [01m[K/home/curry/wilson_proj/ros2-rover-ws/src/package_position_process/src/node_pose_proc.cpp:[m[K In member function â€˜[01m[Kvoid PoseProcessor::topic_des_callback(std_msgs::msg::Float32MultiArray_<std::allocator<void> >::SharedPtr)[m[Kâ€™:
[13.284s] [01m[K/home/curry/wilson_proj/ros2-rover-ws/src/package_position_process/src/node_pose_proc.cpp:37:46:[m[K [01;31m[Kerror: [m[Kâ€˜[01m[Kdata_lock_[m[Kâ€™ was not declared in this scope
[13.284s]    37 |             std::lock_guard<std::mutex> lock([01;31m[Kdata_lock_[m[K);
[13.284s]       |                                              [01;31m[K^~~~~~~~~~[m[K
[13.311s] [01m[K/home/curry/wilson_proj/ros2-rover-ws/src/package_position_process/src/node_pose_proc.cpp:38:17:[m[K [01;31m[Kerror: [m[Kâ€˜[01m[Kdestination_a_[m[Kâ€™ was not declared in this scope
[13.312s]    38 |             if ([01;31m[Kdestination_a_[m[K != msg->data[0] || destination_b_ != msg->data[1] ){
[13.312s]       |                 [01;31m[K^~~~~~~~~~~~~~[m[K
[13.339s] [01m[K/home/curry/wilson_proj/ros2-rover-ws/src/package_position_process/src/node_pose_proc.cpp:38:51:[m[K [01;31m[Kerror: [m[Kâ€˜[01m[Kdestination_b_[m[Kâ€™ was not declared in this scope
[13.340s]    38 |             if (destination_a_ != msg->data[0] || [01;31m[Kdestination_b_[m[K != msg->data[1] ){
[13.340s]       |                                                   [01;31m[K^~~~~~~~~~~~~~[m[K
[13.370s] In file included from [01m[K/opt/ros/humble/include/rclcpp/rclcpp/logging.hpp:24[m[K,
[13.370s]                  from [01m[K/opt/ros/humble/include/rclcpp/rclcpp/client.hpp:40[m[K,
[13.370s]                  from [01m[K/opt/ros/humble/include/rclcpp/rclcpp/callback_group.hpp:24[m[K,
[13.371s]                  from [01m[K/opt/ros/humble/include/rclcpp/rclcpp/any_executable.hpp:20[m[K,
[13.371s]                  from [01m[K/opt/ros/humble/include/rclcpp/rclcpp/memory_strategy.hpp:25[m[K,
[13.371s]                  from [01m[K/opt/ros/humble/include/rclcpp/rclcpp/memory_strategies.hpp:18[m[K,
[13.372s]                  from [01m[K/opt/ros/humble/include/rclcpp/rclcpp/executor_options.hpp:20[m[K,
[13.372s]                  from [01m[K/opt/ros/humble/include/rclcpp/rclcpp/executor.hpp:37[m[K,
[13.372s]                  from [01m[K/opt/ros/humble/include/rclcpp/rclcpp/executors/multi_threaded_executor.hpp:25[m[K,
[13.373s]                  from [01m[K/opt/ros/humble/include/rclcpp/rclcpp/executors.hpp:21[m[K,
[13.373s]                  from [01m[K/opt/ros/humble/include/rclcpp/rclcpp/rclcpp.hpp:155[m[K,
[13.373s]                  from [01m[K/home/curry/wilson_proj/ros2-rover-ws/src/package_position_process/src/node_pose_proc.cpp:1[m[K:
[13.374s] [01m[K/home/curry/wilson_proj/ros2-rover-ws/src/package_position_process/src/node_pose_proc.cpp:41:144:[m[K [01;31m[Kerror: [m[Kâ€˜[01m[Kdestination_c_[m[Kâ€™ was not declared in this scope
[13.374s]    41 |                 RCLCPP_INFO(this->get_logger(), "Received on topic_destination: a = %.2f, b = %.2f, c = %.2f", destination_a_, destination_b_, [01;31m[Kdestination_c_[m[K);
[13.374s]       |                                                                                                                                                [01;31m[K^~~~~~~~~~~~~~[m[K
[23.680s] gmake[2]: *** [CMakeFiles/node_position_process.dir/build.make:76: CMakeFiles/node_position_process.dir/src/node_pose_proc.cpp.o] Error 1
[23.681s] gmake[1]: *** [CMakeFiles/Makefile2:165: CMakeFiles/node_position_process.dir/all] Error 2
[23.682s] gmake: *** [Makefile:146: all] Error 2
[23.692s] Invoked command in '/home/curry/wilson_proj/ros2-rover-ws/build/package_position_process' returned '2': AMENT_PREFIX_PATH=/home/curry/wilson_proj/ros2-rover-ws/install/msgs_positions:${AMENT_PREFIX_PATH} CMAKE_PREFIX_PATH=/home/curry/wilson_proj/ros2-rover-ws/install/msgs_positions:/opt/ros/humble LD_LIBRARY_PATH=/home/curry/wilson_proj/ros2-rover-ws/install/msgs_positions/lib:${LD_LIBRARY_PATH} PYTHONPATH=/home/curry/wilson_proj/ros2-rover-ws/install/msgs_positions/local/lib/python3.10/dist-packages:${PYTHONPATH} /usr/bin/cmake --build /home/curry/wilson_proj/ros2-rover-ws/build/package_position_process -- -j4 -l4
