[01m[K/home/curry/wilson_proj/ros2-rover-ws/src/package_rover_control/src/node_rover_control_a.cpp:[m[K In member function â€˜[01m[Kvoid Node_Rovercontrol::timer_callback()[m[Kâ€™:
[01m[K/home/curry/wilson_proj/ros2-rover-ws/src/package_rover_control/src/node_rover_control_a.cpp:85:53:[m[K [01;35m[Kwarning: [m[Knarrowing conversion of â€˜[01m[K((Node_Rovercontrol*)this)->Node_Rovercontrol::spd_msg_[m[Kâ€™ from â€˜[01m[Kuint8_t[m[Kâ€™ {aka â€˜[01m[Kunsigned char[m[Kâ€™} to â€˜[01m[Kfloat[m[Kâ€™ [[01;35m[K]8;;https://gcc.gnu.org/onlinedocs/gcc/Warning-Options.html#index-Wnarrowing-Wnarrowing]8;;[m[K]
   85 |         rover_con_ = {ro_ctrl_msg1_, ro_ctrl_msg2_, [01;35m[Kspd_msg_[m[K};
      |                                                     [01;35m[K^~~~~~~~[m[K
[01m[K/home/curry/wilson_proj/ros2-rover-ws/src/package_rover_control/src/node_rover_control_a.cpp:85:53:[m[K [01;35m[Kwarning: [m[Knarrowing conversion of â€˜[01m[K((Node_Rovercontrol*)this)->Node_Rovercontrol::spd_msg_[m[Kâ€™ from â€˜[01m[Kuint8_t[m[Kâ€™ {aka â€˜[01m[Kunsigned char[m[Kâ€™} to â€˜[01m[Kfloat[m[Kâ€™ [[01;35m[K]8;;https://gcc.gnu.org/onlinedocs/gcc/Warning-Options.html#index-Wnarrowing-Wnarrowing]8;;[m[K]
[01m[K/home/curry/wilson_proj/ros2-rover-ws/src/package_rover_control/src/node_rover_control_a.cpp:86:9:[m[K [01;31m[Kerror: [m[Kâ€˜[01m[Krover_con_msg[m[Kâ€™ was not declared in this scope; did you mean â€˜[01m[Krover_con_[m[Kâ€™?
   86 |         [01;31m[Krover_con_msg[m[K = std_msgs::msg::Float32MultiArray();
      |         [01;31m[K^~~~~~~~~~~~~[m[K
      |         [32m[Krover_con_[m[K
gmake[2]: *** [CMakeFiles/node_rovercontrol.dir/build.make:76: CMakeFiles/node_rovercontrol.dir/src/node_rover_control_a.cpp.o] Error 1
gmake[1]: *** [CMakeFiles/Makefile2:193: CMakeFiles/node_rovercontrol.dir/all] Error 2
gmake: *** [Makefile:146: all] Error 2
