[0.223s] Invoking command in '/home/curry/wilson_proj/ros2-rover-ws/build/package_position_process': CMAKE_PREFIX_PATH=${CMAKE_PREFIX_PATH}:/opt/ros/humble /usr/bin/cmake --build /home/curry/wilson_proj/ros2-rover-ws/build/package_position_process -- -j4 -l4
[0.556s] [35m[1mConsolidate compiler generated dependencies of target node_gnss[0m
[0.771s] [ 25%] [32mBuilding CXX object CMakeFiles/node_position_process.dir/src/node_pose_proc.cpp.o[0m
[0.826s] [ 75%] Built target node_gnss
[2.895s] [01m[K/home/curry/wilson_proj/ros2-rover-ws/src/package_position_process/src/node_pose_proc.cpp:4:10:[m[K [01;31m[Kfatal error: [m[Kservice_ifaces/msg/gnss_data.hpp: No such file or directory
[2.895s]     4 | #include [01;31m[K<service_ifaces/msg/gnss_data.hpp>[m[K
[2.896s]       |          [01;31m[K^~~~~~~~~~~~~~~~~~~~~~~~~~~~~~~~~~[m[K
[2.896s] compilation terminated.
[2.912s] gmake[2]: *** [CMakeFiles/node_position_process.dir/build.make:76: CMakeFiles/node_position_process.dir/src/node_pose_proc.cpp.o] Error 1
[2.915s] gmake[1]: *** [CMakeFiles/Makefile2:165: CMakeFiles/node_position_process.dir/all] Error 2
[2.923s] gmake: *** [Makefile:146: all] Error 2
[2.930s] Invoked command in '/home/curry/wilson_proj/ros2-rover-ws/build/package_position_process' returned '2': CMAKE_PREFIX_PATH=${CMAKE_PREFIX_PATH}:/opt/ros/humble /usr/bin/cmake --build /home/curry/wilson_proj/ros2-rover-ws/build/package_position_process -- -j4 -l4
