[0.060s] Invoking command in '/home/curry/wilson_proj/ros2-rover-ws/build/package_rover_control': CMAKE_PREFIX_PATH=${CMAKE_PREFIX_PATH}:/opt/ros/iron /usr/bin/cmake --build /home/curry/wilson_proj/ros2-rover-ws/build/package_rover_control -- -j4 -l4
[0.486s] [ 33%] Built target motorcontrol
[0.498s] [ 50%] [32mBuilding CXX object CMakeFiles/node_rovercontrol.dir/src/node_rover_control.cpp.o[0m
[0.502s] [ 83%] Built target node_motor_control
[11.389s] [01m[K/home/curry/wilson_proj/ros2-rover-ws/src/package_rover_control/src/node_rover_control.cpp:152:38:[m[K [01;31m[Kerror: [m[Kâ€˜[01m[KInt16[m[Kâ€™ is not a member of â€˜[01m[Kstd_msgs::msg[m[Kâ€™; did you mean â€˜[01m[KUInt16[m[Kâ€™?
[11.389s]   152 |     rclcpp::Publisher<std_msgs::msg::[01;31m[KInt16[m[K>::SharedPtr topic_motorcontrol_publisher_;
[11.390s]       |                                      [01;31m[K^~~~~[m[K
[11.390s]       |                                      [32m[KUInt16[m[K
[11.390s] [01m[K/home/curry/wilson_proj/ros2-rover-ws/src/package_rover_control/src/node_rover_control.cpp:152:43:[m[K [01;31m[Kerror: [m[Ktemplate argument 1 is invalid
[11.390s]   152 |     rclcpp::Publisher<std_msgs::msg::Int16[01;31m[K>[m[K::SharedPtr topic_motorcontrol_publisher_;
[11.391s]       |                                           [01;31m[K^[m[K
[11.412s] [01m[K/home/curry/wilson_proj/ros2-rover-ws/src/package_rover_control/src/node_rover_control.cpp:152:46:[m[K [01;31m[Kerror: [m[Kexpected â€˜[01m[K;[m[Kâ€™ at end of member declaration
[11.414s]   152 |     rclcpp::Publisher<std_msgs::msg::Int16>::[01;31m[KSharedPtr[m[K topic_motorcontrol_publisher_;
[11.414s]       |                                              [01;31m[K^~~~~~~~~[m[K
[11.415s]       |                                                       [32m[K;[m[K
[11.441s] [01m[K/home/curry/wilson_proj/ros2-rover-ws/src/package_rover_control/src/node_rover_control.cpp:152:56:[m[K [01;31m[Kerror: [m[Kâ€˜[01m[Ktopic_motorcontrol_publisher_[m[Kâ€™ does not name a type
[11.441s]   152 |     rclcpp::Publisher<std_msgs::msg::Int16>::SharedPtr [01;31m[Ktopic_motorcontrol_publisher_[m[K;
[11.442s]       |                                                        [01;31m[K^~~~~~~~~~~~~~~~~~~~~~~~~~~~~[m[K
[11.659s] [01m[K/home/curry/wilson_proj/ros2-rover-ws/src/package_rover_control/src/node_rover_control.cpp:[m[K In constructor â€˜[01m[KNode_Rovercontrol::Node_Rovercontrol()[m[Kâ€™:
[11.661s] [01m[K/home/curry/wilson_proj/ros2-rover-ws/src/package_rover_control/src/node_rover_control.cpp:28:9:[m[K [01;31m[Kerror: [m[Kno match for â€˜[01m[Koperator=[m[Kâ€™ (operand types are â€˜[01m[Krclcpp::Subscription<std_msgs::msg::Int32MultiArray_<std::allocator<void> > >::SharedPtr[m[Kâ€™ {aka â€˜[01m[Kstd::shared_ptr<rclcpp::Subscription<std_msgs::msg::Int32MultiArray_<std::allocator<void> > > >[m[Kâ€™} and â€˜[01m[Kstd::shared_ptr<rclcpp::Subscription<std_msgs::msg::UInt16MultiArray_<std::allocator<void> >, std::allocator<void>, std_msgs::msg::UInt16MultiArray_<std::allocator<void> >, std_msgs::msg::UInt16MultiArray_<std::allocator<void> >, rclcpp::message_memory_strategy::MessageMemoryStrategy<std_msgs::msg::UInt16MultiArray_<std::allocator<void> >, std::allocator<void> > > >[m[Kâ€™)
[11.662s]    28 |         [01;31m[K)[m[K;
[11.662s]       |         [01;31m[K^[m[K
[11.662s] In file included from [01m[K/usr/include/c++/11/memory:77[m[K,
[11.663s]                  from [01m[K/opt/ros/iron/include/rclcpp/rclcpp/rclcpp.hpp:165[m[K,
[11.663s]                  from [01m[K/home/curry/wilson_proj/ros2-rover-ws/src/package_rover_control/src/node_rover_control.cpp:1[m[K:
[11.663s] [01m[K/usr/include/c++/11/bits/shared_ptr.h:363:9:[m[K [01;36m[Knote: [m[Kcandidate: â€˜[01m[Ktemplate<class _Yp> std::shared_ptr<_Tp>::_Assignable<const std::shared_ptr<_Yp>&> std::shared_ptr<_Tp>::operator=(const std::shared_ptr<_Yp>&) [with _Yp = _Yp; _Tp = rclcpp::Subscription<std_msgs::msg::Int32MultiArray_<std::allocator<void> > >][m[Kâ€™
[11.664s]   363 |         [01;36m[Koperator[m[K=(const shared_ptr<_Yp>& __r) noexcept
[11.664s]       |         [01;36m[K^~~~~~~~[m[K
[11.664s] [01m[K/usr/include/c++/11/bits/shared_ptr.h:363:9:[m[K [01;36m[Knote: [m[K  template argument deduction/substitution failed:
[11.665s] /usr/include/c++/11/bits/shared_ptr.h: In substitution of â€˜[01m[Ktemplate<class _Tp> template<class _Arg> using _Assignable = typename std::enable_if<std::is_assignable<std::__shared_ptr<_Tp>&, _Arg>::value, std::shared_ptr<_Tp>&>::type [with _Arg = const std::shared_ptr<rclcpp::Subscription<std_msgs::msg::UInt16MultiArray_<std::allocator<void> >, std::allocator<void>, std_msgs::msg::UInt16MultiArray_<std::allocator<void> >, std_msgs::msg::UInt16MultiArray_<std::allocator<void> >, rclcpp::message_memory_strategy::MessageMemoryStrategy<std_msgs::msg::UInt16MultiArray_<std::allocator<void> >, std::allocator<void> > > >&; _Tp = rclcpp::Subscription<std_msgs::msg::Int32MultiArray_<std::allocator<void> > >][m[Kâ€™:
[11.665s] [01m[K/usr/include/c++/11/bits/shared_ptr.h:363:2:[m[K   required by substitution of â€˜[01m[Ktemplate<class _Yp> std::shared_ptr<rclcpp::Subscription<std_msgs::msg::Int32MultiArray_<std::allocator<void> > > >::_Assignable<const std::shared_ptr<_Tp>&> std::shared_ptr<rclcpp::Subscription<std_msgs::msg::Int32MultiArray_<std::allocator<void> > > >::operator=<_Yp>(const std::shared_ptr<_Tp>&) [with _Yp = rclcpp::Subscription<std_msgs::msg::UInt16MultiArray_<std::allocator<void> >, std::allocator<void>, std_msgs::msg::UInt16MultiArray_<std::allocator<void> >, std_msgs::msg::UInt16MultiArray_<std::allocator<void> >, rclcpp::message_memory_strategy::MessageMemoryStrategy<std_msgs::msg::UInt16MultiArray_<std::allocator<void> >, std::allocator<void> > >][m[Kâ€™
[11.666s] [01m[K/home/curry/wilson_proj/ros2-rover-ws/src/package_rover_control/src/node_rover_control.cpp:28:9:[m[K   required from here
[11.666s] [01m[K/usr/include/c++/11/bits/shared_ptr.h:130:15:[m[K [01;31m[Kerror: [m[Kno type named â€˜[01m[Ktype[m[Kâ€™ in â€˜[01m[Kstruct std::enable_if<false, std::shared_ptr<rclcpp::Subscription<std_msgs::msg::Int32MultiArray_<std::allocator<void> > > >&>[m[Kâ€™
[11.667s]   130 |         using [01;31m[K_Assignable[m[K = typename enable_if<
[11.667s]       |               [01;31m[K^~~~~~~~~~~[m[K
[11.668s] [01m[K/usr/include/c++/11/bits/shared_ptr.h:374:9:[m[K [01;36m[Knote: [m[Kcandidate: â€˜[01m[Ktemplate<class _Yp> std::shared_ptr<_Tp>::_Assignable<std::auto_ptr<_Up> > std::shared_ptr<_Tp>::operator=(std::auto_ptr<_Up>&&) [with _Yp = _Yp; _Tp = rclcpp::Subscription<std_msgs::msg::Int32MultiArray_<std::allocator<void> > >][m[Kâ€™
[11.668s]   374 |         [01;36m[Koperator[m[K=(auto_ptr<_Yp>&& __r)
[11.668s]       |         [01;36m[K^~~~~~~~[m[K
[11.669s] [01m[K/usr/include/c++/11/bits/shared_ptr.h:374:9:[m[K [01;36m[Knote: [m[K  template argument deduction/substitution failed:
[11.669s] [01m[K/home/curry/wilson_proj/ros2-rover-ws/src/package_rover_control/src/node_rover_control.cpp:28:9:[m[K [01;36m[Knote: [m[K  â€˜[01m[Kstd::shared_ptr<rclcpp::Subscription<std_msgs::msg::UInt16MultiArray_<std::allocator<void> >, std::allocator<void>, std_msgs::msg::UInt16MultiArray_<std::allocator<void> >, std_msgs::msg::UInt16MultiArray_<std::allocator<void> >, rclcpp::message_memory_strategy::MessageMemoryStrategy<std_msgs::msg::UInt16MultiArray_<std::allocator<void> >, std::allocator<void> > > >[m[Kâ€™ is not derived from â€˜[01m[Kstd::auto_ptr<_Up>[m[Kâ€™
[11.670s]    28 |         [01;36m[K)[m[K;
[11.670s]       |         [01;36m[K^[m[K
[11.671s] In file included from [01m[K/usr/include/c++/11/memory:77[m[K,
[11.671s]                  from [01m[K/opt/ros/iron/include/rclcpp/rclcpp/rclcpp.hpp:165[m[K,
[11.671s]                  from [01m[K/home/curry/wilson_proj/ros2-rover-ws/src/package_rover_control/src/node_rover_control.cpp:1[m[K:
[11.672s] [01m[K/usr/include/c++/11/bits/shared_ptr.h:391:9:[m[K [01;36m[Knote: [m[Kcandidate: â€˜[01m[Ktemplate<class _Yp> std::shared_ptr<_Tp>::_Assignable<std::shared_ptr<_Yp> > std::shared_ptr<_Tp>::operator=(std::shared_ptr<_Yp>&&) [with _Yp = _Yp; _Tp = rclcpp::Subscription<std_msgs::msg::Int32MultiArray_<std::allocator<void> > >][m[Kâ€™
[11.672s]   391 |         [01;36m[Koperator[m[K=(shared_ptr<_Yp>&& __r) noexcept
[11.673s]       |         [01;36m[K^~~~~~~~[m[K
[11.673s] [01m[K/usr/include/c++/11/bits/shared_ptr.h:391:9:[m[K [01;36m[Knote: [m[K  template argument deduction/substitution failed:
[11.673s] /usr/include/c++/11/bits/shared_ptr.h: In substitution of â€˜[01m[Ktemplate<class _Tp> template<class _Arg> using _Assignable = typename std::enable_if<std::is_assignable<std::__shared_ptr<_Tp>&, _Arg>::value, std::shared_ptr<_Tp>&>::type [with _Arg = std::shared_ptr<rclcpp::Subscription<std_msgs::msg::UInt16MultiArray_<std::allocator<void> >, std::allocator<void>, std_msgs::msg::UInt16MultiArray_<std::allocator<void> >, std_msgs::msg::UInt16MultiArray_<std::allocator<void> >, rclcpp::message_memory_strategy::MessageMemoryStrategy<std_msgs::msg::UInt16MultiArray_<std::allocator<void> >, std::allocator<void> > > >; _Tp = rclcpp::Subscription<std_msgs::msg::Int32MultiArray_<std::allocator<void> > >][m[Kâ€™:
[11.673s] [01m[K/usr/include/c++/11/bits/shared_ptr.h:391:2:[m[K   required by substitution of â€˜[01m[Ktemplate<class _Yp> std::shared_ptr<rclcpp::Subscription<std_msgs::msg::Int32MultiArray_<std::allocator<void> > > >::_Assignable<std::shared_ptr<_Tp> > std::shared_ptr<rclcpp::Subscription<std_msgs::msg::Int32MultiArray_<std::allocator<void> > > >::operator=<_Yp>(std::shared_ptr<_Tp>&&) [with _Yp = rclcpp::Subscription<std_msgs::msg::UInt16MultiArray_<std::allocator<void> >, std::allocator<void>, std_msgs::msg::UInt16MultiArray_<std::allocator<void> >, std_msgs::msg::UInt16MultiArray_<std::allocator<void> >, rclcpp::message_memory_strategy::MessageMemoryStrategy<std_msgs::msg::UInt16MultiArray_<std::allocator<void> >, std::allocator<void> > >][m[Kâ€™
[11.674s] [01m[K/home/curry/wilson_proj/ros2-rover-ws/src/package_rover_control/src/node_rover_control.cpp:28:9:[m[K   required from here
[11.674s] [01m[K/usr/include/c++/11/bits/shared_ptr.h:130:15:[m[K [01;31m[Kerror: [m[Kno type named â€˜[01m[Ktype[m[Kâ€™ in â€˜[01m[Kstruct std::enable_if<false, std::shared_ptr<rclcpp::Subscription<std_msgs::msg::Int32MultiArray_<std::allocator<void> > > >&>[m[Kâ€™
[11.674s]   130 |         using [01;31m[K_Assignable[m[K = typename enable_if<
[11.675s]       |               [01;31m[K^~~~~~~~~~~[m[K
[11.675s] [01m[K/usr/include/c++/11/bits/shared_ptr.h:399:9:[m[K [01;36m[Knote: [m[Kcandidate: â€˜[01m[Ktemplate<class _Yp, class _Del> std::shared_ptr<_Tp>::_Assignable<std::unique_ptr<_Up, _Ep> > std::shared_ptr<_Tp>::operator=(std::unique_ptr<_Up, _Ep>&&) [with _Yp = _Yp; _Del = _Del; _Tp = rclcpp::Subscription<std_msgs::msg::Int32MultiArray_<std::allocator<void> > >][m[Kâ€™
[11.675s]   399 |         [01;36m[Koperator[m[K=(unique_ptr<_Yp, _Del>&& __r)
[11.675s]       |         [01;36m[K^~~~~~~~[m[K
[11.675s] [01m[K/usr/include/c++/11/bits/shared_ptr.h:399:9:[m[K [01;36m[Knote: [m[K  template argument deduction/substitution failed:
[11.676s] [01m[K/home/curry/wilson_proj/ros2-rover-ws/src/package_rover_control/src/node_rover_control.cpp:28:9:[m[K [01;36m[Knote: [m[K  â€˜[01m[Kstd::shared_ptr<rclcpp::Subscription<std_msgs::msg::UInt16MultiArray_<std::allocator<void> >, std::allocator<void>, std_msgs::msg::UInt16MultiArray_<std::allocator<void> >, std_msgs::msg::UInt16MultiArray_<std::allocator<void> >, rclcpp::message_memory_strategy::MessageMemoryStrategy<std_msgs::msg::UInt16MultiArray_<std::allocator<void> >, std::allocator<void> > > >[m[Kâ€™ is not derived from â€˜[01m[Kstd::unique_ptr<_Tp, _Dp>[m[Kâ€™
[11.676s]    28 |         [01;36m[K)[m[K;
[11.676s]       |         [01;36m[K^[m[K
[11.676s] In file included from [01m[K/usr/include/c++/11/memory:77[m[K,
[11.677s]                  from [01m[K/opt/ros/iron/include/rclcpp/rclcpp/rclcpp.hpp:165[m[K,
[11.677s]                  from [01m[K/home/curry/wilson_proj/ros2-rover-ws/src/package_rover_control/src/node_rover_control.cpp:1[m[K:
[11.677s] [01m[K/usr/include/c++/11/bits/shared_ptr.h:359:19:[m[K [01;36m[Knote: [m[Kcandidate: â€˜[01m[Kstd::shared_ptr<_Tp>& std::shared_ptr<_Tp>::operator=(const std::shared_ptr<_Tp>&) [with _Tp = rclcpp::Subscription<std_msgs::msg::Int32MultiArray_<std::allocator<void> > >][m[Kâ€™
[11.677s]   359 |       shared_ptr& [01;36m[Koperator[m[K=(const shared_ptr&) noexcept = default;
[11.678s]       |                   [01;36m[K^~~~~~~~[m[K
[11.678s] [01m[K/usr/include/c++/11/bits/shared_ptr.h:359:29:[m[K [01;36m[Knote: [m[K  no known conversion for argument 1 from â€˜[01m[Kstd::shared_ptr<rclcpp::Subscription<std_msgs::msg::UInt16MultiArray_<std::allocator<void> >, std::allocator<void>, std_msgs::msg::UInt16MultiArray_<std::allocator<void> >, std_msgs::msg::UInt16MultiArray_<std::allocator<void> >, rclcpp::message_memory_strategy::MessageMemoryStrategy<std_msgs::msg::UInt16MultiArray_<std::allocator<void> >, std::allocator<void> > > >[m[Kâ€™ to â€˜[01m[Kconst std::shared_ptr<rclcpp::Subscription<std_msgs::msg::Int32MultiArray_<std::allocator<void> > > >&[m[Kâ€™
[11.678s]   359 |       shared_ptr& operator=([01;36m[Kconst shared_ptr&[m[K) noexcept = default;
[11.679s]       |                             [01;36m[K^~~~~~~~~~~~~~~~~[m[K
[11.679s] [01m[K/usr/include/c++/11/bits/shared_ptr.h:383:7:[m[K [01;36m[Knote: [m[Kcandidate: â€˜[01m[Kstd::shared_ptr<_Tp>& std::shared_ptr<_Tp>::operator=(std::shared_ptr<_Tp>&&) [with _Tp = rclcpp::Subscription<std_msgs::msg::Int32MultiArray_<std::allocator<void> > >][m[Kâ€™
[11.679s]   383 |       [01;36m[Koperator[m[K=(shared_ptr&& __r) noexcept
[11.679s]       |       [01;36m[K^~~~~~~~[m[K
[11.680s] [01m[K/usr/include/c++/11/bits/shared_ptr.h:383:30:[m[K [01;36m[Knote: [m[K  no known conversion for argument 1 from â€˜[01m[Kstd::shared_ptr<rclcpp::Subscription<std_msgs::msg::UInt16MultiArray_<std::allocator<void> >, std::allocator<void>, std_msgs::msg::UInt16MultiArray_<std::allocator<void> >, std_msgs::msg::UInt16MultiArray_<std::allocator<void> >, rclcpp::message_memory_strategy::MessageMemoryStrategy<std_msgs::msg::UInt16MultiArray_<std::allocator<void> >, std::allocator<void> > > >[m[Kâ€™ to â€˜[01m[Kstd::shared_ptr<rclcpp::Subscription<std_msgs::msg::Int32MultiArray_<std::allocator<void> > > >&&[m[Kâ€™
[11.680s]   383 |       operator=([01;36m[Kshared_ptr&& __r[m[K) noexcept
[11.680s]       |                 [01;36m[K~~~~~~~~~~~~~^~~[m[K
[11.720s] [01m[K/home/curry/wilson_proj/ros2-rover-ws/src/package_rover_control/src/node_rover_control.cpp:31:9:[m[K [01;31m[Kerror: [m[Kâ€˜[01m[Ktopic_motorcontrol_publisher_[m[Kâ€™ was not declared in this scope
[11.720s]    31 |         [01;31m[Ktopic_motorcontrol_publisher_[m[K = this->create_publisher<std_msgs::msg::UInt16>("pub_rovercontrol", 10);
[11.721s]       |         [01;31m[K^~~~~~~~~~~~~~~~~~~~~~~~~~~~~[m[K
[11.783s] [01m[K/home/curry/wilson_proj/ros2-rover-ws/src/package_rover_control/src/node_rover_control.cpp:32:9:[m[K [01;31m[Kerror: [m[Kâ€˜[01m[Ktopic_testcontrol_publisher_[m[Kâ€™ was not declared in this scope
[11.784s]    32 |         [01;31m[Ktopic_testcontrol_publisher_[m[K = this->create_publisher<std_msgs::msg::String>("pub_testcontrol", 10);
[11.784s]       |         [01;31m[K^~~~~~~~~~~~~~~~~~~~~~~~~~~~[m[K
[12.762s] [01m[K/home/curry/wilson_proj/ros2-rover-ws/src/package_rover_control/src/node_rover_control.cpp:[m[K In member function â€˜[01m[Kvoid Node_Rovercontrol::topic_speedlimit_callback(std_msgs::msg::String_<std::allocator<void> >::SharedPtr)[m[Kâ€™:
[12.763s] [01m[K/home/curry/wilson_proj/ros2-rover-ws/src/package_rover_control/src/node_rover_control.cpp:51:9:[m[K [01;31m[Kerror: [m[Kâ€˜[01m[Ktopic_testcontrol_publisher_[m[Kâ€™ was not declared in this scope
[12.763s]    51 |         [01;31m[Ktopic_testcontrol_publisher_[m[K->publish(pub_testcon);
[12.764s]       |         [01;31m[K^~~~~~~~~~~~~~~~~~~~~~~~~~~~[m[K
[12.776s] [01m[K/home/curry/wilson_proj/ros2-rover-ws/src/package_rover_control/src/node_rover_control.cpp:[m[K In member function â€˜[01m[Kvoid Node_Rovercontrol::timer_callback()[m[Kâ€™:
[12.777s] [01m[K/home/curry/wilson_proj/ros2-rover-ws/src/package_rover_control/src/node_rover_control.cpp:76:54:[m[K [01;31m[Kerror: [m[Kâ€˜[01m[KInt16[m[Kâ€™ is not a member of â€˜[01m[Kstd_msgs::msg[m[Kâ€™; did you mean â€˜[01m[KUInt16[m[Kâ€™?
[12.777s]    76 |                     auto result_msg = std_msgs::msg::[01;31m[KInt16[m[K();
[12.778s]       |                                                      [01;31m[K^~~~~[m[K
[12.778s]       |                                                      [32m[KUInt16[m[K
[12.832s] [01m[K/home/curry/wilson_proj/ros2-rover-ws/src/package_rover_control/src/node_rover_control.cpp:78:21:[m[K [01;31m[Kerror: [m[Kâ€˜[01m[Ktopic_motorcontrol_publisher_[m[Kâ€™ was not declared in this scope
[12.833s]    78 |                     [01;31m[Ktopic_motorcontrol_publisher_[m[K->publish(result_msg);
[12.833s]       |                     [01;31m[K^~~~~~~~~~~~~~~~~~~~~~~~~~~~~[m[K
[23.205s] gmake[2]: *** [CMakeFiles/node_rovercontrol.dir/build.make:76: CMakeFiles/node_rovercontrol.dir/src/node_rover_control.cpp.o] Error 1
[23.206s] gmake[1]: *** [CMakeFiles/Makefile2:193: CMakeFiles/node_rovercontrol.dir/all] Error 2
[23.207s] gmake: *** [Makefile:146: all] Error 2
[23.213s] Invoked command in '/home/curry/wilson_proj/ros2-rover-ws/build/package_rover_control' returned '2': CMAKE_PREFIX_PATH=${CMAKE_PREFIX_PATH}:/opt/ros/iron /usr/bin/cmake --build /home/curry/wilson_proj/ros2-rover-ws/build/package_rover_control -- -j4 -l4
