[0.045s] Invoking command in '/home/curry/wilson_proj/ros2-rover-ws/build/test_package': CMAKE_PREFIX_PATH=/opt/ros/iron /usr/bin/cmake /home/curry/wilson_proj/ros2-rover-ws/src/test_package -DCMAKE_INSTALL_PREFIX=/home/curry/wilson_proj/ros2-rover-ws/install/test_package
[0.293s] -- The C compiler identification is GNU 11.4.0
[0.542s] -- The CXX compiler identification is GNU 11.4.0
[0.573s] -- Detecting C compiler ABI info
[0.877s] -- Detecting C compiler ABI info - done
[0.906s] -- Check for working C compiler: /usr/bin/cc - skipped
[0.907s] -- Detecting C compile features
[0.908s] -- Detecting C compile features - done
[0.919s] -- Detecting CXX compiler ABI info
[1.254s] -- Detecting CXX compiler ABI info - done
[1.282s] -- Check for working CXX compiler: /usr/bin/c++ - skipped
[1.283s] -- Detecting CXX compile features
[1.285s] -- Detecting CXX compile features - done
[1.310s] -- Found ament_cmake: 2.0.6 (/opt/ros/iron/share/ament_cmake/cmake)
[2.092s] -- Found Python3: /usr/bin/python3.10 (found version "3.10.12") found components: Interpreter 
[2.621s] -- Found ament_lint_auto: 0.14.4 (/opt/ros/iron/share/ament_lint_auto/cmake)
[3.024s] -- Added test 'cppcheck' to perform static code analysis on C / C++ code
[3.024s] -- Configured cppcheck include dirs: $<BUILD_INTERFACE:/home/curry/wilson_proj/ros2-rover-ws/src/test_package/include>
[3.025s] -- Configured cppcheck exclude dirs and/or files: 
[3.028s] -- Added test 'lint_cmake' to check CMake code style
[3.033s] -- Added test 'uncrustify' to check C / C++ code style
[3.033s] -- Configured uncrustify additional arguments: 
[3.035s] -- Added test 'xmllint' to check XML markup files
[3.041s] -- Configuring done
[3.068s] -- Generating done
[3.072s] -- Build files have been written to: /home/curry/wilson_proj/ros2-rover-ws/build/test_package
[3.087s] Invoked command in '/home/curry/wilson_proj/ros2-rover-ws/build/test_package' returned '0': CMAKE_PREFIX_PATH=/opt/ros/iron /usr/bin/cmake /home/curry/wilson_proj/ros2-rover-ws/src/test_package -DCMAKE_INSTALL_PREFIX=/home/curry/wilson_proj/ros2-rover-ws/install/test_package
[3.097s] Invoking command in '/home/curry/wilson_proj/ros2-rover-ws/build/test_package': CMAKE_PREFIX_PATH=/opt/ros/iron /usr/bin/cmake --build /home/curry/wilson_proj/ros2-rover-ws/build/test_package -- -j4 -l4
[3.285s] [ 50%] [32mBuilding CXX object CMakeFiles/Tserver_node.dir/src/Tserver_node.cpp.o[0m
[3.345s] [01m[K/home/curry/wilson_proj/ros2-rover-ws/src/test_package/src/Tserver_node.cpp:1:10:[m[K [01;31m[Kfatal error: [m[Krclcpp/rclcpp.hpp: No such file or directory
[3.346s]     1 | #include [01;31m[K"rclcpp/rclcpp.hpp"[m[K
[3.347s]       |          [01;31m[K^~~~~~~~~~~~~~~~~~~[m[K
[3.347s] compilation terminated.
[3.351s] gmake[2]: *** [CMakeFiles/Tserver_node.dir/build.make:76: CMakeFiles/Tserver_node.dir/src/Tserver_node.cpp.o] Error 1
[3.352s] gmake[1]: *** [CMakeFiles/Makefile2:137: CMakeFiles/Tserver_node.dir/all] Error 2
[3.353s] gmake: *** [Makefile:146: all] Error 2
[3.361s] Invoked command in '/home/curry/wilson_proj/ros2-rover-ws/build/test_package' returned '2': CMAKE_PREFIX_PATH=/opt/ros/iron /usr/bin/cmake --build /home/curry/wilson_proj/ros2-rover-ws/build/test_package -- -j4 -l4
