[ 33%] [32mBuilding CXX object CMakeFiles/node_motor_control.dir/rclcpp_components/node_main_node_motor_control.cpp.o[0m
[ 33%] [32mBuilding CXX object CMakeFiles/node_command.dir/src/node_command.cpp.o[0m
[ 50%] [32mBuilding CXX object CMakeFiles/motorcontrol.dir/src/node_carcontrol.cpp.o[0m
[01m[K/home/yupi/rover_proj/ros2-base-ws/src/package_base_command/src/node_command.cpp:112:2:[m[K [01;31m[Kerror: [m[Kexpected â€˜[01m[K}[m[Kâ€™ at end of input
  112 | }
      |  [01;31m[K^[m[K
[01m[K/home/yupi/rover_proj/ros2-base-ws/src/package_base_command/src/node_command.cpp:6:42:[m[K [01;36m[Knote: [m[Kto match this â€˜[01m[K{[m[Kâ€™
    6 | class Node_Command : public rclcpp::Node [01;36m[K{[m[K
      |                                          [01;36m[K^[m[K
[01m[K/home/yupi/rover_proj/ros2-base-ws/src/package_base_command/src/node_command.cpp:[m[K In constructor â€˜[01m[KNode_Command::Node_Command()[m[Kâ€™:
[01m[K/home/yupi/rover_proj/ros2-base-ws/src/package_base_command/src/node_command.cpp:9:29:[m[K [01;31m[Kerror: [m[Kclass â€˜[01m[KNode_Command[m[Kâ€™ does not have any field named â€˜[01m[Kspeedlimit_[m[Kâ€™
    9 |     : Node("node_command"), [01;31m[Kspeedlimit_[m[K(30), des_a_(0), des_b_(0) {
      |                             [01;31m[K^~~~~~~~~~~[m[K
[01m[K/home/yupi/rover_proj/ros2-base-ws/src/package_base_command/src/node_command.cpp:9:46:[m[K [01;31m[Kerror: [m[Kclass â€˜[01m[KNode_Command[m[Kâ€™ does not have any field named â€˜[01m[Kdes_a_[m[Kâ€™
    9 |     : Node("node_command"), speedlimit_(30), [01;31m[Kdes_a_[m[K(0), des_b_(0) {
      |                                              [01;31m[K^~~~~~[m[K
[01m[K/home/yupi/rover_proj/ros2-base-ws/src/package_base_command/src/node_command.cpp:9:57:[m[K [01;31m[Kerror: [m[Kclass â€˜[01m[KNode_Command[m[Kâ€™ does not have any field named â€˜[01m[Kdes_b_[m[Kâ€™
    9 |     : Node("node_command"), speedlimit_(30), des_a_(0), [01;31m[Kdes_b_[m[K(0) {
      |                                                         [01;31m[K^~~~~~[m[K
[01m[K/home/yupi/rover_proj/ros2-base-ws/src/package_base_command/src/node_command.cpp:12:9:[m[K [01;31m[Kerror: [m[Kâ€˜[01m[Ktopic_speedlimit_publisher_[m[Kâ€™ was not declared in this scope
   12 |         [01;31m[Ktopic_speedlimit_publisher_[m[K = this->create_publisher<std_msgs::msg::String>("topic_speedlimit", 9);
      |         [01;31m[K^~~~~~~~~~~~~~~~~~~~~~~~~~~[m[K
[01m[K/home/yupi/rover_proj/ros2-base-ws/src/package_base_command/src/node_command.cpp:13:9:[m[K [01;31m[Kerror: [m[Kâ€˜[01m[Ktopic_destination_publisher_[m[Kâ€™ was not declared in this scope
   13 |         [01;31m[Ktopic_destination_publisher_[m[K = this->create_publisher<std_msgs::msg::UInt16MultiArray>("topic_destination", 8);
      |         [01;31m[K^~~~~~~~~~~~~~~~~~~~~~~~~~~~[m[K
[01m[K/home/yupi/rover_proj/ros2-base-ws/src/package_base_command/src/node_command.cpp:16:56:[m[K [01;31m[Kerror: [m[Kâ€˜[01m[Kspeedlimit_[m[Kâ€™ was not declared in this scope
   16 |         this->declare_parameter<uint8_t>("speedlimit", [01;31m[Kspeedlimit_[m[K);
      |                                                        [01;31m[K^~~~~~~~~~~[m[K
[01m[K/home/yupi/rover_proj/ros2-base-ws/src/package_base_command/src/node_command.cpp:17:47:[m[K [01;31m[Kerror: [m[Kâ€˜[01m[Kdes_a_[m[Kâ€™ was not declared in this scope
   17 |         this->declare_parameter<int>("des_a", [01;31m[Kdes_a_[m[K);
      |                                               [01;31m[K^~~~~~[m[K
[01m[K/home/yupi/rover_proj/ros2-base-ws/src/package_base_command/src/node_command.cpp:18:47:[m[K [01;31m[Kerror: [m[Kâ€˜[01m[Kdes_b_[m[Kâ€™ was not declared in this scope
   18 |         this->declare_parameter<int>("des_b", [01;31m[Kdes_b_[m[K);
      |                                               [01;31m[K^~~~~~[m[K
[01m[K/home/yupi/rover_proj/ros2-base-ws/src/package_base_command/src/node_command.cpp:27:9:[m[K [01;31m[Kerror: [m[Kâ€˜[01m[Kparameter_callback_handle_[m[Kâ€™ was not declared in this scope; did you mean â€˜[01m[KOnSetParametersCallbackHandle[m[Kâ€™?
   27 |         [01;31m[Kparameter_callback_handle_[m[K = this->add_on_set_parameters_callback(
      |         [01;31m[K^~~~~~~~~~~~~~~~~~~~~~~~~~[m[K
      |         [32m[KOnSetParametersCallbackHandle[m[K
[01m[K/home/yupi/rover_proj/ros2-base-ws/src/package_base_command/src/node_command.cpp:31:9:[m[K [01;31m[Kerror: [m[Kâ€˜[01m[Ktimer_[m[Kâ€™ was not declared in this scope; did you mean â€˜[01m[Ktimer_t[m[Kâ€™?
   31 |         [01;31m[Ktimer_[m[K = this->create_wall_timer(
      |         [01;31m[K^~~~~~[m[K
      |         [32m[Ktimer_t[m[K
[01m[K/home/yupi/rover_proj/ros2-base-ws/src/package_base_command/src/node_command.cpp:33:38:[m[K [01;31m[Kerror: [m[Kâ€˜[01m[Kpublish_parameters[m[Kâ€™ is not a member of â€˜[01m[KNode_Command[m[Kâ€™
   33 |             std::bind(&Node_Command::[01;31m[Kpublish_parameters[m[K, this)
      |                                      [01;31m[K^~~~~~~~~~~~~~~~~~[m[K
[01m[K/home/yupi/rover_proj/ros2-base-ws/src/package_base_command/src/node_command.cpp:[m[K In member function â€˜[01m[Krcl_interfaces::msg::SetParametersResult Node_Command::on_parameter_change(const std::vector<rclcpp::Parameter>&)[m[Kâ€™:
[01m[K/home/yupi/rover_proj/ros2-base-ws/src/package_base_command/src/node_command.cpp:47:17:[m[K [01;31m[Kerror: [m[Kâ€˜[01m[Kspeedlimit_[m[Kâ€™ was not declared in this scope
   47 |                 [01;31m[Kspeedlimit_[m[K = static_cast<uint8_t>(param.as_int());
      |                 [01;31m[K^~~~~~~~~~~[m[K
[01m[K/home/yupi/rover_proj/ros2-base-ws/src/package_base_command/src/node_command.cpp:49:17:[m[K [01;31m[Kerror: [m[Kâ€˜[01m[Kdes_a_[m[Kâ€™ was not declared in this scope
   49 |                 [01;31m[Kdes_a_[m[K = param.as_int();
      |                 [01;31m[K^~~~~~[m[K
[01m[K/home/yupi/rover_proj/ros2-base-ws/src/package_base_command/src/node_command.cpp:51:17:[m[K [01;31m[Kerror: [m[Kâ€˜[01m[Kdes_b_[m[Kâ€™ was not declared in this scope
   51 |                 [01;31m[Kdes_b_[m[K = param.as_int();
      |                 [01;31m[K^~~~~~[m[K
[01m[K/home/yupi/rover_proj/ros2-base-ws/src/package_base_command/src/node_command.cpp:63:9:[m[K [01;31m[Kerror: [m[Kâ€˜[01m[Kpublish_parameters[m[Kâ€™ was not declared in this scope; did you mean â€˜[01m[Klist_parameters[m[Kâ€™?
   63 |         [01;31m[Kpublish_parameters[m[K();
      |         [01;31m[K^~~~~~~~~~~~~~~~~~[m[K
      |         [32m[Klist_parameters[m[K
[01m[K/home/yupi/rover_proj/ros2-base-ws/src/package_base_command/src/node_command.cpp:67:31:[m[K [01;31m[Kerror: [m[Ka function-definition is not allowed here before â€˜[01m[K{[m[Kâ€™ token
   67 |     void publish_parameters() [01;31m[K{[m[K
      |                               [01;31m[K^[m[K
[01m[K/home/yupi/rover_proj/ros2-base-ws/src/package_base_command/src/node_command.cpp:93:13:[m[K [01;35m[Kwarning: [m[Kunused variable â€˜[01m[Kspeedlimit_[m[Kâ€™ [[01;35m[K]8;;https://gcc.gnu.org/onlinedocs/gcc/Warning-Options.html#index-Wunused-variable-Wunused-variable]8;;[m[K]
   93 |     uint8_t [01;35m[Kspeedlimit_[m[K;
      |             [01;35m[K^~~~~~~~~~~[m[K
[01m[K/home/yupi/rover_proj/ros2-base-ws/src/package_base_command/src/node_command.cpp:94:9:[m[K [01;35m[Kwarning: [m[Kunused variable â€˜[01m[Kdes_a_[m[Kâ€™ [[01;35m[K]8;;https://gcc.gnu.org/onlinedocs/gcc/Warning-Options.html#index-Wunused-variable-Wunused-variable]8;;[m[K]
   94 |     int [01;35m[Kdes_a_[m[K;
      |         [01;35m[K^~~~~~[m[K
[01m[K/home/yupi/rover_proj/ros2-base-ws/src/package_base_command/src/node_command.cpp:95:9:[m[K [01;35m[Kwarning: [m[Kunused variable â€˜[01m[Kdes_b_[m[Kâ€™ [[01;35m[K]8;;https://gcc.gnu.org/onlinedocs/gcc/Warning-Options.html#index-Wunused-variable-Wunused-variable]8;;[m[K]
   95 |     int [01;35m[Kdes_b_[m[K;
      |         [01;35m[K^~~~~~[m[K
[01m[K/home/yupi/rover_proj/ros2-base-ws/src/package_base_command/src/node_command.cpp:[m[K At global scope:
[01m[K/home/yupi/rover_proj/ros2-base-ws/src/package_base_command/src/node_command.cpp:112:2:[m[K [01;31m[Kerror: [m[Kexpected unqualified-id at end of input
  112 | }
      |  [01;31m[K^[m[K
[ 66%] [32m[1mLinking CXX executable node_motor_control[0m
gmake[2]: *** [CMakeFiles/node_command.dir/build.make:76: CMakeFiles/node_command.dir/src/node_command.cpp.o] Error 1
gmake[1]: *** [CMakeFiles/Makefile2:193: CMakeFiles/node_command.dir/all] Error 2
gmake[1]: *** Waiting for unfinished jobs....
[ 66%] Built target node_motor_control
[ 83%] [32m[1mLinking CXX shared library libmotorcontrol.so[0m
[ 83%] Built target motorcontrol
gmake: *** [Makefile:146: all] Error 2
