[0.019s] Invoking command in '/home/yupi/rover_proj/ros2-base-ws/build/package_base_command': CMAKE_PREFIX_PATH=${CMAKE_PREFIX_PATH}:/opt/ros/humble /usr/bin/cmake --build /home/yupi/rover_proj/ros2-base-ws/build/package_base_command -- -j4 -l4
[0.110s] [ 33%] [32mBuilding CXX object CMakeFiles/node_motor_control.dir/rclcpp_components/node_main_node_motor_control.cpp.o[0m
[0.110s] [ 33%] [32mBuilding CXX object CMakeFiles/node_command.dir/src/node_command.cpp.o[0m
[0.122s] [ 50%] [32mBuilding CXX object CMakeFiles/motorcontrol.dir/src/node_carcontrol.cpp.o[0m
[3.258s] [01m[K/home/yupi/rover_proj/ros2-base-ws/src/package_base_command/src/node_command.cpp:112:2:[m[K [01;31m[Kerror: [m[Kexpected â€˜[01m[K}[m[Kâ€™ at end of input
[3.258s]   112 | }
[3.259s]       |  [01;31m[K^[m[K
[3.259s] [01m[K/home/yupi/rover_proj/ros2-base-ws/src/package_base_command/src/node_command.cpp:6:42:[m[K [01;36m[Knote: [m[Kto match this â€˜[01m[K{[m[Kâ€™
[3.259s]     6 | class Node_Command : public rclcpp::Node [01;36m[K{[m[K
[3.259s]       |                                          [01;36m[K^[m[K
[3.259s] [01m[K/home/yupi/rover_proj/ros2-base-ws/src/package_base_command/src/node_command.cpp:[m[K In constructor â€˜[01m[KNode_Command::Node_Command()[m[Kâ€™:
[3.259s] [01m[K/home/yupi/rover_proj/ros2-base-ws/src/package_base_command/src/node_command.cpp:9:29:[m[K [01;31m[Kerror: [m[Kclass â€˜[01m[KNode_Command[m[Kâ€™ does not have any field named â€˜[01m[Kspeedlimit_[m[Kâ€™
[3.259s]     9 |     : Node("node_command"), [01;31m[Kspeedlimit_[m[K(30), des_a_(0), des_b_(0) {
[3.259s]       |                             [01;31m[K^~~~~~~~~~~[m[K
[3.259s] [01m[K/home/yupi/rover_proj/ros2-base-ws/src/package_base_command/src/node_command.cpp:9:46:[m[K [01;31m[Kerror: [m[Kclass â€˜[01m[KNode_Command[m[Kâ€™ does not have any field named â€˜[01m[Kdes_a_[m[Kâ€™
[3.259s]     9 |     : Node("node_command"), speedlimit_(30), [01;31m[Kdes_a_[m[K(0), des_b_(0) {
[3.259s]       |                                              [01;31m[K^~~~~~[m[K
[3.259s] [01m[K/home/yupi/rover_proj/ros2-base-ws/src/package_base_command/src/node_command.cpp:9:57:[m[K [01;31m[Kerror: [m[Kclass â€˜[01m[KNode_Command[m[Kâ€™ does not have any field named â€˜[01m[Kdes_b_[m[Kâ€™
[3.259s]     9 |     : Node("node_command"), speedlimit_(30), des_a_(0), [01;31m[Kdes_b_[m[K(0) {
[3.259s]       |                                                         [01;31m[K^~~~~~[m[K
[3.272s] [01m[K/home/yupi/rover_proj/ros2-base-ws/src/package_base_command/src/node_command.cpp:12:9:[m[K [01;31m[Kerror: [m[Kâ€˜[01m[Ktopic_speedlimit_publisher_[m[Kâ€™ was not declared in this scope
[3.272s]    12 |         [01;31m[Ktopic_speedlimit_publisher_[m[K = this->create_publisher<std_msgs::msg::String>("topic_speedlimit", 9);
[3.272s]       |         [01;31m[K^~~~~~~~~~~~~~~~~~~~~~~~~~~[m[K
[3.289s] [01m[K/home/yupi/rover_proj/ros2-base-ws/src/package_base_command/src/node_command.cpp:13:9:[m[K [01;31m[Kerror: [m[Kâ€˜[01m[Ktopic_destination_publisher_[m[Kâ€™ was not declared in this scope
[3.289s]    13 |         [01;31m[Ktopic_destination_publisher_[m[K = this->create_publisher<std_msgs::msg::UInt16MultiArray>("topic_destination", 8);
[3.289s]       |         [01;31m[K^~~~~~~~~~~~~~~~~~~~~~~~~~~~[m[K
[3.298s] [01m[K/home/yupi/rover_proj/ros2-base-ws/src/package_base_command/src/node_command.cpp:16:56:[m[K [01;31m[Kerror: [m[Kâ€˜[01m[Kspeedlimit_[m[Kâ€™ was not declared in this scope
[3.298s]    16 |         this->declare_parameter<uint8_t>("speedlimit", [01;31m[Kspeedlimit_[m[K);
[3.298s]       |                                                        [01;31m[K^~~~~~~~~~~[m[K
[3.303s] [01m[K/home/yupi/rover_proj/ros2-base-ws/src/package_base_command/src/node_command.cpp:17:47:[m[K [01;31m[Kerror: [m[Kâ€˜[01m[Kdes_a_[m[Kâ€™ was not declared in this scope
[3.303s]    17 |         this->declare_parameter<int>("des_a", [01;31m[Kdes_a_[m[K);
[3.303s]       |                                               [01;31m[K^~~~~~[m[K
[3.308s] [01m[K/home/yupi/rover_proj/ros2-base-ws/src/package_base_command/src/node_command.cpp:18:47:[m[K [01;31m[Kerror: [m[Kâ€˜[01m[Kdes_b_[m[Kâ€™ was not declared in this scope
[3.308s]    18 |         this->declare_parameter<int>("des_b", [01;31m[Kdes_b_[m[K);
[3.308s]       |                                               [01;31m[K^~~~~~[m[K
[3.320s] [01m[K/home/yupi/rover_proj/ros2-base-ws/src/package_base_command/src/node_command.cpp:27:9:[m[K [01;31m[Kerror: [m[Kâ€˜[01m[Kparameter_callback_handle_[m[Kâ€™ was not declared in this scope; did you mean â€˜[01m[KOnSetParametersCallbackHandle[m[Kâ€™?
[3.320s]    27 |         [01;31m[Kparameter_callback_handle_[m[K = this->add_on_set_parameters_callback(
[3.320s]       |         [01;31m[K^~~~~~~~~~~~~~~~~~~~~~~~~~[m[K
[3.320s]       |         [32m[KOnSetParametersCallbackHandle[m[K
[3.332s] [01m[K/home/yupi/rover_proj/ros2-base-ws/src/package_base_command/src/node_command.cpp:31:9:[m[K [01;31m[Kerror: [m[Kâ€˜[01m[Ktimer_[m[Kâ€™ was not declared in this scope; did you mean â€˜[01m[Ktimer_t[m[Kâ€™?
[3.332s]    31 |         [01;31m[Ktimer_[m[K = this->create_wall_timer(
[3.332s]       |         [01;31m[K^~~~~~[m[K
[3.332s]       |         [32m[Ktimer_t[m[K
[3.333s] [01m[K/home/yupi/rover_proj/ros2-base-ws/src/package_base_command/src/node_command.cpp:33:38:[m[K [01;31m[Kerror: [m[Kâ€˜[01m[Kpublish_parameters[m[Kâ€™ is not a member of â€˜[01m[KNode_Command[m[Kâ€™
[3.333s]    33 |             std::bind(&Node_Command::[01;31m[Kpublish_parameters[m[K, this)
[3.333s]       |                                      [01;31m[K^~~~~~~~~~~~~~~~~~[m[K
[3.341s] [01m[K/home/yupi/rover_proj/ros2-base-ws/src/package_base_command/src/node_command.cpp:[m[K In member function â€˜[01m[Krcl_interfaces::msg::SetParametersResult Node_Command::on_parameter_change(const std::vector<rclcpp::Parameter>&)[m[Kâ€™:
[3.341s] [01m[K/home/yupi/rover_proj/ros2-base-ws/src/package_base_command/src/node_command.cpp:47:17:[m[K [01;31m[Kerror: [m[Kâ€˜[01m[Kspeedlimit_[m[Kâ€™ was not declared in this scope
[3.341s]    47 |                 [01;31m[Kspeedlimit_[m[K = static_cast<uint8_t>(param.as_int());
[3.341s]       |                 [01;31m[K^~~~~~~~~~~[m[K
[3.346s] [01m[K/home/yupi/rover_proj/ros2-base-ws/src/package_base_command/src/node_command.cpp:49:17:[m[K [01;31m[Kerror: [m[Kâ€˜[01m[Kdes_a_[m[Kâ€™ was not declared in this scope
[3.346s]    49 |                 [01;31m[Kdes_a_[m[K = param.as_int();
[3.346s]       |                 [01;31m[K^~~~~~[m[K
[3.351s] [01m[K/home/yupi/rover_proj/ros2-base-ws/src/package_base_command/src/node_command.cpp:51:17:[m[K [01;31m[Kerror: [m[Kâ€˜[01m[Kdes_b_[m[Kâ€™ was not declared in this scope
[3.351s]    51 |                 [01;31m[Kdes_b_[m[K = param.as_int();
[3.351s]       |                 [01;31m[K^~~~~~[m[K
[3.358s] [01m[K/home/yupi/rover_proj/ros2-base-ws/src/package_base_command/src/node_command.cpp:63:9:[m[K [01;31m[Kerror: [m[Kâ€˜[01m[Kpublish_parameters[m[Kâ€™ was not declared in this scope; did you mean â€˜[01m[Klist_parameters[m[Kâ€™?
[3.358s]    63 |         [01;31m[Kpublish_parameters[m[K();
[3.358s]       |         [01;31m[K^~~~~~~~~~~~~~~~~~[m[K
[3.358s]       |         [32m[Klist_parameters[m[K
[3.358s] [01m[K/home/yupi/rover_proj/ros2-base-ws/src/package_base_command/src/node_command.cpp:67:31:[m[K [01;31m[Kerror: [m[Ka function-definition is not allowed here before â€˜[01m[K{[m[Kâ€™ token
[3.358s]    67 |     void publish_parameters() [01;31m[K{[m[K
[3.358s]       |                               [01;31m[K^[m[K
[3.362s] [01m[K/home/yupi/rover_proj/ros2-base-ws/src/package_base_command/src/node_command.cpp:93:13:[m[K [01;35m[Kwarning: [m[Kunused variable â€˜[01m[Kspeedlimit_[m[Kâ€™ [[01;35m[K]8;;https://gcc.gnu.org/onlinedocs/gcc/Warning-Options.html#index-Wunused-variable-Wunused-variable]8;;[m[K]
[3.362s]    93 |     uint8_t [01;35m[Kspeedlimit_[m[K;
[3.362s]       |             [01;35m[K^~~~~~~~~~~[m[K
[3.362s] [01m[K/home/yupi/rover_proj/ros2-base-ws/src/package_base_command/src/node_command.cpp:94:9:[m[K [01;35m[Kwarning: [m[Kunused variable â€˜[01m[Kdes_a_[m[Kâ€™ [[01;35m[K]8;;https://gcc.gnu.org/onlinedocs/gcc/Warning-Options.html#index-Wunused-variable-Wunused-variable]8;;[m[K]
[3.362s]    94 |     int [01;35m[Kdes_a_[m[K;
[3.362s]       |         [01;35m[K^~~~~~[m[K
[3.362s] [01m[K/home/yupi/rover_proj/ros2-base-ws/src/package_base_command/src/node_command.cpp:95:9:[m[K [01;35m[Kwarning: [m[Kunused variable â€˜[01m[Kdes_b_[m[Kâ€™ [[01;35m[K]8;;https://gcc.gnu.org/onlinedocs/gcc/Warning-Options.html#index-Wunused-variable-Wunused-variable]8;;[m[K]
[3.362s]    95 |     int [01;35m[Kdes_b_[m[K;
[3.362s]       |         [01;35m[K^~~~~~[m[K
[3.365s] [01m[K/home/yupi/rover_proj/ros2-base-ws/src/package_base_command/src/node_command.cpp:[m[K At global scope:
[3.365s] [01m[K/home/yupi/rover_proj/ros2-base-ws/src/package_base_command/src/node_command.cpp:112:2:[m[K [01;31m[Kerror: [m[Kexpected unqualified-id at end of input
[3.366s]   112 | }
[3.366s]       |  [01;31m[K^[m[K
[4.033s] [ 66%] [32m[1mLinking CXX executable node_motor_control[0m
[4.068s] gmake[2]: *** [CMakeFiles/node_command.dir/build.make:76: CMakeFiles/node_command.dir/src/node_command.cpp.o] Error 1
[4.069s] gmake[1]: *** [CMakeFiles/Makefile2:193: CMakeFiles/node_command.dir/all] Error 2
[4.069s] gmake[1]: *** Waiting for unfinished jobs....
[4.179s] [ 66%] Built target node_motor_control
[5.003s] [ 83%] [32m[1mLinking CXX shared library libmotorcontrol.so[0m
[5.174s] [ 83%] Built target motorcontrol
[5.175s] gmake: *** [Makefile:146: all] Error 2
[5.177s] Invoked command in '/home/yupi/rover_proj/ros2-base-ws/build/package_base_command' returned '2': CMAKE_PREFIX_PATH=${CMAKE_PREFIX_PATH}:/opt/ros/humble /usr/bin/cmake --build /home/yupi/rover_proj/ros2-base-ws/build/package_base_command -- -j4 -l4
