[0.000000] (-) TimerEvent: {}
[0.001301] (rover_control_package) JobQueued: {'identifier': 'rover_control_package', 'dependencies': OrderedDict()}
[0.001538] (test_package) JobQueued: {'identifier': 'test_package', 'dependencies': OrderedDict()}
[0.001745] (rover_control_package) JobStarted: {'identifier': 'rover_control_package'}
[0.026316] (test_package) JobStarted: {'identifier': 'test_package'}
[0.048615] (rover_control_package) JobProgress: {'identifier': 'rover_control_package', 'progress': 'cmake'}
[0.052144] (rover_control_package) JobProgress: {'identifier': 'rover_control_package', 'progress': 'build'}
[0.055106] (rover_control_package) Command: {'cmd': ['/usr/bin/cmake', '--build', '/home/curry/wilson_proj/ros2-rover-ws/build/rover_control_package', '--', '-j4', '-l4'], 'cwd': '/home/curry/wilson_proj/ros2-rover-ws/build/rover_control_package', 'env': OrderedDict([('LESSOPEN', '| /usr/bin/lesspipe %s'), ('USER', 'curry'), ('SSH_CLIENT', '172.30.90.223 54208 22'), ('LC_TIME', 'en_US.UTF-8'), ('XDG_SESSION_TYPE', 'tty'), ('SHLVL', '1'), ('LD_LIBRARY_PATH', '/opt/ros/iron/opt/rviz_ogre_vendor/lib:/opt/ros/iron/lib/aarch64-linux-gnu:/opt/ros/iron/lib'), ('MOTD_SHOWN', 'pam'), ('HOME', '/home/curry'), ('OLDPWD', '/home/curry/wilson_proj'), ('SSH_TTY', '/dev/pts/0'), ('ROS_PYTHON_VERSION', '3'), ('LC_MONETARY', 'en_US.UTF-8'), ('DBUS_SESSION_BUS_ADDRESS', 'unix:path=/run/user/1000/bus'), ('ROS_DISTRO', 'iron'), ('LOGNAME', 'curry'), ('_', '/usr/bin/colcon'), ('ROS_VERSION', '2'), ('XDG_SESSION_CLASS', 'user'), ('TERM', 'xterm-256color'), ('XDG_SESSION_ID', '238'), ('PATH', '/opt/ros/iron/bin:/home/curry/.cargo/bin:/usr/local/sbin:/usr/local/bin:/usr/sbin:/usr/bin:/sbin:/bin:/usr/games:/usr/local/games:/snap/bin'), ('PAPERSIZE', 'letter'), ('LC_ADDRESS', 'en_US.UTF-8'), ('XDG_RUNTIME_DIR', '/run/user/1000'), ('LANG', 'en_US.UTF-8'), ('LC_TELEPHONE', 'en_US.UTF-8'), ('LS_COLORS', 'rs=0:di=01;34:ln=01;36:mh=00:pi=40;33:so=01;35:do=01;35:bd=40;33;01:cd=40;33;01:or=40;31;01:mi=00:su=37;41:sg=30;43:ca=30;41:tw=30;42:ow=34;42:st=37;44:ex=01;32:*.tar=01;31:*.tgz=01;31:*.arc=01;31:*.arj=01;31:*.taz=01;31:*.lha=01;31:*.lz4=01;31:*.lzh=01;31:*.lzma=01;31:*.tlz=01;31:*.txz=01;31:*.tzo=01;31:*.t7z=01;31:*.zip=01;31:*.z=01;31:*.dz=01;31:*.gz=01;31:*.lrz=01;31:*.lz=01;31:*.lzo=01;31:*.xz=01;31:*.zst=01;31:*.tzst=01;31:*.bz2=01;31:*.bz=01;31:*.tbz=01;31:*.tbz2=01;31:*.tz=01;31:*.deb=01;31:*.rpm=01;31:*.jar=01;31:*.war=01;31:*.ear=01;31:*.sar=01;31:*.rar=01;31:*.alz=01;31:*.ace=01;31:*.zoo=01;31:*.cpio=01;31:*.7z=01;31:*.rz=01;31:*.cab=01;31:*.wim=01;31:*.swm=01;31:*.dwm=01;31:*.esd=01;31:*.jpg=01;35:*.jpeg=01;35:*.mjpg=01;35:*.mjpeg=01;35:*.gif=01;35:*.bmp=01;35:*.pbm=01;35:*.pgm=01;35:*.ppm=01;35:*.tga=01;35:*.xbm=01;35:*.xpm=01;35:*.tif=01;35:*.tiff=01;35:*.png=01;35:*.svg=01;35:*.svgz=01;35:*.mng=01;35:*.pcx=01;35:*.mov=01;35:*.mpg=01;35:*.mpeg=01;35:*.m2v=01;35:*.mkv=01;35:*.webm=01;35:*.webp=01;35:*.ogm=01;35:*.mp4=01;35:*.m4v=01;35:*.mp4v=01;35:*.vob=01;35:*.qt=01;35:*.nuv=01;35:*.wmv=01;35:*.asf=01;35:*.rm=01;35:*.rmvb=01;35:*.flc=01;35:*.avi=01;35:*.fli=01;35:*.flv=01;35:*.gl=01;35:*.dl=01;35:*.xcf=01;35:*.xwd=01;35:*.yuv=01;35:*.cgm=01;35:*.emf=01;35:*.ogv=01;35:*.ogx=01;35:*.aac=00;36:*.au=00;36:*.flac=00;36:*.m4a=00;36:*.mid=00;36:*.midi=00;36:*.mka=00;36:*.mp3=00;36:*.mpc=00;36:*.ogg=00;36:*.ra=00;36:*.wav=00;36:*.oga=00;36:*.opus=00;36:*.spx=00;36:*.xspf=00;36:'), ('ROS_DOMAIN_ID', '10'), ('AMENT_PREFIX_PATH', '/opt/ros/iron'), ('SHELL', '/bin/bash'), ('LC_NAME', 'en_US.UTF-8'), ('LESSCLOSE', '/usr/bin/lesspipe %s %s'), ('LC_MEASUREMENT', 'en_US.UTF-8'), ('LC_IDENTIFICATION', 'en_US.UTF-8'), ('ROS_AUTOMATIC_DISCOVERY_RANGE', 'SUBNET'), ('PWD', '/home/curry/wilson_proj/ros2-rover-ws/build/rover_control_package'), ('LC_ALL', 'en_US.UTF-8'), ('SSH_CONNECTION', '172.30.90.223 54208 172.30.81.58 22'), ('XDG_DATA_DIRS', '/usr/share/gnome:/usr/local/share:/usr/share:/var/lib/snapd/desktop'), ('PYTHONPATH', '/opt/ros/iron/lib/python3.10/site-packages'), ('LC_NUMERIC', 'en_US.UTF-8'), ('LC_PAPER', 'en_US.UTF-8'), ('COLCON', '1'), ('CMAKE_PREFIX_PATH', '/opt/ros/iron')]), 'shell': False}
[0.070738] (test_package) JobProgress: {'identifier': 'test_package', 'progress': 'cmake'}
[0.074161] (test_package) JobProgress: {'identifier': 'test_package', 'progress': 'build'}
[0.075799] (test_package) Command: {'cmd': ['/usr/bin/cmake', '--build', '/home/curry/wilson_proj/ros2-rover-ws/build/test_package', '--', '-j4', '-l4'], 'cwd': '/home/curry/wilson_proj/ros2-rover-ws/build/test_package', 'env': OrderedDict([('LESSOPEN', '| /usr/bin/lesspipe %s'), ('USER', 'curry'), ('SSH_CLIENT', '172.30.90.223 54208 22'), ('LC_TIME', 'en_US.UTF-8'), ('XDG_SESSION_TYPE', 'tty'), ('SHLVL', '1'), ('LD_LIBRARY_PATH', '/opt/ros/iron/opt/rviz_ogre_vendor/lib:/opt/ros/iron/lib/aarch64-linux-gnu:/opt/ros/iron/lib'), ('MOTD_SHOWN', 'pam'), ('HOME', '/home/curry'), ('OLDPWD', '/home/curry/wilson_proj'), ('SSH_TTY', '/dev/pts/0'), ('ROS_PYTHON_VERSION', '3'), ('LC_MONETARY', 'en_US.UTF-8'), ('DBUS_SESSION_BUS_ADDRESS', 'unix:path=/run/user/1000/bus'), ('ROS_DISTRO', 'iron'), ('LOGNAME', 'curry'), ('_', '/usr/bin/colcon'), ('ROS_VERSION', '2'), ('XDG_SESSION_CLASS', 'user'), ('TERM', 'xterm-256color'), ('XDG_SESSION_ID', '238'), ('PATH', '/opt/ros/iron/bin:/home/curry/.cargo/bin:/usr/local/sbin:/usr/local/bin:/usr/sbin:/usr/bin:/sbin:/bin:/usr/games:/usr/local/games:/snap/bin'), ('PAPERSIZE', 'letter'), ('LC_ADDRESS', 'en_US.UTF-8'), ('XDG_RUNTIME_DIR', '/run/user/1000'), ('LANG', 'en_US.UTF-8'), ('LC_TELEPHONE', 'en_US.UTF-8'), ('LS_COLORS', 'rs=0:di=01;34:ln=01;36:mh=00:pi=40;33:so=01;35:do=01;35:bd=40;33;01:cd=40;33;01:or=40;31;01:mi=00:su=37;41:sg=30;43:ca=30;41:tw=30;42:ow=34;42:st=37;44:ex=01;32:*.tar=01;31:*.tgz=01;31:*.arc=01;31:*.arj=01;31:*.taz=01;31:*.lha=01;31:*.lz4=01;31:*.lzh=01;31:*.lzma=01;31:*.tlz=01;31:*.txz=01;31:*.tzo=01;31:*.t7z=01;31:*.zip=01;31:*.z=01;31:*.dz=01;31:*.gz=01;31:*.lrz=01;31:*.lz=01;31:*.lzo=01;31:*.xz=01;31:*.zst=01;31:*.tzst=01;31:*.bz2=01;31:*.bz=01;31:*.tbz=01;31:*.tbz2=01;31:*.tz=01;31:*.deb=01;31:*.rpm=01;31:*.jar=01;31:*.war=01;31:*.ear=01;31:*.sar=01;31:*.rar=01;31:*.alz=01;31:*.ace=01;31:*.zoo=01;31:*.cpio=01;31:*.7z=01;31:*.rz=01;31:*.cab=01;31:*.wim=01;31:*.swm=01;31:*.dwm=01;31:*.esd=01;31:*.jpg=01;35:*.jpeg=01;35:*.mjpg=01;35:*.mjpeg=01;35:*.gif=01;35:*.bmp=01;35:*.pbm=01;35:*.pgm=01;35:*.ppm=01;35:*.tga=01;35:*.xbm=01;35:*.xpm=01;35:*.tif=01;35:*.tiff=01;35:*.png=01;35:*.svg=01;35:*.svgz=01;35:*.mng=01;35:*.pcx=01;35:*.mov=01;35:*.mpg=01;35:*.mpeg=01;35:*.m2v=01;35:*.mkv=01;35:*.webm=01;35:*.webp=01;35:*.ogm=01;35:*.mp4=01;35:*.m4v=01;35:*.mp4v=01;35:*.vob=01;35:*.qt=01;35:*.nuv=01;35:*.wmv=01;35:*.asf=01;35:*.rm=01;35:*.rmvb=01;35:*.flc=01;35:*.avi=01;35:*.fli=01;35:*.flv=01;35:*.gl=01;35:*.dl=01;35:*.xcf=01;35:*.xwd=01;35:*.yuv=01;35:*.cgm=01;35:*.emf=01;35:*.ogv=01;35:*.ogx=01;35:*.aac=00;36:*.au=00;36:*.flac=00;36:*.m4a=00;36:*.mid=00;36:*.midi=00;36:*.mka=00;36:*.mp3=00;36:*.mpc=00;36:*.ogg=00;36:*.ra=00;36:*.wav=00;36:*.oga=00;36:*.opus=00;36:*.spx=00;36:*.xspf=00;36:'), ('ROS_DOMAIN_ID', '10'), ('AMENT_PREFIX_PATH', '/opt/ros/iron'), ('SHELL', '/bin/bash'), ('LC_NAME', 'en_US.UTF-8'), ('LESSCLOSE', '/usr/bin/lesspipe %s %s'), ('LC_MEASUREMENT', 'en_US.UTF-8'), ('LC_IDENTIFICATION', 'en_US.UTF-8'), ('ROS_AUTOMATIC_DISCOVERY_RANGE', 'SUBNET'), ('PWD', '/home/curry/wilson_proj/ros2-rover-ws/build/test_package'), ('LC_ALL', 'en_US.UTF-8'), ('SSH_CONNECTION', '172.30.90.223 54208 172.30.81.58 22'), ('XDG_DATA_DIRS', '/usr/share/gnome:/usr/local/share:/usr/share:/var/lib/snapd/desktop'), ('PYTHONPATH', '/opt/ros/iron/lib/python3.10/site-packages'), ('LC_NUMERIC', 'en_US.UTF-8'), ('LC_PAPER', 'en_US.UTF-8'), ('COLCON', '1'), ('CMAKE_PREFIX_PATH', '/opt/ros/iron')]), 'shell': False}
[0.098228] (-) TimerEvent: {}
[0.199216] (-) TimerEvent: {}
[0.300027] (-) TimerEvent: {}
[0.335521] (rover_control_package) StdoutLine: {'line': b'[  2%] Built target rover_control_package__rosidl_generator_type_description\n'}
[0.356483] (test_package) StdoutLine: {'line': b'[  2%] Built target test_package__rosidl_generator_type_description\n'}
[0.399826] (rover_control_package) StdoutLine: {'line': b'[  7%] Built target carcontrol_server\n'}
[0.400601] (-) TimerEvent: {}
[0.411370] (rover_control_package) StdoutLine: {'line': b'[  7%] Built target ament_cmake_python_copy_rover_control_package\n'}
[0.427728] (test_package) StdoutLine: {'line': b'[  2%] Built target ament_cmake_python_copy_test_package\n'}
[0.452996] (test_package) StdoutLine: {'line': b'[  7%] Built target action_server_node\n'}
[0.484078] (test_package) StdoutLine: {'line': b'[ 12%] Built target Tserver_node\n'}
[0.501032] (-) TimerEvent: {}
[0.509713] (rover_control_package) StdoutLine: {'line': b'[ 10%] Built target rover_control_package__cpp\n'}
[0.528050] (test_package) StdoutLine: {'line': b'[ 15%] Built target test_package__cpp\n'}
[0.550900] (rover_control_package) StdoutLine: {'line': b'[ 23%] Built target rover_control_package__rosidl_generator_c\n'}
[0.576945] (test_package) StdoutLine: {'line': b'[ 27%] Built target test_package__rosidl_generator_c\n'}
[0.601208] (-) TimerEvent: {}
[0.702585] (-) TimerEvent: {}
[0.763196] (rover_control_package) StdoutLine: {'line': b'[ 31%] Built target rover_control_package__rosidl_typesupport_cpp\n'}
[0.773244] (rover_control_package) StdoutLine: {'line': b'[ 39%] Built target rover_control_package__rosidl_typesupport_introspection_c\n'}
[0.784688] (rover_control_package) StdoutLine: {'line': b'[ 47%] Built target rover_control_package__rosidl_typesupport_fastrtps_c\n'}
[0.794028] (test_package) StdoutLine: {'line': b'[ 35%] Built target test_package__rosidl_typesupport_introspection_c\n'}
[0.802840] (-) TimerEvent: {}
[0.852004] (test_package) StdoutLine: {'line': b'[ 42%] Built target test_package__rosidl_typesupport_cpp\n'}
[0.858359] (test_package) StdoutLine: {'line': b'[ 50%] Built target test_package__rosidl_typesupport_fastrtps_c\n'}
[0.903112] (-) TimerEvent: {}
[0.976310] (rover_control_package) StdoutLine: {'line': b'[ 55%] Built target rover_control_package__rosidl_typesupport_introspection_cpp\n'}
[0.992088] (rover_control_package) StdoutLine: {'line': b'[ 63%] Built target rover_control_package__rosidl_typesupport_c\n'}
[1.003354] (-) TimerEvent: {}
[1.014253] (rover_control_package) StdoutLine: {'line': b'[ 71%] Built target rover_control_package__rosidl_typesupport_fastrtps_cpp\n'}
[1.027361] (test_package) StdoutLine: {'line': b'[ 57%] Built target test_package__rosidl_typesupport_c\n'}
[1.039102] (test_package) StdoutLine: {'line': b'[ 65%] Built target test_package__rosidl_typesupport_fastrtps_cpp\n'}
[1.082622] (rover_control_package) StdoutLine: {'line': b'\x1b[35m\x1b[1mConsolidate compiler generated dependencies of target carcontrol_ros2_server\x1b[0m\n'}
[1.103637] (-) TimerEvent: {}
[1.106697] (test_package) StdoutLine: {'line': b'[ 72%] Built target test_package__rosidl_typesupport_introspection_cpp\n'}
[1.154588] (rover_control_package) StdoutLine: {'line': b'[ 71%] Built target rover_control_package\n'}
[1.203815] (-) TimerEvent: {}
[1.256369] (rover_control_package) StdoutLine: {'line': b'[ 73%] \x1b[32mBuilding CXX object CMakeFiles/carcontrol_ros2_server.dir/src/motor_drive_node.cpp.o\x1b[0m\n'}
[1.304193] (-) TimerEvent: {}
[1.311922] (rover_control_package) StdoutLine: {'line': b'[ 76%] Built target rover_control_package__py\n'}
[1.315386] (test_package) StdoutLine: {'line': b'[ 77%] Built target action_server\n'}
[1.318779] (test_package) StdoutLine: {'line': b'[ 77%] Built target test_package\n'}
[1.404620] (-) TimerEvent: {}
[1.420708] (rover_control_package) StdoutLine: {'line': b'[ 81%] Built target rover_control_package__rosidl_generator_py\n'}
[1.504793] (-) TimerEvent: {}
[1.536922] (test_package) StdoutLine: {'line': b'[ 80%] Built target test_package__py\n'}
[1.540604] (rover_control_package) StdoutLine: {'line': b'[ 86%] Built target rover_control_package__rosidl_typesupport_introspection_c__pyext\n'}
[1.604934] (-) TimerEvent: {}
[1.639314] (rover_control_package) StdoutLine: {'line': b'[ 92%] Built target rover_control_package__rosidl_typesupport_fastrtps_c__pyext\n'}
[1.657766] (rover_control_package) StdoutLine: {'line': b'[ 97%] Built target rover_control_package__rosidl_typesupport_c__pyext\n'}
[1.705120] (-) TimerEvent: {}
[1.710989] (test_package) StdoutLine: {'line': b'[ 85%] Built target test_package__rosidl_generator_py\n'}
[1.805310] (-) TimerEvent: {}
[1.904317] (test_package) StdoutLine: {'line': b'[ 90%] Built target test_package__rosidl_typesupport_fastrtps_c__pyext\n'}
[1.905508] (-) TimerEvent: {}
[1.943727] (test_package) StdoutLine: {'line': b'[ 95%] Built target test_package__rosidl_typesupport_introspection_c__pyext\n'}
[1.963027] (test_package) StdoutLine: {'line': b'[100%] Built target test_package__rosidl_typesupport_c__pyext\n'}
[2.005699] (-) TimerEvent: {}
[2.106902] (-) TimerEvent: {}
[2.208158] (-) TimerEvent: {}
[2.309447] (-) TimerEvent: {}
[2.364153] (rover_control_package) StdoutLine: {'line': b'running egg_info\n'}
[2.367976] (rover_control_package) StdoutLine: {'line': b'writing rover_control_package.egg-info/PKG-INFO\n'}
[2.369639] (rover_control_package) StdoutLine: {'line': b'writing dependency_links to rover_control_package.egg-info/dependency_links.txt\n'}
[2.370898] (rover_control_package) StdoutLine: {'line': b'writing top-level names to rover_control_package.egg-info/top_level.txt\n'}
[2.381677] (rover_control_package) StdoutLine: {'line': b"reading manifest file 'rover_control_package.egg-info/SOURCES.txt'\n"}
[2.384602] (rover_control_package) StdoutLine: {'line': b"writing manifest file 'rover_control_package.egg-info/SOURCES.txt'\n"}
[2.409823] (-) TimerEvent: {}
[2.480541] (test_package) StdoutLine: {'line': b'running egg_info\n'}
[2.487035] (test_package) StdoutLine: {'line': b'writing test_package.egg-info/PKG-INFO\n'}
[2.489088] (test_package) StdoutLine: {'line': b'writing dependency_links to test_package.egg-info/dependency_links.txt\n'}
[2.491020] (test_package) StdoutLine: {'line': b'writing top-level names to test_package.egg-info/top_level.txt\n'}
[2.503012] (test_package) StdoutLine: {'line': b"reading manifest file 'test_package.egg-info/SOURCES.txt'\n"}
[2.505872] (test_package) StdoutLine: {'line': b"writing manifest file 'test_package.egg-info/SOURCES.txt'\n"}
[2.510142] (-) TimerEvent: {}
[2.538481] (rover_control_package) StdoutLine: {'line': b'[ 97%] Built target ament_cmake_python_build_rover_control_package_egg\n'}
[2.610331] (-) TimerEvent: {}
[2.637961] (test_package) StdoutLine: {'line': b'[100%] Built target ament_cmake_python_build_test_package_egg\n'}
[2.678368] (test_package) CommandEnded: {'returncode': 0}
[2.710524] (-) TimerEvent: {}
[2.811907] (-) TimerEvent: {}
[2.912684] (-) TimerEvent: {}
[3.013516] (-) TimerEvent: {}
[3.038142] (test_package) JobProgress: {'identifier': 'test_package', 'progress': 'install'}
[3.073106] (test_package) Command: {'cmd': ['/usr/bin/cmake', '--install', '/home/curry/wilson_proj/ros2-rover-ws/build/test_package'], 'cwd': '/home/curry/wilson_proj/ros2-rover-ws/build/test_package', 'env': OrderedDict([('LESSOPEN', '| /usr/bin/lesspipe %s'), ('USER', 'curry'), ('SSH_CLIENT', '172.30.90.223 54208 22'), ('LC_TIME', 'en_US.UTF-8'), ('XDG_SESSION_TYPE', 'tty'), ('SHLVL', '1'), ('LD_LIBRARY_PATH', '/opt/ros/iron/opt/rviz_ogre_vendor/lib:/opt/ros/iron/lib/aarch64-linux-gnu:/opt/ros/iron/lib'), ('MOTD_SHOWN', 'pam'), ('HOME', '/home/curry'), ('OLDPWD', '/home/curry/wilson_proj'), ('SSH_TTY', '/dev/pts/0'), ('ROS_PYTHON_VERSION', '3'), ('LC_MONETARY', 'en_US.UTF-8'), ('DBUS_SESSION_BUS_ADDRESS', 'unix:path=/run/user/1000/bus'), ('ROS_DISTRO', 'iron'), ('LOGNAME', 'curry'), ('_', '/usr/bin/colcon'), ('ROS_VERSION', '2'), ('XDG_SESSION_CLASS', 'user'), ('TERM', 'xterm-256color'), ('XDG_SESSION_ID', '238'), ('PATH', '/opt/ros/iron/bin:/home/curry/.cargo/bin:/usr/local/sbin:/usr/local/bin:/usr/sbin:/usr/bin:/sbin:/bin:/usr/games:/usr/local/games:/snap/bin'), ('PAPERSIZE', 'letter'), ('LC_ADDRESS', 'en_US.UTF-8'), ('XDG_RUNTIME_DIR', '/run/user/1000'), ('LANG', 'en_US.UTF-8'), ('LC_TELEPHONE', 'en_US.UTF-8'), ('LS_COLORS', 'rs=0:di=01;34:ln=01;36:mh=00:pi=40;33:so=01;35:do=01;35:bd=40;33;01:cd=40;33;01:or=40;31;01:mi=00:su=37;41:sg=30;43:ca=30;41:tw=30;42:ow=34;42:st=37;44:ex=01;32:*.tar=01;31:*.tgz=01;31:*.arc=01;31:*.arj=01;31:*.taz=01;31:*.lha=01;31:*.lz4=01;31:*.lzh=01;31:*.lzma=01;31:*.tlz=01;31:*.txz=01;31:*.tzo=01;31:*.t7z=01;31:*.zip=01;31:*.z=01;31:*.dz=01;31:*.gz=01;31:*.lrz=01;31:*.lz=01;31:*.lzo=01;31:*.xz=01;31:*.zst=01;31:*.tzst=01;31:*.bz2=01;31:*.bz=01;31:*.tbz=01;31:*.tbz2=01;31:*.tz=01;31:*.deb=01;31:*.rpm=01;31:*.jar=01;31:*.war=01;31:*.ear=01;31:*.sar=01;31:*.rar=01;31:*.alz=01;31:*.ace=01;31:*.zoo=01;31:*.cpio=01;31:*.7z=01;31:*.rz=01;31:*.cab=01;31:*.wim=01;31:*.swm=01;31:*.dwm=01;31:*.esd=01;31:*.jpg=01;35:*.jpeg=01;35:*.mjpg=01;35:*.mjpeg=01;35:*.gif=01;35:*.bmp=01;35:*.pbm=01;35:*.pgm=01;35:*.ppm=01;35:*.tga=01;35:*.xbm=01;35:*.xpm=01;35:*.tif=01;35:*.tiff=01;35:*.png=01;35:*.svg=01;35:*.svgz=01;35:*.mng=01;35:*.pcx=01;35:*.mov=01;35:*.mpg=01;35:*.mpeg=01;35:*.m2v=01;35:*.mkv=01;35:*.webm=01;35:*.webp=01;35:*.ogm=01;35:*.mp4=01;35:*.m4v=01;35:*.mp4v=01;35:*.vob=01;35:*.qt=01;35:*.nuv=01;35:*.wmv=01;35:*.asf=01;35:*.rm=01;35:*.rmvb=01;35:*.flc=01;35:*.avi=01;35:*.fli=01;35:*.flv=01;35:*.gl=01;35:*.dl=01;35:*.xcf=01;35:*.xwd=01;35:*.yuv=01;35:*.cgm=01;35:*.emf=01;35:*.ogv=01;35:*.ogx=01;35:*.aac=00;36:*.au=00;36:*.flac=00;36:*.m4a=00;36:*.mid=00;36:*.midi=00;36:*.mka=00;36:*.mp3=00;36:*.mpc=00;36:*.ogg=00;36:*.ra=00;36:*.wav=00;36:*.oga=00;36:*.opus=00;36:*.spx=00;36:*.xspf=00;36:'), ('ROS_DOMAIN_ID', '10'), ('AMENT_PREFIX_PATH', '/opt/ros/iron'), ('SHELL', '/bin/bash'), ('LC_NAME', 'en_US.UTF-8'), ('LESSCLOSE', '/usr/bin/lesspipe %s %s'), ('LC_MEASUREMENT', 'en_US.UTF-8'), ('LC_IDENTIFICATION', 'en_US.UTF-8'), ('ROS_AUTOMATIC_DISCOVERY_RANGE', 'SUBNET'), ('PWD', '/home/curry/wilson_proj/ros2-rover-ws/build/test_package'), ('LC_ALL', 'en_US.UTF-8'), ('SSH_CONNECTION', '172.30.90.223 54208 172.30.81.58 22'), ('XDG_DATA_DIRS', '/usr/share/gnome:/usr/local/share:/usr/share:/var/lib/snapd/desktop'), ('PYTHONPATH', '/opt/ros/iron/lib/python3.10/site-packages'), ('LC_NUMERIC', 'en_US.UTF-8'), ('LC_PAPER', 'en_US.UTF-8'), ('COLCON', '1'), ('CMAKE_PREFIX_PATH', '/opt/ros/iron')]), 'shell': False}
[3.100025] (test_package) StdoutLine: {'line': b'-- Install configuration: ""\n'}
[3.100733] (test_package) StdoutLine: {'line': b'-- Up-to-date: /home/curry/wilson_proj/ros2-rover-ws/install/test_package/share/ament_index/resource_index/rosidl_interfaces/test_package\n'}
[3.101294] (test_package) StdoutLine: {'line': b'-- Up-to-date: /home/curry/wilson_proj/ros2-rover-ws/install/test_package/share/test_package/action/Fibonacci.json\n'}
[3.101804] (test_package) StdoutLine: {'line': b'-- Up-to-date: /home/curry/wilson_proj/ros2-rover-ws/install/test_package/include/test_package/test_package\n'}
[3.102311] (test_package) StdoutLine: {'line': b'-- Up-to-date: /home/curry/wilson_proj/ros2-rover-ws/install/test_package/include/test_package/test_package/msg\n'}
[3.102778] (test_package) StdoutLine: {'line': b'-- Up-to-date: /home/curry/wilson_proj/ros2-rover-ws/install/test_package/include/test_package/test_package/msg/rosidl_generator_c__visibility_control.h\n'}
[3.103531] (test_package) StdoutLine: {'line': b'-- Up-to-date: /home/curry/wilson_proj/ros2-rover-ws/install/test_package/include/test_package/test_package/action\n'}
[3.103985] (test_package) StdoutLine: {'line': b'-- Up-to-date: /home/curry/wilson_proj/ros2-rover-ws/install/test_package/include/test_package/test_package/action/fibonacci.h\n'}
[3.104490] (test_package) StdoutLine: {'line': b'-- Up-to-date: /home/curry/wilson_proj/ros2-rover-ws/install/test_package/include/test_package/test_package/action/detail\n'}
[3.104899] (test_package) StdoutLine: {'line': b'-- Installing: /home/curry/wilson_proj/ros2-rover-ws/install/test_package/include/test_package/test_package/action/detail/fibonacci__type_support.c\n'}
[3.105634] (test_package) StdoutLine: {'line': b'-- Up-to-date: /home/curry/wilson_proj/ros2-rover-ws/install/test_package/include/test_package/test_package/action/detail/fibonacci__type_support.h\n'}
[3.106084] (test_package) StdoutLine: {'line': b'-- Up-to-date: /home/curry/wilson_proj/ros2-rover-ws/install/test_package/include/test_package/test_package/action/detail/fibonacci__functions.h\n'}
[3.106580] (test_package) StdoutLine: {'line': b'-- Up-to-date: /home/curry/wilson_proj/ros2-rover-ws/install/test_package/include/test_package/test_package/action/detail/fibonacci__description.c\n'}
[3.106997] (test_package) StdoutLine: {'line': b'-- Up-to-date: /home/curry/wilson_proj/ros2-rover-ws/install/test_package/include/test_package/test_package/action/detail/fibonacci__functions.c\n'}
[3.107432] (test_package) StdoutLine: {'line': b'-- Up-to-date: /home/curry/wilson_proj/ros2-rover-ws/install/test_package/include/test_package/test_package/action/detail/fibonacci__struct.h\n'}
[3.107884] (test_package) StdoutLine: {'line': b'-- Up-to-date: /home/curry/wilson_proj/ros2-rover-ws/install/test_package/share/test_package/environment/library_path.sh\n'}
[3.108207] (test_package) StdoutLine: {'line': b'-- Up-to-date: /home/curry/wilson_proj/ros2-rover-ws/install/test_package/share/test_package/environment/library_path.dsv\n'}
[3.108937] (test_package) StdoutLine: {'line': b'-- Up-to-date: /home/curry/wilson_proj/ros2-rover-ws/install/test_package/lib/libtest_package__rosidl_generator_c.so\n'}
[3.110200] (test_package) StdoutLine: {'line': b'-- Up-to-date: /home/curry/wilson_proj/ros2-rover-ws/install/test_package/include/test_package/test_package\n'}
[3.110700] (test_package) StdoutLine: {'line': b'-- Up-to-date: /home/curry/wilson_proj/ros2-rover-ws/install/test_package/include/test_package/test_package/msg\n'}
[3.111247] (test_package) StdoutLine: {'line': b'-- Up-to-date: /home/curry/wilson_proj/ros2-rover-ws/install/test_package/include/test_package/test_package/msg/rosidl_typesupport_fastrtps_c__visibility_control.h\n'}
[3.111608] (test_package) StdoutLine: {'line': b'-- Up-to-date: /home/curry/wilson_proj/ros2-rover-ws/install/test_package/include/test_package/test_package/action\n'}
[3.112004] (test_package) StdoutLine: {'line': b'-- Up-to-date: /home/curry/wilson_proj/ros2-rover-ws/install/test_package/include/test_package/test_package/action/detail\n'}
[3.112418] (test_package) StdoutLine: {'line': b'-- Up-to-date: /home/curry/wilson_proj/ros2-rover-ws/install/test_package/include/test_package/test_package/action/detail/fibonacci__rosidl_typesupport_fastrtps_c.h\n'}
[3.113482] (test_package) StdoutLine: {'line': b'-- Up-to-date: /home/curry/wilson_proj/ros2-rover-ws/install/test_package/lib/libtest_package__rosidl_typesupport_fastrtps_c.so\n'}
[3.113892] (-) TimerEvent: {}
[3.114880] (test_package) StdoutLine: {'line': b'-- Up-to-date: /home/curry/wilson_proj/ros2-rover-ws/install/test_package/include/test_package/test_package\n'}
[3.115402] (test_package) StdoutLine: {'line': b'-- Up-to-date: /home/curry/wilson_proj/ros2-rover-ws/install/test_package/include/test_package/test_package/msg\n'}
[3.115827] (test_package) StdoutLine: {'line': b'-- Up-to-date: /home/curry/wilson_proj/ros2-rover-ws/install/test_package/include/test_package/test_package/msg/rosidl_typesupport_introspection_c__visibility_control.h\n'}
[3.116257] (test_package) StdoutLine: {'line': b'-- Up-to-date: /home/curry/wilson_proj/ros2-rover-ws/install/test_package/include/test_package/test_package/action\n'}
[3.116710] (test_package) StdoutLine: {'line': b'-- Up-to-date: /home/curry/wilson_proj/ros2-rover-ws/install/test_package/include/test_package/test_package/action/detail\n'}
[3.117264] (test_package) StdoutLine: {'line': b'-- Up-to-date: /home/curry/wilson_proj/ros2-rover-ws/install/test_package/include/test_package/test_package/action/detail/fibonacci__rosidl_typesupport_introspection_c.h\n'}
[3.117638] (test_package) StdoutLine: {'line': b'-- Installing: /home/curry/wilson_proj/ros2-rover-ws/install/test_package/include/test_package/test_package/action/detail/fibonacci__type_support.c\n'}
[3.120141] (test_package) StdoutLine: {'line': b'-- Up-to-date: /home/curry/wilson_proj/ros2-rover-ws/install/test_package/lib/libtest_package__rosidl_typesupport_introspection_c.so\n'}
[3.122013] (test_package) StdoutLine: {'line': b'-- Up-to-date: /home/curry/wilson_proj/ros2-rover-ws/install/test_package/lib/libtest_package__rosidl_typesupport_c.so\n'}
[3.123067] (test_package) StdoutLine: {'line': b'-- Up-to-date: /home/curry/wilson_proj/ros2-rover-ws/install/test_package/include/test_package/test_package\n'}
[3.123538] (test_package) StdoutLine: {'line': b'-- Up-to-date: /home/curry/wilson_proj/ros2-rover-ws/install/test_package/include/test_package/test_package/action\n'}
[3.123947] (test_package) StdoutLine: {'line': b'-- Up-to-date: /home/curry/wilson_proj/ros2-rover-ws/install/test_package/include/test_package/test_package/action/detail\n'}
[3.124347] (test_package) StdoutLine: {'line': b'-- Up-to-date: /home/curry/wilson_proj/ros2-rover-ws/install/test_package/include/test_package/test_package/action/detail/fibonacci__builder.hpp\n'}
[3.124733] (test_package) StdoutLine: {'line': b'-- Up-to-date: /home/curry/wilson_proj/ros2-rover-ws/install/test_package/include/test_package/test_package/action/detail/fibonacci__struct.hpp\n'}
[3.125213] (test_package) StdoutLine: {'line': b'-- Up-to-date: /home/curry/wilson_proj/ros2-rover-ws/install/test_package/include/test_package/test_package/action/detail/fibonacci__traits.hpp\n'}
[3.125606] (test_package) StdoutLine: {'line': b'-- Up-to-date: /home/curry/wilson_proj/ros2-rover-ws/install/test_package/include/test_package/test_package/action/fibonacci.hpp\n'}
[3.125991] (test_package) StdoutLine: {'line': b'-- Up-to-date: /home/curry/wilson_proj/ros2-rover-ws/install/test_package/include/test_package/test_package\n'}
[3.126374] (test_package) StdoutLine: {'line': b'-- Up-to-date: /home/curry/wilson_proj/ros2-rover-ws/install/test_package/include/test_package/test_package/msg\n'}
[3.126772] (test_package) StdoutLine: {'line': b'-- Up-to-date: /home/curry/wilson_proj/ros2-rover-ws/install/test_package/include/test_package/test_package/msg/rosidl_typesupport_fastrtps_cpp__visibility_control.h\n'}
[3.127205] (test_package) StdoutLine: {'line': b'-- Up-to-date: /home/curry/wilson_proj/ros2-rover-ws/install/test_package/include/test_package/test_package/action\n'}
[3.127584] (test_package) StdoutLine: {'line': b'-- Up-to-date: /home/curry/wilson_proj/ros2-rover-ws/install/test_package/include/test_package/test_package/action/detail\n'}
[3.127949] (test_package) StdoutLine: {'line': b'-- Up-to-date: /home/curry/wilson_proj/ros2-rover-ws/install/test_package/include/test_package/test_package/action/detail/dds_fastrtps\n'}
[3.128251] (test_package) StdoutLine: {'line': b'-- Up-to-date: /home/curry/wilson_proj/ros2-rover-ws/install/test_package/include/test_package/test_package/action/detail/fibonacci__rosidl_typesupport_fastrtps_cpp.hpp\n'}
[3.129146] (test_package) StdoutLine: {'line': b'-- Up-to-date: /home/curry/wilson_proj/ros2-rover-ws/install/test_package/lib/libtest_package__rosidl_typesupport_fastrtps_cpp.so\n'}
[3.130455] (test_package) StdoutLine: {'line': b'-- Up-to-date: /home/curry/wilson_proj/ros2-rover-ws/install/test_package/include/test_package/test_package\n'}
[3.130936] (test_package) StdoutLine: {'line': b'-- Up-to-date: /home/curry/wilson_proj/ros2-rover-ws/install/test_package/include/test_package/test_package/action\n'}
[3.131328] (test_package) StdoutLine: {'line': b'-- Up-to-date: /home/curry/wilson_proj/ros2-rover-ws/install/test_package/include/test_package/test_package/action/detail\n'}
[3.131672] (test_package) StdoutLine: {'line': b'-- Up-to-date: /home/curry/wilson_proj/ros2-rover-ws/install/test_package/include/test_package/test_package/action/detail/fibonacci__rosidl_typesupport_introspection_cpp.hpp\n'}
[3.132127] (test_package) StdoutLine: {'line': b'-- Up-to-date: /home/curry/wilson_proj/ros2-rover-ws/install/test_package/include/test_package/test_package/action/detail/fibonacci__type_support.cpp\n'}
[3.133327] (test_package) StdoutLine: {'line': b'-- Up-to-date: /home/curry/wilson_proj/ros2-rover-ws/install/test_package/lib/libtest_package__rosidl_typesupport_introspection_cpp.so\n'}
[3.135365] (test_package) StdoutLine: {'line': b'-- Up-to-date: /home/curry/wilson_proj/ros2-rover-ws/install/test_package/lib/libtest_package__rosidl_typesupport_cpp.so\n'}
[3.136635] (test_package) StdoutLine: {'line': b'-- Up-to-date: /home/curry/wilson_proj/ros2-rover-ws/install/test_package/share/test_package/environment/pythonpath.sh\n'}
[3.137179] (test_package) StdoutLine: {'line': b'-- Up-to-date: /home/curry/wilson_proj/ros2-rover-ws/install/test_package/share/test_package/environment/pythonpath.dsv\n'}
[3.137573] (test_package) StdoutLine: {'line': b'-- Up-to-date: /home/curry/wilson_proj/ros2-rover-ws/install/test_package/lib/python3.10/site-packages/test_package-0.0.0-py3.10.egg-info\n'}
[3.137936] (test_package) StdoutLine: {'line': b'-- Installing: /home/curry/wilson_proj/ros2-rover-ws/install/test_package/lib/python3.10/site-packages/test_package-0.0.0-py3.10.egg-info/dependency_links.txt\n'}
[3.139292] (test_package) StdoutLine: {'line': b'-- Installing: /home/curry/wilson_proj/ros2-rover-ws/install/test_package/lib/python3.10/site-packages/test_package-0.0.0-py3.10.egg-info/SOURCES.txt\n'}
[3.140521] (test_package) StdoutLine: {'line': b'-- Installing: /home/curry/wilson_proj/ros2-rover-ws/install/test_package/lib/python3.10/site-packages/test_package-0.0.0-py3.10.egg-info/top_level.txt\n'}
[3.141956] (test_package) StdoutLine: {'line': b'-- Installing: /home/curry/wilson_proj/ros2-rover-ws/install/test_package/lib/python3.10/site-packages/test_package-0.0.0-py3.10.egg-info/PKG-INFO\n'}
[3.143270] (test_package) StdoutLine: {'line': b'-- Up-to-date: /home/curry/wilson_proj/ros2-rover-ws/install/test_package/lib/python3.10/site-packages/test_package\n'}
[3.143774] (test_package) StdoutLine: {'line': b'-- Up-to-date: /home/curry/wilson_proj/ros2-rover-ws/install/test_package/lib/python3.10/site-packages/test_package/_test_package_s.ep.rosidl_typesupport_c.c\n'}
[3.144204] (test_package) StdoutLine: {'line': b'-- Up-to-date: /home/curry/wilson_proj/ros2-rover-ws/install/test_package/lib/python3.10/site-packages/test_package/_test_package_s.ep.rosidl_typesupport_fastrtps_c.c\n'}
[3.144637] (test_package) StdoutLine: {'line': b'-- Up-to-date: /home/curry/wilson_proj/ros2-rover-ws/install/test_package/lib/python3.10/site-packages/test_package/libtest_package__rosidl_generator_py.so\n'}
[3.145200] (test_package) StdoutLine: {'line': b'-- Up-to-date: /home/curry/wilson_proj/ros2-rover-ws/install/test_package/lib/python3.10/site-packages/test_package/test_package_s__rosidl_typesupport_c.cpython-310-aarch64-linux-gnu.so\n'}
[3.145619] (test_package) StdoutLine: {'line': b'-- Up-to-date: /home/curry/wilson_proj/ros2-rover-ws/install/test_package/lib/python3.10/site-packages/test_package/action\n'}
[3.146074] (test_package) StdoutLine: {'line': b'-- Up-to-date: /home/curry/wilson_proj/ros2-rover-ws/install/test_package/lib/python3.10/site-packages/test_package/action/_fibonacci_s.c\n'}
[3.146689] (test_package) StdoutLine: {'line': b'-- Up-to-date: /home/curry/wilson_proj/ros2-rover-ws/install/test_package/lib/python3.10/site-packages/test_package/action/_fibonacci.py\n'}
[3.147204] (test_package) StdoutLine: {'line': b'-- Up-to-date: /home/curry/wilson_proj/ros2-rover-ws/install/test_package/lib/python3.10/site-packages/test_package/action/__init__.py\n'}
[3.147851] (test_package) StdoutLine: {'line': b'-- Up-to-date: /home/curry/wilson_proj/ros2-rover-ws/install/test_package/lib/python3.10/site-packages/test_package/test_package_s__rosidl_typesupport_fastrtps_c.cpython-310-aarch64-linux-gnu.so\n'}
[3.148229] (test_package) StdoutLine: {'line': b'-- Up-to-date: /home/curry/wilson_proj/ros2-rover-ws/install/test_package/lib/python3.10/site-packages/test_package/_test_package_s.ep.rosidl_typesupport_introspection_c.c\n'}
[3.148603] (test_package) StdoutLine: {'line': b'-- Up-to-date: /home/curry/wilson_proj/ros2-rover-ws/install/test_package/lib/python3.10/site-packages/test_package/__init__.py\n'}
[3.149052] (test_package) StdoutLine: {'line': b'-- Up-to-date: /home/curry/wilson_proj/ros2-rover-ws/install/test_package/lib/python3.10/site-packages/test_package/test_package_s__rosidl_typesupport_introspection_c.cpython-310-aarch64-linux-gnu.so\n'}
[3.214226] (-) TimerEvent: {}
[3.287473] (test_package) StdoutLine: {'line': b"Listing '/home/curry/wilson_proj/ros2-rover-ws/install/test_package/lib/python3.10/site-packages/test_package'...\n"}
[3.288834] (test_package) StdoutLine: {'line': b"Listing '/home/curry/wilson_proj/ros2-rover-ws/install/test_package/lib/python3.10/site-packages/test_package/action'...\n"}
[3.311530] (test_package) StdoutLine: {'line': b'-- Up-to-date: /home/curry/wilson_proj/ros2-rover-ws/install/test_package/lib/python3.10/site-packages/test_package/test_package_s__rosidl_typesupport_fastrtps_c.cpython-310-aarch64-linux-gnu.so\n'}
[3.313821] (test_package) StdoutLine: {'line': b'-- Up-to-date: /home/curry/wilson_proj/ros2-rover-ws/install/test_package/lib/python3.10/site-packages/test_package/test_package_s__rosidl_typesupport_introspection_c.cpython-310-aarch64-linux-gnu.so\n'}
[3.314284] (-) TimerEvent: {}
[3.316486] (test_package) StdoutLine: {'line': b'-- Up-to-date: /home/curry/wilson_proj/ros2-rover-ws/install/test_package/lib/python3.10/site-packages/test_package/test_package_s__rosidl_typesupport_c.cpython-310-aarch64-linux-gnu.so\n'}
[3.318704] (test_package) StdoutLine: {'line': b'-- Up-to-date: /home/curry/wilson_proj/ros2-rover-ws/install/test_package/lib/libtest_package__rosidl_generator_py.so\n'}
[3.319936] (test_package) StdoutLine: {'line': b'-- Up-to-date: /home/curry/wilson_proj/ros2-rover-ws/install/test_package/share/test_package/action/Fibonacci.idl\n'}
[3.320481] (test_package) StdoutLine: {'line': b'-- Up-to-date: /home/curry/wilson_proj/ros2-rover-ws/install/test_package/share/test_package/action/Fibonacci.action\n'}
[3.321571] (test_package) StdoutLine: {'line': b'-- Up-to-date: /home/curry/wilson_proj/ros2-rover-ws/install/test_package/lib/test_package/action_server_node\n'}
[3.323666] (test_package) StdoutLine: {'line': b'-- Up-to-date: /home/curry/wilson_proj/ros2-rover-ws/install/test_package/lib/libaction_server.so\n'}
[3.325837] (test_package) StdoutLine: {'line': b'-- Up-to-date: /home/curry/wilson_proj/ros2-rover-ws/install/test_package/lib/test_package/Tserver_node\n'}
[3.327207] (test_package) StdoutLine: {'line': b'-- Up-to-date: /home/curry/wilson_proj/ros2-rover-ws/install/test_package/share/ament_index/resource_index/package_run_dependencies/test_package\n'}
[3.327780] (test_package) StdoutLine: {'line': b'-- Up-to-date: /home/curry/wilson_proj/ros2-rover-ws/install/test_package/share/ament_index/resource_index/parent_prefix_path/test_package\n'}
[3.328271] (test_package) StdoutLine: {'line': b'-- Up-to-date: /home/curry/wilson_proj/ros2-rover-ws/install/test_package/share/test_package/environment/ament_prefix_path.sh\n'}
[3.328738] (test_package) StdoutLine: {'line': b'-- Up-to-date: /home/curry/wilson_proj/ros2-rover-ws/install/test_package/share/test_package/environment/ament_prefix_path.dsv\n'}
[3.329283] (test_package) StdoutLine: {'line': b'-- Up-to-date: /home/curry/wilson_proj/ros2-rover-ws/install/test_package/share/test_package/environment/path.sh\n'}
[3.329880] (test_package) StdoutLine: {'line': b'-- Up-to-date: /home/curry/wilson_proj/ros2-rover-ws/install/test_package/share/test_package/environment/path.dsv\n'}
[3.330448] (test_package) StdoutLine: {'line': b'-- Up-to-date: /home/curry/wilson_proj/ros2-rover-ws/install/test_package/share/test_package/local_setup.bash\n'}
[3.330897] (test_package) StdoutLine: {'line': b'-- Up-to-date: /home/curry/wilson_proj/ros2-rover-ws/install/test_package/share/test_package/local_setup.sh\n'}
[3.331401] (test_package) StdoutLine: {'line': b'-- Up-to-date: /home/curry/wilson_proj/ros2-rover-ws/install/test_package/share/test_package/local_setup.zsh\n'}
[3.331809] (test_package) StdoutLine: {'line': b'-- Up-to-date: /home/curry/wilson_proj/ros2-rover-ws/install/test_package/share/test_package/local_setup.dsv\n'}
[3.332186] (test_package) StdoutLine: {'line': b'-- Installing: /home/curry/wilson_proj/ros2-rover-ws/install/test_package/share/test_package/package.dsv\n'}
[3.333015] (test_package) StdoutLine: {'line': b'-- Up-to-date: /home/curry/wilson_proj/ros2-rover-ws/install/test_package/share/ament_index/resource_index/packages/test_package\n'}
[3.333930] (test_package) StdoutLine: {'line': b'-- Up-to-date: /home/curry/wilson_proj/ros2-rover-ws/install/test_package/share/test_package/cmake/export_test_package__rosidl_generator_cExport.cmake\n'}
[3.334509] (test_package) StdoutLine: {'line': b'-- Up-to-date: /home/curry/wilson_proj/ros2-rover-ws/install/test_package/share/test_package/cmake/export_test_package__rosidl_generator_cExport-noconfig.cmake\n'}
[3.335392] (test_package) StdoutLine: {'line': b'-- Up-to-date: /home/curry/wilson_proj/ros2-rover-ws/install/test_package/share/test_package/cmake/export_test_package__rosidl_typesupport_fastrtps_cExport.cmake\n'}
[3.335977] (test_package) StdoutLine: {'line': b'-- Up-to-date: /home/curry/wilson_proj/ros2-rover-ws/install/test_package/share/test_package/cmake/export_test_package__rosidl_typesupport_fastrtps_cExport-noconfig.cmake\n'}
[3.336833] (test_package) StdoutLine: {'line': b'-- Up-to-date: /home/curry/wilson_proj/ros2-rover-ws/install/test_package/share/test_package/cmake/test_package__rosidl_typesupport_introspection_cExport.cmake\n'}
[3.337446] (test_package) StdoutLine: {'line': b'-- Up-to-date: /home/curry/wilson_proj/ros2-rover-ws/install/test_package/share/test_package/cmake/test_package__rosidl_typesupport_introspection_cExport-noconfig.cmake\n'}
[3.338299] (test_package) StdoutLine: {'line': b'-- Up-to-date: /home/curry/wilson_proj/ros2-rover-ws/install/test_package/share/test_package/cmake/test_package__rosidl_typesupport_cExport.cmake\n'}
[3.338853] (test_package) StdoutLine: {'line': b'-- Up-to-date: /home/curry/wilson_proj/ros2-rover-ws/install/test_package/share/test_package/cmake/test_package__rosidl_typesupport_cExport-noconfig.cmake\n'}
[3.339569] (test_package) StdoutLine: {'line': b'-- Up-to-date: /home/curry/wilson_proj/ros2-rover-ws/install/test_package/share/test_package/cmake/export_test_package__rosidl_generator_cppExport.cmake\n'}
[3.340402] (test_package) StdoutLine: {'line': b'-- Up-to-date: /home/curry/wilson_proj/ros2-rover-ws/install/test_package/share/test_package/cmake/export_test_package__rosidl_typesupport_fastrtps_cppExport.cmake\n'}
[3.340929] (test_package) StdoutLine: {'line': b'-- Up-to-date: /home/curry/wilson_proj/ros2-rover-ws/install/test_package/share/test_package/cmake/export_test_package__rosidl_typesupport_fastrtps_cppExport-noconfig.cmake\n'}
[3.341752] (test_package) StdoutLine: {'line': b'-- Up-to-date: /home/curry/wilson_proj/ros2-rover-ws/install/test_package/share/test_package/cmake/test_package__rosidl_typesupport_introspection_cppExport.cmake\n'}
[3.342298] (test_package) StdoutLine: {'line': b'-- Up-to-date: /home/curry/wilson_proj/ros2-rover-ws/install/test_package/share/test_package/cmake/test_package__rosidl_typesupport_introspection_cppExport-noconfig.cmake\n'}
[3.343092] (test_package) StdoutLine: {'line': b'-- Up-to-date: /home/curry/wilson_proj/ros2-rover-ws/install/test_package/share/test_package/cmake/test_package__rosidl_typesupport_cppExport.cmake\n'}
[3.343618] (test_package) StdoutLine: {'line': b'-- Up-to-date: /home/curry/wilson_proj/ros2-rover-ws/install/test_package/share/test_package/cmake/test_package__rosidl_typesupport_cppExport-noconfig.cmake\n'}
[3.344381] (test_package) StdoutLine: {'line': b'-- Up-to-date: /home/curry/wilson_proj/ros2-rover-ws/install/test_package/share/test_package/cmake/export_test_package__rosidl_generator_pyExport.cmake\n'}
[3.344976] (test_package) StdoutLine: {'line': b'-- Up-to-date: /home/curry/wilson_proj/ros2-rover-ws/install/test_package/share/test_package/cmake/export_test_package__rosidl_generator_pyExport-noconfig.cmake\n'}
[3.345503] (test_package) StdoutLine: {'line': b'-- Up-to-date: /home/curry/wilson_proj/ros2-rover-ws/install/test_package/share/ament_index/resource_index/rclcpp_components/test_package\n'}
[3.345988] (test_package) StdoutLine: {'line': b'-- Up-to-date: /home/curry/wilson_proj/ros2-rover-ws/install/test_package/share/test_package/cmake/rosidl_cmake-extras.cmake\n'}
[3.346444] (test_package) StdoutLine: {'line': b'-- Up-to-date: /home/curry/wilson_proj/ros2-rover-ws/install/test_package/share/test_package/cmake/ament_cmake_export_dependencies-extras.cmake\n'}
[3.346856] (test_package) StdoutLine: {'line': b'-- Up-to-date: /home/curry/wilson_proj/ros2-rover-ws/install/test_package/share/test_package/cmake/ament_cmake_export_include_directories-extras.cmake\n'}
[3.347291] (test_package) StdoutLine: {'line': b'-- Up-to-date: /home/curry/wilson_proj/ros2-rover-ws/install/test_package/share/test_package/cmake/ament_cmake_export_libraries-extras.cmake\n'}
[3.347749] (test_package) StdoutLine: {'line': b'-- Up-to-date: /home/curry/wilson_proj/ros2-rover-ws/install/test_package/share/test_package/cmake/ament_cmake_export_targets-extras.cmake\n'}
[3.348199] (test_package) StdoutLine: {'line': b'-- Up-to-date: /home/curry/wilson_proj/ros2-rover-ws/install/test_package/share/test_package/cmake/rosidl_cmake_export_typesupport_targets-extras.cmake\n'}
[3.348679] (test_package) StdoutLine: {'line': b'-- Up-to-date: /home/curry/wilson_proj/ros2-rover-ws/install/test_package/share/test_package/cmake/rosidl_cmake_export_typesupport_libraries-extras.cmake\n'}
[3.349152] (test_package) StdoutLine: {'line': b'-- Up-to-date: /home/curry/wilson_proj/ros2-rover-ws/install/test_package/share/test_package/cmake/test_packageConfig.cmake\n'}
[3.349691] (test_package) StdoutLine: {'line': b'-- Up-to-date: /home/curry/wilson_proj/ros2-rover-ws/install/test_package/share/test_package/cmake/test_packageConfig-version.cmake\n'}
[3.350050] (test_package) StdoutLine: {'line': b'-- Up-to-date: /home/curry/wilson_proj/ros2-rover-ws/install/test_package/share/test_package/package.xml\n'}
[3.356706] (test_package) CommandEnded: {'returncode': 0}
[3.415305] (-) TimerEvent: {}
[3.515993] (-) TimerEvent: {}
[3.616705] (-) TimerEvent: {}
[3.717484] (-) TimerEvent: {}
[3.818998] (-) TimerEvent: {}
[3.852428] (test_package) JobEnded: {'identifier': 'test_package', 'rc': 0}
[3.919239] (-) TimerEvent: {}
[4.019960] (-) TimerEvent: {}
[4.120706] (-) TimerEvent: {}
[4.221436] (-) TimerEvent: {}
[4.322151] (-) TimerEvent: {}
[4.422920] (-) TimerEvent: {}
[4.523673] (-) TimerEvent: {}
[4.624451] (-) TimerEvent: {}
[4.725183] (-) TimerEvent: {}
[4.825897] (-) TimerEvent: {}
[4.926663] (-) TimerEvent: {}
[5.027390] (-) TimerEvent: {}
[5.128150] (-) TimerEvent: {}
[5.228949] (-) TimerEvent: {}
[5.329705] (-) TimerEvent: {}
[5.430388] (-) TimerEvent: {}
[5.531105] (-) TimerEvent: {}
[5.631833] (-) TimerEvent: {}
[5.732581] (-) TimerEvent: {}
[5.833366] (-) TimerEvent: {}
[5.934105] (-) TimerEvent: {}
[6.034923] (-) TimerEvent: {}
[6.135659] (-) TimerEvent: {}
[6.236443] (-) TimerEvent: {}
[6.337289] (-) TimerEvent: {}
[6.438026] (-) TimerEvent: {}
[6.538760] (-) TimerEvent: {}
[6.639597] (-) TimerEvent: {}
[6.740307] (-) TimerEvent: {}
[6.841071] (-) TimerEvent: {}
[6.941789] (-) TimerEvent: {}
[7.042482] (-) TimerEvent: {}
[7.143158] (-) TimerEvent: {}
[7.243873] (-) TimerEvent: {}
[7.344620] (-) TimerEvent: {}
[7.445363] (-) TimerEvent: {}
[7.546059] (-) TimerEvent: {}
[7.646775] (-) TimerEvent: {}
[7.747482] (-) TimerEvent: {}
[7.848201] (-) TimerEvent: {}
[7.948925] (-) TimerEvent: {}
[8.049619] (-) TimerEvent: {}
[8.150312] (-) TimerEvent: {}
[8.251021] (-) TimerEvent: {}
[8.351755] (-) TimerEvent: {}
[8.452471] (-) TimerEvent: {}
[8.553213] (-) TimerEvent: {}
[8.653944] (-) TimerEvent: {}
[8.754634] (-) TimerEvent: {}
[8.855330] (-) TimerEvent: {}
[8.956231] (-) TimerEvent: {}
[9.056954] (-) TimerEvent: {}
[9.157645] (-) TimerEvent: {}
[9.258356] (-) TimerEvent: {}
[9.359110] (-) TimerEvent: {}
[9.459870] (-) TimerEvent: {}
[9.560628] (-) TimerEvent: {}
[9.661402] (-) TimerEvent: {}
[9.762139] (-) TimerEvent: {}
[9.862857] (-) TimerEvent: {}
[9.963571] (-) TimerEvent: {}
[10.064308] (-) TimerEvent: {}
[10.165030] (-) TimerEvent: {}
[10.265734] (-) TimerEvent: {}
[10.366442] (-) TimerEvent: {}
[10.467150] (-) TimerEvent: {}
[10.567898] (-) TimerEvent: {}
[10.668577] (-) TimerEvent: {}
[10.769308] (-) TimerEvent: {}
[10.870096] (-) TimerEvent: {}
[10.970812] (-) TimerEvent: {}
[11.071534] (-) TimerEvent: {}
[11.172225] (-) TimerEvent: {}
[11.272962] (-) TimerEvent: {}
[11.373654] (-) TimerEvent: {}
[11.474358] (-) TimerEvent: {}
[11.575061] (-) TimerEvent: {}
[11.675815] (-) TimerEvent: {}
[11.776534] (-) TimerEvent: {}
[11.877254] (-) TimerEvent: {}
[11.977943] (-) TimerEvent: {}
[12.078656] (-) TimerEvent: {}
[12.179395] (-) TimerEvent: {}
[12.280095] (-) TimerEvent: {}
[12.380841] (-) TimerEvent: {}
[12.481527] (-) TimerEvent: {}
[12.582232] (-) TimerEvent: {}
[12.682902] (-) TimerEvent: {}
[12.783590] (-) TimerEvent: {}
[12.884335] (-) TimerEvent: {}
[12.985232] (-) TimerEvent: {}
[13.052408] (rover_control_package) StderrLine: {'line': b'\x1b[01m\x1b[K/home/curry/wilson_proj/ros2-rover-ws/src/rover_control_package/src/motor_drive_node.cpp:105:4:\x1b[m\x1b[K \x1b[01;31m\x1b[Kerror: \x1b[m\x1b[Kexpected \xe2\x80\x98\x1b[01m\x1b[K;\x1b[m\x1b[K\xe2\x80\x99 after class definition\n'}
[13.053150] (rover_control_package) StderrLine: {'line': b'  105 |   }\n'}
[13.053682] (rover_control_package) StderrLine: {'line': b'      |    \x1b[01;31m\x1b[K^\x1b[m\x1b[K\n'}
[13.054244] (rover_control_package) StderrLine: {'line': b'      |    \x1b[32m\x1b[K;\x1b[m\x1b[K\n'}
[13.055477] (rover_control_package) StderrLine: {'line': b'\x1b[01m\x1b[K/home/curry/wilson_proj/ros2-rover-ws/src/rover_control_package/src/motor_drive_node.cpp:\x1b[m\x1b[K In constructor \xe2\x80\x98\x1b[01m\x1b[Kcarcontrol_cpp::CarControlActionServer::CarControlActionServer(const rclcpp::NodeOptions&)\x1b[m\x1b[K\xe2\x80\x99:\n'}
[13.056113] (rover_control_package) StderrLine: {'line': b'\x1b[01m\x1b[K/home/curry/wilson_proj/ros2-rover-ws/src/rover_control_package/src/motor_drive_node.cpp:26:45:\x1b[m\x1b[K \x1b[01;31m\x1b[Kerror: \x1b[m\x1b[K\xe2\x80\x98\x1b[01m\x1b[Kcreate\x1b[m\x1b[K\xe2\x80\x99 is not a member of \xe2\x80\x98\x1b[01m\x1b[Krclcpp_action\x1b[m\x1b[K\xe2\x80\x99\n'}
[13.056472] (rover_control_package) StderrLine: {'line': b'   26 |       this->action_server_ = rclcpp_action::\x1b[01;31m\x1b[Kcreate\x1b[m\x1b[K<Carcontrol>(\n'}
[13.056853] (rover_control_package) StderrLine: {'line': b'      |                                             \x1b[01;31m\x1b[K^~~~~~\x1b[m\x1b[K\n'}
[13.057240] (rover_control_package) StderrLine: {'line': b'\x1b[01m\x1b[K/home/curry/wilson_proj/ros2-rover-ws/src/rover_control_package/src/motor_drive_node.cpp:26:62:\x1b[m\x1b[K \x1b[01;31m\x1b[Kerror: \x1b[m\x1b[Kexpected primary-expression before \xe2\x80\x98\x1b[01m\x1b[K>\x1b[m\x1b[K\xe2\x80\x99 token\n'}
[13.057578] (rover_control_package) StderrLine: {'line': b'   26 |       this->action_server_ = rclcpp_action::create<Carcontrol\x1b[01;31m\x1b[K>\x1b[m\x1b[K(\n'}
[13.057898] (rover_control_package) StderrLine: {'line': b'      |                                                              \x1b[01;31m\x1b[K^\x1b[m\x1b[K\n'}
[13.058213] (rover_control_package) StderrLine: {'line': b'\x1b[01m\x1b[K/home/curry/wilson_proj/ros2-rover-ws/src/rover_control_package/src/motor_drive_node.cpp:27:9:\x1b[m\x1b[K \x1b[01;35m\x1b[Kwarning: \x1b[m\x1b[Kleft operand of comma operator has no effect [\x1b[01;35m\x1b[K\x1b]8;;https://gcc.gnu.org/onlinedocs/gcc/Warning-Options.html#index-Wunused-value\x07-Wunused-value\x1b]8;;\x07\x1b[m\x1b[K]\n'}
[13.058553] (rover_control_package) StderrLine: {'line': b'   27 |         \x1b[01;35m\x1b[Kthis\x1b[m\x1b[K,\n'}
[13.058864] (rover_control_package) StderrLine: {'line': b'      |         \x1b[01;35m\x1b[K^~~~\x1b[m\x1b[K\n'}
[13.085409] (-) TimerEvent: {}
[13.087587] (rover_control_package) StderrLine: {'line': b'\x1b[01m\x1b[K/home/curry/wilson_proj/ros2-rover-ws/src/rover_control_package/src/motor_drive_node.cpp:29:69:\x1b[m\x1b[K \x1b[01;35m\x1b[Kwarning: \x1b[m\x1b[Kright operand of comma operator has no effect [\x1b[01;35m\x1b[K\x1b]8;;https://gcc.gnu.org/onlinedocs/gcc/Warning-Options.html#index-Wunused-value\x07-Wunused-value\x1b]8;;\x07\x1b[m\x1b[K]\n'}
[13.088189] (rover_control_package) StderrLine: {'line': b'   29 |         std::bind(&CarControlActionServer::handle_goal, this, _1, _2\x1b[01;35m\x1b[K)\x1b[m\x1b[K,\n'}
[13.088601] (rover_control_package) StderrLine: {'line': b'      |                                                                     \x1b[01;35m\x1b[K^\x1b[m\x1b[K\n'}
[13.185599] (-) TimerEvent: {}
[13.286321] (-) TimerEvent: {}
[13.387037] (-) TimerEvent: {}
[13.487783] (-) TimerEvent: {}
[13.588505] (-) TimerEvent: {}
[13.689237] (-) TimerEvent: {}
[13.789949] (-) TimerEvent: {}
[13.890696] (-) TimerEvent: {}
[13.991524] (-) TimerEvent: {}
[14.027469] (rover_control_package) StderrLine: {'line': b'\x1b[01m\x1b[K/home/curry/wilson_proj/ros2-rover-ws/src/rover_control_package/src/motor_drive_node.cpp:\x1b[m\x1b[K In member function \xe2\x80\x98\x1b[01m\x1b[Krclcpp_action::GoalResponse carcontrol_cpp::CarControlActionServer::handle_goal(const GoalUUID&, std::shared_ptr<const rover_control_package::action::Carcontrol_Goal_<std::allocator<void> > >)\x1b[m\x1b[K\xe2\x80\x99:\n'}
[14.028120] (rover_control_package) StderrLine: {'line': b'\x1b[01m\x1b[K/home/curry/wilson_proj/ros2-rover-ws/src/rover_control_package/src/motor_drive_node.cpp:38:41:\x1b[m\x1b[K \x1b[01;35m\x1b[Kwarning: \x1b[m\x1b[Kunused parameter \xe2\x80\x98\x1b[01m\x1b[Kuuid\x1b[m\x1b[K\xe2\x80\x99 [\x1b[01;35m\x1b[K\x1b]8;;https://gcc.gnu.org/onlinedocs/gcc/Warning-Options.html#index-Wunused-parameter\x07-Wunused-parameter\x1b]8;;\x07\x1b[m\x1b[K]\n'}
[14.028520] (rover_control_package) StderrLine: {'line': b'   38 |         \x1b[01;35m\x1b[Kconst rclcpp_action::GoalUUID & uuid\x1b[m\x1b[K,\n'}
[14.028953] (rover_control_package) StderrLine: {'line': b'      |         \x1b[01;35m\x1b[K~~~~~~~~~~~~~~~~~~~~~~~~~~~~~~~~^~~~\x1b[m\x1b[K\n'}
[14.029599] (rover_control_package) StderrLine: {'line': b'\x1b[01m\x1b[K/home/curry/wilson_proj/ros2-rover-ws/src/rover_control_package/src/motor_drive_node.cpp:\x1b[m\x1b[K In member function \xe2\x80\x98\x1b[01m\x1b[Krclcpp_action::CancelResponse carcontrol_cpp::CarControlActionServer::handle_cancel(std::shared_ptr<rclcpp_action::ClientGoalHandle<rover_control_package::action::Carcontrol> >)\x1b[m\x1b[K\xe2\x80\x99:\n'}
[14.029985] (rover_control_package) StderrLine: {'line': b'\x1b[01m\x1b[K/home/curry/wilson_proj/ros2-rover-ws/src/rover_control_package/src/motor_drive_node.cpp:53:53:\x1b[m\x1b[K \x1b[01;35m\x1b[Kwarning: \x1b[m\x1b[Kunused parameter \xe2\x80\x98\x1b[01m\x1b[Kgoal_handle\x1b[m\x1b[K\xe2\x80\x99 [\x1b[01;35m\x1b[K\x1b]8;;https://gcc.gnu.org/onlinedocs/gcc/Warning-Options.html#index-Wunused-parameter\x07-Wunused-parameter\x1b]8;;\x07\x1b[m\x1b[K]\n'}
[14.030342] (rover_control_package) StderrLine: {'line': b'   53 |         \x1b[01;35m\x1b[Kconst std::shared_ptr<GoalHandleCarcontrol> goal_handle\x1b[m\x1b[K) {\n'}
[14.030692] (rover_control_package) StderrLine: {'line': b'      |         \x1b[01;35m\x1b[K~~~~~~~~~~~~~~~~~~~~~~~~~~~~~~~~~~~~~~~~~~~~^~~~~~~~~~~\x1b[m\x1b[K\n'}
[14.064969] (rover_control_package) StderrLine: {'line': b'\x1b[01m\x1b[K/home/curry/wilson_proj/ros2-rover-ws/src/rover_control_package/src/motor_drive_node.cpp:\x1b[m\x1b[K In member function \xe2\x80\x98\x1b[01m\x1b[Kvoid carcontrol_cpp::CarControlActionServer::execute(std::shared_ptr<rclcpp_action::ClientGoalHandle<rover_control_package::action::Carcontrol> >)\x1b[m\x1b[K\xe2\x80\x99:\n'}
[14.066184] (rover_control_package) StderrLine: {'line': b'\x1b[01m\x1b[K/home/curry/wilson_proj/ros2-rover-ws/src/rover_control_package/src/motor_drive_node.cpp:67:40:\x1b[m\x1b[K \x1b[01;31m\x1b[Kerror: \x1b[m\x1b[K\xe2\x80\x98\x1b[01m\x1b[Kusing element_type = class rclcpp_action::ClientGoalHandle<rover_control_package::action::Carcontrol>\x1b[m\x1b[K\xe2\x80\x99 {aka \xe2\x80\x98\x1b[01m\x1b[Kclass rclcpp_action::ClientGoalHandle<rover_control_package::action::Carcontrol>\x1b[m\x1b[K\xe2\x80\x99} has no member named \xe2\x80\x98\x1b[01m\x1b[Kget_goal\x1b[m\x1b[K\xe2\x80\x99; did you mean \xe2\x80\x98\x1b[01m\x1b[Kget_goal_id\x1b[m\x1b[K\xe2\x80\x99?\n'}
[14.067265] (rover_control_package) StderrLine: {'line': b'   67 |         const auto goal = goal_handle->\x1b[01;31m\x1b[Kget_goal\x1b[m\x1b[K(); //retrieves the goal\n'}
[14.068235] (rover_control_package) StderrLine: {'line': b'      |                                        \x1b[01;31m\x1b[K^~~~~~~~\x1b[m\x1b[K\n'}
[14.069246] (rover_control_package) StderrLine: {'line': b'      |                                        \x1b[32m\x1b[Kget_goal_id\x1b[m\x1b[K\n'}
[14.082538] (rover_control_package) StderrLine: {'line': b'\x1b[01m\x1b[K/home/curry/wilson_proj/ros2-rover-ws/src/rover_control_package/src/motor_drive_node.cpp:74:28:\x1b[m\x1b[K \x1b[01;31m\x1b[Kerror: \x1b[m\x1b[K\xe2\x80\x98\x1b[01m\x1b[Kusing element_type = class rclcpp_action::ClientGoalHandle<rover_control_package::action::Carcontrol>\x1b[m\x1b[K\xe2\x80\x99 {aka \xe2\x80\x98\x1b[01m\x1b[Kclass rclcpp_action::ClientGoalHandle<rover_control_package::action::Carcontrol>\x1b[m\x1b[K\xe2\x80\x99} has no member named \xe2\x80\x98\x1b[01m\x1b[Kis_canceling\x1b[m\x1b[K\xe2\x80\x99\n'}
[14.083133] (rover_control_package) StderrLine: {'line': b'   74 |           if (goal_handle->\x1b[01;31m\x1b[Kis_canceling\x1b[m\x1b[K()){\n'}
[14.083542] (rover_control_package) StderrLine: {'line': b'      |                            \x1b[01;31m\x1b[K^~~~~~~~~~~~\x1b[m\x1b[K\n'}
[14.084576] (rover_control_package) StderrLine: {'line': b'\x1b[01m\x1b[K/home/curry/wilson_proj/ros2-rover-ws/src/rover_control_package/src/motor_drive_node.cpp:77:26:\x1b[m\x1b[K \x1b[01;31m\x1b[Kerror: \x1b[m\x1b[K\xe2\x80\x98\x1b[01m\x1b[Kusing element_type = class rclcpp_action::ClientGoalHandle<rover_control_package::action::Carcontrol>\x1b[m\x1b[K\xe2\x80\x99 {aka \xe2\x80\x98\x1b[01m\x1b[Kclass rclcpp_action::ClientGoalHandle<rover_control_package::action::Carcontrol>\x1b[m\x1b[K\xe2\x80\x99} has no member named \xe2\x80\x98\x1b[01m\x1b[Kcanceled\x1b[m\x1b[K\xe2\x80\x99\n'}
[14.085393] (rover_control_package) StderrLine: {'line': b'   77 |             goal_handle->\x1b[01;31m\x1b[Kcanceled\x1b[m\x1b[K(result);\n'}
[14.085863] (rover_control_package) StderrLine: {'line': b'      |                          \x1b[01;31m\x1b[K^~~~~~~~\x1b[m\x1b[K\n'}
[14.086246] (rover_control_package) StderrLine: {'line': b'\x1b[01m\x1b[K/home/curry/wilson_proj/ros2-rover-ws/src/rover_control_package/src/motor_drive_node.cpp:88:22:\x1b[m\x1b[K \x1b[01;31m\x1b[Kerror: \x1b[m\x1b[K\xe2\x80\x98\x1b[01m\x1b[Kusing element_type = class rclcpp_action::ClientGoalHandle<rover_control_package::action::Carcontrol>\x1b[m\x1b[K\xe2\x80\x99 {aka \xe2\x80\x98\x1b[01m\x1b[Kclass rclcpp_action::ClientGoalHandle<rover_control_package::action::Carcontrol>\x1b[m\x1b[K\xe2\x80\x99} has no member named \xe2\x80\x98\x1b[01m\x1b[Kpublish_feedback\x1b[m\x1b[K\xe2\x80\x99\n'}
[14.086745] (rover_control_package) StderrLine: {'line': b'   88 |         goal_handle->\x1b[01;31m\x1b[Kpublish_feedback\x1b[m\x1b[K(feedback);\n'}
[14.087152] (rover_control_package) StderrLine: {'line': b'      |                      \x1b[01;31m\x1b[K^~~~~~~~~~~~~~~~\x1b[m\x1b[K\n'}
[14.087713] (rover_control_package) StderrLine: {'line': b'\x1b[01m\x1b[K/home/curry/wilson_proj/ros2-rover-ws/src/rover_control_package/src/motor_drive_node.cpp:97:24:\x1b[m\x1b[K \x1b[01;31m\x1b[Kerror: \x1b[m\x1b[K\xe2\x80\x98\x1b[01m\x1b[Kusing element_type = class rclcpp_action::ClientGoalHandle<rover_control_package::action::Carcontrol>\x1b[m\x1b[K\xe2\x80\x99 {aka \xe2\x80\x98\x1b[01m\x1b[Kclass rclcpp_action::ClientGoalHandle<rover_control_package::action::Carcontrol>\x1b[m\x1b[K\xe2\x80\x99} has no member named \xe2\x80\x98\x1b[01m\x1b[Ksucceed\x1b[m\x1b[K\xe2\x80\x99\n'}
[14.088150] (rover_control_package) StderrLine: {'line': b'   97 |           goal_handle->\x1b[01;31m\x1b[Ksucceed\x1b[m\x1b[K(result);\n'}
[14.088500] (rover_control_package) StderrLine: {'line': b'      |                        \x1b[01;31m\x1b[K^~~~~~~\x1b[m\x1b[K\n'}
[14.091709] (-) TimerEvent: {}
[14.192463] (-) TimerEvent: {}
[14.293285] (-) TimerEvent: {}
[14.394025] (-) TimerEvent: {}
[14.494749] (-) TimerEvent: {}
[14.595485] (-) TimerEvent: {}
[14.696233] (-) TimerEvent: {}
[14.796966] (-) TimerEvent: {}
[14.897743] (-) TimerEvent: {}
[14.998455] (-) TimerEvent: {}
[15.099192] (-) TimerEvent: {}
[15.199942] (-) TimerEvent: {}
[15.300654] (-) TimerEvent: {}
[15.401448] (-) TimerEvent: {}
[15.502150] (-) TimerEvent: {}
[15.602906] (-) TimerEvent: {}
[15.703614] (-) TimerEvent: {}
[15.804319] (-) TimerEvent: {}
[15.905042] (-) TimerEvent: {}
[16.005750] (-) TimerEvent: {}
[16.106491] (-) TimerEvent: {}
[16.207215] (-) TimerEvent: {}
[16.307941] (-) TimerEvent: {}
[16.408743] (-) TimerEvent: {}
[16.509483] (-) TimerEvent: {}
[16.610182] (-) TimerEvent: {}
[16.710889] (-) TimerEvent: {}
[16.811711] (-) TimerEvent: {}
[16.846193] (rover_control_package) StderrLine: {'line': b'gmake[2]: *** [CMakeFiles/carcontrol_ros2_server.dir/build.make:76: CMakeFiles/carcontrol_ros2_server.dir/src/motor_drive_node.cpp.o] Error 1\n'}
[16.847115] (rover_control_package) StderrLine: {'line': b'gmake[1]: *** [CMakeFiles/Makefile2:628: CMakeFiles/carcontrol_ros2_server.dir/all] Error 2\n'}
[16.848041] (rover_control_package) StderrLine: {'line': b'gmake: *** [Makefile:146: all] Error 2\n'}
[16.853965] (rover_control_package) CommandEnded: {'returncode': 2}
[16.911904] (-) TimerEvent: {}
[17.012726] (-) TimerEvent: {}
[17.113397] (-) TimerEvent: {}
[17.214294] (-) TimerEvent: {}
[17.262080] (rover_control_package) JobEnded: {'identifier': 'rover_control_package', 'rc': 2}
[17.274345] (-) EventReactorShutdown: {}
