[0.000000] (-) TimerEvent: {}
[0.000129] (-) JobUnselected: {'identifier': 'action_interfaces'}
[0.000155] (-) JobUnselected: {'identifier': 'package_test'}
[0.000175] (package_base_command) JobQueued: {'identifier': 'package_base_command', 'dependencies': OrderedDict()}
[0.000193] (package_base_command) JobStarted: {'identifier': 'package_base_command'}
[0.007901] (package_base_command) JobProgress: {'identifier': 'package_base_command', 'progress': 'cmake'}
[0.008412] (package_base_command) JobProgress: {'identifier': 'package_base_command', 'progress': 'build'}
[0.008971] (package_base_command) Command: {'cmd': ['/usr/bin/cmake', '--build', '/home/yupi/rover_proj/ros2-base-ws/build/package_base_command', '--', '-j4', '-l4'], 'cwd': '/home/yupi/rover_proj/ros2-base-ws/build/package_base_command', 'env': OrderedDict([('LESSOPEN', '| /usr/bin/lesspipe %s'), ('USER', 'yupi'), ('SSH_CLIENT', '172.30.91.129 63145 22'), ('LC_TIME', 'th_TH.UTF-8'), ('XDG_SESSION_TYPE', 'tty'), ('SHLVL', '1'), ('LD_LIBRARY_PATH', '/opt/ros/humble/opt/rviz_ogre_vendor/lib:/opt/ros/humble/lib/x86_64-linux-gnu:/opt/ros/humble/lib'), ('MOTD_SHOWN', 'pam'), ('HOME', '/home/yupi'), ('OLDPWD', '/home/yupi/rover_proj'), ('SSH_TTY', '/dev/pts/0'), ('ROS_PYTHON_VERSION', '3'), ('LC_MONETARY', 'th_TH.UTF-8'), ('DBUS_SESSION_BUS_ADDRESS', 'unix:path=/run/user/1000/bus'), ('COLCON_PREFIX_PATH', '/home/yupi/rover_proj/ros2-base-ws/install:/home/yupi/rover_proj/mros2-host-examples-main/install'), ('ROS_DISTRO', 'humble'), ('LOGNAME', 'yupi'), ('_', '/usr/bin/colcon'), ('ROS_VERSION', '2'), ('XDG_SESSION_CLASS', 'user'), ('TERM', 'xterm-256color'), ('XDG_SESSION_ID', '781'), ('ROS_LOCALHOST_ONLY', '0'), ('PATH', '/home/yupi/.local/bin:/opt/ros/humble/bin:/usr/local/sbin:/usr/local/bin:/usr/sbin:/usr/bin:/sbin:/bin:/usr/games:/usr/local/games:/snap/bin'), ('LC_ADDRESS', 'th_TH.UTF-8'), ('XDG_RUNTIME_DIR', '/run/user/1000'), ('LANG', 'en_US.UTF-8'), ('LC_TELEPHONE', 'th_TH.UTF-8'), ('LS_COLORS', 'rs=0:di=01;34:ln=01;36:mh=00:pi=40;33:so=01;35:do=01;35:bd=40;33;01:cd=40;33;01:or=40;31;01:mi=00:su=37;41:sg=30;43:ca=30;41:tw=30;42:ow=34;42:st=37;44:ex=01;32:*.tar=01;31:*.tgz=01;31:*.arc=01;31:*.arj=01;31:*.taz=01;31:*.lha=01;31:*.lz4=01;31:*.lzh=01;31:*.lzma=01;31:*.tlz=01;31:*.txz=01;31:*.tzo=01;31:*.t7z=01;31:*.zip=01;31:*.z=01;31:*.dz=01;31:*.gz=01;31:*.lrz=01;31:*.lz=01;31:*.lzo=01;31:*.xz=01;31:*.zst=01;31:*.tzst=01;31:*.bz2=01;31:*.bz=01;31:*.tbz=01;31:*.tbz2=01;31:*.tz=01;31:*.deb=01;31:*.rpm=01;31:*.jar=01;31:*.war=01;31:*.ear=01;31:*.sar=01;31:*.rar=01;31:*.alz=01;31:*.ace=01;31:*.zoo=01;31:*.cpio=01;31:*.7z=01;31:*.rz=01;31:*.cab=01;31:*.wim=01;31:*.swm=01;31:*.dwm=01;31:*.esd=01;31:*.jpg=01;35:*.jpeg=01;35:*.mjpg=01;35:*.mjpeg=01;35:*.gif=01;35:*.bmp=01;35:*.pbm=01;35:*.pgm=01;35:*.ppm=01;35:*.tga=01;35:*.xbm=01;35:*.xpm=01;35:*.tif=01;35:*.tiff=01;35:*.png=01;35:*.svg=01;35:*.svgz=01;35:*.mng=01;35:*.pcx=01;35:*.mov=01;35:*.mpg=01;35:*.mpeg=01;35:*.m2v=01;35:*.mkv=01;35:*.webm=01;35:*.webp=01;35:*.ogm=01;35:*.mp4=01;35:*.m4v=01;35:*.mp4v=01;35:*.vob=01;35:*.qt=01;35:*.nuv=01;35:*.wmv=01;35:*.asf=01;35:*.rm=01;35:*.rmvb=01;35:*.flc=01;35:*.avi=01;35:*.fli=01;35:*.flv=01;35:*.gl=01;35:*.dl=01;35:*.xcf=01;35:*.xwd=01;35:*.yuv=01;35:*.cgm=01;35:*.emf=01;35:*.ogv=01;35:*.ogx=01;35:*.aac=00;36:*.au=00;36:*.flac=00;36:*.m4a=00;36:*.mid=00;36:*.midi=00;36:*.mka=00;36:*.mp3=00;36:*.mpc=00;36:*.ogg=00;36:*.ra=00;36:*.wav=00;36:*.oga=00;36:*.opus=00;36:*.spx=00;36:*.xspf=00;36:'), ('ROS_DOMAIN_ID', '10'), ('AMENT_PREFIX_PATH', '/home/yupi/rover_proj/ros2-base-ws/install/package_test:/home/yupi/rover_proj/ros2-base-ws/install/package_base_command:/home/yupi/rover_proj/ros2-base-ws/install/action_interfaces:/home/yupi/rover_proj/mros2-host-examples-main/install/mros2_sub_twist:/home/yupi/rover_proj/mros2-host-examples-main/install/mros2_sub_long_string_pub_crc:/home/yupi/rover_proj/mros2-host-examples-main/install/mros2_sub_float32:/home/yupi/rover_proj/mros2-host-examples-main/install/mros2_pub_uint16:/home/yupi/rover_proj/mros2-host-examples-main/install/mros2_pub_pose:/home/yupi/rover_proj/mros2-host-examples-main/install/mros2_echoreply_string:/home/yupi/rover_proj/mros2-host-examples-main/install/mros2_echoback_string:/opt/ros/humble'), ('SHELL', '/bin/bash'), ('LC_NAME', 'th_TH.UTF-8'), ('LESSCLOSE', '/usr/bin/lesspipe %s %s'), ('LC_MEASUREMENT', 'th_TH.UTF-8'), ('LC_IDENTIFICATION', 'th_TH.UTF-8'), ('PWD', '/home/yupi/rover_proj/ros2-base-ws/build/package_base_command'), ('LC_ALL', 'en_US.UTF-8'), ('SSH_CONNECTION', '172.30.91.129 63145 172.30.81.101 22'), ('XDG_DATA_DIRS', '/usr/share/gnome:/usr/local/share:/usr/share:/var/lib/snapd/desktop'), ('PYTHONPATH', '/opt/ros/humble/lib/python3.10/site-packages:/opt/ros/humble/local/lib/python3.10/dist-packages'), ('LC_NUMERIC', 'th_TH.UTF-8'), ('LC_PAPER', 'th_TH.UTF-8'), ('COLCON', '1'), ('CMAKE_PREFIX_PATH', '/home/yupi/rover_proj/ros2-base-ws/install/package_test:/home/yupi/rover_proj/ros2-base-ws/install/package_base_command:/home/yupi/rover_proj/ros2-base-ws/install/action_interfaces:/home/yupi/rover_proj/mros2-host-examples-main/install/mros2_sub_twist:/home/yupi/rover_proj/mros2-host-examples-main/install/mros2_sub_long_string_pub_crc:/home/yupi/rover_proj/mros2-host-examples-main/install/mros2_sub_float32:/home/yupi/rover_proj/mros2-host-examples-main/install/mros2_pub_uint16:/home/yupi/rover_proj/mros2-host-examples-main/install/mros2_pub_pose:/home/yupi/rover_proj/mros2-host-examples-main/install/mros2_echoreply_string:/home/yupi/rover_proj/mros2-host-examples-main/install/mros2_echoback_string:/opt/ros/humble')]), 'shell': False}
[0.031723] (package_base_command) StdoutLine: {'line': b'-- Found ament_cmake: 1.3.10 (/opt/ros/humble/share/ament_cmake/cmake)\n'}
[0.099243] (-) TimerEvent: {}
[0.144533] (package_base_command) StdoutLine: {'line': b'-- Found action_interfaces: 0.0.0 (/home/yupi/rover_proj/ros2-base-ws/install/action_interfaces/share/action_interfaces/cmake)\n'}
[0.147427] (package_base_command) StdoutLine: {'line': b'-- Found rclcpp: 16.0.10 (/opt/ros/humble/share/rclcpp/cmake)\n'}
[0.199343] (-) TimerEvent: {}
[0.219951] (package_base_command) StdoutLine: {'line': b'-- Found rosidl_generator_c: 3.1.5 (/opt/ros/humble/share/rosidl_generator_c/cmake)\n'}
[0.228869] (package_base_command) StdoutLine: {'line': b'-- Found rosidl_adapter: 3.1.5 (/opt/ros/humble/share/rosidl_adapter/cmake)\n'}
[0.243198] (package_base_command) StdoutLine: {'line': b'-- Found rosidl_generator_cpp: 3.1.5 (/opt/ros/humble/share/rosidl_generator_cpp/cmake)\n'}
[0.266192] (package_base_command) StdoutLine: {'line': b'-- Using all available rosidl_typesupport_c: rosidl_typesupport_fastrtps_c;rosidl_typesupport_introspection_c\n'}
[0.290963] (package_base_command) StdoutLine: {'line': b'-- Using all available rosidl_typesupport_cpp: rosidl_typesupport_fastrtps_cpp;rosidl_typesupport_introspection_cpp\n'}
[0.299434] (-) TimerEvent: {}
[0.361029] (package_base_command) StdoutLine: {'line': b'-- Found rmw_implementation_cmake: 6.1.2 (/opt/ros/humble/share/rmw_implementation_cmake/cmake)\n'}
[0.366303] (package_base_command) StdoutLine: {'line': b'-- Found rmw_fastrtps_cpp: 6.2.7 (/opt/ros/humble/share/rmw_fastrtps_cpp/cmake)\n'}
[0.399534] (-) TimerEvent: {}
[0.466371] (package_base_command) StdoutLine: {'line': b'-- Found OpenSSL: /usr/lib/x86_64-linux-gnu/libcrypto.so (found version "3.0.2")  \n'}
[0.493236] (package_base_command) StdoutLine: {'line': b'-- Found FastRTPS: /opt/ros/humble/include  \n'}
[0.499630] (-) TimerEvent: {}
[0.531923] (package_base_command) StdoutLine: {'line': b"-- Using RMW implementation 'rmw_fastrtps_cpp' as default\n"}
[0.547577] (package_base_command) StdoutLine: {'line': b'-- Looking for pthread.h\n'}
[0.599739] (-) TimerEvent: {}
[0.613559] (package_base_command) StdoutLine: {'line': b'-- Looking for pthread.h - found\n'}
[0.614140] (package_base_command) StdoutLine: {'line': b'-- Performing Test CMAKE_HAVE_LIBC_PTHREAD\n'}
[0.680681] (package_base_command) StdoutLine: {'line': b'-- Performing Test CMAKE_HAVE_LIBC_PTHREAD - Success\n'}
[0.681726] (package_base_command) StdoutLine: {'line': b'-- Found Threads: TRUE  \n'}
[0.699831] (-) TimerEvent: {}
[0.755641] (package_base_command) StdoutLine: {'line': b'-- Found rclcpp_action: 16.0.10 (/opt/ros/humble/share/rclcpp_action/cmake)\n'}
[0.799938] (-) TimerEvent: {}
[0.810438] (package_base_command) StdoutLine: {'line': b'-- Found rclcpp_components: 16.0.10 (/opt/ros/humble/share/rclcpp_components/cmake)\n'}
[0.852449] (package_base_command) StdoutLine: {'line': b'-- Found std_srvs: 4.2.4 (/opt/ros/humble/share/std_srvs/cmake)\n'}
[0.867220] (package_base_command) StdoutLine: {'line': b'-- Found ament_lint_auto: 0.12.11 (/opt/ros/humble/share/ament_lint_auto/cmake)\n'}
[0.900045] (-) TimerEvent: {}
[0.932278] (package_base_command) StdoutLine: {'line': b"-- Added test 'cppcheck' to perform static code analysis on C / C++ code\n"}
[0.932520] (package_base_command) StdoutLine: {'line': b'-- Configured cppcheck include dirs: $<BUILD_INTERFACE:/home/yupi/rover_proj/ros2-base-ws/src/package_base_command/include>\n'}
[0.932605] (package_base_command) StdoutLine: {'line': b'-- Configured cppcheck exclude dirs and/or files: \n'}
[0.932959] (package_base_command) StdoutLine: {'line': b"-- Added test 'lint_cmake' to check CMake code style\n"}
[0.933832] (package_base_command) StdoutLine: {'line': b"-- Added test 'uncrustify' to check C / C++ code style\n"}
[0.933919] (package_base_command) StdoutLine: {'line': b'-- Configured uncrustify additional arguments: \n'}
[0.934188] (package_base_command) StdoutLine: {'line': b"-- Added test 'xmllint' to check XML markup files\n"}
[0.935820] (package_base_command) StdoutLine: {'line': b'-- Configuring done\n'}
[0.944395] (package_base_command) StdoutLine: {'line': b'-- Generating done\n'}
[0.946093] (package_base_command) StdoutLine: {'line': b'-- Build files have been written to: /home/yupi/rover_proj/ros2-base-ws/build/package_base_command\n'}
[0.969179] (package_base_command) StdoutLine: {'line': b'\x1b[35m\x1b[1mConsolidate compiler generated dependencies of target node_carcontrol\x1b[0m\n'}
[0.978632] (package_base_command) StdoutLine: {'line': b'[ 50%] \x1b[32mBuilding CXX object CMakeFiles/node_carcontrol.dir/src/node_carcontrol.cpp.o\x1b[0m\n'}
[1.000144] (-) TimerEvent: {}
[1.030486] (package_base_command) StderrLine: {'line': b'\x1b[01m\x1b[K/home/yupi/rover_proj/ros2-base-ws/src/package_base_command/src/node_carcontrol.cpp:7:10:\x1b[m\x1b[K \x1b[01;31m\x1b[Kfatal error: \x1b[m\x1b[Kaction_interfaces/action/rovercontrol.hpp: No such file or directory\n'}
[1.030629] (package_base_command) StderrLine: {'line': b'    7 | #include \x1b[01;31m\x1b[K"action_interfaces/action/rovercontrol.hpp"\x1b[m\x1b[K\n'}
[1.030691] (package_base_command) StderrLine: {'line': b'      |          \x1b[01;31m\x1b[K^~~~~~~~~~~~~~~~~~~~~~~~~~~~~~~~~~~~~~~~~~~\x1b[m\x1b[K\n'}
[1.030747] (package_base_command) StderrLine: {'line': b'compilation terminated.\n'}
[1.031874] (package_base_command) StderrLine: {'line': b'gmake[2]: *** [CMakeFiles/node_carcontrol.dir/build.make:76: CMakeFiles/node_carcontrol.dir/src/node_carcontrol.cpp.o] Error 1\n'}
[1.032093] (package_base_command) StderrLine: {'line': b'gmake[1]: *** [CMakeFiles/Makefile2:137: CMakeFiles/node_carcontrol.dir/all] Error 2\n'}
[1.032279] (package_base_command) StderrLine: {'line': b'gmake: *** [Makefile:146: all] Error 2\n'}
[1.034018] (package_base_command) CommandEnded: {'returncode': 2}
[1.066633] (package_base_command) JobEnded: {'identifier': 'package_base_command', 'rc': 2}
[1.076965] (-) EventReactorShutdown: {}
