[35m[1mConsolidate compiler generated dependencies of target node_rovercontrol[0m
[ 33%] Built target node_motor_control
[ 66%] Built target motorcontrol
[ 83%] [32mBuilding CXX object CMakeFiles/node_rovercontrol.dir/src/node_rover_control.cpp.o[0m
[01m[K/home/curry/wilson_proj/ros2-rover-ws/src/package_rover_control/src/node_rover_control.cpp:[m[K In constructor â€˜[01m[KNode_Rovercontrol::Node_Rovercontrol()[m[Kâ€™:
[01m[K/home/curry/wilson_proj/ros2-rover-ws/src/package_rover_control/src/node_rover_control.cpp:31:9:[m[K [01;31m[Kerror: [m[Kâ€˜[01m[Ktopic_direction_subscription_[m[Kâ€™ was not declared in this scope; did you mean â€˜[01m[Ktopic_destination_subscription_[m[Kâ€™?
   31 |         [01;31m[Ktopic_direction_subscription_[m[K = this->create_subscription<std_msgs::msg::String>(
      |         [01;31m[K^~~~~~~~~~~~~~~~~~~~~~~~~~~~~[m[K
      |         [32m[Ktopic_destination_subscription_[m[K
gmake[2]: *** [CMakeFiles/node_rovercontrol.dir/build.make:76: CMakeFiles/node_rovercontrol.dir/src/node_rover_control.cpp.o] Error 1
gmake[1]: *** [CMakeFiles/Makefile2:193: CMakeFiles/node_rovercontrol.dir/all] Error 2
gmake: *** [Makefile:146: all] Error 2
