[0.000000] (-) TimerEvent: {}
[0.001534] (test_package) JobQueued: {'identifier': 'test_package', 'dependencies': OrderedDict()}
[0.002082] (test_package) JobStarted: {'identifier': 'test_package'}
[0.039112] (test_package) JobProgress: {'identifier': 'test_package', 'progress': 'cmake'}
[0.042224] (test_package) JobProgress: {'identifier': 'test_package', 'progress': 'build'}
[0.045555] (test_package) Command: {'cmd': ['/usr/bin/cmake', '--build', '/home/curry/wilson_proj/ros2-rover-ws/build/test_package', '--', '-j4', '-l4'], 'cwd': '/home/curry/wilson_proj/ros2-rover-ws/build/test_package', 'env': OrderedDict([('LESSOPEN', '| /usr/bin/lesspipe %s'), ('USER', 'curry'), ('SSH_CLIENT', '172.30.0.82 42830 22'), ('LC_TIME', 'en_US.UTF-8'), ('XDG_SESSION_TYPE', 'tty'), ('SHLVL', '1'), ('LD_LIBRARY_PATH', '/home/curry/wilson_proj/ros2-rover-ws/install/test_package/lib:/opt/ros/iron/opt/rviz_ogre_vendor/lib:/opt/ros/iron/lib/aarch64-linux-gnu:/opt/ros/iron/lib'), ('MOTD_SHOWN', 'pam'), ('HOME', '/home/curry'), ('OLDPWD', '/home/curry/wilson_proj'), ('SSH_TTY', '/dev/pts/1'), ('ROS_PYTHON_VERSION', '3'), ('LC_MONETARY', 'en_US.UTF-8'), ('DBUS_SESSION_BUS_ADDRESS', 'unix:path=/run/user/1000/bus'), ('COLCON_PREFIX_PATH', '/home/curry/wilson_proj/ros2-rover-ws/install'), ('ROS_DISTRO', 'iron'), ('LOGNAME', 'curry'), ('_', '/usr/bin/colcon'), ('ROS_VERSION', '2'), ('XDG_SESSION_CLASS', 'user'), ('TERM', 'xterm-256color'), ('XDG_SESSION_ID', '2347'), ('PATH', '/opt/ros/iron/bin:/home/curry/.cargo/bin:/usr/local/sbin:/usr/local/bin:/usr/sbin:/usr/bin:/sbin:/bin:/usr/games:/usr/local/games:/snap/bin'), ('PAPERSIZE', 'letter'), ('LC_ADDRESS', 'en_US.UTF-8'), ('XDG_RUNTIME_DIR', '/run/user/1000'), ('LANG', 'en_US.UTF-8'), ('LC_TELEPHONE', 'en_US.UTF-8'), ('LS_COLORS', 'rs=0:di=01;34:ln=01;36:mh=00:pi=40;33:so=01;35:do=01;35:bd=40;33;01:cd=40;33;01:or=40;31;01:mi=00:su=37;41:sg=30;43:ca=30;41:tw=30;42:ow=34;42:st=37;44:ex=01;32:*.tar=01;31:*.tgz=01;31:*.arc=01;31:*.arj=01;31:*.taz=01;31:*.lha=01;31:*.lz4=01;31:*.lzh=01;31:*.lzma=01;31:*.tlz=01;31:*.txz=01;31:*.tzo=01;31:*.t7z=01;31:*.zip=01;31:*.z=01;31:*.dz=01;31:*.gz=01;31:*.lrz=01;31:*.lz=01;31:*.lzo=01;31:*.xz=01;31:*.zst=01;31:*.tzst=01;31:*.bz2=01;31:*.bz=01;31:*.tbz=01;31:*.tbz2=01;31:*.tz=01;31:*.deb=01;31:*.rpm=01;31:*.jar=01;31:*.war=01;31:*.ear=01;31:*.sar=01;31:*.rar=01;31:*.alz=01;31:*.ace=01;31:*.zoo=01;31:*.cpio=01;31:*.7z=01;31:*.rz=01;31:*.cab=01;31:*.wim=01;31:*.swm=01;31:*.dwm=01;31:*.esd=01;31:*.jpg=01;35:*.jpeg=01;35:*.mjpg=01;35:*.mjpeg=01;35:*.gif=01;35:*.bmp=01;35:*.pbm=01;35:*.pgm=01;35:*.ppm=01;35:*.tga=01;35:*.xbm=01;35:*.xpm=01;35:*.tif=01;35:*.tiff=01;35:*.png=01;35:*.svg=01;35:*.svgz=01;35:*.mng=01;35:*.pcx=01;35:*.mov=01;35:*.mpg=01;35:*.mpeg=01;35:*.m2v=01;35:*.mkv=01;35:*.webm=01;35:*.webp=01;35:*.ogm=01;35:*.mp4=01;35:*.m4v=01;35:*.mp4v=01;35:*.vob=01;35:*.qt=01;35:*.nuv=01;35:*.wmv=01;35:*.asf=01;35:*.rm=01;35:*.rmvb=01;35:*.flc=01;35:*.avi=01;35:*.fli=01;35:*.flv=01;35:*.gl=01;35:*.dl=01;35:*.xcf=01;35:*.xwd=01;35:*.yuv=01;35:*.cgm=01;35:*.emf=01;35:*.ogv=01;35:*.ogx=01;35:*.aac=00;36:*.au=00;36:*.flac=00;36:*.m4a=00;36:*.mid=00;36:*.midi=00;36:*.mka=00;36:*.mp3=00;36:*.mpc=00;36:*.ogg=00;36:*.ra=00;36:*.wav=00;36:*.oga=00;36:*.opus=00;36:*.spx=00;36:*.xspf=00;36:'), ('ROS_DOMAIN_ID', '10'), ('AMENT_PREFIX_PATH', '/home/curry/wilson_proj/ros2-rover-ws/install/test_package:/opt/ros/iron'), ('SHELL', '/bin/bash'), ('LC_NAME', 'en_US.UTF-8'), ('LESSCLOSE', '/usr/bin/lesspipe %s %s'), ('LC_MEASUREMENT', 'en_US.UTF-8'), ('LC_IDENTIFICATION', 'en_US.UTF-8'), ('ROS_AUTOMATIC_DISCOVERY_RANGE', 'SUBNET'), ('PWD', '/home/curry/wilson_proj/ros2-rover-ws/build/test_package'), ('LC_ALL', 'en_US.UTF-8'), ('SSH_CONNECTION', '172.30.0.82 42830 172.30.81.58 22'), ('XDG_DATA_DIRS', '/usr/share/gnome:/usr/local/share:/usr/share:/var/lib/snapd/desktop'), ('PYTHONPATH', '/home/curry/wilson_proj/ros2-rover-ws/install/test_package/lib/python3.10/site-packages:/opt/ros/iron/lib/python3.10/site-packages'), ('LC_NUMERIC', 'en_US.UTF-8'), ('LC_PAPER', 'en_US.UTF-8'), ('COLCON', '1'), ('CMAKE_PREFIX_PATH', '/home/curry/wilson_proj/ros2-rover-ws/install/test_package:/opt/ros/iron')]), 'shell': False}
[0.099149] (-) TimerEvent: {}
[0.199855] (-) TimerEvent: {}
[0.284792] (test_package) StdoutLine: {'line': b'[  2%] Built target test_package__rosidl_generator_type_description\n'}
[0.300092] (-) TimerEvent: {}
[0.327514] (test_package) StdoutLine: {'line': b'[  7%] Built target action_server_node\n'}
[0.329716] (test_package) StdoutLine: {'line': b'[ 12%] Built target Tserver_node\n'}
[0.345345] (test_package) StdoutLine: {'line': b'[ 12%] Built target ament_cmake_python_copy_test_package\n'}
[0.376730] (test_package) StdoutLine: {'line': b'[ 15%] Built target test_package__cpp\n'}
[0.400297] (-) TimerEvent: {}
[0.428653] (test_package) StdoutLine: {'line': b'[ 27%] Built target test_package__rosidl_generator_c\n'}
[0.500744] (-) TimerEvent: {}
[0.536235] (test_package) StdoutLine: {'line': b'[ 35%] Built target test_package__rosidl_typesupport_introspection_c\n'}
[0.545166] (test_package) StdoutLine: {'line': b'[ 42%] Built target test_package__rosidl_typesupport_cpp\n'}
[0.549325] (test_package) StdoutLine: {'line': b'[ 50%] Built target test_package__rosidl_typesupport_fastrtps_c\n'}
[0.601079] (-) TimerEvent: {}
[0.646236] (test_package) StdoutLine: {'line': b'[ 57%] Built target test_package__rosidl_typesupport_c\n'}
[0.665909] (test_package) StdoutLine: {'line': b'[ 65%] Built target test_package__rosidl_typesupport_introspection_cpp\n'}
[0.676261] (test_package) StdoutLine: {'line': b'[ 72%] Built target test_package__rosidl_typesupport_fastrtps_cpp\n'}
[0.701376] (-) TimerEvent: {}
[0.714617] (test_package) StdoutLine: {'line': b'\x1b[35m\x1b[1mConsolidate compiler generated dependencies of target action_server\x1b[0m\n'}
[0.768612] (test_package) StdoutLine: {'line': b'[ 72%] Built target test_package\n'}
[0.801570] (-) TimerEvent: {}
[0.823185] (test_package) StdoutLine: {'line': b'[ 75%] \x1b[32mBuilding CXX object CMakeFiles/action_server.dir/src/Action_server_node.cpp.o\x1b[0m\n'}
[0.863977] (test_package) StdoutLine: {'line': b'[ 77%] Built target test_package__py\n'}
[0.901785] (-) TimerEvent: {}
[0.960869] (test_package) StdoutLine: {'line': b'[ 82%] Built target test_package__rosidl_generator_py\n'}
[1.001971] (-) TimerEvent: {}
[1.066094] (test_package) StdoutLine: {'line': b'[ 87%] Built target test_package__rosidl_typesupport_fastrtps_c__pyext\n'}
[1.068778] (test_package) StdoutLine: {'line': b'[ 92%] Built target test_package__rosidl_typesupport_introspection_c__pyext\n'}
[1.102177] (-) TimerEvent: {}
[1.166324] (test_package) StdoutLine: {'line': b'[ 97%] Built target test_package__rosidl_typesupport_c__pyext\n'}
[1.202338] (-) TimerEvent: {}
[1.302987] (-) TimerEvent: {}
[1.403602] (-) TimerEvent: {}
[1.504220] (-) TimerEvent: {}
[1.604947] (-) TimerEvent: {}
[1.705570] (-) TimerEvent: {}
[1.743159] (test_package) StdoutLine: {'line': b'running egg_info\n'}
[1.746678] (test_package) StdoutLine: {'line': b'writing test_package.egg-info/PKG-INFO\n'}
[1.747703] (test_package) StdoutLine: {'line': b'writing dependency_links to test_package.egg-info/dependency_links.txt\n'}
[1.748878] (test_package) StdoutLine: {'line': b'writing top-level names to test_package.egg-info/top_level.txt\n'}
[1.759295] (test_package) StdoutLine: {'line': b"reading manifest file 'test_package.egg-info/SOURCES.txt'\n"}
[1.761937] (test_package) StdoutLine: {'line': b"writing manifest file 'test_package.egg-info/SOURCES.txt'\n"}
[1.805909] (-) TimerEvent: {}
[1.891446] (test_package) StdoutLine: {'line': b'[ 97%] Built target ament_cmake_python_build_test_package_egg\n'}
[1.906043] (-) TimerEvent: {}
[2.006737] (-) TimerEvent: {}
[2.107428] (-) TimerEvent: {}
[2.208085] (-) TimerEvent: {}
[2.308782] (-) TimerEvent: {}
[2.409430] (-) TimerEvent: {}
[2.510261] (-) TimerEvent: {}
[2.611224] (-) TimerEvent: {}
[2.711895] (-) TimerEvent: {}
[2.812566] (-) TimerEvent: {}
[2.913212] (-) TimerEvent: {}
[2.977344] (test_package) StderrLine: {'line': b'\x1b[01m\x1b[K/home/curry/wilson_proj/ros2-rover-ws/src/test_package/src/Action_server_node.cpp:10:10:\x1b[m\x1b[K \x1b[01;31m\x1b[Kfatal error: \x1b[m\x1b[Ktest_package/visibility_control.h: No such file or directory\n'}
[2.978007] (test_package) StderrLine: {'line': b'   10 | #include \x1b[01;31m\x1b[K"test_package/visibility_control.h"\x1b[m\x1b[K\n'}
[2.978408] (test_package) StderrLine: {'line': b'      |          \x1b[01;31m\x1b[K^~~~~~~~~~~~~~~~~~~~~~~~~~~~~~~~~~~\x1b[m\x1b[K\n'}
[2.978746] (test_package) StderrLine: {'line': b'compilation terminated.\n'}
[2.989258] (test_package) StderrLine: {'line': b'gmake[2]: *** [CMakeFiles/action_server.dir/build.make:76: CMakeFiles/action_server.dir/src/Action_server_node.cpp.o] Error 1\n'}
[2.990269] (test_package) StderrLine: {'line': b'gmake[1]: *** [CMakeFiles/Makefile2:630: CMakeFiles/action_server.dir/all] Error 2\n'}
[2.991281] (test_package) StderrLine: {'line': b'gmake: *** [Makefile:146: all] Error 2\n'}
[2.998245] (test_package) CommandEnded: {'returncode': 2}
[3.013406] (-) TimerEvent: {}
[3.114129] (-) TimerEvent: {}
[3.214835] (-) TimerEvent: {}
[3.315537] (-) TimerEvent: {}
[3.416739] (-) TimerEvent: {}
[3.479715] (test_package) JobEnded: {'identifier': 'test_package', 'rc': 2}
[3.491843] (-) EventReactorShutdown: {}
