[01m[K/home/curry/wilson_proj/ros2-rover-ws/src/package_rover_control/src/node_rover_control_a.cpp:[m[K In constructor â€˜[01m[KNode_Rovercontrol::Node_Rovercontrol()[m[Kâ€™:
[01m[K/home/curry/wilson_proj/ros2-rover-ws/src/package_rover_control/src/node_rover_control_a.cpp:36:9:[m[K [01;31m[Kerror: [m[Kâ€˜[01m[Ktopic_rocon_pub_[m[Kâ€™ was not declared in this scope; did you mean â€˜[01m[Ktopic_ro_con_pub_[m[Kâ€™?
   36 |         [01;31m[Ktopic_rocon_pub_[m[K = this->create_publisher<std_msgs::msg::Float32MultiArray>("pub_rovercontrol", 10);
      |         [01;31m[K^~~~~~~~~~~~~~~~[m[K
      |         [32m[Ktopic_ro_con_pub_[m[K
[01m[K/home/curry/wilson_proj/ros2-rover-ws/src/package_rover_control/src/node_rover_control_a.cpp:[m[K In member function â€˜[01m[Kvoid Node_Rovercontrol::timer_callback()[m[Kâ€™:
[01m[K/home/curry/wilson_proj/ros2-rover-ws/src/package_rover_control/src/node_rover_control_a.cpp:97:23:[m[K [01;35m[Kwarning: [m[Knarrowing conversion of â€˜[01m[K((Node_Rovercontrol*)this)->Node_Rovercontrol::fDr_msg_[m[Kâ€™ from â€˜[01m[Kuint16_t[m[Kâ€™ {aka â€˜[01m[Kshort unsigned int[m[Kâ€™} to â€˜[01m[Kfloat[m[Kâ€™ [[01;35m[K]8;;https://gcc.gnu.org/onlinedocs/gcc/Warning-Options.html#index-Wnarrowing-Wnarrowing]8;;[m[K]
   97 |         rover_con_ = {[01;35m[KfDr_msg_[m[K, ro_ctrl_msg2_, i16_spd_msg_, bDr_msg_};
      |                       [01;35m[K^~~~~~~~[m[K
[01m[K/home/curry/wilson_proj/ros2-rover-ws/src/package_rover_control/src/node_rover_control_a.cpp:97:23:[m[K [01;35m[Kwarning: [m[Knarrowing conversion of â€˜[01m[K((Node_Rovercontrol*)this)->Node_Rovercontrol::fDr_msg_[m[Kâ€™ from â€˜[01m[Kuint16_t[m[Kâ€™ {aka â€˜[01m[Kshort unsigned int[m[Kâ€™} to â€˜[01m[Kfloat[m[Kâ€™ [[01;35m[K]8;;https://gcc.gnu.org/onlinedocs/gcc/Warning-Options.html#index-Wnarrowing-Wnarrowing]8;;[m[K]
[01m[K/home/curry/wilson_proj/ros2-rover-ws/src/package_rover_control/src/node_rover_control_a.cpp:97:48:[m[K [01;35m[Kwarning: [m[Knarrowing conversion of â€˜[01m[K((Node_Rovercontrol*)this)->Node_Rovercontrol::i16_spd_msg_[m[Kâ€™ from â€˜[01m[Kuint16_t[m[Kâ€™ {aka â€˜[01m[Kshort unsigned int[m[Kâ€™} to â€˜[01m[Kfloat[m[Kâ€™ [[01;35m[K]8;;https://gcc.gnu.org/onlinedocs/gcc/Warning-Options.html#index-Wnarrowing-Wnarrowing]8;;[m[K]
   97 |         rover_con_ = {fDr_msg_, ro_ctrl_msg2_, [01;35m[Ki16_spd_msg_[m[K, bDr_msg_};
      |                                                [01;35m[K^~~~~~~~~~~~[m[K
[01m[K/home/curry/wilson_proj/ros2-rover-ws/src/package_rover_control/src/node_rover_control_a.cpp:97:48:[m[K [01;35m[Kwarning: [m[Knarrowing conversion of â€˜[01m[K((Node_Rovercontrol*)this)->Node_Rovercontrol::i16_spd_msg_[m[Kâ€™ from â€˜[01m[Kuint16_t[m[Kâ€™ {aka â€˜[01m[Kshort unsigned int[m[Kâ€™} to â€˜[01m[Kfloat[m[Kâ€™ [[01;35m[K]8;;https://gcc.gnu.org/onlinedocs/gcc/Warning-Options.html#index-Wnarrowing-Wnarrowing]8;;[m[K]
[01m[K/home/curry/wilson_proj/ros2-rover-ws/src/package_rover_control/src/node_rover_control_a.cpp:97:62:[m[K [01;35m[Kwarning: [m[Knarrowing conversion of â€˜[01m[K((Node_Rovercontrol*)this)->Node_Rovercontrol::bDr_msg_[m[Kâ€™ from â€˜[01m[Kuint16_t[m[Kâ€™ {aka â€˜[01m[Kshort unsigned int[m[Kâ€™} to â€˜[01m[Kfloat[m[Kâ€™ [[01;35m[K]8;;https://gcc.gnu.org/onlinedocs/gcc/Warning-Options.html#index-Wnarrowing-Wnarrowing]8;;[m[K]
   97 |         rover_con_ = {fDr_msg_, ro_ctrl_msg2_, i16_spd_msg_, [01;35m[KbDr_msg_[m[K};
      |                                                              [01;35m[K^~~~~~~~[m[K
[01m[K/home/curry/wilson_proj/ros2-rover-ws/src/package_rover_control/src/node_rover_control_a.cpp:97:62:[m[K [01;35m[Kwarning: [m[Knarrowing conversion of â€˜[01m[K((Node_Rovercontrol*)this)->Node_Rovercontrol::bDr_msg_[m[Kâ€™ from â€˜[01m[Kuint16_t[m[Kâ€™ {aka â€˜[01m[Kshort unsigned int[m[Kâ€™} to â€˜[01m[Kfloat[m[Kâ€™ [[01;35m[K]8;;https://gcc.gnu.org/onlinedocs/gcc/Warning-Options.html#index-Wnarrowing-Wnarrowing]8;;[m[K]
In file included from [01m[K/opt/ros/humble/include/rclcpp/rclcpp/logging.hpp:24[m[K,
                 from [01m[K/opt/ros/humble/include/rclcpp/rclcpp/client.hpp:40[m[K,
                 from [01m[K/opt/ros/humble/include/rclcpp/rclcpp/callback_group.hpp:24[m[K,
                 from [01m[K/opt/ros/humble/include/rclcpp/rclcpp/any_executable.hpp:20[m[K,
                 from [01m[K/opt/ros/humble/include/rclcpp/rclcpp/memory_strategy.hpp:25[m[K,
                 from [01m[K/opt/ros/humble/include/rclcpp/rclcpp/memory_strategies.hpp:18[m[K,
                 from [01m[K/opt/ros/humble/include/rclcpp/rclcpp/executor_options.hpp:20[m[K,
                 from [01m[K/opt/ros/humble/include/rclcpp/rclcpp/executor.hpp:37[m[K,
                 from [01m[K/opt/ros/humble/include/rclcpp/rclcpp/executors/multi_threaded_executor.hpp:25[m[K,
                 from [01m[K/opt/ros/humble/include/rclcpp/rclcpp/executors.hpp:21[m[K,
                 from [01m[K/opt/ros/humble/include/rclcpp/rclcpp/rclcpp.hpp:155[m[K,
                 from [01m[K/home/curry/wilson_proj/ros2-rover-ws/src/package_rover_control/src/node_rover_control_a.cpp:1[m[K:
[01m[K/home/curry/wilson_proj/ros2-rover-ws/src/package_rover_control/src/node_rover_control_a.cpp:117:41:[m[K [01;35m[Kwarning: [m[Kformat â€˜[01m[K%d[m[Kâ€™ expects argument of type â€˜[01m[Kint[m[Kâ€™, but argument 5 has type â€˜[01m[Kdouble[m[Kâ€™ [[01;35m[K]8;;https://gcc.gnu.org/onlinedocs/gcc/Warning-Options.html#index-Wformat=-Wformat=]8;;[m[K]
  117 |         RCLCPP_INFO(this->get_logger(), [01;35m[K"Publishing to pub_rovercontrol: [%d, %.2f, %d, %d]"[m[K, rover_con_msg.data[0], rover_con_msg.data[1], rover_con_msg.data[2], rover_con_msg.data[3]);
      |                                         [01;35m[K^~~~~~~~~~~~~~~~~~~~~~~~~~~~~~~~~~~~~~~~~~~~~~~~~~~~[m[K
[01m[K/home/curry/wilson_proj/ros2-rover-ws/src/package_rover_control/src/node_rover_control_a.cpp:117:76:[m[K [01;36m[Knote: [m[Kformat string is defined here
  117 |         RCLCPP_INFO(this->get_logger(), "Publishing to pub_rovercontrol: [[01;36m[K%d[m[K, %.2f, %d, %d]", rover_con_msg.data[0], rover_con_msg.data[1], rover_con_msg.data[2], rover_con_msg.data[3]);
      |                                                                           [01;36m[K~^[m[K
      |                                                                            [01;36m[K|[m[K
      |                                                                            [01;36m[Kint[m[K
      |                                                                           [32m[K%f[m[K
In file included from [01m[K/opt/ros/humble/include/rclcpp/rclcpp/logging.hpp:24[m[K,
                 from [01m[K/opt/ros/humble/include/rclcpp/rclcpp/client.hpp:40[m[K,
                 from [01m[K/opt/ros/humble/include/rclcpp/rclcpp/callback_group.hpp:24[m[K,
                 from [01m[K/opt/ros/humble/include/rclcpp/rclcpp/any_executable.hpp:20[m[K,
                 from [01m[K/opt/ros/humble/include/rclcpp/rclcpp/memory_strategy.hpp:25[m[K,
                 from [01m[K/opt/ros/humble/include/rclcpp/rclcpp/memory_strategies.hpp:18[m[K,
                 from [01m[K/opt/ros/humble/include/rclcpp/rclcpp/executor_options.hpp:20[m[K,
                 from [01m[K/opt/ros/humble/include/rclcpp/rclcpp/executor.hpp:37[m[K,
                 from [01m[K/opt/ros/humble/include/rclcpp/rclcpp/executors/multi_threaded_executor.hpp:25[m[K,
                 from [01m[K/opt/ros/humble/include/rclcpp/rclcpp/executors.hpp:21[m[K,
                 from [01m[K/opt/ros/humble/include/rclcpp/rclcpp/rclcpp.hpp:155[m[K,
                 from [01m[K/home/curry/wilson_proj/ros2-rover-ws/src/package_rover_control/src/node_rover_control_a.cpp:1[m[K:
[01m[K/home/curry/wilson_proj/ros2-rover-ws/src/package_rover_control/src/node_rover_control_a.cpp:117:41:[m[K [01;35m[Kwarning: [m[Kformat â€˜[01m[K%d[m[Kâ€™ expects argument of type â€˜[01m[Kint[m[Kâ€™, but argument 7 has type â€˜[01m[Kdouble[m[Kâ€™ [[01;35m[K]8;;https://gcc.gnu.org/onlinedocs/gcc/Warning-Options.html#index-Wformat=-Wformat=]8;;[m[K]
  117 |         RCLCPP_INFO(this->get_logger(), [01;35m[K"Publishing to pub_rovercontrol: [%d, %.2f, %d, %d]"[m[K, rover_con_msg.data[0], rover_con_msg.data[1], rover_con_msg.data[2], rover_con_msg.data[3]);
      |                                         [01;35m[K^~~~~~~~~~~~~~~~~~~~~~~~~~~~~~~~~~~~~~~~~~~~~~~~~~~~[m[K
[01m[K/home/curry/wilson_proj/ros2-rover-ws/src/package_rover_control/src/node_rover_control_a.cpp:117:86:[m[K [01;36m[Knote: [m[Kformat string is defined here
  117 |         RCLCPP_INFO(this->get_logger(), "Publishing to pub_rovercontrol: [%d, %.2f, [01;36m[K%d[m[K, %d]", rover_con_msg.data[0], rover_con_msg.data[1], rover_con_msg.data[2], rover_con_msg.data[3]);
      |                                                                                     [01;36m[K~^[m[K
      |                                                                                      [01;36m[K|[m[K
      |                                                                                      [01;36m[Kint[m[K
      |                                                                                     [32m[K%f[m[K
In file included from [01m[K/opt/ros/humble/include/rclcpp/rclcpp/logging.hpp:24[m[K,
                 from [01m[K/opt/ros/humble/include/rclcpp/rclcpp/client.hpp:40[m[K,
                 from [01m[K/opt/ros/humble/include/rclcpp/rclcpp/callback_group.hpp:24[m[K,
                 from [01m[K/opt/ros/humble/include/rclcpp/rclcpp/any_executable.hpp:20[m[K,
                 from [01m[K/opt/ros/humble/include/rclcpp/rclcpp/memory_strategy.hpp:25[m[K,
                 from [01m[K/opt/ros/humble/include/rclcpp/rclcpp/memory_strategies.hpp:18[m[K,
                 from [01m[K/opt/ros/humble/include/rclcpp/rclcpp/executor_options.hpp:20[m[K,
                 from [01m[K/opt/ros/humble/include/rclcpp/rclcpp/executor.hpp:37[m[K,
                 from [01m[K/opt/ros/humble/include/rclcpp/rclcpp/executors/multi_threaded_executor.hpp:25[m[K,
                 from [01m[K/opt/ros/humble/include/rclcpp/rclcpp/executors.hpp:21[m[K,
                 from [01m[K/opt/ros/humble/include/rclcpp/rclcpp/rclcpp.hpp:155[m[K,
                 from [01m[K/home/curry/wilson_proj/ros2-rover-ws/src/package_rover_control/src/node_rover_control_a.cpp:1[m[K:
[01m[K/home/curry/wilson_proj/ros2-rover-ws/src/package_rover_control/src/node_rover_control_a.cpp:117:41:[m[K [01;35m[Kwarning: [m[Kformat â€˜[01m[K%d[m[Kâ€™ expects argument of type â€˜[01m[Kint[m[Kâ€™, but argument 8 has type â€˜[01m[Kdouble[m[Kâ€™ [[01;35m[K]8;;https://gcc.gnu.org/onlinedocs/gcc/Warning-Options.html#index-Wformat=-Wformat=]8;;[m[K]
  117 |         RCLCPP_INFO(this->get_logger(), [01;35m[K"Publishing to pub_rovercontrol: [%d, %.2f, %d, %d]"[m[K, rover_con_msg.data[0], rover_con_msg.data[1], rover_con_msg.data[2], rover_con_msg.data[3]);
      |                                         [01;35m[K^~~~~~~~~~~~~~~~~~~~~~~~~~~~~~~~~~~~~~~~~~~~~~~~~~~~[m[K
[01m[K/home/curry/wilson_proj/ros2-rover-ws/src/package_rover_control/src/node_rover_control_a.cpp:117:90:[m[K [01;36m[Knote: [m[Kformat string is defined here
  117 |         RCLCPP_INFO(this->get_logger(), "Publishing to pub_rovercontrol: [%d, %.2f, %d, [01;36m[K%d[m[K]", rover_con_msg.data[0], rover_con_msg.data[1], rover_con_msg.data[2], rover_con_msg.data[3]);
      |                                                                                         [01;36m[K~^[m[K
      |                                                                                          [01;36m[K|[m[K
      |                                                                                          [01;36m[Kint[m[K
      |                                                                                         [32m[K%f[m[K
gmake[2]: *** [CMakeFiles/node_rovercontrol.dir/build.make:76: CMakeFiles/node_rovercontrol.dir/src/node_rover_control_a.cpp.o] Error 1
gmake[1]: *** [CMakeFiles/Makefile2:193: CMakeFiles/node_rovercontrol.dir/all] Error 2
gmake: *** [Makefile:146: all] Error 2
