[0.074s] Invoking command in '/home/curry/wilson_proj/ros2-rover-ws/build/package_position_process': CMAKE_PREFIX_PATH=/home/curry/wilson_proj/ros2-rover-ws/install/msgs_positions:/home/curry/wilson_proj/ros2-rover-ws/install/rovercon_msgs:/home/curry/wilson_proj/ros2-rover-ws/install/package_test:/home/curry/wilson_proj/ros2-rover-ws/install/package_rover_control:/home/curry/wilson_proj/ros2-rover-ws/install/package_position_process:/home/curry/wilson_proj/ros2-rover-ws/install/package_navigate_route:/home/curry/wilson_proj/ros2-rover-ws/install/package_image_process:/home/curry/wilson_proj/ros2-rover-ws/install/msgs_mainrocon:/home/curry/wilson_proj/ros2-rover-ws/install/msgs_rovercon:/home/curry/wilson_proj/ros2-rover-ws/install/ifaces_position:/home/curry/wilson_proj/ros2-rover-ws/install/action_interfaces:/opt/ros/humble LD_LIBRARY_PATH=/home/curry/wilson_proj/ros2-rover-ws/install/msgs_positions/lib:/home/curry/wilson_proj/ros2-rover-ws/install/rovercon_msgs/lib:/home/curry/wilson_proj/ros2-rover-ws/install/package_rover_control/lib:/home/curry/wilson_proj/ros2-rover-ws/install/msgs_mainrocon/lib:/home/curry/wilson_proj/ros2-rover-ws/install/msgs_rovercon/lib:/home/curry/wilson_proj/ros2-rover-ws/install/ifaces_position/lib:/home/curry/wilson_proj/ros2-rover-ws/install/action_interfaces/lib:/opt/ros/humble/opt/rviz_ogre_vendor/lib:/opt/ros/humble/lib/aarch64-linux-gnu:/opt/ros/humble/lib /usr/bin/cmake --build /home/curry/wilson_proj/ros2-rover-ws/build/package_position_process -- -j4 -l4
[0.274s] -- Found ament_cmake: 1.3.11 (/opt/ros/humble/share/ament_cmake/cmake)
[1.048s] -- Found rclcpp: 16.0.11 (/opt/ros/humble/share/rclcpp/cmake)
[1.259s] -- Found rosidl_generator_c: 3.1.6 (/opt/ros/humble/share/rosidl_generator_c/cmake)
[1.272s] -- Found rosidl_adapter: 3.1.6 (/opt/ros/humble/share/rosidl_adapter/cmake)
[1.301s] -- Found rosidl_generator_cpp: 3.1.6 (/opt/ros/humble/share/rosidl_generator_cpp/cmake)
[1.370s] -- Using all available rosidl_typesupport_c: rosidl_typesupport_fastrtps_c;rosidl_typesupport_introspection_c
[1.458s] -- Using all available rosidl_typesupport_cpp: rosidl_typesupport_fastrtps_cpp;rosidl_typesupport_introspection_cpp
[1.610s] -- Found rmw_implementation_cmake: 6.1.2 (/opt/ros/humble/share/rmw_implementation_cmake/cmake)
[1.618s] -- Found rmw_fastrtps_cpp: 6.2.7 (/opt/ros/humble/share/rmw_fastrtps_cpp/cmake)
[2.624s] -- Using RMW implementation 'rmw_fastrtps_cpp' as default
[2.881s] -- Found ifaces_position: 0.0.0 (/home/curry/wilson_proj/ros2-rover-ws/install/ifaces_position/share/ifaces_position/cmake)
[2.972s] -- Found ament_lint_auto: 0.12.11 (/opt/ros/humble/share/ament_lint_auto/cmake)
[3.307s] -- Added test 'cppcheck' to perform static code analysis on C / C++ code
[3.308s] -- Configured cppcheck include dirs: $<BUILD_INTERFACE:/home/curry/wilson_proj/ros2-rover-ws/src/package_position_process/include>
[3.309s] -- Configured cppcheck exclude dirs and/or files: 
[3.312s] -- Added test 'lint_cmake' to check CMake code style
[3.320s] -- Added test 'uncrustify' to check C / C++ code style
[3.320s] -- Configured uncrustify additional arguments: 
[3.322s] -- Added test 'xmllint' to check XML markup files
[3.326s] -- Configuring done
[3.402s] -- Generating done
[3.411s] -- Build files have been written to: /home/curry/wilson_proj/ros2-rover-ws/build/package_position_process
[3.540s] [35m[1mConsolidate compiler generated dependencies of target node_gnss[0m
[3.541s] [35m[1mConsolidate compiler generated dependencies of target node_position_process[0m
[3.645s] [ 50%] [32mBuilding CXX object CMakeFiles/node_gnss.dir/src/node_gnss.cpp.o[0m
[3.646s] [ 50%] [32mBuilding CXX object CMakeFiles/node_position_process.dir/src/node_pose_proc.cpp.o[0m
[5.273s] [01m[K/home/curry/wilson_proj/ros2-rover-ws/src/package_position_process/src/node_gnss.cpp:2:10:[m[K [01;31m[Kfatal error: [m[Kmsgs_positions/msg/gnss_data.hpp: No such file or directory
[5.273s]     2 | #include [01;31m[K"msgs_positions/msg/gnss_data.hpp"[m[K  // Use your custom ROS 2 message
[5.274s]       |          [01;31m[K^~~~~~~~~~~~~~~~~~~~~~~~~~~~~~~~~~[m[K
[5.274s] compilation terminated.
[5.286s] gmake[2]: *** [CMakeFiles/node_gnss.dir/build.make:76: CMakeFiles/node_gnss.dir/src/node_gnss.cpp.o] Error 1
[5.287s] gmake[1]: *** [CMakeFiles/Makefile2:139: CMakeFiles/node_gnss.dir/all] Error 2
[5.288s] gmake[1]: *** Waiting for unfinished jobs....
[26.270s] gmake[2]: *** [CMakeFiles/node_position_process.dir/build.make:76: CMakeFiles/node_position_process.dir/src/node_pose_proc.cpp.o] Interrupt
[26.271s] gmake[1]: *** [CMakeFiles/Makefile2:165: CMakeFiles/node_position_process.dir/all] Interrupt
[26.272s] gmake: *** [Makefile:146: all] Interrupt
[26.407s] Invoked command in '/home/curry/wilson_proj/ros2-rover-ws/build/package_position_process' returned '-2': CMAKE_PREFIX_PATH=/home/curry/wilson_proj/ros2-rover-ws/install/msgs_positions:/home/curry/wilson_proj/ros2-rover-ws/install/rovercon_msgs:/home/curry/wilson_proj/ros2-rover-ws/install/package_test:/home/curry/wilson_proj/ros2-rover-ws/install/package_rover_control:/home/curry/wilson_proj/ros2-rover-ws/install/package_position_process:/home/curry/wilson_proj/ros2-rover-ws/install/package_navigate_route:/home/curry/wilson_proj/ros2-rover-ws/install/package_image_process:/home/curry/wilson_proj/ros2-rover-ws/install/msgs_mainrocon:/home/curry/wilson_proj/ros2-rover-ws/install/msgs_rovercon:/home/curry/wilson_proj/ros2-rover-ws/install/ifaces_position:/home/curry/wilson_proj/ros2-rover-ws/install/action_interfaces:/opt/ros/humble LD_LIBRARY_PATH=/home/curry/wilson_proj/ros2-rover-ws/install/msgs_positions/lib:/home/curry/wilson_proj/ros2-rover-ws/install/rovercon_msgs/lib:/home/curry/wilson_proj/ros2-rover-ws/install/package_rover_control/lib:/home/curry/wilson_proj/ros2-rover-ws/install/msgs_mainrocon/lib:/home/curry/wilson_proj/ros2-rover-ws/install/msgs_rovercon/lib:/home/curry/wilson_proj/ros2-rover-ws/install/ifaces_position/lib:/home/curry/wilson_proj/ros2-rover-ws/install/action_interfaces/lib:/opt/ros/humble/opt/rviz_ogre_vendor/lib:/opt/ros/humble/lib/aarch64-linux-gnu:/opt/ros/humble/lib /usr/bin/cmake --build /home/curry/wilson_proj/ros2-rover-ws/build/package_position_process -- -j4 -l4
