[0.000000] (-) TimerEvent: {}
[0.001333] (rover_control_package) JobQueued: {'identifier': 'rover_control_package', 'dependencies': OrderedDict()}
[0.001568] (test_package) JobQueued: {'identifier': 'test_package', 'dependencies': OrderedDict()}
[0.001780] (rover_control_package) JobStarted: {'identifier': 'rover_control_package'}
[0.029887] (test_package) JobStarted: {'identifier': 'test_package'}
[0.053663] (rover_control_package) JobProgress: {'identifier': 'rover_control_package', 'progress': 'cmake'}
[0.056990] (rover_control_package) JobProgress: {'identifier': 'rover_control_package', 'progress': 'build'}
[0.059917] (rover_control_package) Command: {'cmd': ['/usr/bin/cmake', '--build', '/home/curry/wilson_proj/ros2-rover-ws/build/rover_control_package', '--', '-j4', '-l4'], 'cwd': '/home/curry/wilson_proj/ros2-rover-ws/build/rover_control_package', 'env': OrderedDict([('LESSOPEN', '| /usr/bin/lesspipe %s'), ('USER', 'curry'), ('SSH_CLIENT', '172.30.90.223 54208 22'), ('LC_TIME', 'en_US.UTF-8'), ('XDG_SESSION_TYPE', 'tty'), ('SHLVL', '1'), ('LD_LIBRARY_PATH', '/opt/ros/iron/opt/rviz_ogre_vendor/lib:/opt/ros/iron/lib/aarch64-linux-gnu:/opt/ros/iron/lib'), ('MOTD_SHOWN', 'pam'), ('HOME', '/home/curry'), ('OLDPWD', '/home/curry/wilson_proj'), ('SSH_TTY', '/dev/pts/0'), ('ROS_PYTHON_VERSION', '3'), ('LC_MONETARY', 'en_US.UTF-8'), ('DBUS_SESSION_BUS_ADDRESS', 'unix:path=/run/user/1000/bus'), ('ROS_DISTRO', 'iron'), ('LOGNAME', 'curry'), ('_', '/usr/bin/colcon'), ('ROS_VERSION', '2'), ('XDG_SESSION_CLASS', 'user'), ('TERM', 'xterm-256color'), ('XDG_SESSION_ID', '238'), ('PATH', '/opt/ros/iron/bin:/home/curry/.cargo/bin:/usr/local/sbin:/usr/local/bin:/usr/sbin:/usr/bin:/sbin:/bin:/usr/games:/usr/local/games:/snap/bin'), ('PAPERSIZE', 'letter'), ('LC_ADDRESS', 'en_US.UTF-8'), ('XDG_RUNTIME_DIR', '/run/user/1000'), ('LANG', 'en_US.UTF-8'), ('LC_TELEPHONE', 'en_US.UTF-8'), ('LS_COLORS', 'rs=0:di=01;34:ln=01;36:mh=00:pi=40;33:so=01;35:do=01;35:bd=40;33;01:cd=40;33;01:or=40;31;01:mi=00:su=37;41:sg=30;43:ca=30;41:tw=30;42:ow=34;42:st=37;44:ex=01;32:*.tar=01;31:*.tgz=01;31:*.arc=01;31:*.arj=01;31:*.taz=01;31:*.lha=01;31:*.lz4=01;31:*.lzh=01;31:*.lzma=01;31:*.tlz=01;31:*.txz=01;31:*.tzo=01;31:*.t7z=01;31:*.zip=01;31:*.z=01;31:*.dz=01;31:*.gz=01;31:*.lrz=01;31:*.lz=01;31:*.lzo=01;31:*.xz=01;31:*.zst=01;31:*.tzst=01;31:*.bz2=01;31:*.bz=01;31:*.tbz=01;31:*.tbz2=01;31:*.tz=01;31:*.deb=01;31:*.rpm=01;31:*.jar=01;31:*.war=01;31:*.ear=01;31:*.sar=01;31:*.rar=01;31:*.alz=01;31:*.ace=01;31:*.zoo=01;31:*.cpio=01;31:*.7z=01;31:*.rz=01;31:*.cab=01;31:*.wim=01;31:*.swm=01;31:*.dwm=01;31:*.esd=01;31:*.jpg=01;35:*.jpeg=01;35:*.mjpg=01;35:*.mjpeg=01;35:*.gif=01;35:*.bmp=01;35:*.pbm=01;35:*.pgm=01;35:*.ppm=01;35:*.tga=01;35:*.xbm=01;35:*.xpm=01;35:*.tif=01;35:*.tiff=01;35:*.png=01;35:*.svg=01;35:*.svgz=01;35:*.mng=01;35:*.pcx=01;35:*.mov=01;35:*.mpg=01;35:*.mpeg=01;35:*.m2v=01;35:*.mkv=01;35:*.webm=01;35:*.webp=01;35:*.ogm=01;35:*.mp4=01;35:*.m4v=01;35:*.mp4v=01;35:*.vob=01;35:*.qt=01;35:*.nuv=01;35:*.wmv=01;35:*.asf=01;35:*.rm=01;35:*.rmvb=01;35:*.flc=01;35:*.avi=01;35:*.fli=01;35:*.flv=01;35:*.gl=01;35:*.dl=01;35:*.xcf=01;35:*.xwd=01;35:*.yuv=01;35:*.cgm=01;35:*.emf=01;35:*.ogv=01;35:*.ogx=01;35:*.aac=00;36:*.au=00;36:*.flac=00;36:*.m4a=00;36:*.mid=00;36:*.midi=00;36:*.mka=00;36:*.mp3=00;36:*.mpc=00;36:*.ogg=00;36:*.ra=00;36:*.wav=00;36:*.oga=00;36:*.opus=00;36:*.spx=00;36:*.xspf=00;36:'), ('ROS_DOMAIN_ID', '10'), ('AMENT_PREFIX_PATH', '/opt/ros/iron'), ('SHELL', '/bin/bash'), ('LC_NAME', 'en_US.UTF-8'), ('LESSCLOSE', '/usr/bin/lesspipe %s %s'), ('LC_MEASUREMENT', 'en_US.UTF-8'), ('LC_IDENTIFICATION', 'en_US.UTF-8'), ('ROS_AUTOMATIC_DISCOVERY_RANGE', 'SUBNET'), ('PWD', '/home/curry/wilson_proj/ros2-rover-ws/build/rover_control_package'), ('LC_ALL', 'en_US.UTF-8'), ('SSH_CONNECTION', '172.30.90.223 54208 172.30.81.58 22'), ('XDG_DATA_DIRS', '/usr/share/gnome:/usr/local/share:/usr/share:/var/lib/snapd/desktop'), ('PYTHONPATH', '/opt/ros/iron/lib/python3.10/site-packages'), ('LC_NUMERIC', 'en_US.UTF-8'), ('LC_PAPER', 'en_US.UTF-8'), ('COLCON', '1'), ('CMAKE_PREFIX_PATH', '/opt/ros/iron')]), 'shell': False}
[0.076407] (test_package) JobProgress: {'identifier': 'test_package', 'progress': 'cmake'}
[0.080160] (test_package) JobProgress: {'identifier': 'test_package', 'progress': 'build'}
[0.081809] (test_package) Command: {'cmd': ['/usr/bin/cmake', '--build', '/home/curry/wilson_proj/ros2-rover-ws/build/test_package', '--', '-j4', '-l4'], 'cwd': '/home/curry/wilson_proj/ros2-rover-ws/build/test_package', 'env': OrderedDict([('LESSOPEN', '| /usr/bin/lesspipe %s'), ('USER', 'curry'), ('SSH_CLIENT', '172.30.90.223 54208 22'), ('LC_TIME', 'en_US.UTF-8'), ('XDG_SESSION_TYPE', 'tty'), ('SHLVL', '1'), ('LD_LIBRARY_PATH', '/opt/ros/iron/opt/rviz_ogre_vendor/lib:/opt/ros/iron/lib/aarch64-linux-gnu:/opt/ros/iron/lib'), ('MOTD_SHOWN', 'pam'), ('HOME', '/home/curry'), ('OLDPWD', '/home/curry/wilson_proj'), ('SSH_TTY', '/dev/pts/0'), ('ROS_PYTHON_VERSION', '3'), ('LC_MONETARY', 'en_US.UTF-8'), ('DBUS_SESSION_BUS_ADDRESS', 'unix:path=/run/user/1000/bus'), ('ROS_DISTRO', 'iron'), ('LOGNAME', 'curry'), ('_', '/usr/bin/colcon'), ('ROS_VERSION', '2'), ('XDG_SESSION_CLASS', 'user'), ('TERM', 'xterm-256color'), ('XDG_SESSION_ID', '238'), ('PATH', '/opt/ros/iron/bin:/home/curry/.cargo/bin:/usr/local/sbin:/usr/local/bin:/usr/sbin:/usr/bin:/sbin:/bin:/usr/games:/usr/local/games:/snap/bin'), ('PAPERSIZE', 'letter'), ('LC_ADDRESS', 'en_US.UTF-8'), ('XDG_RUNTIME_DIR', '/run/user/1000'), ('LANG', 'en_US.UTF-8'), ('LC_TELEPHONE', 'en_US.UTF-8'), ('LS_COLORS', 'rs=0:di=01;34:ln=01;36:mh=00:pi=40;33:so=01;35:do=01;35:bd=40;33;01:cd=40;33;01:or=40;31;01:mi=00:su=37;41:sg=30;43:ca=30;41:tw=30;42:ow=34;42:st=37;44:ex=01;32:*.tar=01;31:*.tgz=01;31:*.arc=01;31:*.arj=01;31:*.taz=01;31:*.lha=01;31:*.lz4=01;31:*.lzh=01;31:*.lzma=01;31:*.tlz=01;31:*.txz=01;31:*.tzo=01;31:*.t7z=01;31:*.zip=01;31:*.z=01;31:*.dz=01;31:*.gz=01;31:*.lrz=01;31:*.lz=01;31:*.lzo=01;31:*.xz=01;31:*.zst=01;31:*.tzst=01;31:*.bz2=01;31:*.bz=01;31:*.tbz=01;31:*.tbz2=01;31:*.tz=01;31:*.deb=01;31:*.rpm=01;31:*.jar=01;31:*.war=01;31:*.ear=01;31:*.sar=01;31:*.rar=01;31:*.alz=01;31:*.ace=01;31:*.zoo=01;31:*.cpio=01;31:*.7z=01;31:*.rz=01;31:*.cab=01;31:*.wim=01;31:*.swm=01;31:*.dwm=01;31:*.esd=01;31:*.jpg=01;35:*.jpeg=01;35:*.mjpg=01;35:*.mjpeg=01;35:*.gif=01;35:*.bmp=01;35:*.pbm=01;35:*.pgm=01;35:*.ppm=01;35:*.tga=01;35:*.xbm=01;35:*.xpm=01;35:*.tif=01;35:*.tiff=01;35:*.png=01;35:*.svg=01;35:*.svgz=01;35:*.mng=01;35:*.pcx=01;35:*.mov=01;35:*.mpg=01;35:*.mpeg=01;35:*.m2v=01;35:*.mkv=01;35:*.webm=01;35:*.webp=01;35:*.ogm=01;35:*.mp4=01;35:*.m4v=01;35:*.mp4v=01;35:*.vob=01;35:*.qt=01;35:*.nuv=01;35:*.wmv=01;35:*.asf=01;35:*.rm=01;35:*.rmvb=01;35:*.flc=01;35:*.avi=01;35:*.fli=01;35:*.flv=01;35:*.gl=01;35:*.dl=01;35:*.xcf=01;35:*.xwd=01;35:*.yuv=01;35:*.cgm=01;35:*.emf=01;35:*.ogv=01;35:*.ogx=01;35:*.aac=00;36:*.au=00;36:*.flac=00;36:*.m4a=00;36:*.mid=00;36:*.midi=00;36:*.mka=00;36:*.mp3=00;36:*.mpc=00;36:*.ogg=00;36:*.ra=00;36:*.wav=00;36:*.oga=00;36:*.opus=00;36:*.spx=00;36:*.xspf=00;36:'), ('ROS_DOMAIN_ID', '10'), ('AMENT_PREFIX_PATH', '/opt/ros/iron'), ('SHELL', '/bin/bash'), ('LC_NAME', 'en_US.UTF-8'), ('LESSCLOSE', '/usr/bin/lesspipe %s %s'), ('LC_MEASUREMENT', 'en_US.UTF-8'), ('LC_IDENTIFICATION', 'en_US.UTF-8'), ('ROS_AUTOMATIC_DISCOVERY_RANGE', 'SUBNET'), ('PWD', '/home/curry/wilson_proj/ros2-rover-ws/build/test_package'), ('LC_ALL', 'en_US.UTF-8'), ('SSH_CONNECTION', '172.30.90.223 54208 172.30.81.58 22'), ('XDG_DATA_DIRS', '/usr/share/gnome:/usr/local/share:/usr/share:/var/lib/snapd/desktop'), ('PYTHONPATH', '/opt/ros/iron/lib/python3.10/site-packages'), ('LC_NUMERIC', 'en_US.UTF-8'), ('LC_PAPER', 'en_US.UTF-8'), ('COLCON', '1'), ('CMAKE_PREFIX_PATH', '/opt/ros/iron')]), 'shell': False}
[0.098198] (-) TimerEvent: {}
[0.178289] (rover_control_package) StdoutLine: {'line': b'-- Found rosidl_default_generators: 1.5.0 (/opt/ros/iron/share/rosidl_default_generators/cmake)\n'}
[0.198476] (-) TimerEvent: {}
[0.299770] (-) TimerEvent: {}
[0.310265] (test_package) StdoutLine: {'line': b'[  2%] Built target test_package__rosidl_generator_type_description\n'}
[0.373282] (test_package) StdoutLine: {'line': b'[  7%] Built target action_server_node\n'}
[0.399017] (test_package) StdoutLine: {'line': b'[ 12%] Built target Tserver_node\n'}
[0.400324] (-) TimerEvent: {}
[0.421919] (test_package) StdoutLine: {'line': b'[ 12%] Built target ament_cmake_python_copy_test_package\n'}
[0.431821] (test_package) StdoutLine: {'line': b'[ 15%] Built target test_package__cpp\n'}
[0.498138] (test_package) StdoutLine: {'line': b'[ 27%] Built target test_package__rosidl_generator_c\n'}
[0.500513] (-) TimerEvent: {}
[0.601563] (-) TimerEvent: {}
[0.622936] (test_package) StdoutLine: {'line': b'[ 35%] Built target test_package__rosidl_typesupport_cpp\n'}
[0.657074] (test_package) StdoutLine: {'line': b'[ 42%] Built target test_package__rosidl_typesupport_introspection_c\n'}
[0.673379] (test_package) StdoutLine: {'line': b'[ 50%] Built target test_package__rosidl_typesupport_fastrtps_c\n'}
[0.701840] (-) TimerEvent: {}
[0.803522] (-) TimerEvent: {}
[0.818616] (test_package) StdoutLine: {'line': b'[ 57%] Built target test_package__rosidl_typesupport_fastrtps_cpp\n'}
[0.825130] (test_package) StdoutLine: {'line': b'[ 65%] Built target test_package__rosidl_typesupport_c\n'}
[0.839280] (test_package) StdoutLine: {'line': b'[ 72%] Built target test_package__rosidl_typesupport_introspection_cpp\n'}
[0.903818] (-) TimerEvent: {}
[0.937947] (test_package) StdoutLine: {'line': b'[ 72%] Built target test_package\n'}
[0.978714] (test_package) StdoutLine: {'line': b'[ 77%] Built target action_server\n'}
[1.004015] (-) TimerEvent: {}
[1.051985] (test_package) StdoutLine: {'line': b'[ 80%] Built target test_package__py\n'}
[1.073456] (rover_control_package) StdoutLine: {'line': b'-- Using all available rosidl_typesupport_c: rosidl_typesupport_fastrtps_c;rosidl_typesupport_introspection_c\n'}
[1.104201] (-) TimerEvent: {}
[1.145573] (test_package) StdoutLine: {'line': b'[ 85%] Built target test_package__rosidl_generator_py\n'}
[1.204446] (-) TimerEvent: {}
[1.273132] (test_package) StdoutLine: {'line': b'[ 90%] Built target test_package__rosidl_typesupport_fastrtps_c__pyext\n'}
[1.295478] (test_package) StdoutLine: {'line': b'[ 95%] Built target test_package__rosidl_typesupport_introspection_c__pyext\n'}
[1.304696] (-) TimerEvent: {}
[1.314414] (test_package) StdoutLine: {'line': b'[100%] Built target test_package__rosidl_typesupport_c__pyext\n'}
[1.342383] (rover_control_package) StdoutLine: {'line': b'-- Using all available rosidl_typesupport_cpp: rosidl_typesupport_fastrtps_cpp;rosidl_typesupport_introspection_cpp\n'}
[1.404843] (-) TimerEvent: {}
[1.472374] (rover_control_package) StdoutLine: {'line': b'-- Found rosidl_adapter: 4.0.1 (/opt/ros/iron/share/rosidl_adapter/cmake)\n'}
[1.505080] (-) TimerEvent: {}
[1.606219] (-) TimerEvent: {}
[1.707201] (-) TimerEvent: {}
[1.808215] (-) TimerEvent: {}
[1.908968] (-) TimerEvent: {}
[1.984446] (test_package) StdoutLine: {'line': b'running egg_info\n'}
[1.988027] (test_package) StdoutLine: {'line': b'writing test_package.egg-info/PKG-INFO\n'}
[1.989099] (test_package) StdoutLine: {'line': b'writing dependency_links to test_package.egg-info/dependency_links.txt\n'}
[1.990227] (test_package) StdoutLine: {'line': b'writing top-level names to test_package.egg-info/top_level.txt\n'}
[2.000652] (test_package) StdoutLine: {'line': b"reading manifest file 'test_package.egg-info/SOURCES.txt'\n"}
[2.003372] (test_package) StdoutLine: {'line': b"writing manifest file 'test_package.egg-info/SOURCES.txt'\n"}
[2.009313] (-) TimerEvent: {}
[2.111554] (-) TimerEvent: {}
[2.153372] (test_package) StdoutLine: {'line': b'[100%] Built target ament_cmake_python_build_test_package_egg\n'}
[2.194672] (test_package) CommandEnded: {'returncode': 0}
[2.211748] (-) TimerEvent: {}
[2.312501] (-) TimerEvent: {}
[2.413304] (-) TimerEvent: {}
[2.513962] (-) TimerEvent: {}
[2.566166] (test_package) JobProgress: {'identifier': 'test_package', 'progress': 'install'}
[2.601652] (test_package) Command: {'cmd': ['/usr/bin/cmake', '--install', '/home/curry/wilson_proj/ros2-rover-ws/build/test_package'], 'cwd': '/home/curry/wilson_proj/ros2-rover-ws/build/test_package', 'env': OrderedDict([('LESSOPEN', '| /usr/bin/lesspipe %s'), ('USER', 'curry'), ('SSH_CLIENT', '172.30.90.223 54208 22'), ('LC_TIME', 'en_US.UTF-8'), ('XDG_SESSION_TYPE', 'tty'), ('SHLVL', '1'), ('LD_LIBRARY_PATH', '/opt/ros/iron/opt/rviz_ogre_vendor/lib:/opt/ros/iron/lib/aarch64-linux-gnu:/opt/ros/iron/lib'), ('MOTD_SHOWN', 'pam'), ('HOME', '/home/curry'), ('OLDPWD', '/home/curry/wilson_proj'), ('SSH_TTY', '/dev/pts/0'), ('ROS_PYTHON_VERSION', '3'), ('LC_MONETARY', 'en_US.UTF-8'), ('DBUS_SESSION_BUS_ADDRESS', 'unix:path=/run/user/1000/bus'), ('ROS_DISTRO', 'iron'), ('LOGNAME', 'curry'), ('_', '/usr/bin/colcon'), ('ROS_VERSION', '2'), ('XDG_SESSION_CLASS', 'user'), ('TERM', 'xterm-256color'), ('XDG_SESSION_ID', '238'), ('PATH', '/opt/ros/iron/bin:/home/curry/.cargo/bin:/usr/local/sbin:/usr/local/bin:/usr/sbin:/usr/bin:/sbin:/bin:/usr/games:/usr/local/games:/snap/bin'), ('PAPERSIZE', 'letter'), ('LC_ADDRESS', 'en_US.UTF-8'), ('XDG_RUNTIME_DIR', '/run/user/1000'), ('LANG', 'en_US.UTF-8'), ('LC_TELEPHONE', 'en_US.UTF-8'), ('LS_COLORS', 'rs=0:di=01;34:ln=01;36:mh=00:pi=40;33:so=01;35:do=01;35:bd=40;33;01:cd=40;33;01:or=40;31;01:mi=00:su=37;41:sg=30;43:ca=30;41:tw=30;42:ow=34;42:st=37;44:ex=01;32:*.tar=01;31:*.tgz=01;31:*.arc=01;31:*.arj=01;31:*.taz=01;31:*.lha=01;31:*.lz4=01;31:*.lzh=01;31:*.lzma=01;31:*.tlz=01;31:*.txz=01;31:*.tzo=01;31:*.t7z=01;31:*.zip=01;31:*.z=01;31:*.dz=01;31:*.gz=01;31:*.lrz=01;31:*.lz=01;31:*.lzo=01;31:*.xz=01;31:*.zst=01;31:*.tzst=01;31:*.bz2=01;31:*.bz=01;31:*.tbz=01;31:*.tbz2=01;31:*.tz=01;31:*.deb=01;31:*.rpm=01;31:*.jar=01;31:*.war=01;31:*.ear=01;31:*.sar=01;31:*.rar=01;31:*.alz=01;31:*.ace=01;31:*.zoo=01;31:*.cpio=01;31:*.7z=01;31:*.rz=01;31:*.cab=01;31:*.wim=01;31:*.swm=01;31:*.dwm=01;31:*.esd=01;31:*.jpg=01;35:*.jpeg=01;35:*.mjpg=01;35:*.mjpeg=01;35:*.gif=01;35:*.bmp=01;35:*.pbm=01;35:*.pgm=01;35:*.ppm=01;35:*.tga=01;35:*.xbm=01;35:*.xpm=01;35:*.tif=01;35:*.tiff=01;35:*.png=01;35:*.svg=01;35:*.svgz=01;35:*.mng=01;35:*.pcx=01;35:*.mov=01;35:*.mpg=01;35:*.mpeg=01;35:*.m2v=01;35:*.mkv=01;35:*.webm=01;35:*.webp=01;35:*.ogm=01;35:*.mp4=01;35:*.m4v=01;35:*.mp4v=01;35:*.vob=01;35:*.qt=01;35:*.nuv=01;35:*.wmv=01;35:*.asf=01;35:*.rm=01;35:*.rmvb=01;35:*.flc=01;35:*.avi=01;35:*.fli=01;35:*.flv=01;35:*.gl=01;35:*.dl=01;35:*.xcf=01;35:*.xwd=01;35:*.yuv=01;35:*.cgm=01;35:*.emf=01;35:*.ogv=01;35:*.ogx=01;35:*.aac=00;36:*.au=00;36:*.flac=00;36:*.m4a=00;36:*.mid=00;36:*.midi=00;36:*.mka=00;36:*.mp3=00;36:*.mpc=00;36:*.ogg=00;36:*.ra=00;36:*.wav=00;36:*.oga=00;36:*.opus=00;36:*.spx=00;36:*.xspf=00;36:'), ('ROS_DOMAIN_ID', '10'), ('AMENT_PREFIX_PATH', '/opt/ros/iron'), ('SHELL', '/bin/bash'), ('LC_NAME', 'en_US.UTF-8'), ('LESSCLOSE', '/usr/bin/lesspipe %s %s'), ('LC_MEASUREMENT', 'en_US.UTF-8'), ('LC_IDENTIFICATION', 'en_US.UTF-8'), ('ROS_AUTOMATIC_DISCOVERY_RANGE', 'SUBNET'), ('PWD', '/home/curry/wilson_proj/ros2-rover-ws/build/test_package'), ('LC_ALL', 'en_US.UTF-8'), ('SSH_CONNECTION', '172.30.90.223 54208 172.30.81.58 22'), ('XDG_DATA_DIRS', '/usr/share/gnome:/usr/local/share:/usr/share:/var/lib/snapd/desktop'), ('PYTHONPATH', '/opt/ros/iron/lib/python3.10/site-packages'), ('LC_NUMERIC', 'en_US.UTF-8'), ('LC_PAPER', 'en_US.UTF-8'), ('COLCON', '1'), ('CMAKE_PREFIX_PATH', '/opt/ros/iron')]), 'shell': False}
[2.614222] (-) TimerEvent: {}
[2.628695] (test_package) StdoutLine: {'line': b'-- Install configuration: ""\n'}
[2.629470] (test_package) StdoutLine: {'line': b'-- Up-to-date: /home/curry/wilson_proj/ros2-rover-ws/install/test_package/share/ament_index/resource_index/rosidl_interfaces/test_package\n'}
[2.630082] (test_package) StdoutLine: {'line': b'-- Up-to-date: /home/curry/wilson_proj/ros2-rover-ws/install/test_package/share/test_package/action/Fibonacci.json\n'}
[2.630665] (test_package) StdoutLine: {'line': b'-- Up-to-date: /home/curry/wilson_proj/ros2-rover-ws/install/test_package/include/test_package/test_package\n'}
[2.631334] (test_package) StdoutLine: {'line': b'-- Up-to-date: /home/curry/wilson_proj/ros2-rover-ws/install/test_package/include/test_package/test_package/msg\n'}
[2.631960] (test_package) StdoutLine: {'line': b'-- Up-to-date: /home/curry/wilson_proj/ros2-rover-ws/install/test_package/include/test_package/test_package/msg/rosidl_generator_c__visibility_control.h\n'}
[2.632330] (test_package) StdoutLine: {'line': b'-- Up-to-date: /home/curry/wilson_proj/ros2-rover-ws/install/test_package/include/test_package/test_package/action\n'}
[2.632788] (test_package) StdoutLine: {'line': b'-- Up-to-date: /home/curry/wilson_proj/ros2-rover-ws/install/test_package/include/test_package/test_package/action/fibonacci.h\n'}
[2.633171] (test_package) StdoutLine: {'line': b'-- Up-to-date: /home/curry/wilson_proj/ros2-rover-ws/install/test_package/include/test_package/test_package/action/detail\n'}
[2.633615] (test_package) StdoutLine: {'line': b'-- Installing: /home/curry/wilson_proj/ros2-rover-ws/install/test_package/include/test_package/test_package/action/detail/fibonacci__type_support.c\n'}
[2.634050] (test_package) StdoutLine: {'line': b'-- Up-to-date: /home/curry/wilson_proj/ros2-rover-ws/install/test_package/include/test_package/test_package/action/detail/fibonacci__type_support.h\n'}
[2.634518] (test_package) StdoutLine: {'line': b'-- Up-to-date: /home/curry/wilson_proj/ros2-rover-ws/install/test_package/include/test_package/test_package/action/detail/fibonacci__functions.h\n'}
[2.634991] (test_package) StdoutLine: {'line': b'-- Up-to-date: /home/curry/wilson_proj/ros2-rover-ws/install/test_package/include/test_package/test_package/action/detail/fibonacci__description.c\n'}
[2.635433] (test_package) StdoutLine: {'line': b'-- Up-to-date: /home/curry/wilson_proj/ros2-rover-ws/install/test_package/include/test_package/test_package/action/detail/fibonacci__functions.c\n'}
[2.635952] (test_package) StdoutLine: {'line': b'-- Up-to-date: /home/curry/wilson_proj/ros2-rover-ws/install/test_package/include/test_package/test_package/action/detail/fibonacci__struct.h\n'}
[2.636516] (test_package) StdoutLine: {'line': b'-- Up-to-date: /home/curry/wilson_proj/ros2-rover-ws/install/test_package/share/test_package/environment/library_path.sh\n'}
[2.636837] (test_package) StdoutLine: {'line': b'-- Up-to-date: /home/curry/wilson_proj/ros2-rover-ws/install/test_package/share/test_package/environment/library_path.dsv\n'}
[2.637775] (test_package) StdoutLine: {'line': b'-- Up-to-date: /home/curry/wilson_proj/ros2-rover-ws/install/test_package/lib/libtest_package__rosidl_generator_c.so\n'}
[2.639174] (test_package) StdoutLine: {'line': b'-- Up-to-date: /home/curry/wilson_proj/ros2-rover-ws/install/test_package/include/test_package/test_package\n'}
[2.639838] (test_package) StdoutLine: {'line': b'-- Up-to-date: /home/curry/wilson_proj/ros2-rover-ws/install/test_package/include/test_package/test_package/msg\n'}
[2.640413] (test_package) StdoutLine: {'line': b'-- Up-to-date: /home/curry/wilson_proj/ros2-rover-ws/install/test_package/include/test_package/test_package/msg/rosidl_typesupport_fastrtps_c__visibility_control.h\n'}
[2.640865] (test_package) StdoutLine: {'line': b'-- Up-to-date: /home/curry/wilson_proj/ros2-rover-ws/install/test_package/include/test_package/test_package/action\n'}
[2.641442] (test_package) StdoutLine: {'line': b'-- Up-to-date: /home/curry/wilson_proj/ros2-rover-ws/install/test_package/include/test_package/test_package/action/detail\n'}
[2.641807] (test_package) StdoutLine: {'line': b'-- Up-to-date: /home/curry/wilson_proj/ros2-rover-ws/install/test_package/include/test_package/test_package/action/detail/fibonacci__rosidl_typesupport_fastrtps_c.h\n'}
[2.642507] (test_package) StdoutLine: {'line': b'-- Up-to-date: /home/curry/wilson_proj/ros2-rover-ws/install/test_package/lib/libtest_package__rosidl_typesupport_fastrtps_c.so\n'}
[2.643788] (test_package) StdoutLine: {'line': b'-- Up-to-date: /home/curry/wilson_proj/ros2-rover-ws/install/test_package/include/test_package/test_package\n'}
[2.644281] (test_package) StdoutLine: {'line': b'-- Up-to-date: /home/curry/wilson_proj/ros2-rover-ws/install/test_package/include/test_package/test_package/msg\n'}
[2.644793] (test_package) StdoutLine: {'line': b'-- Up-to-date: /home/curry/wilson_proj/ros2-rover-ws/install/test_package/include/test_package/test_package/msg/rosidl_typesupport_introspection_c__visibility_control.h\n'}
[2.645192] (test_package) StdoutLine: {'line': b'-- Up-to-date: /home/curry/wilson_proj/ros2-rover-ws/install/test_package/include/test_package/test_package/action\n'}
[2.645838] (test_package) StdoutLine: {'line': b'-- Up-to-date: /home/curry/wilson_proj/ros2-rover-ws/install/test_package/include/test_package/test_package/action/detail\n'}
[2.646298] (test_package) StdoutLine: {'line': b'-- Up-to-date: /home/curry/wilson_proj/ros2-rover-ws/install/test_package/include/test_package/test_package/action/detail/fibonacci__rosidl_typesupport_introspection_c.h\n'}
[2.646660] (test_package) StdoutLine: {'line': b'-- Installing: /home/curry/wilson_proj/ros2-rover-ws/install/test_package/include/test_package/test_package/action/detail/fibonacci__type_support.c\n'}
[2.649323] (test_package) StdoutLine: {'line': b'-- Up-to-date: /home/curry/wilson_proj/ros2-rover-ws/install/test_package/lib/libtest_package__rosidl_typesupport_introspection_c.so\n'}
[2.651201] (test_package) StdoutLine: {'line': b'-- Up-to-date: /home/curry/wilson_proj/ros2-rover-ws/install/test_package/lib/libtest_package__rosidl_typesupport_c.so\n'}
[2.652274] (test_package) StdoutLine: {'line': b'-- Up-to-date: /home/curry/wilson_proj/ros2-rover-ws/install/test_package/include/test_package/test_package\n'}
[2.652796] (test_package) StdoutLine: {'line': b'-- Up-to-date: /home/curry/wilson_proj/ros2-rover-ws/install/test_package/include/test_package/test_package/action\n'}
[2.653319] (test_package) StdoutLine: {'line': b'-- Up-to-date: /home/curry/wilson_proj/ros2-rover-ws/install/test_package/include/test_package/test_package/action/detail\n'}
[2.653842] (test_package) StdoutLine: {'line': b'-- Up-to-date: /home/curry/wilson_proj/ros2-rover-ws/install/test_package/include/test_package/test_package/action/detail/fibonacci__builder.hpp\n'}
[2.654349] (test_package) StdoutLine: {'line': b'-- Up-to-date: /home/curry/wilson_proj/ros2-rover-ws/install/test_package/include/test_package/test_package/action/detail/fibonacci__struct.hpp\n'}
[2.654898] (test_package) StdoutLine: {'line': b'-- Up-to-date: /home/curry/wilson_proj/ros2-rover-ws/install/test_package/include/test_package/test_package/action/detail/fibonacci__traits.hpp\n'}
[2.655355] (test_package) StdoutLine: {'line': b'-- Up-to-date: /home/curry/wilson_proj/ros2-rover-ws/install/test_package/include/test_package/test_package/action/fibonacci.hpp\n'}
[2.655766] (test_package) StdoutLine: {'line': b'-- Up-to-date: /home/curry/wilson_proj/ros2-rover-ws/install/test_package/include/test_package/test_package\n'}
[2.656220] (test_package) StdoutLine: {'line': b'-- Up-to-date: /home/curry/wilson_proj/ros2-rover-ws/install/test_package/include/test_package/test_package/msg\n'}
[2.656649] (test_package) StdoutLine: {'line': b'-- Up-to-date: /home/curry/wilson_proj/ros2-rover-ws/install/test_package/include/test_package/test_package/msg/rosidl_typesupport_fastrtps_cpp__visibility_control.h\n'}
[2.657142] (test_package) StdoutLine: {'line': b'-- Up-to-date: /home/curry/wilson_proj/ros2-rover-ws/install/test_package/include/test_package/test_package/action\n'}
[2.657701] (test_package) StdoutLine: {'line': b'-- Up-to-date: /home/curry/wilson_proj/ros2-rover-ws/install/test_package/include/test_package/test_package/action/detail\n'}
[2.658021] (test_package) StdoutLine: {'line': b'-- Up-to-date: /home/curry/wilson_proj/ros2-rover-ws/install/test_package/include/test_package/test_package/action/detail/dds_fastrtps\n'}
[2.658336] (test_package) StdoutLine: {'line': b'-- Up-to-date: /home/curry/wilson_proj/ros2-rover-ws/install/test_package/include/test_package/test_package/action/detail/fibonacci__rosidl_typesupport_fastrtps_cpp.hpp\n'}
[2.658799] (test_package) StdoutLine: {'line': b'-- Up-to-date: /home/curry/wilson_proj/ros2-rover-ws/install/test_package/lib/libtest_package__rosidl_typesupport_fastrtps_cpp.so\n'}
[2.659952] (test_package) StdoutLine: {'line': b'-- Up-to-date: /home/curry/wilson_proj/ros2-rover-ws/install/test_package/include/test_package/test_package\n'}
[2.660491] (test_package) StdoutLine: {'line': b'-- Up-to-date: /home/curry/wilson_proj/ros2-rover-ws/install/test_package/include/test_package/test_package/action\n'}
[2.660965] (test_package) StdoutLine: {'line': b'-- Up-to-date: /home/curry/wilson_proj/ros2-rover-ws/install/test_package/include/test_package/test_package/action/detail\n'}
[2.661493] (test_package) StdoutLine: {'line': b'-- Up-to-date: /home/curry/wilson_proj/ros2-rover-ws/install/test_package/include/test_package/test_package/action/detail/fibonacci__rosidl_typesupport_introspection_cpp.hpp\n'}
[2.662109] (test_package) StdoutLine: {'line': b'-- Up-to-date: /home/curry/wilson_proj/ros2-rover-ws/install/test_package/include/test_package/test_package/action/detail/fibonacci__type_support.cpp\n'}
[2.662969] (test_package) StdoutLine: {'line': b'-- Up-to-date: /home/curry/wilson_proj/ros2-rover-ws/install/test_package/lib/libtest_package__rosidl_typesupport_introspection_cpp.so\n'}
[2.665033] (test_package) StdoutLine: {'line': b'-- Up-to-date: /home/curry/wilson_proj/ros2-rover-ws/install/test_package/lib/libtest_package__rosidl_typesupport_cpp.so\n'}
[2.666361] (test_package) StdoutLine: {'line': b'-- Up-to-date: /home/curry/wilson_proj/ros2-rover-ws/install/test_package/share/test_package/environment/pythonpath.sh\n'}
[2.666833] (test_package) StdoutLine: {'line': b'-- Up-to-date: /home/curry/wilson_proj/ros2-rover-ws/install/test_package/share/test_package/environment/pythonpath.dsv\n'}
[2.667263] (test_package) StdoutLine: {'line': b'-- Up-to-date: /home/curry/wilson_proj/ros2-rover-ws/install/test_package/lib/python3.10/site-packages/test_package-0.0.0-py3.10.egg-info\n'}
[2.667669] (test_package) StdoutLine: {'line': b'-- Installing: /home/curry/wilson_proj/ros2-rover-ws/install/test_package/lib/python3.10/site-packages/test_package-0.0.0-py3.10.egg-info/dependency_links.txt\n'}
[2.669124] (test_package) StdoutLine: {'line': b'-- Installing: /home/curry/wilson_proj/ros2-rover-ws/install/test_package/lib/python3.10/site-packages/test_package-0.0.0-py3.10.egg-info/SOURCES.txt\n'}
[2.670595] (test_package) StdoutLine: {'line': b'-- Installing: /home/curry/wilson_proj/ros2-rover-ws/install/test_package/lib/python3.10/site-packages/test_package-0.0.0-py3.10.egg-info/top_level.txt\n'}
[2.671888] (test_package) StdoutLine: {'line': b'-- Installing: /home/curry/wilson_proj/ros2-rover-ws/install/test_package/lib/python3.10/site-packages/test_package-0.0.0-py3.10.egg-info/PKG-INFO\n'}
[2.673328] (test_package) StdoutLine: {'line': b'-- Up-to-date: /home/curry/wilson_proj/ros2-rover-ws/install/test_package/lib/python3.10/site-packages/test_package\n'}
[2.674090] (test_package) StdoutLine: {'line': b'-- Up-to-date: /home/curry/wilson_proj/ros2-rover-ws/install/test_package/lib/python3.10/site-packages/test_package/_test_package_s.ep.rosidl_typesupport_c.c\n'}
[2.674865] (test_package) StdoutLine: {'line': b'-- Up-to-date: /home/curry/wilson_proj/ros2-rover-ws/install/test_package/lib/python3.10/site-packages/test_package/_test_package_s.ep.rosidl_typesupport_fastrtps_c.c\n'}
[2.675637] (test_package) StdoutLine: {'line': b'-- Up-to-date: /home/curry/wilson_proj/ros2-rover-ws/install/test_package/lib/python3.10/site-packages/test_package/libtest_package__rosidl_generator_py.so\n'}
[2.676254] (test_package) StdoutLine: {'line': b'-- Up-to-date: /home/curry/wilson_proj/ros2-rover-ws/install/test_package/lib/python3.10/site-packages/test_package/test_package_s__rosidl_typesupport_c.cpython-310-aarch64-linux-gnu.so\n'}
[2.676822] (test_package) StdoutLine: {'line': b'-- Up-to-date: /home/curry/wilson_proj/ros2-rover-ws/install/test_package/lib/python3.10/site-packages/test_package/action\n'}
[2.677321] (test_package) StdoutLine: {'line': b'-- Up-to-date: /home/curry/wilson_proj/ros2-rover-ws/install/test_package/lib/python3.10/site-packages/test_package/action/_fibonacci_s.c\n'}
[2.677898] (test_package) StdoutLine: {'line': b'-- Up-to-date: /home/curry/wilson_proj/ros2-rover-ws/install/test_package/lib/python3.10/site-packages/test_package/action/_fibonacci.py\n'}
[2.678410] (test_package) StdoutLine: {'line': b'-- Up-to-date: /home/curry/wilson_proj/ros2-rover-ws/install/test_package/lib/python3.10/site-packages/test_package/action/__init__.py\n'}
[2.678890] (test_package) StdoutLine: {'line': b'-- Up-to-date: /home/curry/wilson_proj/ros2-rover-ws/install/test_package/lib/python3.10/site-packages/test_package/test_package_s__rosidl_typesupport_fastrtps_c.cpython-310-aarch64-linux-gnu.so\n'}
[2.679319] (test_package) StdoutLine: {'line': b'-- Up-to-date: /home/curry/wilson_proj/ros2-rover-ws/install/test_package/lib/python3.10/site-packages/test_package/_test_package_s.ep.rosidl_typesupport_introspection_c.c\n'}
[2.679635] (test_package) StdoutLine: {'line': b'-- Up-to-date: /home/curry/wilson_proj/ros2-rover-ws/install/test_package/lib/python3.10/site-packages/test_package/__init__.py\n'}
[2.679909] (test_package) StdoutLine: {'line': b'-- Up-to-date: /home/curry/wilson_proj/ros2-rover-ws/install/test_package/lib/python3.10/site-packages/test_package/test_package_s__rosidl_typesupport_introspection_c.cpython-310-aarch64-linux-gnu.so\n'}
[2.714409] (-) TimerEvent: {}
[2.815100] (-) TimerEvent: {}
[2.820117] (test_package) StdoutLine: {'line': b"Listing '/home/curry/wilson_proj/ros2-rover-ws/install/test_package/lib/python3.10/site-packages/test_package'...\n"}
[2.821477] (test_package) StdoutLine: {'line': b"Listing '/home/curry/wilson_proj/ros2-rover-ws/install/test_package/lib/python3.10/site-packages/test_package/action'...\n"}
[2.847568] (test_package) StdoutLine: {'line': b'-- Up-to-date: /home/curry/wilson_proj/ros2-rover-ws/install/test_package/lib/python3.10/site-packages/test_package/test_package_s__rosidl_typesupport_fastrtps_c.cpython-310-aarch64-linux-gnu.so\n'}
[2.850046] (test_package) StdoutLine: {'line': b'-- Up-to-date: /home/curry/wilson_proj/ros2-rover-ws/install/test_package/lib/python3.10/site-packages/test_package/test_package_s__rosidl_typesupport_introspection_c.cpython-310-aarch64-linux-gnu.so\n'}
[2.852556] (test_package) StdoutLine: {'line': b'-- Up-to-date: /home/curry/wilson_proj/ros2-rover-ws/install/test_package/lib/python3.10/site-packages/test_package/test_package_s__rosidl_typesupport_c.cpython-310-aarch64-linux-gnu.so\n'}
[2.855038] (test_package) StdoutLine: {'line': b'-- Up-to-date: /home/curry/wilson_proj/ros2-rover-ws/install/test_package/lib/libtest_package__rosidl_generator_py.so\n'}
[2.856530] (test_package) StdoutLine: {'line': b'-- Up-to-date: /home/curry/wilson_proj/ros2-rover-ws/install/test_package/share/test_package/action/Fibonacci.idl\n'}
[2.857184] (test_package) StdoutLine: {'line': b'-- Up-to-date: /home/curry/wilson_proj/ros2-rover-ws/install/test_package/share/test_package/action/Fibonacci.action\n'}
[2.858293] (test_package) StdoutLine: {'line': b'-- Up-to-date: /home/curry/wilson_proj/ros2-rover-ws/install/test_package/lib/test_package/action_server_node\n'}
[2.861538] (test_package) StdoutLine: {'line': b'-- Up-to-date: /home/curry/wilson_proj/ros2-rover-ws/install/test_package/lib/libaction_server.so\n'}
[2.863893] (test_package) StdoutLine: {'line': b'-- Up-to-date: /home/curry/wilson_proj/ros2-rover-ws/install/test_package/lib/test_package/Tserver_node\n'}
[2.865573] (test_package) StdoutLine: {'line': b'-- Up-to-date: /home/curry/wilson_proj/ros2-rover-ws/install/test_package/share/ament_index/resource_index/package_run_dependencies/test_package\n'}
[2.866255] (test_package) StdoutLine: {'line': b'-- Up-to-date: /home/curry/wilson_proj/ros2-rover-ws/install/test_package/share/ament_index/resource_index/parent_prefix_path/test_package\n'}
[2.866854] (test_package) StdoutLine: {'line': b'-- Up-to-date: /home/curry/wilson_proj/ros2-rover-ws/install/test_package/share/test_package/environment/ament_prefix_path.sh\n'}
[2.867437] (test_package) StdoutLine: {'line': b'-- Up-to-date: /home/curry/wilson_proj/ros2-rover-ws/install/test_package/share/test_package/environment/ament_prefix_path.dsv\n'}
[2.868144] (test_package) StdoutLine: {'line': b'-- Up-to-date: /home/curry/wilson_proj/ros2-rover-ws/install/test_package/share/test_package/environment/path.sh\n'}
[2.868726] (test_package) StdoutLine: {'line': b'-- Up-to-date: /home/curry/wilson_proj/ros2-rover-ws/install/test_package/share/test_package/environment/path.dsv\n'}
[2.869415] (test_package) StdoutLine: {'line': b'-- Up-to-date: /home/curry/wilson_proj/ros2-rover-ws/install/test_package/share/test_package/local_setup.bash\n'}
[2.870008] (test_package) StdoutLine: {'line': b'-- Up-to-date: /home/curry/wilson_proj/ros2-rover-ws/install/test_package/share/test_package/local_setup.sh\n'}
[2.870543] (test_package) StdoutLine: {'line': b'-- Up-to-date: /home/curry/wilson_proj/ros2-rover-ws/install/test_package/share/test_package/local_setup.zsh\n'}
[2.871102] (test_package) StdoutLine: {'line': b'-- Up-to-date: /home/curry/wilson_proj/ros2-rover-ws/install/test_package/share/test_package/local_setup.dsv\n'}
[2.871513] (test_package) StdoutLine: {'line': b'-- Installing: /home/curry/wilson_proj/ros2-rover-ws/install/test_package/share/test_package/package.dsv\n'}
[2.872064] (test_package) StdoutLine: {'line': b'-- Up-to-date: /home/curry/wilson_proj/ros2-rover-ws/install/test_package/share/ament_index/resource_index/packages/test_package\n'}
[2.872852] (test_package) StdoutLine: {'line': b'-- Up-to-date: /home/curry/wilson_proj/ros2-rover-ws/install/test_package/share/test_package/cmake/export_test_package__rosidl_generator_cExport.cmake\n'}
[2.873492] (test_package) StdoutLine: {'line': b'-- Up-to-date: /home/curry/wilson_proj/ros2-rover-ws/install/test_package/share/test_package/cmake/export_test_package__rosidl_generator_cExport-noconfig.cmake\n'}
[2.874470] (test_package) StdoutLine: {'line': b'-- Up-to-date: /home/curry/wilson_proj/ros2-rover-ws/install/test_package/share/test_package/cmake/export_test_package__rosidl_typesupport_fastrtps_cExport.cmake\n'}
[2.875124] (test_package) StdoutLine: {'line': b'-- Up-to-date: /home/curry/wilson_proj/ros2-rover-ws/install/test_package/share/test_package/cmake/export_test_package__rosidl_typesupport_fastrtps_cExport-noconfig.cmake\n'}
[2.876054] (test_package) StdoutLine: {'line': b'-- Up-to-date: /home/curry/wilson_proj/ros2-rover-ws/install/test_package/share/test_package/cmake/test_package__rosidl_typesupport_introspection_cExport.cmake\n'}
[2.876717] (test_package) StdoutLine: {'line': b'-- Up-to-date: /home/curry/wilson_proj/ros2-rover-ws/install/test_package/share/test_package/cmake/test_package__rosidl_typesupport_introspection_cExport-noconfig.cmake\n'}
[2.877618] (test_package) StdoutLine: {'line': b'-- Up-to-date: /home/curry/wilson_proj/ros2-rover-ws/install/test_package/share/test_package/cmake/test_package__rosidl_typesupport_cExport.cmake\n'}
[2.878286] (test_package) StdoutLine: {'line': b'-- Up-to-date: /home/curry/wilson_proj/ros2-rover-ws/install/test_package/share/test_package/cmake/test_package__rosidl_typesupport_cExport-noconfig.cmake\n'}
[2.879164] (test_package) StdoutLine: {'line': b'-- Up-to-date: /home/curry/wilson_proj/ros2-rover-ws/install/test_package/share/test_package/cmake/export_test_package__rosidl_generator_cppExport.cmake\n'}
[2.880144] (test_package) StdoutLine: {'line': b'-- Up-to-date: /home/curry/wilson_proj/ros2-rover-ws/install/test_package/share/test_package/cmake/export_test_package__rosidl_typesupport_fastrtps_cppExport.cmake\n'}
[2.880767] (test_package) StdoutLine: {'line': b'-- Up-to-date: /home/curry/wilson_proj/ros2-rover-ws/install/test_package/share/test_package/cmake/export_test_package__rosidl_typesupport_fastrtps_cppExport-noconfig.cmake\n'}
[2.881811] (test_package) StdoutLine: {'line': b'-- Up-to-date: /home/curry/wilson_proj/ros2-rover-ws/install/test_package/share/test_package/cmake/test_package__rosidl_typesupport_introspection_cppExport.cmake\n'}
[2.882594] (test_package) StdoutLine: {'line': b'-- Up-to-date: /home/curry/wilson_proj/ros2-rover-ws/install/test_package/share/test_package/cmake/test_package__rosidl_typesupport_introspection_cppExport-noconfig.cmake\n'}
[2.883403] (test_package) StdoutLine: {'line': b'-- Up-to-date: /home/curry/wilson_proj/ros2-rover-ws/install/test_package/share/test_package/cmake/test_package__rosidl_typesupport_cppExport.cmake\n'}
[2.884062] (test_package) StdoutLine: {'line': b'-- Up-to-date: /home/curry/wilson_proj/ros2-rover-ws/install/test_package/share/test_package/cmake/test_package__rosidl_typesupport_cppExport-noconfig.cmake\n'}
[2.885079] (test_package) StdoutLine: {'line': b'-- Up-to-date: /home/curry/wilson_proj/ros2-rover-ws/install/test_package/share/test_package/cmake/export_test_package__rosidl_generator_pyExport.cmake\n'}
[2.885826] (test_package) StdoutLine: {'line': b'-- Up-to-date: /home/curry/wilson_proj/ros2-rover-ws/install/test_package/share/test_package/cmake/export_test_package__rosidl_generator_pyExport-noconfig.cmake\n'}
[2.886426] (test_package) StdoutLine: {'line': b'-- Up-to-date: /home/curry/wilson_proj/ros2-rover-ws/install/test_package/share/ament_index/resource_index/rclcpp_components/test_package\n'}
[2.887141] (test_package) StdoutLine: {'line': b'-- Up-to-date: /home/curry/wilson_proj/ros2-rover-ws/install/test_package/share/test_package/cmake/rosidl_cmake-extras.cmake\n'}
[2.887779] (test_package) StdoutLine: {'line': b'-- Up-to-date: /home/curry/wilson_proj/ros2-rover-ws/install/test_package/share/test_package/cmake/ament_cmake_export_dependencies-extras.cmake\n'}
[2.888368] (test_package) StdoutLine: {'line': b'-- Up-to-date: /home/curry/wilson_proj/ros2-rover-ws/install/test_package/share/test_package/cmake/ament_cmake_export_include_directories-extras.cmake\n'}
[2.888996] (test_package) StdoutLine: {'line': b'-- Up-to-date: /home/curry/wilson_proj/ros2-rover-ws/install/test_package/share/test_package/cmake/ament_cmake_export_libraries-extras.cmake\n'}
[2.889608] (test_package) StdoutLine: {'line': b'-- Up-to-date: /home/curry/wilson_proj/ros2-rover-ws/install/test_package/share/test_package/cmake/ament_cmake_export_targets-extras.cmake\n'}
[2.890330] (test_package) StdoutLine: {'line': b'-- Up-to-date: /home/curry/wilson_proj/ros2-rover-ws/install/test_package/share/test_package/cmake/rosidl_cmake_export_typesupport_targets-extras.cmake\n'}
[2.890990] (test_package) StdoutLine: {'line': b'-- Up-to-date: /home/curry/wilson_proj/ros2-rover-ws/install/test_package/share/test_package/cmake/rosidl_cmake_export_typesupport_libraries-extras.cmake\n'}
[2.891584] (test_package) StdoutLine: {'line': b'-- Up-to-date: /home/curry/wilson_proj/ros2-rover-ws/install/test_package/share/test_package/cmake/test_packageConfig.cmake\n'}
[2.892121] (test_package) StdoutLine: {'line': b'-- Up-to-date: /home/curry/wilson_proj/ros2-rover-ws/install/test_package/share/test_package/cmake/test_packageConfig-version.cmake\n'}
[2.892703] (test_package) StdoutLine: {'line': b'-- Up-to-date: /home/curry/wilson_proj/ros2-rover-ws/install/test_package/share/test_package/package.xml\n'}
[2.898846] (test_package) CommandEnded: {'returncode': 0}
[2.915253] (-) TimerEvent: {}
[3.016137] (-) TimerEvent: {}
[3.117709] (-) TimerEvent: {}
[3.218365] (-) TimerEvent: {}
[3.319279] (-) TimerEvent: {}
[3.420851] (-) TimerEvent: {}
[3.433961] (test_package) JobEnded: {'identifier': 'test_package', 'rc': 0}
[3.521042] (-) TimerEvent: {}
[3.571126] (rover_control_package) StdoutLine: {'line': b'-- Found ament_cmake_ros: 0.11.2 (/opt/ros/iron/share/ament_cmake_ros/cmake)\n'}
[3.621302] (-) TimerEvent: {}
[3.722025] (-) TimerEvent: {}
[3.822607] (-) TimerEvent: {}
[3.923365] (-) TimerEvent: {}
[4.024031] (-) TimerEvent: {}
[4.124735] (-) TimerEvent: {}
[4.225370] (-) TimerEvent: {}
[4.325990] (-) TimerEvent: {}
[4.386342] (rover_control_package) StdoutLine: {'line': b'-- Using all available rosidl_typesupport_c: rosidl_typesupport_fastrtps_c;rosidl_typesupport_introspection_c\n'}
[4.426188] (-) TimerEvent: {}
[4.526856] (-) TimerEvent: {}
[4.627488] (-) TimerEvent: {}
[4.728124] (-) TimerEvent: {}
[4.828854] (-) TimerEvent: {}
[4.929566] (-) TimerEvent: {}
[5.030217] (-) TimerEvent: {}
[5.130831] (-) TimerEvent: {}
[5.231531] (-) TimerEvent: {}
[5.332196] (-) TimerEvent: {}
[5.432945] (-) TimerEvent: {}
[5.466577] (rover_control_package) StdoutLine: {'line': b'-- Using all available rosidl_typesupport_cpp: rosidl_typesupport_fastrtps_cpp;rosidl_typesupport_introspection_cpp\n'}
[5.533217] (-) TimerEvent: {}
[5.566682] (rover_control_package) StdoutLine: {'line': b'-- Found python_cmake_module: 0.10.2 (/opt/ros/iron/share/python_cmake_module/cmake)\n'}
[5.633399] (-) TimerEvent: {}
[5.665615] (rover_control_package) StdoutLine: {'line': b'-- Using PYTHON_EXECUTABLE: /usr/bin/python3\n'}
[5.666320] (rover_control_package) StdoutLine: {'line': b'-- Using PYTHON_INCLUDE_DIRS: /usr/include/python3.10\n'}
[5.666682] (rover_control_package) StdoutLine: {'line': b'-- Using PYTHON_LIBRARIES: /usr/lib/aarch64-linux-gnu/libpython3.10.so\n'}
[5.733575] (-) TimerEvent: {}
[5.737781] (rover_control_package) StdoutLine: {'line': b'-- Found rover_control_package: 0.0.0 (/home/curry/wilson_proj/ros2-rover-ws/install/rover_control_package/share/rover_control_package/cmake)\n'}
[5.833749] (-) TimerEvent: {}
[5.934414] (-) TimerEvent: {}
[6.016077] (rover_control_package) StdoutLine: {'line': b'-- Found rclcpp: 21.0.7 (/opt/ros/iron/share/rclcpp/cmake)\n'}
[6.034574] (-) TimerEvent: {}
[6.135541] (-) TimerEvent: {}
[6.236181] (-) TimerEvent: {}
[6.336812] (-) TimerEvent: {}
[6.367098] (rover_control_package) StdoutLine: {'line': b'-- Found rmw_implementation_cmake: 7.1.0 (/opt/ros/iron/share/rmw_implementation_cmake/cmake)\n'}
[6.372563] (rover_control_package) StdoutLine: {'line': b'-- Found rmw_fastrtps_cpp: 7.1.4 (/opt/ros/iron/share/rmw_fastrtps_cpp/cmake)\n'}
[6.437003] (-) TimerEvent: {}
[6.537671] (-) TimerEvent: {}
[6.638285] (-) TimerEvent: {}
[6.738924] (-) TimerEvent: {}
[6.839576] (-) TimerEvent: {}
[6.940255] (-) TimerEvent: {}
[7.040951] (-) TimerEvent: {}
[7.141634] (-) TimerEvent: {}
[7.242314] (-) TimerEvent: {}
[7.342985] (-) TimerEvent: {}
[7.358259] (rover_control_package) StdoutLine: {'line': b"-- Using RMW implementation 'rmw_fastrtps_cpp' as default\n"}
[7.443150] (-) TimerEvent: {}
[7.543819] (-) TimerEvent: {}
[7.644484] (-) TimerEvent: {}
[7.745145] (-) TimerEvent: {}
[7.845835] (-) TimerEvent: {}
[7.946480] (-) TimerEvent: {}
[7.975949] (rover_control_package) StdoutLine: {'line': b'-- Found rclcpp_action: 21.0.7 (/opt/ros/iron/share/rclcpp_action/cmake)\n'}
[8.046639] (-) TimerEvent: {}
[8.104922] (rover_control_package) StdoutLine: {'line': b'-- Found rclcpp_components: 21.0.7 (/opt/ros/iron/share/rclcpp_components/cmake)\n'}
[8.146796] (-) TimerEvent: {}
[8.247466] (-) TimerEvent: {}
[8.348100] (-) TimerEvent: {}
[8.440284] (rover_control_package) StdoutLine: {'line': b'-- Found std_srvs: 5.0.1 (/opt/ros/iron/share/std_srvs/cmake)\n'}
[8.448279] (-) TimerEvent: {}
[8.548892] (-) TimerEvent: {}
[8.612308] (rover_control_package) StderrLine: {'line': b'\x1b[0m-----------------------------------------------------------\x1b[0m\n'}
[8.613043] (rover_control_package) StderrLine: {'line': b'\x1b[0mCMAKE_CURRENT_SOURCE_DIR: /home/curry/wilson_proj/ros2-rover-ws/src/rover_control_package\x1b[0m\n'}
[8.613452] (rover_control_package) StderrLine: {'line': b'\x1b[0m-----------------------------------------------------------\x1b[0m\n'}
[8.613771] (rover_control_package) StderrLine: {'line': b'\x1b[0mFull include path: /home/curry/wilson_proj/ros2-rover-ws/src/rover_control_package/include\x1b[0m\n'}
[8.614061] (rover_control_package) StderrLine: {'line': b'\x1b[0m-----------------------------------------------------------\x1b[0m\n'}
[8.614332] (rover_control_package) StderrLine: {'line': b'\x1b[0mBUILD_INTERFACE path: /home/curry/wilson_proj/ros2-rover-ws/src/rover_control_package/include\x1b[0m\n'}
[8.614601] (rover_control_package) StderrLine: {'line': b'\x1b[0m-----------------------------------------------------------\x1b[0m\n'}
[8.621464] (rover_control_package) StdoutLine: {'line': b'-- Found ament_lint_auto: 0.14.4 (/opt/ros/iron/share/ament_lint_auto/cmake)\n'}
[8.649058] (-) TimerEvent: {}
[8.664248] (rover_control_package) StdoutLine: {'line': b"-- Added test 'cppcheck' to perform static code analysis on C / C++ code\n"}
[8.666847] (rover_control_package) StdoutLine: {'line': b'-- Configured cppcheck include dirs: $<BUILD_INTERFACE:/home/curry/wilson_proj/ros2-rover-ws/src/rover_control_package/include>\n'}
[8.667303] (rover_control_package) StdoutLine: {'line': b'-- Configured cppcheck exclude dirs and/or files: \n'}
[8.670896] (rover_control_package) StdoutLine: {'line': b"-- Added test 'lint_cmake' to check CMake code style\n"}
[8.679390] (rover_control_package) StdoutLine: {'line': b"-- Added test 'uncrustify' to check C / C++ code style\n"}
[8.679926] (rover_control_package) StdoutLine: {'line': b'-- Configured uncrustify additional arguments: \n'}
[8.681567] (rover_control_package) StdoutLine: {'line': b"-- Added test 'xmllint' to check XML markup files\n"}
[8.691438] (rover_control_package) StdoutLine: {'line': b'-- Configuring done\n'}
[8.749292] (-) TimerEvent: {}
[8.849910] (-) TimerEvent: {}
[8.919498] (rover_control_package) StderrLine: {'line': b'\x1b[33mCMake Warning at CMakeLists.txt:25 (add_library):\n'}
[8.920037] (rover_control_package) StderrLine: {'line': b'  Cannot generate a safe runtime search path for target\n'}
[8.920354] (rover_control_package) StderrLine: {'line': b'  carcontrol_ros2_server because there is a cycle in the constraint graph:\n'}
[8.920661] (rover_control_package) StderrLine: {'line': b'\n'}
[8.920955] (rover_control_package) StderrLine: {'line': b'    dir 0 is [/home/curry/wilson_proj/ros2-rover-ws/install/rover_control_package/lib]\n'}
[8.921317] (rover_control_package) StderrLine: {'line': b'      dir 1 must precede it due to runtime library [librover_control_package__rosidl_typesupport_introspection_c.so]\n'}
[8.921678] (rover_control_package) StderrLine: {'line': b'    dir 1 is [/home/curry/wilson_proj/ros2-rover-ws/build/rover_control_package]\n'}
[8.922011] (rover_control_package) StderrLine: {'line': b'      dir 0 must precede it due to runtime library [librover_control_package__rosidl_typesupport_fastrtps_c.so]\n'}
[8.922348] (rover_control_package) StderrLine: {'line': b'    dir 2 is [/opt/ros/iron/lib]\n'}
[8.922642] (rover_control_package) StderrLine: {'line': b'\n'}
[8.922938] (rover_control_package) StderrLine: {'line': b'  Some of these libraries may not be found correctly.\n'}
[8.923243] (rover_control_package) StderrLine: {'line': b'\n'}
[8.923558] (rover_control_package) StderrLine: {'line': b'\x1b[0m\n'}
[8.950077] (-) TimerEvent: {}
[8.966268] (rover_control_package) StdoutLine: {'line': b'-- Generating done\n'}
[8.988478] (rover_control_package) StdoutLine: {'line': b'-- Build files have been written to: /home/curry/wilson_proj/ros2-rover-ws/build/rover_control_package\n'}
[9.050327] (-) TimerEvent: {}
[9.119044] (rover_control_package) StdoutLine: {'line': b'\x1b[35m\x1b[1mConsolidate compiler generated dependencies of target carcontrol_server\x1b[0m\n'}
[9.148777] (rover_control_package) StdoutLine: {'line': b'[  2%] Built target rover_control_package__rosidl_generator_type_description\n'}
[9.150602] (-) TimerEvent: {}
[9.199177] (rover_control_package) StdoutLine: {'line': b'\x1b[35m\x1b[1mConsolidate compiler generated dependencies of target rover_control_package__rosidl_generator_c\x1b[0m\n'}
[9.203738] (rover_control_package) StdoutLine: {'line': b'[  2%] Built target ament_cmake_python_copy_rover_control_package\n'}
[9.223694] (rover_control_package) StdoutLine: {'line': b'[  7%] Built target carcontrol_server\n'}
[9.238564] (rover_control_package) StdoutLine: {'line': b'[ 10%] Built target rover_control_package__cpp\n'}
[9.250842] (-) TimerEvent: {}
[9.257137] (rover_control_package) StdoutLine: {'line': b'[ 23%] Built target rover_control_package__rosidl_generator_c\n'}
[9.301355] (rover_control_package) StdoutLine: {'line': b'\x1b[35m\x1b[1mConsolidate compiler generated dependencies of target rover_control_package__rosidl_typesupport_cpp\x1b[0m\n'}
[9.306014] (rover_control_package) StdoutLine: {'line': b'\x1b[35m\x1b[1mConsolidate compiler generated dependencies of target rover_control_package__rosidl_typesupport_fastrtps_c\x1b[0m\n'}
[9.325920] (rover_control_package) StdoutLine: {'line': b'\x1b[35m\x1b[1mConsolidate compiler generated dependencies of target rover_control_package__rosidl_typesupport_introspection_c\x1b[0m\n'}
[9.351007] (-) TimerEvent: {}
[9.374988] (rover_control_package) StdoutLine: {'line': b'[ 31%] Built target rover_control_package__rosidl_typesupport_cpp\n'}
[9.378927] (rover_control_package) StdoutLine: {'line': b'[ 39%] Built target rover_control_package__rosidl_typesupport_fastrtps_c\n'}
[9.391077] (rover_control_package) StdoutLine: {'line': b'[ 47%] Built target rover_control_package__rosidl_typesupport_introspection_c\n'}
[9.422950] (rover_control_package) StdoutLine: {'line': b'\x1b[35m\x1b[1mConsolidate compiler generated dependencies of target rover_control_package__rosidl_typesupport_c\x1b[0m\n'}
[9.433763] (rover_control_package) StdoutLine: {'line': b'\x1b[35m\x1b[1mConsolidate compiler generated dependencies of target rover_control_package__rosidl_typesupport_fastrtps_cpp\x1b[0m\n'}
[9.441642] (rover_control_package) StdoutLine: {'line': b'\x1b[35m\x1b[1mConsolidate compiler generated dependencies of target rover_control_package__rosidl_typesupport_introspection_cpp\x1b[0m\n'}
[9.451190] (-) TimerEvent: {}
[9.482065] (rover_control_package) StdoutLine: {'line': b'[ 55%] Built target rover_control_package__rosidl_typesupport_c\n'}
[9.508850] (rover_control_package) StdoutLine: {'line': b'[ 63%] Built target rover_control_package__rosidl_typesupport_fastrtps_cpp\n'}
[9.510139] (rover_control_package) StdoutLine: {'line': b'[ 71%] Built target rover_control_package__rosidl_typesupport_introspection_cpp\n'}
[9.551458] (-) TimerEvent: {}
[9.596642] (rover_control_package) StdoutLine: {'line': b'[ 71%] Built target rover_control_package\n'}
[9.603775] (rover_control_package) StdoutLine: {'line': b'[ 73%] \x1b[32mBuilding CXX object CMakeFiles/carcontrol_ros2_server.dir/src/motor_drive_node.cpp.o\x1b[0m\n'}
[9.651732] (-) TimerEvent: {}
[9.684390] (rover_control_package) StdoutLine: {'line': b'[ 76%] Built target rover_control_package__py\n'}
[9.728716] (rover_control_package) StdoutLine: {'line': b'\x1b[35m\x1b[1mConsolidate compiler generated dependencies of target rover_control_package__rosidl_generator_py\x1b[0m\n'}
[9.751913] (-) TimerEvent: {}
[9.787177] (rover_control_package) StdoutLine: {'line': b'[ 81%] Built target rover_control_package__rosidl_generator_py\n'}
[9.831132] (rover_control_package) StdoutLine: {'line': b'\x1b[35m\x1b[1mConsolidate compiler generated dependencies of target rover_control_package__rosidl_typesupport_fastrtps_c__pyext\x1b[0m\n'}
[9.834682] (rover_control_package) StdoutLine: {'line': b'\x1b[35m\x1b[1mConsolidate compiler generated dependencies of target rover_control_package__rosidl_typesupport_introspection_c__pyext\x1b[0m\n'}
[9.852090] (-) TimerEvent: {}
[9.898347] (rover_control_package) StdoutLine: {'line': b'[ 86%] Built target rover_control_package__rosidl_typesupport_fastrtps_c__pyext\n'}
[9.900705] (rover_control_package) StdoutLine: {'line': b'[ 92%] Built target rover_control_package__rosidl_typesupport_introspection_c__pyext\n'}
[9.940396] (rover_control_package) StdoutLine: {'line': b'\x1b[35m\x1b[1mConsolidate compiler generated dependencies of target rover_control_package__rosidl_typesupport_c__pyext\x1b[0m\n'}
[9.952353] (-) TimerEvent: {}
[9.999586] (rover_control_package) StdoutLine: {'line': b'[ 97%] Built target rover_control_package__rosidl_typesupport_c__pyext\n'}
[10.052517] (-) TimerEvent: {}
[10.153158] (-) TimerEvent: {}
[10.253798] (-) TimerEvent: {}
[10.354432] (-) TimerEvent: {}
[10.455044] (-) TimerEvent: {}
[10.555684] (-) TimerEvent: {}
[10.571505] (rover_control_package) StdoutLine: {'line': b'running egg_info\n'}
[10.575135] (rover_control_package) StdoutLine: {'line': b'writing rover_control_package.egg-info/PKG-INFO\n'}
[10.576265] (rover_control_package) StdoutLine: {'line': b'writing dependency_links to rover_control_package.egg-info/dependency_links.txt\n'}
[10.577339] (rover_control_package) StdoutLine: {'line': b'writing top-level names to rover_control_package.egg-info/top_level.txt\n'}
[10.587604] (rover_control_package) StdoutLine: {'line': b"reading manifest file 'rover_control_package.egg-info/SOURCES.txt'\n"}
[10.590434] (rover_control_package) StdoutLine: {'line': b"writing manifest file 'rover_control_package.egg-info/SOURCES.txt'\n"}
[10.656083] (-) TimerEvent: {}
[10.717740] (rover_control_package) StdoutLine: {'line': b'[ 97%] Built target ament_cmake_python_build_rover_control_package_egg\n'}
[10.756226] (-) TimerEvent: {}
[10.856869] (-) TimerEvent: {}
[10.957529] (-) TimerEvent: {}
[11.058154] (-) TimerEvent: {}
[11.158777] (-) TimerEvent: {}
[11.259446] (-) TimerEvent: {}
[11.360208] (-) TimerEvent: {}
[11.461159] (-) TimerEvent: {}
[11.561846] (-) TimerEvent: {}
[11.662463] (-) TimerEvent: {}
[11.763104] (-) TimerEvent: {}
[11.863744] (-) TimerEvent: {}
[11.964497] (-) TimerEvent: {}
[12.065276] (-) TimerEvent: {}
[12.165984] (-) TimerEvent: {}
[12.266692] (-) TimerEvent: {}
[12.367421] (-) TimerEvent: {}
[12.468272] (-) TimerEvent: {}
[12.568954] (-) TimerEvent: {}
[12.669710] (-) TimerEvent: {}
[12.770388] (-) TimerEvent: {}
[12.871088] (-) TimerEvent: {}
[12.971859] (-) TimerEvent: {}
[13.072612] (-) TimerEvent: {}
[13.173397] (-) TimerEvent: {}
[13.274092] (-) TimerEvent: {}
[13.374879] (-) TimerEvent: {}
[13.475589] (-) TimerEvent: {}
[13.576297] (-) TimerEvent: {}
[13.677034] (-) TimerEvent: {}
[13.777773] (-) TimerEvent: {}
[13.878470] (-) TimerEvent: {}
[13.979523] (-) TimerEvent: {}
[14.080236] (-) TimerEvent: {}
[14.180918] (-) TimerEvent: {}
[14.281647] (-) TimerEvent: {}
[14.382364] (-) TimerEvent: {}
[14.483062] (-) TimerEvent: {}
[14.583812] (-) TimerEvent: {}
[14.684525] (-) TimerEvent: {}
[14.785221] (-) TimerEvent: {}
[14.885955] (-) TimerEvent: {}
[14.986637] (-) TimerEvent: {}
[15.087321] (-) TimerEvent: {}
[15.188010] (-) TimerEvent: {}
[15.288701] (-) TimerEvent: {}
[15.389445] (-) TimerEvent: {}
[15.490211] (-) TimerEvent: {}
[15.590958] (-) TimerEvent: {}
[15.691696] (-) TimerEvent: {}
[15.792429] (-) TimerEvent: {}
[15.893179] (-) TimerEvent: {}
[15.993922] (-) TimerEvent: {}
[16.094725] (-) TimerEvent: {}
[16.195425] (-) TimerEvent: {}
[16.296142] (-) TimerEvent: {}
[16.396871] (-) TimerEvent: {}
[16.497612] (-) TimerEvent: {}
[16.598324] (-) TimerEvent: {}
[16.699011] (-) TimerEvent: {}
[16.799713] (-) TimerEvent: {}
[16.900466] (-) TimerEvent: {}
[17.001200] (-) TimerEvent: {}
[17.101944] (-) TimerEvent: {}
[17.202682] (-) TimerEvent: {}
[17.303395] (-) TimerEvent: {}
[17.404097] (-) TimerEvent: {}
[17.504815] (-) TimerEvent: {}
[17.605582] (-) TimerEvent: {}
[17.706367] (-) TimerEvent: {}
[17.807103] (-) TimerEvent: {}
[17.907838] (-) TimerEvent: {}
[18.008572] (-) TimerEvent: {}
[18.109308] (-) TimerEvent: {}
[18.210004] (-) TimerEvent: {}
[18.310711] (-) TimerEvent: {}
[18.411428] (-) TimerEvent: {}
[18.512187] (-) TimerEvent: {}
[18.612896] (-) TimerEvent: {}
[18.713647] (-) TimerEvent: {}
[18.814338] (-) TimerEvent: {}
[18.915052] (-) TimerEvent: {}
[19.015823] (-) TimerEvent: {}
[19.119489] (-) TimerEvent: {}
[19.220207] (-) TimerEvent: {}
[19.320969] (-) TimerEvent: {}
[19.421713] (-) TimerEvent: {}
[19.522454] (-) TimerEvent: {}
[19.623198] (-) TimerEvent: {}
[19.723915] (-) TimerEvent: {}
[19.824686] (-) TimerEvent: {}
[19.925407] (-) TimerEvent: {}
[20.026136] (-) TimerEvent: {}
[20.126839] (-) TimerEvent: {}
[20.227574] (-) TimerEvent: {}
[20.328308] (-) TimerEvent: {}
[20.429010] (-) TimerEvent: {}
[20.529740] (-) TimerEvent: {}
[20.630465] (-) TimerEvent: {}
[20.731188] (-) TimerEvent: {}
[20.831956] (-) TimerEvent: {}
[20.932692] (-) TimerEvent: {}
[21.033443] (-) TimerEvent: {}
[21.134182] (-) TimerEvent: {}
[21.173010] (rover_control_package) StderrLine: {'line': b'\x1b[01m\x1b[K/home/curry/wilson_proj/ros2-rover-ws/src/rover_control_package/src/motor_drive_node.cpp:21:5:\x1b[m\x1b[K \x1b[01;31m\x1b[Kerror: \x1b[m\x1b[Kexpected \xe2\x80\x98\x1b[01m\x1b[K;\x1b[m\x1b[K\xe2\x80\x99 before \xe2\x80\x98\x1b[01m\x1b[Kexplicit\x1b[m\x1b[K\xe2\x80\x99\n'}
[21.173696] (rover_control_package) StderrLine: {'line': b'   21 |     \x1b[01;31m\x1b[Kexplicit\x1b[m\x1b[K CarControlActionServer(const rclcpp::NodeOptions & options = rclcpp::NodeOptions())\n'}
[21.174070] (rover_control_package) StderrLine: {'line': b'      |     \x1b[01;31m\x1b[K^~~~~~~~\x1b[m\x1b[K\n'}
[21.234370] (-) TimerEvent: {}
[21.302338] (rover_control_package) StderrLine: {'line': b'\x1b[01m\x1b[K/home/curry/wilson_proj/ros2-rover-ws/src/rover_control_package/src/motor_drive_node.cpp:53:31:\x1b[m\x1b[K \x1b[01;31m\x1b[Kerror: \x1b[m\x1b[K\xe2\x80\x98\x1b[01m\x1b[KGoalHandleCarcontrol\x1b[m\x1b[K\xe2\x80\x99 was not declared in this scope\n'}
[21.303194] (rover_control_package) StderrLine: {'line': b'   53 |         const std::shared_ptr<\x1b[01;31m\x1b[KGoalHandleCarcontrol\x1b[m\x1b[K> goal_handle) {\n'}
[21.303689] (rover_control_package) StderrLine: {'line': b'      |                               \x1b[01;31m\x1b[K^~~~~~~~~~~~~~~~~~~~\x1b[m\x1b[K\n'}
[21.304087] (rover_control_package) StderrLine: {'line': b'\x1b[01m\x1b[K/home/curry/wilson_proj/ros2-rover-ws/src/rover_control_package/src/motor_drive_node.cpp:53:51:\x1b[m\x1b[K \x1b[01;31m\x1b[Kerror: \x1b[m\x1b[Ktemplate argument 1 is invalid\n'}
[21.304368] (rover_control_package) StderrLine: {'line': b'   53 |         const std::shared_ptr<GoalHandleCarcontrol\x1b[01;31m\x1b[K>\x1b[m\x1b[K goal_handle) {\n'}
[21.304701] (rover_control_package) StderrLine: {'line': b'      |                                                   \x1b[01;31m\x1b[K^\x1b[m\x1b[K\n'}
[21.334531] (-) TimerEvent: {}
[21.346937] (rover_control_package) StderrLine: {'line': b'\x1b[01m\x1b[K/home/curry/wilson_proj/ros2-rover-ws/src/rover_control_package/src/motor_drive_node.cpp:58:50:\x1b[m\x1b[K \x1b[01;31m\x1b[Kerror: \x1b[m\x1b[K\xe2\x80\x98\x1b[01m\x1b[KGoalHandleCarcontrol\x1b[m\x1b[K\xe2\x80\x99 was not declared in this scope\n'}
[21.347807] (rover_control_package) StderrLine: {'line': b'   58 |       void handle_accepted(const std::shared_ptr<\x1b[01;31m\x1b[KGoalHandleCarcontrol\x1b[m\x1b[K> goal_handle)\n'}
[21.348257] (rover_control_package) StderrLine: {'line': b'      |                                                  \x1b[01;31m\x1b[K^~~~~~~~~~~~~~~~~~~~\x1b[m\x1b[K\n'}
[21.348648] (rover_control_package) StderrLine: {'line': b'\x1b[01m\x1b[K/home/curry/wilson_proj/ros2-rover-ws/src/rover_control_package/src/motor_drive_node.cpp:58:70:\x1b[m\x1b[K \x1b[01;31m\x1b[Kerror: \x1b[m\x1b[Ktemplate argument 1 is invalid\n'}
[21.348987] (rover_control_package) StderrLine: {'line': b'   58 |       void handle_accepted(const std::shared_ptr<GoalHandleCarcontrol\x1b[01;31m\x1b[K>\x1b[m\x1b[K goal_handle)\n'}
[21.349418] (rover_control_package) StderrLine: {'line': b'      |                                                                      \x1b[01;31m\x1b[K^\x1b[m\x1b[K\n'}
[21.391309] (rover_control_package) StderrLine: {'line': b'\x1b[01m\x1b[K/home/curry/wilson_proj/ros2-rover-ws/src/rover_control_package/src/motor_drive_node.cpp:63:42:\x1b[m\x1b[K \x1b[01;31m\x1b[Kerror: \x1b[m\x1b[K\xe2\x80\x98\x1b[01m\x1b[KGoalHandleCarcontrol\x1b[m\x1b[K\xe2\x80\x99 was not declared in this scope\n'}
[21.391963] (rover_control_package) StderrLine: {'line': b'   63 |       void execute(const std::shared_ptr<\x1b[01;31m\x1b[KGoalHandleCarcontrol\x1b[m\x1b[K> goal_handle)\n'}
[21.392419] (rover_control_package) StderrLine: {'line': b'      |                                          \x1b[01;31m\x1b[K^~~~~~~~~~~~~~~~~~~~\x1b[m\x1b[K\n'}
[21.392998] (rover_control_package) StderrLine: {'line': b'\x1b[01m\x1b[K/home/curry/wilson_proj/ros2-rover-ws/src/rover_control_package/src/motor_drive_node.cpp:63:62:\x1b[m\x1b[K \x1b[01;31m\x1b[Kerror: \x1b[m\x1b[Ktemplate argument 1 is invalid\n'}
[21.393409] (rover_control_package) StderrLine: {'line': b'   63 |       void execute(const std::shared_ptr<GoalHandleCarcontrol\x1b[01;31m\x1b[K>\x1b[m\x1b[K goal_handle)\n'}
[21.393763] (rover_control_package) StderrLine: {'line': b'      |                                                              \x1b[01;31m\x1b[K^\x1b[m\x1b[K\n'}
[21.394130] (rover_control_package) StderrLine: {'line': b'\x1b[01m\x1b[K/home/curry/wilson_proj/ros2-rover-ws/src/rover_control_package/src/motor_drive_node.cpp:105:4:\x1b[m\x1b[K \x1b[01;31m\x1b[Kerror: \x1b[m\x1b[Kexpected \xe2\x80\x98\x1b[01m\x1b[K;\x1b[m\x1b[K\xe2\x80\x99 after class definition\n'}
[21.394457] (rover_control_package) StderrLine: {'line': b'  105 |   }\n'}
[21.394778] (rover_control_package) StderrLine: {'line': b'      |    \x1b[01;31m\x1b[K^\x1b[m\x1b[K\n'}
[21.395104] (rover_control_package) StderrLine: {'line': b'      |    \x1b[32m\x1b[K;\x1b[m\x1b[K\n'}
[21.428331] (rover_control_package) StderrLine: {'line': b'\x1b[01m\x1b[K/home/curry/wilson_proj/ros2-rover-ws/src/rover_control_package/src/motor_drive_node.cpp:\x1b[m\x1b[K In member function \xe2\x80\x98\x1b[01m\x1b[Krclcpp_action::GoalResponse carcontrol_cpp::CarControlActionServer::handle_goal(const GoalUUID&, std::shared_ptr<const rover_control_package::action::Carcontrol_Goal_<std::allocator<void> > >)\x1b[m\x1b[K\xe2\x80\x99:\n'}
[21.429553] (rover_control_package) StderrLine: {'line': b'\x1b[01m\x1b[K/home/curry/wilson_proj/ros2-rover-ws/src/rover_control_package/src/motor_drive_node.cpp:38:41:\x1b[m\x1b[K \x1b[01;35m\x1b[Kwarning: \x1b[m\x1b[Kunused parameter \xe2\x80\x98\x1b[01m\x1b[Kuuid\x1b[m\x1b[K\xe2\x80\x99 [\x1b[01;35m\x1b[K\x1b]8;;https://gcc.gnu.org/onlinedocs/gcc/Warning-Options.html#index-Wunused-parameter\x07-Wunused-parameter\x1b]8;;\x07\x1b[m\x1b[K]\n'}
[21.430455] (rover_control_package) StderrLine: {'line': b'   38 |         \x1b[01;35m\x1b[Kconst rclcpp_action::GoalUUID & uuid\x1b[m\x1b[K,\n'}
[21.431256] (rover_control_package) StderrLine: {'line': b'      |         \x1b[01;35m\x1b[K~~~~~~~~~~~~~~~~~~~~~~~~~~~~~~~~^~~~\x1b[m\x1b[K\n'}
[21.434932] (-) TimerEvent: {}
[21.536480] (-) TimerEvent: {}
[21.637189] (-) TimerEvent: {}
[21.737923] (-) TimerEvent: {}
[21.838641] (-) TimerEvent: {}
[21.939352] (-) TimerEvent: {}
[22.040121] (-) TimerEvent: {}
[22.140891] (-) TimerEvent: {}
[22.241683] (-) TimerEvent: {}
[22.293868] (rover_control_package) StderrLine: {'line': b'\x1b[01m\x1b[K/home/curry/wilson_proj/ros2-rover-ws/src/rover_control_package/src/motor_drive_node.cpp:\x1b[m\x1b[K In member function \xe2\x80\x98\x1b[01m\x1b[Krclcpp_action::CancelResponse carcontrol_cpp::CarControlActionServer::handle_cancel(int)\x1b[m\x1b[K\xe2\x80\x99:\n'}
[22.294451] (rover_control_package) StderrLine: {'line': b'\x1b[01m\x1b[K/home/curry/wilson_proj/ros2-rover-ws/src/rover_control_package/src/motor_drive_node.cpp:53:53:\x1b[m\x1b[K \x1b[01;35m\x1b[Kwarning: \x1b[m\x1b[Kunused parameter \xe2\x80\x98\x1b[01m\x1b[Kgoal_handle\x1b[m\x1b[K\xe2\x80\x99 [\x1b[01;35m\x1b[K\x1b]8;;https://gcc.gnu.org/onlinedocs/gcc/Warning-Options.html#index-Wunused-parameter\x07-Wunused-parameter\x1b]8;;\x07\x1b[m\x1b[K]\n'}
[22.294863] (rover_control_package) StderrLine: {'line': b'   53 |         \x1b[01;35m\x1b[Kconst std::shared_ptr<GoalHandleCarcontrol> goal_handle\x1b[m\x1b[K) {\n'}
[22.295250] (rover_control_package) StderrLine: {'line': b'      |         \x1b[01;35m\x1b[K~~~~~~~~~~~~~~~~~~~~~~~~~~~~~~~~~~~~~~~~~~~~^~~~~~~~~~~\x1b[m\x1b[K\n'}
[22.313707] (rover_control_package) StderrLine: {'line': b'\x1b[01m\x1b[K/home/curry/wilson_proj/ros2-rover-ws/src/rover_control_package/src/motor_drive_node.cpp:\x1b[m\x1b[K In member function \xe2\x80\x98\x1b[01m\x1b[Kvoid carcontrol_cpp::CarControlActionServer::execute(int)\x1b[m\x1b[K\xe2\x80\x99:\n'}
[22.314307] (rover_control_package) StderrLine: {'line': b'\x1b[01m\x1b[K/home/curry/wilson_proj/ros2-rover-ws/src/rover_control_package/src/motor_drive_node.cpp:67:38:\x1b[m\x1b[K \x1b[01;31m\x1b[Kerror: \x1b[m\x1b[Kbase operand of \xe2\x80\x98\x1b[01m\x1b[K->\x1b[m\x1b[K\xe2\x80\x99 is not a pointer\n'}
[22.314708] (rover_control_package) StderrLine: {'line': b'   67 |         const auto goal = goal_handle\x1b[01;31m\x1b[K->\x1b[m\x1b[Kget_goal(); //retrieves the goal\n'}
[22.315052] (rover_control_package) StderrLine: {'line': b'      |                                      \x1b[01;31m\x1b[K^~\x1b[m\x1b[K\n'}
[22.330844] (rover_control_package) StderrLine: {'line': b'\x1b[01m\x1b[K/home/curry/wilson_proj/ros2-rover-ws/src/rover_control_package/src/motor_drive_node.cpp:74:26:\x1b[m\x1b[K \x1b[01;31m\x1b[Kerror: \x1b[m\x1b[Kbase operand of \xe2\x80\x98\x1b[01m\x1b[K->\x1b[m\x1b[K\xe2\x80\x99 is not a pointer\n'}
[22.331378] (rover_control_package) StderrLine: {'line': b'   74 |           if (goal_handle\x1b[01;31m\x1b[K->\x1b[m\x1b[Kis_canceling()){\n'}
[22.331745] (rover_control_package) StderrLine: {'line': b'      |                          \x1b[01;31m\x1b[K^~\x1b[m\x1b[K\n'}
[22.332435] (rover_control_package) StderrLine: {'line': b'\x1b[01m\x1b[K/home/curry/wilson_proj/ros2-rover-ws/src/rover_control_package/src/motor_drive_node.cpp:77:24:\x1b[m\x1b[K \x1b[01;31m\x1b[Kerror: \x1b[m\x1b[Kbase operand of \xe2\x80\x98\x1b[01m\x1b[K->\x1b[m\x1b[K\xe2\x80\x99 is not a pointer\n'}
[22.333058] (rover_control_package) StderrLine: {'line': b'   77 |             goal_handle\x1b[01;31m\x1b[K->\x1b[m\x1b[Kcanceled(result);\n'}
[22.333496] (rover_control_package) StderrLine: {'line': b'      |                        \x1b[01;31m\x1b[K^~\x1b[m\x1b[K\n'}
[22.333854] (rover_control_package) StderrLine: {'line': b'\x1b[01m\x1b[K/home/curry/wilson_proj/ros2-rover-ws/src/rover_control_package/src/motor_drive_node.cpp:88:20:\x1b[m\x1b[K \x1b[01;31m\x1b[Kerror: \x1b[m\x1b[Kbase operand of \xe2\x80\x98\x1b[01m\x1b[K->\x1b[m\x1b[K\xe2\x80\x99 is not a pointer\n'}
[22.334281] (rover_control_package) StderrLine: {'line': b'   88 |         goal_handle\x1b[01;31m\x1b[K->\x1b[m\x1b[Kpublish_feedback(feedback);\n'}
[22.334834] (rover_control_package) StderrLine: {'line': b'      |                    \x1b[01;31m\x1b[K^~\x1b[m\x1b[K\n'}
[22.335243] (rover_control_package) StderrLine: {'line': b'\x1b[01m\x1b[K/home/curry/wilson_proj/ros2-rover-ws/src/rover_control_package/src/motor_drive_node.cpp:97:22:\x1b[m\x1b[K \x1b[01;31m\x1b[Kerror: \x1b[m\x1b[Kbase operand of \xe2\x80\x98\x1b[01m\x1b[K->\x1b[m\x1b[K\xe2\x80\x99 is not a pointer\n'}
[22.335590] (rover_control_package) StderrLine: {'line': b'   97 |           goal_handle\x1b[01;31m\x1b[K->\x1b[m\x1b[Ksucceed(result);\n'}
[22.335921] (rover_control_package) StderrLine: {'line': b'      |                      \x1b[01;31m\x1b[K^~\x1b[m\x1b[K\n'}
[22.341855] (-) TimerEvent: {}
[22.442630] (-) TimerEvent: {}
[22.543346] (-) TimerEvent: {}
[22.644064] (-) TimerEvent: {}
[22.744766] (-) TimerEvent: {}
[22.845479] (-) TimerEvent: {}
[22.946201] (-) TimerEvent: {}
[23.046917] (-) TimerEvent: {}
[23.147636] (-) TimerEvent: {}
[23.248350] (-) TimerEvent: {}
[23.349079] (-) TimerEvent: {}
[23.449834] (-) TimerEvent: {}
[23.550527] (-) TimerEvent: {}
[23.651219] (-) TimerEvent: {}
[23.751931] (-) TimerEvent: {}
[23.852693] (-) TimerEvent: {}
[23.953433] (-) TimerEvent: {}
[24.054124] (-) TimerEvent: {}
[24.154966] (-) TimerEvent: {}
[24.255662] (-) TimerEvent: {}
[24.356386] (-) TimerEvent: {}
[24.457084] (-) TimerEvent: {}
[24.557894] (-) TimerEvent: {}
[24.658606] (-) TimerEvent: {}
[24.757020] (rover_control_package) StderrLine: {'line': b'In file included from \x1b[01m\x1b[K/usr/include/aarch64-linux-gnu/c++/11/bits/c++allocator.h:33\x1b[m\x1b[K,\n'}
[24.757544] (rover_control_package) StderrLine: {'line': b'                 from \x1b[01m\x1b[K/usr/include/c++/11/bits/allocator.h:46\x1b[m\x1b[K,\n'}
[24.757813] (rover_control_package) StderrLine: {'line': b'                 from \x1b[01m\x1b[K/usr/include/c++/11/unordered_map:40\x1b[m\x1b[K,\n'}
[24.758064] (rover_control_package) StderrLine: {'line': b'                 from \x1b[01m\x1b[K/usr/include/c++/11/functional:61\x1b[m\x1b[K,\n'}
[24.758313] (rover_control_package) StderrLine: {'line': b'                 from \x1b[01m\x1b[K/home/curry/wilson_proj/ros2-rover-ws/src/rover_control_package/src/motor_drive_node.cpp:1\x1b[m\x1b[K:\n'}
[24.758562] (rover_control_package) StderrLine: {'line': b'/usr/include/c++/11/ext/new_allocator.h: In instantiation of \xe2\x80\x98\x1b[01m\x1b[Kvoid __gnu_cxx::new_allocator<_Tp>::construct(_Up*, _Args&& ...) [with _Up = carcontrol_cpp::CarControlActionServer; _Args = {const rclcpp::NodeOptions&}; _Tp = carcontrol_cpp::CarControlActionServer]\x1b[m\x1b[K\xe2\x80\x99:\n'}
[24.758868] (-) TimerEvent: {}
[24.759168] (rover_control_package) StderrLine: {'line': b'\x1b[01m\x1b[K/usr/include/c++/11/bits/alloc_traits.h:516:17:\x1b[m\x1b[K   required from \xe2\x80\x98\x1b[01m\x1b[Kstatic void std::allocator_traits<std::allocator<_Tp1> >::construct(std::allocator_traits<std::allocator<_Tp1> >::allocator_type&, _Up*, _Args&& ...) [with _Up = carcontrol_cpp::CarControlActionServer; _Args = {const rclcpp::NodeOptions&}; _Tp = carcontrol_cpp::CarControlActionServer; std::allocator_traits<std::allocator<_Tp1> >::allocator_type = std::allocator<carcontrol_cpp::CarControlActionServer>]\x1b[m\x1b[K\xe2\x80\x99\n'}
[24.759624] (rover_control_package) StderrLine: {'line': b'\x1b[01m\x1b[K/usr/include/c++/11/bits/shared_ptr_base.h:519:39:\x1b[m\x1b[K   required from \xe2\x80\x98\x1b[01m\x1b[Kstd::_Sp_counted_ptr_inplace<_Tp, _Alloc, _Lp>::_Sp_counted_ptr_inplace(_Alloc, _Args&& ...) [with _Args = {const rclcpp::NodeOptions&}; _Tp = carcontrol_cpp::CarControlActionServer; _Alloc = std::allocator<carcontrol_cpp::CarControlActionServer>; __gnu_cxx::_Lock_policy _Lp = __gnu_cxx::_S_atomic]\x1b[m\x1b[K\xe2\x80\x99\n'}
[24.759908] (rover_control_package) StderrLine: {'line': b'\x1b[01m\x1b[K/usr/include/c++/11/bits/shared_ptr_base.h:650:16:\x1b[m\x1b[K   required from \xe2\x80\x98\x1b[01m\x1b[Kstd::__shared_count<_Lp>::__shared_count(_Tp*&, std::_Sp_alloc_shared_tag<_Alloc>, _Args&& ...) [with _Tp = carcontrol_cpp::CarControlActionServer; _Alloc = std::allocator<carcontrol_cpp::CarControlActionServer>; _Args = {const rclcpp::NodeOptions&}; __gnu_cxx::_Lock_policy _Lp = __gnu_cxx::_S_atomic]\x1b[m\x1b[K\xe2\x80\x99\n'}
[24.760169] (rover_control_package) StderrLine: {'line': b'\x1b[01m\x1b[K/usr/include/c++/11/bits/shared_ptr_base.h:1342:14:\x1b[m\x1b[K   required from \xe2\x80\x98\x1b[01m\x1b[Kstd::__shared_ptr<_Tp, _Lp>::__shared_ptr(std::_Sp_alloc_shared_tag<_Tp>, _Args&& ...) [with _Alloc = std::allocator<carcontrol_cpp::CarControlActionServer>; _Args = {const rclcpp::NodeOptions&}; _Tp = carcontrol_cpp::CarControlActionServer; __gnu_cxx::_Lock_policy _Lp = __gnu_cxx::_S_atomic]\x1b[m\x1b[K\xe2\x80\x99\n'}
[24.760450] (rover_control_package) StderrLine: {'line': b'\x1b[01m\x1b[K/usr/include/c++/11/bits/shared_ptr.h:409:59:\x1b[m\x1b[K   required from \xe2\x80\x98\x1b[01m\x1b[Kstd::shared_ptr<_Tp>::shared_ptr(std::_Sp_alloc_shared_tag<_Tp>, _Args&& ...) [with _Alloc = std::allocator<carcontrol_cpp::CarControlActionServer>; _Args = {const rclcpp::NodeOptions&}; _Tp = carcontrol_cpp::CarControlActionServer]\x1b[m\x1b[K\xe2\x80\x99\n'}
[24.760705] (rover_control_package) StderrLine: {'line': b'\x1b[01m\x1b[K/usr/include/c++/11/bits/shared_ptr.h:862:14:\x1b[m\x1b[K   required from \xe2\x80\x98\x1b[01m\x1b[Kstd::shared_ptr<_Tp> std::allocate_shared(const _Alloc&, _Args&& ...) [with _Tp = carcontrol_cpp::CarControlActionServer; _Alloc = std::allocator<carcontrol_cpp::CarControlActionServer>; _Args = {const rclcpp::NodeOptions&}]\x1b[m\x1b[K\xe2\x80\x99\n'}
[24.760956] (rover_control_package) StderrLine: {'line': b'\x1b[01m\x1b[K/usr/include/c++/11/bits/shared_ptr.h:878:39:\x1b[m\x1b[K   required from \xe2\x80\x98\x1b[01m\x1b[Kstd::shared_ptr<_Tp> std::make_shared(_Args&& ...) [with _Tp = carcontrol_cpp::CarControlActionServer; _Args = {const rclcpp::NodeOptions&}]\x1b[m\x1b[K\xe2\x80\x99\n'}
[24.761205] (rover_control_package) StderrLine: {'line': b'\x1b[01m\x1b[K/opt/ros/iron/include/rclcpp_components/rclcpp_components/node_factory_template.hpp:45:40:\x1b[m\x1b[K   required from \xe2\x80\x98\x1b[01m\x1b[Krclcpp_components::NodeInstanceWrapper rclcpp_components::NodeFactoryTemplate<NodeT>::create_node_instance(const rclcpp::NodeOptions&) [with NodeT = carcontrol_cpp::CarControlActionServer]\x1b[m\x1b[K\xe2\x80\x99\n'}
[24.761493] (rover_control_package) StderrLine: {'line': b'\x1b[01m\x1b[K/opt/ros/iron/include/rclcpp_components/rclcpp_components/node_factory_template.hpp:43:3:\x1b[m\x1b[K   required from here\n'}
[24.761793] (rover_control_package) StderrLine: {'line': b'\x1b[01m\x1b[K/usr/include/c++/11/ext/new_allocator.h:162:11:\x1b[m\x1b[K \x1b[01;31m\x1b[Kerror: \x1b[m\x1b[Kno matching function for call to \xe2\x80\x98\x1b[01m\x1b[Kcarcontrol_cpp::CarControlActionServer::CarControlActionServer(const rclcpp::NodeOptions&)\x1b[m\x1b[K\xe2\x80\x99\n'}
[24.762040] (rover_control_package) StderrLine: {'line': b'  162 |         { \x1b[01;31m\x1b[K::new((void *)__p) _Up(std::forward<_Args>(__args)...)\x1b[m\x1b[K; }\n'}
[24.762283] (rover_control_package) StderrLine: {'line': b'      |           \x1b[01;31m\x1b[K^~~~~~~~~~~~~~~~~~~~~~~~~~~~~~~~~~~~~~~~~~~~~~~~~~~~~~\x1b[m\x1b[K\n'}
[24.762522] (rover_control_package) StderrLine: {'line': b'\x1b[01m\x1b[K/home/curry/wilson_proj/ros2-rover-ws/src/rover_control_package/src/motor_drive_node.cpp:14:9:\x1b[m\x1b[K \x1b[01;36m\x1b[Knote: \x1b[m\x1b[Kcandidate: \xe2\x80\x98\x1b[01m\x1b[Kcarcontrol_cpp::CarControlActionServer::CarControlActionServer()\x1b[m\x1b[K\xe2\x80\x99 (deleted)\n'}
[24.762767] (rover_control_package) StderrLine: {'line': b'   14 |   class \x1b[01;36m\x1b[KCarControlActionServer\x1b[m\x1b[K : public rclcpp::Node\n'}
[24.763006] (rover_control_package) StderrLine: {'line': b'      |         \x1b[01;36m\x1b[K^~~~~~~~~~~~~~~~~~~~~~\x1b[m\x1b[K\n'}
[24.781686] (rover_control_package) StderrLine: {'line': b'\x1b[01m\x1b[K/home/curry/wilson_proj/ros2-rover-ws/src/rover_control_package/src/motor_drive_node.cpp:14:9:\x1b[m\x1b[K \x1b[01;36m\x1b[Knote: \x1b[m\x1b[K  candidate expects 0 arguments, 1 provided\n'}
[24.782470] (rover_control_package) StderrLine: {'line': b'\x1b[01m\x1b[K/home/curry/wilson_proj/ros2-rover-ws/src/rover_control_package/src/motor_drive_node.cpp:14:9:\x1b[m\x1b[K \x1b[01;36m\x1b[Knote: \x1b[m\x1b[Kcandidate: \xe2\x80\x98\x1b[01m\x1b[Kcarcontrol_cpp::CarControlActionServer::CarControlActionServer(const carcontrol_cpp::CarControlActionServer&)\x1b[m\x1b[K\xe2\x80\x99 (deleted)\n'}
[24.782996] (rover_control_package) StderrLine: {'line': b'\x1b[01m\x1b[K/home/curry/wilson_proj/ros2-rover-ws/src/rover_control_package/src/motor_drive_node.cpp:14:9:\x1b[m\x1b[K \x1b[01;36m\x1b[Knote: \x1b[m\x1b[K  no known conversion for argument 1 from \xe2\x80\x98\x1b[01m\x1b[Kconst rclcpp::NodeOptions\x1b[m\x1b[K\xe2\x80\x99 to \xe2\x80\x98\x1b[01m\x1b[Kconst carcontrol_cpp::CarControlActionServer&\x1b[m\x1b[K\xe2\x80\x99\n'}
[24.784196] (rover_control_package) StderrLine: {'line': b'\x1b[01m\x1b[K/home/curry/wilson_proj/ros2-rover-ws/src/rover_control_package/src/motor_drive_node.cpp:14:9:\x1b[m\x1b[K \x1b[01;36m\x1b[Knote: \x1b[m\x1b[Kcandidate: \xe2\x80\x98\x1b[01m\x1b[Kcarcontrol_cpp::CarControlActionServer::CarControlActionServer(carcontrol_cpp::CarControlActionServer&&)\x1b[m\x1b[K\xe2\x80\x99 (deleted)\n'}
[24.785182] (rover_control_package) StderrLine: {'line': b'\x1b[01m\x1b[K/home/curry/wilson_proj/ros2-rover-ws/src/rover_control_package/src/motor_drive_node.cpp:14:9:\x1b[m\x1b[K \x1b[01;36m\x1b[Knote: \x1b[m\x1b[K  no known conversion for argument 1 from \xe2\x80\x98\x1b[01m\x1b[Kconst rclcpp::NodeOptions\x1b[m\x1b[K\xe2\x80\x99 to \xe2\x80\x98\x1b[01m\x1b[Kcarcontrol_cpp::CarControlActionServer&&\x1b[m\x1b[K\xe2\x80\x99\n'}
[24.859113] (-) TimerEvent: {}
[24.959836] (-) TimerEvent: {}
[25.060619] (-) TimerEvent: {}
[25.082758] (rover_control_package) StderrLine: {'line': b'gmake[2]: *** [CMakeFiles/carcontrol_ros2_server.dir/build.make:76: CMakeFiles/carcontrol_ros2_server.dir/src/motor_drive_node.cpp.o] Error 1\n'}
[25.083539] (rover_control_package) StderrLine: {'line': b'gmake[1]: *** [CMakeFiles/Makefile2:628: CMakeFiles/carcontrol_ros2_server.dir/all] Error 2\n'}
[25.084504] (rover_control_package) StderrLine: {'line': b'gmake: *** [Makefile:146: all] Error 2\n'}
[25.090344] (rover_control_package) CommandEnded: {'returncode': 2}
[25.160860] (-) TimerEvent: {}
[25.261717] (-) TimerEvent: {}
[25.362606] (-) TimerEvent: {}
[25.463257] (-) TimerEvent: {}
[25.507151] (rover_control_package) JobEnded: {'identifier': 'rover_control_package', 'rc': 2}
[25.518961] (-) EventReactorShutdown: {}
