[0.084s] Invoking command in '/home/curry/wilson_proj/ros2-rover-ws/build/rovercon_msgs': CMAKE_PREFIX_PATH=${CMAKE_PREFIX_PATH}:/opt/ros/humble /usr/bin/cmake --build /home/curry/wilson_proj/ros2-rover-ws/build/rovercon_msgs -- -j4 -l4
[0.188s] -- Found ament_cmake: 1.3.11 (/opt/ros/humble/share/ament_cmake/cmake)
[0.836s] -- Found rosidl_default_generators: 1.2.0 (/opt/ros/humble/share/rosidl_default_generators/cmake)
[0.848s] -- Using all available rosidl_typesupport_c: rosidl_typesupport_fastrtps_c;rosidl_typesupport_introspection_c
[0.861s] -- Found rosidl_adapter: 3.1.6 (/opt/ros/humble/share/rosidl_adapter/cmake)
[1.051s] -- Using all available rosidl_typesupport_cpp: rosidl_typesupport_fastrtps_cpp;rosidl_typesupport_introspection_cpp
[2.387s] -- Found ament_cmake_ros: 0.10.0 (/opt/ros/humble/share/ament_cmake_ros/cmake)
[3.237s] -- Using all available rosidl_typesupport_c: rosidl_typesupport_fastrtps_c;rosidl_typesupport_introspection_c
[4.346s] -- Using all available rosidl_typesupport_cpp: rosidl_typesupport_fastrtps_cpp;rosidl_typesupport_introspection_cpp
[4.452s] -- Found python_cmake_module: 0.10.0 (/opt/ros/humble/share/python_cmake_module/cmake)
[4.572s] -- Using PYTHON_EXECUTABLE: /usr/bin/python3
[4.573s] -- Using PYTHON_INCLUDE_DIRS: /usr/include/python3.10
[4.573s] -- Using PYTHON_LIBRARIES: /usr/lib/aarch64-linux-gnu/libpython3.10.so
[4.613s] -- Found ament_lint_auto: 0.12.11 (/opt/ros/humble/share/ament_lint_auto/cmake)
[4.659s] -- Added test 'lint_cmake' to check CMake code style
[4.668s] -- Added test 'xmllint' to check XML markup files
[4.678s] -- Configuring done
[4.839s] -- Generating done
[4.886s] -- Build files have been written to: /home/curry/wilson_proj/ros2-rover-ws/build/rovercon_msgs
[4.997s] [35m[1mConsolidate compiler generated dependencies of target rovercon_msgs__rosidl_generator_c[0m
[5.043s] [  2%] Built target rovercon_msgs__cpp
[5.057s] [  5%] [32mBuilding C object CMakeFiles/rovercon_msgs__rosidl_generator_c.dir/rosidl_generator_c/rovercon_msgs/msg/detail/main_rocon__functions.c.o[0m
[5.096s] [35m[1mConsolidate compiler generated dependencies of target rovercon_msgs__rosidl_typesupport_cpp[0m
[5.100s] [  5%] Built target ament_cmake_python_copy_rovercon_msgs
[5.101s] [35m[1mConsolidate compiler generated dependencies of target rovercon_msgs__rosidl_typesupport_fastrtps_cpp[0m
[5.146s] In file included from [01m[K/home/curry/wilson_proj/ros2-rover-ws/build/rovercon_msgs/rosidl_generator_c/rovercon_msgs/msg/detail/main_rocon__functions.h:19[m[K,
[5.146s]                  from [01m[K/home/curry/wilson_proj/ros2-rover-ws/build/rovercon_msgs/rosidl_generator_c/rovercon_msgs/msg/detail/main_rocon__functions.c:4[m[K:
[5.146s] [01m[K/home/curry/wilson_proj/ros2-rover-ws/build/rovercon_msgs/rosidl_generator_c/rovercon_msgs/msg/detail/main_rocon__struct.h:22:10:[m[K [01;31m[Kfatal error: [m[Krovercon_msg/msg/detail/sub_rocon__struct.h: No such file or directory
[5.147s]    22 | #include [01;31m[K"rovercon_msg/msg/detail/sub_rocon__struct.h"[m[K
[5.148s]       |          [01;31m[K^~~~~~~~~~~~~~~~~~~~~~~~~~~~~~~~~~~~~~~~~~~~~[m[K
[5.150s] compilation terminated.
[5.158s] gmake[2]: *** [CMakeFiles/rovercon_msgs__rosidl_generator_c.dir/build.make:135: CMakeFiles/rovercon_msgs__rosidl_generator_c.dir/rosidl_generator_c/rovercon_msgs/msg/detail/main_rocon__functions.c.o] Error 1
[5.159s] gmake[1]: *** [CMakeFiles/Makefile2:213: CMakeFiles/rovercon_msgs__rosidl_generator_c.dir/all] Error 2
[5.159s] gmake[1]: *** Waiting for unfinished jobs....
[5.160s] [  7%] [32mBuilding CXX object CMakeFiles/rovercon_msgs__rosidl_typesupport_cpp.dir/rosidl_typesupport_cpp/rovercon_msgs/msg/main_rocon__type_support.cpp.o[0m
[5.167s] [35m[1mConsolidate compiler generated dependencies of target rovercon_msgs__rosidl_typesupport_introspection_cpp[0m
[5.180s] [ 10%] [32mBuilding CXX object CMakeFiles/rovercon_msgs__rosidl_typesupport_fastrtps_cpp.dir/rosidl_typesupport_fastrtps_cpp/rovercon_msgs/msg/detail/dds_fastrtps/main_rocon__type_support.cpp.o[0m
[5.234s] [ 12%] [32mBuilding CXX object CMakeFiles/rovercon_msgs__rosidl_typesupport_introspection_cpp.dir/rosidl_typesupport_introspection_cpp/rovercon_msgs/msg/detail/main_rocon__type_support.cpp.o[0m
[5.455s] In file included from [01m[K/home/curry/wilson_proj/ros2-rover-ws/build/rovercon_msgs/rosidl_typesupport_cpp/rovercon_msgs/msg/main_rocon__type_support.cpp:7[m[K:
[5.455s] [01m[K/home/curry/wilson_proj/ros2-rover-ws/build/rovercon_msgs/rosidl_generator_cpp/rovercon_msgs/msg/detail/main_rocon__struct.hpp:20:10:[m[K [01;31m[Kfatal error: [m[Krovercon_msg/msg/detail/sub_rocon__struct.hpp: No such file or directory
[5.456s]    20 | #include [01;31m[K"rovercon_msg/msg/detail/sub_rocon__struct.hpp"[m[K
[5.456s]       |          [01;31m[K^~~~~~~~~~~~~~~~~~~~~~~~~~~~~~~~~~~~~~~~~~~~~~~[m[K
[5.456s] compilation terminated.
[5.462s] gmake[2]: *** [CMakeFiles/rovercon_msgs__rosidl_typesupport_cpp.dir/build.make:104: CMakeFiles/rovercon_msgs__rosidl_typesupport_cpp.dir/rosidl_typesupport_cpp/rovercon_msgs/msg/main_rocon__type_support.cpp.o] Error 1
[5.463s] gmake[1]: *** [CMakeFiles/Makefile2:395: CMakeFiles/rovercon_msgs__rosidl_typesupport_cpp.dir/all] Error 2
[5.488s] In file included from [01m[K/home/curry/wilson_proj/ros2-rover-ws/build/rovercon_msgs/rosidl_typesupport_fastrtps_cpp/rovercon_msgs/msg/detail/main_rocon__rosidl_typesupport_fastrtps_cpp.hpp:11[m[K,
[5.489s]                  from [01m[K/home/curry/wilson_proj/ros2-rover-ws/build/rovercon_msgs/rosidl_typesupport_fastrtps_cpp/rovercon_msgs/msg/detail/dds_fastrtps/main_rocon__type_support.cpp:4[m[K:
[5.489s] [01m[K/home/curry/wilson_proj/ros2-rover-ws/build/rovercon_msgs/rosidl_generator_cpp/rovercon_msgs/msg/detail/main_rocon__struct.hpp:20:10:[m[K [01;31m[Kfatal error: [m[Krovercon_msg/msg/detail/sub_rocon__struct.hpp: No such file or directory
[5.490s]    20 | #include [01;31m[K"rovercon_msg/msg/detail/sub_rocon__struct.hpp"[m[K
[5.490s]       |          [01;31m[K^~~~~~~~~~~~~~~~~~~~~~~~~~~~~~~~~~~~~~~~~~~~~~~[m[K
[5.490s] compilation terminated.
[5.494s] gmake[2]: *** [CMakeFiles/rovercon_msgs__rosidl_typesupport_fastrtps_cpp.dir/build.make:112: CMakeFiles/rovercon_msgs__rosidl_typesupport_fastrtps_cpp.dir/rosidl_typesupport_fastrtps_cpp/rovercon_msgs/msg/detail/dds_fastrtps/main_rocon__type_support.cpp.o] Error 1
[5.494s] gmake[1]: *** [CMakeFiles/Makefile2:343: CMakeFiles/rovercon_msgs__rosidl_typesupport_fastrtps_cpp.dir/all] Error 2
[5.560s] In file included from [01m[K/home/curry/wilson_proj/ros2-rover-ws/build/rovercon_msgs/rosidl_typesupport_introspection_cpp/rovercon_msgs/msg/detail/main_rocon__type_support.cpp:12[m[K:
[5.560s] [01m[K/home/curry/wilson_proj/ros2-rover-ws/build/rovercon_msgs/rosidl_generator_cpp/rovercon_msgs/msg/detail/main_rocon__struct.hpp:20:10:[m[K [01;31m[Kfatal error: [m[Krovercon_msg/msg/detail/sub_rocon__struct.hpp: No such file or directory
[5.561s]    20 | #include [01;31m[K"rovercon_msg/msg/detail/sub_rocon__struct.hpp"[m[K
[5.561s]       |          [01;31m[K^~~~~~~~~~~~~~~~~~~~~~~~~~~~~~~~~~~~~~~~~~~~~~~[m[K
[5.561s] compilation terminated.
[5.565s] gmake[2]: *** [CMakeFiles/rovercon_msgs__rosidl_typesupport_introspection_cpp.dir/build.make:112: CMakeFiles/rovercon_msgs__rosidl_typesupport_introspection_cpp.dir/rosidl_typesupport_introspection_cpp/rovercon_msgs/msg/detail/main_rocon__type_support.cpp.o] Error 1
[5.566s] gmake[1]: *** [CMakeFiles/Makefile2:369: CMakeFiles/rovercon_msgs__rosidl_typesupport_introspection_cpp.dir/all] Error 2
[5.566s] gmake: *** [Makefile:146: all] Error 2
[5.573s] Invoked command in '/home/curry/wilson_proj/ros2-rover-ws/build/rovercon_msgs' returned '2': CMAKE_PREFIX_PATH=${CMAKE_PREFIX_PATH}:/opt/ros/humble /usr/bin/cmake --build /home/curry/wilson_proj/ros2-rover-ws/build/rovercon_msgs -- -j4 -l4
