[0.000000] (-) TimerEvent: {}
[0.000188] (pubsub_text) JobQueued: {'identifier': 'pubsub_text', 'dependencies': OrderedDict()}
[0.000220] (pubsub_text) JobStarted: {'identifier': 'pubsub_text'}
[0.008275] (pubsub_text) JobProgress: {'identifier': 'pubsub_text', 'progress': 'cmake'}
[0.008851] (pubsub_text) JobProgress: {'identifier': 'pubsub_text', 'progress': 'build'}
[0.009562] (pubsub_text) Command: {'cmd': ['/usr/bin/cmake', '--build', '/home/yupi/rover_proj/ros2-base/build/pubsub_text', '--', '-j4', '-l4'], 'cwd': '/home/yupi/rover_proj/ros2-base/build/pubsub_text', 'env': OrderedDict([('LESSOPEN', '| /usr/bin/lesspipe %s'), ('USER', 'yupi'), ('LC_TIME', 'th_TH.UTF-8'), ('XDG_SESSION_TYPE', 'x11'), ('SHLVL', '1'), ('LD_LIBRARY_PATH', '/opt/ros/humble/opt/rviz_ogre_vendor/lib:/opt/ros/humble/lib/x86_64-linux-gnu:/opt/ros/humble/lib'), ('HOME', '/home/yupi'), ('OLDPWD', '/home/yupi/rover_proj'), ('DESKTOP_SESSION', 'ubuntu'), ('ROS_PYTHON_VERSION', '3'), ('GNOME_SHELL_SESSION_MODE', 'ubuntu'), ('GTK_MODULES', 'gail:atk-bridge'), ('LC_MONETARY', 'th_TH.UTF-8'), ('SYSTEMD_EXEC_PID', '15286'), ('DBUS_SESSION_BUS_ADDRESS', 'unix:path=/run/user/1000/bus'), ('COLORTERM', 'truecolor'), ('COLCON_PREFIX_PATH', '/home/yupi/rover_proj/mros2-host-examples-main/install'), ('ROS_DISTRO', 'humble'), ('GTK_IM_MODULE', 'ibus'), ('LOGNAME', 'yupi'), ('_', '/usr/bin/colcon'), ('ROS_VERSION', '2'), ('XDG_SESSION_CLASS', 'user'), ('USERNAME', 'yupi'), ('TERM', 'xterm-256color'), ('GNOME_DESKTOP_SESSION_ID', 'this-is-deprecated'), ('ROS_LOCALHOST_ONLY', '0'), ('WINDOWPATH', '2'), ('PATH', '/opt/ros/humble/bin:/home/yupi/.local/bin:/usr/local/sbin:/usr/local/bin:/usr/sbin:/usr/bin:/sbin:/bin:/usr/games:/usr/local/games:/snap/bin:/snap/bin'), ('SESSION_MANAGER', 'local/spa:@/tmp/.ICE-unix/1475,unix/spa:/tmp/.ICE-unix/1475'), ('XDG_MENU_PREFIX', 'gnome-'), ('LC_ADDRESS', 'th_TH.UTF-8'), ('GNOME_TERMINAL_SCREEN', '/org/gnome/Terminal/screen/f922ca5e_2250_4548_9f21_565808c61c17'), ('XDG_RUNTIME_DIR', '/run/user/1000'), ('DISPLAY', ':1'), ('LANG', 'en_US.UTF-8'), ('XDG_CURRENT_DESKTOP', 'ubuntu:GNOME'), ('LC_TELEPHONE', 'th_TH.UTF-8'), ('XMODIFIERS', '@im=ibus'), ('XDG_SESSION_DESKTOP', 'ubuntu'), ('XAUTHORITY', '/run/user/1000/gdm/Xauthority'), ('LS_COLORS', 'rs=0:di=01;34:ln=01;36:mh=00:pi=40;33:so=01;35:do=01;35:bd=40;33;01:cd=40;33;01:or=40;31;01:mi=00:su=37;41:sg=30;43:ca=30;41:tw=30;42:ow=34;42:st=37;44:ex=01;32:*.tar=01;31:*.tgz=01;31:*.arc=01;31:*.arj=01;31:*.taz=01;31:*.lha=01;31:*.lz4=01;31:*.lzh=01;31:*.lzma=01;31:*.tlz=01;31:*.txz=01;31:*.tzo=01;31:*.t7z=01;31:*.zip=01;31:*.z=01;31:*.dz=01;31:*.gz=01;31:*.lrz=01;31:*.lz=01;31:*.lzo=01;31:*.xz=01;31:*.zst=01;31:*.tzst=01;31:*.bz2=01;31:*.bz=01;31:*.tbz=01;31:*.tbz2=01;31:*.tz=01;31:*.deb=01;31:*.rpm=01;31:*.jar=01;31:*.war=01;31:*.ear=01;31:*.sar=01;31:*.rar=01;31:*.alz=01;31:*.ace=01;31:*.zoo=01;31:*.cpio=01;31:*.7z=01;31:*.rz=01;31:*.cab=01;31:*.wim=01;31:*.swm=01;31:*.dwm=01;31:*.esd=01;31:*.jpg=01;35:*.jpeg=01;35:*.mjpg=01;35:*.mjpeg=01;35:*.gif=01;35:*.bmp=01;35:*.pbm=01;35:*.pgm=01;35:*.ppm=01;35:*.tga=01;35:*.xbm=01;35:*.xpm=01;35:*.tif=01;35:*.tiff=01;35:*.png=01;35:*.svg=01;35:*.svgz=01;35:*.mng=01;35:*.pcx=01;35:*.mov=01;35:*.mpg=01;35:*.mpeg=01;35:*.m2v=01;35:*.mkv=01;35:*.webm=01;35:*.webp=01;35:*.ogm=01;35:*.mp4=01;35:*.m4v=01;35:*.mp4v=01;35:*.vob=01;35:*.qt=01;35:*.nuv=01;35:*.wmv=01;35:*.asf=01;35:*.rm=01;35:*.rmvb=01;35:*.flc=01;35:*.avi=01;35:*.fli=01;35:*.flv=01;35:*.gl=01;35:*.dl=01;35:*.xcf=01;35:*.xwd=01;35:*.yuv=01;35:*.cgm=01;35:*.emf=01;35:*.ogv=01;35:*.ogx=01;35:*.aac=00;36:*.au=00;36:*.flac=00;36:*.m4a=00;36:*.mid=00;36:*.midi=00;36:*.mka=00;36:*.mp3=00;36:*.mpc=00;36:*.ogg=00;36:*.ra=00;36:*.wav=00;36:*.oga=00;36:*.opus=00;36:*.spx=00;36:*.xspf=00;36:'), ('GNOME_TERMINAL_SERVICE', ':1.174'), ('SSH_AGENT_LAUNCHER', 'gnome-keyring'), ('SSH_AUTH_SOCK', '/run/user/1000/keyring/ssh'), ('AMENT_PREFIX_PATH', '/home/yupi/rover_proj/mros2-host-examples-main/install/mros2_sub_twist:/home/yupi/rover_proj/mros2-host-examples-main/install/mros2_sub_long_string_pub_crc:/home/yupi/rover_proj/mros2-host-examples-main/install/mros2_sub_float32:/home/yupi/rover_proj/mros2-host-examples-main/install/mros2_pub_uint16:/home/yupi/rover_proj/mros2-host-examples-main/install/mros2_pub_pose:/home/yupi/rover_proj/mros2-host-examples-main/install/mros2_echoreply_string:/home/yupi/rover_proj/mros2-host-examples-main/install/mros2_echoback_string:/opt/ros/humble'), ('SHELL', '/bin/bash'), ('LC_NAME', 'th_TH.UTF-8'), ('QT_ACCESSIBILITY', '1'), ('GDMSESSION', 'ubuntu'), ('LESSCLOSE', '/usr/bin/lesspipe %s %s'), ('LC_MEASUREMENT', 'th_TH.UTF-8'), ('GPG_AGENT_INFO', '/run/user/1000/gnupg/S.gpg-agent:0:1'), ('LC_IDENTIFICATION', 'th_TH.UTF-8'), ('QT_IM_MODULE', 'ibus'), ('PWD', '/home/yupi/rover_proj/ros2-base/build/pubsub_text'), ('LC_ALL', 'en_US.UTF-8'), ('XDG_CONFIG_DIRS', '/etc/xdg/xdg-ubuntu:/etc/xdg'), ('XDG_DATA_DIRS', '/usr/share/ubuntu:/usr/share/gnome:/usr/local/share/:/usr/share/:/var/lib/snapd/desktop'), ('PYTHONPATH', '/opt/ros/humble/lib/python3.10/site-packages:/opt/ros/humble/local/lib/python3.10/dist-packages'), ('LC_NUMERIC', 'th_TH.UTF-8'), ('LC_PAPER', 'th_TH.UTF-8'), ('COLCON', '1'), ('VTE_VERSION', '6800'), ('CMAKE_PREFIX_PATH', '/home/yupi/rover_proj/mros2-host-examples-main/install/mros2_sub_twist:/home/yupi/rover_proj/mros2-host-examples-main/install/mros2_sub_long_string_pub_crc:/home/yupi/rover_proj/mros2-host-examples-main/install/mros2_sub_float32:/home/yupi/rover_proj/mros2-host-examples-main/install/mros2_pub_uint16:/home/yupi/rover_proj/mros2-host-examples-main/install/mros2_pub_pose:/home/yupi/rover_proj/mros2-host-examples-main/install/mros2_echoreply_string:/home/yupi/rover_proj/mros2-host-examples-main/install/mros2_echoback_string:/opt/ros/humble')]), 'shell': False}
[0.052734] (pubsub_text) StdoutLine: {'line': b'\x1b[35m\x1b[1mConsolidate compiler generated dependencies of target ethernet_request_node\x1b[0m\n'}
[0.071266] (pubsub_text) StdoutLine: {'line': b'[ 50%] \x1b[32mBuilding CXX object CMakeFiles/ethernet_request_node.dir/src/ethernet_request_node.cpp.o\x1b[0m\n'}
[0.099318] (-) TimerEvent: {}
[0.199575] (-) TimerEvent: {}
[0.299829] (-) TimerEvent: {}
[0.400103] (-) TimerEvent: {}
[0.500386] (-) TimerEvent: {}
[0.600673] (-) TimerEvent: {}
[0.700928] (-) TimerEvent: {}
[0.801187] (-) TimerEvent: {}
[0.901445] (-) TimerEvent: {}
[1.001695] (-) TimerEvent: {}
[1.101952] (-) TimerEvent: {}
[1.202252] (-) TimerEvent: {}
[1.302589] (-) TimerEvent: {}
[1.403083] (-) TimerEvent: {}
[1.503546] (-) TimerEvent: {}
[1.603988] (-) TimerEvent: {}
[1.704353] (-) TimerEvent: {}
[1.805085] (-) TimerEvent: {}
[1.905501] (-) TimerEvent: {}
[2.005835] (-) TimerEvent: {}
[2.106077] (-) TimerEvent: {}
[2.206349] (-) TimerEvent: {}
[2.306605] (-) TimerEvent: {}
[2.406959] (-) TimerEvent: {}
[2.414740] (pubsub_text) StderrLine: {'line': b'\x1b[01m\x1b[K/home/yupi/rover_proj/ros2-base/src/pubsub_text/src/ethernet_request_node.cpp:\x1b[m\x1b[K In constructor \xe2\x80\x98\x1b[01m\x1b[KEthernetRequest::EthernetRequest()\x1b[m\x1b[K\xe2\x80\x99:\n'}
[2.414920] (pubsub_text) StderrLine: {'line': b'\x1b[01m\x1b[K/home/yupi/rover_proj/ros2-base/src/pubsub_text/src/ethernet_request_node.cpp:11:17:\x1b[m\x1b[K \x1b[01;31m\x1b[Kerror: \x1b[m\x1b[Kunable to find numeric literal operator \xe2\x80\x98\x1b[01m\x1b[Koperator""ms\x1b[m\x1b[K\xe2\x80\x99\n'}
[2.414992] (pubsub_text) StderrLine: {'line': b'   11 |                 \x1b[01;31m\x1b[K2000ms\x1b[m\x1b[K, std::bind(&EthernetRequest::send_request, this));\n'}
[2.415059] (pubsub_text) StderrLine: {'line': b'      |                 \x1b[01;31m\x1b[K^~~~~~\x1b[m\x1b[K\n'}
[2.507047] (-) TimerEvent: {}
[2.607434] (-) TimerEvent: {}
[2.707726] (-) TimerEvent: {}
[2.807985] (-) TimerEvent: {}
[2.908241] (-) TimerEvent: {}
[3.008475] (-) TimerEvent: {}
[3.014118] (pubsub_text) StderrLine: {'line': b'gmake[2]: *** [CMakeFiles/ethernet_request_node.dir/build.make:76: CMakeFiles/ethernet_request_node.dir/src/ethernet_request_node.cpp.o] Error 1\n'}
[3.014430] (pubsub_text) StderrLine: {'line': b'gmake[1]: *** [CMakeFiles/Makefile2:137: CMakeFiles/ethernet_request_node.dir/all] Error 2\n'}
[3.014733] (pubsub_text) StderrLine: {'line': b'gmake: *** [Makefile:146: all] Error 2\n'}
[3.016504] (pubsub_text) CommandEnded: {'returncode': 2}
[3.048583] (pubsub_text) JobEnded: {'identifier': 'pubsub_text', 'rc': 2}
[3.059232] (-) EventReactorShutdown: {}
