[0.060s] Invoking command in '/home/curry/wilson_proj/ros2-rover-ws/build/rover_control_package': CMAKE_PREFIX_PATH=/opt/ros/iron /usr/bin/cmake --build /home/curry/wilson_proj/ros2-rover-ws/build/rover_control_package -- -j4 -l4
[0.334s] [  2%] Built target rover_control_package__rosidl_generator_type_description
[0.399s] [  7%] Built target carcontrol_server
[0.410s] [  7%] Built target ament_cmake_python_copy_rover_control_package
[0.509s] [ 10%] Built target rover_control_package__cpp
[0.550s] [ 23%] Built target rover_control_package__rosidl_generator_c
[0.762s] [ 31%] Built target rover_control_package__rosidl_typesupport_cpp
[0.772s] [ 39%] Built target rover_control_package__rosidl_typesupport_introspection_c
[0.783s] [ 47%] Built target rover_control_package__rosidl_typesupport_fastrtps_c
[0.975s] [ 55%] Built target rover_control_package__rosidl_typesupport_introspection_cpp
[0.991s] [ 63%] Built target rover_control_package__rosidl_typesupport_c
[1.013s] [ 71%] Built target rover_control_package__rosidl_typesupport_fastrtps_cpp
[1.081s] [35m[1mConsolidate compiler generated dependencies of target carcontrol_ros2_server[0m
[1.153s] [ 71%] Built target rover_control_package
[1.255s] [ 73%] [32mBuilding CXX object CMakeFiles/carcontrol_ros2_server.dir/src/motor_drive_node.cpp.o[0m
[1.311s] [ 76%] Built target rover_control_package__py
[1.419s] [ 81%] Built target rover_control_package__rosidl_generator_py
[1.539s] [ 86%] Built target rover_control_package__rosidl_typesupport_introspection_c__pyext
[1.638s] [ 92%] Built target rover_control_package__rosidl_typesupport_fastrtps_c__pyext
[1.657s] [ 97%] Built target rover_control_package__rosidl_typesupport_c__pyext
[2.363s] running egg_info
[2.367s] writing rover_control_package.egg-info/PKG-INFO
[2.368s] writing dependency_links to rover_control_package.egg-info/dependency_links.txt
[2.369s] writing top-level names to rover_control_package.egg-info/top_level.txt
[2.380s] reading manifest file 'rover_control_package.egg-info/SOURCES.txt'
[2.383s] writing manifest file 'rover_control_package.egg-info/SOURCES.txt'
[2.538s] [ 97%] Built target ament_cmake_python_build_rover_control_package_egg
[13.051s] [01m[K/home/curry/wilson_proj/ros2-rover-ws/src/rover_control_package/src/motor_drive_node.cpp:105:4:[m[K [01;31m[Kerror: [m[Kexpected â€˜[01m[K;[m[Kâ€™ after class definition
[13.052s]   105 |   }
[13.052s]       |    [01;31m[K^[m[K
[13.053s]       |    [32m[K;[m[K
[13.054s] [01m[K/home/curry/wilson_proj/ros2-rover-ws/src/rover_control_package/src/motor_drive_node.cpp:[m[K In constructor â€˜[01m[Kcarcontrol_cpp::CarControlActionServer::CarControlActionServer(const rclcpp::NodeOptions&)[m[Kâ€™:
[13.055s] [01m[K/home/curry/wilson_proj/ros2-rover-ws/src/rover_control_package/src/motor_drive_node.cpp:26:45:[m[K [01;31m[Kerror: [m[Kâ€˜[01m[Kcreate[m[Kâ€™ is not a member of â€˜[01m[Krclcpp_action[m[Kâ€™
[13.055s]    26 |       this->action_server_ = rclcpp_action::[01;31m[Kcreate[m[K<Carcontrol>(
[13.055s]       |                                             [01;31m[K^~~~~~[m[K
[13.056s] [01m[K/home/curry/wilson_proj/ros2-rover-ws/src/rover_control_package/src/motor_drive_node.cpp:26:62:[m[K [01;31m[Kerror: [m[Kexpected primary-expression before â€˜[01m[K>[m[Kâ€™ token
[13.056s]    26 |       this->action_server_ = rclcpp_action::create<Carcontrol[01;31m[K>[m[K(
[13.056s]       |                                                              [01;31m[K^[m[K
[13.057s] [01m[K/home/curry/wilson_proj/ros2-rover-ws/src/rover_control_package/src/motor_drive_node.cpp:27:9:[m[K [01;35m[Kwarning: [m[Kleft operand of comma operator has no effect [[01;35m[K]8;;https://gcc.gnu.org/onlinedocs/gcc/Warning-Options.html#index-Wunused-value-Wunused-value]8;;[m[K]
[13.057s]    27 |         [01;35m[Kthis[m[K,
[13.057s]       |         [01;35m[K^~~~[m[K
[13.086s] [01m[K/home/curry/wilson_proj/ros2-rover-ws/src/rover_control_package/src/motor_drive_node.cpp:29:69:[m[K [01;35m[Kwarning: [m[Kright operand of comma operator has no effect [[01;35m[K]8;;https://gcc.gnu.org/onlinedocs/gcc/Warning-Options.html#index-Wunused-value-Wunused-value]8;;[m[K]
[13.087s]    29 |         std::bind(&CarControlActionServer::handle_goal, this, _1, _2[01;35m[K)[m[K,
[13.087s]       |                                                                     [01;35m[K^[m[K
[14.026s] [01m[K/home/curry/wilson_proj/ros2-rover-ws/src/rover_control_package/src/motor_drive_node.cpp:[m[K In member function â€˜[01m[Krclcpp_action::GoalResponse carcontrol_cpp::CarControlActionServer::handle_goal(const GoalUUID&, std::shared_ptr<const rover_control_package::action::Carcontrol_Goal_<std::allocator<void> > >)[m[Kâ€™:
[14.027s] [01m[K/home/curry/wilson_proj/ros2-rover-ws/src/rover_control_package/src/motor_drive_node.cpp:38:41:[m[K [01;35m[Kwarning: [m[Kunused parameter â€˜[01m[Kuuid[m[Kâ€™ [[01;35m[K]8;;https://gcc.gnu.org/onlinedocs/gcc/Warning-Options.html#index-Wunused-parameter-Wunused-parameter]8;;[m[K]
[14.027s]    38 |         [01;35m[Kconst rclcpp_action::GoalUUID & uuid[m[K,
[14.028s]       |         [01;35m[K~~~~~~~~~~~~~~~~~~~~~~~~~~~~~~~~^~~~[m[K
[14.028s] [01m[K/home/curry/wilson_proj/ros2-rover-ws/src/rover_control_package/src/motor_drive_node.cpp:[m[K In member function â€˜[01m[Krclcpp_action::CancelResponse carcontrol_cpp::CarControlActionServer::handle_cancel(std::shared_ptr<rclcpp_action::ClientGoalHandle<rover_control_package::action::Carcontrol> >)[m[Kâ€™:
[14.028s] [01m[K/home/curry/wilson_proj/ros2-rover-ws/src/rover_control_package/src/motor_drive_node.cpp:53:53:[m[K [01;35m[Kwarning: [m[Kunused parameter â€˜[01m[Kgoal_handle[m[Kâ€™ [[01;35m[K]8;;https://gcc.gnu.org/onlinedocs/gcc/Warning-Options.html#index-Wunused-parameter-Wunused-parameter]8;;[m[K]
[14.029s]    53 |         [01;35m[Kconst std::shared_ptr<GoalHandleCarcontrol> goal_handle[m[K) {
[14.029s]       |         [01;35m[K~~~~~~~~~~~~~~~~~~~~~~~~~~~~~~~~~~~~~~~~~~~~^~~~~~~~~~~[m[K
[14.064s] [01m[K/home/curry/wilson_proj/ros2-rover-ws/src/rover_control_package/src/motor_drive_node.cpp:[m[K In member function â€˜[01m[Kvoid carcontrol_cpp::CarControlActionServer::execute(std::shared_ptr<rclcpp_action::ClientGoalHandle<rover_control_package::action::Carcontrol> >)[m[Kâ€™:
[14.065s] [01m[K/home/curry/wilson_proj/ros2-rover-ws/src/rover_control_package/src/motor_drive_node.cpp:67:40:[m[K [01;31m[Kerror: [m[Kâ€˜[01m[Kusing element_type = class rclcpp_action::ClientGoalHandle<rover_control_package::action::Carcontrol>[m[Kâ€™ {aka â€˜[01m[Kclass rclcpp_action::ClientGoalHandle<rover_control_package::action::Carcontrol>[m[Kâ€™} has no member named â€˜[01m[Kget_goal[m[Kâ€™; did you mean â€˜[01m[Kget_goal_id[m[Kâ€™?
[14.066s]    67 |         const auto goal = goal_handle->[01;31m[Kget_goal[m[K(); //retrieves the goal
[14.067s]       |                                        [01;31m[K^~~~~~~~[m[K
[14.068s]       |                                        [32m[Kget_goal_id[m[K
[14.081s] [01m[K/home/curry/wilson_proj/ros2-rover-ws/src/rover_control_package/src/motor_drive_node.cpp:74:28:[m[K [01;31m[Kerror: [m[Kâ€˜[01m[Kusing element_type = class rclcpp_action::ClientGoalHandle<rover_control_package::action::Carcontrol>[m[Kâ€™ {aka â€˜[01m[Kclass rclcpp_action::ClientGoalHandle<rover_control_package::action::Carcontrol>[m[Kâ€™} has no member named â€˜[01m[Kis_canceling[m[Kâ€™
[14.082s]    74 |           if (goal_handle->[01;31m[Kis_canceling[m[K()){
[14.082s]       |                            [01;31m[K^~~~~~~~~~~~[m[K
[14.083s] [01m[K/home/curry/wilson_proj/ros2-rover-ws/src/rover_control_package/src/motor_drive_node.cpp:77:26:[m[K [01;31m[Kerror: [m[Kâ€˜[01m[Kusing element_type = class rclcpp_action::ClientGoalHandle<rover_control_package::action::Carcontrol>[m[Kâ€™ {aka â€˜[01m[Kclass rclcpp_action::ClientGoalHandle<rover_control_package::action::Carcontrol>[m[Kâ€™} has no member named â€˜[01m[Kcanceled[m[Kâ€™
[14.084s]    77 |             goal_handle->[01;31m[Kcanceled[m[K(result);
[14.084s]       |                          [01;31m[K^~~~~~~~[m[K
[14.085s] [01m[K/home/curry/wilson_proj/ros2-rover-ws/src/rover_control_package/src/motor_drive_node.cpp:88:22:[m[K [01;31m[Kerror: [m[Kâ€˜[01m[Kusing element_type = class rclcpp_action::ClientGoalHandle<rover_control_package::action::Carcontrol>[m[Kâ€™ {aka â€˜[01m[Kclass rclcpp_action::ClientGoalHandle<rover_control_package::action::Carcontrol>[m[Kâ€™} has no member named â€˜[01m[Kpublish_feedback[m[Kâ€™
[14.085s]    88 |         goal_handle->[01;31m[Kpublish_feedback[m[K(feedback);
[14.086s]       |                      [01;31m[K^~~~~~~~~~~~~~~~[m[K
[14.086s] [01m[K/home/curry/wilson_proj/ros2-rover-ws/src/rover_control_package/src/motor_drive_node.cpp:97:24:[m[K [01;31m[Kerror: [m[Kâ€˜[01m[Kusing element_type = class rclcpp_action::ClientGoalHandle<rover_control_package::action::Carcontrol>[m[Kâ€™ {aka â€˜[01m[Kclass rclcpp_action::ClientGoalHandle<rover_control_package::action::Carcontrol>[m[Kâ€™} has no member named â€˜[01m[Ksucceed[m[Kâ€™
[14.087s]    97 |           goal_handle->[01;31m[Ksucceed[m[K(result);
[14.087s]       |                        [01;31m[K^~~~~~~[m[K
[16.845s] gmake[2]: *** [CMakeFiles/carcontrol_ros2_server.dir/build.make:76: CMakeFiles/carcontrol_ros2_server.dir/src/motor_drive_node.cpp.o] Error 1
[16.846s] gmake[1]: *** [CMakeFiles/Makefile2:628: CMakeFiles/carcontrol_ros2_server.dir/all] Error 2
[16.846s] gmake: *** [Makefile:146: all] Error 2
[16.853s] Invoked command in '/home/curry/wilson_proj/ros2-rover-ws/build/rover_control_package' returned '2': CMAKE_PREFIX_PATH=/opt/ros/iron /usr/bin/cmake --build /home/curry/wilson_proj/ros2-rover-ws/build/rover_control_package -- -j4 -l4
