[0.083s] Invoking command in '/home/curry/wilson_proj/ros2-rover-ws/build/package_position_process': CMAKE_PREFIX_PATH=${CMAKE_PREFIX_PATH}:/opt/ros/humble /usr/bin/cmake --build /home/curry/wilson_proj/ros2-rover-ws/build/package_position_process -- -j4 -l4
[0.801s] [ 25%] [32mBuilding CXX object CMakeFiles/node_gnss.dir/src/node_gnss.cpp.o[0m
[0.943s] [ 50%] [32mBuilding CXX object CMakeFiles/node_position_process.dir/src/node_pose_proc.cpp.o[0m
[4.653s] [01m[K/home/curry/wilson_proj/ros2-rover-ws/src/package_position_process/src/node_pose_proc.cpp:4:10:[m[K [01;31m[Kfatal error: [m[Kservice_ifaces/msg/gnss_data.hpp: No such file or directory
[4.661s]     4 | #include [01;31m[K<service_ifaces/msg/gnss_data.hpp>[m[K
[4.662s]       |          [01;31m[K^~~~~~~~~~~~~~~~~~~~~~~~~~~~~~~~~~[m[K
[4.662s] compilation terminated.
[4.684s] gmake[2]: *** [CMakeFiles/node_position_process.dir/build.make:76: CMakeFiles/node_position_process.dir/src/node_pose_proc.cpp.o] Error 1
[4.687s] gmake[1]: *** [CMakeFiles/Makefile2:165: CMakeFiles/node_position_process.dir/all] Error 2
[4.687s] gmake[1]: *** Waiting for unfinished jobs....
[4.934s] [01m[K/home/curry/wilson_proj/ros2-rover-ws/src/package_position_process/src/node_gnss.cpp:2:10:[m[K [01;31m[Kfatal error: [m[Kmsgs_ifaces/msg/gnss_data.hpp: No such file or directory
[4.938s]     2 | #include [01;31m[K"msgs_ifaces/msg/gnss_data.hpp"[m[K  // Use your custom ROS 2 message
[4.939s]       |          [01;31m[K^~~~~~~~~~~~~~~~~~~~~~~~~~~~~~~[m[K
[4.939s] compilation terminated.
[4.959s] gmake[2]: *** [CMakeFiles/node_gnss.dir/build.make:76: CMakeFiles/node_gnss.dir/src/node_gnss.cpp.o] Error 1
[4.961s] gmake[1]: *** [CMakeFiles/Makefile2:139: CMakeFiles/node_gnss.dir/all] Error 2
[4.962s] gmake: *** [Makefile:146: all] Error 2
[4.977s] Invoked command in '/home/curry/wilson_proj/ros2-rover-ws/build/package_position_process' returned '2': CMAKE_PREFIX_PATH=${CMAKE_PREFIX_PATH}:/opt/ros/humble /usr/bin/cmake --build /home/curry/wilson_proj/ros2-rover-ws/build/package_position_process -- -j4 -l4
