[01m[K/home/curry/wilson_proj/ros2-rover-ws/src/package_rover_control/src/node_rover_control_a.cpp:[m[K In member function â€˜[01m[Kvoid Node_Rovercontrol::timer_callback()[m[Kâ€™:
[01m[K/home/curry/wilson_proj/ros2-rover-ws/src/package_rover_control/src/node_rover_control_a.cpp:83:11:[m[K [01;31m[Kerror: [m[Kâ€˜[01m[Krovercontrolmessage[m[Kâ€™ was not declared in this scope; did you mean â€˜[01m[Krovercontrol_message_[m[Kâ€™?
   83 |     ss << [01;31m[Krovercontrolmessage[m[K << "," << speedlimitmessage << "," << back_directionmessage;
      |           [01;31m[K^~~~~~~~~~~~~~~~~~~[m[K
      |           [32m[Krovercontrol_message_[m[K
[01m[K/home/curry/wilson_proj/ros2-rover-ws/src/package_rover_control/src/node_rover_control_a.cpp:83:41:[m[K [01;31m[Kerror: [m[Kâ€˜[01m[Kspeedlimitmessage[m[Kâ€™ was not declared in this scope; did you mean â€˜[01m[Kspeedlimit_message_[m[Kâ€™?
   83 |     ss << rovercontrolmessage << "," << [01;31m[Kspeedlimitmessage[m[K << "," << back_directionmessage;
      |                                         [01;31m[K^~~~~~~~~~~~~~~~~[m[K
      |                                         [32m[Kspeedlimit_message_[m[K
[01m[K/home/curry/wilson_proj/ros2-rover-ws/src/package_rover_control/src/node_rover_control_a.cpp:83:69:[m[K [01;31m[Kerror: [m[Kâ€˜[01m[Kback_directionmessage[m[Kâ€™ was not declared in this scope; did you mean â€˜[01m[Kback_direction_message_[m[Kâ€™?
   83 |     ss << rovercontrolmessage << "," << speedlimitmessage << "," << [01;31m[Kback_directionmessage[m[K;
      |                                                                     [01;31m[K^~~~~~~~~~~~~~~~~~~~~[m[K
      |                                                                     [32m[Kback_direction_message_[m[K
[01m[K/home/curry/wilson_proj/ros2-rover-ws/src/package_rover_control/src/node_rover_control_a.cpp:86:5:[m[K [01;31m[Kerror: [m[Kâ€˜[01m[Ktopic_rovercontrolpublisher[m[Kâ€™ was not declared in this scope; did you mean â€˜[01m[Ktopic_rovercontrol_publisher_[m[Kâ€™?
   86 |     [01;31m[Ktopic_rovercontrolpublisher[m[K->publish(rovercon_msg);
      |     [01;31m[K^~~~~~~~~~~~~~~~~~~~~~~~~~~[m[K
      |     [32m[Ktopic_rovercontrol_publisher_[m[K
gmake[2]: *** [CMakeFiles/node_rovercontrol.dir/build.make:76: CMakeFiles/node_rovercontrol.dir/src/node_rover_control_a.cpp.o] Error 1
gmake[1]: *** [CMakeFiles/Makefile2:193: CMakeFiles/node_rovercontrol.dir/all] Error 2
gmake: *** [Makefile:146: all] Error 2
