[0.101s] Invoking command in '/home/curry/wilson_proj/ros2-rover-ws/build/package_rover_control': CMAKE_PREFIX_PATH=/opt/ros/humble /usr/bin/cmake --build /home/curry/wilson_proj/ros2-rover-ws/build/package_rover_control -- -j4 -l4
[0.355s] [35m[1mConsolidate compiler generated dependencies of target node_rovercontrol[0m
[0.546s] [ 33%] Built target motorcontrol
[0.559s] [ 66%] Built target node_motor_control
[0.560s] [ 83%] [32mBuilding CXX object CMakeFiles/node_rovercontrol.dir/src/node_rover_control_a.cpp.o[0m
[10.758s] [01m[K/home/curry/wilson_proj/ros2-rover-ws/src/package_rover_control/src/node_rover_control_a.cpp:[m[K In member function â€˜[01m[Kvoid Node_Rovercontrol::timer_callback()[m[Kâ€™:
[10.758s] [01m[K/home/curry/wilson_proj/ros2-rover-ws/src/package_rover_control/src/node_rover_control_a.cpp:83:11:[m[K [01;31m[Kerror: [m[Kâ€˜[01m[Krovercontrolmessage[m[Kâ€™ was not declared in this scope; did you mean â€˜[01m[Krovercontrol_message_[m[Kâ€™?
[10.759s]    83 |     ss << [01;31m[Krovercontrolmessage[m[K << "," << speedlimitmessage << "," << back_directionmessage;
[10.759s]       |           [01;31m[K^~~~~~~~~~~~~~~~~~~[m[K
[10.760s]       |           [32m[Krovercontrol_message_[m[K
[10.778s] [01m[K/home/curry/wilson_proj/ros2-rover-ws/src/package_rover_control/src/node_rover_control_a.cpp:83:41:[m[K [01;31m[Kerror: [m[Kâ€˜[01m[Kspeedlimitmessage[m[Kâ€™ was not declared in this scope; did you mean â€˜[01m[Kspeedlimit_message_[m[Kâ€™?
[10.778s]    83 |     ss << rovercontrolmessage << "," << [01;31m[Kspeedlimitmessage[m[K << "," << back_directionmessage;
[10.779s]       |                                         [01;31m[K^~~~~~~~~~~~~~~~~[m[K
[10.779s]       |                                         [32m[Kspeedlimit_message_[m[K
[10.799s] [01m[K/home/curry/wilson_proj/ros2-rover-ws/src/package_rover_control/src/node_rover_control_a.cpp:83:69:[m[K [01;31m[Kerror: [m[Kâ€˜[01m[Kback_directionmessage[m[Kâ€™ was not declared in this scope; did you mean â€˜[01m[Kback_direction_message_[m[Kâ€™?
[10.800s]    83 |     ss << rovercontrolmessage << "," << speedlimitmessage << "," << [01;31m[Kback_directionmessage[m[K;
[10.800s]       |                                                                     [01;31m[K^~~~~~~~~~~~~~~~~~~~~[m[K
[10.800s]       |                                                                     [32m[Kback_direction_message_[m[K
[10.822s] [01m[K/home/curry/wilson_proj/ros2-rover-ws/src/package_rover_control/src/node_rover_control_a.cpp:86:5:[m[K [01;31m[Kerror: [m[Kâ€˜[01m[Ktopic_rovercontrolpublisher[m[Kâ€™ was not declared in this scope; did you mean â€˜[01m[Ktopic_rovercontrol_publisher_[m[Kâ€™?
[10.822s]    86 |     [01;31m[Ktopic_rovercontrolpublisher[m[K->publish(rovercon_msg);
[10.822s]       |     [01;31m[K^~~~~~~~~~~~~~~~~~~~~~~~~~~[m[K
[10.823s]       |     [32m[Ktopic_rovercontrol_publisher_[m[K
[22.154s] gmake[2]: *** [CMakeFiles/node_rovercontrol.dir/build.make:76: CMakeFiles/node_rovercontrol.dir/src/node_rover_control_a.cpp.o] Error 1
[22.154s] gmake[1]: *** [CMakeFiles/Makefile2:193: CMakeFiles/node_rovercontrol.dir/all] Error 2
[22.156s] gmake: *** [Makefile:146: all] Error 2
[22.162s] Invoked command in '/home/curry/wilson_proj/ros2-rover-ws/build/package_rover_control' returned '2': CMAKE_PREFIX_PATH=/opt/ros/humble /usr/bin/cmake --build /home/curry/wilson_proj/ros2-rover-ws/build/package_rover_control -- -j4 -l4
