[0.048s] Invoking command in '/home/curry/wilson_proj/ros2-rover-ws/build/test_package': CMAKE_PREFIX_PATH=${CMAKE_PREFIX_PATH}:/opt/ros/iron /usr/bin/cmake --build /home/curry/wilson_proj/ros2-rover-ws/build/test_package -- -j4 -l4
[0.287s] [  2%] Built target test_package__rosidl_generator_type_description
[0.330s] [  7%] Built target action_server_node
[0.333s] [ 12%] Built target Tserver_node
[0.343s] [ 12%] Built target ament_cmake_python_copy_test_package
[0.381s] [ 15%] Built target test_package__cpp
[0.432s] [ 27%] Built target test_package__rosidl_generator_c
[0.541s] [ 35%] Built target test_package__rosidl_typesupport_cpp
[0.544s] [ 42%] Built target test_package__rosidl_typesupport_introspection_c
[0.550s] [ 50%] Built target test_package__rosidl_typesupport_fastrtps_c
[0.648s] [ 57%] Built target test_package__rosidl_typesupport_c
[0.662s] [ 65%] Built target test_package__rosidl_typesupport_fastrtps_cpp
[0.669s] [ 72%] Built target test_package__rosidl_typesupport_introspection_cpp
[0.762s] [ 72%] Built target test_package
[0.801s] [ 75%] [32mBuilding CXX object CMakeFiles/action_server.dir/src/Action_server_node.cpp.o[0m
[0.858s] [ 77%] Built target test_package__py
[0.956s] [ 82%] Built target test_package__rosidl_generator_py
[1.061s] [ 87%] Built target test_package__rosidl_typesupport_fastrtps_c__pyext
[1.069s] [ 92%] Built target test_package__rosidl_typesupport_introspection_c__pyext
[1.161s] [ 97%] Built target test_package__rosidl_typesupport_c__pyext
[1.740s] running egg_info
[1.744s] writing test_package.egg-info/PKG-INFO
[1.745s] writing dependency_links to test_package.egg-info/dependency_links.txt
[1.746s] writing top-level names to test_package.egg-info/top_level.txt
[1.756s] reading manifest file 'test_package.egg-info/SOURCES.txt'
[1.759s] writing manifest file 'test_package.egg-info/SOURCES.txt'
[1.887s] [ 97%] Built target ament_cmake_python_build_test_package_egg
[12.374s] [01m[K/home/curry/wilson_proj/ros2-rover-ws/src/test_package/src/Action_server_node.cpp:21:12:[m[K [01;31m[Kerror: [m[KISO C++ forbids declaration of â€˜[01m[KActionServerNode[m[Kâ€™ with no type [[01;31m[K]8;;https://gcc.gnu.org/onlinedocs/gcc/Warning-Options.html#index-fpermissive-fpermissive]8;;[m[K]
[12.375s]    21 |   explicit [01;31m[KActionServerNode[m[K(const rclcpp::NodeOptions & options = rclcpp::NodeOptions())
[12.376s]       |            [01;31m[K^~~~~~~~~~~~~~~~[m[K
[12.377s] [01m[K/home/curry/wilson_proj/ros2-rover-ws/src/test_package/src/Action_server_node.cpp:21:3:[m[K [01;31m[Kerror: [m[Konly declarations of constructors and conversion operators can be â€˜[01m[Kexplicit[m[Kâ€™
[12.378s]    21 |   [01;31m[Kexplicit[m[K ActionServerNode(const rclcpp::NodeOptions & options = rclcpp::NodeOptions())
[12.379s]       |   [01;31m[K^~~~~~~~[m[K
[12.448s] [01m[K/home/curry/wilson_proj/ros2-rover-ws/src/test_package/src/Action_server_node.cpp:[m[K In member function â€˜[01m[Kint action_tutorials_cpp::FibonacciActionServer::ActionServerNode(const rclcpp::NodeOptions&)[m[Kâ€™:
[12.449s] [01m[K/home/curry/wilson_proj/ros2-rover-ws/src/test_package/src/Action_server_node.cpp:22:5:[m[K [01;31m[Kerror: [m[Konly constructors take member initializers
[12.449s]    22 |   : [01;31m[KNode[m[K("action_server_node", options)
[12.449s]       |     [01;31m[K^~~~[m[K
[12.551s] [01m[K/home/curry/wilson_proj/ros2-rover-ws/src/test_package/src/Action_server_node.cpp:32:3:[m[K [01;35m[Kwarning: [m[Kno return statement in function returning non-void [[01;35m[K]8;;https://gcc.gnu.org/onlinedocs/gcc/Warning-Options.html#index-Wreturn-type-Wreturn-type]8;;[m[K]
[12.551s]    32 |   [01;35m[K}[m[K
[12.551s]       |   [01;35m[K^[m[K
[16.405s] In file included from [01m[K/usr/include/aarch64-linux-gnu/c++/11/bits/c++allocator.h:33[m[K,
[16.405s]                  from [01m[K/usr/include/c++/11/bits/allocator.h:46[m[K,
[16.406s]                  from [01m[K/usr/include/c++/11/unordered_map:40[m[K,
[16.406s]                  from [01m[K/usr/include/c++/11/functional:61[m[K,
[16.406s]                  from [01m[K/home/curry/wilson_proj/ros2-rover-ws/src/test_package/src/Action_server_node.cpp:1[m[K:
[16.407s] /usr/include/c++/11/ext/new_allocator.h: In instantiation of â€˜[01m[Kvoid __gnu_cxx::new_allocator<_Tp>::construct(_Up*, _Args&& ...) [with _Up = action_tutorials_cpp::FibonacciActionServer; _Args = {const rclcpp::NodeOptions&}; _Tp = action_tutorials_cpp::FibonacciActionServer][m[Kâ€™:
[16.409s] [01m[K/usr/include/c++/11/bits/alloc_traits.h:516:17:[m[K   required from â€˜[01m[Kstatic void std::allocator_traits<std::allocator<_Tp1> >::construct(std::allocator_traits<std::allocator<_Tp1> >::allocator_type&, _Up*, _Args&& ...) [with _Up = action_tutorials_cpp::FibonacciActionServer; _Args = {const rclcpp::NodeOptions&}; _Tp = action_tutorials_cpp::FibonacciActionServer; std::allocator_traits<std::allocator<_Tp1> >::allocator_type = std::allocator<action_tutorials_cpp::FibonacciActionServer>][m[Kâ€™
[16.410s] [01m[K/usr/include/c++/11/bits/shared_ptr_base.h:519:39:[m[K   required from â€˜[01m[Kstd::_Sp_counted_ptr_inplace<_Tp, _Alloc, _Lp>::_Sp_counted_ptr_inplace(_Alloc, _Args&& ...) [with _Args = {const rclcpp::NodeOptions&}; _Tp = action_tutorials_cpp::FibonacciActionServer; _Alloc = std::allocator<action_tutorials_cpp::FibonacciActionServer>; __gnu_cxx::_Lock_policy _Lp = __gnu_cxx::_S_atomic][m[Kâ€™
[16.410s] [01m[K/usr/include/c++/11/bits/shared_ptr_base.h:650:16:[m[K   required from â€˜[01m[Kstd::__shared_count<_Lp>::__shared_count(_Tp*&, std::_Sp_alloc_shared_tag<_Alloc>, _Args&& ...) [with _Tp = action_tutorials_cpp::FibonacciActionServer; _Alloc = std::allocator<action_tutorials_cpp::FibonacciActionServer>; _Args = {const rclcpp::NodeOptions&}; __gnu_cxx::_Lock_policy _Lp = __gnu_cxx::_S_atomic][m[Kâ€™
[16.411s] [01m[K/usr/include/c++/11/bits/shared_ptr_base.h:1342:14:[m[K   required from â€˜[01m[Kstd::__shared_ptr<_Tp, _Lp>::__shared_ptr(std::_Sp_alloc_shared_tag<_Tp>, _Args&& ...) [with _Alloc = std::allocator<action_tutorials_cpp::FibonacciActionServer>; _Args = {const rclcpp::NodeOptions&}; _Tp = action_tutorials_cpp::FibonacciActionServer; __gnu_cxx::_Lock_policy _Lp = __gnu_cxx::_S_atomic][m[Kâ€™
[16.412s] [01m[K/usr/include/c++/11/bits/shared_ptr.h:409:59:[m[K   required from â€˜[01m[Kstd::shared_ptr<_Tp>::shared_ptr(std::_Sp_alloc_shared_tag<_Tp>, _Args&& ...) [with _Alloc = std::allocator<action_tutorials_cpp::FibonacciActionServer>; _Args = {const rclcpp::NodeOptions&}; _Tp = action_tutorials_cpp::FibonacciActionServer][m[Kâ€™
[16.413s] [01m[K/usr/include/c++/11/bits/shared_ptr.h:862:14:[m[K   required from â€˜[01m[Kstd::shared_ptr<_Tp> std::allocate_shared(const _Alloc&, _Args&& ...) [with _Tp = action_tutorials_cpp::FibonacciActionServer; _Alloc = std::allocator<action_tutorials_cpp::FibonacciActionServer>; _Args = {const rclcpp::NodeOptions&}][m[Kâ€™
[16.414s] [01m[K/usr/include/c++/11/bits/shared_ptr.h:878:39:[m[K   required from â€˜[01m[Kstd::shared_ptr<_Tp> std::make_shared(_Args&& ...) [with _Tp = action_tutorials_cpp::FibonacciActionServer; _Args = {const rclcpp::NodeOptions&}][m[Kâ€™
[16.414s] [01m[K/opt/ros/iron/include/rclcpp_components/rclcpp_components/node_factory_template.hpp:45:40:[m[K   required from â€˜[01m[Krclcpp_components::NodeInstanceWrapper rclcpp_components::NodeFactoryTemplate<NodeT>::create_node_instance(const rclcpp::NodeOptions&) [with NodeT = action_tutorials_cpp::FibonacciActionServer][m[Kâ€™
[16.414s] [01m[K/opt/ros/iron/include/rclcpp_components/rclcpp_components/node_factory_template.hpp:43:3:[m[K   required from here
[16.415s] [01m[K/usr/include/c++/11/ext/new_allocator.h:162:11:[m[K [01;31m[Kerror: [m[Kno matching function for call to â€˜[01m[Kaction_tutorials_cpp::FibonacciActionServer::FibonacciActionServer(const rclcpp::NodeOptions&)[m[Kâ€™
[16.415s]   162 |         { [01;31m[K::new((void *)__p) _Up(std::forward<_Args>(__args)...)[m[K; }
[16.416s]       |           [01;31m[K^~~~~~~~~~~~~~~~~~~~~~~~~~~~~~~~~~~~~~~~~~~~~~~~~~~~~~[m[K
[16.416s] [01m[K/home/curry/wilson_proj/ros2-rover-ws/src/test_package/src/Action_server_node.cpp:14:7:[m[K [01;36m[Knote: [m[Kcandidate: â€˜[01m[Kaction_tutorials_cpp::FibonacciActionServer::FibonacciActionServer()[m[Kâ€™ (deleted)
[16.416s]    14 | class [01;36m[KFibonacciActionServer[m[K : public rclcpp::Node
[16.417s]       |       [01;36m[K^~~~~~~~~~~~~~~~~~~~~[m[K
[16.417s] [01m[K/home/curry/wilson_proj/ros2-rover-ws/src/test_package/src/Action_server_node.cpp:14:7:[m[K [01;36m[Knote: [m[K  candidate expects 0 arguments, 1 provided
[16.418s] [01m[K/home/curry/wilson_proj/ros2-rover-ws/src/test_package/src/Action_server_node.cpp:14:7:[m[K [01;36m[Knote: [m[Kcandidate: â€˜[01m[Kaction_tutorials_cpp::FibonacciActionServer::FibonacciActionServer(const action_tutorials_cpp::FibonacciActionServer&)[m[Kâ€™ (deleted)
[16.418s] [01m[K/home/curry/wilson_proj/ros2-rover-ws/src/test_package/src/Action_server_node.cpp:14:7:[m[K [01;36m[Knote: [m[K  no known conversion for argument 1 from â€˜[01m[Kconst rclcpp::NodeOptions[m[Kâ€™ to â€˜[01m[Kconst action_tutorials_cpp::FibonacciActionServer&[m[Kâ€™
[16.418s] [01m[K/home/curry/wilson_proj/ros2-rover-ws/src/test_package/src/Action_server_node.cpp:14:7:[m[K [01;36m[Knote: [m[Kcandidate: â€˜[01m[Kaction_tutorials_cpp::FibonacciActionServer::FibonacciActionServer(action_tutorials_cpp::FibonacciActionServer&&)[m[Kâ€™ (deleted)
[16.419s] [01m[K/home/curry/wilson_proj/ros2-rover-ws/src/test_package/src/Action_server_node.cpp:14:7:[m[K [01;36m[Knote: [m[K  no known conversion for argument 1 from â€˜[01m[Kconst rclcpp::NodeOptions[m[Kâ€™ to â€˜[01m[Kaction_tutorials_cpp::FibonacciActionServer&&[m[Kâ€™
[16.739s] gmake[2]: *** [CMakeFiles/action_server.dir/build.make:76: CMakeFiles/action_server.dir/src/Action_server_node.cpp.o] Error 1
[16.740s] gmake[1]: *** [CMakeFiles/Makefile2:630: CMakeFiles/action_server.dir/all] Error 2
[16.741s] gmake: *** [Makefile:146: all] Error 2
[16.747s] Invoked command in '/home/curry/wilson_proj/ros2-rover-ws/build/test_package' returned '2': CMAKE_PREFIX_PATH=${CMAKE_PREFIX_PATH}:/opt/ros/iron /usr/bin/cmake --build /home/curry/wilson_proj/ros2-rover-ws/build/test_package -- -j4 -l4
