[35m[1mConsolidate compiler generated dependencies of target node_gnss[0m
[ 50%] [32mBuilding CXX object CMakeFiles/node_gnss.dir/src/node_gnss.cpp.o[0m
[01m[K/home/curry/wilson_proj/ros2-rover-ws/src/package_position_process/src/node_gnss.cpp:[m[K In constructor â€˜[01m[KGNSSPublisher::GNSSPublisher()[m[Kâ€™:
[01m[K/home/curry/wilson_proj/ros2-rover-ws/src/package_position_process/src/node_gnss.cpp:17:24:[m[K [01;31m[Kerror: [m[Kâ€˜[01m[KopenSerialPort[m[Kâ€™ was not declared in this scope
   17 |         serial_port_ = [01;31m[KopenSerialPort[m[K("/dev/ttyUSB0");
      |                        [01;31m[K^~~~~~~~~~~~~~[m[K
gmake[2]: *** [CMakeFiles/node_gnss.dir/build.make:76: CMakeFiles/node_gnss.dir/src/node_gnss.cpp.o] Error 1
gmake[1]: *** [CMakeFiles/Makefile2:137: CMakeFiles/node_gnss.dir/all] Error 2
gmake: *** [Makefile:146: all] Error 2
