[0.065s] Invoking command in '/home/curry/wilson_proj/ros2-rover-ws/build/package_position_process': CMAKE_PREFIX_PATH=${CMAKE_PREFIX_PATH}:/opt/ros/humble /usr/bin/cmake --build /home/curry/wilson_proj/ros2-rover-ws/build/package_position_process -- -j4 -l4
[0.285s] [35m[1mConsolidate compiler generated dependencies of target node_gnss[0m
[0.387s] [ 50%] [32mBuilding CXX object CMakeFiles/node_gnss.dir/src/node_gnss.cpp.o[0m
[10.252s] [01m[K/home/curry/wilson_proj/ros2-rover-ws/src/package_position_process/src/node_gnss.cpp:[m[K In constructor â€˜[01m[KGNSSPublisher::GNSSPublisher()[m[Kâ€™:
[10.252s] [01m[K/home/curry/wilson_proj/ros2-rover-ws/src/package_position_process/src/node_gnss.cpp:17:24:[m[K [01;31m[Kerror: [m[Kâ€˜[01m[KopenSerialPort[m[Kâ€™ was not declared in this scope
[10.253s]    17 |         serial_port_ = [01;31m[KopenSerialPort[m[K("/dev/ttyUSB0");
[10.253s]       |                        [01;31m[K^~~~~~~~~~~~~~[m[K
[13.175s] gmake[2]: *** [CMakeFiles/node_gnss.dir/build.make:76: CMakeFiles/node_gnss.dir/src/node_gnss.cpp.o] Error 1
[13.176s] gmake[1]: *** [CMakeFiles/Makefile2:137: CMakeFiles/node_gnss.dir/all] Error 2
[13.177s] gmake: *** [Makefile:146: all] Error 2
[13.184s] Invoked command in '/home/curry/wilson_proj/ros2-rover-ws/build/package_position_process' returned '2': CMAKE_PREFIX_PATH=${CMAKE_PREFIX_PATH}:/opt/ros/humble /usr/bin/cmake --build /home/curry/wilson_proj/ros2-rover-ws/build/package_position_process -- -j4 -l4
