[0.067s] Invoking command in '/home/curry/wilson_proj/ros2-rover-ws/build/package_navigate_route': CMAKE_PREFIX_PATH=${CMAKE_PREFIX_PATH}:/opt/ros/humble /usr/bin/cmake --build /home/curry/wilson_proj/ros2-rover-ws/build/package_navigate_route -- -j4 -l4
[0.234s] -- Found ament_cmake: 1.3.11 (/opt/ros/humble/share/ament_cmake/cmake)
[1.265s] -- Found rclcpp: 16.0.11 (/opt/ros/humble/share/rclcpp/cmake)
[1.567s] -- Found rosidl_generator_c: 3.1.6 (/opt/ros/humble/share/rosidl_generator_c/cmake)
[1.588s] -- Found rosidl_adapter: 3.1.6 (/opt/ros/humble/share/rosidl_adapter/cmake)
[1.634s] -- Found rosidl_generator_cpp: 3.1.6 (/opt/ros/humble/share/rosidl_generator_cpp/cmake)
[1.696s] -- Using all available rosidl_typesupport_c: rosidl_typesupport_fastrtps_c;rosidl_typesupport_introspection_c
[1.779s] -- Using all available rosidl_typesupport_cpp: rosidl_typesupport_fastrtps_cpp;rosidl_typesupport_introspection_cpp
[2.078s] -- Found rmw_implementation_cmake: 6.1.2 (/opt/ros/humble/share/rmw_implementation_cmake/cmake)
[2.087s] -- Found rmw_fastrtps_cpp: 6.2.7 (/opt/ros/humble/share/rmw_fastrtps_cpp/cmake)
[3.226s] -- Using RMW implementation 'rmw_fastrtps_cpp' as default
[3.604s] -- Found ament_lint_auto: 0.12.11 (/opt/ros/humble/share/ament_lint_auto/cmake)
[4.110s] -- Added test 'cppcheck' to perform static code analysis on C / C++ code
[4.111s] -- Configured cppcheck include dirs: $<BUILD_INTERFACE:/home/curry/wilson_proj/ros2-rover-ws/src/package_navigate_route/include>
[4.112s] -- Configured cppcheck exclude dirs and/or files: 
[4.115s] -- Added test 'lint_cmake' to check CMake code style
[4.123s] -- Added test 'uncrustify' to check C / C++ code style
[4.124s] -- Configured uncrustify additional arguments: 
[4.125s] -- Added test 'xmllint' to check XML markup files
[4.133s] -- Configuring done
[4.213s] -- Generating done
[4.224s] -- Build files have been written to: /home/curry/wilson_proj/ros2-rover-ws/build/package_navigate_route
[4.409s] [ 50%] [32mBuilding CXX object CMakeFiles/node_destination.dir/src/node_destination.cpp.o[0m
[6.007s] [01m[K/home/curry/wilson_proj/ros2-rover-ws/src/package_navigate_route/src/node_destination.cpp:8:10:[m[K [01;31m[Kfatal error: [m[Kjson/json.h: No such file or directory
[6.007s]     8 | #include [01;31m[K<json/json.h>[m[K  // Install with: sudo apt install libjsoncpp-dev
[6.008s]       |          [01;31m[K^~~~~~~~~~~~~[m[K
[6.008s] compilation terminated.
[6.022s] gmake[2]: *** [CMakeFiles/node_destination.dir/build.make:76: CMakeFiles/node_destination.dir/src/node_destination.cpp.o] Error 1
[6.023s] gmake[1]: *** [CMakeFiles/Makefile2:137: CMakeFiles/node_destination.dir/all] Error 2
[6.024s] gmake: *** [Makefile:146: all] Error 2
[6.032s] Invoked command in '/home/curry/wilson_proj/ros2-rover-ws/build/package_navigate_route' returned '2': CMAKE_PREFIX_PATH=${CMAKE_PREFIX_PATH}:/opt/ros/humble /usr/bin/cmake --build /home/curry/wilson_proj/ros2-rover-ws/build/package_navigate_route -- -j4 -l4
