[0.108s] Invoking command in '/home/curry/wilson_proj/ros2-rover-ws/build/package_rover_control': CMAKE_PREFIX_PATH=${CMAKE_PREFIX_PATH}:/opt/ros/humble /usr/bin/cmake --build /home/curry/wilson_proj/ros2-rover-ws/build/package_rover_control -- -j4 -l4
[0.392s] [35m[1mConsolidate compiler generated dependencies of target node_rovercontrol[0m
[0.535s] [ 33%] Built target motorcontrol
[0.569s] [ 66%] Built target node_motor_control
[0.633s] [ 83%] [32mBuilding CXX object CMakeFiles/node_rovercontrol.dir/src/node_rover_control_a.cpp.o[0m
[10.383s] [01m[K/home/curry/wilson_proj/ros2-rover-ws/src/package_rover_control/src/node_rover_control_a.cpp:119:2:[m[K [01;31m[Kerror: [m[Kexpected â€˜[01m[K}[m[Kâ€™ at end of input
[10.383s]   119 | }
[10.384s]       |  [01;31m[K^[m[K
[10.384s] [01m[K/home/curry/wilson_proj/ros2-rover-ws/src/package_rover_control/src/node_rover_control_a.cpp:15:47:[m[K [01;36m[Knote: [m[Kto match this â€˜[01m[K{[m[Kâ€™
[10.385s]    15 | class Node_Rovercontrol : public rclcpp::Node [01;36m[K{[m[K
[10.385s]       |                                               [01;36m[K^[m[K
[10.446s] [01m[K/home/curry/wilson_proj/ros2-rover-ws/src/package_rover_control/src/node_rover_control_a.cpp:[m[K In constructor â€˜[01m[KNode_Rovercontrol::Node_Rovercontrol()[m[Kâ€™:
[10.446s] [01m[K/home/curry/wilson_proj/ros2-rover-ws/src/package_rover_control/src/node_rover_control_a.cpp:18:9:[m[K [01;31m[Kerror: [m[Kâ€˜[01m[Ktopic_spd_sub_[m[Kâ€™ was not declared in this scope
[10.447s]    18 |         [01;31m[Ktopic_spd_sub_[m[K = this->create_subscription<std_msgs::msg::UInt8>(
[10.447s]       |         [01;31m[K^~~~~~~~~~~~~~[m[K
[10.653s] [01m[K/home/curry/wilson_proj/ros2-rover-ws/src/package_rover_control/src/node_rover_control_a.cpp:23:9:[m[K [01;31m[Kerror: [m[Kâ€˜[01m[Ktopic_des_sub_[m[Kâ€™ was not declared in this scope
[10.654s]    23 |         [01;31m[Ktopic_des_sub_[m[K = this->create_subscription<std_msgs::msg::Float32MultiArray>(
[10.654s]       |         [01;31m[K^~~~~~~~~~~~~~[m[K
[10.845s] [01m[K/home/curry/wilson_proj/ros2-rover-ws/src/package_rover_control/src/node_rover_control_a.cpp:28:9:[m[K [01;31m[Kerror: [m[Kâ€˜[01m[Ktopic_direct_sub_[m[Kâ€™ was not declared in this scope; did you mean â€˜[01m[Ktopic_direct_callback[m[Kâ€™?
[10.845s]    28 |         [01;31m[Ktopic_direct_sub_[m[K = this->create_subscription<std_msgs::msg::Float32MultiArray>(
[10.846s]       |         [01;31m[K^~~~~~~~~~~~~~~~~[m[K
[10.847s]       |         [32m[Ktopic_direct_callback[m[K
[10.878s] [01m[K/home/curry/wilson_proj/ros2-rover-ws/src/package_rover_control/src/node_rover_control_a.cpp:33:9:[m[K [01;31m[Kerror: [m[Kâ€˜[01m[Ktopic_ro_con_pub_[m[Kâ€™ was not declared in this scope
[10.879s]    33 |         [01;31m[Ktopic_ro_con_pub_[m[K = this->create_publisher<std_msgs::msg::Float32MultiArray>("pub_rovercontrol", 10);
[10.879s]       |         [01;31m[K^~~~~~~~~~~~~~~~~[m[K
[10.909s] [01m[K/home/curry/wilson_proj/ros2-rover-ws/src/package_rover_control/src/node_rover_control_a.cpp:35:9:[m[K [01;31m[Kerror: [m[Kâ€˜[01m[Ktimer_[m[Kâ€™ was not declared in this scope; did you mean â€˜[01m[Ktimer_t[m[Kâ€™?
[10.910s]    35 |         [01;31m[Ktimer_[m[K = this->create_wall_timer(
[10.910s]       |         [01;31m[K^~~~~~[m[K
[10.911s]       |         [32m[Ktimer_t[m[K
[10.911s] [01m[K/home/curry/wilson_proj/ros2-rover-ws/src/package_rover_control/src/node_rover_control_a.cpp:37:43:[m[K [01;31m[Kerror: [m[Kâ€˜[01m[Ktimer_callback[m[Kâ€™ is not a member of â€˜[01m[KNode_Rovercontrol[m[Kâ€™
[10.911s]    37 |             std::bind(&Node_Rovercontrol::[01;31m[Ktimer_callback[m[K, this)
[10.912s]       |                                           [01;31m[K^~~~~~~~~~~~~~[m[K
[10.944s] [01m[K/home/curry/wilson_proj/ros2-rover-ws/src/package_rover_control/src/node_rover_control_a.cpp:[m[K In member function â€˜[01m[Kvoid Node_Rovercontrol::topic_direct_callback(std_msgs::msg::Float32MultiArray_<std::allocator<void> >::SharedPtr)[m[Kâ€™:
[10.945s] [01m[K/home/curry/wilson_proj/ros2-rover-ws/src/package_rover_control/src/node_rover_control_a.cpp:46:42:[m[K [01;31m[Kerror: [m[Kâ€˜[01m[Kdata_lock_[m[Kâ€™ was not declared in this scope
[10.945s]    46 |         std::lock_guard<std::mutex> lock([01;31m[Kdata_lock_[m[K);
[10.945s]       |                                          [01;31m[K^~~~~~~~~~[m[K
[10.971s] [01m[K/home/curry/wilson_proj/ros2-rover-ws/src/package_rover_control/src/node_rover_control_a.cpp:47:29:[m[K [01;31m[Kerror: [m[Kâ€˜[01m[Kro_ctrl_msg1_[m[Kâ€™ was not declared in this scope
[10.972s]    47 |         if (msg->data[0] != [01;31m[Kro_ctrl_msg1_[m[K || msg->data[1] != ro_ctrl_msg2_) {
[10.972s]       |                             [01;31m[K^~~~~~~~~~~~~[m[K
[10.998s] [01m[K/home/curry/wilson_proj/ros2-rover-ws/src/package_rover_control/src/node_rover_control_a.cpp:47:62:[m[K [01;31m[Kerror: [m[Kâ€˜[01m[Kro_ctrl_msg2_[m[Kâ€™ was not declared in this scope
[10.999s]    47 |         if (msg->data[0] != ro_ctrl_msg1_ || msg->data[1] != [01;31m[Kro_ctrl_msg2_[m[K) {
[10.999s]       |                                                              [01;31m[K^~~~~~~~~~~~~[m[K
[11.034s] [01m[K/home/curry/wilson_proj/ros2-rover-ws/src/package_rover_control/src/node_rover_control_a.cpp:[m[K In member function â€˜[01m[Kvoid Node_Rovercontrol::topic_spd_callback(std_msgs::msg::UInt8_<std::allocator<void> >::SharedPtr)[m[Kâ€™:
[11.034s] [01m[K/home/curry/wilson_proj/ros2-rover-ws/src/package_rover_control/src/node_rover_control_a.cpp:58:42:[m[K [01;31m[Kerror: [m[Kâ€˜[01m[Kdata_lock_[m[Kâ€™ was not declared in this scope
[11.035s]    58 |         std::lock_guard<std::mutex> lock([01;31m[Kdata_lock_[m[K);
[11.035s]       |                                          [01;31m[K^~~~~~~~~~[m[K
[11.053s] [01m[K/home/curry/wilson_proj/ros2-rover-ws/src/package_rover_control/src/node_rover_control_a.cpp:59:13:[m[K [01;31m[Kerror: [m[Kâ€˜[01m[Kspd_msg_[m[Kâ€™ was not declared in this scope; did you mean â€˜[01m[Kstd_msgs[m[Kâ€™?
[11.054s]    59 |         if ([01;31m[Kspd_msg_[m[K != msg->data){
[11.054s]       |             [01;31m[K^~~~~~~~[m[K
[11.055s]       |             [32m[Kstd_msgs[m[K
[11.078s] [01m[K/home/curry/wilson_proj/ros2-rover-ws/src/package_rover_control/src/node_rover_control_a.cpp:[m[K In member function â€˜[01m[Kvoid Node_Rovercontrol::topic_des_callback(std_msgs::msg::Float32MultiArray_<std::allocator<void> >::SharedPtr)[m[Kâ€™:
[11.079s] [01m[K/home/curry/wilson_proj/ros2-rover-ws/src/package_rover_control/src/node_rover_control_a.cpp:67:46:[m[K [01;31m[Kerror: [m[Kâ€˜[01m[Kdata_lock_[m[Kâ€™ was not declared in this scope
[11.079s]    67 |             std::lock_guard<std::mutex> lock([01;31m[Kdata_lock_[m[K);
[11.080s]       |                                              [01;31m[K^~~~~~~~~~[m[K
[11.107s] [01m[K/home/curry/wilson_proj/ros2-rover-ws/src/package_rover_control/src/node_rover_control_a.cpp:68:17:[m[K [01;31m[Kerror: [m[Kâ€˜[01m[Kdestination_a_[m[Kâ€™ was not declared in this scope
[11.107s]    68 |             if ([01;31m[Kdestination_a_[m[K != msg->data[0] || destination_b_ != msg->data[1] || destination_c_ != msg->data[2]){
[11.107s]       |                 [01;31m[K^~~~~~~~~~~~~~[m[K
[11.135s] [01m[K/home/curry/wilson_proj/ros2-rover-ws/src/package_rover_control/src/node_rover_control_a.cpp:68:51:[m[K [01;31m[Kerror: [m[Kâ€˜[01m[Kdestination_b_[m[Kâ€™ was not declared in this scope
[11.135s]    68 |             if (destination_a_ != msg->data[0] || [01;31m[Kdestination_b_[m[K != msg->data[1] || destination_c_ != msg->data[2]){
[11.136s]       |                                                   [01;31m[K^~~~~~~~~~~~~~[m[K
[11.163s] [01m[K/home/curry/wilson_proj/ros2-rover-ws/src/package_rover_control/src/node_rover_control_a.cpp:68:85:[m[K [01;31m[Kerror: [m[Kâ€˜[01m[Kdestination_c_[m[Kâ€™ was not declared in this scope
[11.163s]    68 |             if (destination_a_ != msg->data[0] || destination_b_ != msg->data[1] || [01;31m[Kdestination_c_[m[K != msg->data[2]){
[11.164s]       |                                                                                     [01;31m[K^~~~~~~~~~~~~~[m[K
[11.166s] [01m[K/home/curry/wilson_proj/ros2-rover-ws/src/package_rover_control/src/node_rover_control_a.cpp:75:11:[m[K [01;31m[Kerror: [m[Kexpected â€˜[01m[K}[m[Kâ€™ before â€˜[01m[Kelse[m[Kâ€™
[11.166s]    75 |         } [01;31m[Kelse[m[K {
[11.166s]       |           [01;31m[K^~~~[m[K
[11.167s] [01m[K/home/curry/wilson_proj/ros2-rover-ws/src/package_rover_control/src/node_rover_control_a.cpp:66:34:[m[K [01;36m[Knote: [m[Kto match this â€˜[01m[K{[m[Kâ€™
[11.167s]    66 |         if (msg->data.size()>=3) [01;36m[K{[m[K
[11.167s]       |                                  [01;36m[K^[m[K
[11.180s] [01m[K/home/curry/wilson_proj/ros2-rover-ws/src/package_rover_control/src/node_rover_control_a.cpp:[m[K At global scope:
[11.181s] [01m[K/home/curry/wilson_proj/ros2-rover-ws/src/package_rover_control/src/node_rover_control_a.cpp:119:2:[m[K [01;31m[Kerror: [m[Kexpected unqualified-id at end of input
[11.181s]   119 | }
[11.182s]       |  [01;31m[K^[m[K
[21.524s] gmake[2]: *** [CMakeFiles/node_rovercontrol.dir/build.make:76: CMakeFiles/node_rovercontrol.dir/src/node_rover_control_a.cpp.o] Error 1
[21.525s] gmake[1]: *** [CMakeFiles/Makefile2:193: CMakeFiles/node_rovercontrol.dir/all] Error 2
[21.526s] gmake: *** [Makefile:146: all] Error 2
[21.533s] Invoked command in '/home/curry/wilson_proj/ros2-rover-ws/build/package_rover_control' returned '2': CMAKE_PREFIX_PATH=${CMAKE_PREFIX_PATH}:/opt/ros/humble /usr/bin/cmake --build /home/curry/wilson_proj/ros2-rover-ws/build/package_rover_control -- -j4 -l4
