[0.052s] Invoking command in '/home/curry/wilson_proj/ros2-rover-ws/build/rovercon_msgs': CMAKE_PREFIX_PATH=${CMAKE_PREFIX_PATH}:/opt/ros/humble /usr/bin/cmake --build /home/curry/wilson_proj/ros2-rover-ws/build/rovercon_msgs -- -j4 -l4
[0.169s] -- Found ament_cmake: 1.3.11 (/opt/ros/humble/share/ament_cmake/cmake)
[0.752s] -- Found geometry_msgs: 4.2.4 (/opt/ros/humble/share/geometry_msgs/cmake)
[0.909s] -- Found rosidl_generator_c: 3.1.6 (/opt/ros/humble/share/rosidl_generator_c/cmake)
[0.919s] -- Found rosidl_adapter: 3.1.6 (/opt/ros/humble/share/rosidl_adapter/cmake)
[0.942s] -- Found rosidl_generator_cpp: 3.1.6 (/opt/ros/humble/share/rosidl_generator_cpp/cmake)
[0.980s] -- Using all available rosidl_typesupport_c: rosidl_typesupport_fastrtps_c;rosidl_typesupport_introspection_c
[1.029s] -- Using all available rosidl_typesupport_cpp: rosidl_typesupport_fastrtps_cpp;rosidl_typesupport_introspection_cpp
[1.167s] -- Found rosidl_default_generators: 1.2.0 (/opt/ros/humble/share/rosidl_default_generators/cmake)
[1.961s] [31mCMake Error at /opt/ros/humble/share/rosidl_adapter/cmake/rosidl_adapt_interfaces.cmake:59 (message):
[1.962s]   execute_process(/usr/bin/python3 -m rosidl_adapter --package-name
[1.962s]   rovercon_msgs --arguments-file
[1.963s]   /home/curry/wilson_proj/ros2-rover-ws/build/rovercon_msgs/rosidl_adapter__arguments__rovercon_msgs.json
[1.963s]   --output-dir
[1.963s]   /home/curry/wilson_proj/ros2-rover-ws/build/rovercon_msgs/rosidl_adapter/rovercon_msgs
[1.964s]   --output-file
[1.964s]   /home/curry/wilson_proj/ros2-rover-ws/build/rovercon_msgs/rosidl_adapter/rovercon_msgs.idls)
[1.964s]   returned error code 1:
[1.964s] 
[1.965s]   Error processing 'rovercon_msgs/msg/SubRocon rocon_msg' of
[1.965s]   'rovercon_msgs/MainRocon': 'rovercon_msgs/msg/SubRocon'
[1.965s] 
[1.966s]   Traceback (most recent call last):
[1.966s] 
[1.967s]     File "/usr/lib/python3.10/runpy.py", line 196, in _run_module_as_main
[1.967s]       return _run_code(code, main_globals, None,
[1.968s]     File "/usr/lib/python3.10/runpy.py", line 86, in _run_code
[1.969s]       exec(code, run_globals)
[1.969s]     File "/opt/ros/humble/local/lib/python3.10/dist-packages/rosidl_adapter/__main__.py", line 19, in <module>
[1.970s]       sys.exit(main())
[1.970s]     File "/opt/ros/humble/local/lib/python3.10/dist-packages/rosidl_adapter/main.py", line 53, in main
[1.971s]       abs_idl_file = convert_to_idl(
[1.971s]     File "/opt/ros/humble/local/lib/python3.10/dist-packages/rosidl_adapter/__init__.py", line 19, in convert_to_idl
[1.971s]       return convert_msg_to_idl(
[1.972s]     File "/opt/ros/humble/local/lib/python3.10/dist-packages/rosidl_adapter/msg/__init__.py", line 28, in convert_msg_to_idl
[1.973s]       msg = parse_message_string(package_name, input_file.stem, content)
[1.974s]     File "/opt/ros/humble/local/lib/python3.10/dist-packages/rosidl_adapter/parser.py", line 520, in parse_message_string
[1.975s]       Type(type_string, context_package_name=pkg_name),
[1.976s]     File "/opt/ros/humble/local/lib/python3.10/dist-packages/rosidl_adapter/parser.py", line 277, in __init__
[1.976s]       super(Type, self).__init__(
[1.977s]     File "/opt/ros/humble/local/lib/python3.10/dist-packages/rosidl_adapter/parser.py", line 190, in __init__
[1.978s]       raise InvalidResourceName(type_string)
[1.979s] 
[1.980s]   rosidl_adapter.parser.InvalidResourceName: rovercon_msgs/msg/SubRocon
[1.980s] 
[1.981s] Call Stack (most recent call first):
[1.981s]   /opt/ros/humble/share/rosidl_cmake/cmake/rosidl_generate_interfaces.cmake:130 (rosidl_adapt_interfaces)
[1.982s]   CMakeLists.txt:14 (rosidl_generate_interfaces)
[1.982s] 
[1.982s] [0m
[1.982s] -- Configuring incomplete, errors occurred!
[1.983s] See also "/home/curry/wilson_proj/ros2-rover-ws/build/rovercon_msgs/CMakeFiles/CMakeOutput.log".
[1.986s] gmake: *** [Makefile:747: cmake_check_build_system] Error 1
[1.993s] Invoked command in '/home/curry/wilson_proj/ros2-rover-ws/build/rovercon_msgs' returned '2': CMAKE_PREFIX_PATH=${CMAKE_PREFIX_PATH}:/opt/ros/humble /usr/bin/cmake --build /home/curry/wilson_proj/ros2-rover-ws/build/rovercon_msgs -- -j4 -l4
