[01m[K/home/curry/wilson_proj/ros2-rover-ws/src/package_rover_control/src/node_rover_control_a.cpp:[m[K In member function â€˜[01m[Kvoid Node_Rovercontrol::timer_callback()[m[Kâ€™:
[01m[K/home/curry/wilson_proj/ros2-rover-ws/src/package_rover_control/src/node_rover_control_a.cpp:86:9:[m[K [01;31m[Kerror: [m[Kexpected â€˜[01m[K;[m[Kâ€™ before â€˜[01m[Krover_con_[m[Kâ€™
   86 |         [01;31m[Krover_con_[m[K = {ro_ctrl_msg1_, ro_ctrl_msg2_, f_spd_msg_};
      |         [01;31m[K^~~~~~~~~~[m[K
In file included from [01m[K/opt/ros/humble/include/rclcpp/rclcpp/logging.hpp:24[m[K,
                 from [01m[K/opt/ros/humble/include/rclcpp/rclcpp/client.hpp:40[m[K,
                 from [01m[K/opt/ros/humble/include/rclcpp/rclcpp/callback_group.hpp:24[m[K,
                 from [01m[K/opt/ros/humble/include/rclcpp/rclcpp/any_executable.hpp:20[m[K,
                 from [01m[K/opt/ros/humble/include/rclcpp/rclcpp/memory_strategy.hpp:25[m[K,
                 from [01m[K/opt/ros/humble/include/rclcpp/rclcpp/memory_strategies.hpp:18[m[K,
                 from [01m[K/opt/ros/humble/include/rclcpp/rclcpp/executor_options.hpp:20[m[K,
                 from [01m[K/opt/ros/humble/include/rclcpp/rclcpp/executor.hpp:37[m[K,
                 from [01m[K/opt/ros/humble/include/rclcpp/rclcpp/executors/multi_threaded_executor.hpp:25[m[K,
                 from [01m[K/opt/ros/humble/include/rclcpp/rclcpp/executors.hpp:21[m[K,
                 from [01m[K/opt/ros/humble/include/rclcpp/rclcpp/rclcpp.hpp:155[m[K,
                 from [01m[K/home/curry/wilson_proj/ros2-rover-ws/src/package_rover_control/src/node_rover_control_a.cpp:1[m[K:
[01m[K/home/curry/wilson_proj/ros2-rover-ws/src/package_rover_control/src/node_rover_control_a.cpp:90:108:[m[K [01;31m[Kerror: [m[Kno match for â€˜[01m[Koperator[][m[Kâ€™ (operand types are â€˜[01m[Kstd_msgs::msg::Float32MultiArray_<std::allocator<void> >[m[Kâ€™ and â€˜[01m[Kint[m[Kâ€™)
   90 |         RCLCPP_INFO(this->get_logger(), "Publishing to pub_rovercontrol: [%.2f, %.2f, %.1f]", rover_con_msg[01;31m[K[[m[K0], rover_con_msg[1], rover_con_msg[2]);
      |                                                                                                            [01;31m[K^[m[K
[01m[K/home/curry/wilson_proj/ros2-rover-ws/src/package_rover_control/src/node_rover_control_a.cpp:90:126:[m[K [01;31m[Kerror: [m[Kno match for â€˜[01m[Koperator[][m[Kâ€™ (operand types are â€˜[01m[Kstd_msgs::msg::Float32MultiArray_<std::allocator<void> >[m[Kâ€™ and â€˜[01m[Kint[m[Kâ€™)
   90 |         RCLCPP_INFO(this->get_logger(), "Publishing to pub_rovercontrol: [%.2f, %.2f, %.1f]", rover_con_msg[0], rover_con_msg[01;31m[K[[m[K1], rover_con_msg[2]);
      |                                                                                                                              [01;31m[K^[m[K
[01m[K/home/curry/wilson_proj/ros2-rover-ws/src/package_rover_control/src/node_rover_control_a.cpp:90:144:[m[K [01;31m[Kerror: [m[Kno match for â€˜[01m[Koperator[][m[Kâ€™ (operand types are â€˜[01m[Kstd_msgs::msg::Float32MultiArray_<std::allocator<void> >[m[Kâ€™ and â€˜[01m[Kint[m[Kâ€™)
   90 |         RCLCPP_INFO(this->get_logger(), "Publishing to pub_rovercontrol: [%.2f, %.2f, %.1f]", rover_con_msg[0], rover_con_msg[1], rover_con_msg[01;31m[K[[m[K2]);
      |                                                                                                                                                [01;31m[K^[m[K
gmake[2]: *** [CMakeFiles/node_rovercontrol.dir/build.make:76: CMakeFiles/node_rovercontrol.dir/src/node_rover_control_a.cpp.o] Error 1
gmake[1]: *** [CMakeFiles/Makefile2:193: CMakeFiles/node_rovercontrol.dir/all] Error 2
gmake: *** [Makefile:146: all] Error 2
