[0.072s] Invoking command in '/home/curry/wilson_proj/ros2-rover-ws/build/package_rover_control': CMAKE_PREFIX_PATH=${CMAKE_PREFIX_PATH}:/opt/ros/humble /usr/bin/cmake --build /home/curry/wilson_proj/ros2-rover-ws/build/package_rover_control -- -j4 -l4
[0.314s] [35m[1mConsolidate compiler generated dependencies of target motorcontrol[0m
[0.383s] [ 33%] Built target node_motor_control
[0.386s] [ 50%] [32mBuilding CXX object CMakeFiles/node_rovercontrol.dir/src/node_rover_control_a.cpp.o[0m
[0.422s] [ 83%] Built target motorcontrol
[1.824s] [01m[K/home/curry/wilson_proj/ros2-rover-ws/src/package_rover_control/src/node_rover_control_a.cpp:11:10:[m[K [01;31m[Kfatal error: [m[Kmsgs_rovercon/msg/SubRocon.hpp: No such file or directory
[1.825s]    11 | #include [01;31m[K<msgs_rovercon/msg/SubRocon.hpp>[m[K
[1.825s]       |          [01;31m[K^~~~~~~~~~~~~~~~~~~~~~~~~~~~~~~~[m[K
[1.825s] compilation terminated.
[1.835s] gmake[2]: *** [CMakeFiles/node_rovercontrol.dir/build.make:76: CMakeFiles/node_rovercontrol.dir/src/node_rover_control_a.cpp.o] Error 1
[1.836s] gmake[1]: *** [CMakeFiles/Makefile2:193: CMakeFiles/node_rovercontrol.dir/all] Error 2
[1.837s] gmake: *** [Makefile:146: all] Error 2
[1.865s] Invoked command in '/home/curry/wilson_proj/ros2-rover-ws/build/package_rover_control' returned '2': CMAKE_PREFIX_PATH=${CMAKE_PREFIX_PATH}:/opt/ros/humble /usr/bin/cmake --build /home/curry/wilson_proj/ros2-rover-ws/build/package_rover_control -- -j4 -l4
