[0.056s] Invoking command in '/home/curry/wilson_proj/ros2-rover-ws/build/package_rover_control': CMAKE_PREFIX_PATH=${CMAKE_PREFIX_PATH}:/opt/ros/iron /usr/bin/cmake --build /home/curry/wilson_proj/ros2-rover-ws/build/package_rover_control -- -j4 -l4
[0.240s] [35m[1mConsolidate compiler generated dependencies of target motorcontrol[0m
[0.301s] [ 50%] Built target node_motor_control
[0.338s] [ 75%] [32mBuilding CXX object CMakeFiles/motorcontrol.dir/src/node_motor_control.cpp.o[0m
[12.764s] [01m[K/home/curry/wilson_proj/ros2-rover-ws/src/package_rover_control/src/node_motor_control.cpp:[m[K In member function â€˜[01m[Krclcpp_action::GoalResponse motorcontrol_cpp::MotorControlActionServer::handle_goal(const GoalUUID&, std::shared_ptr<const action_interfaces::action::Rovercontrol_Goal_<std::allocator<void> > >)[m[Kâ€™:
[12.764s] [01m[K/home/curry/wilson_proj/ros2-rover-ws/src/package_rover_control/src/node_motor_control.cpp:44:12:[m[K [01;31m[Kerror: [m[Kâ€˜[01m[Kgola[m[Kâ€™ was not declared in this scope; did you mean â€˜[01m[Kgoal[m[Kâ€™?
[12.764s]    44 |         if([01;31m[Kgola[m[K->timestop <= 0){
[12.765s]       |            [01;31m[K^~~~[m[K
[12.765s]       |            [32m[Kgoal[m[K
[16.198s] gmake[2]: *** [CMakeFiles/motorcontrol.dir/build.make:76: CMakeFiles/motorcontrol.dir/src/node_motor_control.cpp.o] Error 1
[16.199s] gmake[1]: *** [CMakeFiles/Makefile2:139: CMakeFiles/motorcontrol.dir/all] Error 2
[16.200s] gmake: *** [Makefile:146: all] Error 2
[16.206s] Invoked command in '/home/curry/wilson_proj/ros2-rover-ws/build/package_rover_control' returned '2': CMAKE_PREFIX_PATH=${CMAKE_PREFIX_PATH}:/opt/ros/iron /usr/bin/cmake --build /home/curry/wilson_proj/ros2-rover-ws/build/package_rover_control -- -j4 -l4
