[0.117s] Invoking command in '/home/curry/wilson_proj/ros2-rover-ws/build/rovercon_msgs': /usr/bin/cmake --build /home/curry/wilson_proj/ros2-rover-ws/build/rovercon_msgs -- -j4 -l4
[0.233s] -- Found ament_cmake: 1.3.11 (/opt/ros/humble/share/ament_cmake/cmake)
[0.881s] -- Found rosidl_default_generators: 1.2.0 (/opt/ros/humble/share/rosidl_default_generators/cmake)
[0.892s] -- Using all available rosidl_typesupport_c: rosidl_typesupport_fastrtps_c;rosidl_typesupport_introspection_c
[0.905s] -- Found rosidl_adapter: 3.1.6 (/opt/ros/humble/share/rosidl_adapter/cmake)
[1.094s] -- Using all available rosidl_typesupport_cpp: rosidl_typesupport_fastrtps_cpp;rosidl_typesupport_introspection_cpp
[2.099s] Error parsing '/home/curry/wilson_proj/ros2-rover-ws/src/rovercon_msgs/package.xml':
[2.286s] Traceback (most recent call last):
[2.287s]   File "/opt/ros/humble/share/ament_cmake_core/cmake/core/package_xml_2_cmake.py", line 150, in <module>
[2.287s]     main()
[2.287s]   File "/opt/ros/humble/share/ament_cmake_core/cmake/core/package_xml_2_cmake.py", line 53, in main
[2.288s]     raise e
[2.288s]   File "/opt/ros/humble/share/ament_cmake_core/cmake/core/package_xml_2_cmake.py", line 49, in main
[2.288s]     package = parse_package_string(
[2.288s]   File "/usr/lib/python3/dist-packages/catkin_pkg/package.py", line 788, in parse_package_string
[2.307s]     pkg.validate(warnings=warnings)
[2.309s]   File "/usr/lib/python3/dist-packages/catkin_pkg/package.py", line 330, in validate
[2.310s]     raise InvalidPackage('\n'.join(errors), self.filename)
[2.312s] catkin_pkg.package.InvalidPackage: Error(s) in package '/home/curry/wilson_proj/ros2-rover-ws/src/rovercon_msgs/package.xml':
[2.313s] The package "rovercon_msgs" must not "build_depend" on a package with the same name as this package
[2.315s] The package "rovercon_msgs" must not "build_export_depend" on a package with the same name as this package
[2.316s] The package "rovercon_msgs" must not "exec_depend" on a package with the same name as this package
[2.393s] [31mCMake Error at /opt/ros/humble/share/ament_cmake_core/cmake/core/ament_package_xml.cmake:95 (message):
[2.393s]   execute_process(/usr/bin/python3
[2.393s]   /opt/ros/humble/share/ament_cmake_core/cmake/core/package_xml_2_cmake.py
[2.394s]   /home/curry/wilson_proj/ros2-rover-ws/src/rovercon_msgs/package.xml
[2.394s]   /home/curry/wilson_proj/ros2-rover-ws/build/rovercon_msgs/ament_cmake_core/package.cmake)
[2.394s]   returned error code 1
[2.395s] Call Stack (most recent call first):
[2.395s]   /opt/ros/humble/share/ament_cmake_core/cmake/core/ament_package_xml.cmake:49 (_ament_package_xml)
[2.395s]   /opt/ros/humble/share/rosidl_cmake/cmake/rosidl_generate_interfaces.cmake:226 (ament_package_xml)
[2.396s]   CMakeLists.txt:13 (rosidl_generate_interfaces)
[2.396s] 
[2.396s] [0m
[2.397s] -- Configuring incomplete, errors occurred!
[2.397s] See also "/home/curry/wilson_proj/ros2-rover-ws/build/rovercon_msgs/CMakeFiles/CMakeOutput.log".
[2.416s] gmake: *** [Makefile:963: cmake_check_build_system] Error 1
[2.422s] Invoked command in '/home/curry/wilson_proj/ros2-rover-ws/build/rovercon_msgs' returned '2': /usr/bin/cmake --build /home/curry/wilson_proj/ros2-rover-ws/build/rovercon_msgs -- -j4 -l4
