[0.082s] Invoking command in '/home/curry/wilson_proj/ros2-rover-ws/build/package_rover_control': CMAKE_PREFIX_PATH=${CMAKE_PREFIX_PATH}:/opt/ros/humble /usr/bin/cmake --build /home/curry/wilson_proj/ros2-rover-ws/build/package_rover_control -- -j4 -l4
[0.229s] -- Found ament_cmake: 1.3.11 (/opt/ros/humble/share/ament_cmake/cmake)
[0.845s] -- Found action_interfaces: 0.0.0 (/home/curry/wilson_proj/ros2-rover-ws/install/action_interfaces/share/action_interfaces/cmake)
[1.009s] -- Found rosidl_generator_c: 3.1.6 (/opt/ros/humble/share/rosidl_generator_c/cmake)
[1.019s] -- Found rosidl_adapter: 3.1.6 (/opt/ros/humble/share/rosidl_adapter/cmake)
[1.042s] -- Found rosidl_generator_cpp: 3.1.6 (/opt/ros/humble/share/rosidl_generator_cpp/cmake)
[1.081s] -- Using all available rosidl_typesupport_c: rosidl_typesupport_fastrtps_c;rosidl_typesupport_introspection_c
[1.129s] -- Using all available rosidl_typesupport_cpp: rosidl_typesupport_fastrtps_cpp;rosidl_typesupport_introspection_cpp
[1.398s] -- Found rclcpp: 16.0.11 (/opt/ros/humble/share/rclcpp/cmake)
[1.673s] -- Found rmw_implementation_cmake: 6.1.2 (/opt/ros/humble/share/rmw_implementation_cmake/cmake)
[1.696s] -- Found rmw_fastrtps_cpp: 6.2.7 (/opt/ros/humble/share/rmw_fastrtps_cpp/cmake)
[2.947s] -- Using RMW implementation 'rmw_fastrtps_cpp' as default
[3.338s] -- Found rclcpp_action: 16.0.11 (/opt/ros/humble/share/rclcpp_action/cmake)
[3.403s] -- Found rclcpp_components: 16.0.11 (/opt/ros/humble/share/rclcpp_components/cmake)
[3.599s] -- Found std_srvs: 4.2.4 (/opt/ros/humble/share/std_srvs/cmake)
[3.696s] -- Found msgs_rovercon: 0.0.0 (/home/curry/wilson_proj/ros2-rover-ws/install/msgs_rovercon/share/msgs_rovercon/cmake)
[3.733s] -- Found msgs_mainrocon: 0.0.0 (/home/curry/wilson_proj/ros2-rover-ws/install/msgs_mainrocon/share/msgs_mainrocon/cmake)
[4.110s] -- Configuring done
[4.239s] -- Generating done
[4.253s] -- Build files have been written to: /home/curry/wilson_proj/ros2-rover-ws/build/package_rover_control
[4.390s] [35m[1mConsolidate compiler generated dependencies of target node_rovercontrol[0m
[4.410s] [35m[1mConsolidate compiler generated dependencies of target motorcontrol[0m
[4.415s] [35m[1mConsolidate compiler generated dependencies of target node_motor_control[0m
[4.486s] [ 16%] [32mBuilding CXX object CMakeFiles/node_rovercontrol.dir/src/node_rover_control_a.cpp.o[0m
[4.516s] [ 66%] Built target node_motor_control
[4.516s] [ 66%] [32mBuilding CXX object CMakeFiles/motorcontrol.dir/src/node_motor_control.cpp.o[0m
[5.940s] [01m[K/home/curry/wilson_proj/ros2-rover-ws/src/package_rover_control/src/node_rover_control_a.cpp:11:10:[m[K [01;31m[Kfatal error: [m[Kmsgs_rocon/msg/SubRocon.hpp: No such file or directory
[5.940s]    11 | #include [01;31m[K<msgs_rocon/msg/SubRocon.hpp>[m[K
[5.940s]       |          [01;31m[K^~~~~~~~~~~~~~~~~~~~~~~~~~~~~[m[K
[5.941s] compilation terminated.
[5.952s] gmake[2]: *** [CMakeFiles/node_rovercontrol.dir/build.make:76: CMakeFiles/node_rovercontrol.dir/src/node_rover_control_a.cpp.o] Error 1
[5.953s] gmake[1]: *** [CMakeFiles/Makefile2:193: CMakeFiles/node_rovercontrol.dir/all] Error 2
[5.953s] gmake[1]: *** Waiting for unfinished jobs....
[21.141s] [ 83%] [32m[1mLinking CXX shared library libmotorcontrol.so[0m
[22.280s] [ 83%] Built target motorcontrol
[22.284s] gmake: *** [Makefile:146: all] Error 2
[22.291s] Invoked command in '/home/curry/wilson_proj/ros2-rover-ws/build/package_rover_control' returned '2': CMAKE_PREFIX_PATH=${CMAKE_PREFIX_PATH}:/opt/ros/humble /usr/bin/cmake --build /home/curry/wilson_proj/ros2-rover-ws/build/package_rover_control -- -j4 -l4
