[0.000000] (-) TimerEvent: {}
[0.001574] (rover_control_package) JobQueued: {'identifier': 'rover_control_package', 'dependencies': OrderedDict()}
[0.001706] (test_package) JobQueued: {'identifier': 'test_package', 'dependencies': OrderedDict()}
[0.001793] (rover_control_package) JobStarted: {'identifier': 'rover_control_package'}
[0.030810] (test_package) JobStarted: {'identifier': 'test_package'}
[0.057407] (rover_control_package) JobProgress: {'identifier': 'rover_control_package', 'progress': 'cmake'}
[0.060975] (rover_control_package) JobProgress: {'identifier': 'rover_control_package', 'progress': 'build'}
[0.063829] (rover_control_package) Command: {'cmd': ['/usr/bin/cmake', '--build', '/home/curry/wilson_proj/ros2-rover-ws/build/rover_control_package', '--', '-j4', '-l4'], 'cwd': '/home/curry/wilson_proj/ros2-rover-ws/build/rover_control_package', 'env': OrderedDict([('LESSOPEN', '| /usr/bin/lesspipe %s'), ('USER', 'curry'), ('SSH_CLIENT', '172.30.81.114 57034 22'), ('LC_TIME', 'en_US.UTF-8'), ('XDG_SESSION_TYPE', 'tty'), ('SHLVL', '1'), ('LD_LIBRARY_PATH', '/home/curry/wilson_proj/ros2-rover-ws/install/rover_control_package/lib:/home/curry/wilson_proj/ros2-rover-ws/install/test_package/lib:/opt/ros/iron/opt/rviz_ogre_vendor/lib:/opt/ros/iron/lib/aarch64-linux-gnu:/opt/ros/iron/lib'), ('MOTD_SHOWN', 'pam'), ('HOME', '/home/curry'), ('OLDPWD', '/home/curry/wilson_proj'), ('SSH_TTY', '/dev/pts/0'), ('ROS_PYTHON_VERSION', '3'), ('LC_MONETARY', 'en_US.UTF-8'), ('DBUS_SESSION_BUS_ADDRESS', 'unix:path=/run/user/1000/bus'), ('COLCON_PREFIX_PATH', '/home/curry/wilson_proj/ros2-rover-ws/install'), ('ROS_DISTRO', 'iron'), ('LOGNAME', 'curry'), ('_', '/usr/bin/colcon'), ('ROS_VERSION', '2'), ('XDG_SESSION_CLASS', 'user'), ('TERM', 'xterm-256color'), ('XDG_SESSION_ID', '196'), ('PATH', '/opt/ros/iron/bin:/home/curry/.cargo/bin:/usr/local/sbin:/usr/local/bin:/usr/sbin:/usr/bin:/sbin:/bin:/usr/games:/usr/local/games:/snap/bin'), ('PAPERSIZE', 'letter'), ('LC_ADDRESS', 'en_US.UTF-8'), ('XDG_RUNTIME_DIR', '/run/user/1000'), ('LANG', 'en_US.UTF-8'), ('LC_TELEPHONE', 'en_US.UTF-8'), ('LS_COLORS', 'rs=0:di=01;34:ln=01;36:mh=00:pi=40;33:so=01;35:do=01;35:bd=40;33;01:cd=40;33;01:or=40;31;01:mi=00:su=37;41:sg=30;43:ca=30;41:tw=30;42:ow=34;42:st=37;44:ex=01;32:*.tar=01;31:*.tgz=01;31:*.arc=01;31:*.arj=01;31:*.taz=01;31:*.lha=01;31:*.lz4=01;31:*.lzh=01;31:*.lzma=01;31:*.tlz=01;31:*.txz=01;31:*.tzo=01;31:*.t7z=01;31:*.zip=01;31:*.z=01;31:*.dz=01;31:*.gz=01;31:*.lrz=01;31:*.lz=01;31:*.lzo=01;31:*.xz=01;31:*.zst=01;31:*.tzst=01;31:*.bz2=01;31:*.bz=01;31:*.tbz=01;31:*.tbz2=01;31:*.tz=01;31:*.deb=01;31:*.rpm=01;31:*.jar=01;31:*.war=01;31:*.ear=01;31:*.sar=01;31:*.rar=01;31:*.alz=01;31:*.ace=01;31:*.zoo=01;31:*.cpio=01;31:*.7z=01;31:*.rz=01;31:*.cab=01;31:*.wim=01;31:*.swm=01;31:*.dwm=01;31:*.esd=01;31:*.jpg=01;35:*.jpeg=01;35:*.mjpg=01;35:*.mjpeg=01;35:*.gif=01;35:*.bmp=01;35:*.pbm=01;35:*.pgm=01;35:*.ppm=01;35:*.tga=01;35:*.xbm=01;35:*.xpm=01;35:*.tif=01;35:*.tiff=01;35:*.png=01;35:*.svg=01;35:*.svgz=01;35:*.mng=01;35:*.pcx=01;35:*.mov=01;35:*.mpg=01;35:*.mpeg=01;35:*.m2v=01;35:*.mkv=01;35:*.webm=01;35:*.webp=01;35:*.ogm=01;35:*.mp4=01;35:*.m4v=01;35:*.mp4v=01;35:*.vob=01;35:*.qt=01;35:*.nuv=01;35:*.wmv=01;35:*.asf=01;35:*.rm=01;35:*.rmvb=01;35:*.flc=01;35:*.avi=01;35:*.fli=01;35:*.flv=01;35:*.gl=01;35:*.dl=01;35:*.xcf=01;35:*.xwd=01;35:*.yuv=01;35:*.cgm=01;35:*.emf=01;35:*.ogv=01;35:*.ogx=01;35:*.aac=00;36:*.au=00;36:*.flac=00;36:*.m4a=00;36:*.mid=00;36:*.midi=00;36:*.mka=00;36:*.mp3=00;36:*.mpc=00;36:*.ogg=00;36:*.ra=00;36:*.wav=00;36:*.oga=00;36:*.opus=00;36:*.spx=00;36:*.xspf=00;36:'), ('ROS_DOMAIN_ID', '10'), ('AMENT_PREFIX_PATH', '/home/curry/wilson_proj/ros2-rover-ws/install/rover_control_package:/home/curry/wilson_proj/ros2-rover-ws/install/test_package:/opt/ros/iron'), ('SHELL', '/bin/bash'), ('LC_NAME', 'en_US.UTF-8'), ('LESSCLOSE', '/usr/bin/lesspipe %s %s'), ('LC_MEASUREMENT', 'en_US.UTF-8'), ('LC_IDENTIFICATION', 'en_US.UTF-8'), ('ROS_AUTOMATIC_DISCOVERY_RANGE', 'SUBNET'), ('PWD', '/home/curry/wilson_proj/ros2-rover-ws/build/rover_control_package'), ('LC_ALL', 'en_US.UTF-8'), ('SSH_CONNECTION', '172.30.81.114 57034 172.30.81.58 22'), ('XDG_DATA_DIRS', '/usr/share/gnome:/usr/local/share:/usr/share:/var/lib/snapd/desktop'), ('PYTHONPATH', '/home/curry/wilson_proj/ros2-rover-ws/install/rover_control_package/lib/python3.10/site-packages:/home/curry/wilson_proj/ros2-rover-ws/install/test_package/lib/python3.10/site-packages:/opt/ros/iron/lib/python3.10/site-packages'), ('LC_NUMERIC', 'en_US.UTF-8'), ('LC_PAPER', 'en_US.UTF-8'), ('COLCON', '1'), ('CMAKE_PREFIX_PATH', '/home/curry/wilson_proj/ros2-rover-ws/install/rover_control_package:/home/curry/wilson_proj/ros2-rover-ws/install/test_package:/opt/ros/iron')]), 'shell': False}
[0.080563] (test_package) JobProgress: {'identifier': 'test_package', 'progress': 'cmake'}
[0.084039] (test_package) JobProgress: {'identifier': 'test_package', 'progress': 'build'}
[0.085459] (test_package) Command: {'cmd': ['/usr/bin/cmake', '--build', '/home/curry/wilson_proj/ros2-rover-ws/build/test_package', '--', '-j4', '-l4'], 'cwd': '/home/curry/wilson_proj/ros2-rover-ws/build/test_package', 'env': OrderedDict([('LESSOPEN', '| /usr/bin/lesspipe %s'), ('USER', 'curry'), ('SSH_CLIENT', '172.30.81.114 57034 22'), ('LC_TIME', 'en_US.UTF-8'), ('XDG_SESSION_TYPE', 'tty'), ('SHLVL', '1'), ('LD_LIBRARY_PATH', '/home/curry/wilson_proj/ros2-rover-ws/install/rover_control_package/lib:/home/curry/wilson_proj/ros2-rover-ws/install/test_package/lib:/opt/ros/iron/opt/rviz_ogre_vendor/lib:/opt/ros/iron/lib/aarch64-linux-gnu:/opt/ros/iron/lib'), ('MOTD_SHOWN', 'pam'), ('HOME', '/home/curry'), ('OLDPWD', '/home/curry/wilson_proj'), ('SSH_TTY', '/dev/pts/0'), ('ROS_PYTHON_VERSION', '3'), ('LC_MONETARY', 'en_US.UTF-8'), ('DBUS_SESSION_BUS_ADDRESS', 'unix:path=/run/user/1000/bus'), ('COLCON_PREFIX_PATH', '/home/curry/wilson_proj/ros2-rover-ws/install'), ('ROS_DISTRO', 'iron'), ('LOGNAME', 'curry'), ('_', '/usr/bin/colcon'), ('ROS_VERSION', '2'), ('XDG_SESSION_CLASS', 'user'), ('TERM', 'xterm-256color'), ('XDG_SESSION_ID', '196'), ('PATH', '/opt/ros/iron/bin:/home/curry/.cargo/bin:/usr/local/sbin:/usr/local/bin:/usr/sbin:/usr/bin:/sbin:/bin:/usr/games:/usr/local/games:/snap/bin'), ('PAPERSIZE', 'letter'), ('LC_ADDRESS', 'en_US.UTF-8'), ('XDG_RUNTIME_DIR', '/run/user/1000'), ('LANG', 'en_US.UTF-8'), ('LC_TELEPHONE', 'en_US.UTF-8'), ('LS_COLORS', 'rs=0:di=01;34:ln=01;36:mh=00:pi=40;33:so=01;35:do=01;35:bd=40;33;01:cd=40;33;01:or=40;31;01:mi=00:su=37;41:sg=30;43:ca=30;41:tw=30;42:ow=34;42:st=37;44:ex=01;32:*.tar=01;31:*.tgz=01;31:*.arc=01;31:*.arj=01;31:*.taz=01;31:*.lha=01;31:*.lz4=01;31:*.lzh=01;31:*.lzma=01;31:*.tlz=01;31:*.txz=01;31:*.tzo=01;31:*.t7z=01;31:*.zip=01;31:*.z=01;31:*.dz=01;31:*.gz=01;31:*.lrz=01;31:*.lz=01;31:*.lzo=01;31:*.xz=01;31:*.zst=01;31:*.tzst=01;31:*.bz2=01;31:*.bz=01;31:*.tbz=01;31:*.tbz2=01;31:*.tz=01;31:*.deb=01;31:*.rpm=01;31:*.jar=01;31:*.war=01;31:*.ear=01;31:*.sar=01;31:*.rar=01;31:*.alz=01;31:*.ace=01;31:*.zoo=01;31:*.cpio=01;31:*.7z=01;31:*.rz=01;31:*.cab=01;31:*.wim=01;31:*.swm=01;31:*.dwm=01;31:*.esd=01;31:*.jpg=01;35:*.jpeg=01;35:*.mjpg=01;35:*.mjpeg=01;35:*.gif=01;35:*.bmp=01;35:*.pbm=01;35:*.pgm=01;35:*.ppm=01;35:*.tga=01;35:*.xbm=01;35:*.xpm=01;35:*.tif=01;35:*.tiff=01;35:*.png=01;35:*.svg=01;35:*.svgz=01;35:*.mng=01;35:*.pcx=01;35:*.mov=01;35:*.mpg=01;35:*.mpeg=01;35:*.m2v=01;35:*.mkv=01;35:*.webm=01;35:*.webp=01;35:*.ogm=01;35:*.mp4=01;35:*.m4v=01;35:*.mp4v=01;35:*.vob=01;35:*.qt=01;35:*.nuv=01;35:*.wmv=01;35:*.asf=01;35:*.rm=01;35:*.rmvb=01;35:*.flc=01;35:*.avi=01;35:*.fli=01;35:*.flv=01;35:*.gl=01;35:*.dl=01;35:*.xcf=01;35:*.xwd=01;35:*.yuv=01;35:*.cgm=01;35:*.emf=01;35:*.ogv=01;35:*.ogx=01;35:*.aac=00;36:*.au=00;36:*.flac=00;36:*.m4a=00;36:*.mid=00;36:*.midi=00;36:*.mka=00;36:*.mp3=00;36:*.mpc=00;36:*.ogg=00;36:*.ra=00;36:*.wav=00;36:*.oga=00;36:*.opus=00;36:*.spx=00;36:*.xspf=00;36:'), ('ROS_DOMAIN_ID', '10'), ('AMENT_PREFIX_PATH', '/home/curry/wilson_proj/ros2-rover-ws/install/rover_control_package:/home/curry/wilson_proj/ros2-rover-ws/install/test_package:/opt/ros/iron'), ('SHELL', '/bin/bash'), ('LC_NAME', 'en_US.UTF-8'), ('LESSCLOSE', '/usr/bin/lesspipe %s %s'), ('LC_MEASUREMENT', 'en_US.UTF-8'), ('LC_IDENTIFICATION', 'en_US.UTF-8'), ('ROS_AUTOMATIC_DISCOVERY_RANGE', 'SUBNET'), ('PWD', '/home/curry/wilson_proj/ros2-rover-ws/build/test_package'), ('LC_ALL', 'en_US.UTF-8'), ('SSH_CONNECTION', '172.30.81.114 57034 172.30.81.58 22'), ('XDG_DATA_DIRS', '/usr/share/gnome:/usr/local/share:/usr/share:/var/lib/snapd/desktop'), ('PYTHONPATH', '/home/curry/wilson_proj/ros2-rover-ws/install/rover_control_package/lib/python3.10/site-packages:/home/curry/wilson_proj/ros2-rover-ws/install/test_package/lib/python3.10/site-packages:/opt/ros/iron/lib/python3.10/site-packages'), ('LC_NUMERIC', 'en_US.UTF-8'), ('LC_PAPER', 'en_US.UTF-8'), ('COLCON', '1'), ('CMAKE_PREFIX_PATH', '/home/curry/wilson_proj/ros2-rover-ws/install/rover_control_package:/home/curry/wilson_proj/ros2-rover-ws/install/test_package:/opt/ros/iron')]), 'shell': False}
[0.099077] (-) TimerEvent: {}
[0.199795] (-) TimerEvent: {}
[0.300760] (-) TimerEvent: {}
[0.389592] (rover_control_package) StdoutLine: {'line': b'[  2%] Built target rover_control_package__rosidl_generator_type_description\n'}
[0.400999] (-) TimerEvent: {}
[0.417379] (rover_control_package) StdoutLine: {'line': b'[ 10%] \x1b[32mBuilding CXX object CMakeFiles/carcontrol_ros2_server.dir/src/motor_drive_node.cpp.o\x1b[0m\n'}
[0.418309] (rover_control_package) StdoutLine: {'line': b'[ 10%] Built target carcontrol_server\n'}
[0.463687] (test_package) StdoutLine: {'line': b'[  2%] Built target test_package__rosidl_generator_type_description\n'}
[0.478746] (test_package) StdoutLine: {'line': b'[  2%] Built target ament_cmake_python_copy_test_package\n'}
[0.494441] (rover_control_package) StdoutLine: {'line': b'[ 10%] Built target ament_cmake_python_copy_rover_control_package\n'}
[0.501257] (-) TimerEvent: {}
[0.542436] (test_package) StdoutLine: {'line': b'[  7%] Built target action_server_node\n'}
[0.547825] (test_package) StdoutLine: {'line': b'[ 12%] Built target Tserver_node\n'}
[0.572006] (rover_control_package) StdoutLine: {'line': b'[ 13%] Built target rover_control_package__cpp\n'}
[0.601472] (-) TimerEvent: {}
[0.628922] (rover_control_package) StdoutLine: {'line': b'[ 26%] Built target rover_control_package__rosidl_generator_c\n'}
[0.644485] (test_package) StdoutLine: {'line': b'[ 20%] Built target test_package__cpp\n'}
[0.648094] (test_package) StdoutLine: {'line': b'[ 27%] Built target test_package__rosidl_generator_c\n'}
[0.701722] (-) TimerEvent: {}
[0.802665] (-) TimerEvent: {}
[0.871036] (rover_control_package) StdoutLine: {'line': b'[ 34%] Built target rover_control_package__rosidl_typesupport_cpp\n'}
[0.875951] (rover_control_package) StdoutLine: {'line': b'[ 42%] Built target rover_control_package__rosidl_typesupport_fastrtps_c\n'}
[0.902875] (-) TimerEvent: {}
[0.909326] (test_package) StdoutLine: {'line': b'[ 35%] Built target test_package__rosidl_typesupport_fastrtps_c\n'}
[0.937283] (test_package) StdoutLine: {'line': b'[ 42%] Built target test_package__rosidl_typesupport_cpp\n'}
[0.945296] (test_package) StdoutLine: {'line': b'[ 50%] Built target test_package__rosidl_typesupport_introspection_c\n'}
[1.003174] (-) TimerEvent: {}
[1.095851] (test_package) StdoutLine: {'line': b'[ 57%] Built target test_package__rosidl_typesupport_c\n'}
[1.103373] (-) TimerEvent: {}
[1.111717] (rover_control_package) StdoutLine: {'line': b'[ 50%] Built target rover_control_package__rosidl_typesupport_introspection_c\n'}
[1.130419] (rover_control_package) StdoutLine: {'line': b'[ 57%] Built target rover_control_package__rosidl_typesupport_c\n'}
[1.145658] (test_package) StdoutLine: {'line': b'[ 65%] Built target test_package__rosidl_typesupport_introspection_cpp\n'}
[1.203596] (-) TimerEvent: {}
[1.210829] (test_package) StdoutLine: {'line': b'[ 72%] Built target test_package__rosidl_typesupport_fastrtps_cpp\n'}
[1.303811] (-) TimerEvent: {}
[1.367107] (test_package) StdoutLine: {'line': b'[ 77%] Built target action_server\n'}
[1.375045] (rover_control_package) StdoutLine: {'line': b'[ 65%] Built target rover_control_package__rosidl_typesupport_fastrtps_cpp\n'}
[1.399450] (rover_control_package) StdoutLine: {'line': b'[ 73%] Built target rover_control_package__rosidl_typesupport_introspection_cpp\n'}
[1.403993] (-) TimerEvent: {}
[1.452613] (test_package) StdoutLine: {'line': b'[ 77%] Built target test_package\n'}
[1.504173] (-) TimerEvent: {}
[1.516840] (rover_control_package) StdoutLine: {'line': b'[ 73%] Built target rover_control_package\n'}
[1.545528] (rover_control_package) StderrLine: {'line': b'\x1b[01m\x1b[K/home/curry/wilson_proj/ros2-rover-ws/src/rover_control_package/src/motor_drive_node.cpp:5:10:\x1b[m\x1b[K \x1b[01;31m\x1b[Kfatal error: \x1b[m\x1b[Krover_control_package/action/carcontrol.hpp: No such file or directory\n'}
[1.546392] (rover_control_package) StderrLine: {'line': b'    5 | #include \x1b[01;31m\x1b[K"rover_control_package/action/carcontrol.hpp"\x1b[m\x1b[K\n'}
[1.547063] (rover_control_package) StderrLine: {'line': b'      |          \x1b[01;31m\x1b[K^~~~~~~~~~~~~~~~~~~~~~~~~~~~~~~~~~~~~~~~~~~~~\x1b[m\x1b[K\n'}
[1.548087] (rover_control_package) StderrLine: {'line': b'compilation terminated.\n'}
[1.554098] (rover_control_package) StderrLine: {'line': b'gmake[2]: *** [CMakeFiles/carcontrol_ros2_server.dir/build.make:76: CMakeFiles/carcontrol_ros2_server.dir/src/motor_drive_node.cpp.o] Error 1\n'}
[1.555081] (rover_control_package) StderrLine: {'line': b'gmake[1]: *** [CMakeFiles/Makefile2:625: CMakeFiles/carcontrol_ros2_server.dir/all] Error 2\n'}
[1.555780] (rover_control_package) StderrLine: {'line': b'gmake[1]: *** Waiting for unfinished jobs....\n'}
[1.604433] (-) TimerEvent: {}
[1.613308] (test_package) StdoutLine: {'line': b'[ 80%] Built target test_package__py\n'}
[1.633807] (rover_control_package) StdoutLine: {'line': b'[ 76%] Built target rover_control_package__py\n'}
[1.704643] (-) TimerEvent: {}
[1.719054] (test_package) StdoutLine: {'line': b'[ 85%] Built target test_package__rosidl_generator_py\n'}
[1.804938] (-) TimerEvent: {}
[1.840589] (test_package) StdoutLine: {'line': b'[ 90%] Built target test_package__rosidl_typesupport_fastrtps_c__pyext\n'}
[1.879213] (test_package) StdoutLine: {'line': b'[ 95%] Built target test_package__rosidl_typesupport_c__pyext\n'}
[1.886939] (test_package) StdoutLine: {'line': b'[100%] Built target test_package__rosidl_typesupport_introspection_c__pyext\n'}
[1.905076] (-) TimerEvent: {}
[2.006576] (-) TimerEvent: {}
[2.108023] (-) TimerEvent: {}
[2.209485] (-) TimerEvent: {}
[2.311114] (-) TimerEvent: {}
[2.376601] (rover_control_package) StdoutLine: {'line': b'running egg_info\n'}
[2.380371] (rover_control_package) StdoutLine: {'line': b'writing rover_control_package.egg-info/PKG-INFO\n'}
[2.381482] (rover_control_package) StdoutLine: {'line': b'writing dependency_links to rover_control_package.egg-info/dependency_links.txt\n'}
[2.382547] (rover_control_package) StdoutLine: {'line': b'writing top-level names to rover_control_package.egg-info/top_level.txt\n'}
[2.392816] (rover_control_package) StdoutLine: {'line': b"reading manifest file 'rover_control_package.egg-info/SOURCES.txt'\n"}
[2.395568] (rover_control_package) StdoutLine: {'line': b"writing manifest file 'rover_control_package.egg-info/SOURCES.txt'\n"}
[2.411212] (-) TimerEvent: {}
[2.487396] (test_package) StdoutLine: {'line': b'running egg_info\n'}
[2.493153] (test_package) StdoutLine: {'line': b'writing test_package.egg-info/PKG-INFO\n'}
[2.495209] (test_package) StdoutLine: {'line': b'writing dependency_links to test_package.egg-info/dependency_links.txt\n'}
[2.496544] (test_package) StdoutLine: {'line': b'writing top-level names to test_package.egg-info/top_level.txt\n'}
[2.509505] (test_package) StdoutLine: {'line': b"reading manifest file 'test_package.egg-info/SOURCES.txt'\n"}
[2.511327] (-) TimerEvent: {}
[2.512287] (test_package) StdoutLine: {'line': b"writing manifest file 'test_package.egg-info/SOURCES.txt'\n"}
[2.551137] (rover_control_package) StdoutLine: {'line': b'[ 76%] Built target ament_cmake_python_build_rover_control_package_egg\n'}
[2.556858] (rover_control_package) StderrLine: {'line': b'gmake: *** [Makefile:146: all] Error 2\n'}
[2.565206] (rover_control_package) CommandEnded: {'returncode': 2}
[2.611736] (-) TimerEvent: {}
[2.655220] (test_package) StdoutLine: {'line': b'[100%] Built target ament_cmake_python_build_test_package_egg\n'}
[2.699710] (test_package) CommandEnded: {'returncode': 0}
[2.711898] (-) TimerEvent: {}
[2.813077] (-) TimerEvent: {}
[2.913875] (-) TimerEvent: {}
[3.016158] (-) TimerEvent: {}
[3.059274] (rover_control_package) JobEnded: {'identifier': 'rover_control_package', 'rc': 2}
[3.116326] (-) TimerEvent: {}
[3.128681] (test_package) JobEnded: {'identifier': 'test_package', 'rc': 'SIGINT'}
[3.140552] (-) EventReactorShutdown: {}
