[0.047s] Invoking command in '/home/curry/wilson_proj/ros2-rover-ws/build/msgs_positions': CMAKE_PREFIX_PATH=/opt/ros/humble /usr/bin/cmake --build /home/curry/wilson_proj/ros2-rover-ws/build/msgs_positions -- -j4 -l4
[0.137s] -- Found ament_cmake: 1.3.11 (/opt/ros/humble/share/ament_cmake/cmake)
[0.692s] -- Found rosidl_default_generators: 1.2.0 (/opt/ros/humble/share/rosidl_default_generators/cmake)
[0.700s] -- Using all available rosidl_typesupport_c: rosidl_typesupport_fastrtps_c;rosidl_typesupport_introspection_c
[0.712s] -- Found rosidl_adapter: 3.1.6 (/opt/ros/humble/share/rosidl_adapter/cmake)
[0.887s] -- Using all available rosidl_typesupport_cpp: rosidl_typesupport_fastrtps_cpp;rosidl_typesupport_introspection_cpp
[1.727s] [31mCMake Error at /opt/ros/humble/share/rosidl_adapter/cmake/rosidl_adapt_interfaces.cmake:59 (message):
[1.728s]   execute_process(/usr/bin/python3 -m rosidl_adapter --package-name
[1.728s]   msgs_positions --arguments-file
[1.728s]   /home/curry/wilson_proj/ros2-rover-ws/build/msgs_positions/rosidl_adapter__arguments__msgs_positions.json
[1.729s]   --output-dir
[1.729s]   /home/curry/wilson_proj/ros2-rover-ws/build/msgs_positions/rosidl_adapter/msgs_positions
[1.729s]   --output-file
[1.730s]   /home/curry/wilson_proj/ros2-rover-ws/build/msgs_positions/rosidl_adapter/msgs_positions.idls)
[1.730s]   returned error code 1:
[1.730s] 
[1.730s]   Error processing 'int32 numSatellites' of 'msgs_positions/GnssData':
[1.731s]   ''numSatellites' is an invalid field name.  It should have the pattern
[1.731s]   '^(?!.*__)(?!.*_$)[a-z][a-z0-9_]*$''
[1.731s] 
[1.732s]   Traceback (most recent call last):
[1.732s] 
[1.733s]     File "/usr/lib/python3.10/runpy.py", line 196, in _run_module_as_main
[1.733s]       return _run_code(code, main_globals, None,
[1.733s]     File "/usr/lib/python3.10/runpy.py", line 86, in _run_code
[1.734s]       exec(code, run_globals)
[1.734s]     File "/opt/ros/humble/local/lib/python3.10/dist-packages/rosidl_adapter/__main__.py", line 19, in <module>
[1.735s]       sys.exit(main())
[1.735s]     File "/opt/ros/humble/local/lib/python3.10/dist-packages/rosidl_adapter/main.py", line 53, in main
[1.736s]       abs_idl_file = convert_to_idl(
[1.736s]     File "/opt/ros/humble/local/lib/python3.10/dist-packages/rosidl_adapter/__init__.py", line 19, in convert_to_idl
[1.737s]       return convert_msg_to_idl(
[1.737s]     File "/opt/ros/humble/local/lib/python3.10/dist-packages/rosidl_adapter/msg/__init__.py", line 28, in convert_msg_to_idl
[1.738s]       msg = parse_message_string(package_name, input_file.stem, content)
[1.739s]     File "/opt/ros/humble/local/lib/python3.10/dist-packages/rosidl_adapter/parser.py", line 519, in parse_message_string
[1.740s]       fields.append(Field(
[1.741s]     File "/opt/ros/humble/local/lib/python3.10/dist-packages/rosidl_adapter/parser.py", line 354, in __init__
[1.743s]       raise NameError(
[1.744s] 
[1.745s]   NameError: 'numSatellites' is an invalid field name.  It should have the
[1.746s]   pattern '^(?!.*__)(?!.*_$)[a-z][a-z0-9_]*$'
[1.746s] 
[1.746s] Call Stack (most recent call first):
[1.747s]   /opt/ros/humble/share/rosidl_cmake/cmake/rosidl_generate_interfaces.cmake:130 (rosidl_adapt_interfaces)
[1.747s]   CMakeLists.txt:15 (rosidl_generate_interfaces)
[1.747s] 
[1.747s] [0m
[1.748s] -- Configuring incomplete, errors occurred!
[1.748s] See also "/home/curry/wilson_proj/ros2-rover-ws/build/msgs_positions/CMakeFiles/CMakeOutput.log".
[1.751s] gmake: *** [Makefile:747: cmake_check_build_system] Error 1
[1.758s] Invoked command in '/home/curry/wilson_proj/ros2-rover-ws/build/msgs_positions' returned '2': CMAKE_PREFIX_PATH=/opt/ros/humble /usr/bin/cmake --build /home/curry/wilson_proj/ros2-rover-ws/build/msgs_positions -- -j4 -l4
