[0.000000] (-) TimerEvent: {}
[0.001515] (test_package) JobQueued: {'identifier': 'test_package', 'dependencies': OrderedDict()}
[0.002051] (test_package) JobStarted: {'identifier': 'test_package'}
[0.039709] (test_package) JobProgress: {'identifier': 'test_package', 'progress': 'cmake'}
[0.043219] (test_package) JobProgress: {'identifier': 'test_package', 'progress': 'build'}
[0.046511] (test_package) Command: {'cmd': ['/usr/bin/cmake', '--build', '/home/curry/wilson_proj/ros2-rover-ws/build/test_package', '--', '-j4', '-l4'], 'cwd': '/home/curry/wilson_proj/ros2-rover-ws/build/test_package', 'env': OrderedDict([('LESSOPEN', '| /usr/bin/lesspipe %s'), ('USER', 'curry'), ('SSH_CLIENT', '172.30.0.82 42830 22'), ('LC_TIME', 'en_US.UTF-8'), ('XDG_SESSION_TYPE', 'tty'), ('SHLVL', '1'), ('LD_LIBRARY_PATH', '/home/curry/wilson_proj/ros2-rover-ws/install/test_package/lib:/opt/ros/iron/opt/rviz_ogre_vendor/lib:/opt/ros/iron/lib/aarch64-linux-gnu:/opt/ros/iron/lib'), ('MOTD_SHOWN', 'pam'), ('HOME', '/home/curry'), ('OLDPWD', '/home/curry/wilson_proj'), ('SSH_TTY', '/dev/pts/1'), ('ROS_PYTHON_VERSION', '3'), ('LC_MONETARY', 'en_US.UTF-8'), ('DBUS_SESSION_BUS_ADDRESS', 'unix:path=/run/user/1000/bus'), ('COLCON_PREFIX_PATH', '/home/curry/wilson_proj/ros2-rover-ws/install'), ('ROS_DISTRO', 'iron'), ('LOGNAME', 'curry'), ('_', '/usr/bin/colcon'), ('ROS_VERSION', '2'), ('XDG_SESSION_CLASS', 'user'), ('TERM', 'xterm-256color'), ('XDG_SESSION_ID', '2347'), ('PATH', '/opt/ros/iron/bin:/home/curry/.cargo/bin:/usr/local/sbin:/usr/local/bin:/usr/sbin:/usr/bin:/sbin:/bin:/usr/games:/usr/local/games:/snap/bin'), ('PAPERSIZE', 'letter'), ('LC_ADDRESS', 'en_US.UTF-8'), ('XDG_RUNTIME_DIR', '/run/user/1000'), ('LANG', 'en_US.UTF-8'), ('LC_TELEPHONE', 'en_US.UTF-8'), ('LS_COLORS', 'rs=0:di=01;34:ln=01;36:mh=00:pi=40;33:so=01;35:do=01;35:bd=40;33;01:cd=40;33;01:or=40;31;01:mi=00:su=37;41:sg=30;43:ca=30;41:tw=30;42:ow=34;42:st=37;44:ex=01;32:*.tar=01;31:*.tgz=01;31:*.arc=01;31:*.arj=01;31:*.taz=01;31:*.lha=01;31:*.lz4=01;31:*.lzh=01;31:*.lzma=01;31:*.tlz=01;31:*.txz=01;31:*.tzo=01;31:*.t7z=01;31:*.zip=01;31:*.z=01;31:*.dz=01;31:*.gz=01;31:*.lrz=01;31:*.lz=01;31:*.lzo=01;31:*.xz=01;31:*.zst=01;31:*.tzst=01;31:*.bz2=01;31:*.bz=01;31:*.tbz=01;31:*.tbz2=01;31:*.tz=01;31:*.deb=01;31:*.rpm=01;31:*.jar=01;31:*.war=01;31:*.ear=01;31:*.sar=01;31:*.rar=01;31:*.alz=01;31:*.ace=01;31:*.zoo=01;31:*.cpio=01;31:*.7z=01;31:*.rz=01;31:*.cab=01;31:*.wim=01;31:*.swm=01;31:*.dwm=01;31:*.esd=01;31:*.jpg=01;35:*.jpeg=01;35:*.mjpg=01;35:*.mjpeg=01;35:*.gif=01;35:*.bmp=01;35:*.pbm=01;35:*.pgm=01;35:*.ppm=01;35:*.tga=01;35:*.xbm=01;35:*.xpm=01;35:*.tif=01;35:*.tiff=01;35:*.png=01;35:*.svg=01;35:*.svgz=01;35:*.mng=01;35:*.pcx=01;35:*.mov=01;35:*.mpg=01;35:*.mpeg=01;35:*.m2v=01;35:*.mkv=01;35:*.webm=01;35:*.webp=01;35:*.ogm=01;35:*.mp4=01;35:*.m4v=01;35:*.mp4v=01;35:*.vob=01;35:*.qt=01;35:*.nuv=01;35:*.wmv=01;35:*.asf=01;35:*.rm=01;35:*.rmvb=01;35:*.flc=01;35:*.avi=01;35:*.fli=01;35:*.flv=01;35:*.gl=01;35:*.dl=01;35:*.xcf=01;35:*.xwd=01;35:*.yuv=01;35:*.cgm=01;35:*.emf=01;35:*.ogv=01;35:*.ogx=01;35:*.aac=00;36:*.au=00;36:*.flac=00;36:*.m4a=00;36:*.mid=00;36:*.midi=00;36:*.mka=00;36:*.mp3=00;36:*.mpc=00;36:*.ogg=00;36:*.ra=00;36:*.wav=00;36:*.oga=00;36:*.opus=00;36:*.spx=00;36:*.xspf=00;36:'), ('ROS_DOMAIN_ID', '10'), ('AMENT_PREFIX_PATH', '/home/curry/wilson_proj/ros2-rover-ws/install/test_package:/opt/ros/iron'), ('SHELL', '/bin/bash'), ('LC_NAME', 'en_US.UTF-8'), ('LESSCLOSE', '/usr/bin/lesspipe %s %s'), ('LC_MEASUREMENT', 'en_US.UTF-8'), ('LC_IDENTIFICATION', 'en_US.UTF-8'), ('ROS_AUTOMATIC_DISCOVERY_RANGE', 'SUBNET'), ('PWD', '/home/curry/wilson_proj/ros2-rover-ws/build/test_package'), ('LC_ALL', 'en_US.UTF-8'), ('SSH_CONNECTION', '172.30.0.82 42830 172.30.81.58 22'), ('XDG_DATA_DIRS', '/usr/share/gnome:/usr/local/share:/usr/share:/var/lib/snapd/desktop'), ('PYTHONPATH', '/home/curry/wilson_proj/ros2-rover-ws/install/test_package/lib/python3.10/site-packages:/opt/ros/iron/lib/python3.10/site-packages'), ('LC_NUMERIC', 'en_US.UTF-8'), ('LC_PAPER', 'en_US.UTF-8'), ('COLCON', '1'), ('CMAKE_PREFIX_PATH', '/home/curry/wilson_proj/ros2-rover-ws/install/test_package:/opt/ros/iron')]), 'shell': False}
[0.099079] (-) TimerEvent: {}
[0.166790] (test_package) StdoutLine: {'line': b'-- Found rosidl_default_generators: 1.5.0 (/opt/ros/iron/share/rosidl_default_generators/cmake)\n'}
[0.199292] (-) TimerEvent: {}
[0.300127] (-) TimerEvent: {}
[0.400729] (-) TimerEvent: {}
[0.501496] (-) TimerEvent: {}
[0.602608] (-) TimerEvent: {}
[0.703235] (-) TimerEvent: {}
[0.796992] (test_package) StdoutLine: {'line': b'-- Using all available rosidl_typesupport_c: rosidl_typesupport_fastrtps_c;rosidl_typesupport_introspection_c\n'}
[0.803422] (-) TimerEvent: {}
[0.904167] (-) TimerEvent: {}
[1.004872] (-) TimerEvent: {}
[1.012793] (test_package) StdoutLine: {'line': b'-- Using all available rosidl_typesupport_cpp: rosidl_typesupport_fastrtps_cpp;rosidl_typesupport_introspection_cpp\n'}
[1.105037] (-) TimerEvent: {}
[1.125934] (test_package) StdoutLine: {'line': b'-- Found rosidl_adapter: 4.0.1 (/opt/ros/iron/share/rosidl_adapter/cmake)\n'}
[1.205184] (-) TimerEvent: {}
[1.305933] (-) TimerEvent: {}
[1.406675] (-) TimerEvent: {}
[1.507403] (-) TimerEvent: {}
[1.608063] (-) TimerEvent: {}
[1.708680] (-) TimerEvent: {}
[1.809331] (-) TimerEvent: {}
[1.909990] (-) TimerEvent: {}
[2.010668] (-) TimerEvent: {}
[2.111314] (-) TimerEvent: {}
[2.211972] (-) TimerEvent: {}
[2.312668] (-) TimerEvent: {}
[2.413247] (-) TimerEvent: {}
[2.513907] (-) TimerEvent: {}
[2.614620] (-) TimerEvent: {}
[2.715205] (-) TimerEvent: {}
[2.815900] (-) TimerEvent: {}
[2.916621] (-) TimerEvent: {}
[3.017269] (-) TimerEvent: {}
[3.050194] (test_package) StdoutLine: {'line': b'-- Found ament_cmake_ros: 0.11.2 (/opt/ros/iron/share/ament_cmake_ros/cmake)\n'}
[3.117481] (-) TimerEvent: {}
[3.218394] (-) TimerEvent: {}
[3.319495] (-) TimerEvent: {}
[3.420510] (-) TimerEvent: {}
[3.521242] (-) TimerEvent: {}
[3.621931] (-) TimerEvent: {}
[3.722645] (-) TimerEvent: {}
[3.823230] (-) TimerEvent: {}
[3.893642] (test_package) StdoutLine: {'line': b'-- Using all available rosidl_typesupport_c: rosidl_typesupport_fastrtps_c;rosidl_typesupport_introspection_c\n'}
[3.923467] (-) TimerEvent: {}
[4.024136] (-) TimerEvent: {}
[4.124789] (-) TimerEvent: {}
[4.225477] (-) TimerEvent: {}
[4.326356] (-) TimerEvent: {}
[4.426955] (-) TimerEvent: {}
[4.527552] (-) TimerEvent: {}
[4.628227] (-) TimerEvent: {}
[4.729032] (-) TimerEvent: {}
[4.829671] (-) TimerEvent: {}
[4.930473] (-) TimerEvent: {}
[5.006852] (test_package) StdoutLine: {'line': b'-- Using all available rosidl_typesupport_cpp: rosidl_typesupport_fastrtps_cpp;rosidl_typesupport_introspection_cpp\n'}
[5.030625] (-) TimerEvent: {}
[5.107453] (test_package) StdoutLine: {'line': b'-- Found python_cmake_module: 0.10.2 (/opt/ros/iron/share/python_cmake_module/cmake)\n'}
[5.130767] (-) TimerEvent: {}
[5.209465] (test_package) StdoutLine: {'line': b'-- Using PYTHON_EXECUTABLE: /usr/bin/python3\n'}
[5.210181] (test_package) StdoutLine: {'line': b'-- Using PYTHON_INCLUDE_DIRS: /usr/include/python3.10\n'}
[5.210682] (test_package) StdoutLine: {'line': b'-- Using PYTHON_LIBRARIES: /usr/lib/aarch64-linux-gnu/libpython3.10.so\n'}
[5.230934] (-) TimerEvent: {}
[5.284202] (test_package) StdoutLine: {'line': b'-- Found test_package: 0.0.0 (/home/curry/wilson_proj/ros2-rover-ws/install/test_package/share/test_package/cmake)\n'}
[5.331088] (-) TimerEvent: {}
[5.431746] (-) TimerEvent: {}
[5.532463] (-) TimerEvent: {}
[5.562444] (test_package) StdoutLine: {'line': b'-- Found rclcpp: 21.0.7 (/opt/ros/iron/share/rclcpp/cmake)\n'}
[5.632617] (-) TimerEvent: {}
[5.733319] (-) TimerEvent: {}
[5.833981] (-) TimerEvent: {}
[5.914967] (test_package) StdoutLine: {'line': b'-- Found rmw_implementation_cmake: 7.1.0 (/opt/ros/iron/share/rmw_implementation_cmake/cmake)\n'}
[5.920447] (test_package) StdoutLine: {'line': b'-- Found rmw_fastrtps_cpp: 7.1.4 (/opt/ros/iron/share/rmw_fastrtps_cpp/cmake)\n'}
[5.934131] (-) TimerEvent: {}
[6.034797] (-) TimerEvent: {}
[6.135458] (-) TimerEvent: {}
[6.236186] (-) TimerEvent: {}
[6.336856] (-) TimerEvent: {}
[6.437755] (-) TimerEvent: {}
[6.538564] (-) TimerEvent: {}
[6.639181] (-) TimerEvent: {}
[6.739808] (-) TimerEvent: {}
[6.840431] (-) TimerEvent: {}
[6.902868] (test_package) StdoutLine: {'line': b"-- Using RMW implementation 'rmw_fastrtps_cpp' as default\n"}
[6.940622] (-) TimerEvent: {}
[7.041290] (-) TimerEvent: {}
[7.141971] (-) TimerEvent: {}
[7.242704] (-) TimerEvent: {}
[7.343341] (-) TimerEvent: {}
[7.444008] (-) TimerEvent: {}
[7.544653] (-) TimerEvent: {}
[7.548845] (test_package) StdoutLine: {'line': b'-- Found rclcpp_action: 21.0.7 (/opt/ros/iron/share/rclcpp_action/cmake)\n'}
[7.644817] (-) TimerEvent: {}
[7.721423] (test_package) StdoutLine: {'line': b'-- Found rclcpp_components: 21.0.7 (/opt/ros/iron/share/rclcpp_components/cmake)\n'}
[7.744980] (-) TimerEvent: {}
[7.845615] (-) TimerEvent: {}
[7.946289] (-) TimerEvent: {}
[8.046950] (-) TimerEvent: {}
[8.147604] (-) TimerEvent: {}
[8.208877] (test_package) StdoutLine: {'line': b'-- Found std_srvs: 5.0.1 (/opt/ros/iron/share/std_srvs/cmake)\n'}
[8.247753] (-) TimerEvent: {}
[8.348391] (-) TimerEvent: {}
[8.381204] (test_package) StdoutLine: {'line': b'-- Found example_interfaces: 0.10.2 (/opt/ros/iron/share/example_interfaces/cmake)\n'}
[8.448552] (-) TimerEvent: {}
[8.549252] (-) TimerEvent: {}
[8.649980] (-) TimerEvent: {}
[8.681119] (test_package) StdoutLine: {'line': b'-- Found ament_lint_auto: 0.14.4 (/opt/ros/iron/share/ament_lint_auto/cmake)\n'}
[8.721333] (test_package) StdoutLine: {'line': b"-- Added test 'cppcheck' to perform static code analysis on C / C++ code\n"}
[8.724135] (test_package) StdoutLine: {'line': b'-- Configured cppcheck include dirs: $<BUILD_INTERFACE:/home/curry/wilson_proj/ros2-rover-ws/src/test_package/include>\n'}
[8.724597] (test_package) StdoutLine: {'line': b'-- Configured cppcheck exclude dirs and/or files: \n'}
[8.727554] (test_package) StdoutLine: {'line': b"-- Added test 'lint_cmake' to check CMake code style\n"}
[8.734366] (test_package) StdoutLine: {'line': b"-- Added test 'uncrustify' to check C / C++ code style\n"}
[8.734918] (test_package) StdoutLine: {'line': b'-- Configured uncrustify additional arguments: \n'}
[8.736241] (test_package) StdoutLine: {'line': b"-- Added test 'xmllint' to check XML markup files\n"}
[8.745709] (test_package) StdoutLine: {'line': b'-- Configuring done\n'}
[8.750139] (-) TimerEvent: {}
[8.850810] (-) TimerEvent: {}
[8.951504] (-) TimerEvent: {}
[8.971309] (test_package) StderrLine: {'line': b'\x1b[33mCMake Warning at CMakeLists.txt:25 (add_library):\n'}
[8.971934] (test_package) StderrLine: {'line': b'  Cannot generate a safe runtime search path for target action_server because\n'}
[8.972274] (test_package) StderrLine: {'line': b'  there is a cycle in the constraint graph:\n'}
[8.972557] (test_package) StderrLine: {'line': b'\n'}
[8.972852] (test_package) StderrLine: {'line': b'    dir 0 is [/home/curry/wilson_proj/ros2-rover-ws/install/test_package/lib]\n'}
[8.973161] (test_package) StderrLine: {'line': b'      dir 1 must precede it due to runtime library [libtest_package__rosidl_typesupport_introspection_c.so]\n'}
[8.973454] (test_package) StderrLine: {'line': b'    dir 1 is [/home/curry/wilson_proj/ros2-rover-ws/build/test_package]\n'}
[8.973719] (test_package) StderrLine: {'line': b'      dir 0 must precede it due to runtime library [libtest_package__rosidl_typesupport_fastrtps_c.so]\n'}
[8.973997] (test_package) StderrLine: {'line': b'    dir 2 is [/opt/ros/iron/lib]\n'}
[8.974334] (test_package) StderrLine: {'line': b'\n'}
[8.974653] (test_package) StderrLine: {'line': b'  Some of these libraries may not be found correctly.\n'}
[8.974945] (test_package) StderrLine: {'line': b'\n'}
[8.975219] (test_package) StderrLine: {'line': b'\x1b[0m\n'}
[9.029265] (test_package) StdoutLine: {'line': b'-- Generating done\n'}
[9.050847] (test_package) StdoutLine: {'line': b'-- Build files have been written to: /home/curry/wilson_proj/ros2-rover-ws/build/test_package\n'}
[9.051656] (-) TimerEvent: {}
[9.152463] (-) TimerEvent: {}
[9.186174] (test_package) StdoutLine: {'line': b'\x1b[35m\x1b[1mConsolidate compiler generated dependencies of target Tserver_node\x1b[0m\n'}
[9.221698] (test_package) StdoutLine: {'line': b'[  2%] Built target test_package__rosidl_generator_type_description\n'}
[9.228709] (test_package) StdoutLine: {'line': b'[  5%] \x1b[32mBuilding CXX object CMakeFiles/action_server_node.dir/rclcpp_components/node_main_action_server_node.cpp.o\x1b[0m\n'}
[9.252700] (-) TimerEvent: {}
[9.283718] (test_package) StdoutLine: {'line': b'[  5%] Built target ament_cmake_python_copy_test_package\n'}
[9.292198] (test_package) StdoutLine: {'line': b'[ 10%] Built target Tserver_node\n'}
[9.325626] (test_package) StdoutLine: {'line': b'[ 12%] Built target test_package__cpp\n'}
[9.333633] (test_package) StdoutLine: {'line': b'\x1b[35m\x1b[1mConsolidate compiler generated dependencies of target test_package__rosidl_generator_c\x1b[0m\n'}
[9.353001] (-) TimerEvent: {}
[9.389722] (test_package) StdoutLine: {'line': b'[ 25%] Built target test_package__rosidl_generator_c\n'}
[9.438707] (test_package) StdoutLine: {'line': b'\x1b[35m\x1b[1mConsolidate compiler generated dependencies of target test_package__rosidl_typesupport_cpp\x1b[0m\n'}
[9.442133] (test_package) StdoutLine: {'line': b'\x1b[35m\x1b[1mConsolidate compiler generated dependencies of target test_package__rosidl_typesupport_fastrtps_c\x1b[0m\n'}
[9.453246] (-) TimerEvent: {}
[9.509911] (test_package) StdoutLine: {'line': b'[ 32%] Built target test_package__rosidl_typesupport_cpp\n'}
[9.518053] (test_package) StdoutLine: {'line': b'[ 40%] Built target test_package__rosidl_typesupport_fastrtps_c\n'}
[9.553566] (-) TimerEvent: {}
[9.560912] (test_package) StdoutLine: {'line': b'\x1b[35m\x1b[1mConsolidate compiler generated dependencies of target test_package__rosidl_typesupport_introspection_c\x1b[0m\n'}
[9.569742] (test_package) StdoutLine: {'line': b'\x1b[35m\x1b[1mConsolidate compiler generated dependencies of target test_package__rosidl_typesupport_c\x1b[0m\n'}
[9.622041] (test_package) StdoutLine: {'line': b'[ 47%] Built target test_package__rosidl_typesupport_introspection_c\n'}
[9.629770] (test_package) StdoutLine: {'line': b'[ 55%] Built target test_package__rosidl_typesupport_c\n'}
[9.653761] (-) TimerEvent: {}
[9.678446] (test_package) StdoutLine: {'line': b'\x1b[35m\x1b[1mConsolidate compiler generated dependencies of target test_package__rosidl_typesupport_fastrtps_cpp\x1b[0m\n'}
[9.680455] (test_package) StdoutLine: {'line': b'\x1b[35m\x1b[1mConsolidate compiler generated dependencies of target test_package__rosidl_typesupport_introspection_cpp\x1b[0m\n'}
[9.749827] (test_package) StdoutLine: {'line': b'[ 62%] Built target test_package__rosidl_typesupport_introspection_cpp\n'}
[9.753962] (-) TimerEvent: {}
[9.758328] (test_package) StdoutLine: {'line': b'[ 70%] Built target test_package__rosidl_typesupport_fastrtps_cpp\n'}
[9.848708] (test_package) StdoutLine: {'line': b'[ 72%] \x1b[32mBuilding CXX object CMakeFiles/action_server.dir/src/Action_server_node.cpp.o\x1b[0m\n'}
[9.854239] (-) TimerEvent: {}
[9.856186] (test_package) StdoutLine: {'line': b'[ 72%] Built target test_package\n'}
[9.951633] (test_package) StdoutLine: {'line': b'[ 75%] Built target test_package__py\n'}
[9.954465] (-) TimerEvent: {}
[9.999701] (test_package) StdoutLine: {'line': b'\x1b[35m\x1b[1mConsolidate compiler generated dependencies of target test_package__rosidl_generator_py\x1b[0m\n'}
[10.054669] (-) TimerEvent: {}
[10.065138] (test_package) StdoutLine: {'line': b'[ 80%] Built target test_package__rosidl_generator_py\n'}
[10.113193] (test_package) StdoutLine: {'line': b'\x1b[35m\x1b[1mConsolidate compiler generated dependencies of target test_package__rosidl_typesupport_fastrtps_c__pyext\x1b[0m\n'}
[10.154894] (-) TimerEvent: {}
[10.180305] (test_package) StdoutLine: {'line': b'[ 85%] Built target test_package__rosidl_typesupport_fastrtps_c__pyext\n'}
[10.227562] (test_package) StdoutLine: {'line': b'\x1b[35m\x1b[1mConsolidate compiler generated dependencies of target test_package__rosidl_typesupport_introspection_c__pyext\x1b[0m\n'}
[10.255075] (-) TimerEvent: {}
[10.292574] (test_package) StdoutLine: {'line': b'[ 90%] Built target test_package__rosidl_typesupport_introspection_c__pyext\n'}
[10.339923] (test_package) StdoutLine: {'line': b'\x1b[35m\x1b[1mConsolidate compiler generated dependencies of target test_package__rosidl_typesupport_c__pyext\x1b[0m\n'}
[10.356060] (-) TimerEvent: {}
[10.405134] (test_package) StdoutLine: {'line': b'[ 95%] Built target test_package__rosidl_typesupport_c__pyext\n'}
[10.456240] (-) TimerEvent: {}
[10.557676] (-) TimerEvent: {}
[10.659332] (-) TimerEvent: {}
[10.760942] (-) TimerEvent: {}
[10.810428] (test_package) StdoutLine: {'line': b'running egg_info\n'}
[10.814100] (test_package) StdoutLine: {'line': b'writing test_package.egg-info/PKG-INFO\n'}
[10.815303] (test_package) StdoutLine: {'line': b'writing dependency_links to test_package.egg-info/dependency_links.txt\n'}
[10.816347] (test_package) StdoutLine: {'line': b'writing top-level names to test_package.egg-info/top_level.txt\n'}
[10.827844] (test_package) StdoutLine: {'line': b"reading manifest file 'test_package.egg-info/SOURCES.txt'\n"}
[10.830420] (test_package) StdoutLine: {'line': b"writing manifest file 'test_package.egg-info/SOURCES.txt'\n"}
[10.861196] (-) TimerEvent: {}
[10.963445] (-) TimerEvent: {}
[10.969021] (test_package) StdoutLine: {'line': b'[ 95%] Built target ament_cmake_python_build_test_package_egg\n'}
[11.063666] (-) TimerEvent: {}
[11.164621] (-) TimerEvent: {}
[11.265425] (-) TimerEvent: {}
[11.366312] (-) TimerEvent: {}
[11.467129] (-) TimerEvent: {}
[11.567966] (-) TimerEvent: {}
[11.668891] (-) TimerEvent: {}
[11.769725] (-) TimerEvent: {}
[11.870624] (-) TimerEvent: {}
[11.971453] (-) TimerEvent: {}
[12.072355] (-) TimerEvent: {}
[12.118693] (test_package) StderrLine: {'line': b'\x1b[01m\x1b[K/home/curry/wilson_proj/ros2-rover-ws/src/test_package/src/Action_server_node.cpp:10:10:\x1b[m\x1b[K \x1b[01;31m\x1b[Kfatal error: \x1b[m\x1b[Kaction_tutorials_cpp/visibility_control.h: No such file or directory\n'}
[12.119387] (test_package) StderrLine: {'line': b'   10 | #include \x1b[01;31m\x1b[K"action_tutorials_cpp/visibility_control.h"\x1b[m\x1b[K\n'}
[12.119975] (test_package) StderrLine: {'line': b'      |          \x1b[01;31m\x1b[K^~~~~~~~~~~~~~~~~~~~~~~~~~~~~~~~~~~~~~~~~~~\x1b[m\x1b[K\n'}
[12.120501] (test_package) StderrLine: {'line': b'compilation terminated.\n'}
[12.129944] (test_package) StderrLine: {'line': b'gmake[2]: *** [CMakeFiles/action_server.dir/build.make:76: CMakeFiles/action_server.dir/src/Action_server_node.cpp.o] Error 1\n'}
[12.131034] (test_package) StderrLine: {'line': b'gmake[1]: *** [CMakeFiles/Makefile2:630: CMakeFiles/action_server.dir/all] Error 2\n'}
[12.131587] (test_package) StderrLine: {'line': b'gmake[1]: *** Waiting for unfinished jobs....\n'}
[12.172551] (-) TimerEvent: {}
[12.273325] (-) TimerEvent: {}
[12.374079] (-) TimerEvent: {}
[12.474819] (-) TimerEvent: {}
[12.575521] (-) TimerEvent: {}
[12.676217] (-) TimerEvent: {}
[12.777013] (-) TimerEvent: {}
[12.877720] (-) TimerEvent: {}
[12.978435] (-) TimerEvent: {}
[13.079207] (-) TimerEvent: {}
[13.180037] (-) TimerEvent: {}
[13.280795] (-) TimerEvent: {}
[13.381565] (-) TimerEvent: {}
[13.482314] (-) TimerEvent: {}
[13.583101] (-) TimerEvent: {}
[13.683896] (-) TimerEvent: {}
[13.784635] (-) TimerEvent: {}
[13.885439] (-) TimerEvent: {}
[13.986446] (-) TimerEvent: {}
[14.087138] (-) TimerEvent: {}
[14.187845] (-) TimerEvent: {}
[14.288584] (-) TimerEvent: {}
[14.389310] (-) TimerEvent: {}
[14.490016] (-) TimerEvent: {}
[14.590780] (-) TimerEvent: {}
[14.691466] (-) TimerEvent: {}
[14.792156] (-) TimerEvent: {}
[14.892862] (-) TimerEvent: {}
[14.993618] (-) TimerEvent: {}
[15.094391] (-) TimerEvent: {}
[15.195096] (-) TimerEvent: {}
[15.295803] (-) TimerEvent: {}
[15.396510] (-) TimerEvent: {}
[15.497218] (-) TimerEvent: {}
[15.597995] (-) TimerEvent: {}
[15.698733] (-) TimerEvent: {}
[15.799429] (-) TimerEvent: {}
[15.900143] (-) TimerEvent: {}
[16.000872] (-) TimerEvent: {}
[16.101622] (-) TimerEvent: {}
[16.202404] (-) TimerEvent: {}
[16.303098] (-) TimerEvent: {}
[16.403864] (-) TimerEvent: {}
[16.504768] (-) TimerEvent: {}
[16.605498] (-) TimerEvent: {}
[16.706255] (-) TimerEvent: {}
[16.806999] (-) TimerEvent: {}
[16.907733] (-) TimerEvent: {}
[17.008483] (-) TimerEvent: {}
[17.109271] (-) TimerEvent: {}
[17.210000] (-) TimerEvent: {}
[17.310804] (-) TimerEvent: {}
[17.411523] (-) TimerEvent: {}
[17.512245] (-) TimerEvent: {}
[17.612966] (-) TimerEvent: {}
[17.713676] (-) TimerEvent: {}
[17.814442] (-) TimerEvent: {}
[17.915142] (-) TimerEvent: {}
[18.015850] (-) TimerEvent: {}
[18.116566] (-) TimerEvent: {}
[18.217307] (-) TimerEvent: {}
[18.318048] (-) TimerEvent: {}
[18.418907] (-) TimerEvent: {}
[18.519610] (-) TimerEvent: {}
[18.620316] (-) TimerEvent: {}
[18.721008] (-) TimerEvent: {}
[18.821739] (-) TimerEvent: {}
[18.922441] (-) TimerEvent: {}
[19.023305] (-) TimerEvent: {}
[19.124022] (-) TimerEvent: {}
[19.224789] (-) TimerEvent: {}
[19.325514] (-) TimerEvent: {}
[19.426246] (-) TimerEvent: {}
[19.526984] (-) TimerEvent: {}
[19.627667] (-) TimerEvent: {}
[19.728364] (-) TimerEvent: {}
[19.829064] (-) TimerEvent: {}
[19.929806] (-) TimerEvent: {}
[20.030585] (-) TimerEvent: {}
[20.131295] (-) TimerEvent: {}
[20.232023] (-) TimerEvent: {}
[20.332709] (-) TimerEvent: {}
[20.433440] (-) TimerEvent: {}
[20.534140] (-) TimerEvent: {}
[20.634910] (-) TimerEvent: {}
[20.735574] (-) TimerEvent: {}
[20.836275] (-) TimerEvent: {}
[20.937011] (-) TimerEvent: {}
[21.037752] (-) TimerEvent: {}
[21.138748] (-) TimerEvent: {}
[21.239454] (-) TimerEvent: {}
[21.340206] (-) TimerEvent: {}
[21.440932] (-) TimerEvent: {}
[21.541624] (-) TimerEvent: {}
[21.642379] (-) TimerEvent: {}
[21.743116] (-) TimerEvent: {}
[21.843878] (-) TimerEvent: {}
[21.944683] (-) TimerEvent: {}
[22.045397] (-) TimerEvent: {}
[22.146125] (-) TimerEvent: {}
[22.246894] (-) TimerEvent: {}
[22.347599] (-) TimerEvent: {}
[22.448355] (-) TimerEvent: {}
[22.549057] (-) TimerEvent: {}
[22.649754] (-) TimerEvent: {}
[22.750451] (-) TimerEvent: {}
[22.851142] (-) TimerEvent: {}
[22.951853] (-) TimerEvent: {}
[23.052533] (-) TimerEvent: {}
[23.153295] (-) TimerEvent: {}
[23.254022] (-) TimerEvent: {}
[23.354753] (-) TimerEvent: {}
[23.455400] (-) TimerEvent: {}
[23.556079] (-) TimerEvent: {}
[23.656778] (-) TimerEvent: {}
[23.757549] (-) TimerEvent: {}
[23.858200] (-) TimerEvent: {}
[23.958926] (-) TimerEvent: {}
[24.059729] (-) TimerEvent: {}
[24.160466] (-) TimerEvent: {}
[24.232620] (test_package) StdoutLine: {'line': b'[ 97%] \x1b[32m\x1b[1mLinking CXX executable action_server_node\x1b[0m\n'}
[24.260664] (-) TimerEvent: {}
[24.361598] (-) TimerEvent: {}
[24.462520] (-) TimerEvent: {}
[24.563397] (-) TimerEvent: {}
[24.664238] (-) TimerEvent: {}
[24.765089] (-) TimerEvent: {}
[24.865984] (-) TimerEvent: {}
[24.899904] (test_package) StdoutLine: {'line': b'[ 97%] Built target action_server_node\n'}
[24.903886] (test_package) StderrLine: {'line': b'gmake: *** [Makefile:146: all] Error 2\n'}
[24.910123] (test_package) CommandEnded: {'returncode': 2}
[24.966161] (-) TimerEvent: {}
[25.066874] (-) TimerEvent: {}
[25.167554] (-) TimerEvent: {}
[25.268563] (-) TimerEvent: {}
[25.369427] (-) TimerEvent: {}
[25.381616] (test_package) JobEnded: {'identifier': 'test_package', 'rc': 2}
[25.392980] (-) EventReactorShutdown: {}
