[0.000000] (-) TimerEvent: {}
[0.000164] (test_package) JobQueued: {'identifier': 'test_package', 'dependencies': OrderedDict()}
[0.000798] (test_package) JobStarted: {'identifier': 'test_package'}
[0.008434] (test_package) JobProgress: {'identifier': 'test_package', 'progress': 'cmake'}
[0.009094] (test_package) JobProgress: {'identifier': 'test_package', 'progress': 'build'}
[0.009792] (test_package) Command: {'cmd': ['/usr/bin/cmake', '--build', '/home/yupi/rover_proj/ros2-base-ws/build/test_package', '--', '-j4', '-l4'], 'cwd': '/home/yupi/rover_proj/ros2-base-ws/build/test_package', 'env': OrderedDict([('LESSOPEN', '| /usr/bin/lesspipe %s'), ('USER', 'yupi'), ('SSH_CLIENT', '172.30.0.82 62706 22'), ('LC_TIME', 'th_TH.UTF-8'), ('XDG_SESSION_TYPE', 'tty'), ('SHLVL', '1'), ('LD_LIBRARY_PATH', '/home/yupi/rover_proj/ros2-base-ws/install/test_package/lib:/opt/ros/humble/opt/rviz_ogre_vendor/lib:/opt/ros/humble/lib/x86_64-linux-gnu:/opt/ros/humble/lib'), ('MOTD_SHOWN', 'pam'), ('HOME', '/home/yupi'), ('OLDPWD', '/home/yupi/rover_proj'), ('SSH_TTY', '/dev/pts/1'), ('ROS_PYTHON_VERSION', '3'), ('LC_MONETARY', 'th_TH.UTF-8'), ('DBUS_SESSION_BUS_ADDRESS', 'unix:path=/run/user/1000/bus'), ('COLCON_PREFIX_PATH', '/home/yupi/rover_proj/ros2-base-ws/install:/home/yupi/rover_proj/mros2-host-examples-main/install'), ('ROS_DISTRO', 'humble'), ('LOGNAME', 'yupi'), ('_', '/usr/bin/colcon'), ('ROS_VERSION', '2'), ('XDG_SESSION_CLASS', 'user'), ('TERM', 'xterm-256color'), ('XDG_SESSION_ID', '2482'), ('ROS_LOCALHOST_ONLY', '0'), ('PATH', '/home/yupi/.local/bin:/opt/ros/humble/bin:/usr/local/sbin:/usr/local/bin:/usr/sbin:/usr/bin:/sbin:/bin:/usr/games:/usr/local/games:/snap/bin'), ('LC_ADDRESS', 'th_TH.UTF-8'), ('XDG_RUNTIME_DIR', '/run/user/1000'), ('LANG', 'en_US.UTF-8'), ('LC_TELEPHONE', 'th_TH.UTF-8'), ('LS_COLORS', 'rs=0:di=01;34:ln=01;36:mh=00:pi=40;33:so=01;35:do=01;35:bd=40;33;01:cd=40;33;01:or=40;31;01:mi=00:su=37;41:sg=30;43:ca=30;41:tw=30;42:ow=34;42:st=37;44:ex=01;32:*.tar=01;31:*.tgz=01;31:*.arc=01;31:*.arj=01;31:*.taz=01;31:*.lha=01;31:*.lz4=01;31:*.lzh=01;31:*.lzma=01;31:*.tlz=01;31:*.txz=01;31:*.tzo=01;31:*.t7z=01;31:*.zip=01;31:*.z=01;31:*.dz=01;31:*.gz=01;31:*.lrz=01;31:*.lz=01;31:*.lzo=01;31:*.xz=01;31:*.zst=01;31:*.tzst=01;31:*.bz2=01;31:*.bz=01;31:*.tbz=01;31:*.tbz2=01;31:*.tz=01;31:*.deb=01;31:*.rpm=01;31:*.jar=01;31:*.war=01;31:*.ear=01;31:*.sar=01;31:*.rar=01;31:*.alz=01;31:*.ace=01;31:*.zoo=01;31:*.cpio=01;31:*.7z=01;31:*.rz=01;31:*.cab=01;31:*.wim=01;31:*.swm=01;31:*.dwm=01;31:*.esd=01;31:*.jpg=01;35:*.jpeg=01;35:*.mjpg=01;35:*.mjpeg=01;35:*.gif=01;35:*.bmp=01;35:*.pbm=01;35:*.pgm=01;35:*.ppm=01;35:*.tga=01;35:*.xbm=01;35:*.xpm=01;35:*.tif=01;35:*.tiff=01;35:*.png=01;35:*.svg=01;35:*.svgz=01;35:*.mng=01;35:*.pcx=01;35:*.mov=01;35:*.mpg=01;35:*.mpeg=01;35:*.m2v=01;35:*.mkv=01;35:*.webm=01;35:*.webp=01;35:*.ogm=01;35:*.mp4=01;35:*.m4v=01;35:*.mp4v=01;35:*.vob=01;35:*.qt=01;35:*.nuv=01;35:*.wmv=01;35:*.asf=01;35:*.rm=01;35:*.rmvb=01;35:*.flc=01;35:*.avi=01;35:*.fli=01;35:*.flv=01;35:*.gl=01;35:*.dl=01;35:*.xcf=01;35:*.xwd=01;35:*.yuv=01;35:*.cgm=01;35:*.emf=01;35:*.ogv=01;35:*.ogx=01;35:*.aac=00;36:*.au=00;36:*.flac=00;36:*.m4a=00;36:*.mid=00;36:*.midi=00;36:*.mka=00;36:*.mp3=00;36:*.mpc=00;36:*.ogg=00;36:*.ra=00;36:*.wav=00;36:*.oga=00;36:*.opus=00;36:*.spx=00;36:*.xspf=00;36:'), ('ROS_DOMAIN_ID', '10'), ('AMENT_PREFIX_PATH', '/home/yupi/rover_proj/ros2-base-ws/install/test_package:/home/yupi/rover_proj/mros2-host-examples-main/install/mros2_sub_twist:/home/yupi/rover_proj/mros2-host-examples-main/install/mros2_sub_long_string_pub_crc:/home/yupi/rover_proj/mros2-host-examples-main/install/mros2_sub_float32:/home/yupi/rover_proj/mros2-host-examples-main/install/mros2_pub_uint16:/home/yupi/rover_proj/mros2-host-examples-main/install/mros2_pub_pose:/home/yupi/rover_proj/mros2-host-examples-main/install/mros2_echoreply_string:/home/yupi/rover_proj/mros2-host-examples-main/install/mros2_echoback_string:/opt/ros/humble'), ('SHELL', '/bin/bash'), ('LC_NAME', 'th_TH.UTF-8'), ('LESSCLOSE', '/usr/bin/lesspipe %s %s'), ('LC_MEASUREMENT', 'th_TH.UTF-8'), ('LC_IDENTIFICATION', 'th_TH.UTF-8'), ('PWD', '/home/yupi/rover_proj/ros2-base-ws/build/test_package'), ('LC_ALL', 'en_US.UTF-8'), ('SSH_CONNECTION', '172.30.0.82 62706 172.30.81.89 22'), ('XDG_DATA_DIRS', '/usr/share/gnome:/usr/local/share:/usr/share:/var/lib/snapd/desktop'), ('PYTHONPATH', '/home/yupi/rover_proj/ros2-base-ws/install/test_package/local/lib/python3.10/dist-packages:/home/yupi/rover_proj/ros2-base-ws/install/test_package/lib/python3.10/site-packages:/opt/ros/humble/lib/python3.10/site-packages:/opt/ros/humble/local/lib/python3.10/dist-packages'), ('LC_NUMERIC', 'th_TH.UTF-8'), ('LC_PAPER', 'th_TH.UTF-8'), ('COLCON', '1'), ('CMAKE_PREFIX_PATH', '/home/yupi/rover_proj/ros2-base-ws/install/test_package:/home/yupi/rover_proj/mros2-host-examples-main/install/mros2_sub_twist:/home/yupi/rover_proj/mros2-host-examples-main/install/mros2_sub_long_string_pub_crc:/home/yupi/rover_proj/mros2-host-examples-main/install/mros2_sub_float32:/home/yupi/rover_proj/mros2-host-examples-main/install/mros2_pub_uint16:/home/yupi/rover_proj/mros2-host-examples-main/install/mros2_pub_pose:/home/yupi/rover_proj/mros2-host-examples-main/install/mros2_echoreply_string:/home/yupi/rover_proj/mros2-host-examples-main/install/mros2_echoback_string:/opt/ros/humble')]), 'shell': False}
[0.035316] (test_package) StdoutLine: {'line': b'-- Found rosidl_default_generators: 1.2.0 (/opt/ros/humble/share/rosidl_default_generators/cmake)\n'}
[0.035577] (test_package) StdoutLine: {'line': b'-- Found ament_cmake_core: 1.3.10 (/opt/ros/humble/share/ament_cmake_core/cmake)\n'}
[0.099722] (-) TimerEvent: {}
[0.144894] (test_package) StdoutLine: {'line': b'-- Using all available rosidl_typesupport_c: rosidl_typesupport_fastrtps_c;rosidl_typesupport_introspection_c\n'}
[0.147654] (test_package) StdoutLine: {'line': b'-- Found rosidl_adapter: 3.1.5 (/opt/ros/humble/share/rosidl_adapter/cmake)\n'}
[0.181671] (test_package) StdoutLine: {'line': b'-- Using all available rosidl_typesupport_cpp: rosidl_typesupport_fastrtps_cpp;rosidl_typesupport_introspection_cpp\n'}
[0.199810] (-) TimerEvent: {}
[0.300022] (-) TimerEvent: {}
[0.400247] (-) TimerEvent: {}
[0.466544] (test_package) StdoutLine: {'line': b'-- Found ament_cmake_ros: 0.10.0 (/opt/ros/humble/share/ament_cmake_ros/cmake)\n'}
[0.500351] (-) TimerEvent: {}
[0.600574] (-) TimerEvent: {}
[0.637894] (test_package) StdoutLine: {'line': b'-- Using all available rosidl_typesupport_c: rosidl_typesupport_fastrtps_c;rosidl_typesupport_introspection_c\n'}
[0.700685] (-) TimerEvent: {}
[0.800911] (-) TimerEvent: {}
[0.863611] (test_package) StdoutLine: {'line': b'-- Using all available rosidl_typesupport_cpp: rosidl_typesupport_fastrtps_cpp;rosidl_typesupport_introspection_cpp\n'}
[0.884369] (test_package) StdoutLine: {'line': b'-- Found python_cmake_module: 0.10.0 (/opt/ros/humble/share/python_cmake_module/cmake)\n'}
[0.901016] (-) TimerEvent: {}
[0.905371] (test_package) StdoutLine: {'line': b'-- Using PYTHON_EXECUTABLE: /usr/bin/python3\n'}
[0.905500] (test_package) StdoutLine: {'line': b'-- Using PYTHON_INCLUDE_DIRS: /usr/include/python3.10\n'}
[0.905567] (test_package) StdoutLine: {'line': b'-- Using PYTHON_LIBRARIES: /usr/lib/x86_64-linux-gnu/libpython3.10.so\n'}
[0.925107] (test_package) StdoutLine: {'line': b'-- Found test_package: 0.0.0 (/home/yupi/rover_proj/ros2-base-ws/install/test_package/share/test_package/cmake)\n'}
[0.938018] (test_package) StdoutLine: {'line': b'-- Found rclcpp: 16.0.10 (/opt/ros/humble/share/rclcpp/cmake)\n'}
[0.963236] (test_package) StdoutLine: {'line': b'-- Found rmw_implementation_cmake: 6.1.2 (/opt/ros/humble/share/rmw_implementation_cmake/cmake)\n'}
[0.964757] (test_package) StdoutLine: {'line': b'-- Found rmw_fastrtps_cpp: 6.2.7 (/opt/ros/humble/share/rmw_fastrtps_cpp/cmake)\n'}
[1.001124] (-) TimerEvent: {}
[1.059005] (test_package) StdoutLine: {'line': b"-- Using RMW implementation 'rmw_fastrtps_cpp' as default\n"}
[1.101226] (-) TimerEvent: {}
[1.107671] (test_package) StdoutLine: {'line': b'-- Found rclcpp_action: 16.0.10 (/opt/ros/humble/share/rclcpp_action/cmake)\n'}
[1.115194] (test_package) StdoutLine: {'line': b'-- Found rclcpp_components: 16.0.10 (/opt/ros/humble/share/rclcpp_components/cmake)\n'}
[1.132965] (test_package) StdoutLine: {'line': b'-- Found std_srvs: 4.2.4 (/opt/ros/humble/share/std_srvs/cmake)\n'}
[1.141442] (test_package) StdoutLine: {'line': b'-- Found example_interfaces: 0.9.3 (/opt/ros/humble/share/example_interfaces/cmake)\n'}
[1.159793] (test_package) StdoutLine: {'line': b'-- Found ament_lint_auto: 0.12.11 (/opt/ros/humble/share/ament_lint_auto/cmake)\n'}
[1.168607] (test_package) StdoutLine: {'line': b"-- Added test 'cppcheck' to perform static code analysis on C / C++ code\n"}
[1.169312] (test_package) StdoutLine: {'line': b'-- Configured cppcheck include dirs: $<BUILD_INTERFACE:/home/yupi/rover_proj/ros2-base-ws/src/test_package/include>\n'}
[1.169404] (test_package) StdoutLine: {'line': b'-- Configured cppcheck exclude dirs and/or files: \n'}
[1.169933] (test_package) StdoutLine: {'line': b"-- Added test 'lint_cmake' to check CMake code style\n"}
[1.170928] (test_package) StdoutLine: {'line': b"-- Added test 'uncrustify' to check C / C++ code style\n"}
[1.171019] (test_package) StdoutLine: {'line': b'-- Configured uncrustify additional arguments: \n'}
[1.171300] (test_package) StdoutLine: {'line': b"-- Added test 'xmllint' to check XML markup files\n"}
[1.172839] (test_package) StdoutLine: {'line': b'-- Configuring done\n'}
[1.201336] (-) TimerEvent: {}
[1.207594] (test_package) StderrLine: {'line': b'\x1b[33mCMake Warning at CMakeLists.txt:26 (add_library):\n'}
[1.207729] (test_package) StderrLine: {'line': b'  Cannot generate a safe runtime search path for target action_client because\n'}
[1.207795] (test_package) StderrLine: {'line': b'  there is a cycle in the constraint graph:\n'}
[1.207854] (test_package) StderrLine: {'line': b'\n'}
[1.207911] (test_package) StderrLine: {'line': b'    dir 0 is [/home/yupi/rover_proj/ros2-base-ws/install/test_package/lib]\n'}
[1.207966] (test_package) StderrLine: {'line': b'      dir 1 must precede it due to runtime library [libtest_package__rosidl_typesupport_introspection_c.so]\n'}
[1.208021] (test_package) StderrLine: {'line': b'    dir 1 is [/home/yupi/rover_proj/ros2-base-ws/build/test_package]\n'}
[1.208075] (test_package) StderrLine: {'line': b'      dir 0 must precede it due to runtime library [libtest_package__rosidl_typesupport_fastrtps_c.so]\n'}
[1.208129] (test_package) StderrLine: {'line': b'    dir 2 is [/opt/ros/humble/lib]\n'}
[1.208183] (test_package) StderrLine: {'line': b'\n'}
[1.208237] (test_package) StderrLine: {'line': b'  Some of these libraries may not be found correctly.\n'}
[1.208292] (test_package) StderrLine: {'line': b'\n'}
[1.208346] (test_package) StderrLine: {'line': b'\x1b[0m\n'}
[1.218124] (test_package) StdoutLine: {'line': b'-- Generating done\n'}
[1.222094] (test_package) StdoutLine: {'line': b'-- Build files have been written to: /home/yupi/rover_proj/ros2-base-ws/build/test_package\n'}
[1.247596] (test_package) StdoutLine: {'line': b'\x1b[35m\x1b[1mConsolidate compiler generated dependencies of target test_package__rosidl_generator_c\x1b[0m\n'}
[1.257185] (test_package) StdoutLine: {'line': b'[  2%] Built target test_package__cpp\n'}
[1.257385] (test_package) StdoutLine: {'line': b'[  5%] \x1b[32mBuilding CXX object CMakeFiles/fibonacci_action_client.dir/rclcpp_components/node_main_fibonacci_action_client.cpp.o\x1b[0m\n'}
[1.258671] (test_package) StdoutLine: {'line': b'[ 13%] Built target test_package__rosidl_generator_c\n'}
[1.266451] (test_package) StdoutLine: {'line': b'[ 13%] Built target ament_cmake_python_copy_test_package\n'}
[1.268259] (test_package) StdoutLine: {'line': b'\x1b[35m\x1b[1mConsolidate compiler generated dependencies of target Tclient_node\x1b[0m\n'}
[1.268424] (test_package) StdoutLine: {'line': b'\x1b[35m\x1b[1mConsolidate compiler generated dependencies of target test_package__rosidl_typesupport_cpp\x1b[0m\n'}
[1.277717] (test_package) StdoutLine: {'line': b'\x1b[35m\x1b[1mConsolidate compiler generated dependencies of target test_package__rosidl_typesupport_fastrtps_c\x1b[0m\n'}
[1.281917] (test_package) StdoutLine: {'line': b'[ 21%] Built target test_package__rosidl_typesupport_cpp\n'}
[1.286656] (test_package) StdoutLine: {'line': b'[ 24%] \x1b[32mBuilding CXX object CMakeFiles/Tclient_node.dir/src/Tclient_node.cpp.o\x1b[0m\n'}
[1.290931] (test_package) StdoutLine: {'line': b'[ 32%] Built target test_package__rosidl_typesupport_fastrtps_c\n'}
[1.293093] (test_package) StdoutLine: {'line': b'\x1b[35m\x1b[1mConsolidate compiler generated dependencies of target test_package__rosidl_typesupport_introspection_c\x1b[0m\n'}
[1.301427] (-) TimerEvent: {}
[1.301980] (test_package) StdoutLine: {'line': b'\x1b[35m\x1b[1mConsolidate compiler generated dependencies of target test_package__rosidl_typesupport_c\x1b[0m\n'}
[1.304528] (test_package) StdoutLine: {'line': b'[ 40%] Built target test_package__rosidl_typesupport_introspection_c\n'}
[1.313832] (test_package) StdoutLine: {'line': b'[ 48%] Built target test_package__rosidl_typesupport_c\n'}
[1.314210] (test_package) StdoutLine: {'line': b'\x1b[35m\x1b[1mConsolidate compiler generated dependencies of target test_package__rosidl_typesupport_fastrtps_cpp\x1b[0m\n'}
[1.324524] (test_package) StdoutLine: {'line': b'\x1b[35m\x1b[1mConsolidate compiler generated dependencies of target test_package__rosidl_typesupport_introspection_cpp\x1b[0m\n'}
[1.327990] (test_package) StdoutLine: {'line': b'[ 56%] Built target test_package__rosidl_typesupport_fastrtps_cpp\n'}
[1.338167] (test_package) StdoutLine: {'line': b'[ 64%] Built target test_package__rosidl_typesupport_introspection_cpp\n'}
[1.357915] (test_package) StdoutLine: {'line': b'[ 64%] Built target test_package\n'}
[1.378712] (test_package) StdoutLine: {'line': b'[ 67%] \x1b[32mBuilding CXX object CMakeFiles/action_client.dir/src/Action_client_node.cpp.o\x1b[0m\n'}
[1.401510] (-) TimerEvent: {}
[1.501734] (-) TimerEvent: {}
[1.563615] (test_package) StdoutLine: {'line': b'running egg_info\n'}
[1.564400] (test_package) StdoutLine: {'line': b'writing test_package.egg-info/PKG-INFO\n'}
[1.564887] (test_package) StdoutLine: {'line': b'writing dependency_links to test_package.egg-info/dependency_links.txt\n'}
[1.565118] (test_package) StdoutLine: {'line': b'writing top-level names to test_package.egg-info/top_level.txt\n'}
[1.567301] (test_package) StdoutLine: {'line': b"reading manifest file 'test_package.egg-info/SOURCES.txt'\n"}
[1.567920] (test_package) StdoutLine: {'line': b"writing manifest file 'test_package.egg-info/SOURCES.txt'\n"}
[1.595315] (test_package) StdoutLine: {'line': b'[ 67%] Built target ament_cmake_python_build_test_package_egg\n'}
[1.601830] (-) TimerEvent: {}
[1.615762] (test_package) StdoutLine: {'line': b'[ 70%] Built target test_package__py\n'}
[1.626479] (test_package) StdoutLine: {'line': b'\x1b[35m\x1b[1mConsolidate compiler generated dependencies of target test_package__rosidl_generator_py\x1b[0m\n'}
[1.639808] (test_package) StdoutLine: {'line': b'[ 75%] Built target test_package__rosidl_generator_py\n'}
[1.650702] (test_package) StdoutLine: {'line': b'\x1b[35m\x1b[1mConsolidate compiler generated dependencies of target test_package__rosidl_typesupport_fastrtps_c__pyext\x1b[0m\n'}
[1.663941] (test_package) StdoutLine: {'line': b'[ 81%] Built target test_package__rosidl_typesupport_fastrtps_c__pyext\n'}
[1.674841] (test_package) StdoutLine: {'line': b'\x1b[35m\x1b[1mConsolidate compiler generated dependencies of target test_package__rosidl_typesupport_introspection_c__pyext\x1b[0m\n'}
[1.688485] (test_package) StdoutLine: {'line': b'[ 86%] Built target test_package__rosidl_typesupport_introspection_c__pyext\n'}
[1.699384] (test_package) StdoutLine: {'line': b'\x1b[35m\x1b[1mConsolidate compiler generated dependencies of target test_package__rosidl_typesupport_c__pyext\x1b[0m\n'}
[1.701916] (-) TimerEvent: {}
[1.713259] (test_package) StdoutLine: {'line': b'[ 91%] Built target test_package__rosidl_typesupport_c__pyext\n'}
[1.802036] (-) TimerEvent: {}
[1.902419] (-) TimerEvent: {}
[2.002793] (-) TimerEvent: {}
[2.103152] (-) TimerEvent: {}
[2.203525] (-) TimerEvent: {}
[2.303882] (-) TimerEvent: {}
[2.404239] (-) TimerEvent: {}
[2.504657] (-) TimerEvent: {}
[2.605016] (-) TimerEvent: {}
[2.705369] (-) TimerEvent: {}
[2.805707] (-) TimerEvent: {}
[2.907545] (-) TimerEvent: {}
[3.007892] (-) TimerEvent: {}
[3.108243] (-) TimerEvent: {}
[3.208612] (-) TimerEvent: {}
[3.308972] (-) TimerEvent: {}
[3.409345] (-) TimerEvent: {}
[3.509704] (-) TimerEvent: {}
[3.610065] (-) TimerEvent: {}
[3.710399] (-) TimerEvent: {}
[3.804098] (test_package) StderrLine: {'line': b'\x1b[01m\x1b[K/home/yupi/rover_proj/ros2-base-ws/src/test_package/src/Action_client_node.cpp:18:21:\x1b[m\x1b[K \x1b[01;31m\x1b[Kerror: \x1b[m\x1b[K\xe2\x80\x98\x1b[01m\x1b[Kaction_tutorials_interfaces\x1b[m\x1b[K\xe2\x80\x99 does not name a type\n'}
[3.804258] (test_package) StderrLine: {'line': b'   18 |   using Fibonacci = \x1b[01;31m\x1b[Kaction_tutorials_interfaces\x1b[m\x1b[K::action::Fibonacci;\n'}
[3.804327] (test_package) StderrLine: {'line': b'      |                     \x1b[01;31m\x1b[K^~~~~~~~~~~~~~~~~~~~~~~~~~~\x1b[m\x1b[K\n'}
[3.804754] (test_package) StderrLine: {'line': b'\x1b[01m\x1b[K/home/yupi/rover_proj/ros2-base-ws/src/test_package/src/Action_client_node.cpp:19:63:\x1b[m\x1b[K \x1b[01;31m\x1b[Kerror: \x1b[m\x1b[K\xe2\x80\x98\x1b[01m\x1b[KFibonacci\x1b[m\x1b[K\xe2\x80\x99 was not declared in this scope; did you mean \xe2\x80\x98\x1b[01m\x1b[Ktest_package::action::Fibonacci\x1b[m\x1b[K\xe2\x80\x99?\n'}
[3.804910] (test_package) StderrLine: {'line': b'   19 |   using GoalHandleFibonacci = rclcpp_action::ClientGoalHandle<\x1b[01;31m\x1b[KFibonacci\x1b[m\x1b[K>;\n'}
[3.804978] (test_package) StderrLine: {'line': b'      |                                                               \x1b[01;31m\x1b[K^~~~~~~~~\x1b[m\x1b[K\n'}
[3.805038] (test_package) StderrLine: {'line': b'      |                                                               \x1b[32m\x1b[Ktest_package::action::Fibonacci\x1b[m\x1b[K\n'}
[3.805096] (test_package) StderrLine: {'line': b'In file included from \x1b[01m\x1b[K/home/yupi/rover_proj/ros2-base-ws/build/test_package/rosidl_generator_cpp/test_package/action/fibonacci.hpp:7\x1b[m\x1b[K,\n'}
[3.805154] (test_package) StderrLine: {'line': b'                 from \x1b[01m\x1b[K/home/yupi/rover_proj/ros2-base-ws/src/test_package/src/Action_client_node.cpp:7\x1b[m\x1b[K:\n'}
[3.805210] (test_package) StderrLine: {'line': b'\x1b[01m\x1b[K/home/yupi/rover_proj/ros2-base-ws/build/test_package/rosidl_generator_cpp/test_package/action/detail/fibonacci__struct.hpp:1041:26:\x1b[m\x1b[K \x1b[01;36m\x1b[Knote: \x1b[m\x1b[K\xe2\x80\x98\x1b[01m\x1b[Ktest_package::action::Fibonacci\x1b[m\x1b[K\xe2\x80\x99 declared here\n'}
[3.805278] (test_package) StderrLine: {'line': b' 1041 | typedef struct Fibonacci \x1b[01;36m\x1b[KFibonacci\x1b[m\x1b[K;\n'}
[3.805335] (test_package) StderrLine: {'line': b'      |                          \x1b[01;36m\x1b[K^~~~~~~~~\x1b[m\x1b[K\n'}
[3.805390] (test_package) StderrLine: {'line': b'\x1b[01m\x1b[K/home/yupi/rover_proj/ros2-base-ws/src/test_package/src/Action_client_node.cpp:19:72:\x1b[m\x1b[K \x1b[01;31m\x1b[Kerror: \x1b[m\x1b[Ktemplate argument 1 is invalid\n'}
[3.805556] (test_package) StderrLine: {'line': b'   19 |   using GoalHandleFibonacci = rclcpp_action::ClientGoalHandle<Fibonacci\x1b[01;31m\x1b[K>\x1b[m\x1b[K;\n'}
[3.805622] (test_package) StderrLine: {'line': b'      |                                                                        \x1b[01;31m\x1b[K^\x1b[m\x1b[K\n'}
[3.805678] (test_package) StderrLine: {'line': b'\x1b[01m\x1b[K/home/yupi/rover_proj/ros2-base-ws/src/test_package/src/Action_client_node.cpp:60:25:\x1b[m\x1b[K \x1b[01;31m\x1b[Kerror: \x1b[m\x1b[K\xe2\x80\x98\x1b[01m\x1b[KFibonacci\x1b[m\x1b[K\xe2\x80\x99 was not declared in this scope; did you mean \xe2\x80\x98\x1b[01m\x1b[Ktest_package::action::Fibonacci\x1b[m\x1b[K\xe2\x80\x99?\n'}
[3.805737] (test_package) StderrLine: {'line': b'   60 |   rclcpp_action::Client<\x1b[01;31m\x1b[KFibonacci\x1b[m\x1b[K>::SharedPtr client_ptr_;\n'}
[3.805794] (test_package) StderrLine: {'line': b'      |                         \x1b[01;31m\x1b[K^~~~~~~~~\x1b[m\x1b[K\n'}
[3.805872] (test_package) StderrLine: {'line': b'      |                         \x1b[32m\x1b[Ktest_package::action::Fibonacci\x1b[m\x1b[K\n'}
[3.805987] (test_package) StderrLine: {'line': b'In file included from \x1b[01m\x1b[K/home/yupi/rover_proj/ros2-base-ws/build/test_package/rosidl_generator_cpp/test_package/action/fibonacci.hpp:7\x1b[m\x1b[K,\n'}
[3.806047] (test_package) StderrLine: {'line': b'                 from \x1b[01m\x1b[K/home/yupi/rover_proj/ros2-base-ws/src/test_package/src/Action_client_node.cpp:7\x1b[m\x1b[K:\n'}
[3.806103] (test_package) StderrLine: {'line': b'\x1b[01m\x1b[K/home/yupi/rover_proj/ros2-base-ws/build/test_package/rosidl_generator_cpp/test_package/action/detail/fibonacci__struct.hpp:1041:26:\x1b[m\x1b[K \x1b[01;36m\x1b[Knote: \x1b[m\x1b[K\xe2\x80\x98\x1b[01m\x1b[Ktest_package::action::Fibonacci\x1b[m\x1b[K\xe2\x80\x99 declared here\n'}
[3.806162] (test_package) StderrLine: {'line': b' 1041 | typedef struct Fibonacci \x1b[01;36m\x1b[KFibonacci\x1b[m\x1b[K;\n'}
[3.806217] (test_package) StderrLine: {'line': b'      |                          \x1b[01;36m\x1b[K^~~~~~~~~\x1b[m\x1b[K\n'}
[3.806272] (test_package) StderrLine: {'line': b'\x1b[01m\x1b[K/home/yupi/rover_proj/ros2-base-ws/src/test_package/src/Action_client_node.cpp:60:34:\x1b[m\x1b[K \x1b[01;31m\x1b[Kerror: \x1b[m\x1b[Ktemplate argument 1 is invalid\n'}
[3.806328] (test_package) StderrLine: {'line': b'   60 |   rclcpp_action::Client<Fibonacci\x1b[01;31m\x1b[K>\x1b[m\x1b[K::SharedPtr client_ptr_;\n'}
[3.806383] (test_package) StderrLine: {'line': b'      |                                  \x1b[01;31m\x1b[K^\x1b[m\x1b[K\n'}
[3.806438] (test_package) StderrLine: {'line': b'\x1b[01m\x1b[K/home/yupi/rover_proj/ros2-base-ws/src/test_package/src/Action_client_node.cpp:60:37:\x1b[m\x1b[K \x1b[01;31m\x1b[Kerror: \x1b[m\x1b[Kexpected \xe2\x80\x98\x1b[01m\x1b[K;\x1b[m\x1b[K\xe2\x80\x99 at end of member declaration\n'}
[3.806503] (test_package) StderrLine: {'line': b'   60 |   rclcpp_action::Client<Fibonacci>::\x1b[01;31m\x1b[KSharedPtr\x1b[m\x1b[K client_ptr_;\n'}
[3.806559] (test_package) StderrLine: {'line': b'      |                                     \x1b[01;31m\x1b[K^~~~~~~~~\x1b[m\x1b[K\n'}
[3.806614] (test_package) StderrLine: {'line': b'      |                                              \x1b[32m\x1b[K;\x1b[m\x1b[K\n'}
[3.807883] (test_package) StderrLine: {'line': b'\x1b[01m\x1b[K/home/yupi/rover_proj/ros2-base-ws/src/test_package/src/Action_client_node.cpp:60:47:\x1b[m\x1b[K \x1b[01;31m\x1b[Kerror: \x1b[m\x1b[K\xe2\x80\x98\x1b[01m\x1b[Kclient_ptr_\x1b[m\x1b[K\xe2\x80\x99 does not name a type\n'}
[3.808018] (test_package) StderrLine: {'line': b'   60 |   rclcpp_action::Client<Fibonacci>::SharedPtr \x1b[01;31m\x1b[Kclient_ptr_\x1b[m\x1b[K;\n'}
[3.808090] (test_package) StderrLine: {'line': b'      |                                               \x1b[01;31m\x1b[K^~~~~~~~~~~\x1b[m\x1b[K\n'}
[3.810509] (-) TimerEvent: {}
[3.819591] (test_package) StderrLine: {'line': b'\x1b[01m\x1b[K/home/yupi/rover_proj/ros2-base-ws/src/test_package/src/Action_client_node.cpp:63:50:\x1b[m\x1b[K \x1b[01;31m\x1b[Kerror: \x1b[m\x1b[K\xe2\x80\x98\x1b[01m\x1b[KGoalHandleFibonacci\x1b[m\x1b[K\xe2\x80\x99 was not declared in this scope\n'}
[3.819738] (test_package) StderrLine: {'line': b'   63 |   void goal_response_callback(std::shared_future<\x1b[01;31m\x1b[KGoalHandleFibonacci\x1b[m\x1b[K::SharedPtr> future)\n'}
[3.819807] (test_package) StderrLine: {'line': b'      |                                                  \x1b[01;31m\x1b[K^~~~~~~~~~~~~~~~~~~\x1b[m\x1b[K\n'}
[3.819867] (test_package) StderrLine: {'line': b'\x1b[01m\x1b[K/home/yupi/rover_proj/ros2-base-ws/src/test_package/src/Action_client_node.cpp:63:80:\x1b[m\x1b[K \x1b[01;31m\x1b[Kerror: \x1b[m\x1b[Ktemplate argument 1 is invalid\n'}
[3.819926] (test_package) StderrLine: {'line': b'   63 |   void goal_response_callback(std::shared_future<GoalHandleFibonacci::SharedPtr\x1b[01;31m\x1b[K>\x1b[m\x1b[K future)\n'}
[3.819991] (test_package) StderrLine: {'line': b'      |                                                                                \x1b[01;31m\x1b[K^\x1b[m\x1b[K\n'}
[3.831145] (test_package) StderrLine: {'line': b'\x1b[01m\x1b[K/home/yupi/rover_proj/ros2-base-ws/src/test_package/src/Action_client_node.cpp:63:50:\x1b[m\x1b[K \x1b[01;31m\x1b[Kerror: \x1b[m\x1b[K\xe2\x80\x98\x1b[01m\x1b[KGoalHandleFibonacci\x1b[m\x1b[K\xe2\x80\x99 was not declared in this scope\n'}
[3.831291] (test_package) StderrLine: {'line': b'   63 |   void goal_response_callback(std::shared_future<\x1b[01;31m\x1b[KGoalHandleFibonacci\x1b[m\x1b[K::SharedPtr> future)\n'}
[3.831368] (test_package) StderrLine: {'line': b'      |                                                  \x1b[01;31m\x1b[K^~~~~~~~~~~~~~~~~~~\x1b[m\x1b[K\n'}
[3.831428] (test_package) StderrLine: {'line': b'\x1b[01m\x1b[K/home/yupi/rover_proj/ros2-base-ws/src/test_package/src/Action_client_node.cpp:63:80:\x1b[m\x1b[K \x1b[01;31m\x1b[Kerror: \x1b[m\x1b[Ktemplate argument 1 is invalid\n'}
[3.831495] (test_package) StderrLine: {'line': b'   63 |   void goal_response_callback(std::shared_future<GoalHandleFibonacci::SharedPtr\x1b[01;31m\x1b[K>\x1b[m\x1b[K future)\n'}
[3.831555] (test_package) StderrLine: {'line': b'      |                                                                                \x1b[01;31m\x1b[K^\x1b[m\x1b[K\n'}
[3.842883] (test_package) StderrLine: {'line': b'\x1b[01m\x1b[K/home/yupi/rover_proj/ros2-base-ws/src/test_package/src/Action_client_node.cpp:63:50:\x1b[m\x1b[K \x1b[01;31m\x1b[Kerror: \x1b[m\x1b[K\xe2\x80\x98\x1b[01m\x1b[KGoalHandleFibonacci\x1b[m\x1b[K\xe2\x80\x99 was not declared in this scope\n'}
[3.843058] (test_package) StderrLine: {'line': b'   63 |   void goal_response_callback(std::shared_future<\x1b[01;31m\x1b[KGoalHandleFibonacci\x1b[m\x1b[K::SharedPtr> future)\n'}
[3.843125] (test_package) StderrLine: {'line': b'      |                                                  \x1b[01;31m\x1b[K^~~~~~~~~~~~~~~~~~~\x1b[m\x1b[K\n'}
[3.843186] (test_package) StderrLine: {'line': b'\x1b[01m\x1b[K/home/yupi/rover_proj/ros2-base-ws/src/test_package/src/Action_client_node.cpp:63:80:\x1b[m\x1b[K \x1b[01;31m\x1b[Kerror: \x1b[m\x1b[Ktemplate argument 1 is invalid\n'}
[3.843244] (test_package) StderrLine: {'line': b'   63 |   void goal_response_callback(std::shared_future<GoalHandleFibonacci::SharedPtr\x1b[01;31m\x1b[K>\x1b[m\x1b[K future)\n'}
[3.843300] (test_package) StderrLine: {'line': b'      |                                                                                \x1b[01;31m\x1b[K^\x1b[m\x1b[K\n'}
[3.843357] (test_package) StderrLine: {'line': b'\x1b[01m\x1b[K/home/yupi/rover_proj/ros2-base-ws/src/test_package/src/Action_client_node.cpp:63:31:\x1b[m\x1b[K \x1b[01;31m\x1b[Kerror: \x1b[m\x1b[Kinvalid template-id\n'}
[3.843620] (test_package) StderrLine: {'line': b'   63 |   void goal_response_callback(\x1b[01;31m\x1b[Kstd\x1b[m\x1b[K::shared_future<GoalHandleFibonacci::SharedPtr> future)\n'}
[3.843753] (test_package) StderrLine: {'line': b'      |                               \x1b[01;31m\x1b[K^~~\x1b[m\x1b[K\n'}
[3.843813] (test_package) StderrLine: {'line': b'\x1b[01m\x1b[K/home/yupi/rover_proj/ros2-base-ws/src/test_package/src/Action_client_node.cpp:63:50:\x1b[m\x1b[K \x1b[01;31m\x1b[Kerror: \x1b[m\x1b[K\xe2\x80\x98\x1b[01m\x1b[KGoalHandleFibonacci\x1b[m\x1b[K\xe2\x80\x99 has not been declared\n'}
[3.843873] (test_package) StderrLine: {'line': b'   63 |   void goal_response_callback(std::shared_future<\x1b[01;31m\x1b[KGoalHandleFibonacci\x1b[m\x1b[K::SharedPtr> future)\n'}
[3.843930] (test_package) StderrLine: {'line': b'      |                                                  \x1b[01;31m\x1b[K^~~~~~~~~~~~~~~~~~~\x1b[m\x1b[K\n'}
[3.843987] (test_package) StderrLine: {'line': b'\x1b[01m\x1b[K/home/yupi/rover_proj/ros2-base-ws/src/test_package/src/Action_client_node.cpp:63:31:\x1b[m\x1b[K \x1b[01;31m\x1b[Kerror: \x1b[m\x1b[Kclass template placeholder \xe2\x80\x98\x1b[01m\x1b[Kstd::shared_future\x1b[m\x1b[K\xe2\x80\x99 not permitted in this context\n'}
[3.844051] (test_package) StderrLine: {'line': b'   63 |   void goal_response_callback(\x1b[01;31m\x1b[Kstd\x1b[m\x1b[K::shared_future<GoalHandleFibonacci::SharedPtr> future)\n'}
[3.844107] (test_package) StderrLine: {'line': b'      |                               \x1b[01;31m\x1b[K^~~\x1b[m\x1b[K\n'}
[3.844163] (test_package) StderrLine: {'line': b'\x1b[01m\x1b[K/home/yupi/rover_proj/ros2-base-ws/src/test_package/src/Action_client_node.cpp:74:5:\x1b[m\x1b[K \x1b[01;31m\x1b[Kerror: \x1b[m\x1b[K\xe2\x80\x98\x1b[01m\x1b[KGoalHandleFibonacci\x1b[m\x1b[K\xe2\x80\x99 has not been declared\n'}
[3.844225] (test_package) StderrLine: {'line': b'   74 |     \x1b[01;31m\x1b[KGoalHandleFibonacci\x1b[m\x1b[K::SharedPtr,\n'}
[3.844282] (test_package) StderrLine: {'line': b'      |     \x1b[01;31m\x1b[K^~~~~~~~~~~~~~~~~~~\x1b[m\x1b[K\n'}
[3.844337] (test_package) StderrLine: {'line': b'\x1b[01m\x1b[K/home/yupi/rover_proj/ros2-base-ws/src/test_package/src/Action_client_node.cpp:75:42:\x1b[m\x1b[K \x1b[01;31m\x1b[Kerror: \x1b[m\x1b[KISO C++ forbids declaration of \xe2\x80\x98\x1b[01m\x1b[Ktype name\x1b[m\x1b[K\xe2\x80\x99 with no type [\x1b[01;31m\x1b[K\x1b]8;;https://gcc.gnu.org/onlinedocs/gcc/Warning-Options.html#index-fpermissive\x07-fpermissive\x1b]8;;\x07\x1b[m\x1b[K]\n'}
[3.844396] (test_package) StderrLine: {'line': b'   75 |     const std::shared_ptr<const Fibonacci\x1b[01;31m\x1b[K::\x1b[m\x1b[KFeedback> feedback)\n'}
[3.844451] (test_package) StderrLine: {'line': b'      |                                          \x1b[01;31m\x1b[K^~\x1b[m\x1b[K\n'}
[3.844506] (test_package) StderrLine: {'line': b'\x1b[01m\x1b[K/home/yupi/rover_proj/ros2-base-ws/src/test_package/src/Action_client_node.cpp:75:52:\x1b[m\x1b[K \x1b[01;31m\x1b[Kerror: \x1b[m\x1b[Ktemplate argument 1 is invalid\n'}
[3.844563] (test_package) StderrLine: {'line': b'   75 |     const std::shared_ptr<const Fibonacci::Feedback\x1b[01;31m\x1b[K>\x1b[m\x1b[K feedback)\n'}
[3.844619] (test_package) StderrLine: {'line': b'      |                                                    \x1b[01;31m\x1b[K^\x1b[m\x1b[K\n'}
[3.844689] (test_package) StderrLine: {'line': b'\x1b[01m\x1b[K/home/yupi/rover_proj/ros2-base-ws/src/test_package/src/Action_client_node.cpp:75:42:\x1b[m\x1b[K \x1b[01;31m\x1b[Kerror: \x1b[m\x1b[KISO C++ forbids declaration of \xe2\x80\x98\x1b[01m\x1b[Ktype name\x1b[m\x1b[K\xe2\x80\x99 with no type [\x1b[01;31m\x1b[K\x1b]8;;https://gcc.gnu.org/onlinedocs/gcc/Warning-Options.html#index-fpermissive\x07-fpermissive\x1b]8;;\x07\x1b[m\x1b[K]\n'}
[3.844754] (test_package) StderrLine: {'line': b'   75 |     const std::shared_ptr<const Fibonacci\x1b[01;31m\x1b[K::\x1b[m\x1b[KFeedback> feedback)\n'}
[3.844814] (test_package) StderrLine: {'line': b'      |                                          \x1b[01;31m\x1b[K^~\x1b[m\x1b[K\n'}
[3.844870] (test_package) StderrLine: {'line': b'\x1b[01m\x1b[K/home/yupi/rover_proj/ros2-base-ws/src/test_package/src/Action_client_node.cpp:75:52:\x1b[m\x1b[K \x1b[01;31m\x1b[Kerror: \x1b[m\x1b[Ktemplate argument 1 is invalid\n'}
[3.844928] (test_package) StderrLine: {'line': b'   75 |     const std::shared_ptr<const Fibonacci::Feedback\x1b[01;31m\x1b[K>\x1b[m\x1b[K feedback)\n'}
[3.844983] (test_package) StderrLine: {'line': b'      |                                                    \x1b[01;31m\x1b[K^\x1b[m\x1b[K\n'}
[3.845039] (test_package) StderrLine: {'line': b'\x1b[01m\x1b[K/home/yupi/rover_proj/ros2-base-ws/src/test_package/src/Action_client_node.cpp:75:42:\x1b[m\x1b[K \x1b[01;31m\x1b[Kerror: \x1b[m\x1b[KISO C++ forbids declaration of \xe2\x80\x98\x1b[01m\x1b[Ktype name\x1b[m\x1b[K\xe2\x80\x99 with no type [\x1b[01;31m\x1b[K\x1b]8;;https://gcc.gnu.org/onlinedocs/gcc/Warning-Options.html#index-fpermissive\x07-fpermissive\x1b]8;;\x07\x1b[m\x1b[K]\n'}
[3.845097] (test_package) StderrLine: {'line': b'   75 |     const std::shared_ptr<const Fibonacci\x1b[01;31m\x1b[K::\x1b[m\x1b[KFeedback> feedback)\n'}
[3.845153] (test_package) StderrLine: {'line': b'      |                                          \x1b[01;31m\x1b[K^~\x1b[m\x1b[K\n'}
[3.845213] (test_package) StderrLine: {'line': b'\x1b[01m\x1b[K/home/yupi/rover_proj/ros2-base-ws/src/test_package/src/Action_client_node.cpp:75:52:\x1b[m\x1b[K \x1b[01;31m\x1b[Kerror: \x1b[m\x1b[Ktemplate argument 1 is invalid\n'}
[3.845270] (test_package) StderrLine: {'line': b'   75 |     const std::shared_ptr<const Fibonacci::Feedback\x1b[01;31m\x1b[K>\x1b[m\x1b[K feedback)\n'}
[3.845326] (test_package) StderrLine: {'line': b'      |                                                    \x1b[01;31m\x1b[K^\x1b[m\x1b[K\n'}
[3.845380] (test_package) StderrLine: {'line': b'\x1b[01m\x1b[K/home/yupi/rover_proj/ros2-base-ws/src/test_package/src/Action_client_node.cpp:75:11:\x1b[m\x1b[K \x1b[01;31m\x1b[Kerror: \x1b[m\x1b[Kinvalid template-id\n'}
[3.845436] (test_package) StderrLine: {'line': b'   75 |     const \x1b[01;31m\x1b[Kstd\x1b[m\x1b[K::shared_ptr<const Fibonacci::Feedback> feedback)\n'}
[3.845492] (test_package) StderrLine: {'line': b'      |           \x1b[01;31m\x1b[K^~~\x1b[m\x1b[K\n'}
[3.845547] (test_package) StderrLine: {'line': b'\x1b[01m\x1b[K/home/yupi/rover_proj/ros2-base-ws/src/test_package/src/Action_client_node.cpp:75:42:\x1b[m\x1b[K \x1b[01;31m\x1b[Kerror: \x1b[m\x1b[KISO C++ forbids declaration of \xe2\x80\x98\x1b[01m\x1b[Ktype name\x1b[m\x1b[K\xe2\x80\x99 with no type [\x1b[01;31m\x1b[K\x1b]8;;https://gcc.gnu.org/onlinedocs/gcc/Warning-Options.html#index-fpermissive\x07-fpermissive\x1b]8;;\x07\x1b[m\x1b[K]\n'}
[3.845610] (test_package) StderrLine: {'line': b'   75 |     const std::shared_ptr<const Fibonacci\x1b[01;31m\x1b[K::\x1b[m\x1b[KFeedback> feedback)\n'}
[3.845665] (test_package) StderrLine: {'line': b'      |                                          \x1b[01;31m\x1b[K^~\x1b[m\x1b[K\n'}
[3.845720] (test_package) StderrLine: {'line': b'\x1b[01m\x1b[K/home/yupi/rover_proj/ros2-base-ws/src/test_package/src/Action_client_node.cpp:75:27:\x1b[m\x1b[K \x1b[01;31m\x1b[Kerror: \x1b[m\x1b[Kexpected primary-expression before \xe2\x80\x98\x1b[01m\x1b[Kconst\x1b[m\x1b[K\xe2\x80\x99\n'}
[3.845776] (test_package) StderrLine: {'line': b'   75 |     const std::shared_ptr<\x1b[01;31m\x1b[Kconst\x1b[m\x1b[K Fibonacci::Feedback> feedback)\n'}
[3.845831] (test_package) StderrLine: {'line': b'      |                           \x1b[01;31m\x1b[K^~~~~\x1b[m\x1b[K\n'}
[3.845887] (test_package) StderrLine: {'line': b'\x1b[01m\x1b[K/home/yupi/rover_proj/ros2-base-ws/src/test_package/src/Action_client_node.cpp:75:27:\x1b[m\x1b[K \x1b[01;31m\x1b[Kerror: \x1b[m\x1b[Kexpected \xe2\x80\x98\x1b[01m\x1b[K>\x1b[m\x1b[K\xe2\x80\x99 before \xe2\x80\x98\x1b[01m\x1b[Kconst\x1b[m\x1b[K\xe2\x80\x99\n'}
[3.845943] (test_package) StderrLine: {'line': b'\x1b[01m\x1b[K/home/yupi/rover_proj/ros2-base-ws/src/test_package/src/Action_client_node.cpp:75:5:\x1b[m\x1b[K \x1b[01;31m\x1b[Kerror: \x1b[m\x1b[Kclass template placeholder \xe2\x80\x98\x1b[01m\x1b[Kstd::shared_ptr\x1b[m\x1b[K\xe2\x80\x99 not permitted in this context\n'}
[3.845999] (test_package) StderrLine: {'line': b'   75 |     \x1b[01;31m\x1b[Kconst\x1b[m\x1b[K std::shared_ptr<const Fibonacci::Feedback> feedback)\n'}
[3.846058] (test_package) StderrLine: {'line': b'      |     \x1b[01;31m\x1b[K^~~~~\x1b[m\x1b[K\n'}
[3.847666] (test_package) StderrLine: {'line': b'\x1b[01m\x1b[K/home/yupi/rover_proj/ros2-base-ws/src/test_package/src/Action_client_node.cpp:85:30:\x1b[m\x1b[K \x1b[01;31m\x1b[Kerror: \x1b[m\x1b[K\xe2\x80\x98\x1b[01m\x1b[KGoalHandleFibonacci\x1b[m\x1b[K\xe2\x80\x99 does not name a type\n'}
[3.847842] (test_package) StderrLine: {'line': b'   85 |   void result_callback(const \x1b[01;31m\x1b[KGoalHandleFibonacci\x1b[m\x1b[K::WrappedResult & result)\n'}
[3.847913] (test_package) StderrLine: {'line': b'      |                              \x1b[01;31m\x1b[K^~~~~~~~~~~~~~~~~~~\x1b[m\x1b[K\n'}
[3.847974] (test_package) StderrLine: {'line': b'\x1b[01m\x1b[K/home/yupi/rover_proj/ros2-base-ws/src/test_package/src/Action_client_node.cpp:85:65:\x1b[m\x1b[K \x1b[01;31m\x1b[Kerror: \x1b[m\x1b[Kexpected unqualified-id before \xe2\x80\x98\x1b[01m\x1b[K&\x1b[m\x1b[K\xe2\x80\x99 token\n'}
[3.848041] (test_package) StderrLine: {'line': b'   85 |   void result_callback(const GoalHandleFibonacci::WrappedResult \x1b[01;31m\x1b[K&\x1b[m\x1b[K result)\n'}
[3.848098] (test_package) StderrLine: {'line': b'      |                                                                 \x1b[01;31m\x1b[K^\x1b[m\x1b[K\n'}
[3.848155] (test_package) StderrLine: {'line': b'\x1b[01m\x1b[K/home/yupi/rover_proj/ros2-base-ws/src/test_package/src/Action_client_node.cpp:85:64:\x1b[m\x1b[K \x1b[01;31m\x1b[Kerror: \x1b[m\x1b[Kexpected \xe2\x80\x98\x1b[01m\x1b[K)\x1b[m\x1b[K\xe2\x80\x99 before \xe2\x80\x98\x1b[01m\x1b[K&\x1b[m\x1b[K\xe2\x80\x99 token\n'}
[3.848212] (test_package) StderrLine: {'line': b'   85 |   void result_callback\x1b[34m\x1b[K(\x1b[m\x1b[Kconst GoalHandleFibonacci::WrappedResult\x1b[01;31m\x1b[K \x1b[m\x1b[K\x1b[32m\x1b[K&\x1b[m\x1b[K result)\n'}
[3.848272] (test_package) StderrLine: {'line': b'      |                       \x1b[34m\x1b[K~\x1b[m\x1b[K                                        \x1b[01;31m\x1b[K^\x1b[m\x1b[K\x1b[32m\x1b[K~\x1b[m\x1b[K\n'}
[3.848329] (test_package) StderrLine: {'line': b'      |                                                                \x1b[32m\x1b[K)\x1b[m\x1b[K\n'}
[3.848384] (test_package) StderrLine: {'line': b'\x1b[01m\x1b[K/home/yupi/rover_proj/ros2-base-ws/src/test_package/src/Action_client_node.cpp:85:65:\x1b[m\x1b[K \x1b[01;31m\x1b[Kerror: \x1b[m\x1b[Kexpected \xe2\x80\x98\x1b[01m\x1b[K;\x1b[m\x1b[K\xe2\x80\x99 at end of member declaration\n'}
[3.848440] (test_package) StderrLine: {'line': b'   85 |   void result_callback(const GoalHandleFibonacci::WrappedResult \x1b[01;31m\x1b[K&\x1b[m\x1b[K result)\n'}
[3.848496] (test_package) StderrLine: {'line': b'      |                                                                 \x1b[01;31m\x1b[K^\x1b[m\x1b[K\n'}
[3.848553] (test_package) StderrLine: {'line': b'      |                                                                  \x1b[32m\x1b[K;\x1b[m\x1b[K\n'}
[3.849184] (test_package) StderrLine: {'line': b'\x1b[01m\x1b[K/home/yupi/rover_proj/ros2-base-ws/src/test_package/src/Action_client_node.cpp:85:67:\x1b[m\x1b[K \x1b[01;31m\x1b[Kerror: \x1b[m\x1b[K\xe2\x80\x98\x1b[01m\x1b[Kresult\x1b[m\x1b[K\xe2\x80\x99 does not name a type\n'}
[3.849296] (test_package) StderrLine: {'line': b'   85 |   void result_callback(const GoalHandleFibonacci::WrappedResult & \x1b[01;31m\x1b[Kresult\x1b[m\x1b[K)\n'}
[3.849379] (test_package) StderrLine: {'line': b'      |                                                                   \x1b[01;31m\x1b[K^~~~~~\x1b[m\x1b[K\n'}
[3.849802] (test_package) StderrLine: {'line': b'\x1b[01m\x1b[K/home/yupi/rover_proj/ros2-base-ws/src/test_package/src/Action_client_node.cpp:\x1b[m\x1b[K In constructor \xe2\x80\x98\x1b[01m\x1b[Kaction_tutorials_cpp::FibonacciActionClient::FibonacciActionClient(const rclcpp::NodeOptions&)\x1b[m\x1b[K\xe2\x80\x99:\n'}
[3.849902] (test_package) StderrLine: {'line': b'\x1b[01m\x1b[K/home/yupi/rover_proj/ros2-base-ws/src/test_package/src/Action_client_node.cpp:24:11:\x1b[m\x1b[K \x1b[01;31m\x1b[Kerror: \x1b[m\x1b[K\xe2\x80\x98\x1b[01m\x1b[Kclass action_tutorials_cpp::FibonacciActionClient\x1b[m\x1b[K\xe2\x80\x99 has no member named \xe2\x80\x98\x1b[01m\x1b[Kclient_ptr_\x1b[m\x1b[K\xe2\x80\x99\n'}
[3.849971] (test_package) StderrLine: {'line': b'   24 |     this->\x1b[01;31m\x1b[Kclient_ptr_\x1b[m\x1b[K = rclcpp_action::create_client<Fibonacci>(\n'}
[3.850031] (test_package) StderrLine: {'line': b'      |           \x1b[01;31m\x1b[K^~~~~~~~~~~\x1b[m\x1b[K\n'}
[3.850506] (test_package) StderrLine: {'line': b'\x1b[01m\x1b[K/home/yupi/rover_proj/ros2-base-ws/src/test_package/src/Action_client_node.cpp:24:54:\x1b[m\x1b[K \x1b[01;31m\x1b[Kerror: \x1b[m\x1b[K\xe2\x80\x98\x1b[01m\x1b[KFibonacci\x1b[m\x1b[K\xe2\x80\x99 was not declared in this scope; did you mean \xe2\x80\x98\x1b[01m\x1b[Ktest_package::action::Fibonacci\x1b[m\x1b[K\xe2\x80\x99?\n'}
[3.850816] (test_package) StderrLine: {'line': b'   24 |     this->client_ptr_ = rclcpp_action::create_client<\x1b[01;31m\x1b[KFibonacci\x1b[m\x1b[K>(\n'}
[3.850895] (test_package) StderrLine: {'line': b'      |                                                      \x1b[01;31m\x1b[K^~~~~~~~~\x1b[m\x1b[K\n'}
[3.850957] (test_package) StderrLine: {'line': b'      |                                                      \x1b[32m\x1b[Ktest_package::action::Fibonacci\x1b[m\x1b[K\n'}
[3.851015] (test_package) StderrLine: {'line': b'In file included from \x1b[01m\x1b[K/home/yupi/rover_proj/ros2-base-ws/build/test_package/rosidl_generator_cpp/test_package/action/fibonacci.hpp:7\x1b[m\x1b[K,\n'}
[3.851072] (test_package) StderrLine: {'line': b'                 from \x1b[01m\x1b[K/home/yupi/rover_proj/ros2-base-ws/src/test_package/src/Action_client_node.cpp:7\x1b[m\x1b[K:\n'}
[3.851129] (test_package) StderrLine: {'line': b'\x1b[01m\x1b[K/home/yupi/rover_proj/ros2-base-ws/build/test_package/rosidl_generator_cpp/test_package/action/detail/fibonacci__struct.hpp:1041:26:\x1b[m\x1b[K \x1b[01;36m\x1b[Knote: \x1b[m\x1b[K\xe2\x80\x98\x1b[01m\x1b[Ktest_package::action::Fibonacci\x1b[m\x1b[K\xe2\x80\x99 declared here\n'}
[3.851187] (test_package) StderrLine: {'line': b' 1041 | typedef struct Fibonacci \x1b[01;36m\x1b[KFibonacci\x1b[m\x1b[K;\n'}
[3.851243] (test_package) StderrLine: {'line': b'      |                          \x1b[01;36m\x1b[K^~~~~~~~~\x1b[m\x1b[K\n'}
[3.851298] (test_package) StderrLine: {'line': b'\x1b[01m\x1b[K/home/yupi/rover_proj/ros2-base-ws/src/test_package/src/Action_client_node.cpp:24:64:\x1b[m\x1b[K \x1b[01;31m\x1b[Kerror: \x1b[m\x1b[Kno matching function for call to \xe2\x80\x98\x1b[01m\x1b[Kcreate_client<<expression error> >(action_tutorials_cpp::FibonacciActionClient*, const char [10])\x1b[m\x1b[K\xe2\x80\x99\n'}
[3.851361] (test_package) StderrLine: {'line': b'   24 |     this->client_ptr_ = \x1b[01;31m\x1b[Krclcpp_action::create_client<Fibonacci>(\x1b[m\x1b[K\n'}
[3.851432] (test_package) StderrLine: {'line': b'      |                         \x1b[01;31m\x1b[K~~~~~~~~~~~~~~~~~~~~~~~~~~~~~~~~~~~~~~~^\x1b[m\x1b[K\n'}
[3.851510] (test_package) StderrLine: {'line': b'   25 | \x1b[01;31m\x1b[K      this,\x1b[m\x1b[K\n'}
[3.851568] (test_package) StderrLine: {'line': b'      |       \x1b[01;31m\x1b[K~~~~~\x1b[m\x1b[K                                                     \n'}
[3.851623] (test_package) StderrLine: {'line': b'   26 | \x1b[01;31m\x1b[K      "fibonacci")\x1b[m\x1b[K;\n'}
[3.851678] (test_package) StderrLine: {'line': b'      |       \x1b[01;31m\x1b[K~~~~~~~~~~~~\x1b[m\x1b[K                                              \n'}
[3.851733] (test_package) StderrLine: {'line': b'In file included from \x1b[01m\x1b[K/opt/ros/humble/include/rclcpp_action/rclcpp_action/rclcpp_action.hpp:38\x1b[m\x1b[K,\n'}
[3.851789] (test_package) StderrLine: {'line': b'                 from \x1b[01m\x1b[K/home/yupi/rover_proj/ros2-base-ws/src/test_package/src/Action_client_node.cpp:10\x1b[m\x1b[K:\n'}
[3.851850] (test_package) StderrLine: {'line': b'\x1b[01m\x1b[K/opt/ros/humble/include/rclcpp_action/rclcpp_action/create_client.hpp:44:1:\x1b[m\x1b[K \x1b[01;36m\x1b[Knote: \x1b[m\x1b[Kcandidate: \xe2\x80\x98\x1b[01m\x1b[Ktemplate<class ActionT> typename rclcpp_action::Client<ActionT>::SharedPtr rclcpp_action::create_client(rclcpp::node_interfaces::NodeBaseInterface::SharedPtr, rclcpp::node_interfaces::NodeGraphInterface::SharedPtr, rclcpp::node_interfaces::NodeLoggingInterface::SharedPtr, rclcpp::node_interfaces::NodeWaitablesInterface::SharedPtr, const string&, rclcpp::CallbackGroup::SharedPtr, const rcl_action_client_options_t&)\x1b[m\x1b[K\xe2\x80\x99\n'}
[3.851916] (test_package) StderrLine: {'line': b'   44 | \x1b[01;36m\x1b[Kcreate_client\x1b[m\x1b[K(\n'}
[3.851973] (test_package) StderrLine: {'line': b'      | \x1b[01;36m\x1b[K^~~~~~~~~~~~~\x1b[m\x1b[K\n'}
[3.852028] (test_package) StderrLine: {'line': b'\x1b[01m\x1b[K/opt/ros/humble/include/rclcpp_action/rclcpp_action/create_client.hpp:44:1:\x1b[m\x1b[K \x1b[01;36m\x1b[Knote: \x1b[m\x1b[K  template argument deduction/substitution failed:\n'}
[3.852084] (test_package) StderrLine: {'line': b'\x1b[01m\x1b[K/home/yupi/rover_proj/ros2-base-ws/src/test_package/src/Action_client_node.cpp:24:64:\x1b[m\x1b[K \x1b[01;31m\x1b[Kerror: \x1b[m\x1b[Ktemplate argument 1 is invalid\n'}
[3.852144] (test_package) StderrLine: {'line': b'   24 |     this->client_ptr_ = \x1b[01;31m\x1b[Krclcpp_action::create_client<Fibonacci>(\x1b[m\x1b[K\n'}
[3.852200] (test_package) StderrLine: {'line': b'      |                         \x1b[01;31m\x1b[K~~~~~~~~~~~~~~~~~~~~~~~~~~~~~~~~~~~~~~~^\x1b[m\x1b[K\n'}
[3.852256] (test_package) StderrLine: {'line': b'   25 | \x1b[01;31m\x1b[K      this,\x1b[m\x1b[K\n'}
[3.852310] (test_package) StderrLine: {'line': b'      |       \x1b[01;31m\x1b[K~~~~~\x1b[m\x1b[K                                                     \n'}
[3.852365] (test_package) StderrLine: {'line': b'   26 | \x1b[01;31m\x1b[K      "fibonacci")\x1b[m\x1b[K;\n'}
[3.852419] (test_package) StderrLine: {'line': b'      |       \x1b[01;31m\x1b[K~~~~~~~~~~~~\x1b[m\x1b[K                                              \n'}
[3.852473] (test_package) StderrLine: {'line': b'In file included from \x1b[01m\x1b[K/opt/ros/humble/include/rclcpp_action/rclcpp_action/rclcpp_action.hpp:38\x1b[m\x1b[K,\n'}
[3.852528] (test_package) StderrLine: {'line': b'                 from \x1b[01m\x1b[K/home/yupi/rover_proj/ros2-base-ws/src/test_package/src/Action_client_node.cpp:10\x1b[m\x1b[K:\n'}
[3.852583] (test_package) StderrLine: {'line': b'\x1b[01m\x1b[K/opt/ros/humble/include/rclcpp_action/rclcpp_action/create_client.hpp:105:1:\x1b[m\x1b[K \x1b[01;36m\x1b[Knote: \x1b[m\x1b[Kcandidate: \xe2\x80\x98\x1b[01m\x1b[Ktemplate<class ActionT, class NodeT> typename rclcpp_action::Client<ActionT>::SharedPtr rclcpp_action::create_client(NodeT, const string&, rclcpp::CallbackGroup::SharedPtr, const rcl_action_client_options_t&)\x1b[m\x1b[K\xe2\x80\x99\n'}
[3.852642] (test_package) StderrLine: {'line': b'  105 | \x1b[01;36m\x1b[Kcreate_client\x1b[m\x1b[K(\n'}
[3.852697] (test_package) StderrLine: {'line': b'      | \x1b[01;36m\x1b[K^~~~~~~~~~~~~\x1b[m\x1b[K\n'}
[3.852752] (test_package) StderrLine: {'line': b'\x1b[01m\x1b[K/opt/ros/humble/include/rclcpp_action/rclcpp_action/create_client.hpp:105:1:\x1b[m\x1b[K \x1b[01;36m\x1b[Knote: \x1b[m\x1b[K  template argument deduction/substitution failed:\n'}
[3.852814] (test_package) StderrLine: {'line': b'\x1b[01m\x1b[K/home/yupi/rover_proj/ros2-base-ws/src/test_package/src/Action_client_node.cpp:24:64:\x1b[m\x1b[K \x1b[01;31m\x1b[Kerror: \x1b[m\x1b[Ktemplate argument 1 is invalid\n'}
[3.852871] (test_package) StderrLine: {'line': b'   24 |     this->client_ptr_ = \x1b[01;31m\x1b[Krclcpp_action::create_client<Fibonacci>(\x1b[m\x1b[K\n'}
[3.852927] (test_package) StderrLine: {'line': b'      |                         \x1b[01;31m\x1b[K~~~~~~~~~~~~~~~~~~~~~~~~~~~~~~~~~~~~~~~^\x1b[m\x1b[K\n'}
[3.852982] (test_package) StderrLine: {'line': b'   25 | \x1b[01;31m\x1b[K      this,\x1b[m\x1b[K\n'}
[3.853037] (test_package) StderrLine: {'line': b'      |       \x1b[01;31m\x1b[K~~~~~\x1b[m\x1b[K                                                     \n'}
[3.853092] (test_package) StderrLine: {'line': b'   26 | \x1b[01;31m\x1b[K      "fibonacci")\x1b[m\x1b[K;\n'}
[3.853146] (test_package) StderrLine: {'line': b'      |       \x1b[01;31m\x1b[K~~~~~~~~~~~~\x1b[m\x1b[K                                              \n'}
[3.860003] (test_package) StderrLine: {'line': b'\x1b[01m\x1b[K/home/yupi/rover_proj/ros2-base-ws/src/test_package/src/Action_client_node.cpp:\x1b[m\x1b[K In member function \xe2\x80\x98\x1b[01m\x1b[Kvoid action_tutorials_cpp::FibonacciActionClient::send_goal()\x1b[m\x1b[K\xe2\x80\x99:\n'}
[3.860146] (test_package) StderrLine: {'line': b'\x1b[01m\x1b[K/home/yupi/rover_proj/ros2-base-ws/src/test_package/src/Action_client_node.cpp:39:16:\x1b[m\x1b[K \x1b[01;31m\x1b[Kerror: \x1b[m\x1b[K\xe2\x80\x98\x1b[01m\x1b[Kclass action_tutorials_cpp::FibonacciActionClient\x1b[m\x1b[K\xe2\x80\x99 has no member named \xe2\x80\x98\x1b[01m\x1b[Kclient_ptr_\x1b[m\x1b[K\xe2\x80\x99\n'}
[3.860218] (test_package) StderrLine: {'line': b'   39 |     if (!this->\x1b[01;31m\x1b[Kclient_ptr_\x1b[m\x1b[K->wait_for_action_server()) {\n'}
[3.860293] (test_package) StderrLine: {'line': b'      |                \x1b[01;31m\x1b[K^~~~~~~~~~~\x1b[m\x1b[K\n'}
[3.860387] (test_package) StderrLine: {'line': b'\x1b[01m\x1b[K/home/yupi/rover_proj/ros2-base-ws/src/test_package/src/Action_client_node.cpp:44:21:\x1b[m\x1b[K \x1b[01;31m\x1b[Kerror: \x1b[m\x1b[K\xe2\x80\x98\x1b[01m\x1b[KFibonacci\x1b[m\x1b[K\xe2\x80\x99 has not been declared\n'}
[3.860451] (test_package) StderrLine: {'line': b'   44 |     auto goal_msg = \x1b[01;31m\x1b[KFibonacci\x1b[m\x1b[K::Goal();\n'}
[3.860509] (test_package) StderrLine: {'line': b'      |                     \x1b[01;31m\x1b[K^~~~~~~~~\x1b[m\x1b[K\n'}
[3.861411] (test_package) StderrLine: {'line': b'\x1b[01m\x1b[K/home/yupi/rover_proj/ros2-base-ws/src/test_package/src/Action_client_node.cpp:49:52:\x1b[m\x1b[K \x1b[01;31m\x1b[Kerror: \x1b[m\x1b[K\xe2\x80\x98\x1b[01m\x1b[KFibonacci\x1b[m\x1b[K\xe2\x80\x99 was not declared in this scope; did you mean \xe2\x80\x98\x1b[01m\x1b[Ktest_package::action::Fibonacci\x1b[m\x1b[K\xe2\x80\x99?\n'}
[3.861555] (test_package) StderrLine: {'line': b'   49 |     auto send_goal_options = rclcpp_action::Client<\x1b[01;31m\x1b[KFibonacci\x1b[m\x1b[K>::SendGoalOptions();\n'}
[3.861624] (test_package) StderrLine: {'line': b'      |                                                    \x1b[01;31m\x1b[K^~~~~~~~~\x1b[m\x1b[K\n'}
[3.861684] (test_package) StderrLine: {'line': b'      |                                                    \x1b[32m\x1b[Ktest_package::action::Fibonacci\x1b[m\x1b[K\n'}
[3.861741] (test_package) StderrLine: {'line': b'In file included from \x1b[01m\x1b[K/home/yupi/rover_proj/ros2-base-ws/build/test_package/rosidl_generator_cpp/test_package/action/fibonacci.hpp:7\x1b[m\x1b[K,\n'}
[3.861798] (test_package) StderrLine: {'line': b'                 from \x1b[01m\x1b[K/home/yupi/rover_proj/ros2-base-ws/src/test_package/src/Action_client_node.cpp:7\x1b[m\x1b[K:\n'}
[3.861855] (test_package) StderrLine: {'line': b'\x1b[01m\x1b[K/home/yupi/rover_proj/ros2-base-ws/build/test_package/rosidl_generator_cpp/test_package/action/detail/fibonacci__struct.hpp:1041:26:\x1b[m\x1b[K \x1b[01;36m\x1b[Knote: \x1b[m\x1b[K\xe2\x80\x98\x1b[01m\x1b[Ktest_package::action::Fibonacci\x1b[m\x1b[K\xe2\x80\x99 declared here\n'}
[3.861913] (test_package) StderrLine: {'line': b' 1041 | typedef struct Fibonacci \x1b[01;36m\x1b[KFibonacci\x1b[m\x1b[K;\n'}
[3.861969] (test_package) StderrLine: {'line': b'      |                          \x1b[01;36m\x1b[K^~~~~~~~~\x1b[m\x1b[K\n'}
[3.862024] (test_package) StderrLine: {'line': b'\x1b[01m\x1b[K/home/yupi/rover_proj/ros2-base-ws/src/test_package/src/Action_client_node.cpp:49:61:\x1b[m\x1b[K \x1b[01;31m\x1b[Kerror: \x1b[m\x1b[Ktemplate argument 1 is invalid\n'}
[3.862081] (test_package) StderrLine: {'line': b'   49 |     auto send_goal_options = rclcpp_action::Client<Fibonacci\x1b[01;31m\x1b[K>\x1b[m\x1b[K::SendGoalOptions();\n'}
[3.862136] (test_package) StderrLine: {'line': b'      |                                                             \x1b[01;31m\x1b[K^\x1b[m\x1b[K\n'}
[3.870682] (test_package) StderrLine: {'line': b'\x1b[01m\x1b[K/home/yupi/rover_proj/ros2-base-ws/src/test_package/src/Action_client_node.cpp:56:11:\x1b[m\x1b[K \x1b[01;31m\x1b[Kerror: \x1b[m\x1b[K\xe2\x80\x98\x1b[01m\x1b[Kclass action_tutorials_cpp::FibonacciActionClient\x1b[m\x1b[K\xe2\x80\x99 has no member named \xe2\x80\x98\x1b[01m\x1b[Kclient_ptr_\x1b[m\x1b[K\xe2\x80\x99\n'}
[3.870831] (test_package) StderrLine: {'line': b'   56 |     this->\x1b[01;31m\x1b[Kclient_ptr_\x1b[m\x1b[K->async_send_goal(goal_msg, send_goal_options);\n'}
[3.870900] (test_package) StderrLine: {'line': b'      |           \x1b[01;31m\x1b[K^~~~~~~~~~~\x1b[m\x1b[K\n'}
[3.871859] (test_package) StderrLine: {'line': b'\x1b[01m\x1b[K/home/yupi/rover_proj/ros2-base-ws/src/test_package/src/Action_client_node.cpp:\x1b[m\x1b[K In member function \xe2\x80\x98\x1b[01m\x1b[Kvoid action_tutorials_cpp::FibonacciActionClient::goal_response_callback(...)\x1b[m\x1b[K\xe2\x80\x99:\n'}
[3.871984] (test_package) StderrLine: {'line': b'\x1b[01m\x1b[K/home/yupi/rover_proj/ros2-base-ws/src/test_package/src/Action_client_node.cpp:65:24:\x1b[m\x1b[K \x1b[01;31m\x1b[Kerror: \x1b[m\x1b[K\xe2\x80\x98\x1b[01m\x1b[Kfuture\x1b[m\x1b[K\xe2\x80\x99 was not declared in this scope; did you mean \xe2\x80\x98\x1b[01m\x1b[Kstd::future\x1b[m\x1b[K\xe2\x80\x99?\n'}
[3.872053] (test_package) StderrLine: {'line': b'   65 |     auto goal_handle = \x1b[01;31m\x1b[Kfuture\x1b[m\x1b[K.get();\n'}
[3.872112] (test_package) StderrLine: {'line': b'      |                        \x1b[01;31m\x1b[K^~~~~~\x1b[m\x1b[K\n'}
[3.872169] (test_package) StderrLine: {'line': b'      |                        \x1b[32m\x1b[Kstd::future\x1b[m\x1b[K\n'}
[3.872225] (test_package) StderrLine: {'line': b'In file included from \x1b[01m\x1b[K/home/yupi/rover_proj/ros2-base-ws/src/test_package/src/Action_client_node.cpp:2\x1b[m\x1b[K:\n'}
[3.872287] (test_package) StderrLine: {'line': b'\x1b[01m\x1b[K/usr/include/c++/11/future:124:11:\x1b[m\x1b[K \x1b[01;36m\x1b[Knote: \x1b[m\x1b[K\xe2\x80\x98\x1b[01m\x1b[Kstd::future\x1b[m\x1b[K\xe2\x80\x99 declared here\n'}
[3.872343] (test_package) StderrLine: {'line': b'  124 |     class \x1b[01;36m\x1b[Kfuture\x1b[m\x1b[K;\n'}
[3.872400] (test_package) StderrLine: {'line': b'      |           \x1b[01;36m\x1b[K^~~~~~\x1b[m\x1b[K\n'}
[3.878365] (test_package) StderrLine: {'line': b'\x1b[01m\x1b[K/home/yupi/rover_proj/ros2-base-ws/src/test_package/src/Action_client_node.cpp:\x1b[m\x1b[K In member function \xe2\x80\x98\x1b[01m\x1b[Kvoid action_tutorials_cpp::FibonacciActionClient::feedback_callback(...)\x1b[m\x1b[K\xe2\x80\x99:\n'}
[3.878508] (test_package) StderrLine: {'line': b'\x1b[01m\x1b[K/home/yupi/rover_proj/ros2-base-ws/src/test_package/src/Action_client_node.cpp:79:24:\x1b[m\x1b[K \x1b[01;31m\x1b[Kerror: \x1b[m\x1b[K\xe2\x80\x98\x1b[01m\x1b[Kfeedback\x1b[m\x1b[K\xe2\x80\x99 was not declared in this scope\n'}
[3.878579] (test_package) StderrLine: {'line': b'   79 |     for (auto number : \x1b[01;31m\x1b[Kfeedback\x1b[m\x1b[K->partial_sequence) {\n'}
[3.878640] (test_package) StderrLine: {'line': b'      |                        \x1b[01;31m\x1b[K^~~~~~~~\x1b[m\x1b[K\n'}
[3.878761] (test_package) StderrLine: {'line': b'\x1b[01m\x1b[K/home/yupi/rover_proj/ros2-base-ws/src/test_package/src/Action_client_node.cpp:74:26:\x1b[m\x1b[K \x1b[01;35m\x1b[Kwarning: \x1b[m\x1b[Kunused parameter \xe2\x80\x98\x1b[01m\x1b[KSharedPtr\x1b[m\x1b[K\xe2\x80\x99 [\x1b[01;35m\x1b[K\x1b]8;;https://gcc.gnu.org/onlinedocs/gcc/Warning-Options.html#index-Wunused-parameter\x07-Wunused-parameter\x1b]8;;\x07\x1b[m\x1b[K]\n'}
[3.878835] (test_package) StderrLine: {'line': b'   74 |     \x1b[01;35m\x1b[KGoalHandleFibonacci::SharedPtr\x1b[m\x1b[K,\n'}
[3.878902] (test_package) StderrLine: {'line': b'      |     \x1b[01;35m\x1b[K~~~~~~~~~~~~~~~~~~~~~^~~~~~~~~\x1b[m\x1b[K\n'}
[3.910623] (-) TimerEvent: {}
[4.010986] (-) TimerEvent: {}
[4.111336] (-) TimerEvent: {}
[4.211667] (-) TimerEvent: {}
[4.297909] (test_package) StdoutLine: {'line': b'[ 94%] \x1b[32m\x1b[1mLinking CXX executable fibonacci_action_client\x1b[0m\n'}
[4.311757] (-) TimerEvent: {}
[4.411997] (-) TimerEvent: {}
[4.423162] (test_package) StderrLine: {'line': b'gmake[2]: *** [CMakeFiles/action_client.dir/build.make:76: CMakeFiles/action_client.dir/src/Action_client_node.cpp.o] Error 1\n'}
[4.423403] (test_package) StderrLine: {'line': b'gmake[1]: *** [CMakeFiles/Makefile2:599: CMakeFiles/action_client.dir/all] Error 2\n'}
[4.423493] (test_package) StderrLine: {'line': b'gmake[1]: *** Waiting for unfinished jobs....\n'}
[4.437618] (test_package) StdoutLine: {'line': b'[ 94%] Built target fibonacci_action_client\n'}
[4.512110] (-) TimerEvent: {}
[4.612349] (-) TimerEvent: {}
[4.712584] (-) TimerEvent: {}
[4.726867] (test_package) StdoutLine: {'line': b'[ 97%] \x1b[32m\x1b[1mLinking CXX executable Tclient_node\x1b[0m\n'}
[4.812708] (-) TimerEvent: {}
[4.879366] (test_package) StdoutLine: {'line': b'[ 97%] Built target Tclient_node\n'}
[4.880533] (test_package) StderrLine: {'line': b'gmake: *** [Makefile:146: all] Error 2\n'}
[4.882565] (test_package) CommandEnded: {'returncode': 2}
[4.912795] (-) TimerEvent: {}
[4.960429] (test_package) JobEnded: {'identifier': 'test_package', 'rc': 2}
[4.970800] (-) EventReactorShutdown: {}
