[0.143s] Invoking command in '/home/curry/wilson_proj/ros2-rover-ws/build/package_rover_control': CMAKE_PREFIX_PATH=${CMAKE_PREFIX_PATH}:/opt/ros/humble /usr/bin/cmake --build /home/curry/wilson_proj/ros2-rover-ws/build/package_rover_control -- -j4 -l4
[0.382s] [35m[1mConsolidate compiler generated dependencies of target node_rovercontrol[0m
[0.523s] [ 33%] Built target node_motor_control
[0.540s] [ 83%] Built target motorcontrol
[0.544s] [ 83%] [32mBuilding CXX object CMakeFiles/node_rovercontrol.dir/src/node_rover_control.cpp.o[0m
[10.450s] [01m[K/home/curry/wilson_proj/ros2-rover-ws/src/package_rover_control/src/node_rover_control.cpp:[m[K In constructor â€˜[01m[KNode_Rovercontrol::Node_Rovercontrol()[m[Kâ€™:
[10.451s] [01m[K/home/curry/wilson_proj/ros2-rover-ws/src/package_rover_control/src/node_rover_control.cpp:33:83:[m[K [01;31m[Kerror: [m[Kâ€˜[01m[Kstd::placeholder[m[Kâ€™ has not been declared
[10.451s]    33 |             std::bind(&Node_Rovercontrol::topic_rovercontrol_callback, this, std::[01;31m[Kplaceholder[m[K::_1)
[10.451s]       |                                                                                   [01;31m[K^~~~~~~~~~~[m[K
[21.948s] gmake[2]: *** [CMakeFiles/node_rovercontrol.dir/build.make:76: CMakeFiles/node_rovercontrol.dir/src/node_rover_control.cpp.o] Error 1
[21.949s] gmake[1]: *** [CMakeFiles/Makefile2:193: CMakeFiles/node_rovercontrol.dir/all] Error 2
[21.950s] gmake: *** [Makefile:146: all] Error 2
[21.956s] Invoked command in '/home/curry/wilson_proj/ros2-rover-ws/build/package_rover_control' returned '2': CMAKE_PREFIX_PATH=${CMAKE_PREFIX_PATH}:/opt/ros/humble /usr/bin/cmake --build /home/curry/wilson_proj/ros2-rover-ws/build/package_rover_control -- -j4 -l4
